arranca 
Jugando Partidos contra vecino 0
Resultado 5
49822.8
Jugando Partidos contra vecino 1
Resultado 6
38963.7
Jugando Partidos contra vecino 2
Resultado 5
56385.9
Jugando Partidos contra vecino 3
Resultado 9
53829.4
Jugando Partidos contra vecino 4
Resultado 5
37438
Jugando Partidos contra vecino 5
Resultado 5
44263.1
Jugando Partidos contra vecino 6
Resultado 5
41156.6
Jugando Partidos contra vecino 7
Resultado 5
42922.6
Jugando Partidos contra vecino 8
Resultado 5
33274.3
Jugando Partidos contra vecino 9
Resultado 5
28843.2
Jugando Partidos contra vecino 10
Resultado 4
37622.7
Jugando Partidos contra vecino 11
Resultado 5
42684.3
Jugando Partidos contra vecino 12
Resultado 4
43097.5
Jugando Partidos contra vecino 13
Resultado 5
34942.1
Jugando Partidos contra vecino 14
Resultado 15
58174
Yo soy: 
97 31 50 37 76 64 84 43 17 83 24 53 36 45 100 El mejor fue: 14
97 31 50 37 76 64 84 43 17 83 24 73 36 45 100 Generación 19
arranca 
Jugando Partidos contra vecino 0
Resultado 8
35243
Jugando Partidos contra vecino 1
Resultado 8
38881.2
Jugando Partidos contra vecino 2
Resultado 2
21200.9
Jugando Partidos contra vecino 3
Resultado 12
48529.1
Yo soy: 
97 31 50 37 76 64 84 43 17 83 24 73 36 45 100 El mejor fue: 3
57 31 50 37 76 64 84 43 17 83 24 73 36 45 100 Generación 18
arranca 
Jugando Partidos contra vecino 0
Resultado 11
38921.6
Yo soy: 
57 31 50 37 76 64 84 43 17 83 24 73 36 45 100 El mejor fue: 0
57 31 50 37 76 64 84 43 17 83 4 73 36 45 100 Generación 17
arranca 
Jugando Partidos contra vecino 0
Resultado 6
28799.8
Jugando Partidos contra vecino 1
Resultado 1
24205.6
Jugando Partidos contra vecino 2
Resultado 5
27663
Jugando Partidos contra vecino 3
Resultado 4
28289.9
Jugando Partidos contra vecino 4
Resultado 4
26485.1
Jugando Partidos contra vecino 5
Resultado 6
31989.9
Jugando Partidos contra vecino 6
Resultado 1
26308.6
Jugando Partidos contra vecino 7
Resultado 3
24334.1
Jugando Partidos contra vecino 8
Resultado 3
28461.7
Jugando Partidos contra vecino 9
Resultado 6
27643.2
Jugando Partidos contra vecino 10
Resultado 5
23863
Jugando Partidos contra vecino 11
Resultado 2
24316.7
Jugando Partidos contra vecino 12
Resultado 9
33833.5
Jugando Partidos contra vecino 13
Resultado 4
31041.3
Jugando Partidos contra vecino 14
Resultado 7
33078.5
Jugando Partidos contra vecino 15
Resultado 7
30355.2
Jugando Partidos contra vecino 16
Resultado 6
30392.2
Jugando Partidos contra vecino 17
Resultado 4
29026.3
Jugando Partidos contra vecino 18
Resultado 7
36475.2
Jugando Partidos contra vecino 19
Resultado 5
31252.9
Jugando Partidos contra vecino 20
Resultado 9
36856.4
Jugando Partidos contra vecino 21
Resultado 7
31538.9
Jugando Partidos contra vecino 22
Resultado 2
26786.4
Jugando Partidos contra vecino 23
Resultado 9
46016
Jugando Partidos contra vecino 24
Resultado 8
35906.9
Jugando Partidos contra vecino 25
Resultado 5
32035.9
Jugando Partidos contra vecino 26
Resultado 2
22827.8
Jugando Partidos contra vecino 27
Resultado 4
32913.6
Jugando Partidos contra vecino 28
Resultado 5
29782
Jugando Partidos contra vecino 29
