arranca 
Jugando Partidos contra vecino 0
Resultado 5
49219.4
Jugando Partidos contra vecino 1
Resultado 5
52737
Jugando Partidos contra vecino 2
Resultado 7
70423.3
Jugando Partidos contra vecino 3
Resultado 7
69007.1
Jugando Partidos contra vecino 4
Resultado 7
68683.4
Jugando Partidos contra vecino 5
Resultado 9
63467.8
Jugando Partidos contra vecino 6
Resultado 9
60183.1
Jugando Partidos contra vecino 7
Resultado 5
51031
Jugando Partidos contra vecino 8
Resultado 7
64473.1
Jugando Partidos contra vecino 9
Resultado 5
63911.8
Jugando Partidos contra vecino 10
Resultado 7
64817.1
Jugando Partidos contra vecino 11
Resultado 9
66436.3
Jugando Partidos contra vecino 12
Resultado 5
54503.9
Jugando Partidos contra vecino 13
Resultado 7
51741
Jugando Partidos contra vecino 14
Resultado 7
50422.3
Jugando Partidos contra vecino 15
Resultado 7
50859.4
Jugando Partidos contra vecino 16
Resultado 7
53524.2
Jugando Partidos contra vecino 17
Resultado 9
55112.5
Jugando Partidos contra vecino 18
Resultado 7
51507.4
Jugando Partidos contra vecino 19
Resultado 5
49957.9
Jugando Partidos contra vecino 20
Resultado 5
50300.8
Jugando Partidos contra vecino 21
Resultado 9
57981.9
Jugando Partidos contra vecino 22
Resultado 11
59246
Yo soy: 
14 6 84 2 70 2 75 91 67 22 28 96 6 45 100 El mejor fue: 22
19 6 84 2 70 2 75 91 67 22 28 96 6 45 100 Generación 59
arranca 
Jugando Partidos contra vecino 0
Resultado 7
54229.6
Jugando Partidos contra vecino 1
Resultado 11
56386
Yo soy: 
19 6 84 2 70 2 75 91 67 22 28 96 6 45 100 El mejor fue: 1
19 6 84 -3 70 2 75 91 67 22 28 96 6 45 100 Generación 58
arranca 
Jugando Partidos contra vecino 0
Resultado 7
55181.6
Jugando Partidos contra vecino 1
Resultado 5
48518.4
Jugando Partidos contra vecino 2
Resultado 5
47773.4
Jugando Partidos contra vecino 3
Resultado 5
48109.1
Jugando Partidos contra vecino 4
Resultado 7
50316
Jugando Partidos contra vecino 5
Resultado 5
45648.3
Jugando Partidos contra vecino 6
Resultado 5
50023.8
Jugando Partidos contra vecino 7
Resultado 5
50834.6
Jugando Partidos contra vecino 8
Resultado 7
49385.2
Jugando Partidos contra vecino 9
Resultado 5
48816.5
Jugando Partidos contra vecino 10
Resultado 5
49173.1
Jugando Partidos contra vecino 11
Resultado 5
47203.7
Jugando Partidos contra vecino 12
Resultado 5
49495.7
Jugando Partidos contra vecino 13
Resultado 9
54155.4
Jugando Partidos contra vecino 14
Resultado 9
56236.1
Jugando Partidos contra vecino 15
Resultado 7
54620.8
Jugando Partidos contra vecino 16
Resultado 5
47771.7
Jugando Partidos contra vecino 17
Resultado 7
52136.4
Jugando Partidos contra vecino 18
Resultado 5
51519.2
Jugando Partidos contra vecino 19
Resultado 5
47191.4
Jugando Partidos contra vecino 20
Resultado 7
51289
Jugando Partidos contra vecino 21
Resultado 5
49210.8
Jugando Partidos contra vecino 22
Resultado 5
50307.3
Jugando Partidos contra vecino 23
Resultado 9
53402.6
Jugando Partidos contra vecino 24
Resultado 7
55459.6
Jugando Partidos contra vecino 25
Resultado 9
50626
Jugando Partidos contra vecino 26
Resultado 5
50441
Jugando Partidos contra vecino 27
Resultado 9
59396.2
Jugando Partidos contra vecino 28
Resultado 7
53465.2
Jugando Partidos contra vecino 29
Resultado 5
48861.6
2.96674e+06
