arranca 
Jugando Partidos contra vecino 0
Resultado 4
31239.2
Jugando Partidos contra vecino 1
Resultado 5
50789.1
Jugando Partidos contra vecino 2
Resultado 5
62457.2
Jugando Partidos contra vecino 3
Resultado 5
55743.8
Jugando Partidos contra vecino 4
Resultado 5
51135.8
Jugando Partidos contra vecino 5
Resultado 7
57087.7
Jugando Partidos contra vecino 6
Resultado 9
46439.1
Jugando Partidos contra vecino 7
Resultado 5
58620.9
Jugando Partidos contra vecino 8
Resultado 5
48383.1
Jugando Partidos contra vecino 9
Resultado 5
47836.7
Jugando Partidos contra vecino 10
Resultado 7
37440.3
Jugando Partidos contra vecino 11
Resultado 5
56444.6
Jugando Partidos contra vecino 12
Resultado 5
51823.2
Jugando Partidos contra vecino 13
Resultado 4
35851.4
Jugando Partidos contra vecino 14
Resultado 7
36039.7
Jugando Partidos contra vecino 15
Resultado 5
58742.9
Jugando Partidos contra vecino 16
Resultado 5
42833.4
Jugando Partidos contra vecino 17
Resultado 5
53830.9
Jugando Partidos contra vecino 18
Resultado 4
41659.7
Jugando Partidos contra vecino 19
Resultado 9
58402.8
Jugando Partidos contra vecino 20
Resultado 7
56015.5
Jugando Partidos contra vecino 21
Resultado 7
62561
Jugando Partidos contra vecino 22
Resultado 5
56743.3
Jugando Partidos contra vecino 23
Resultado 5
58918.9
Jugando Partidos contra vecino 24
Resultado 7
47213.6
Jugando Partidos contra vecino 25
Resultado 7
67494.2
Jugando Partidos contra vecino 26
Resultado 5
43504.7
Jugando Partidos contra vecino 27
Resultado 5
53572
Jugando Partidos contra vecino 28
Resultado 5
52062.9
Jugando Partidos contra vecino 29
Resultado 5
53499.2
1.53439e+06
arranca 
Jugando Partidos contra vecino 0
Resultado 10
30296.2
Yo soy: 
36 1 23 40 51 73 66 55 5 27 45 8 99 42 22 El mejor fue: 0
36 1 23 40 51 73 66 50 5 27 45 8 99 42 22 Generación 99
arranca 
Jugando Partidos contra vecino 0
Resultado 13
41817.2
Yo soy: 
36 1 23 40 51 73 66 50 5 27 45 8 99 42 22 El mejor fue: 0
36 1 23 40 51 73 66 50 5 27 45 13 99 42 22 Generación 98
arranca 
Jugando Partidos contra vecino 0
Resultado 13
36161.8
Yo soy: 
36 1 23 40 51 73 66 50 5 27 45 13 99 42 22 El mejor fue: 0
36 1 23 40 51 73 66 55 5 27 45 13 99 42 22 Generación 97
arranca 
Jugando Partidos contra vecino 0
Resultado 13
39929.4
Yo soy: 
36 1 23 40 51 73 66 55 5 27 45 13 99 42 22 El mejor fue: 0
36 1 23 40 51 73 66 55 5 27 45 8 99 42 22 Generación 96
arranca 
Jugando Partidos contra vecino 0
Resultado 15
42153.5
Yo soy: 
36 1 23 40 51 73 66 55 5 27 45 8 99 42 22 El mejor fue: 0
36 1 23 40 51 73 66 50 5 27 45 8 99 42 22 Generación 95
arranca 
Jugando Partidos contra vecino 0
Resultado 13
31164.2
Yo soy: 
36 1 23 40 51 73 66 50 5 27 45 8 99 42 22 El mejor fue: 0
36 1 23 40 51 73 71 50 5 27 45 8 99 42 22 Generación 94
arranca 
Jugando Partidos contra vecino 0
Resultado 13
42734.8
Yo soy: 
36 1 23 40 51 73 71 50 5 27 45 8 99 42 22 El mejor fue: 0
36 -4 23 40 51 73 71 50 5 27 45 8 99 42 22 Generación 93
arranca 
Jugando Partidos contra vecino 0
Resultado 15
58615.3
Yo soy: 
36 -4 23 40 51 73 71 50 5 27 45 8 99 42 22 El mejor fue: 0
36 -4 23 40 51 73 71 50 5 27 50 8 99 42 22 Generación 92
arranca 
Jugando Partidos contra vecino 0
Resultado 13
43735.3
Yo soy: 
36 -4 23 40 51 73 71 50 5 27 50 8 99 42 22 El mejor fue: 0
36 -4 28 40 51 73 71 50 5 27 50 8 99 42 22 Generación 91
arranca 
Jugando Partidos contra vecino 0
Resultado 13
54761.7
Yo soy: 
36 -4 28 40 51 73 71 50 5 27 50 8 99 42 22 El mejor fue: 0
31 -4 28 40 51 73 71 50 5 27 50 8 99 42 22 Generación 90
arranca 
Jugando Partidos contra vecino 0
Resultado 15
53832.6
Yo soy: 
31 -4 28 40 51 73 71 50 5 27 50 8 99 42 22 El mejor fue: 0
31 -4 28 35 51 73 71 50 5 27 50 8 99 42 22 Generación 89
arranca 
Jugando Partidos contra vecino 0
Resultado 11
45058.8
Yo soy: 
31 -4 28 35 51 73 71 50 5 27 50 8 99 42 22 El mejor fue: 0
31 -4 28 40 51 73 71 50 5 27 50 8 99 42 22 Generación 88
arranca 
Jugando Partidos contra vecino 0
Resultado 13
43511.1
Yo soy: 
31 -4 28 40 51 73 71 50 5 27 50 8 99 42 22 El mejor fue: 0
31 -4 28 40 51 73 71 50 5 27 55 8 99 42 22 Generación 87
arranca 
Jugando Partidos contra vecino 0
Resultado 11
40224
Yo soy: 
31 -4 28 40 51 73 71 50 5 27 55 8 99 42 22 El mejor fue: 0
31 -4 28 40 51 73 71 50 5 22 55 8 99 42 22 Generación 86
arranca 
Jugando Partidos contra vecino 0
Resultado 13
57651.7
Yo soy: 
31 -4 28 40 51 73 71 50 5 22 55 8 99 42 22 El mejor fue: 0
31 -4 28 40 51 73 71 45 5 22 55 8 99 42 22 Generación 85
arranca 
Jugando Partidos contra vecino 0
Resultado 15
43958.4
Yo soy: 
31 -4 28 40 51 73 71 45 5 22 55 8 99 42 22 El mejor fue: 0
31 -4 28 40 56 73 71 45 5 22 55 8 99 42 22 Generación 84
arranca 
Jugando Partidos contra vecino 0
Resultado 15
51658
Yo soy: 
31 -4 28 40 56 73 71 45 5 22 55 8 99 42 22 El mejor fue: 0
31 -4 28 45 56 73 71 45 5 22 55 8 99 42 22 Generación 83
arranca 
Jugando Partidos contra vecino 0
Resultado 2
21043.4
Jugando Partidos contra vecino 1
Resultado 11
40683.9
Yo soy: 
31 -4 28 45 56 73 71 45 5 22 55 8 99 42 22 El mejor fue: 1
31 -4 28 45 56 73 71 45 5 22 55 3 99 42 22 Generación 82
arranca 
Jugando Partidos contra vecino 0
Resultado 15
47955.2
Yo soy: 
31 -4 28 45 56 73 71 45 5 22 55 3 99 42 22 El mejor fue: 0
31 -4 28 45 56 73 71 45 0 22 55 3 99 42 22 Generación 81
arranca 
Jugando Partidos contra vecino 0
Resultado 11
39495.2
Yo soy: 
31 -4 28 45 56 73 71 45 0 22 55 3 99 42 22 El mejor fue: 0
31 -4 28 40 56 73 71 45 0 22 55 3 99 42 22 Generación 80
arranca 
Jugando Partidos contra vecino 0
Resultado 13
49935.1
Yo soy: 
31 -4 28 40 56 73 71 45 0 22 55 3 99 42 22 El mejor fue: 0
31 -4 28 40 56 73 76 45 0 22 55 3 99 42 22 Generación 79
arranca 
Jugando Partidos contra vecino 0
Resultado 10
37481.3
Yo soy: 
31 -4 28 40 56 73 76 45 0 22 55 3 99 42 22 El mejor fue: 0
31 -4 28 40 56 73 76 45 0 27 55 3 99 42 22 Generación 78
arranca 
Jugando Partidos contra vecino 0
Resultado 12
47602.9
Yo soy: 
31 -4 28 40 56 73 76 45 0 27 55 3 99 42 22 El mejor fue: 0
31 -4 28 40 56 73 81 45 0 27 55 3 99 42 22 Generación 77
arranca 
Jugando Partidos contra vecino 0
Resultado 15
43054.7
Yo soy: 
31 -4 28 40 56 73 81 45 0 27 55 3 99 42 22 El mejor fue: 0
31 -4 28 40 56 73 81 50 0 27 55 3 99 42 22 Generación 76
arranca 
Jugando Partidos contra vecino 0
Resultado 13
40300.8
Yo soy: 
31 -4 28 40 56 73 81 50 0 27 55 3 99 42 22 El mejor fue: 0
31 -4 28 40 56 73 81 50 0 22 55 3 99 42 22 Generación 75
arranca 
Jugando Partidos contra vecino 0
Resultado 3
22323.8
Jugando Partidos contra vecino 1
Resultado 6
31604
Jugando Partidos contra vecino 2
Resultado 11
25053.5
Yo soy: 
31 -4 28 40 56 73 81 50 0 22 55 3 99 42 22 El mejor fue: 2
31 -4 28 40 56 73 81 50 0 22 55 -2 99 42 22 Generación 74
arranca 
Jugando Partidos contra vecino 0
Resultado 13
29344.3
Yo soy: 
31 -4 28 40 56 73 81 50 0 22 55 -2 99 42 22 El mejor fue: 0
31 -4 28 40 51 73 81 50 0 22 55 -2 99 42 22 Generación 73
arranca 
Jugando Partidos contra vecino 0
Resultado 15
30963.5
Yo soy: 
31 -4 28 40 51 73 81 50 0 22 55 -2 99 42 22 El mejor fue: 0
31 -4 28 40 51 78 81 50 0 22 55 -2 99 42 22 Generación 72
arranca 
Jugando Partidos contra vecino 0
Resultado 8
29166.2
Jugando Partidos contra vecino 1
Resultado 11
24423.5
Yo soy: 
31 -4 28 40 51 78 81 50 0 22 55 -2 99 42 22 El mejor fue: 1
31 -4 28 40 51 78 81 50 5 22 55 -2 99 42 22 Generación 71
arranca 
Jugando Partidos contra vecino 0
Resultado 11
25477.5
Yo soy: 
31 -4 28 40 51 78 81 50 5 22 55 -2 99 42 22 El mejor fue: 0
31 -9 28 40 51 78 81 50 5 22 55 -2 99 42 22 Generación 70
arranca 
Jugando Partidos contra vecino 0
Resultado 11
26056.1
Yo soy: 
31 -9 28 40 51 78 81 50 5 22 55 -2 99 42 22 El mejor fue: 0
31 -9 28 40 51 73 81 50 5 22 55 -2 99 42 22 Generación 69
arranca 
Jugando Partidos contra vecino 0
Resultado 9
26702.3
Jugando Partidos contra vecino 1
Resultado 11
29650
Yo soy: 
31 -9 28 40 51 73 81 50 5 22 55 -2 99 42 22 El mejor fue: 1
31 -9 28 40 51 73 81 55 5 22 55 -2 99 42 22 Generación 68
arranca 
Jugando Partidos contra vecino 0
Resultado 6
39717.1
Jugando Partidos contra vecino 1
Resultado 3
23090.6
Jugando Partidos contra vecino 2
Resultado 15
29255.9
Yo soy: 
31 -9 28 40 51 73 81 55 5 22 55 -2 99 42 22 El mejor fue: 2
31 -9 23 40 51 73 81 55 5 22 55 -2 99 42 22 Generación 67
arranca 
Jugando Partidos contra vecino 0
Resultado 8
28604.6
Jugando Partidos contra vecino 1
Resultado 13
34197.6
Yo soy: 
31 -9 23 40 51 73 81 55 5 22 55 -2 99 42 22 El mejor fue: 1
31 -9 23 40 51 73 81 55 5 22 55 -2 99 47 22 Generación 66
arranca 
Jugando Partidos contra vecino 0
Resultado 13
32969.9
Yo soy: 
31 -9 23 40 51 73 81 55 5 22 55 -2 99 47 22 El mejor fue: 0
31 -9 23 40 46 73 81 55 5 22 55 -2 99 47 22 Generación 65
arranca 
Jugando Partidos contra vecino 0
Resultado 13
31381.7
Yo soy: 
31 -9 23 40 46 73 81 55 5 22 55 -2 99 47 22 El mejor fue: 0
31 -9 23 40 46 73 81 50 5 22 55 -2 99 47 22 Generación 64
arranca 
Jugando Partidos contra vecino 0
Resultado 11
23837.5
Yo soy: 
31 -9 23 40 46 73 81 50 5 22 55 -2 99 47 22 El mejor fue: 0
26 -9 23 40 46 73 81 50 5 22 55 -2 99 47 22 Generación 63
arranca 
Jugando Partidos contra vecino 0
Resultado 13
35557.8
Yo soy: 
26 -9 23 40 46 73 81 50 5 22 55 -2 99 47 22 El mejor fue: 0
26 -9 23 40 46 78 81 50 5 22 55 -2 99 47 22 Generación 62
arranca 
Jugando Partidos contra vecino 0
Resultado 11
25416.9
Yo soy: 
26 -9 23 40 46 78 81 50 5 22 55 -2 99 47 22 El mejor fue: 0
26 -9 23 40 46 73 81 50 5 22 55 -2 99 47 22 Generación 61
arranca 
Jugando Partidos contra vecino 0
Resultado 11
35705.1
Yo soy: 
26 -9 23 40 46 73 81 50 5 22 55 -2 99 47 22 El mejor fue: 0
26 -9 23 40 46 73 81 50 5 22 60 -2 99 47 22 Generación 60
arranca 
Jugando Partidos contra vecino 0
Resultado 0
23349.7
Jugando Partidos contra vecino 1
Resultado 15
52414.3
Yo soy: 
26 -9 23 40 46 73 81 50 5 22 60 -2 99 47 22 El mejor fue: 1
26 -9 23 40 46 73 81 50 5 22 65 -2 99 47 22 Generación 59
arranca 
Jugando Partidos contra vecino 0
Resultado 10
32909.3
Yo soy: 
26 -9 23 40 46 73 81 50 5 22 65 -2 99 47 22 El mejor fue: 0
26 -9 23 40 46 73 81 50 5 17 65 -2 99 47 22 Generación 58
arranca 
Jugando Partidos contra vecino 0
Resultado 15
51421.9
Yo soy: 
26 -9 23 40 46 73 81 50 5 17 65 -2 99 47 22 El mejor fue: 0
26 -9 23 40 46 73 81 50 10 17 65 -2 99 47 22 Generación 57
arranca 
Jugando Partidos contra vecino 0
Resultado 13
43057.9
Yo soy: 
26 -9 23 40 46 73 81 50 10 17 65 -2 99 47 22 El mejor fue: 0
26 -9 23 40 46 73 81 50 10 22 65 -2 99 47 22 Generación 56
arranca 
Jugando Partidos contra vecino 0
Resultado 13
37984.3
Yo soy: 
26 -9 23 40 46 73 81 50 10 22 65 -2 99 47 22 El mejor fue: 0
26 -9 28 40 46 73 81 50 10 22 65 -2 99 47 22 Generación 55
arranca 
Jugando Partidos contra vecino 0
Resultado 3
20949.9
Jugando Partidos contra vecino 1
Resultado 12
34145.7
Yo soy: 
26 -9 28 40 46 73 81 50 10 22 65 -2 99 47 22 El mejor fue: 1
26 -9 28 40 46 73 86 50 10 22 65 -2 99 47 22 Generación 54
arranca 
Jugando Partidos contra vecino 0
Resultado 2
22094.5
Jugando Partidos contra vecino 1
Resultado 11
30638.4
Yo soy: 
26 -9 28 40 46 73 86 50 10 22 65 -2 99 47 22 El mejor fue: 1
26 -9 28 40 46 73 86 50 10 22 60 -2 99 47 22 Generación 53
arranca 
Jugando Partidos contra vecino 0
Resultado 4
22668.7
Jugando Partidos contra vecino 1
Resultado 13
41853.7
Yo soy: 
26 -9 28 40 46 73 86 50 10 22 60 -2 99 47 22 El mejor fue: 1
26 -9 23 40 46 73 86 50 10 22 60 -2 99 47 22 Generación 52
arranca 
Jugando Partidos contra vecino 0
Resultado 12
43209.4
Yo soy: 
26 -9 23 40 46 73 86 50 10 22 60 -2 99 47 22 El mejor fue: 0
26 -14 23 40 46 73 86 50 10 22 60 -2 99 47 22 Generación 51
arranca 
Jugando Partidos contra vecino 0
Resultado 11
26635
Yo soy: 
26 -14 23 40 46 73 86 50 10 22 60 -2 99 47 22 El mejor fue: 0
26 -14 23 40 46 73 86 50 10 22 55 -2 99 47 22 Generación 50
arranca 
Jugando Partidos contra vecino 0
Resultado 11
39641.6
Yo soy: 
26 -14 23 40 46 73 86 50 10 22 55 -2 99 47 22 El mejor fue: 0
26 -14 23 40 46 73 86 50 10 22 55 -2 99 52 22 Generación 49
arranca 
Jugando Partidos contra vecino 0
Resultado 13
51435.2
Yo soy: 
26 -14 23 40 46 73 86 50 10 22 55 -2 99 52 22 El mejor fue: 0
26 -14 23 40 46 73 86 45 10 22 55 -2 99 52 22 Generación 48
arranca 
Jugando Partidos contra vecino 0
Resultado 13
40728.2
Yo soy: 
26 -14 23 40 46 73 86 45 10 22 55 -2 99 52 22 El mejor fue: 0
26 -14 23 40 46 68 86 45 10 22 55 -2 99 52 22 Generación 47
arranca 
Jugando Partidos contra vecino 0
Resultado 10
41361.4
Yo soy: 
26 -14 23 40 46 68 86 45 10 22 55 -2 99 52 22 El mejor fue: 0
26 -14 23 40 46 68 86 50 10 22 55 -2 99 52 22 Generación 46
arranca 
Jugando Partidos contra vecino 0
Resultado 15
55982.8
Yo soy: 
26 -14 23 40 46 68 86 50 10 22 55 -2 99 52 22 El mejor fue: 0
26 -14 23 40 41 68 86 50 10 22 55 -2 99 52 22 Generación 45
arranca 
Jugando Partidos contra vecino 0
Resultado 2
19013.3
Jugando Partidos contra vecino 1
Resultado 13
40031.1
Yo soy: 
26 -14 23 40 41 68 86 50 10 22 55 -2 99 52 22 El mejor fue: 1
26 -14 23 40 41 68 91 50 10 22 55 -2 99 52 22 Generación 44
arranca 
Jugando Partidos contra vecino 0
Resultado 11
31129.1
Yo soy: 
26 -14 23 40 41 68 91 50 10 22 55 -2 99 52 22 El mejor fue: 0
26 -14 23 40 36 68 91 50 10 22 55 -2 99 52 22 Generación 43
arranca 
Jugando Partidos contra vecino 0
Resultado 12
42936.2
Yo soy: 
26 -14 23 40 36 68 91 50 10 22 55 -2 99 52 22 El mejor fue: 0
26 -14 23 40 36 68 91 50 10 22 55 -2 99 47 22 Generación 42
arranca 
Jugando Partidos contra vecino 0
Resultado 15
55443.9
Yo soy: 
26 -14 23 40 36 68 91 50 10 22 55 -2 99 47 22 El mejor fue: 0
26 -14 23 40 36 68 91 45 10 22 55 -2 99 47 22 Generación 41
arranca 
Jugando Partidos contra vecino 0
Resultado 13
48850.3
Yo soy: 
26 -14 23 40 36 68 91 45 10 22 55 -2 99 47 22 El mejor fue: 0
26 -14 18 40 36 68 91 45 10 22 55 -2 99 47 22 Generación 40
arranca 
Jugando Partidos contra vecino 0
Resultado 15
52498.9
Yo soy: 
26 -14 18 40 36 68 91 45 10 22 55 -2 99 47 22 El mejor fue: 0
21 -14 18 40 36 68 91 45 10 22 55 -2 99 47 22 Generación 39
arranca 
Jugando Partidos contra vecino 0
Resultado 15
50524.6
Yo soy: 
21 -14 18 40 36 68 91 45 10 22 55 -2 99 47 22 El mejor fue: 0
21 -14 18 40 41 68 91 45 10 22 55 -2 99 47 22 Generación 38
arranca 
Jugando Partidos contra vecino 0
Resultado 12
46451.2
Yo soy: 
21 -14 18 40 41 68 91 45 10 22 55 -2 99 47 22 El mejor fue: 0
21 -14 18 40 36 68 91 45 10 22 55 -2 99 47 22 Generación 37
arranca 
Jugando Partidos contra vecino 0
Resultado 11
31292.6
Yo soy: 
21 -14 18 40 36 68 91 45 10 22 55 -2 99 47 22 El mejor fue: 0
21 -9 18 40 36 68 91 45 10 22 55 -2 99 47 22 Generación 36
arranca 
Jugando Partidos contra vecino 0
Resultado 7
36333.7
Jugando Partidos contra vecino 1
Resultado 11
47658.7
Yo soy: 
21 -9 18 40 36 68 91 45 10 22 55 -2 99 47 22 El mejor fue: 1
16 -9 18 40 36 68 91 45 10 22 55 -2 99 47 22 Generación 35
arranca 
Jugando Partidos contra vecino 0
Resultado 15
56493.8
Yo soy: 
16 -9 18 40 36 68 91 45 10 22 55 -2 99 47 22 El mejor fue: 0
11 -9 18 40 36 68 91 45 10 22 55 -2 99 47 22 Generación 34
arranca 
Jugando Partidos contra vecino 0
Resultado 11
48650.3
Yo soy: 
11 -9 18 40 36 68 91 45 10 22 55 -2 99 47 22 El mejor fue: 0
11 -9 18 45 36 68 91 45 10 22 55 -2 99 47 22 Generación 33
arranca 
Jugando Partidos contra vecino 0
Resultado 11
44301.6
Yo soy: 
11 -9 18 45 36 68 91 45 10 22 55 -2 99 47 22 El mejor fue: 0
11 -9 18 45 36 68 86 45 10 22 55 -2 99 47 22 Generación 32
arranca 
Jugando Partidos contra vecino 0
Resultado 15
51599.2
Yo soy: 
11 -9 18 45 36 68 86 45 10 22 55 -2 99 47 22 El mejor fue: 0
11 -4 18 45 36 68 86 45 10 22 55 -2 99 47 22 Generación 31
arranca 
Jugando Partidos contra vecino 0
Resultado 13
50462.4
Yo soy: 
11 -4 18 45 36 68 86 45 10 22 55 -2 99 47 22 El mejor fue: 0
11 -4 18 45 36 68 86 45 10 22 55 -2 99 47 17 Generación 30
arranca 
Jugando Partidos contra vecino 0
Resultado 10
45139.9
Yo soy: 
11 -4 18 45 36 68 86 45 10 22 55 -2 99 47 17 El mejor fue: 0
11 -4 18 45 36 68 86 45 10 17 55 -2 99 47 17 Generación 29
arranca 
Jugando Partidos contra vecino 0
Resultado 11
30859.1
Yo soy: 
11 -4 18 45 36 68 86 45 10 17 55 -2 99 47 17 El mejor fue: 0
11 -4 23 45 36 68 86 45 10 17 55 -2 99 47 17 Generación 28
arranca 
Jugando Partidos contra vecino 0
Resultado 1
23024
Jugando Partidos contra vecino 1
Resultado 13
38086.3
Yo soy: 
11 -4 23 45 36 68 86 45 10 17 55 -2 99 47 17 El mejor fue: 1
11 -4 23 45 36 68 86 45 10 12 55 -2 99 47 17 Generación 27
arranca 
Jugando Partidos contra vecino 0
Resultado 11
33098.3
Yo soy: 
11 -4 23 45 36 68 86 45 10 12 55 -2 99 47 17 El mejor fue: 0
11 -4 28 45 36 68 86 45 10 12 55 -2 99 47 17 Generación 26
arranca 
Jugando Partidos contra vecino 0
Resultado 8
26295.2
Jugando Partidos contra vecino 1
Resultado 9
29617.4
Jugando Partidos contra vecino 2
Resultado 13
30909.3
Yo soy: 
11 -4 28 45 36 68 86 45 10 12 55 -2 99 47 17 El mejor fue: 2
11 -4 28 45 36 68 81 45 10 12 55 -2 99 47 17 Generación 25
arranca 
Jugando Partidos contra vecino 0
Resultado 3
27455.2
Jugando Partidos contra vecino 1
Resultado 5
38210.4
Jugando Partidos contra vecino 2
Resultado 15
35853.5
Yo soy: 
11 -4 28 45 36 68 81 45 10 12 55 -2 99 47 17 El mejor fue: 2
11 -4 28 45 36 68 81 45 10 12 50 -2 99 47 17 Generación 24
arranca 
Jugando Partidos contra vecino 0
Resultado 13
28752.1
Yo soy: 
11 -4 28 45 36 68 81 45 10 12 50 -2 99 47 17 El mejor fue: 0
11 -4 23 45 36 68 81 45 10 12 50 -2 99 47 17 Generación 23
arranca 
Jugando Partidos contra vecino 0
Resultado 9
31772.6
Jugando Partidos contra vecino 1
Resultado 13
32389.7
Yo soy: 
11 -4 23 45 36 68 81 45 10 12 50 -2 99 47 17 El mejor fue: 1
11 -4 23 45 41 68 81 45 10 12 50 -2 99 47 17 Generación 22
arranca 
Jugando Partidos contra vecino 0
Resultado 13
35139.8
Yo soy: 
11 -4 23 45 41 68 81 45 10 12 50 -2 99 47 17 El mejor fue: 0
11 -4 23 45 41 68 81 45 10 12 55 -2 99 47 17 Generación 21
arranca 
Jugando Partidos contra vecino 0
Resultado 9
48016.2
Jugando Partidos contra vecino 1
Resultado 9
28039.3
Jugando Partidos contra vecino 2
Resultado 9
30743.2
Jugando Partidos contra vecino 3
Resultado 11
29072.5
Yo soy: 
11 -4 23 45 41 68 81 45 10 12 55 -2 99 47 17 El mejor fue: 3
11 -4 23 45 41 63 81 45 10 12 55 -2 99 47 17 Generación 20
arranca 
Jugando Partidos contra vecino 0
Resultado 15
33535.6
Yo soy: 
11 -4 23 45 41 63 81 45 10 12 55 -2 99 47 17 El mejor fue: 0
11 -4 23 45 41 63 81 45 10 12 55 -2 99 47 22 Generación 19
arranca 
Jugando Partidos contra vecino 0
Resultado 9
32240.9
Jugando Partidos contra vecino 1
Resultado 15
47380.9
Yo soy: 
11 -4 23 45 41 63 81 45 10 12 55 -2 99 47 22 El mejor fue: 1
11 -4 23 45 41 63 81 45 10 12 60 -2 99 47 22 Generación 18
arranca 
Jugando Partidos contra vecino 0
Resultado 8
37035.2
Jugando Partidos contra vecino 1
Resultado 15
55212.7
Yo soy: 
11 -4 23 45 41 63 81 45 10 12 60 -2 99 47 22 El mejor fue: 1
11 -4 23 45 41 63 86 45 10 12 60 -2 99 47 22 Generación 17
arranca 
Jugando Partidos contra vecino 0
Resultado 11
31277.5
Yo soy: 
11 -4 23 45 41 63 86 45 10 12 60 -2 99 47 22 El mejor fue: 0
11 -4 23 45 41 63 86 45 10 12 55 -2 99 47 22 Generación 16
arranca 
Jugando Partidos contra vecino 0
Resultado 10
26451
Yo soy: 
11 -4 23 45 41 63 86 45 10 12 55 -2 99 47 22 El mejor fue: 0
11 -9 23 45 41 63 86 45 10 12 55 -2 99 47 22 Generación 15
arranca 
Jugando Partidos contra vecino 0
Resultado 11
27480.1
Yo soy: 
11 -9 23 45 41 63 86 45 10 12 55 -2 99 47 22 El mejor fue: 0
11 -9 28 45 41 63 86 45 10 12 55 -2 99 47 22 Generación 14
arranca 
Jugando Partidos contra vecino 0
Resultado 13
30565.2
Yo soy: 
11 -9 28 45 41 63 86 45 10 12 55 -2 99 47 22 El mejor fue: 0
11 -9 28 45 41 63 86 45 10 12 55 -2 99 47 27 Generación 13
arranca 
Jugando Partidos contra vecino 0
Resultado 8
30883.2
Jugando Partidos contra vecino 1
Resultado 15
30728.7
Yo soy: 
11 -9 28 45 41 63 86 45 10 12 55 -2 99 47 27 El mejor fue: 1
11 -9 28 45 41 63 86 45 10 12 55 -2 99 52 27 Generación 12
arranca 
Jugando Partidos contra vecino 0
Resultado 7
30882.9
Jugando Partidos contra vecino 1
Resultado 11
33701.4
Yo soy: 
11 -9 28 45 41 63 86 45 10 12 55 -2 99 52 27 El mejor fue: 1
11 -9 28 45 41 63 86 45 10 12 55 -2 99 52 32 Generación 11
arranca 
Jugando Partidos contra vecino 0
Resultado 12
35584.5
Yo soy: 
11 -9 28 45 41 63 86 45 10 12 55 -2 99 52 32 El mejor fue: 0
6 -9 28 45 41 63 86 45 10 12 55 -2 99 52 32 Generación 10
arranca 
Jugando Partidos contra vecino 0
Resultado 15
39225.6
Yo soy: 
6 -9 28 45 41 63 86 45 10 12 55 -2 99 52 32 El mejor fue: 0
6 -9 28 45 41 63 86 45 10 12 50 -2 99 52 32 Generación 9
arranca 
Jugando Partidos contra vecino 0
Resultado 11
26979.2
Yo soy: 
6 -9 28 45 41 63 86 45 10 12 50 -2 99 52 32 El mejor fue: 0
6 -14 28 45 41 63 86 45 10 12 50 -2 99 52 32 Generación 8
arranca 
Jugando Partidos contra vecino 0
Resultado 13
30727.4
Yo soy: 
6 -14 28 45 41 63 86 45 10 12 50 -2 99 52 32 El mejor fue: 0
6 -14 28 45 41 63 86 45 10 12 50 -2 99 52 27 Generación 7
arranca 
Jugando Partidos contra vecino 0
Resultado 6
24707
Jugando Partidos contra vecino 1
Resultado 7
34423.2
Jugando Partidos contra vecino 2
Resultado 8
23981.6
Jugando Partidos contra vecino 3
Resultado 12
28145.7
Yo soy: 
6 -14 28 45 41 63 86 45 10 12 50 -2 99 52 27 El mejor fue: 3
6 -14 28 45 41 63 86 50 10 12 50 -2 99 52 27 Generación 6
arranca 
Jugando Partidos contra vecino 0
Resultado 11
29326.7
Yo soy: 
6 -14 28 45 41 63 86 50 10 12 50 -2 99 52 27 El mejor fue: 0
6 -14 28 45 41 63 86 50 5 12 50 -2 99 52 27 Generación 5
arranca 
Jugando Partidos contra vecino 0
Resultado 13
26881
Yo soy: 
6 -14 28 45 41 63 86 50 5 12 50 -2 99 52 27 El mejor fue: 0
6 -14 28 45 41 63 86 50 5 12 50 -2 99 57 27 Generación 4
arranca 
Jugando Partidos contra vecino 0
Resultado 15
28582.4
Yo soy: 
6 -14 28 45 41 63 86 50 5 12 50 -2 99 57 27 El mejor fue: 0
6 -14 28 45 46 63 86 50 5 12 50 -2 99 57 27 Generación 3
arranca 
Jugando Partidos contra vecino 0
Resultado 12
28186.5
Yo soy: 
6 -14 28 45 46 63 86 50 5 12 50 -2 99 57 27 El mejor fue: 0
6 -14 28 45 41 63 86 50 5 12 50 -2 99 57 27 Generación 2
arranca 
Jugando Partidos contra vecino 0
Resultado 11
43268.1
Yo soy: 
6 -14 28 45 41 63 86 50 5 12 50 -2 99 57 27 El mejor fue: 0
6 -19 28 45 41 63 86 50 5 12 50 -2 99 57 27 Generación 1
arranca 
Jugando Partidos contra vecino 0
Resultado 11
33953.2
Yo soy: 
6 -19 28 45 41 63 86 50 5 12 50 -2 99 57 27 El mejor fue: 0
6 -19 28 50 41 63 86 50 5 12 50 -2 99 57 27 Generación 0
4.7353e+06
