arranca 
Jugando Partidos contra vecino 0
Resultado 5
16923.7
Jugando Partidos contra vecino 1
Resultado 5
23680.3
Jugando Partidos contra vecino 2
Resultado 7
25179.8
Jugando Partidos contra vecino 3
Resultado 5
23328.4
Jugando Partidos contra vecino 4
Resultado 5
12352.3
Jugando Partidos contra vecino 5
Resultado 9
27913.1
Jugando Partidos contra vecino 6
Resultado 5
31721.8
Jugando Partidos contra vecino 7
Resultado 5
13386.5
Jugando Partidos contra vecino 8
Resultado 7
17515.5
Jugando Partidos contra vecino 9
Resultado 7
20967
Jugando Partidos contra vecino 10
Resultado 7
17086.7
Jugando Partidos contra vecino 11
Resultado 7
19745.3
Jugando Partidos contra vecino 12
Resultado 5
19719.4
Jugando Partidos contra vecino 13
Resultado 7
26267.7
Jugando Partidos contra vecino 14
Resultado 7
16773.5
Jugando Partidos contra vecino 15
Resultado 3
18235.9
Jugando Partidos contra vecino 16
Resultado 7
17551.8
Jugando Partidos contra vecino 17
Resultado 5
12243.8
Jugando Partidos contra vecino 18
Resultado 7
21907.8
Jugando Partidos contra vecino 19
Resultado 7
17519.7
Jugando Partidos contra vecino 20
Resultado 7
18518.1
Jugando Partidos contra vecino 21
Resultado 2
16774.3
Jugando Partidos contra vecino 22
Resultado 7
15864.3
Jugando Partidos contra vecino 23
Resultado 5
13005.5
Jugando Partidos contra vecino 24
Resultado 5
11359.3
Jugando Partidos contra vecino 25
Resultado 5
13018.5
Jugando Partidos contra vecino 26
Resultado 9
22173.3
Jugando Partidos contra vecino 27
Resultado 5
24009.9
Jugando Partidos contra vecino 28
Resultado 5
12519.9
Jugando Partidos contra vecino 29
Resultado 5
13040.5
560304
arranca 
Jugando Partidos contra vecino 0
Resultado 5
37417.1
Jugando Partidos contra vecino 1
Resultado 6
33261
Jugando Partidos contra vecino 2
Resultado 2
30397.4
Jugando Partidos contra vecino 3
Resultado 7
38326.9
Jugando Partidos contra vecino 4
Resultado 7
45066.2
Jugando Partidos contra vecino 5
Resultado 11
35916.2
Yo soy: 
13 76 30 79 51 97 100 3 45 1 28 98 12 13 45 El mejor fue: 5
13 76 30 79 51 97 100 3 45 11 28 98 12 13 45 Generación 99
arranca 
Jugando Partidos contra vecino 0
Resultado 4
20487.5
Jugando Partidos contra vecino 1
Resultado 7
44520.9
Jugando Partidos contra vecino 2
Resultado 7
35222.4
Jugando Partidos contra vecino 3
Resultado 4
40129
Jugando Partidos contra vecino 4
Resultado 7
35864.9
Jugando Partidos contra vecino 5
Resultado 7
36716.6
Jugando Partidos contra vecino 6
Resultado 5
46462.8
Jugando Partidos contra vecino 7
Resultado 5
29476.5
Jugando Partidos contra vecino 8
Resultado 5
40623.1
Jugando Partidos contra vecino 9
Resultado 7
33779.5
Jugando Partidos contra vecino 10
Resultado 9
40253.5
Jugando Partidos contra vecino 11
Resultado 7
46971.1
Jugando Partidos contra vecino 12
Resultado 9
38245.4
Jugando Partidos contra vecino 13
Resultado 7
42366.2
Jugando Partidos contra vecino 14
Resultado 9
39066.2
Jugando Partidos contra vecino 15
Resultado 7
39173.3
Jugando Partidos contra vecino 16
Resultado 5
47721.6
Jugando Partidos contra vecino 17
Resultado 3
39549.4
Jugando Partidos contra vecino 18
Resultado 5
39162
Jugando Partidos contra vecino 19
Resultado 5
30287.4
Jugando Partidos contra vecino 20
Resultado 6
39936.2
Jugando Partidos contra vecino 21
Resultado 5
37014.7
Jugando Partidos contra vecino 22
Resultado 4
33622.2
Jugando Partidos contra vecino 23
Resultado 6
41750
Jugando Partidos contra vecino 24
Resultado 4
40653.9
Jugando Partidos contra vecino 25
Resultado 6
45763.5
Jugando Partidos contra vecino 26
Resultado 7
42166
Jugando Partidos contra vecino 27
Resultado 13
28964.6
Yo soy: 
13 76 30 79 51 97 100 3 45 11 28 98 12 13 45 El mejor fue: 27
13 76 30 79 51 97 100 3 45 11 28 98 22 13 45 Generación 98
arranca 
Jugando Partidos contra vecino 0
Resultado 7
37254.4
Jugando Partidos contra vecino 1
Resultado 9
31186.4
Jugando Partidos contra vecino 2
Resultado 5
55270.3
Jugando Partidos contra vecino 3
Resultado 7
33495.3
Jugando Partidos contra vecino 4
Resultado 7
30346.8
Jugando Partidos contra vecino 5
Resultado 9
30409.7
Jugando Partidos contra vecino 6
Resultado 7
40556.7
Jugando Partidos contra vecino 7
Resultado 7
58514.4
Jugando Partidos contra vecino 8
Resultado 9
35495.6
Jugando Partidos contra vecino 9
Resultado 1
14928.4
Jugando Partidos contra vecino 10
Resultado 5
43142.7
Jugando Partidos contra vecino 11
Resultado 9
27006.3
Jugando Partidos contra vecino 12
Resultado 9
43888.1
Jugando Partidos contra vecino 13
Resultado 6
27660.3
Jugando Partidos contra vecino 14
Resultado 5
60919.6
Jugando Partidos contra vecino 15
Resultado 7
53842.1
Jugando Partidos contra vecino 16
Resultado 5
50208.3
Jugando Partidos contra vecino 17
Resultado 13
26318.5
Yo soy: 
13 76 30 79 51 97 100 3 45 11 28 98 22 13 45 El mejor fue: 17
13 76 30 79 51 97 100 3 45 11 28 98 32 13 45 Generación 97
arranca 
Jugando Partidos contra vecino 0
Resultado 9
28280.3
Jugando Partidos contra vecino 1
Resultado 13
27473.4
Yo soy: 
13 76 30 79 51 97 100 3 45 11 28 98 32 13 45 El mejor fue: 1
13 76 40 79 51 97 100 3 45 11 28 98 32 13 45 Generación 96
arranca 
Jugando Partidos contra vecino 0
Resultado 13
28427.3
Yo soy: 
13 76 40 79 51 97 100 3 45 11 28 98 32 13 45 El mejor fue: 0
13 76 40 79 51 97 80 3 45 11 28 98 32 13 45 Generación 95
arranca 
Jugando Partidos contra vecino 0
Resultado 7
44185.1
Jugando Partidos contra vecino 1
Resultado 13
28158.6
Yo soy: 
13 76 40 79 51 97 80 3 45 11 28 98 32 13 45 El mejor fue: 1
13 76 40 79 51 97 80 3 45 21 28 98 32 13 45 Generación 94
arranca 
Jugando Partidos contra vecino 0
Resultado 11
28446.9
Yo soy: 
13 76 40 79 51 97 80 3 45 21 28 98 32 13 45 El mejor fue: 0
13 76 40 79 51 97 80 -7 45 21 28 98 32 13 45 Generación 93
arranca 
Jugando Partidos contra vecino 0
Resultado 7
34991.3
Jugando Partidos contra vecino 1
Resultado 7
32448.5
Jugando Partidos contra vecino 2
Resultado 9
25043.3
Jugando Partidos contra vecino 3
Resultado 9
27653.4
Jugando Partidos contra vecino 4
Resultado 7
27931.1
Jugando Partidos contra vecino 5
Resultado 8
28960.8
Jugando Partidos contra vecino 6
Resultado 7
30972.2
Jugando Partidos contra vecino 7
Resultado 9
32305.7
Jugando Partidos contra vecino 8
Resultado 4
40959.7
Jugando Partidos contra vecino 9
Resultado 12
23875.8
Yo soy: 
13 76 40 79 51 97 80 -7 45 21 28 98 32 13 45 El mejor fue: 9
13 66 40 79 51 97 80 -7 45 21 28 98 32 13 45 Generación 92
arranca 
Jugando Partidos contra vecino 0
Resultado 7
58403.1
Jugando Partidos contra vecino 1
Resultado 9
26984.4
Jugando Partidos contra vecino 2
Resultado 3
13547.2
Jugando Partidos contra vecino 3
Resultado 9
29465.3
Jugando Partidos contra vecino 4
Resultado 13
25528.6
Yo soy: 
13 66 40 79 51 97 80 -7 45 21 28 98 32 13 45 El mejor fue: 4
13 66 40 79 51 97 80 -7 45 21 28 98 32 13 55 Generación 91
arranca 
Jugando Partidos contra vecino 0
Resultado 11
23427.9
Yo soy: 
13 66 40 79 51 97 80 -7 45 21 28 98 32 13 55 El mejor fue: 0
13 66 30 79 51 97 80 -7 45 21 28 98 32 13 55 Generación 90
arranca 
Jugando Partidos contra vecino 0
Resultado 11
31229.2
Yo soy: 
13 66 30 79 51 97 80 -7 45 21 28 98 32 13 55 El mejor fue: 0
13 66 30 79 61 97 80 -7 45 21 28 98 32 13 55 Generación 89
arranca 
Jugando Partidos contra vecino 0
Resultado 11
24745.2
Yo soy: 
13 66 30 79 61 97 80 -7 45 21 28 98 32 13 55 El mejor fue: 0
13 66 30 79 61 97 80 -7 45 21 18 98 32 13 55 Generación 88
arranca 
Jugando Partidos contra vecino 0
Resultado 10
24642
Yo soy: 
13 66 30 79 61 97 80 -7 45 21 18 98 32 13 55 El mejor fue: 0
13 66 30 79 61 97 80 3 45 21 18 98 32 13 55 Generación 87
arranca 
Jugando Partidos contra vecino 0
Resultado 7
30966.3
Jugando Partidos contra vecino 1
Resultado 7
33962.9
Jugando Partidos contra vecino 2
Resultado 6
30461.8
Jugando Partidos contra vecino 3
Resultado 11
29853.7
Yo soy: 
13 66 30 79 61 97 80 3 45 21 18 98 32 13 55 El mejor fue: 3
13 66 30 79 61 97 80 13 45 21 18 98 32 13 55 Generación 86
arranca 
Jugando Partidos contra vecino 0
Resultado 4
13835
Jugando Partidos contra vecino 1
Resultado 7
30680.8
Jugando Partidos contra vecino 2
Resultado 11
28241.8
Yo soy: 
13 66 30 79 61 97 80 13 45 21 18 98 32 13 55 El mejor fue: 2
13 66 30 79 61 97 80 13 45 31 18 98 32 13 55 Generación 85
arranca 
Jugando Partidos contra vecino 0
Resultado 13
27025.1
Yo soy: 
13 66 30 79 61 97 80 13 45 31 18 98 32 13 55 El mejor fue: 0
13 66 30 79 61 97 80 13 45 31 28 98 32 13 55 Generación 84
arranca 
Jugando Partidos contra vecino 0
Resultado 13
26537
Yo soy: 
13 66 30 79 61 97 80 13 45 31 28 98 32 13 55 El mejor fue: 0
13 66 30 79 61 97 80 13 45 31 38 98 32 13 55 Generación 83
arranca 
Jugando Partidos contra vecino 0
Resultado 9
30117.9
Jugando Partidos contra vecino 1
Resultado 10
25700.7
Yo soy: 
13 66 30 79 61 97 80 13 45 31 38 98 32 13 55 El mejor fue: 1
13 66 30 79 61 97 80 13 45 31 38 98 32 13 45 Generación 82
arranca 
Jugando Partidos contra vecino 0
Resultado 5
33895.9
Jugando Partidos contra vecino 1
Resultado 8
24938.2
Jugando Partidos contra vecino 2
Resultado 9
31409.9
Jugando Partidos contra vecino 3
Resultado 5
35415.6
Jugando Partidos contra vecino 4
Resultado 7
28728.1
Jugando Partidos contra vecino 5
Resultado 9
31280.2
Jugando Partidos contra vecino 6
Resultado 11
30035.3
Yo soy: 
13 66 30 79 61 97 80 13 45 31 38 98 32 13 45 El mejor fue: 6
13 66 30 79 61 97 80 13 45 21 38 98 32 13 45 Generación 81
arranca 
Jugando Partidos contra vecino 0
Resultado 4
11679.1
Jugando Partidos contra vecino 1
Resultado 9
28058.5
Jugando Partidos contra vecino 2
Resultado 7
33075.6
Jugando Partidos contra vecino 3
Resultado 6
30379.8
Jugando Partidos contra vecino 4
Resultado 7
32834.6
Jugando Partidos contra vecino 5
Resultado 15
25603.4
Yo soy: 
13 66 30 79 61 97 80 13 45 21 38 98 32 13 45 El mejor fue: 5
13 76 30 79 61 97 80 13 45 21 38 98 32 13 45 Generación 80
arranca 
Jugando Partidos contra vecino 0
Resultado 5
28392.8
Jugando Partidos contra vecino 1
Resultado 9
30174
Jugando Partidos contra vecino 2
Resultado 9
32883.2
Jugando Partidos contra vecino 3
Resultado 5
51122.2
Jugando Partidos contra vecino 4
Resultado 5
39949.6
Jugando Partidos contra vecino 5
Resultado 6
27636.9
Jugando Partidos contra vecino 6
Resultado 11
25321.4
Yo soy: 
13 76 30 79 61 97 80 13 45 21 38 98 32 13 45 El mejor fue: 6
13 76 30 79 61 87 80 13 45 21 38 98 32 13 45 Generación 79
arranca 
Jugando Partidos contra vecino 0
Resultado 7
31087.4
Jugando Partidos contra vecino 1
Resultado 13
26307.6
Yo soy: 
13 76 30 79 61 87 80 13 45 21 38 98 32 13 45 El mejor fue: 1
13 86 30 79 61 87 80 13 45 21 38 98 32 13 45 Generación 78
arranca 
Jugando Partidos contra vecino 0
Resultado 7
24424.1
Jugando Partidos contra vecino 1
Resultado 11
22662.8
Yo soy: 
13 86 30 79 61 87 80 13 45 21 38 98 32 13 45 El mejor fue: 1
13 86 30 79 61 87 80 13 45 21 48 98 32 13 45 Generación 77
arranca 
Jugando Partidos contra vecino 0
Resultado 11
26576
Yo soy: 
13 86 30 79 61 87 80 13 45 21 48 98 32 13 45 El mejor fue: 0
13 86 30 79 61 97 80 13 45 21 48 98 32 13 45 Generación 76
arranca 
Jugando Partidos contra vecino 0
Resultado 13
26523.1
Yo soy: 
13 86 30 79 61 97 80 13 45 21 48 98 32 13 45 El mejor fue: 0
13 86 30 79 61 97 80 13 45 11 48 98 32 13 45 Generación 75
arranca 
Jugando Partidos contra vecino 0
Resultado 4
14927.4
Jugando Partidos contra vecino 1
Resultado 13
26367.6
Yo soy: 
13 86 30 79 61 97 80 13 45 11 48 98 32 13 45 El mejor fue: 1
13 86 30 79 61 97 80 13 45 11 48 98 42 13 45 Generación 74
arranca 
Jugando Partidos contra vecino 0
Resultado 15
26293.3
Yo soy: 
13 86 30 79 61 97 80 13 45 11 48 98 42 13 45 El mejor fue: 0
13 96 30 79 61 97 80 13 45 11 48 98 42 13 45 Generación 73
arranca 
Jugando Partidos contra vecino 0
Resultado 13
26546.1
Yo soy: 
13 96 30 79 61 97 80 13 45 11 48 98 42 13 45 El mejor fue: 0
13 86 30 79 61 97 80 13 45 11 48 98 42 13 45 Generación 72
arranca 
Jugando Partidos contra vecino 0
Resultado 7
29360.2
Jugando Partidos contra vecino 1
Resultado 13
25674.5
Yo soy: 
13 86 30 79 61 97 80 13 45 11 48 98 42 13 45 El mejor fue: 1
13 86 30 79 61 97 80 13 45 1 48 98 42 13 45 Generación 71
arranca 
Jugando Partidos contra vecino 0
Resultado 15
26222.4
Yo soy: 
13 86 30 79 61 97 80 13 45 1 48 98 42 13 45 El mejor fue: 0
13 86 30 79 61 87 80 13 45 1 48 98 42 13 45 Generación 70
arranca 
Jugando Partidos contra vecino 0
Resultado 11
28479.3
Yo soy: 
13 86 30 79 61 87 80 13 45 1 48 98 42 13 45 El mejor fue: 0
3 86 30 79 61 87 80 13 45 1 48 98 42 13 45 Generación 69
arranca 
Jugando Partidos contra vecino 0
Resultado 15
25405.9
Yo soy: 
3 86 30 79 61 87 80 13 45 1 48 98 42 13 45 El mejor fue: 0
3 86 30 79 61 87 80 3 45 1 48 98 42 13 45 Generación 68
arranca 
Jugando Partidos contra vecino 0
Resultado 9
33094.2
Jugando Partidos contra vecino 1
Resultado 9
30002.1
Jugando Partidos contra vecino 2
Resultado 15
27090.6
Yo soy: 
3 86 30 79 61 87 80 3 45 1 48 98 42 13 45 El mejor fue: 2
3 96 30 79 61 87 80 3 45 1 48 98 42 13 45 Generación 67
arranca 
Jugando Partidos contra vecino 0
Resultado 8
25010.4
Jugando Partidos contra vecino 1
Resultado 8
24191.9
Jugando Partidos contra vecino 2
Resultado 3
13873.9
Jugando Partidos contra vecino 3
Resultado 11
24941.2
Yo soy: 
3 96 30 79 61 87 80 3 45 1 48 98 42 13 45 El mejor fue: 3
3 96 30 79 61 87 90 3 45 1 48 98 42 13 45 Generación 66
arranca 
Jugando Partidos contra vecino 0
Resultado 11
29096.4
Yo soy: 
3 96 30 79 61 87 90 3 45 1 48 98 42 13 45 El mejor fue: 0
3 96 30 79 61 87 90 -7 45 1 48 98 42 13 45 Generación 65
arranca 
Jugando Partidos contra vecino 0
Resultado 9
28938.9
Jugando Partidos contra vecino 1
Resultado 13
27819.1
Yo soy: 
3 96 30 79 61 87 90 -7 45 1 48 98 42 13 45 El mejor fue: 1
3 96 30 79 61 87 90 -7 55 1 48 98 42 13 45 Generación 64
arranca 
Jugando Partidos contra vecino 0
Resultado 15
25234.6
Yo soy: 
3 96 30 79 61 87 90 -7 55 1 48 98 42 13 45 El mejor fue: 0
3 96 30 79 71 87 90 -7 55 1 48 98 42 13 45 Generación 63
arranca 
Jugando Partidos contra vecino 0
Resultado 15
25586.7
Yo soy: 
3 96 30 79 71 87 90 -7 55 1 48 98 42 13 45 El mejor fue: 0
3 96 30 79 71 87 90 -7 45 1 48 98 42 13 45 Generación 62
arranca 
Jugando Partidos contra vecino 0
Resultado 11
29228.7
Yo soy: 
3 96 30 79 71 87 90 -7 45 1 48 98 42 13 45 El mejor fue: 0
3 96 30 79 71 87 90 -7 45 1 38 98 42 13 45 Generación 61
arranca 
Jugando Partidos contra vecino 0
Resultado 9
31091.7
Jugando Partidos contra vecino 1
Resultado 6
29996.8
Jugando Partidos contra vecino 2
Resultado 13
27208
Yo soy: 
3 96 30 79 71 87 90 -7 45 1 38 98 42 13 45 El mejor fue: 2
3 96 20 79 71 87 90 -7 45 1 38 98 42 13 45 Generación 60
arranca 
Jugando Partidos contra vecino 0
Resultado 11
25128.3
Yo soy: 
3 96 20 79 71 87 90 -7 45 1 38 98 42 13 45 El mejor fue: 0
-7 96 20 79 71 87 90 -7 45 1 38 98 42 13 45 Generación 59
arranca 
Jugando Partidos contra vecino 0
Resultado 11
28130.7
Yo soy: 
-7 96 20 79 71 87 90 -7 45 1 38 98 42 13 45 El mejor fue: 0
-7 96 20 79 71 87 90 -7 45 1 48 98 42 13 45 Generación 58
arranca 
Jugando Partidos contra vecino 0
Resultado 13
28624.5
Yo soy: 
-7 96 20 79 71 87 90 -7 45 1 48 98 42 13 45 El mejor fue: 0
-7 96 20 79 71 87 90 -7 55 1 48 98 42 13 45 Generación 57
arranca 
Jugando Partidos contra vecino 0
Resultado 11
29712.6
Yo soy: 
-7 96 20 79 71 87 90 -7 55 1 48 98 42 13 45 El mejor fue: 0
-7 96 20 79 61 87 90 -7 55 1 48 98 42 13 45 Generación 56
arranca 
Jugando Partidos contra vecino 0
Resultado 13
24890.8
Yo soy: 
-7 96 20 79 61 87 90 -7 55 1 48 98 42 13 45 El mejor fue: 0
-7 96 20 79 61 87 90 -7 55 1 48 98 42 13 55 Generación 55
arranca 
Jugando Partidos contra vecino 0
Resultado 11
28618.3
Yo soy: 
-7 96 20 79 61 87 90 -7 55 1 48 98 42 13 55 El mejor fue: 0
-7 96 20 79 61 87 70 -7 55 1 48 98 42 13 55 Generación 54
arranca 
Jugando Partidos contra vecino 0
Resultado 11
24240.4
Yo soy: 
-7 96 20 79 61 87 70 -7 55 1 48 98 42 13 55 El mejor fue: 0
-7 96 20 79 51 87 70 -7 55 1 48 98 42 13 55 Generación 53
arranca 
Jugando Partidos contra vecino 0
Resultado 13
29364
Yo soy: 
-7 96 20 79 51 87 70 -7 55 1 48 98 42 13 55 El mejor fue: 0
-7 96 20 79 51 87 70 -7 65 1 48 98 42 13 55 Generación 52
arranca 
Jugando Partidos contra vecino 0
Resultado 9
26246.2
Jugando Partidos contra vecino 1
Resultado 13
23500.3
Yo soy: 
-7 96 20 79 51 87 70 -7 65 1 48 98 42 13 55 El mejor fue: 1
-17 96 20 79 51 87 70 -7 65 1 48 98 42 13 55 Generación 51
arranca 
Jugando Partidos contra vecino 0
Resultado 13
25516.8
Yo soy: 
-17 96 20 79 51 87 70 -7 65 1 48 98 42 13 55 El mejor fue: 0
-17 96 20 79 51 87 70 -7 65 1 58 98 42 13 55 Generación 50
arranca 
Jugando Partidos contra vecino 0
Resultado 9
32002
Jugando Partidos contra vecino 1
Resultado 11
25909.1
Yo soy: 
-17 96 20 79 51 87 70 -7 65 1 58 98 42 13 55 El mejor fue: 1
-17 96 20 79 51 87 80 -7 65 1 58 98 42 13 55 Generación 49
arranca 
Jugando Partidos contra vecino 0
Resultado 9
49578.5
Jugando Partidos contra vecino 1
Resultado 9
33278.8
Jugando Partidos contra vecino 2
Resultado 11
27731
Yo soy: 
-17 96 20 79 51 87 80 -7 65 1 58 98 42 13 55 El mejor fue: 2
-17 96 20 79 41 87 80 -7 65 1 58 98 42 13 55 Generación 48
arranca 
Jugando Partidos contra vecino 0
Resultado 13
27223.6
Yo soy: 
-17 96 20 79 41 87 80 -7 65 1 58 98 42 13 55 El mejor fue: 0
-17 96 20 89 41 87 80 -7 65 1 58 98 42 13 55 Generación 47
arranca 
Jugando Partidos contra vecino 0
Resultado 11
24117.3
Yo soy: 
-17 96 20 89 41 87 80 -7 65 1 58 98 42 13 55 El mejor fue: 0
-17 86 20 89 41 87 80 -7 65 1 58 98 42 13 55 Generación 46
arranca 
Jugando Partidos contra vecino 0
Resultado 13
24554.1
Yo soy: 
-17 86 20 89 41 87 80 -7 65 1 58 98 42 13 55 El mejor fue: 0
-17 76 20 89 41 87 80 -7 65 1 58 98 42 13 55 Generación 45
arranca 
Jugando Partidos contra vecino 0
Resultado 13
24554.4
Yo soy: 
-17 76 20 89 41 87 80 -7 65 1 58 98 42 13 55 El mejor fue: 0
-17 76 20 89 41 87 80 3 65 1 58 98 42 13 55 Generación 44
arranca 
Jugando Partidos contra vecino 0
Resultado 13
52490.1
Yo soy: 
-17 76 20 89 41 87 80 3 65 1 58 98 42 13 55 El mejor fue: 0
-17 76 20 89 41 87 80 3 65 1 58 98 42 23 55 Generación 43
arranca 
Jugando Partidos contra vecino 0
Resultado 13
49525.5
Yo soy: 
-17 76 20 89 41 87 80 3 65 1 58 98 42 23 55 El mejor fue: 0
-17 76 20 89 41 87 80 3 65 -9 58 98 42 23 55 Generación 42
arranca 
Jugando Partidos contra vecino 0
Resultado 13
49753
Yo soy: 
-17 76 20 89 41 87 80 3 65 -9 58 98 42 23 55 El mejor fue: 0
-17 76 20 89 41 87 80 3 65 -9 58 98 42 23 45 Generación 41
arranca 
Jugando Partidos contra vecino 0
Resultado 6
33837.9
Jugando Partidos contra vecino 1
Resultado 8
38506.1
Jugando Partidos contra vecino 2
Resultado 9
37494.8
Jugando Partidos contra vecino 3
Resultado 13
51235.2
Yo soy: 
-17 76 20 89 41 87 80 3 65 -9 58 98 42 23 45 El mejor fue: 3
-17 76 20 89 41 87 80 13 65 -9 58 98 42 23 45 Generación 40
arranca 
Jugando Partidos contra vecino 0
Resultado 13
52505.6
Yo soy: 
-17 76 20 89 41 87 80 13 65 -9 58 98 42 23 45 El mejor fue: 0
-17 76 20 89 41 87 70 13 65 -9 58 98 42 23 45 Generación 39
arranca 
Jugando Partidos contra vecino 0
Resultado 13
53140.9
Yo soy: 
-17 76 20 89 41 87 70 13 65 -9 58 98 42 23 45 El mejor fue: 0
-17 76 20 89 41 97 70 13 65 -9 58 98 42 23 45 Generación 38
arranca 
Jugando Partidos contra vecino 0
Resultado 7
51051.6
Jugando Partidos contra vecino 1
Resultado 11
46299.1
Yo soy: 
-17 76 20 89 41 97 70 13 65 -9 58 98 42 23 45 El mejor fue: 1
-17 76 20 89 41 97 60 13 65 -9 58 98 42 23 45 Generación 37
arranca 
Jugando Partidos contra vecino 0
Resultado 15
53759.7
Yo soy: 
-17 76 20 89 41 97 60 13 65 -9 58 98 42 23 45 El mejor fue: 0
-27 76 20 89 41 97 60 13 65 -9 58 98 42 23 45 Generación 36
arranca 
Jugando Partidos contra vecino 0
Resultado 10
33374.5
Yo soy: 
-27 76 20 89 41 97 60 13 65 -9 58 98 42 23 45 El mejor fue: 0
-27 76 20 89 41 97 60 13 65 -9 58 98 42 23 35 Generación 35
arranca 
Jugando Partidos contra vecino 0
Resultado 11
47144.4
Yo soy: 
-27 76 20 89 41 97 60 13 65 -9 58 98 42 23 35 El mejor fue: 0
-27 76 20 89 41 97 60 23 65 -9 58 98 42 23 35 Generación 34
arranca 
Jugando Partidos contra vecino 0
Resultado 9
37004.7
Jugando Partidos contra vecino 1
Resultado 9
42782.3
Jugando Partidos contra vecino 2
Resultado 13
49800.9
Yo soy: 
-27 76 20 89 41 97 60 23 65 -9 58 98 42 23 35 El mejor fue: 2
-27 76 10 89 41 97 60 23 65 -9 58 98 42 23 35 Generación 33
arranca 
Jugando Partidos contra vecino 0
Resultado 11
46321.5
Yo soy: 
-27 76 10 89 41 97 60 23 65 -9 58 98 42 23 35 El mejor fue: 0
-27 76 10 99 41 97 60 23 65 -9 58 98 42 23 35 Generación 32
arranca 
Jugando Partidos contra vecino 0
Resultado 7
51809.3
Jugando Partidos contra vecino 1
Resultado 13
49825.6
Yo soy: 
-27 76 10 99 41 97 60 23 65 -9 58 98 42 23 35 El mejor fue: 1
-27 76 10 99 41 97 60 23 65 -9 58 98 42 23 25 Generación 31
arranca 
Jugando Partidos contra vecino 0
Resultado 13
47414.6
Yo soy: 
-27 76 10 99 41 97 60 23 65 -9 58 98 42 23 25 El mejor fue: 0
-37 76 10 99 41 97 60 23 65 -9 58 98 42 23 25 Generación 30
arranca 
Jugando Partidos contra vecino 0
Resultado 9
37669.9
Jugando Partidos contra vecino 1
Resultado 13
55478.6
Yo soy: 
-37 76 10 99 41 97 60 23 65 -9 58 98 42 23 25 El mejor fue: 1
-37 76 10 99 41 97 60 23 65 1 58 98 42 23 25 Generación 29
arranca 
Jugando Partidos contra vecino 0
Resultado 13
53398.8
Yo soy: 
-37 76 10 99 41 97 60 23 65 1 58 98 42 23 25 El mejor fue: 0
-37 76 10 99 41 97 60 23 65 -9 58 98 42 23 25 Generación 28
arranca 
Jugando Partidos contra vecino 0
Resultado 7
39183.2
Jugando Partidos contra vecino 1
Resultado 11
45865.3
Yo soy: 
-37 76 10 99 41 97 60 23 65 -9 58 98 42 23 25 El mejor fue: 1
-37 76 10 89 41 97 60 23 65 -9 58 98 42 23 25 Generación 27
arranca 
Jugando Partidos contra vecino 0
Resultado 5
33529.7
Jugando Partidos contra vecino 1
Resultado 13
53061.1
Yo soy: 
-37 76 10 89 41 97 60 23 65 -9 58 98 42 23 25 El mejor fue: 1
-37 76 10 89 41 97 60 23 65 -9 58 98 42 23 15 Generación 26
arranca 
Jugando Partidos contra vecino 0
Resultado 9
41712.5
Jugando Partidos contra vecino 1
Resultado 9
41141.9
Jugando Partidos contra vecino 2
Resultado 11
44874.8
Yo soy: 
-37 76 10 89 41 97 60 23 65 -9 58 98 42 23 15 El mejor fue: 2
-37 76 10 89 41 97 50 23 65 -9 58 98 42 23 15 Generación 25
arranca 
Jugando Partidos contra vecino 0
Resultado 13
51202.8
Yo soy: 
-37 76 10 89 41 97 50 23 65 -9 58 98 42 23 15 El mejor fue: 0
-37 76 10 89 41 97 50 23 65 -19 58 98 42 23 15 Generación 24
arranca 
Jugando Partidos contra vecino 0
Resultado 13
49658.8
Yo soy: 
-37 76 10 89 41 97 50 23 65 -19 58 98 42 23 15 El mejor fue: 0
-37 76 10 89 51 97 50 23 65 -19 58 98 42 23 15 Generación 23
arranca 
Jugando Partidos contra vecino 0
Resultado 11
43799.7
Yo soy: 
-37 76 10 89 51 97 50 23 65 -19 58 98 42 23 15 El mejor fue: 0
-37 76 10 89 51 97 50 33 65 -19 58 98 42 23 15 Generación 22
arranca 
Jugando Partidos contra vecino 0
Resultado 13
52086.1
Yo soy: 
-37 76 10 89 51 97 50 33 65 -19 58 98 42 23 15 El mejor fue: 0
-37 76 10 89 51 97 50 33 65 -19 58 78 42 23 15 Generación 21
arranca 
Jugando Partidos contra vecino 0
Resultado 3
13194.2
Jugando Partidos contra vecino 1
Resultado 7
34088.7
Jugando Partidos contra vecino 2
Resultado 5
60896.6
Jugando Partidos contra vecino 3
Resultado 11
46295.3
Yo soy: 
-37 76 10 89 51 97 50 33 65 -19 58 78 42 23 15 El mejor fue: 3
-37 76 10 89 51 97 50 33 65 -19 58 78 42 23 25 Generación 20
arranca 
Jugando Partidos contra vecino 0
Resultado 13
40379.5
Yo soy: 
-37 76 10 89 51 97 50 33 65 -19 58 78 42 23 25 El mejor fue: 0
-37 76 10 89 51 97 50 33 65 -19 58 78 42 23 35 Generación 19
arranca 
Jugando Partidos contra vecino 0
Resultado 4
13345.2
Jugando Partidos contra vecino 1
Resultado 9
43019
Jugando Partidos contra vecino 2
Resultado 13
47779.8
Yo soy: 
-37 76 10 89 51 97 50 33 65 -19 58 78 42 23 35 El mejor fue: 2
-37 76 10 89 51 97 50 33 55 -19 58 78 42 23 35 Generación 18
arranca 
Jugando Partidos contra vecino 0
Resultado 9
39340.6
Jugando Partidos contra vecino 1
Resultado 7
34839.1
Jugando Partidos contra vecino 2
Resultado 9
37641.4
Jugando Partidos contra vecino 3
Resultado 11
43821.4
Yo soy: 
-37 76 10 89 51 97 50 33 55 -19 58 78 42 23 35 El mejor fue: 3
-37 66 10 89 51 97 50 33 55 -19 58 78 42 23 35 Generación 17
arranca 
Jugando Partidos contra vecino 0
Resultado 9
38039.1
Jugando Partidos contra vecino 1
Resultado 11
46804.6
Yo soy: 
-37 66 10 89 51 97 50 33 55 -19 58 78 42 23 35 El mejor fue: 1
-37 66 10 89 51 97 50 33 55 -19 58 78 42 23 25 Generación 16
arranca 
Jugando Partidos contra vecino 0
Resultado 13
49257.7
Yo soy: 
-37 66 10 89 51 97 50 33 55 -19 58 78 42 23 25 El mejor fue: 0
-37 66 10 89 51 87 50 33 55 -19 58 78 42 23 25 Generación 15
arranca 
Jugando Partidos contra vecino 0
Resultado 11
45076.6
Yo soy: 
-37 66 10 89 51 87 50 33 55 -19 58 78 42 23 25 El mejor fue: 0
-37 66 20 89 51 87 50 33 55 -19 58 78 42 23 25 Generación 14
arranca 
Jugando Partidos contra vecino 0
Resultado 11
62100.3
Yo soy: 
-37 66 20 89 51 87 50 33 55 -19 58 78 42 23 25 El mejor fue: 0
-27 66 20 89 51 87 50 33 55 -19 58 78 42 23 25 Generación 13
arranca 
Jugando Partidos contra vecino 0
Resultado 11
55298.6
Yo soy: 
-27 66 20 89 51 87 50 33 55 -19 58 78 42 23 25 El mejor fue: 0
-27 66 20 89 51 87 50 33 55 -19 58 68 42 23 25 Generación 12
arranca 
Jugando Partidos contra vecino 0
Resultado 7
51781.9
Jugando Partidos contra vecino 1
Resultado 9
61151.6
Jugando Partidos contra vecino 2
Resultado 11
52822.7
Yo soy: 
-27 66 20 89 51 87 50 33 55 -19 58 68 42 23 25 El mejor fue: 2
-27 76 20 89 51 87 50 33 55 -19 58 68 42 23 25 Generación 11
arranca 
Jugando Partidos contra vecino 0
Resultado 7
52182.6
Jugando Partidos contra vecino 1
Resultado 9
52704.3
Jugando Partidos contra vecino 2
Resultado 5
61827.6
Jugando Partidos contra vecino 3
Resultado 7
60372.2
Jugando Partidos contra vecino 4
Resultado 7
62095.1
Jugando Partidos contra vecino 5
Resultado 8
51249.9
Jugando Partidos contra vecino 6
Resultado 7
49456.2
Jugando Partidos contra vecino 7
Resultado 5
56101.7
Jugando Partidos contra vecino 8
Resultado 9
52545.2
Jugando Partidos contra vecino 9
Resultado 15
56363.8
Yo soy: 
-27 76 20 89 51 87 50 33 55 -19 58 68 42 23 25 El mejor fue: 9
-27 76 20 89 51 87 50 33 65 -19 58 68 42 23 25 Generación 10
arranca 
Jugando Partidos contra vecino 0
Resultado 7
61221.1
Jugando Partidos contra vecino 1
Resultado 9
59423.2
Jugando Partidos contra vecino 2
Resultado 9
58515.5
Jugando Partidos contra vecino 3
Resultado 7
60940.9
Jugando Partidos contra vecino 4
Resultado 6
46492.7
Jugando Partidos contra vecino 5
Resultado 11
60511.1
Yo soy: 
-27 76 20 89 51 87 50 33 65 -19 58 68 42 23 25 El mejor fue: 5
-27 76 20 89 51 87 50 33 65 -9 58 68 42 23 25 Generación 9
arranca 
Jugando Partidos contra vecino 0
Resultado 11
53032.9
Yo soy: 
-27 76 20 89 51 87 50 33 65 -9 58 68 42 23 25 El mejor fue: 0
-27 76 20 89 51 87 60 33 65 -9 58 68 42 23 25 Generación 8
arranca 
Jugando Partidos contra vecino 0
Resultado 11
61812.6
Yo soy: 
-27 76 20 89 51 87 60 33 65 -9 58 68 42 23 25 El mejor fue: 0
-27 76 20 89 51 87 60 23 65 -9 58 68 42 23 25 Generación 7
arranca 
Jugando Partidos contra vecino 0
Resultado 7
49771.2
Jugando Partidos contra vecino 1
Resultado 7
54377
Jugando Partidos contra vecino 2
Resultado 7
51013.1
Jugando Partidos contra vecino 3
Resultado 13
52131
Yo soy: 
-27 76 20 89 51 87 60 23 65 -9 58 68 42 23 25 El mejor fue: 3
-27 76 20 89 51 87 50 23 65 -9 58 68 42 23 25 Generación 6
arranca 
Jugando Partidos contra vecino 0
Resultado 9
56992.2
Jugando Partidos contra vecino 1
Resultado 9
56196.8
Jugando Partidos contra vecino 2
Resultado 9
27730.6
Jugando Partidos contra vecino 3
Resultado 11
61727
Yo soy: 
-27 76 20 89 51 87 50 23 65 -9 58 68 42 23 25 El mejor fue: 3
-27 76 20 89 51 87 50 13 65 -9 58 68 42 23 25 Generación 5
arranca 
Jugando Partidos contra vecino 0
Resultado 5
52894.7
Jugando Partidos contra vecino 1
Resultado 5
22947.7
Jugando Partidos contra vecino 2
Resultado 9
60511.8
Jugando Partidos contra vecino 3
Resultado 11
52866.7
Yo soy: 
-27 76 20 89 51 87 50 13 65 -9 58 68 42 23 25 El mejor fue: 3
-27 76 20 89 51 87 40 13 65 -9 58 68 42 23 25 Generación 4
arranca 
Jugando Partidos contra vecino 0
Resultado 5
13779
Jugando Partidos contra vecino 1
Resultado 9
46305.2
Jugando Partidos contra vecino 2
Resultado 9
45116.9
Jugando Partidos contra vecino 3
Resultado 11
56989.1
Yo soy: 
-27 76 20 89 51 87 40 13 65 -9 58 68 42 23 25 El mejor fue: 3
-17 76 20 89 51 87 40 13 65 -9 58 68 42 23 25 Generación 3
arranca 
Jugando Partidos contra vecino 0
Resultado 7
58130.1
Jugando Partidos contra vecino 1
Resultado 11
36537.1
Yo soy: 
-17 76 20 89 51 87 40 13 65 -9 58 68 42 23 25 El mejor fue: 1
-17 76 20 89 51 87 30 13 65 -9 58 68 42 23 25 Generación 2
arranca 
Jugando Partidos contra vecino 0
Resultado 9
40364.2
Jugando Partidos contra vecino 1
Resultado 7
47281
Jugando Partidos contra vecino 2
Resultado 5
31497.9
Jugando Partidos contra vecino 3
Resultado 9
54051.6
Jugando Partidos contra vecino 4
Resultado 9
53095.7
Jugando Partidos contra vecino 5
Resultado 7
44669.4
Jugando Partidos contra vecino 6
Resultado 5
56578.1
Jugando Partidos contra vecino 7
Resultado 7
50055.2
Jugando Partidos contra vecino 8
Resultado 7
43550.8
Jugando Partidos contra vecino 9
Resultado 11
29174.2
Yo soy: 
-17 76 20 89 51 87 30 13 65 -9 58 68 42 23 25 El mejor fue: 9
-17 76 20 89 51 87 30 13 65 -9 58 68 42 13 25 Generación 1
arranca 
Jugando Partidos contra vecino 0
Resultado 3
13104.8
Jugando Partidos contra vecino 1
Resultado 5
34160.8
Jugando Partidos contra vecino 2
Resultado 11
25890.3
Yo soy: 
-17 76 20 89 51 87 30 13 65 -9 58 68 42 13 25 El mejor fue: 2
-17 76 20 89 61 87 30 13 65 -9 58 68 42 13 25 Generación 0
9.97831e+06
