arranca 
Jugando Partidos contra vecino 0
Resultado 5
40155.6
Jugando Partidos contra vecino 1
Resultado 9
40322.8
Jugando Partidos contra vecino 2
Resultado 5
43930.7
Jugando Partidos contra vecino 3
Resultado 13
36801.1
Yo soy: 
46 0 57 20 8 80 66 82 28 74 71 32 86 5 62 45 15 90 El mejor fue: 3
46 0 57 20 8 80 66 82 28 24 71 32 86 5 62 45 15 90 Generación 199
arranca 
Jugando Partidos contra vecino 0
Resultado 9
33680.8
Jugando Partidos contra vecino 1
Resultado 9
36396.2
Jugando Partidos contra vecino 2
Resultado 9
47115.7
Jugando Partidos contra vecino 3
Resultado 13
40651.6
Yo soy: 
46 0 57 20 8 80 66 82 28 24 71 32 86 5 62 45 15 90 El mejor fue: 3
46 0 57 20 8 80 66 82 -12 24 71 32 86 5 62 45 15 90 Generación 198
arranca 
Jugando Partidos contra vecino 0
Resultado 11
45317.8
Yo soy: 
46 0 57 20 8 80 66 82 -12 24 71 32 86 5 62 45 15 90 El mejor fue: 0
46 0 57 20 8 80 66 82 -12 24 71 32 86 5 12 45 15 90 Generación 197
arranca 
Jugando Partidos contra vecino 0
Resultado 13
50699.9
Yo soy: 
46 0 57 20 8 80 66 82 -12 24 71 32 86 5 12 45 15 90 El mejor fue: 0
46 0 57 20 48 80 66 82 -12 24 71 32 86 5 12 45 15 90 Generación 196
arranca 
Jugando Partidos contra vecino 0
Resultado 9
40291.4
Jugando Partidos contra vecino 1
Resultado 11
54543.2
Yo soy: 
46 0 57 20 48 80 66 82 -12 24 71 32 86 5 12 45 15 90 El mejor fue: 1
46 0 57 20 48 80 66 82 28 24 71 32 86 5 12 45 15 90 Generación 195
arranca 
Jugando Partidos contra vecino 0
Resultado 9
46148.2
Jugando Partidos contra vecino 1
Resultado 9
47183.6
Jugando Partidos contra vecino 2
Resultado 11
57027
Yo soy: 
46 0 57 20 48 80 66 82 28 24 71 32 86 5 12 45 15 90 El mejor fue: 2
46 0 57 20 48 80 26 82 28 24 71 32 86 5 12 45 15 90 Generación 194
arranca 
Jugando Partidos contra vecino 0
Resultado 13
45915.8
Yo soy: 
46 0 57 20 48 80 26 82 28 24 71 32 86 5 12 45 15 90 El mejor fue: 0
46 0 57 20 48 80 26 82 28 24 71 32 86 5 52 45 15 90 Generación 193
arranca 
Jugando Partidos contra vecino 0
Resultado 9
53605.2
Jugando Partidos contra vecino 1
Resultado 9
40820
Jugando Partidos contra vecino 2
Resultado 9
44466.5
Jugando Partidos contra vecino 3
Resultado 13
50454
Yo soy: 
46 0 57 20 48 80 26 82 28 24 71 32 86 5 52 45 15 90 El mejor fue: 3
46 0 57 20 48 80 26 82 28 24 71 72 86 5 52 45 15 90 Generación 192
arranca 
Jugando Partidos contra vecino 0
Resultado 15
71398.7
Yo soy: 
46 0 57 20 48 80 26 82 28 24 71 72 86 5 52 45 15 90 El mejor fue: 0
46 0 57 20 48 80 26 82 28 24 31 72 86 5 52 45 15 90 Generación 191
arranca 
Jugando Partidos contra vecino 0
Resultado 13
53677.8
Yo soy: 
46 0 57 20 48 80 26 82 28 24 31 72 86 5 52 45 15 90 El mejor fue: 0
46 0 57 20 48 80 26 82 28 24 31 72 86 45 52 45 15 90 Generación 190
arranca 
Jugando Partidos contra vecino 0
Resultado 15
72916.3
Yo soy: 
46 0 57 20 48 80 26 82 28 24 31 72 86 45 52 45 15 90 El mejor fue: 0
46 0 57 20 48 80 26 32 28 24 31 72 86 45 52 45 15 90 Generación 189
arranca 
Jugando Partidos contra vecino 0
Resultado 8
40821.1
Jugando Partidos contra vecino 1
Resultado 13
56491.1
Yo soy: 
46 0 57 20 48 80 26 32 28 24 31 72 86 45 52 45 15 90 El mejor fue: 1
46 0 57 20 48 80 26 32 28 64 31 72 86 45 52 45 15 90 Generación 188
arranca 
Jugando Partidos contra vecino 0
Resultado 13
39419.5
Yo soy: 
46 0 57 20 48 80 26 32 28 64 31 72 86 45 52 45 15 90 El mejor fue: 0
46 0 57 20 48 80 26 32 28 64 31 72 36 45 52 45 15 90 Generación 187
arranca 
Jugando Partidos contra vecino 0
Resultado 7
27342.8
Jugando Partidos contra vecino 1
Resultado 5
35709.2
Jugando Partidos contra vecino 2
Resultado 9
34451.6
Jugando Partidos contra vecino 3
Resultado 4
29508.5
Jugando Partidos contra vecino 4
Resultado 7
29041.1
Jugando Partidos contra vecino 5
Resultado 4
20797.4
Jugando Partidos contra vecino 6
Resultado 6
29979.9
Jugando Partidos contra vecino 7
Resultado 6
34956.4
Jugando Partidos contra vecino 8
Resultado 11
37532.4
Yo soy: 
46 0 57 20 48 80 26 32 28 64 31 72 36 45 52 45 15 90 El mejor fue: 8
46 0 57 20 48 40 26 32 28 64 31 72 36 45 52 45 15 90 Generación 186
arranca 
Jugando Partidos contra vecino 0
Resultado 11
39182.6
Yo soy: 
46 0 57 20 48 40 26 32 28 64 31 72 36 45 52 45 15 90 El mejor fue: 0
46 0 57 20 48 40 26 32 28 64 31 72 36 85 52 45 15 90 Generación 185
arranca 
Jugando Partidos contra vecino 0
Resultado 3
21060.7
Jugando Partidos contra vecino 1
Resultado 11
36171.2
Yo soy: 
46 0 57 20 48 40 26 32 28 64 31 72 36 85 52 45 15 90 El mejor fue: 1
46 0 57 20 48 40 26 32 -12 64 31 72 36 85 52 45 15 90 Generación 184
arranca 
Jugando Partidos contra vecino 0
Resultado 4
28387.8
Jugando Partidos contra vecino 1
Resultado 2
25267.5
Jugando Partidos contra vecino 2
Resultado 11
50345.2
Yo soy: 
46 0 57 20 48 40 26 32 -12 64 31 72 36 85 52 45 15 90 El mejor fue: 2
46 0 97 20 48 40 26 32 -12 64 31 72 36 85 52 45 15 90 Generación 183
arranca 
Jugando Partidos contra vecino 0
Resultado 5
16133.7
Jugando Partidos contra vecino 1
Resultado 5
21076.5
Jugando Partidos contra vecino 2
Resultado 7
21115.1
Jugando Partidos contra vecino 3
Resultado 7
19929.7
Jugando Partidos contra vecino 4
Resultado 9
31032.6
Jugando Partidos contra vecino 5
Resultado 8
36542
Jugando Partidos contra vecino 6
Resultado 13
40327.6
Yo soy: 
46 0 97 20 48 40 26 32 -12 64 31 72 36 85 52 45 15 90 El mejor fue: 6
46 0 97 20 88 40 26 32 -12 64 31 72 36 85 52 45 15 90 Generación 182
arranca 
Jugando Partidos contra vecino 0
Resultado 9
29137.8
Jugando Partidos contra vecino 1
Resultado 6
22840.7
Jugando Partidos contra vecino 2
Resultado 13
47494.1
Yo soy: 
46 0 97 20 88 40 26 32 -12 64 31 72 36 85 52 45 15 90 El mejor fue: 2
46 0 97 20 88 40 26 -8 -12 64 31 72 36 85 52 45 15 90 Generación 181
arranca 
Jugando Partidos contra vecino 0
Resultado 7
29098.7
Jugando Partidos contra vecino 1
Resultado 9
24178.6
Jugando Partidos contra vecino 2
Resultado 11
30143.1
Yo soy: 
46 0 97 20 88 40 26 -8 -12 64 31 72 36 85 52 45 15 90 El mejor fue: 2
46 0 47 20 88 40 26 -8 -12 64 31 72 36 85 52 45 15 90 Generación 180
arranca 
Jugando Partidos contra vecino 0
Resultado 15
68864
Yo soy: 
46 0 47 20 88 40 26 -8 -12 64 31 72 36 85 52 45 15 90 El mejor fue: 0
46 0 47 20 88 40 26 -8 -12 64 -9 72 36 85 52 45 15 90 Generación 179
arranca 
Jugando Partidos contra vecino 0
Resultado 12
56912.5
Yo soy: 
46 0 47 20 88 40 26 -8 -12 64 -9 72 36 85 52 45 15 90 El mejor fue: 0
46 0 47 20 88 40 26 -8 -12 64 -9 72 36 85 52 45 -25 90 Generación 178
arranca 
Jugando Partidos contra vecino 0
Resultado 12
59876.5
Yo soy: 
46 0 47 20 88 40 26 -8 -12 64 -9 72 36 85 52 45 -25 90 El mejor fue: 0
46 0 47 20 88 40 26 -8 -12 24 -9 72 36 85 52 45 -25 90 Generación 177
arranca 
Jugando Partidos contra vecino 0
Resultado 9
45652.9
Jugando Partidos contra vecino 1
Resultado 9
47142.1
Jugando Partidos contra vecino 2
Resultado 15
52847.4
Yo soy: 
46 0 47 20 88 40 26 -8 -12 24 -9 72 36 85 52 45 -25 90 El mejor fue: 2
46 0 47 20 88 40 26 -8 -52 24 -9 72 36 85 52 45 -25 90 Generación 176
arranca 
Jugando Partidos contra vecino 0
Resultado 15
58376.5
Yo soy: 
46 0 47 20 88 40 26 -8 -52 24 -9 72 36 85 52 45 -25 90 El mejor fue: 0
46 0 47 20 88 40 26 -8 -52 24 -9 72 36 85 52 45 -25 40 Generación 175
arranca 
Jugando Partidos contra vecino 0
Resultado 15
61622.1
Yo soy: 
46 0 47 20 88 40 26 -8 -52 24 -9 72 36 85 52 45 -25 40 El mejor fue: 0
46 0 47 20 88 0 26 -8 -52 24 -9 72 36 85 52 45 -25 40 Generación 174
arranca 
Jugando Partidos contra vecino 0
Resultado 15
53913.1
Yo soy: 
46 0 47 20 88 0 26 -8 -52 24 -9 72 36 85 52 45 -25 40 El mejor fue: 0
46 0 47 20 88 -40 26 -8 -52 24 -9 72 36 85 52 45 -25 40 Generación 173
arranca 
Jugando Partidos contra vecino 0
Resultado 5
16340.9
Jugando Partidos contra vecino 1
Resultado 13
61224.8
Yo soy: 
46 0 47 20 88 -40 26 -8 -52 24 -9 72 36 85 52 45 -25 40 El mejor fue: 1
46 0 47 20 88 -40 26 -8 -52 24 -9 72 36 35 52 45 -25 40 Generación 172
arranca 
Jugando Partidos contra vecino 0
Resultado 13
49460.6
Yo soy: 
46 0 47 20 88 -40 26 -8 -52 24 -9 72 36 35 52 45 -25 40 El mejor fue: 0
46 0 47 20 88 0 26 -8 -52 24 -9 72 36 35 52 45 -25 40 Generación 171
arranca 
Jugando Partidos contra vecino 0
Resultado 4
27314.5
Jugando Partidos contra vecino 1
Resultado 13
53885.9
Yo soy: 
46 0 47 20 88 0 26 -8 -52 24 -9 72 36 35 52 45 -25 40 El mejor fue: 1
46 0 47 20 88 0 26 -8 -52 24 -9 72 36 35 52 85 -25 40 Generación 170
arranca 
Jugando Partidos contra vecino 0
Resultado 13
62124.8
Yo soy: 
46 0 47 20 88 0 26 -8 -52 24 -9 72 36 35 52 85 -25 40 El mejor fue: 0
46 0 47 20 88 0 26 -8 -52 24 -9 72 36 35 52 85 15 40 Generación 169
arranca 
Jugando Partidos contra vecino 0
Resultado 4
31305.9
Jugando Partidos contra vecino 1
Resultado 4
29339.5
Jugando Partidos contra vecino 2
Resultado 15
73572.3
Yo soy: 
46 0 47 20 88 0 26 -8 -52 24 -9 72 36 35 52 85 15 40 El mejor fue: 2
46 0 47 20 88 0 26 -8 -52 -16 -9 72 36 35 52 85 15 40 Generación 168
arranca 
Jugando Partidos contra vecino 0
Resultado 5
15906.5
Jugando Partidos contra vecino 1
Resultado 13
60775.2
Yo soy: 
46 0 47 20 88 0 26 -8 -52 -16 -9 72 36 35 52 85 15 40 El mejor fue: 1
46 0 47 20 88 0 26 -8 -52 -16 -9 72 36 35 52 85 15 80 Generación 167
arranca 
Jugando Partidos contra vecino 0
Resultado 11
43625.1
Yo soy: 
46 0 47 20 88 0 26 -8 -52 -16 -9 72 36 35 52 85 15 80 El mejor fue: 0
46 0 47 20 88 -40 26 -8 -52 -16 -9 72 36 35 52 85 15 80 Generación 166
arranca 
Jugando Partidos contra vecino 0
Resultado 15
67022.9
Yo soy: 
46 0 47 20 88 -40 26 -8 -52 -16 -9 72 36 35 52 85 15 80 El mejor fue: 0
46 0 47 20 88 0 26 -8 -52 -16 -9 72 36 35 52 85 15 80 Generación 165
arranca 
Jugando Partidos contra vecino 0
Resultado 11
24792
Yo soy: 
46 0 47 20 88 0 26 -8 -52 -16 -9 72 36 35 52 85 15 80 El mejor fue: 0
46 0 87 20 88 0 26 -8 -52 -16 -9 72 36 35 52 85 15 80 Generación 164
arranca 
Jugando Partidos contra vecino 0
Resultado 9
25687.2
Jugando Partidos contra vecino 1
Resultado 7
25133.4
Jugando Partidos contra vecino 2
Resultado 5
14218.9
Jugando Partidos contra vecino 3
Resultado 5
16179.9
Jugando Partidos contra vecino 4
Resultado 7
19792.9
Jugando Partidos contra vecino 5
Resultado 5
16226.9
Jugando Partidos contra vecino 6
Resultado 5
13810.5
Jugando Partidos contra vecino 7
Resultado 7
17894.6
Jugando Partidos contra vecino 8
Resultado 5
13725.2
Jugando Partidos contra vecino 9
Resultado 5
16508.8
Jugando Partidos contra vecino 10
Resultado 5
18720.2
Jugando Partidos contra vecino 11
Resultado 5
15006.6
Jugando Partidos contra vecino 12
Resultado 5
17091.5
Jugando Partidos contra vecino 13
Resultado 5
17902.7
Jugando Partidos contra vecino 14
Resultado 7
17934.4
Jugando Partidos contra vecino 15
Resultado 5
15664.8
Jugando Partidos contra vecino 16
Resultado 5
17413.2
Jugando Partidos contra vecino 17
Resultado 7
18113.1
Jugando Partidos contra vecino 18
Resultado 7
20392.5
Jugando Partidos contra vecino 19
Resultado 5
17557.3
Jugando Partidos contra vecino 20
Resultado 9
33503.7
Jugando Partidos contra vecino 21
Resultado 13
22135.5
Yo soy: 
46 0 87 20 88 0 26 -8 -52 -16 -9 72 36 35 52 85 15 80 El mejor fue: 21
46 0 87 20 88 0 26 -8 -52 -16 -9 72 36 -5 52 85 15 80 Generación 163
arranca 
Jugando Partidos contra vecino 0
Resultado 5
35751.7
Jugando Partidos contra vecino 1
Resultado 11
33805.7
Yo soy: 
46 0 87 20 88 0 26 -8 -52 -16 -9 72 36 -5 52 85 15 80 El mejor fue: 1
46 40 87 20 88 0 26 -8 -52 -16 -9 72 36 -5 52 85 15 80 Generación 162
arranca 
Jugando Partidos contra vecino 0
Resultado 13
34281.3
Yo soy: 
46 40 87 20 88 0 26 -8 -52 -16 -9 72 36 -5 52 85 15 80 El mejor fue: 0
46 40 87 20 88 0 26 -8 -52 -16 -9 72 36 -5 52 85 15 40 Generación 161
arranca 
Jugando Partidos contra vecino 0
Resultado 9
26281.3
Jugando Partidos contra vecino 1
Resultado 13
32925.4
Yo soy: 
46 40 87 20 88 0 26 -8 -52 -16 -9 72 36 -5 52 85 15 40 El mejor fue: 1
46 40 47 20 88 0 26 -8 -52 -16 -9 72 36 -5 52 85 15 40 Generación 160
arranca 
Jugando Partidos contra vecino 0
Resultado 11
34517
Yo soy: 
46 40 47 20 88 0 26 -8 -52 -16 -9 72 36 -5 52 85 15 40 El mejor fue: 0
46 40 47 20 88 0 26 -8 -52 -16 -9 72 36 -5 92 85 15 40 Generación 159
arranca 
Jugando Partidos contra vecino 0
Resultado 5
44029.6
Jugando Partidos contra vecino 1
Resultado 5
49387.4
Jugando Partidos contra vecino 2
Resultado 15
47351.7
Yo soy: 
46 40 47 20 88 0 26 -8 -52 -16 -9 72 36 -5 92 85 15 40 El mejor fue: 2
46 40 47 20 88 0 26 -8 -52 -16 -9 72 36 -5 42 85 15 40 Generación 158
arranca 
Jugando Partidos contra vecino 0
Resultado 4
51217.8
Jugando Partidos contra vecino 1
Resultado 7
36135.2
Jugando Partidos contra vecino 2
Resultado 11
47183.4
Yo soy: 
46 40 47 20 88 0 26 -8 -52 -16 -9 72 36 -5 42 85 15 40 El mejor fue: 2
46 40 47 20 88 0 26 -48 -52 -16 -9 72 36 -5 42 85 15 40 Generación 157
arranca 
Jugando Partidos contra vecino 0
Resultado 7
41609.4
Jugando Partidos contra vecino 1
Resultado 13
40894.8
Yo soy: 
46 40 47 20 88 0 26 -48 -52 -16 -9 72 36 -5 42 85 15 40 El mejor fue: 1
46 40 47 20 88 0 26 -48 -52 -16 -9 72 36 -5 82 85 15 40 Generación 156
arranca 
Jugando Partidos contra vecino 0
Resultado 9
45379
Jugando Partidos contra vecino 1
Resultado 5
25587.4
Jugando Partidos contra vecino 2
Resultado 13
40762
Yo soy: 
46 40 47 20 88 0 26 -48 -52 -16 -9 72 36 -5 82 85 15 40 El mejor fue: 2
46 40 47 20 88 0 26 -48 -52 -16 -9 72 76 -5 82 85 15 40 Generación 155
arranca 
Jugando Partidos contra vecino 0
Resultado 5
33366
Jugando Partidos contra vecino 1
Resultado 11
49073.3
Yo soy: 
46 40 47 20 88 0 26 -48 -52 -16 -9 72 76 -5 82 85 15 40 El mejor fue: 1
46 40 47 20 88 0 26 -48 -52 -16 -9 72 76 -5 32 85 15 40 Generación 154
arranca 
Jugando Partidos contra vecino 0
Resultado 13
42333.3
Yo soy: 
46 40 47 20 88 0 26 -48 -52 -16 -9 72 76 -5 32 85 15 40 El mejor fue: 0
46 40 87 20 88 0 26 -48 -52 -16 -9 72 76 -5 32 85 15 40 Generación 153
arranca 
Jugando Partidos contra vecino 0
Resultado 5
25770.3
Jugando Partidos contra vecino 1
Resultado 13
31576.3
Yo soy: 
46 40 87 20 88 0 26 -48 -52 -16 -9 72 76 -5 32 85 15 40 El mejor fue: 1
46 40 87 20 38 0 26 -48 -52 -16 -9 72 76 -5 32 85 15 40 Generación 152
arranca 
Jugando Partidos contra vecino 0
Resultado 13
33476.2
Yo soy: 
46 40 87 20 38 0 26 -48 -52 -16 -9 72 76 -5 32 85 15 40 El mejor fue: 0
46 40 87 20 38 0 26 -48 -52 24 -9 72 76 -5 32 85 15 40 Generación 151
arranca 
Jugando Partidos contra vecino 0
Resultado 15
27758.6
Yo soy: 
46 40 87 20 38 0 26 -48 -52 24 -9 72 76 -5 32 85 15 40 El mejor fue: 0
46 40 87 20 38 0 26 -48 -52 24 -9 72 76 -5 32 85 15 80 Generación 150
arranca 
Jugando Partidos contra vecino 0
Resultado 4
25977.3
Jugando Partidos contra vecino 1
Resultado 15
38481.9
Yo soy: 
46 40 87 20 38 0 26 -48 -52 24 -9 72 76 -5 32 85 15 80 El mejor fue: 1
6 40 87 20 38 0 26 -48 -52 24 -9 72 76 -5 32 85 15 80 Generación 149
arranca 
Jugando Partidos contra vecino 0
Resultado 13
35384.8
Yo soy: 
6 40 87 20 38 0 26 -48 -52 24 -9 72 76 -5 32 85 15 80 El mejor fue: 0
6 40 87 20 38 0 26 -48 -52 24 -9 22 76 -5 32 85 15 80 Generación 148
arranca 
Jugando Partidos contra vecino 0
Resultado 13
24568.3
Yo soy: 
6 40 87 20 38 0 26 -48 -52 24 -9 22 76 -5 32 85 15 80 El mejor fue: 0
6 40 87 20 38 0 26 -48 -52 24 -49 22 76 -5 32 85 15 80 Generación 147
arranca 
Jugando Partidos contra vecino 0
Resultado 13
20744.7
Yo soy: 
6 40 87 20 38 0 26 -48 -52 24 -49 22 76 -5 32 85 15 80 El mejor fue: 0
46 40 87 20 38 0 26 -48 -52 24 -49 22 76 -5 32 85 15 80 Generación 146
arranca 
Jugando Partidos contra vecino 0
Resultado 9
22988.6
Jugando Partidos contra vecino 1
Resultado 5
19841.5
Jugando Partidos contra vecino 2
Resultado 13
21168.2
Yo soy: 
46 40 87 20 38 0 26 -48 -52 24 -49 22 76 -5 32 85 15 80 El mejor fue: 2
46 40 87 20 78 0 26 -48 -52 24 -49 22 76 -5 32 85 15 80 Generación 145
arranca 
Jugando Partidos contra vecino 0
Resultado 11
23676.2
Yo soy: 
46 40 87 20 78 0 26 -48 -52 24 -49 22 76 -5 32 85 15 80 El mejor fue: 0
46 40 37 20 78 0 26 -48 -52 24 -49 22 76 -5 32 85 15 80 Generación 144
arranca 
Jugando Partidos contra vecino 0
Resultado 13
20765.9
Yo soy: 
46 40 37 20 78 0 26 -48 -52 24 -49 22 76 -5 32 85 15 80 El mejor fue: 0
46 40 37 20 78 0 26 -48 -52 64 -49 22 76 -5 32 85 15 80 Generación 143
arranca 
Jugando Partidos contra vecino 0
Resultado 13
27469.6
Yo soy: 
46 40 37 20 78 0 26 -48 -52 64 -49 22 76 -5 32 85 15 80 El mejor fue: 0
46 0 37 20 78 0 26 -48 -52 64 -49 22 76 -5 32 85 15 80 Generación 142
arranca 
Jugando Partidos contra vecino 0
Resultado 7
23229.8
Jugando Partidos contra vecino 1
Resultado 15
22425.1
Yo soy: 
46 0 37 20 78 0 26 -48 -52 64 -49 22 76 -5 32 85 15 80 El mejor fue: 1
46 0 37 20 28 0 26 -48 -52 64 -49 22 76 -5 32 85 15 80 Generación 141
arranca 
Jugando Partidos contra vecino 0
Resultado 7
29738.3
Jugando Partidos contra vecino 1
Resultado 11
21959.4
Yo soy: 
46 0 37 20 28 0 26 -48 -52 64 -49 22 76 -5 32 85 15 80 El mejor fue: 1
46 0 37 20 28 0 26 -48 -52 64 -49 -18 76 -5 32 85 15 80 Generación 140
arranca 
Jugando Partidos contra vecino 0
Resultado 7
13246.7
Jugando Partidos contra vecino 1
Resultado 13
13759
Yo soy: 
46 0 37 20 28 0 26 -48 -52 64 -49 -18 76 -5 32 85 15 80 El mejor fue: 1
46 0 37 20 28 0 26 -48 -52 24 -49 -18 76 -5 32 85 15 80 Generación 139
arranca 
Jugando Partidos contra vecino 0
Resultado 9
12638.6
Jugando Partidos contra vecino 1
Resultado 7
12632
Jugando Partidos contra vecino 2
Resultado 7
10180.4
Jugando Partidos contra vecino 3
Resultado 11
17108.9
Yo soy: 
46 0 37 20 28 0 26 -48 -52 24 -49 -18 76 -5 32 85 15 80 El mejor fue: 3
46 -40 37 20 28 0 26 -48 -52 24 -49 -18 76 -5 32 85 15 80 Generación 138
arranca 
Jugando Partidos contra vecino 0
Resultado 15
30651.8
Yo soy: 
46 -40 37 20 28 0 26 -48 -52 24 -49 -18 76 -5 32 85 15 80 El mejor fue: 0
46 -40 37 20 28 40 26 -48 -52 24 -49 -18 76 -5 32 85 15 80 Generación 137
arranca 
Jugando Partidos contra vecino 0
Resultado 13
31085
Yo soy: 
46 -40 37 20 28 40 26 -48 -52 24 -49 -18 76 -5 32 85 15 80 El mejor fue: 0
46 -40 37 20 28 40 26 -48 -52 24 -49 -18 76 -5 -8 85 15 80 Generación 136
arranca 
Jugando Partidos contra vecino 0
Resultado 9
15568.7
Jugando Partidos contra vecino 1
Resultado 5
22858.2
Jugando Partidos contra vecino 2
Resultado 9
18882.4
Jugando Partidos contra vecino 3
Resultado 7
17688.7
Jugando Partidos contra vecino 4
Resultado 5
9446.41
Jugando Partidos contra vecino 5
Resultado 5
18086.6
Jugando Partidos contra vecino 6
Resultado 9
18411
Jugando Partidos contra vecino 7
Resultado 7
15358
Jugando Partidos contra vecino 8
Resultado 11
25306.1
Yo soy: 
46 -40 37 20 28 40 26 -48 -52 24 -49 -18 76 -5 -8 85 15 80 El mejor fue: 8
46 -40 37 20 28 40 26 -48 -52 24 -89 -18 76 -5 -8 85 15 80 Generación 135
arranca 
Jugando Partidos contra vecino 0
Resultado 5
18078.2
Jugando Partidos contra vecino 1
Resultado 7
12190.3
Jugando Partidos contra vecino 2
Resultado 11
19982.7
Yo soy: 
46 -40 37 20 28 40 26 -48 -52 24 -89 -18 76 -5 -8 85 15 80 El mejor fue: 2
46 -40 37 20 28 80 26 -48 -52 24 -89 -18 76 -5 -8 85 15 80 Generación 134
arranca 
Jugando Partidos contra vecino 0
Resultado 7
16316.6
Jugando Partidos contra vecino 1
Resultado 7
18138.1
Jugando Partidos contra vecino 2
Resultado 15
26817.5
Yo soy: 
46 -40 37 20 28 80 26 -48 -52 24 -89 -18 76 -5 -8 85 15 80 El mejor fue: 2
46 -40 37 20 28 80 26 -8 -52 24 -89 -18 76 -5 -8 85 15 80 Generación 133
arranca 
Jugando Partidos contra vecino 0
Resultado 11
19036
Yo soy: 
46 -40 37 20 28 80 26 -8 -52 24 -89 -18 76 -5 -8 85 15 80 El mejor fue: 0
46 -40 37 20 28 30 26 -8 -52 24 -89 -18 76 -5 -8 85 15 80 Generación 132
arranca 
Jugando Partidos contra vecino 0
Resultado 5
12777.2
Jugando Partidos contra vecino 1
Resultado 5
10677.2
Jugando Partidos contra vecino 2
Resultado 13
24826.9
Yo soy: 
46 -40 37 20 28 30 26 -8 -52 24 -89 -18 76 -5 -8 85 15 80 El mejor fue: 2
46 -40 37 20 28 70 26 -8 -52 24 -89 -18 76 -5 -8 85 15 80 Generación 131
arranca 
Jugando Partidos contra vecino 0
Resultado 5
19978.3
Jugando Partidos contra vecino 1
Resultado 13
22138.1
Yo soy: 
46 -40 37 20 28 70 26 -8 -52 24 -89 -18 76 -5 -8 85 15 80 El mejor fue: 1
46 -40 37 20 28 70 26 -8 -52 24 -39 -18 76 -5 -8 85 15 80 Generación 130
arranca 
Jugando Partidos contra vecino 0
Resultado 7
17268.1
Jugando Partidos contra vecino 1
Resultado 15
20493.6
Yo soy: 
46 -40 37 20 28 70 26 -8 -52 24 -39 -18 76 -5 -8 85 15 80 El mejor fue: 1
46 -80 37 20 28 70 26 -8 -52 24 -39 -18 76 -5 -8 85 15 80 Generación 129
arranca 
Jugando Partidos contra vecino 0
Resultado 11
26332.7
Yo soy: 
46 -80 37 20 28 70 26 -8 -52 24 -39 -18 76 -5 -8 85 15 80 El mejor fue: 0
46 -80 37 20 28 70 26 -8 -52 24 -39 -18 76 -5 -8 85 15 30 Generación 128
arranca 
Jugando Partidos contra vecino 0
Resultado 9
17560.6
Jugando Partidos contra vecino 1
Resultado 13
34058.5
Yo soy: 
46 -80 37 20 28 70 26 -8 -52 24 -39 -18 76 -5 -8 85 15 30 El mejor fue: 1
46 -80 37 20 68 70 26 -8 -52 24 -39 -18 76 -5 -8 85 15 30 Generación 127
arranca 
Jugando Partidos contra vecino 0
Resultado 13
30695.8
Yo soy: 
46 -80 37 20 68 70 26 -8 -52 24 -39 -18 76 -5 -8 85 15 30 El mejor fue: 0
46 -80 37 20 68 70 26 -8 -52 24 -39 -18 76 -5 -8 85 -25 30 Generación 126
arranca 
Jugando Partidos contra vecino 0
Resultado 15
38461
Yo soy: 
46 -80 37 20 68 70 26 -8 -52 24 -39 -18 76 -5 -8 85 -25 30 El mejor fue: 0
46 -80 37 20 68 70 66 -8 -52 24 -39 -18 76 -5 -8 85 -25 30 Generación 125
arranca 
Jugando Partidos contra vecino 0
Resultado 7
39501.7
Jugando Partidos contra vecino 1
Resultado 5
26399.3
Jugando Partidos contra vecino 2
Resultado 5
23884.5
Jugando Partidos contra vecino 3
Resultado 7
31915.9
Jugando Partidos contra vecino 4
Resultado 5
27041.4
Jugando Partidos contra vecino 5
Resultado 5
25504.7
Jugando Partidos contra vecino 6
Resultado 5
29335.2
Jugando Partidos contra vecino 7
Resultado 13
35321.4
Yo soy: 
46 -80 37 20 68 70 66 -8 -52 24 -39 -18 76 -5 -8 85 -25 30 El mejor fue: 7
46 -80 37 20 68 70 66 -8 -92 24 -39 -18 76 -5 -8 85 -25 30 Generación 124
arranca 
Jugando Partidos contra vecino 0
Resultado 2
24151.2
Jugando Partidos contra vecino 1
Resultado 13
26810.3
Yo soy: 
46 -80 37 20 68 70 66 -8 -92 24 -39 -18 76 -5 -8 85 -25 30 El mejor fue: 1
46 -80 37 20 68 70 66 -8 -92 24 -39 -18 76 -5 -8 85 -25 70 Generación 123
arranca 
Jugando Partidos contra vecino 0
Resultado 15
27078
Yo soy: 
46 -80 37 20 68 70 66 -8 -92 24 -39 -18 76 -5 -8 85 -25 70 El mejor fue: 0
46 -80 37 20 68 70 16 -8 -92 24 -39 -18 76 -5 -8 85 -25 70 Generación 122
arranca 
Jugando Partidos contra vecino 0
Resultado 11
31232.6
Yo soy: 
46 -80 37 20 68 70 16 -8 -92 24 -39 -18 76 -5 -8 85 -25 70 El mejor fue: 0
46 -80 37 20 68 70 16 -8 -92 24 -39 22 76 -5 -8 85 -25 70 Generación 121
arranca 
Jugando Partidos contra vecino 0
Resultado 9
27058.9
Jugando Partidos contra vecino 1
Resultado 9
27321.9
Jugando Partidos contra vecino 2
Resultado 13
32796
Yo soy: 
46 -80 37 20 68 70 16 -8 -92 24 -39 22 76 -5 -8 85 -25 70 El mejor fue: 2
46 -80 37 20 68 70 16 -8 -92 24 -39 22 76 -5 -8 85 -65 70 Generación 120
arranca 
Jugando Partidos contra vecino 0
Resultado 9
28131.8
Jugando Partidos contra vecino 1
Resultado 15
37270.8
Yo soy: 
46 -80 37 20 68 70 16 -8 -92 24 -39 22 76 -5 -8 85 -65 70 El mejor fue: 1
46 -80 37 20 68 70 16 -8 -92 -16 -39 22 76 -5 -8 85 -65 70 Generación 119
arranca 
Jugando Partidos contra vecino 0
Resultado 11
24539.1
Yo soy: 
46 -80 37 20 68 70 16 -8 -92 -16 -39 22 76 -5 -8 85 -65 70 El mejor fue: 0
46 -80 37 20 68 70 16 -8 -92 -16 -39 22 36 -5 -8 85 -65 70 Generación 118
arranca 
Jugando Partidos contra vecino 0
Resultado 5
27880
Jugando Partidos contra vecino 1
Resultado 5
27482.1
Jugando Partidos contra vecino 2
Resultado 13
29399.9
Yo soy: 
46 -80 37 20 68 70 16 -8 -92 -16 -39 22 36 -5 -8 85 -65 70 El mejor fue: 2
6 -80 37 20 68 70 16 -8 -92 -16 -39 22 36 -5 -8 85 -65 70 Generación 117
arranca 
Jugando Partidos contra vecino 0
Resultado 13
28923.8
Yo soy: 
6 -80 37 20 68 70 16 -8 -92 -16 -39 22 36 -5 -8 85 -65 70 El mejor fue: 0
6 -80 37 20 28 70 16 -8 -92 -16 -39 22 36 -5 -8 85 -65 70 Generación 116
arranca 
Jugando Partidos contra vecino 0
Resultado 11
27241.9
Yo soy: 
6 -80 37 20 28 70 16 -8 -92 -16 -39 22 36 -5 -8 85 -65 70 El mejor fue: 0
6 -80 37 20 28 70 16 -8 -92 -16 -39 22 36 -5 -48 85 -65 70 Generación 115
arranca 
Jugando Partidos contra vecino 0
Resultado 7
20167.2
Jugando Partidos contra vecino 1
Resultado 15
33158.8
Yo soy: 
6 -80 37 20 28 70 16 -8 -92 -16 -39 22 36 -5 -48 85 -65 70 El mejor fue: 1
6 -80 37 20 28 70 56 -8 -92 -16 -39 22 36 -5 -48 85 -65 70 Generación 114
arranca 
Jugando Partidos contra vecino 0
Resultado 15
29555.1
Yo soy: 
6 -80 37 20 28 70 56 -8 -92 -16 -39 22 36 -5 -48 85 -65 70 El mejor fue: 0
6 -40 37 20 28 70 56 -8 -92 -16 -39 22 36 -5 -48 85 -65 70 Generación 113
arranca 
Jugando Partidos contra vecino 0
Resultado 15
40751.1
Yo soy: 
6 -40 37 20 28 70 56 -8 -92 -16 -39 22 36 -5 -48 85 -65 70 El mejor fue: 0
6 -40 37 20 28 70 56 -8 -92 24 -39 22 36 -5 -48 85 -65 70 Generación 112
arranca 
Jugando Partidos contra vecino 0
Resultado 10
27247.3
Yo soy: 
6 -40 37 20 28 70 56 -8 -92 24 -39 22 36 -5 -48 85 -65 70 El mejor fue: 0
6 -40 37 20 28 70 56 -8 -92 24 -39 22 36 35 -48 85 -65 70 Generación 111
arranca 
Jugando Partidos contra vecino 0
Resultado 11
31752.8
Yo soy: 
6 -40 37 20 28 70 56 -8 -92 24 -39 22 36 35 -48 85 -65 70 El mejor fue: 0
-34 -40 37 20 28 70 56 -8 -92 24 -39 22 36 35 -48 85 -65 70 Generación 110
arranca 
Jugando Partidos contra vecino 0
Resultado 15
34584.4
Yo soy: 
-34 -40 37 20 28 70 56 -8 -92 24 -39 22 36 35 -48 85 -65 70 El mejor fue: 0
-34 -40 37 20 28 70 56 -8 -92 24 -39 22 36 35 -88 85 -65 70 Generación 109
arranca 
Jugando Partidos contra vecino 0
Resultado 8
25737.6
Jugando Partidos contra vecino 1
Resultado 13
34072.7
Yo soy: 
-34 -40 37 20 28 70 56 -8 -92 24 -39 22 36 35 -88 85 -65 70 El mejor fue: 1
-34 -40 37 20 28 70 56 32 -92 24 -39 22 36 35 -88 85 -65 70 Generación 108
arranca 
Jugando Partidos contra vecino 0
Resultado 13
30982.4
Yo soy: 
-34 -40 37 20 28 70 56 32 -92 24 -39 22 36 35 -88 85 -65 70 El mejor fue: 0
-34 -40 37 20 28 70 56 32 -92 24 -39 22 36 35 -88 85 -25 70 Generación 107
arranca 
Jugando Partidos contra vecino 0
Resultado 11
30856.9
Yo soy: 
-34 -40 37 20 28 70 56 32 -92 24 -39 22 36 35 -88 85 -25 70 El mejor fue: 0
-34 -40 37 20 28 70 56 32 -52 24 -39 22 36 35 -88 85 -25 70 Generación 106
arranca 
Jugando Partidos contra vecino 0
Resultado 11
32222.8
Yo soy: 
-34 -40 37 20 28 70 56 32 -52 24 -39 22 36 35 -88 85 -25 70 El mejor fue: 0
-34 -40 37 20 28 70 56 32 -52 24 -39 22 36 35 -88 85 -25 30 Generación 105
arranca 
Jugando Partidos contra vecino 0
Resultado 15
35358.6
Yo soy: 
-34 -40 37 20 28 70 56 32 -52 24 -39 22 36 35 -88 85 -25 30 El mejor fue: 0
-34 -40 37 20 28 70 56 32 -52 24 -39 22 36 35 -48 85 -25 30 Generación 104
arranca 
Jugando Partidos contra vecino 0
Resultado 9
36259.7
Jugando Partidos contra vecino 1
Resultado 15
39143.3
Yo soy: 
-34 -40 37 20 28 70 56 32 -52 24 -39 22 36 35 -48 85 -25 30 El mejor fue: 1
-34 -40 37 20 28 70 56 32 -92 24 -39 22 36 35 -48 85 -25 30 Generación 103
arranca 
Jugando Partidos contra vecino 0
Resultado 13
34267.4
Yo soy: 
-34 -40 37 20 28 70 56 32 -92 24 -39 22 36 35 -48 85 -25 30 El mejor fue: 0
-34 -40 37 20 28 70 56 32 -92 24 1 22 36 35 -48 85 -25 30 Generación 102
arranca 
Jugando Partidos contra vecino 0
Resultado 11
27883.5
Yo soy: 
-34 -40 37 20 28 70 56 32 -92 24 1 22 36 35 -48 85 -25 30 El mejor fue: 0
-34 -40 37 20 28 70 56 32 -52 24 1 22 36 35 -48 85 -25 30 Generación 101
arranca 
Jugando Partidos contra vecino 0
Resultado 11
41108.5
Yo soy: 
-34 -40 37 20 28 70 56 32 -52 24 1 22 36 35 -48 85 -25 30 El mejor fue: 0
-34 -40 37 20 28 70 56 32 -52 24 1 22 36 -5 -48 85 -25 30 Generación 100
arranca 
Jugando Partidos contra vecino 0
Resultado 13
58747.5
Yo soy: 
-34 -40 37 20 28 70 56 32 -52 24 1 22 36 -5 -48 85 -25 30 El mejor fue: 0
-34 -40 37 20 28 70 56 32 -52 24 1 22 36 -5 -48 45 -25 30 Generación 99
arranca 
Jugando Partidos contra vecino 0
Resultado 9
32655.2
Jugando Partidos contra vecino 1
Resultado 13
46559.4
Yo soy: 
-34 -40 37 20 28 70 56 32 -52 24 1 22 36 -5 -48 45 -25 30 El mejor fue: 1
-34 -40 37 20 28 70 56 72 -52 24 1 22 36 -5 -48 45 -25 30 Generación 98
arranca 
Jugando Partidos contra vecino 0
Resultado 7
57391.6
Jugando Partidos contra vecino 1
Resultado 15
50024.3
Yo soy: 
-34 -40 37 20 28 70 56 72 -52 24 1 22 36 -5 -48 45 -25 30 El mejor fue: 1
-34 0 37 20 28 70 56 72 -52 24 1 22 36 -5 -48 45 -25 30 Generación 97
arranca 
Jugando Partidos contra vecino 0
Resultado 11
31126.8
Yo soy: 
-34 0 37 20 28 70 56 72 -52 24 1 22 36 -5 -48 45 -25 30 El mejor fue: 0
-34 0 37 20 28 70 56 72 -52 24 1 22 36 -5 -48 45 -65 30 Generación 96
arranca 
Jugando Partidos contra vecino 0
Resultado 11
38608.1
Yo soy: 
-34 0 37 20 28 70 56 72 -52 24 1 22 36 -5 -48 45 -65 30 El mejor fue: 0
-34 0 37 20 -12 70 56 72 -52 24 1 22 36 -5 -48 45 -65 30 Generación 95
arranca 
Jugando Partidos contra vecino 0
Resultado 7
42528.4
Jugando Partidos contra vecino 1
Resultado 5
35698
Jugando Partidos contra vecino 2
Resultado 11
38039.7
Yo soy: 
-34 0 37 20 -12 70 56 72 -52 24 1 22 36 -5 -48 45 -65 30 El mejor fue: 2
-34 0 37 20 -12 70 16 72 -52 24 1 22 36 -5 -48 45 -65 30 Generación 94
arranca 
Jugando Partidos contra vecino 0
Resultado 13
45756.2
Yo soy: 
-34 0 37 20 -12 70 16 72 -52 24 1 22 36 -5 -48 45 -65 30 El mejor fue: 0
-34 0 37 20 -12 70 16 72 -52 24 1 22 36 -5 -8 45 -65 30 Generación 93
arranca 
Jugando Partidos contra vecino 0
Resultado 15
26859
Yo soy: 
-34 0 37 20 -12 70 16 72 -52 24 1 22 36 -5 -8 45 -65 30 El mejor fue: 0
-34 0 37 60 -12 70 16 72 -52 24 1 22 36 -5 -8 45 -65 30 Generación 92
arranca 
Jugando Partidos contra vecino 0
Resultado 13
31883.4
Yo soy: 
-34 0 37 60 -12 70 16 72 -52 24 1 22 36 -5 -8 45 -65 30 El mejor fue: 0
-34 0 37 60 -12 70 16 72 -52 24 1 22 76 -5 -8 45 -65 30 Generación 91
arranca 
Jugando Partidos contra vecino 0
Resultado 13
41871.7
Yo soy: 
-34 0 37 60 -12 70 16 72 -52 24 1 22 76 -5 -8 45 -65 30 El mejor fue: 0
-34 0 -3 60 -12 70 16 72 -52 24 1 22 76 -5 -8 45 -65 30 Generación 90
arranca 
Jugando Partidos contra vecino 0
Resultado 11
61171.3
Yo soy: 
-34 0 -3 60 -12 70 16 72 -52 24 1 22 76 -5 -8 45 -65 30 El mejor fue: 0
-34 0 -3 60 -12 70 16 72 -52 24 1 22 76 -45 -8 45 -65 30 Generación 89
arranca 
Jugando Partidos contra vecino 0
Resultado 15
55284.9
Yo soy: 
-34 0 -3 60 -12 70 16 72 -52 24 1 22 76 -45 -8 45 -65 30 El mejor fue: 0
-34 0 -3 60 -12 70 56 72 -52 24 1 22 76 -45 -8 45 -65 30 Generación 88
arranca 
Jugando Partidos contra vecino 0
Resultado 13
43525.2
Yo soy: 
-34 0 -3 60 -12 70 56 72 -52 24 1 22 76 -45 -8 45 -65 30 El mejor fue: 0
-34 0 -3 20 -12 70 56 72 -52 24 1 22 76 -45 -8 45 -65 30 Generación 87
arranca 
Jugando Partidos contra vecino 0
Resultado 12
56042.1
Yo soy: 
-34 0 -3 20 -12 70 56 72 -52 24 1 22 76 -45 -8 45 -65 30 El mejor fue: 0
-34 0 -3 20 -52 70 56 72 -52 24 1 22 76 -45 -8 45 -65 30 Generación 86
arranca 
Jugando Partidos contra vecino 0
Resultado 11
59312.2
Yo soy: 
-34 0 -3 20 -52 70 56 72 -52 24 1 22 76 -45 -8 45 -65 30 El mejor fue: 0
-74 0 -3 20 -52 70 56 72 -52 24 1 22 76 -45 -8 45 -65 30 Generación 85
arranca 
Jugando Partidos contra vecino 0
Resultado 15
44589.8
Yo soy: 
-74 0 -3 20 -52 70 56 72 -52 24 1 22 76 -45 -8 45 -65 30 El mejor fue: 0
-74 -40 -3 20 -52 70 56 72 -52 24 1 22 76 -45 -8 45 -65 30 Generación 84
arranca 
Jugando Partidos contra vecino 0
Resultado 13
49533.5
Yo soy: 
-74 -40 -3 20 -52 70 56 72 -52 24 1 22 76 -45 -8 45 -65 30 El mejor fue: 0
-74 -40 -3 20 -52 70 56 72 -52 24 1 22 36 -45 -8 45 -65 30 Generación 83
arranca 
Jugando Partidos contra vecino 0
Resultado 15
51556.6
Yo soy: 
-74 -40 -3 20 -52 70 56 72 -52 24 1 22 36 -45 -8 45 -65 30 El mejor fue: 0
-74 -40 -3 20 -52 30 56 72 -52 24 1 22 36 -45 -8 45 -65 30 Generación 82
arranca 
Jugando Partidos contra vecino 0
Resultado 15
60958.9
Yo soy: 
-74 -40 -3 20 -52 30 56 72 -52 24 1 22 36 -45 -8 45 -65 30 El mejor fue: 0
-24 -40 -3 20 -52 30 56 72 -52 24 1 22 36 -45 -8 45 -65 30 Generación 81
arranca 
Jugando Partidos contra vecino 0
Resultado 13
42819.4
Yo soy: 
-24 -40 -3 20 -52 30 56 72 -52 24 1 22 36 -45 -8 45 -65 30 El mejor fue: 0
-24 -40 -3 20 -52 30 56 72 -52 -16 1 22 36 -45 -8 45 -65 30 Generación 80
arranca 
Jugando Partidos contra vecino 0
Resultado 5
65303.5
Jugando Partidos contra vecino 1
Resultado 7
37873.4
Jugando Partidos contra vecino 2
Resultado 11
38615.3
Yo soy: 
-24 -40 -3 20 -52 30 56 72 -52 -16 1 22 36 -45 -8 45 -65 30 El mejor fue: 2
-24 -40 -3 20 -52 30 56 72 -12 -16 1 22 36 -45 -8 45 -65 30 Generación 79
arranca 
Jugando Partidos contra vecino 0
Resultado 15
46742.3
Yo soy: 
-24 -40 -3 20 -52 30 56 72 -12 -16 1 22 36 -45 -8 45 -65 30 El mejor fue: 0
-24 -40 -3 20 -52 -10 56 72 -12 -16 1 22 36 -45 -8 45 -65 30 Generación 78
arranca 
Jugando Partidos contra vecino 0
Resultado 13
46990.1
Yo soy: 
-24 -40 -3 20 -52 -10 56 72 -12 -16 1 22 36 -45 -8 45 -65 30 El mejor fue: 0
-24 -40 -3 20 -52 -10 56 72 -12 -16 1 22 36 -45 -48 45 -65 30 Generación 77
arranca 
Jugando Partidos contra vecino 0
Resultado 9
48146.9
Jugando Partidos contra vecino 1
Resultado 9
47531.2
Jugando Partidos contra vecino 2
Resultado 13
52487.3
Yo soy: 
-24 -40 -3 20 -52 -10 56 72 -12 -16 1 22 36 -45 -48 45 -65 30 El mejor fue: 2
-24 -40 -3 20 -52 -10 56 72 28 -16 1 22 36 -45 -48 45 -65 30 Generación 76
arranca 
Jugando Partidos contra vecino 0
Resultado 9
68881.1
Jugando Partidos contra vecino 1
Resultado 9
71260.1
Jugando Partidos contra vecino 2
Resultado 9
77830.5
Jugando Partidos contra vecino 3
Resultado 5
46612.7
Jugando Partidos contra vecino 4
Resultado 5
41652.2
Jugando Partidos contra vecino 5
Resultado 13
69579.1
Yo soy: 
-24 -40 -3 20 -52 -10 56 72 28 -16 1 22 36 -45 -48 45 -65 30 El mejor fue: 5
-24 -40 -3 20 -52 -10 56 72 28 -16 1 22 36 -45 -48 85 -65 30 Generación 75
arranca 
Jugando Partidos contra vecino 0
Resultado 5
48797.8
Jugando Partidos contra vecino 1
Resultado 7
78767.1
Jugando Partidos contra vecino 2
Resultado 5
78243.4
Jugando Partidos contra vecino 3
Resultado 7
72072.3
Jugando Partidos contra vecino 4
Resultado 7
78067.8
Jugando Partidos contra vecino 5
Resultado 7
81867.6
Jugando Partidos contra vecino 6
Resultado 5
80991.6
Jugando Partidos contra vecino 7
Resultado 11
76575.8
Yo soy: 
-24 -40 -3 20 -52 -10 56 72 28 -16 1 22 36 -45 -48 85 -65 30 El mejor fue: 7
-24 -40 -3 20 -12 -10 56 72 28 -16 1 22 36 -45 -48 85 -65 30 Generación 74
arranca 
Jugando Partidos contra vecino 0
Resultado 11
73739
Yo soy: 
-24 -40 -3 20 -12 -10 56 72 28 -16 1 22 36 -45 -48 85 -65 30 El mejor fue: 0
-24 -40 -3 20 -12 -10 56 72 28 -16 -39 22 36 -45 -48 85 -65 30 Generación 73
arranca 
Jugando Partidos contra vecino 0
Resultado 5
41255.7
Jugando Partidos contra vecino 1
Resultado 5
69688.2
Jugando Partidos contra vecino 2
Resultado 15
66862.2
Yo soy: 
-24 -40 -3 20 -12 -10 56 72 28 -16 -39 22 36 -45 -48 85 -65 30 El mejor fue: 2
-24 -40 -3 20 -12 -10 56 22 28 -16 -39 22 36 -45 -48 85 -65 30 Generación 72
arranca 
Jugando Partidos contra vecino 0
Resultado 15
65007.8
Yo soy: 
-24 -40 -3 20 -12 -10 56 22 28 -16 -39 22 36 -45 -48 85 -65 30 El mejor fue: 0
-24 -40 -3 60 -12 -10 56 22 28 -16 -39 22 36 -45 -48 85 -65 30 Generación 71
arranca 
Jugando Partidos contra vecino 0
Resultado 15
60566.7
Yo soy: 
-24 -40 -3 60 -12 -10 56 22 28 -16 -39 22 36 -45 -48 85 -65 30 El mejor fue: 0
-24 -40 -3 60 -12 -10 56 22 28 -16 -39 22 76 -45 -48 85 -65 30 Generación 70
arranca 
Jugando Partidos contra vecino 0
Resultado 15
54974.4
Yo soy: 
-24 -40 -3 60 -12 -10 56 22 28 -16 -39 22 76 -45 -48 85 -65 30 El mejor fue: 0
-24 -40 -3 60 -12 -10 56 22 28 -16 -79 22 76 -45 -48 85 -65 30 Generación 69
arranca 
Jugando Partidos contra vecino 0
Resultado 9
50646.2
Jugando Partidos contra vecino 1
Resultado 7
56772.6
Jugando Partidos contra vecino 2
Resultado 11
38522.9
Yo soy: 
-24 -40 -3 60 -12 -10 56 22 28 -16 -79 22 76 -45 -48 85 -65 30 El mejor fue: 2
-24 -40 -3 60 -12 -10 56 62 28 -16 -79 22 76 -45 -48 85 -65 30 Generación 68
arranca 
Jugando Partidos contra vecino 0
Resultado 11
48837.6
Yo soy: 
-24 -40 -3 60 -12 -10 56 62 28 -16 -79 22 76 -45 -48 85 -65 30 El mejor fue: 0
-24 -80 -3 60 -12 -10 56 62 28 -16 -79 22 76 -45 -48 85 -65 30 Generación 67
arranca 
Jugando Partidos contra vecino 0
Resultado 15
36949.5
Yo soy: 
-24 -80 -3 60 -12 -10 56 62 28 -16 -79 22 76 -45 -48 85 -65 30 El mejor fue: 0
-24 -80 -3 60 -12 -10 56 62 28 -56 -79 22 76 -45 -48 85 -65 30 Generación 66
arranca 
Jugando Partidos contra vecino 0
Resultado 11
32778.7
Yo soy: 
-24 -80 -3 60 -12 -10 56 62 28 -56 -79 22 76 -45 -48 85 -65 30 El mejor fue: 0
-24 -80 -3 60 -12 -10 56 62 28 -56 -79 22 26 -45 -48 85 -65 30 Generación 65
arranca 
Jugando Partidos contra vecino 0
Resultado 11
34212.6
Yo soy: 
-24 -80 -3 60 -12 -10 56 62 28 -56 -79 22 26 -45 -48 85 -65 30 El mejor fue: 0
-24 -80 -3 60 -12 -10 56 62 28 -56 -79 22 26 -5 -48 85 -65 30 Generación 64
arranca 
Jugando Partidos contra vecino 0
Resultado 13
34543
Yo soy: 
-24 -80 -3 60 -12 -10 56 62 28 -56 -79 22 26 -5 -48 85 -65 30 El mejor fue: 0
-24 -80 -3 60 -12 -10 56 12 28 -56 -79 22 26 -5 -48 85 -65 30 Generación 63
arranca 
Jugando Partidos contra vecino 0
Resultado 15
35658.9
Yo soy: 
-24 -80 -3 60 -12 -10 56 12 28 -56 -79 22 26 -5 -48 85 -65 30 El mejor fue: 0
-24 -30 -3 60 -12 -10 56 12 28 -56 -79 22 26 -5 -48 85 -65 30 Generación 62
arranca 
Jugando Partidos contra vecino 0
Resultado 9
32212.4
Jugando Partidos contra vecino 1
Resultado 11
42668.2
Yo soy: 
-24 -30 -3 60 -12 -10 56 12 28 -56 -79 22 26 -5 -48 85 -65 30 El mejor fue: 1
-64 -30 -3 60 -12 -10 56 12 28 -56 -79 22 26 -5 -48 85 -65 30 Generación 61
arranca 
Jugando Partidos contra vecino 0
Resultado 4
49374.3
Jugando Partidos contra vecino 1
Resultado 5
49226.1
Jugando Partidos contra vecino 2
Resultado 5
48648.3
Jugando Partidos contra vecino 3
Resultado 5
43244.5
Jugando Partidos contra vecino 4
Resultado 9
44056.1
Jugando Partidos contra vecino 5
Resultado 5
49447.6
Jugando Partidos contra vecino 6
Resultado 5
48245.8
Jugando Partidos contra vecino 7
Resultado 9
41011.7
Jugando Partidos contra vecino 8
Resultado 7
55751.3
Jugando Partidos contra vecino 9
Resultado 5
50131.2
Jugando Partidos contra vecino 10
Resultado 7
43547.6
Jugando Partidos contra vecino 11
Resultado 5
48975.3
Jugando Partidos contra vecino 12
Resultado 5
50553.1
Jugando Partidos contra vecino 13
Resultado 5
49390.9
Jugando Partidos contra vecino 14
Resultado 5
60443.9
Jugando Partidos contra vecino 15
Resultado 7
44363.3
Jugando Partidos contra vecino 16
Resultado 5
35792.7
Jugando Partidos contra vecino 17
Resultado 7
48038
Jugando Partidos contra vecino 18
Resultado 5
59406.7
Jugando Partidos contra vecino 19
Resultado 5
46743.1
Jugando Partidos contra vecino 20
Resultado 5
48838
Jugando Partidos contra vecino 21
Resultado 5
45143.3
Jugando Partidos contra vecino 22
Resultado 7
47416.5
Jugando Partidos contra vecino 23
Resultado 7
41634
Jugando Partidos contra vecino 24
Resultado 5
44447
Jugando Partidos contra vecino 25
Resultado 5
38713
Jugando Partidos contra vecino 26
Resultado 7
35539.7
Jugando Partidos contra vecino 27
Resultado 5
47515.2
Jugando Partidos contra vecino 28
Resultado 5
26850.7
Jugando Partidos contra vecino 29
Resultado 5
25591
Jugando Partidos contra vecino 30
Resultado 13
42790.4
Yo soy: 
-64 -30 -3 60 -12 -10 56 12 28 -56 -79 22 26 -5 -48 85 -65 30 El mejor fue: 30
-64 -30 -3 60 -12 -10 56 12 -12 -56 -79 22 26 -5 -48 85 -65 30 Generación 60
arranca 
Jugando Partidos contra vecino 0
Resultado 13
39387
Yo soy: 
-64 -30 -3 60 -12 -10 56 12 -12 -56 -79 22 26 -5 -48 85 -65 30 El mejor fue: 0
-14 -30 -3 60 -12 -10 56 12 -12 -56 -79 22 26 -5 -48 85 -65 30 Generación 59
arranca 
Jugando Partidos contra vecino 0
Resultado 4
41546.5
Jugando Partidos contra vecino 1
Resultado 13
40653.8
Yo soy: 
-14 -30 -3 60 -12 -10 56 12 -12 -56 -79 22 26 -5 -48 85 -65 30 El mejor fue: 1
-14 -30 -3 10 -12 -10 56 12 -12 -56 -79 22 26 -5 -48 85 -65 30 Generación 58
arranca 
Jugando Partidos contra vecino 0
Resultado 11
32807.2
Yo soy: 
-14 -30 -3 10 -12 -10 56 12 -12 -56 -79 22 26 -5 -48 85 -65 30 El mejor fue: 0
-14 -30 -3 10 -12 -10 56 12 -12 -56 -79 22 26 -5 -48 85 -15 30 Generación 57
arranca 
Jugando Partidos contra vecino 0
Resultado 13
42486.8
Yo soy: 
-14 -30 -3 10 -12 -10 56 12 -12 -56 -79 22 26 -5 -48 85 -15 30 El mejor fue: 0
-14 -30 -3 10 -12 -10 56 12 -12 -56 -79 22 26 -5 -88 85 -15 30 Generación 56
arranca 
Jugando Partidos contra vecino 0
Resultado 13
37808.5
Yo soy: 
-14 -30 -3 10 -12 -10 56 12 -12 -56 -79 22 26 -5 -88 85 -15 30 El mejor fue: 0
-54 -30 -3 10 -12 -10 56 12 -12 -56 -79 22 26 -5 -88 85 -15 30 Generación 55
arranca 
Jugando Partidos contra vecino 0
Resultado 4
44118.8
Jugando Partidos contra vecino 1
Resultado 13
40408.4
Yo soy: 
-54 -30 -3 10 -12 -10 56 12 -12 -56 -79 22 26 -5 -88 85 -15 30 El mejor fue: 1
-54 -30 -3 -30 -12 -10 56 12 -12 -56 -79 22 26 -5 -88 85 -15 30 Generación 54
arranca 
Jugando Partidos contra vecino 0
Resultado 13
40334
Yo soy: 
-54 -30 -3 -30 -12 -10 56 12 -12 -56 -79 22 26 -5 -88 85 -15 30 El mejor fue: 0
-54 -30 -3 -30 -12 -10 56 12 -52 -56 -79 22 26 -5 -88 85 -15 30 Generación 53
arranca 
Jugando Partidos contra vecino 0
Resultado 13
40312.5
Yo soy: 
-54 -30 -3 -30 -12 -10 56 12 -52 -56 -79 22 26 -5 -88 85 -15 30 El mejor fue: 0
-54 -30 -3 -30 -12 -10 56 12 -12 -56 -79 22 26 -5 -88 85 -15 30 Generación 52
arranca 
Jugando Partidos contra vecino 0
Resultado 15
38595.8
Yo soy: 
-54 -30 -3 -30 -12 -10 56 12 -12 -56 -79 22 26 -5 -88 85 -15 30 El mejor fue: 0
-54 -30 -3 -30 -12 -10 56 52 -12 -56 -79 22 26 -5 -88 85 -15 30 Generación 51
arranca 
Jugando Partidos contra vecino 0
Resultado 9
41407.6
Jugando Partidos contra vecino 1
Resultado 4
43787.1
Jugando Partidos contra vecino 2
Resultado 15
41237
Yo soy: 
-54 -30 -3 -30 -12 -10 56 52 -12 -56 -79 22 26 -5 -88 85 -15 30 El mejor fue: 2
-54 -30 -3 -30 -12 -10 56 52 -12 -56 -79 22 26 -5 -88 85 -15 -10 Generación 50
arranca 
Jugando Partidos contra vecino 0
Resultado 13
42062.7
Yo soy: 
-54 -30 -3 -30 -12 -10 56 52 -12 -56 -79 22 26 -5 -88 85 -15 -10 El mejor fue: 0
-54 -30 -3 -30 -12 -10 56 52 -12 -56 -79 22 66 -5 -88 85 -15 -10 Generación 49
arranca 
Jugando Partidos contra vecino 0
Resultado 5
43661.4
Jugando Partidos contra vecino 1
Resultado 9
43616.9
Jugando Partidos contra vecino 2
Resultado 7
43099.6
Jugando Partidos contra vecino 3
Resultado 9
37356.3
Jugando Partidos contra vecino 4
Resultado 7
41974.8
Jugando Partidos contra vecino 5
Resultado 11
40526.3
Yo soy: 
-54 -30 -3 -30 -12 -10 56 52 -12 -56 -79 22 66 -5 -88 85 -15 -10 El mejor fue: 5
-54 -30 -3 -30 -12 -10 56 52 -12 -56 -79 62 66 -5 -88 85 -15 -10 Generación 48
arranca 
Jugando Partidos contra vecino 0
Resultado 15
52413.7
Yo soy: 
-54 -30 -3 -30 -12 -10 56 52 -12 -56 -79 62 66 -5 -88 85 -15 -10 El mejor fue: 0
-54 -30 -3 -30 -12 -10 56 52 -12 -56 -79 62 66 -5 -48 85 -15 -10 Generación 47
arranca 
Jugando Partidos contra vecino 0
Resultado 15
46143.1
Yo soy: 
-54 -30 -3 -30 -12 -10 56 52 -12 -56 -79 62 66 -5 -48 85 -15 -10 El mejor fue: 0
-54 -30 -3 -30 -12 -10 56 52 -12 -56 -79 62 66 -5 -8 85 -15 -10 Generación 46
arranca 
Jugando Partidos contra vecino 0
Resultado 9
44169.6
Jugando Partidos contra vecino 1
Resultado 5
32817.2
Jugando Partidos contra vecino 2
Resultado 15
51674.7
Yo soy: 
-54 -30 -3 -30 -12 -10 56 52 -12 -56 -79 62 66 -5 -8 85 -15 -10 El mejor fue: 2
-54 -30 -3 -30 -12 -10 56 52 -12 -16 -79 62 66 -5 -8 85 -15 -10 Generación 45
arranca 
Jugando Partidos contra vecino 0
Resultado 11
41235.2
Yo soy: 
-54 -30 -3 -30 -12 -10 56 52 -12 -16 -79 62 66 -5 -8 85 -15 -10 El mejor fue: 0
-54 -30 -3 -30 -12 -10 56 52 -12 -16 -79 12 66 -5 -8 85 -15 -10 Generación 44
arranca 
Jugando Partidos contra vecino 0
Resultado 5
45671
Jugando Partidos contra vecino 1
Resultado 7
39896.1
Jugando Partidos contra vecino 2
Resultado 7
36945.5
Jugando Partidos contra vecino 3
Resultado 11
37302.6
Yo soy: 
-54 -30 -3 -30 -12 -10 56 52 -12 -16 -79 12 66 -5 -8 85 -15 -10 El mejor fue: 3
-54 -30 -3 -30 -12 -50 56 52 -12 -16 -79 12 66 -5 -8 85 -15 -10 Generación 43
arranca 
Jugando Partidos contra vecino 0
Resultado 9
36838.3
Jugando Partidos contra vecino 1
Resultado 9
38053.7
Jugando Partidos contra vecino 2
Resultado 13
39579.1
Yo soy: 
-54 -30 -3 -30 -12 -50 56 52 -12 -16 -79 12 66 -5 -8 85 -15 -10 El mejor fue: 2
-54 -30 -3 -30 -12 -50 56 52 -12 24 -79 12 66 -5 -8 85 -15 -10 Generación 42
arranca 
Jugando Partidos contra vecino 0
Resultado 13
36286.2
Yo soy: 
-54 -30 -3 -30 -12 -50 56 52 -12 24 -79 12 66 -5 -8 85 -15 -10 El mejor fue: 0
-54 -30 -3 -30 -52 -50 56 52 -12 24 -79 12 66 -5 -8 85 -15 -10 Generación 41
arranca 
Jugando Partidos contra vecino 0
Resultado 15
39315.9
Yo soy: 
-54 -30 -3 -30 -52 -50 56 52 -12 24 -79 12 66 -5 -8 85 -15 -10 El mejor fue: 0
-54 -70 -3 -30 -52 -50 56 52 -12 24 -79 12 66 -5 -8 85 -15 -10 Generación 40
arranca 
Jugando Partidos contra vecino 0
Resultado 15
39921.7
Yo soy: 
-54 -70 -3 -30 -52 -50 56 52 -12 24 -79 12 66 -5 -8 85 -15 -10 El mejor fue: 0
-54 -70 -3 -30 -52 -90 56 52 -12 24 -79 12 66 -5 -8 85 -15 -10 Generación 39
arranca 
Jugando Partidos contra vecino 0
Resultado 15
39433.8
Yo soy: 
-54 -70 -3 -30 -52 -90 56 52 -12 24 -79 12 66 -5 -8 85 -15 -10 El mejor fue: 0
-54 -70 -3 -30 -52 -40 56 52 -12 24 -79 12 66 -5 -8 85 -15 -10 Generación 38
arranca 
Jugando Partidos contra vecino 0
Resultado 15
41136.5
Yo soy: 
-54 -70 -3 -30 -52 -40 56 52 -12 24 -79 12 66 -5 -8 85 -15 -10 El mejor fue: 0
-54 -70 -3 -30 -52 -40 56 52 -12 24 -79 12 66 -5 -8 85 25 -10 Generación 37
arranca 
Jugando Partidos contra vecino 0
Resultado 15
38505.8
Yo soy: 
-54 -70 -3 -30 -52 -40 56 52 -12 24 -79 12 66 -5 -8 85 25 -10 El mejor fue: 0
-54 -30 -3 -30 -52 -40 56 52 -12 24 -79 12 66 -5 -8 85 25 -10 Generación 36
arranca 
Jugando Partidos contra vecino 0
Resultado 5
35737.3
Jugando Partidos contra vecino 1
Resultado 11
33448.1
Yo soy: 
-54 -30 -3 -30 -52 -40 56 52 -12 24 -79 12 66 -5 -8 85 25 -10 El mejor fue: 1
-54 -30 -3 10 -52 -40 56 52 -12 24 -79 12 66 -5 -8 85 25 -10 Generación 35
arranca 
Jugando Partidos contra vecino 0
Resultado 13
40998.9
Yo soy: 
-54 -30 -3 10 -52 -40 56 52 -12 24 -79 12 66 -5 -8 85 25 -10 El mejor fue: 0
-54 -30 -3 10 -52 -40 56 52 -12 64 -79 12 66 -5 -8 85 25 -10 Generación 34
arranca 
Jugando Partidos contra vecino 0
Resultado 9
35441
Jugando Partidos contra vecino 1
Resultado 9
34946.7
Jugando Partidos contra vecino 2
Resultado 5
29531.2
Jugando Partidos contra vecino 3
Resultado 7
33484
Jugando Partidos contra vecino 4
Resultado 9
35437.5
Jugando Partidos contra vecino 5
Resultado 9
36816.5
Jugando Partidos contra vecino 6
Resultado 13
42850.8
Yo soy: 
-54 -30 -3 10 -52 -40 56 52 -12 64 -79 12 66 -5 -8 85 25 -10 El mejor fue: 6
-94 -30 -3 10 -52 -40 56 52 -12 64 -79 12 66 -5 -8 85 25 -10 Generación 33
arranca 
Jugando Partidos contra vecino 0
Resultado 13
43066.7
Yo soy: 
-94 -30 -3 10 -52 -40 56 52 -12 64 -79 12 66 -5 -8 85 25 -10 El mejor fue: 0
-94 -30 -3 10 -52 -40 56 52 -12 64 -79 12 66 -5 -8 85 -15 -10 Generación 32
arranca 
Jugando Partidos contra vecino 0
Resultado 15
47186.1
Yo soy: 
-94 -30 -3 10 -52 -40 56 52 -12 64 -79 12 66 -5 -8 85 -15 -10 El mejor fue: 0
-94 -30 -3 10 -52 -40 56 52 -12 24 -79 12 66 -5 -8 85 -15 -10 Generación 31
arranca 
Jugando Partidos contra vecino 0
Resultado 13
43374.5
Yo soy: 
-94 -30 -3 10 -52 -40 56 52 -12 24 -79 12 66 -5 -8 85 -15 -10 El mejor fue: 0
-94 -30 -3 10 -52 -40 56 52 -12 24 -79 12 66 -5 -8 85 25 -10 Generación 30
arranca 
Jugando Partidos contra vecino 0
Resultado 15
46917.2
Yo soy: 
-94 -30 -3 10 -52 -40 56 52 -12 24 -79 12 66 -5 -8 85 25 -10 El mejor fue: 0
-94 -30 37 10 -52 -40 56 52 -12 24 -79 12 66 -5 -8 85 25 -10 Generación 29
arranca 
Jugando Partidos contra vecino 0
Resultado 15
40679.6
Yo soy: 
-94 -30 37 10 -52 -40 56 52 -12 24 -79 12 66 -5 -8 85 25 -10 El mejor fue: 0
-94 -30 37 10 -52 -40 96 52 -12 24 -79 12 66 -5 -8 85 25 -10 Generación 28
arranca 
Jugando Partidos contra vecino 0
Resultado 11
37149.8
Yo soy: 
-94 -30 37 10 -52 -40 96 52 -12 24 -79 12 66 -5 -8 85 25 -10 El mejor fue: 0
-94 -30 37 10 -52 -40 96 52 -12 24 -79 12 66 -5 32 85 25 -10 Generación 27
arranca 
Jugando Partidos contra vecino 0
Resultado 13
40657.8
Yo soy: 
-94 -30 37 10 -52 -40 96 52 -12 24 -79 12 66 -5 32 85 25 -10 El mejor fue: 0
-94 -30 37 10 -52 -40 96 52 -52 24 -79 12 66 -5 32 85 25 -10 Generación 26
arranca 
Jugando Partidos contra vecino 0
Resultado 13
42290.8
Yo soy: 
-94 -30 37 10 -52 -40 96 52 -52 24 -79 12 66 -5 32 85 25 -10 El mejor fue: 0
-94 -30 37 10 -52 -40 96 52 -52 24 -79 12 66 -5 32 85 65 -10 Generación 25
arranca 
Jugando Partidos contra vecino 0
Resultado 9
32318.6
Jugando Partidos contra vecino 1
Resultado 13
39328.6
Yo soy: 
-94 -30 37 10 -52 -40 96 52 -52 24 -79 12 66 -5 32 85 65 -10 El mejor fue: 1
-94 -30 37 10 -52 -40 56 52 -52 24 -79 12 66 -5 32 85 65 -10 Generación 24
arranca 
Jugando Partidos contra vecino 0
Resultado 2
38688.6
Jugando Partidos contra vecino 1
Resultado 13
35034.3
Yo soy: 
-94 -30 37 10 -52 -40 56 52 -52 24 -79 12 66 -5 32 85 65 -10 El mejor fue: 1
-94 -30 37 -30 -52 -40 56 52 -52 24 -79 12 66 -5 32 85 65 -10 Generación 23
arranca 
Jugando Partidos contra vecino 0
Resultado 15
32151.6
Yo soy: 
-94 -30 37 -30 -52 -40 56 52 -52 24 -79 12 66 -5 32 85 65 -10 El mejor fue: 0
-94 -30 37 -30 -52 -40 56 52 -52 24 -79 12 26 -5 32 85 65 -10 Generación 22
arranca 
Jugando Partidos contra vecino 0
Resultado 13
33852.2
Yo soy: 
-94 -30 37 -30 -52 -40 56 52 -52 24 -79 12 26 -5 32 85 65 -10 El mejor fue: 0
-94 -30 37 -30 -52 -40 56 52 -52 24 -79 12 26 -5 72 85 65 -10 Generación 21
arranca 
Jugando Partidos contra vecino 0
Resultado 15
39704.6
Yo soy: 
-94 -30 37 -30 -52 -40 56 52 -52 24 -79 12 26 -5 72 85 65 -10 El mejor fue: 0
-94 -30 37 -30 -52 -40 56 52 -52 24 -79 12 26 -5 72 85 65 30 Generación 20
arranca 
Jugando Partidos contra vecino 0
Resultado 5
38732.2
Jugando Partidos contra vecino 1
Resultado 15
39996.9
Yo soy: 
-94 -30 37 -30 -52 -40 56 52 -52 24 -79 12 26 -5 72 85 65 30 El mejor fue: 1
-94 -30 37 -30 -52 -40 56 52 -92 24 -79 12 26 -5 72 85 65 30 Generación 19
arranca 
Jugando Partidos contra vecino 0
Resultado 15
40758.5
Yo soy: 
-94 -30 37 -30 -52 -40 56 52 -92 24 -79 12 26 -5 72 85 65 30 El mejor fue: 0
-54 -30 37 -30 -52 -40 56 52 -92 24 -79 12 26 -5 72 85 65 30 Generación 18
arranca 
Jugando Partidos contra vecino 0
Resultado 15
37968.8
Yo soy: 
-54 -30 37 -30 -52 -40 56 52 -92 24 -79 12 26 -5 72 85 65 30 El mejor fue: 0
-54 -30 37 -30 -52 -40 56 92 -92 24 -79 12 26 -5 72 85 65 30 Generación 17
arranca 
Jugando Partidos contra vecino 0
Resultado 15
39169.8
Yo soy: 
-54 -30 37 -30 -52 -40 56 92 -92 24 -79 12 26 -5 72 85 65 30 El mejor fue: 0
-54 -30 37 -30 -52 -40 16 92 -92 24 -79 12 26 -5 72 85 65 30 Generación 16
arranca 
Jugando Partidos contra vecino 0
Resultado 13
34358
Yo soy: 
-54 -30 37 -30 -52 -40 16 92 -92 24 -79 12 26 -5 72 85 65 30 El mejor fue: 0
-54 -70 37 -30 -52 -40 16 92 -92 24 -79 12 26 -5 72 85 65 30 Generación 15
arranca 
Jugando Partidos contra vecino 0
Resultado 15
33808.5
Yo soy: 
-54 -70 37 -30 -52 -40 16 92 -92 24 -79 12 26 -5 72 85 65 30 El mejor fue: 0
-54 -70 37 -30 -52 -40 16 92 -92 24 -79 12 26 -5 72 85 25 30 Generación 14
arranca 
Jugando Partidos contra vecino 0
Resultado 13
33234.2
Yo soy: 
-54 -70 37 -30 -52 -40 16 92 -92 24 -79 12 26 -5 72 85 25 30 El mejor fue: 0
-54 -70 37 -30 -52 -40 16 92 -92 24 -79 12 26 -5 72 85 -15 30 Generación 13
arranca 
Jugando Partidos contra vecino 0
Resultado 15
39979.9
Yo soy: 
-54 -70 37 -30 -52 -40 16 92 -92 24 -79 12 26 -5 72 85 -15 30 El mejor fue: 0
-54 -20 37 -30 -52 -40 16 92 -92 24 -79 12 26 -5 72 85 -15 30 Generación 12
arranca 
Jugando Partidos contra vecino 0
Resultado 15
37994.8
Yo soy: 
-54 -20 37 -30 -52 -40 16 92 -92 24 -79 12 26 -5 72 85 -15 30 El mejor fue: 0
-54 -20 37 -30 -52 -40 56 92 -92 24 -79 12 26 -5 72 85 -15 30 Generación 11
arranca 
Jugando Partidos contra vecino 0
Resultado 15
38437.1
Yo soy: 
-54 -20 37 -30 -52 -40 56 92 -92 24 -79 12 26 -5 72 85 -15 30 El mejor fue: 0
-54 -20 37 -30 -52 0 56 92 -92 24 -79 12 26 -5 72 85 -15 30 Generación 10
arranca 
Jugando Partidos contra vecino 0
Resultado 15
40474.6
Yo soy: 
-54 -20 37 -30 -52 0 56 92 -92 24 -79 12 26 -5 72 85 -15 30 El mejor fue: 0
-54 -20 37 -30 -52 0 56 92 -92 24 -79 12 26 -5 72 85 -15 -10 Generación 9
arranca 
Jugando Partidos contra vecino 0
Resultado 15
41221.6
Yo soy: 
-54 -20 37 -30 -52 0 56 92 -92 24 -79 12 26 -5 72 85 -15 -10 El mejor fue: 0
-54 -20 37 -70 -52 0 56 92 -92 24 -79 12 26 -5 72 85 -15 -10 Generación 8
arranca 
Jugando Partidos contra vecino 0
Resultado 15
38487.9
Yo soy: 
-54 -20 37 -70 -52 0 56 92 -92 24 -79 12 26 -5 72 85 -15 -10 El mejor fue: 0
-54 -20 37 -70 -52 0 16 92 -92 24 -79 12 26 -5 72 85 -15 -10 Generación 7
arranca 
Jugando Partidos contra vecino 0
Resultado 15
38059.1
Yo soy: 
-54 -20 37 -70 -52 0 16 92 -92 24 -79 12 26 -5 72 85 -15 -10 El mejor fue: 0
-54 -20 37 -70 -52 0 16 92 -92 64 -79 12 26 -5 72 85 -15 -10 Generación 6
arranca 
Jugando Partidos contra vecino 0
Resultado 15
36527.6
Yo soy: 
-54 -20 37 -70 -52 0 16 92 -92 64 -79 12 26 -5 72 85 -15 -10 El mejor fue: 0
-54 -20 37 -70 -52 0 16 92 -92 64 -79 12 26 -5 22 85 -15 -10 Generación 5
arranca 
Jugando Partidos contra vecino 0
Resultado 15
37557.2
Yo soy: 
-54 -20 37 -70 -52 0 16 92 -92 64 -79 12 26 -5 22 85 -15 -10 El mejor fue: 0
-94 -20 37 -70 -52 0 16 92 -92 64 -79 12 26 -5 22 85 -15 -10 Generación 4
arranca 
Jugando Partidos contra vecino 0
Resultado 15
38657.8
Yo soy: 
-94 -20 37 -70 -52 0 16 92 -92 64 -79 12 26 -5 22 85 -15 -10 El mejor fue: 0
-94 -20 37 -70 -52 0 16 52 -92 64 -79 12 26 -5 22 85 -15 -10 Generación 3
arranca 
Jugando Partidos contra vecino 0
Resultado 15
37061.5
Yo soy: 
-94 -20 37 -70 -52 0 16 52 -92 64 -79 12 26 -5 22 85 -15 -10 El mejor fue: 0
-94 -20 37 -70 -92 0 16 52 -92 64 -79 12 26 -5 22 85 -15 -10 Generación 2
arranca 
Jugando Partidos contra vecino 0
Resultado 15
41546.5
Yo soy: 
-94 -20 37 -70 -92 0 16 52 -92 64 -79 12 26 -5 22 85 -15 -10 El mejor fue: 0
-94 -20 37 -70 -92 0 16 52 -92 24 -79 12 26 -5 22 85 -15 -10 Generación 1
arranca 
Jugando Partidos contra vecino 0
Resultado 15
42416.2
Yo soy: 
-94 -20 37 -70 -92 0 16 52 -92 24 -79 12 26 -5 22 85 -15 -10 El mejor fue: 0
-94 -20 37 -70 -92 0 -24 52 -92 24 -79 12 26 -5 22 85 -15 -10 Generación 0
1.49968e+07
