arranca 
Jugando Partidos contra vecino 0
Resultado 13
68098
Yo soy: 
18 44 29 21 85 25 80 1 92 22 47 56 95 98 54 El mejor fue: 0
18 44 29 21 85 25 80 1 92 22 47 56 95 98 59 Generación 9
arranca 
Jugando Partidos contra vecino 0
Resultado 11
64213.1
Yo soy: 
18 44 29 21 85 25 80 1 92 22 47 56 95 98 59 El mejor fue: 0
18 44 29 21 85 25 80 1 97 22 47 56 95 98 59 Generación 8
arranca 
Jugando Partidos contra vecino 0
Resultado 11
62938.9
Yo soy: 
18 44 29 21 85 25 80 1 97 22 47 56 95 98 59 El mejor fue: 0
18 44 29 16 85 25 80 1 97 22 47 56 95 98 59 Generación 7
arranca 
Jugando Partidos contra vecino 0
Resultado 9
59758.2
Jugando Partidos contra vecino 1
Resultado 5
41666.7
Jugando Partidos contra vecino 2
Resultado 13
73496.9
Yo soy: 
18 44 29 16 85 25 80 1 97 22 47 56 95 98 59 El mejor fue: 2
18 44 29 16 85 20 80 1 97 22 47 56 95 98 59 Generación 6
arranca 
Jugando Partidos contra vecino 0
Resultado 9
57626.1
Jugando Partidos contra vecino 1
Resultado 9
50708
Jugando Partidos contra vecino 2
Resultado 7
50880.6
Jugando Partidos contra vecino 3
Resultado 7
63952.1
Jugando Partidos contra vecino 4
Resultado 11
67330.7
Yo soy: 
18 44 29 16 85 20 80 1 97 22 47 56 95 98 59 El mejor fue: 4
18 44 24 16 85 20 80 1 97 22 47 56 95 98 59 Generación 5
arranca 
Jugando Partidos contra vecino 0
Resultado 7
51266.4
Jugando Partidos contra vecino 1
Resultado 9
63256.7
Jugando Partidos contra vecino 2
Resultado 11
62344.4
Yo soy: 
18 44 24 16 85 20 80 1 97 22 47 56 95 98 59 El mejor fue: 2
18 44 24 16 85 20 80 1 97 22 47 51 95 98 59 Generación 4
arranca 
Jugando Partidos contra vecino 0
Resultado 11
75624.8
Yo soy: 
18 44 24 16 85 20 80 1 97 22 47 51 95 98 59 El mejor fue: 0
18 44 24 16 85 20 80 1 97 22 47 51 95 88 59 Generación 3
arranca 
Jugando Partidos contra vecino 0
Resultado 13
59709.8
Yo soy: 
18 44 24 16 85 20 80 1 97 22 47 51 95 88 59 El mejor fue: 0
18 44 24 16 85 20 80 1 97 22 47 51 95 93 59 Generación 2
arranca 
Jugando Partidos contra vecino 0
Resultado 9
60836.1
Jugando Partidos contra vecino 1
Resultado 11
65533.7
Yo soy: 
18 44 24 16 85 20 80 1 97 22 47 51 95 93 59 El mejor fue: 1
18 44 24 16 85 20 80 -4 97 22 47 51 95 93 59 Generación 1
arranca 
Jugando Partidos contra vecino 0
Resultado 15
80240.1
Yo soy: 
18 44 24 16 85 20 80 -4 97 22 47 51 95 93 59 El mejor fue: 0
18 44 24 16 85 20 80 -4 97 17 47 51 95 93 59 Generación 0
1.17948e+06
