arranca 
Jugando Partidos contra vecino 0
Resultado 11
34076.6
Yo soy: 
3 11 55 7 96 10 66 28 14 74 83 40 69 3 24 El mejor fue: 0
3 11 60 7 96 10 66 28 14 74 83 40 69 3 24 Generación 99
arranca 
Jugando Partidos contra vecino 0
Resultado 11
35355.9
Yo soy: 
3 11 60 7 96 10 66 28 14 74 83 40 69 3 24 El mejor fue: 0
3 11 60 12 96 10 66 28 14 74 83 40 69 3 24 Generación 98
arranca 
Jugando Partidos contra vecino 0
Resultado 11
40414.3
Yo soy: 
3 11 60 12 96 10 66 28 14 74 83 40 69 3 24 El mejor fue: 0
8 11 60 12 96 10 66 28 14 74 83 40 69 3 24 Generación 97
arranca 
Jugando Partidos contra vecino 0
Resultado 11
39951.5
Yo soy: 
8 11 60 12 96 10 66 28 14 74 83 40 69 3 24 El mejor fue: 0
8 11 60 12 96 5 66 28 14 74 83 40 69 3 24 Generación 96
arranca 
Jugando Partidos contra vecino 0
Resultado 13
35733.7
Yo soy: 
8 11 60 12 96 5 66 28 14 74 83 40 69 3 24 El mejor fue: 0
8 11 55 12 96 5 66 28 14 74 83 40 69 3 24 Generación 95
arranca 
Jugando Partidos contra vecino 0
Resultado 15
36812.8
Yo soy: 
8 11 55 12 96 5 66 28 14 74 83 40 69 3 24 El mejor fue: 0
8 11 55 12 96 5 61 28 14 74 83 40 69 3 24 Generación 94
arranca 
Jugando Partidos contra vecino 0
Resultado 9
32766.5
Jugando Partidos contra vecino 1
Resultado 11
37117.5
Yo soy: 
8 11 55 12 96 5 61 28 14 74 83 40 69 3 24 El mejor fue: 1
8 16 55 12 96 5 61 28 14 74 83 40 69 3 24 Generación 93
arranca 
Jugando Partidos contra vecino 0
Resultado 11
36698.9
Yo soy: 
8 16 55 12 96 5 61 28 14 74 83 40 69 3 24 El mejor fue: 0
8 16 55 12 96 5 61 23 14 74 83 40 69 3 24 Generación 92
arranca 
Jugando Partidos contra vecino 0
Resultado 5
39645.2
Jugando Partidos contra vecino 1
Resultado 13
46539
Yo soy: 
8 16 55 12 96 5 61 23 14 74 83 40 69 3 24 El mejor fue: 1
13 16 55 12 96 5 61 23 14 74 83 40 69 3 24 Generación 91
arranca 
Jugando Partidos contra vecino 0
Resultado 9
32936.5
Jugando Partidos contra vecino 1
Resultado 9
36636.2
Jugando Partidos contra vecino 2
Resultado 9
30160
Jugando Partidos contra vecino 3
Resultado 13
44788.3
Yo soy: 
13 16 55 12 96 5 61 23 14 74 83 40 69 3 24 El mejor fue: 3
13 16 55 12 96 5 61 23 9 74 83 40 69 3 24 Generación 90
arranca 
Jugando Partidos contra vecino 0
Resultado 13
49047.1
Yo soy: 
13 16 55 12 96 5 61 23 9 74 83 40 69 3 24 El mejor fue: 0
18 16 55 12 96 5 61 23 9 74 83 40 69 3 24 Generación 89
arranca 
Jugando Partidos contra vecino 0
Resultado 7
27402.8
Jugando Partidos contra vecino 1
Resultado 11
43137.1
Yo soy: 
18 16 55 12 96 5 61 23 9 74 83 40 69 3 24 El mejor fue: 1
18 16 55 12 96 5 61 23 9 74 83 40 69 3 29 Generación 88
arranca 
Jugando Partidos contra vecino 0
Resultado 13
42759.9
Yo soy: 
18 16 55 12 96 5 61 23 9 74 83 40 69 3 29 El mejor fue: 0
18 16 55 12 96 5 61 23 9 79 83 40 69 3 29 Generación 87
arranca 
Jugando Partidos contra vecino 0
Resultado 13
44538.2
Yo soy: 
18 16 55 12 96 5 61 23 9 79 83 40 69 3 29 El mejor fue: 0
18 16 55 12 96 5 61 23 9 79 83 45 69 3 29 Generación 86
arranca 
Jugando Partidos contra vecino 0
Resultado 11
36985.6
Yo soy: 
18 16 55 12 96 5 61 23 9 79 83 45 69 3 29 El mejor fue: 0
18 16 55 7 96 5 61 23 9 79 83 45 69 3 29 Generación 85
arranca 
Jugando Partidos contra vecino 0
Resultado 7
29840.6
Jugando Partidos contra vecino 1
Resultado 11
40649.3
Yo soy: 
18 16 55 7 96 5 61 23 9 79 83 45 69 3 29 El mejor fue: 1
18 16 55 7 96 5 61 23 9 79 78 45 69 3 29 Generación 84
arranca 
Jugando Partidos contra vecino 0
Resultado 9
32618.1
Jugando Partidos contra vecino 1
Resultado 13
48678.9
Yo soy: 
18 16 55 7 96 5 61 23 9 79 78 45 69 3 29 El mejor fue: 1
18 16 55 7 96 5 56 23 9 79 78 45 69 3 29 Generación 83
arranca 
Jugando Partidos contra vecino 0
Resultado 9
31729.7
Jugando Partidos contra vecino 1
Resultado 13
46365.6
Yo soy: 
18 16 55 7 96 5 56 23 9 79 78 45 69 3 29 El mejor fue: 1
18 16 55 7 96 5 56 28 9 79 78 45 69 3 29 Generación 82
arranca 
Jugando Partidos contra vecino 0
Resultado 15
56171.6
Yo soy: 
18 16 55 7 96 5 56 28 9 79 78 45 69 3 29 El mejor fue: 0
18 16 55 7 96 5 61 28 9 79 78 45 69 3 29 Generación 81
arranca 
Jugando Partidos contra vecino 0
Resultado 11
29677.5
Yo soy: 
18 16 55 7 96 5 61 28 9 79 78 45 69 3 29 El mejor fue: 0
23 16 55 7 96 5 61 28 9 79 78 45 69 3 29 Generación 80
arranca 
Jugando Partidos contra vecino 0
Resultado 7
35658.2
Jugando Partidos contra vecino 1
Resultado 11
30839
Yo soy: 
23 16 55 7 96 5 61 28 9 79 78 45 69 3 29 El mejor fue: 1
23 16 55 7 96 5 56 28 9 79 78 45 69 3 29 Generación 79
arranca 
Jugando Partidos contra vecino 0
Resultado 15
45899.7
Yo soy: 
23 16 55 7 96 5 56 28 9 79 78 45 69 3 29 El mejor fue: 0
23 16 55 7 96 5 56 28 9 79 78 50 69 3 29 Generación 78
arranca 
Jugando Partidos contra vecino 0
Resultado 15
41596.7
Yo soy: 
23 16 55 7 96 5 56 28 9 79 78 50 69 3 29 El mejor fue: 0
18 16 55 7 96 5 56 28 9 79 78 50 69 3 29 Generación 77
arranca 
Jugando Partidos contra vecino 0
Resultado 13
53604.1
Yo soy: 
18 16 55 7 96 5 56 28 9 79 78 50 69 3 29 El mejor fue: 0
18 16 55 7 96 5 56 28 9 79 78 45 69 3 29 Generación 76
arranca 
Jugando Partidos contra vecino 0
Resultado 11
38622.7
Yo soy: 
18 16 55 7 96 5 56 28 9 79 78 45 69 3 29 El mejor fue: 0
18 16 55 7 86 5 56 28 9 79 78 45 69 3 29 Generación 75
arranca 
Jugando Partidos contra vecino 0
Resultado 11
45659.3
Yo soy: 
18 16 55 7 86 5 56 28 9 79 78 45 69 3 29 El mejor fue: 0
18 16 55 7 86 5 56 28 9 74 78 45 69 3 29 Generación 74
arranca 
Jugando Partidos contra vecino 0
Resultado 11
45589.8
Yo soy: 
18 16 55 7 86 5 56 28 9 74 78 45 69 3 29 El mejor fue: 0
18 16 55 7 86 5 56 28 9 74 78 45 74 3 29 Generación 73
arranca 
Jugando Partidos contra vecino 0
Resultado 13
40040.7
Yo soy: 
18 16 55 7 86 5 56 28 9 74 78 45 74 3 29 El mejor fue: 0
18 11 55 7 86 5 56 28 9 74 78 45 74 3 29 Generación 72
arranca 
Jugando Partidos contra vecino 0
Resultado 11
39167.4
Yo soy: 
18 11 55 7 86 5 56 28 9 74 78 45 74 3 29 El mejor fue: 0
18 11 55 7 86 5 56 28 4 74 78 45 74 3 29 Generación 71
arranca 
Jugando Partidos contra vecino 0
Resultado 11
37195.9
Yo soy: 
18 11 55 7 86 5 56 28 4 74 78 45 74 3 29 El mejor fue: 0
18 11 55 7 86 5 56 23 4 74 78 45 74 3 29 Generación 70
arranca 
Jugando Partidos contra vecino 0
Resultado 11
38232.6
Yo soy: 
18 11 55 7 86 5 56 23 4 74 78 45 74 3 29 El mejor fue: 0
18 11 55 2 86 5 56 23 4 74 78 45 74 3 29 Generación 69
arranca 
Jugando Partidos contra vecino 0
Resultado 13
36909.8
Yo soy: 
18 11 55 2 86 5 56 23 4 74 78 45 74 3 29 El mejor fue: 0
18 11 50 2 86 5 56 23 4 74 78 45 74 3 29 Generación 68
arranca 
Jugando Partidos contra vecino 0
Resultado 9
35602.8
Jugando Partidos contra vecino 1
Resultado 9
37470
Jugando Partidos contra vecino 2
Resultado 13
41532.7
Yo soy: 
18 11 50 2 86 5 56 23 4 74 78 45 74 3 29 El mejor fue: 2
18 11 50 2 86 5 56 18 4 74 78 45 74 3 29 Generación 67
arranca 
Jugando Partidos contra vecino 0
Resultado 15
48366
Yo soy: 
18 11 50 2 86 5 56 18 4 74 78 45 74 3 29 El mejor fue: 0
18 11 55 2 86 5 56 18 4 74 78 45 74 3 29 Generación 66
arranca 
Jugando Partidos contra vecino 0
Resultado 13
37384.4
Yo soy: 
18 11 55 2 86 5 56 18 4 74 78 45 74 3 29 El mejor fue: 0
18 11 55 2 86 0 56 18 4 74 78 45 74 3 29 Generación 65
arranca 
Jugando Partidos contra vecino 0
Resultado 11
42472.6
Yo soy: 
18 11 55 2 86 0 56 18 4 74 78 45 74 3 29 El mejor fue: 0
18 11 55 2 86 0 56 18 4 74 78 45 74 3 24 Generación 64
arranca 
Jugando Partidos contra vecino 0
Resultado 11
39590.5
Yo soy: 
18 11 55 2 86 0 56 18 4 74 78 45 74 3 24 El mejor fue: 0
18 11 60 2 86 0 56 18 4 74 78 45 74 3 24 Generación 63
arranca 
Jugando Partidos contra vecino 0
Resultado 11
41395.3
Yo soy: 
18 11 60 2 86 0 56 18 4 74 78 45 74 3 24 El mejor fue: 0
18 16 60 2 86 0 56 18 4 74 78 45 74 3 24 Generación 62
arranca 
Jugando Partidos contra vecino 0
Resultado 15
50594.1
Yo soy: 
18 16 60 2 86 0 56 18 4 74 78 45 74 3 24 El mejor fue: 0
18 16 60 2 86 0 56 18 4 74 78 40 74 3 24 Generación 61
arranca 
Jugando Partidos contra vecino 0
Resultado 13
33991.5
Yo soy: 
18 16 60 2 86 0 56 18 4 74 78 40 74 3 24 El mejor fue: 0
18 16 60 2 86 0 56 18 4 74 78 45 74 3 24 Generación 60
arranca 
Jugando Partidos contra vecino 0
Resultado 6
47664.5
Jugando Partidos contra vecino 1
Resultado 11
35928.8
Yo soy: 
18 16 60 2 86 0 56 18 4 74 78 45 74 3 24 El mejor fue: 1
18 16 60 2 86 0 51 18 4 74 78 45 74 3 24 Generación 59
arranca 
Jugando Partidos contra vecino 0
Resultado 13
46521.3
Yo soy: 
18 16 60 2 86 0 51 18 4 74 78 45 74 3 24 El mejor fue: 0
18 16 60 2 86 0 51 18 9 74 78 45 74 3 24 Generación 58
arranca 
Jugando Partidos contra vecino 0
Resultado 13
46567.7
Yo soy: 
18 16 60 2 86 0 51 18 9 74 78 45 74 3 24 El mejor fue: 0
18 16 60 2 86 0 51 18 9 74 78 45 74 3 19 Generación 57
arranca 
Jugando Partidos contra vecino 0
Resultado 11
38182.5
Yo soy: 
18 16 60 2 86 0 51 18 9 74 78 45 74 3 19 El mejor fue: 0
23 16 60 2 86 0 51 18 9 74 78 45 74 3 19 Generación 56
arranca 
Jugando Partidos contra vecino 0
Resultado 11
40096.7
Yo soy: 
23 16 60 2 86 0 51 18 9 74 78 45 74 3 19 El mejor fue: 0
23 16 60 2 86 0 51 18 9 79 78 45 74 3 19 Generación 55
arranca 
Jugando Partidos contra vecino 0
Resultado 9
38919.7
Jugando Partidos contra vecino 1
Resultado 11
40077.9
Yo soy: 
23 16 60 2 86 0 51 18 9 79 78 45 74 3 19 El mejor fue: 1
23 16 55 2 86 0 51 18 9 79 78 45 74 3 19 Generación 54
arranca 
Jugando Partidos contra vecino 0
Resultado 15
47193.8
Yo soy: 
23 16 55 2 86 0 51 18 9 79 78 45 74 3 19 El mejor fue: 0
23 16 55 2 86 0 51 18 9 74 78 45 74 3 19 Generación 53
arranca 
Jugando Partidos contra vecino 0
Resultado 11
37481.7
Yo soy: 
23 16 55 2 86 0 51 18 9 74 78 45 74 3 19 El mejor fue: 0
23 16 55 2 86 0 51 18 14 74 78 45 74 3 19 Generación 52
arranca 
Jugando Partidos contra vecino 0
Resultado 15
57210.9
Yo soy: 
23 16 55 2 86 0 51 18 14 74 78 45 74 3 19 El mejor fue: 0
23 16 60 2 86 0 51 18 14 74 78 45 74 3 19 Generación 51
arranca 
Jugando Partidos contra vecino 0
Resultado 9
37933.7
Jugando Partidos contra vecino 1
Resultado 7
34045.1
Jugando Partidos contra vecino 2
Resultado 9
34798.1
Jugando Partidos contra vecino 3
Resultado 13
47933.8
Yo soy: 
23 16 60 2 86 0 51 18 14 74 78 45 74 3 19 El mejor fue: 3
23 16 60 2 86 0 51 18 14 74 78 45 79 3 19 Generación 50
arranca 
Jugando Partidos contra vecino 0
Resultado 13
48022.8
Yo soy: 
23 16 60 2 86 0 51 18 14 74 78 45 79 3 19 El mejor fue: 0
23 16 60 2 86 0 56 18 14 74 78 45 79 3 19 Generación 49
arranca 
Jugando Partidos contra vecino 0
Resultado 13
39720.5
Yo soy: 
23 16 60 2 86 0 56 18 14 74 78 45 79 3 19 El mejor fue: 0
23 16 60 2 86 0 56 18 14 74 78 45 79 -2 19 Generación 48
arranca 
Jugando Partidos contra vecino 0
Resultado 15
56361.9
Yo soy: 
23 16 60 2 86 0 56 18 14 74 78 45 79 -2 19 El mejor fue: 0
23 16 60 2 86 0 56 18 9 74 78 45 79 -2 19 Generación 47
arranca 
Jugando Partidos contra vecino 0
Resultado 13
53568.2
Yo soy: 
23 16 60 2 86 0 56 18 9 74 78 45 79 -2 19 El mejor fue: 0
23 11 60 2 86 0 56 18 9 74 78 45 79 -2 19 Generación 46
arranca 
Jugando Partidos contra vecino 0
Resultado 13
57914.9
Yo soy: 
23 11 60 2 86 0 56 18 9 74 78 45 79 -2 19 El mejor fue: 0
23 11 60 2 86 5 56 18 9 74 78 45 79 -2 19 Generación 45
arranca 
Jugando Partidos contra vecino 0
Resultado 15
50284.7
Yo soy: 
23 11 60 2 86 5 56 18 9 74 78 45 79 -2 19 El mejor fue: 0
23 11 60 2 86 5 56 18 9 74 83 45 79 -2 19 Generación 44
arranca 
Jugando Partidos contra vecino 0
Resultado 15
56096.1
Yo soy: 
23 11 60 2 86 5 56 18 9 74 83 45 79 -2 19 El mejor fue: 0
23 11 60 2 86 5 56 18 9 74 83 45 84 -2 19 Generación 43
arranca 
Jugando Partidos contra vecino 0
Resultado 15
52010.8
Yo soy: 
23 11 60 2 86 5 56 18 9 74 83 45 84 -2 19 El mejor fue: 0
23 11 65 2 86 5 56 18 9 74 83 45 84 -2 19 Generación 42
arranca 
Jugando Partidos contra vecino 0
Resultado 15
57648.8
Yo soy: 
23 11 65 2 86 5 56 18 9 74 83 45 84 -2 19 El mejor fue: 0
23 11 65 2 86 5 56 18 9 74 83 45 89 -2 19 Generación 41
arranca 
Jugando Partidos contra vecino 0
Resultado 15
62035.3
Yo soy: 
23 11 65 2 86 5 56 18 9 74 83 45 89 -2 19 El mejor fue: 0
23 11 65 2 86 5 56 18 9 74 83 50 89 -2 19 Generación 40
arranca 
Jugando Partidos contra vecino 0
Resultado 15
50200.1
Yo soy: 
23 11 65 2 86 5 56 18 9 74 83 50 89 -2 19 El mejor fue: 0
23 11 65 2 81 5 56 18 9 74 83 50 89 -2 19 Generación 39
arranca 
Jugando Partidos contra vecino 0
Resultado 15
52140.5
Yo soy: 
23 11 65 2 81 5 56 18 9 74 83 50 89 -2 19 El mejor fue: 0
23 11 65 2 81 10 56 18 9 74 83 50 89 -2 19 Generación 38
arranca 
Jugando Partidos contra vecino 0
Resultado 13
56542.7
Yo soy: 
23 11 65 2 81 10 56 18 9 74 83 50 89 -2 19 El mejor fue: 0
23 11 65 -3 81 10 56 18 9 74 83 50 89 -2 19 Generación 37
arranca 
Jugando Partidos contra vecino 0
Resultado 15
56471.8
Yo soy: 
23 11 65 -3 81 10 56 18 9 74 83 50 89 -2 19 El mejor fue: 0
23 11 65 2 81 10 56 18 9 74 83 50 89 -2 19 Generación 36
arranca 
Jugando Partidos contra vecino 0
Resultado 11
42074.7
Yo soy: 
23 11 65 2 81 10 56 18 9 74 83 50 89 -2 19 El mejor fue: 0
23 11 70 2 81 10 56 18 9 74 83 50 89 -2 19 Generación 35
arranca 
Jugando Partidos contra vecino 0
Resultado 7
40303.2
Jugando Partidos contra vecino 1
Resultado 15
50467
Yo soy: 
23 11 70 2 81 10 56 18 9 74 83 50 89 -2 19 El mejor fue: 1
23 11 70 2 81 10 56 18 9 74 83 55 89 -2 19 Generación 34
arranca 
Jugando Partidos contra vecino 0
Resultado 15
46160.4
Yo soy: 
23 11 70 2 81 10 56 18 9 74 83 55 89 -2 19 El mejor fue: 0
23 11 70 2 81 5 56 18 9 74 83 55 89 -2 19 Generación 33
arranca 
Jugando Partidos contra vecino 0
Resultado 9
63331.7
Jugando Partidos contra vecino 1
Resultado 15
48177.8
Yo soy: 
23 11 70 2 81 5 56 18 9 74 83 55 89 -2 19 El mejor fue: 1
23 11 70 2 81 5 56 18 9 74 83 55 89 -2 14 Generación 32
arranca 
Jugando Partidos contra vecino 0
Resultado 5
47754.6
Jugando Partidos contra vecino 1
Resultado 15
51829.3
Yo soy: 
23 11 70 2 81 5 56 18 9 74 83 55 89 -2 14 El mejor fue: 1
23 11 70 2 81 5 56 13 9 74 83 55 89 -2 14 Generación 31
arranca 
Jugando Partidos contra vecino 0
Resultado 15
51760.4
Yo soy: 
23 11 70 2 81 5 56 13 9 74 83 55 89 -2 14 El mejor fue: 0
23 11 70 2 81 5 56 8 9 74 83 55 89 -2 14 Generación 30
arranca 
Jugando Partidos contra vecino 0
Resultado 5
38320.3
Jugando Partidos contra vecino 1
Resultado 15
58973.7
Yo soy: 
23 11 70 2 81 5 56 8 9 74 83 55 89 -2 14 El mejor fue: 1
23 11 70 2 81 5 56 8 9 74 83 55 89 3 14 Generación 29
arranca 
Jugando Partidos contra vecino 0
Resultado 9
38322.9
Jugando Partidos contra vecino 1
Resultado 9
39492.1
Jugando Partidos contra vecino 2
Resultado 15
54016.1
Yo soy: 
23 11 70 2 81 5 56 8 9 74 83 55 89 3 14 El mejor fue: 2
23 11 70 2 81 5 56 8 9 74 83 55 89 3 19 Generación 28
arranca 
Jugando Partidos contra vecino 0
Resultado 11
40930.4
Yo soy: 
23 11 70 2 81 5 56 8 9 74 83 55 89 3 19 El mejor fue: 0
28 11 70 2 81 5 56 8 9 74 83 55 89 3 19 Generación 27
arranca 
Jugando Partidos contra vecino 0
Resultado 11
41928.6
Yo soy: 
28 11 70 2 81 5 56 8 9 74 83 55 89 3 19 El mejor fue: 0
28 11 70 2 81 5 56 13 9 74 83 55 89 3 19 Generación 26
arranca 
Jugando Partidos contra vecino 0
Resultado 13
42707.5
Yo soy: 
28 11 70 2 81 5 56 13 9 74 83 55 89 3 19 El mejor fue: 0
28 11 70 2 81 5 56 13 4 74 83 55 89 3 19 Generación 25
arranca 
Jugando Partidos contra vecino 0
Resultado 11
39443.2
Yo soy: 
28 11 70 2 81 5 56 13 4 74 83 55 89 3 19 El mejor fue: 0
28 11 70 2 81 5 56 13 4 74 88 55 89 3 19 Generación 24
arranca 
Jugando Partidos contra vecino 0
Resultado 11
39447.4
Yo soy: 
28 11 70 2 81 5 56 13 4 74 88 55 89 3 19 El mejor fue: 0
28 11 70 2 81 5 56 13 4 79 88 55 89 3 19 Generación 23
arranca 
Jugando Partidos contra vecino 0
Resultado 13
45707.2
Yo soy: 
28 11 70 2 81 5 56 13 4 79 88 55 89 3 19 El mejor fue: 0
28 11 70 2 81 5 56 13 4 79 88 60 89 3 19 Generación 22
arranca 
Jugando Partidos contra vecino 0
Resultado 13
41026.1
Yo soy: 
28 11 70 2 81 5 56 13 4 79 88 60 89 3 19 El mejor fue: 0
28 11 70 2 81 5 56 13 4 79 83 60 89 3 19 Generación 21
arranca 
Jugando Partidos contra vecino 0
Resultado 11
39334.9
Yo soy: 
28 11 70 2 81 5 56 13 4 79 83 60 89 3 19 El mejor fue: 0
28 11 70 2 81 5 51 13 4 79 83 60 89 3 19 Generación 20
arranca 
Jugando Partidos contra vecino 0
Resultado 13
40662.5
Yo soy: 
28 11 70 2 81 5 51 13 4 79 83 60 89 3 19 El mejor fue: 0
23 11 70 2 81 5 51 13 4 79 83 60 89 3 19 Generación 19
arranca 
Jugando Partidos contra vecino 0
Resultado 7
30343.5
Jugando Partidos contra vecino 1
Resultado 15
46015.4
Yo soy: 
23 11 70 2 81 5 51 13 4 79 83 60 89 3 19 El mejor fue: 1
23 11 65 2 81 5 51 13 4 79 83 60 89 3 19 Generación 18
arranca 
Jugando Partidos contra vecino 0
Resultado 11
36902.1
Yo soy: 
23 11 65 2 81 5 51 13 4 79 83 60 89 3 19 El mejor fue: 0
23 11 65 2 81 5 51 13 9 79 83 60 89 3 19 Generación 17
arranca 
Jugando Partidos contra vecino 0
Resultado 15
50560.5
Yo soy: 
23 11 65 2 81 5 51 13 9 79 83 60 89 3 19 El mejor fue: 0
23 11 65 2 81 10 51 13 9 79 83 60 89 3 19 Generación 16
arranca 
Jugando Partidos contra vecino 0
Resultado 11
42643
Yo soy: 
23 11 65 2 81 10 51 13 9 79 83 60 89 3 19 El mejor fue: 0
23 11 65 2 81 10 51 18 9 79 83 60 89 3 19 Generación 15
arranca 
Jugando Partidos contra vecino 0
Resultado 13
45272.5
Yo soy: 
23 11 65 2 81 10 51 18 9 79 83 60 89 3 19 El mejor fue: 0
23 11 65 2 81 10 51 18 9 74 83 60 89 3 19 Generación 14
arranca 
Jugando Partidos contra vecino 0
Resultado 15
49780.4
Yo soy: 
23 11 65 2 81 10 51 18 9 74 83 60 89 3 19 El mejor fue: 0
23 11 65 2 81 10 51 23 9 74 83 60 89 3 19 Generación 13
arranca 
Jugando Partidos contra vecino 0
Resultado 9
36211.3
Jugando Partidos contra vecino 1
Resultado 11
39652.1
Yo soy: 
23 11 65 2 81 10 51 23 9 74 83 60 89 3 19 El mejor fue: 1
23 11 65 2 81 10 51 23 9 74 88 60 89 3 19 Generación 12
arranca 
Jugando Partidos contra vecino 0
Resultado 13
44614.4
Yo soy: 
23 11 65 2 81 10 51 23 9 74 88 60 89 3 19 El mejor fue: 0
23 11 65 2 81 10 56 23 9 74 88 60 89 3 19 Generación 11
arranca 
Jugando Partidos contra vecino 0
Resultado 9
35054.6
Jugando Partidos contra vecino 1
Resultado 11
40070.5
Yo soy: 
23 11 65 2 81 10 56 23 9 74 88 60 89 3 19 El mejor fue: 1
23 11 65 2 81 10 56 23 9 74 83 60 89 3 19 Generación 10
arranca 
Jugando Partidos contra vecino 0
Resultado 9
35236.3
Jugando Partidos contra vecino 1
Resultado 7
31603.2
Jugando Partidos contra vecino 2
Resultado 13
46002.6
Yo soy: 
23 11 65 2 81 10 56 23 9 74 83 60 89 3 19 El mejor fue: 2
23 11 65 2 81 10 56 23 9 69 83 60 89 3 19 Generación 9
arranca 
Jugando Partidos contra vecino 0
Resultado 11
41433.9
Yo soy: 
23 11 65 2 81 10 56 23 9 69 83 60 89 3 19 El mejor fue: 0
23 11 65 2 81 10 56 28 9 69 83 60 89 3 19 Generación 8
arranca 
Jugando Partidos contra vecino 0
Resultado 11
40832.8
Yo soy: 
23 11 65 2 81 10 56 28 9 69 83 60 89 3 19 El mejor fue: 0
23 11 65 2 81 15 56 28 9 69 83 60 89 3 19 Generación 7
arranca 
Jugando Partidos contra vecino 0
Resultado 9
36906.8
Jugando Partidos contra vecino 1
Resultado 13
45520
Yo soy: 
23 11 65 2 81 15 56 28 9 69 83 60 89 3 19 El mejor fue: 1
23 11 65 2 81 15 56 28 9 69 83 60 89 8 19 Generación 6
arranca 
Jugando Partidos contra vecino 0
Resultado 13
40613.8
Yo soy: 
23 11 65 2 81 15 56 28 9 69 83 60 89 8 19 El mejor fue: 0
23 11 65 2 81 15 56 28 4 69 83 60 89 8 19 Generación 5
arranca 
Jugando Partidos contra vecino 0
Resultado 13
39460.8
Yo soy: 
23 11 65 2 81 15 56 28 4 69 83 60 89 8 19 El mejor fue: 0
23 11 60 2 81 15 56 28 4 69 83 60 89 8 19 Generación 4
arranca 
Jugando Partidos contra vecino 0
Resultado 15
48749.9
Yo soy: 
23 11 60 2 81 15 56 28 4 69 83 60 89 8 19 El mejor fue: 0
23 11 60 2 81 15 56 33 4 69 83 60 89 8 19 Generación 3
arranca 
Jugando Partidos contra vecino 0
Resultado 13
42320.5
Yo soy: 
23 11 60 2 81 15 56 33 4 69 83 60 89 8 19 El mejor fue: 0
23 11 60 2 81 15 56 33 4 69 83 60 89 8 24 Generación 2
arranca 
Jugando Partidos contra vecino 0
Resultado 7
43746.7
Jugando Partidos contra vecino 1
Resultado 13
43732.9
Yo soy: 
23 11 60 2 81 15 56 33 4 69 83 60 89 8 24 El mejor fue: 1
23 11 60 2 81 15 56 33 4 69 78 60 89 8 24 Generación 1
arranca 
Jugando Partidos contra vecino 0
Resultado 15
45419.8
Yo soy: 
23 11 60 2 81 15 56 33 4 69 78 60 89 8 24 El mejor fue: 0
23 11 60 2 76 15 56 33 4 69 78 60 89 8 24 Generación 0
5.55711e+06
