arranca 
Jugando Partidos contra vecino 0
Resultado 7
71148.7
Jugando Partidos contra vecino 1
Resultado 9
66698.7
Jugando Partidos contra vecino 2
Resultado 15
48868
Yo soy: 
21 100 69 40 96 36 85 20 97 34 78 37 52 51 86 El mejor fue: 2
21 100 69 40 96 36 85 20 97 34 78 37 52 51 81 Generación 9
arranca 
Jugando Partidos contra vecino 0
Resultado 7
67387.4
Jugando Partidos contra vecino 1
Resultado 11
62894.8
Yo soy: 
21 100 69 40 96 36 85 20 97 34 78 37 52 51 81 El mejor fue: 1
21 100 64 40 96 36 85 20 97 34 78 37 52 51 81 Generación 8
arranca 
Jugando Partidos contra vecino 0
Resultado 11
41094
Yo soy: 
21 100 64 40 96 36 85 20 97 34 78 37 52 51 81 El mejor fue: 0
21Resultado 5
28927.3
Jugando Partidos contra vecino 13
Resultado 5
31263.3
Jugando Partidos contra veResultadResultado 5
30678.1
Jugando Partidos contra vecino 15
Resultado 4
29301.5
Jugando Partidos contra vecino 16
Resultado 5
40841.5
Jugando Partidos contra vecino 17
Resultado 5
28080.7
Jugando Partidos contra vecino 18
Resultado 5
37971.7
Jugando Partidos contra vecino 19
Resultado 5
31606.2
Jugando Partidos contra vecino 20
Resultado 5
28379.1
Jugando Partidos contra vecino 21
Resultado 5
31286
Jugando Partidos contra vecino 22
Resultado 5
30148
Jugando Partidos contra vecino 23
Resultado 5
33244.6
Jugando Partidos contra vecino 24
Resultado 5
29285.6
Jugando Partidos contra vecino 25
Resultado 5
30711.8
Jugando Partidos contra vecino 26
Resultado 5
31020.1
Jugando Partidos contra vecino 27
Resultado 5
31243.2
Jugando Partidos contra vecino 28
Resultado 4
30873.4
Jugando Partidos contra vecino 29
Resultado 5
31762.8
944112
7 62 51 81 El mejor fue: 0
16 95 64 40 91 36 90 20 97 34 78 37 62 51 81 Generación 2
arranca 
Jugando Partidos contra vecino 0
Resultado 15
47061.6
Yo soy: 
16 95 64 40 91 36 90 20 97 34 78 37 62 51 81 El mejor fue: 0
16 95 64 40 91 36 90 20 97 34 78 37 67 51 81 Generación 1
arranca 
Jugando Partidos contra vecino 0
Resultado 13
52843
Yo soy: 
16 95 64 40 91 36 90 20 97 34 78 37 67 51 81 El mejor fue: 0
16 90 64 40 91 36 90 20 97 34 78 37 67 51 81 Generación 0
727148
