arranca 
Jugando Partidos contra vecino 0
Resultado 5
61597.5
Jugando Partidos contra vecino 1
Resultado 5
69575.2
Jugando Partidos contra vecino 2
Resultado 5
66401.4
Jugando Partidos contra vecino 3
Resultado 11
33924.1
Yo soy: 
76 59 34 46 89 90 92 11 73 30 51 93 37 56 3 81 43 23 El mejor fue: 3
76 59 34 46 89 90 92 11 73 30 51 93 37 76 3 81 43 23 Generación 199
arranca 
Jugando Partidos contra vecino 0
Resultado 9
35415
Jugando Partidos contra vecino 1
Resultado 9
35658.7
Jugando Partidos contra vecino 2
Resultado 7
38077.8
Jugando Partidos contra vecino 3
Resultado 7
36202.8
Jugando Partidos contra vecino 4
Resultado 7
38222.9
Jugando Partidos contra vecino 5
Resultado 7
32823.3
Jugando Partidos contra vecino 6
Resultado 13
37476.3
Yo soy: 
76 59 34 46 89 90 92 11 73 30 51 93 37 76 3 81 43 23 El mejor fue: 6
76 59 34 46 89 90 92 11 73 30 51 93 37 76 3 81 63 23 Generación 198
arranca 
Jugando Partidos contra vecino 0
Resultado 4
29018.3
Jugando Partidos contra vecino 1
Resultado 9
33275.4
Jugando Partidos contra vecino 2
Resultado 9
33007.4
Jugando Partidos contra vecino 3
Resultado 11
32064.3
Yo soy: 
76 59 34 46 89 90 92 11 73 30 51 93 37 76 3 81 63 23 El mejor fue: 3
76 59 34 46 69 90 92 11 73 30 51 93 37 76 3 81 63 23 Generación 197
arranca 
Jugando Partidos contra vecino 0
Resultado 11
35457.1
Yo soy: 
76 59 34 46 69 90 92 11 73 30 51 93 37 76 3 81 63 23 El mejor fue: 0
76 59 34 46 69 90 92 11 73 30 51 73 37 76 3 81 63 23 Generación 196
arranca 
Jugando Partidos contra vecino 0
Resultado 13
43703.7
Yo soy: 
76 59 34 46 69 90 92 11 73 30 51 73 37 76 3 81 63 23 El mejor fue: 0
76 59 34 46 69 90 92 11 73 30 51 73 57 76 3 81 63 23 Generación 195
arranca 
Jugando Partidos contra vecino 0
Resultado 7
36853.8
Jugando Partidos contra vecino 1
Resultado 9
34732.8
Jugando Partidos contra vecino 2
Resultado 9
31465.6
Jugando Partidos contra vecino 3
Resultado 11
38861.9
Yo soy: 
76 59 34 46 69 90 92 11 73 30 51 73 57 76 3 81 63 23 El mejor fue: 3
76 59 34 46 69 90 92 11 73 30 51 73 77 76 3 81 63 23 Generación 194
arranca 
Jugando Partidos contra vecino 0
Resultado 11
39877.4
Yo soy: 
76 59 34 46 69 90 92 11 73 30 51 73 77 76 3 81 63 23 El mejor fue: 0
76 59 34 46 69 70 92 11 73 30 51 73 77 76 3 81 63 23 Generación 193
arranca 
Jugando Partidos contra vecino 0
Resultado 9
34276.4
Jugando Partidos contra vecino 1
Resultado 11
37716.7
Yo soy: 
76 59 34 46 69 70 92 11 73 30 51 73 77 76 3 81 63 23 El mejor fue: 1
76 59 34 46 69 70 92 11 73 30 51 53 77 76 3 81 63 23 Generación 192
arranca 
Jugando Partidos contra vecino 0
Resultado 7
34463.1
Jugando Partidos contra vecino 1
Resultado 5
30158.8
Jugando Partidos contra vecino 2
Resultado 8
36904.8
Jugando Partidos contra vecino 3
Resultado 7
42894.5
Jugando Partidos contra vecino 4
Resultado 11
38032.6
Yo soy: 
76 59 34 46 69 70 92 11 73 30 51 53 77 76 3 81 63 23 El mejor fue: 4
76 79 34 46 69 70 92 11 73 30 51 53 77 76 3 81 63 23 Generación 191
arranca 
Jugando Partidos contra vecino 0
Resultado 9
34730.9
Jugando Partidos contra vecino 1
Resultado 9
37805.5
Jugando Partidos contra vecino 2
Resultado 5
34257.9
Jugando Partidos contra vecino 3
Resultado 13
46478.9
Yo soy: 
76 79 34 46 69 70 92 11 73 30 51 53 77 76 3 81 63 23 El mejor fue: 3
76 79 34 46 69 70 92 11 73 30 51 53 77 76 3 81 63 43 Generación 190
arranca 
Jugando Partidos contra vecino 0
Resultado 5
24553.1
Jugando Partidos contra vecino 1
Resultado 13
54054.6
Yo soy: 
76 79 34 46 69 70 92 11 73 30 51 53 77 76 3 81 63 43 El mejor fue: 1
56 79 34 46 69 70 92 11 73 30 51 53 77 76 3 81 63 43 Generación 189
arranca 
Jugando Partidos contra vecino 0
Resultado 9
34570.9
Jugando Partidos contra vecino 1
Resultado 5
30191.2
Jugando Partidos contra vecino 2
Resultado 11
42428.5
Yo soy: 
56 79 34 46 69 70 92 11 73 30 51 53 77 76 3 81 63 43 El mejor fue: 2
56 79 34 46 69 70 92 11 73 30 51 53 57 76 3 81 63 43 Generación 188
arranca 
Jugando Partidos contra vecino 0
Resultado 13
45422.9
Yo soy: 
56 79 34 46 69 70 92 11 73 30 51 53 57 76 3 81 63 43 El mejor fue: 0
56 79 34 46 69 70 92 31 73 30 51 53 57 76 3 81 63 43 Generación 187
arranca 
Jugando Partidos contra vecino 0
Resultado 11
43773.2
Yo soy: 
56 79 34 46 69 70 92 31 73 30 51 53 57 76 3 81 63 43 El mejor fue: 0
56 79 34 46 69 70 92 31 73 30 51 53 57 76 -17 81 63 43 Generación 186
arranca 
Jugando Partidos contra vecino 0
Resultado 11
41371.2
Yo soy: 
56 79 34 46 69 70 92 31 73 30 51 53 57 76 -17 81 63 43 El mejor fue: 0
56 79 34 46 69 70 92 31 73 30 31 53 57 76 -17 81 63 43 Generación 185
arranca 
Jugando Partidos contra vecino 0
Resultado 11
39467.1
Yo soy: 
56 79 34 46 69 70 92 31 73 30 31 53 57 76 -17 81 63 43 El mejor fue: 0
56 79 34 46 69 70 92 51 73 30 31 53 57 76 -17 81 63 43 Generación 184
arranca 
Jugando Partidos contra vecino 0
Resultado 9
39164.8
Jugando Partidos contra vecino 1
Resultado 5
38803.9
Jugando Partidos contra vecino 2
Resultado 9
37100.4
Jugando Partidos contra vecino 3
Resultado 5
37261.6
Jugando Partidos contra vecino 4
Resultado 9
40664
Jugando Partidos contra vecino 5
Resultado 5
31134
Jugando Partidos contra vecino 6
Resultado 5
34073.5
Jugando Partidos contra vecino 7
Resultado 11
40971
Yo soy: 
56 79 34 46 69 70 92 51 73 30 31 53 57 76 -17 81 63 43 El mejor fue: 7
56 79 34 46 89 70 92 51 73 30 31 53 57 76 -17 81 63 43 Generación 183
arranca 
Jugando Partidos contra vecino 0
Resultado 7
43843.8
Jugando Partidos contra vecino 1
Resultado 9
40738.4
Jugando Partidos contra vecino 2
Resultado 7
30747.7
Jugando Partidos contra vecino 3
Resultado 7
41464.1
Jugando Partidos contra vecino 4
Resultado 5
33720.9
Jugando Partidos contra vecino 5
Resultado 9
41798.4
Jugando Partidos contra vecino 6
Resultado 9
42251.9
Jugando Partidos contra vecino 7
Resultado 5
27877.5
Jugando Partidos contra vecino 8
Resultado 5
33324.4
Jugando Partidos contra vecino 9
Resultado 5
38611.7
Jugando Partidos contra vecino 10
Resultado 7
41744.1
Jugando Partidos contra vecino 11
Resultado 4
35794
Jugando Partidos contra vecino 12
Resultado 7
44247.5
Jugando Partidos contra vecino 13
Resultado 9
43238.2
Jugando Partidos contra vecino 14
Resultado 11
36022.9
Yo soy: 
56 79 34 46 89 70 92 51 73 30 31 53 57 76 -17 81 63 43 El mejor fue: 14
36 79 34 46 89 70 92 51 73 30 31 53 57 76 -17 81 63 43 Generación 182
arranca 
Jugando Partidos contra vecino 0
Resultado 9
51370.4
Jugando Partidos contra vecino 1
Resultado 4
46857
Jugando Partidos contra vecino 2
Resultado 11
33218.6
Yo soy: 
36 79 34 46 89 70 92 51 73 30 31 53 57 76 -17 81 63 43 El mejor fue: 2
16 79 34 46 89 70 92 51 73 30 31 53 57 76 -17 81 63 43 Generación 181
arranca 
Jugando Partidos contra vecino 0
Resultado 9
34887.3
Jugando Partidos contra vecino 1
Resultado 7
58744.4
Jugando Partidos contra vecino 2
Resultado 5
61830.9
Jugando Partidos contra vecino 3
Resultado 7
58061.9
Jugando Partidos contra vecino 4
Resultado 9
44969.1
Jugando Partidos contra vecino 5
Resultado 6
40594
Jugando Partidos contra vecino 6
Resultado 9
33773.5
Jugando Partidos contra vecino 7
Resultado 15
61572.9
Yo soy: 
16 79 34 46 89 70 92 51 73 30 31 53 57 76 -17 81 63 43 El mejor fue: 7
16 79 34 26 89 70 92 51 73 30 31 53 57 76 -17 81 63 43 Generación 180
arranca 
Jugando Partidos contra vecino 0
Resultado 9
34105.1
Jugando Partidos contra vecino 1
Resultado 11
42502.1
Yo soy: 
16 79 34 26 89 70 92 51 73 30 31 53 57 76 -17 81 63 43 El mejor fue: 1
16 79 34 26 89 70 92 51 73 30 51 53 57 76 -17 81 63 43 Generación 179
arranca 
Jugando Partidos contra vecino 0
Resultado 8
42355.4
Jugando Partidos contra vecino 1
Resultado 9
66397.9
Jugando Partidos contra vecino 2
Resultado 11
38798.3
Yo soy: 
16 79 34 26 89 70 92 51 73 30 51 53 57 76 -17 81 63 43 El mejor fue: 2
16 79 34 26 89 70 92 51 73 30 51 53 57 96 -17 81 63 43 Generación 178
arranca 
Jugando Partidos contra vecino 0
Resultado 4
21434.4
Jugando Partidos contra vecino 1
Resultado 15
63902.3
Yo soy: 
16 79 34 26 89 70 92 51 73 30 51 53 57 96 -17 81 63 43 El mejor fue: 1
16 79 34 26 89 70 92 51 73 30 51 73 57 96 -17 81 63 43 Generación 177
arranca 
Jugando Partidos contra vecino 0
Resultado 11
48354.4
Yo soy: 
16 79 34 26 89 70 92 51 73 30 51 73 57 96 -17 81 63 43 El mejor fue: 0
16 79 34 26 89 70 92 51 73 30 51 73 57 76 -17 81 63 43 Generación 176
arranca 
Jugando Partidos contra vecino 0
Resultado 7
33572.8
Jugando Partidos contra vecino 1
Resultado 13
57895.7
Yo soy: 
16 79 34 26 89 70 92 51 73 30 51 73 57 76 -17 81 63 43 El mejor fue: 1
16 79 34 26 69 70 92 51 73 30 51 73 57 76 -17 81 63 43 Generación 175
arranca 
Jugando Partidos contra vecino 0
Resultado 3
21289.2
Jugando Partidos contra vecino 1
Resultado 11
53143.5
Yo soy: 
16 79 34 26 69 70 92 51 73 30 51 73 57 76 -17 81 63 43 El mejor fue: 1
16 79 34 26 69 50 92 51 73 30 51 73 57 76 -17 81 63 43 Generación 174
arranca 
Jugando Partidos contra vecino 0
Resultado 9
35359.2
Jugando Partidos contra vecino 1
Resultado 15
61856.5
Yo soy: 
16 79 34 26 69 50 92 51 73 30 51 73 57 76 -17 81 63 43 El mejor fue: 1
16 79 34 26 69 50 92 51 73 30 51 73 57 76 -37 81 63 43 Generación 173
arranca 
Jugando Partidos contra vecino 0
Resultado 9
37430.8
Jugando Partidos contra vecino 1
Resultado 8
35640.9
Jugando Partidos contra vecino 2
Resultado 11
44392.8
Yo soy: 
16 79 34 26 69 50 92 51 73 30 51 73 57 76 -37 81 63 43 El mejor fue: 2
16 79 34 26 69 50 92 51 73 30 71 73 57 76 -37 81 63 43 Generación 172
arranca 
Jugando Partidos contra vecino 0
Resultado 2
21819.8
Jugando Partidos contra vecino 1
Resultado 9
41612.3
Jugando Partidos contra vecino 2
Resultado 11
45224.3
Yo soy: 
16 79 34 26 69 50 92 51 73 30 71 73 57 76 -37 81 63 43 El mejor fue: 2
16 79 34 26 69 50 72 51 73 30 71 73 57 76 -37 81 63 43 Generación 171
arranca 
Jugando Partidos contra vecino 0
Resultado 9
43514.1
Jugando Partidos contra vecino 1
Resultado 12
54993.1
Yo soy: 
16 79 34 26 69 50 72 51 73 30 71 73 57 76 -37 81 63 43 El mejor fue: 1
16 79 14 26 69 50 72 51 73 30 71 73 57 76 -37 81 63 43 Generación 170
arranca 
Jugando Partidos contra vecino 0
Resultado 15
63775.6
Yo soy: 
16 79 14 26 69 50 72 51 73 30 71 73 57 76 -37 81 63 43 El mejor fue: 0
16 79 14 26 69 50 72 51 73 10 71 73 57 76 -37 81 63 43 Generación 169
arranca 
Jugando Partidos contra vecino 0
Resultado 15
55649.9
Yo soy: 
16 79 14 26 69 50 72 51 73 10 71 73 57 76 -37 81 63 43 El mejor fue: 0
16 79 14 26 69 50 72 51 73 10 71 73 57 76 -37 81 63 23 Generación 168
arranca 
Jugando Partidos contra vecino 0
Resultado 15
66198.9
Yo soy: 
16 79 14 26 69 50 72 51 73 10 71 73 57 76 -37 81 63 23 El mejor fue: 0
16 79 14 26 69 50 72 51 53 10 71 73 57 76 -37 81 63 23 Generación 167
arranca 
Jugando Partidos contra vecino 0
Resultado 13
64773.1
Yo soy: 
16 79 14 26 69 50 72 51 53 10 71 73 57 76 -37 81 63 23 El mejor fue: 0
16 79 -6 26 69 50 72 51 53 10 71 73 57 76 -37 81 63 23 Generación 166
arranca 
Jugando Partidos contra vecino 0
Resultado 15
67840.9
Yo soy: 
16 79 -6 26 69 50 72 51 53 10 71 73 57 76 -37 81 63 23 El mejor fue: 0
-4 79 -6 26 69 50 72 51 53 10 71 73 57 76 -37 81 63 23 Generación 165
arranca 
Jugando Partidos contra vecino 0
Resultado 15
53807.4
Yo soy: 
-4 79 -6 26 69 50 72 51 53 10 71 73 57 76 -37 81 63 23 El mejor fue: 0
-4 79 -6 26 69 30 72 51 53 10 71 73 57 76 -37 81 63 23 Generación 164
arranca 
Jugando Partidos contra vecino 0
Resultado 15
61216.4
Yo soy: 
-4 79 -6 26 69 30 72 51 53 10 71 73 57 76 -37 81 63 23 El mejor fue: 0
-4 79 -6 26 69 30 72 51 53 10 71 93 57 76 -37 81 63 23 Generación 163
arranca 
Jugando Partidos contra vecino 0
Resultado 15
60951.4
Yo soy: 
-4 79 -6 26 69 30 72 51 53 10 71 93 57 76 -37 81 63 23 El mejor fue: 0
-4 79 14 26 69 30 72 51 53 10 71 93 57 76 -37 81 63 23 Generación 162
arranca 
Jugando Partidos contra vecino 0
Resultado 15
65479.9
Yo soy: 
-4 79 14 26 69 30 72 51 53 10 71 93 57 76 -37 81 63 23 El mejor fue: 0
-4 79 14 26 69 30 72 51 53 10 71 93 57 76 -17 81 63 23 Generación 161
arranca 
Jugando Partidos contra vecino 0
Resultado 15
58831.2
Yo soy: 
-4 79 14 26 69 30 72 51 53 10 71 93 57 76 -17 81 63 23 El mejor fue: 0
-4 79 14 26 69 30 72 51 33 10 71 93 57 76 -17 81 63 23 Generación 160
arranca 
Jugando Partidos contra vecino 0
Resultado 15
61534.5
Yo soy: 
-4 79 14 26 69 30 72 51 33 10 71 93 57 76 -17 81 63 23 El mejor fue: 0
-4 79 14 26 69 30 72 51 33 10 71 93 57 76 -17 81 63 3 Generación 159
arranca 
Jugando Partidos contra vecino 0
Resultado 15
68092.6
Yo soy: 
-4 79 14 26 69 30 72 51 33 10 71 93 57 76 -17 81 63 3 El mejor fue: 0
-4 79 14 26 69 30 72 51 33 10 71 93 57 76 -17 81 63 -17 Generación 158
arranca 
Jugando Partidos contra vecino 0
Resultado 12
48929.6
Yo soy: 
-4 79 14 26 69 30 72 51 33 10 71 93 57 76 -17 81 63 -17 El mejor fue: 0
-4 79 14 26 49 30 72 51 33 10 71 93 57 76 -17 81 63 -17 Generación 157
arranca 
Jugando Partidos contra vecino 0
Resultado 15
60344.7
Yo soy: 
-4 79 14 26 49 30 72 51 33 10 71 93 57 76 -17 81 63 -17 El mejor fue: 0
16 79 14 26 49 30 72 51 33 10 71 93 57 76 -17 81 63 -17 Generación 156
arranca 
Jugando Partidos contra vecino 0
Resultado 11
62092.8
Yo soy: 
16 79 14 26 49 30 72 51 33 10 71 93 57 76 -17 81 63 -17 El mejor fue: 0
16 79 14 26 49 30 72 51 33 10 71 93 37 76 -17 81 63 -17 Generación 155
arranca 
Jugando Partidos contra vecino 0
Resultado 15
65365.3
Yo soy: 
16 79 14 26 49 30 72 51 33 10 71 93 37 76 -17 81 63 -17 El mejor fue: 0
16 79 14 26 49 30 72 51 33 10 71 93 57 76 -17 81 63 -17 Generación 154
arranca 
Jugando Partidos contra vecino 0
Resultado 15
63857.9
Yo soy: 
16 79 14 26 49 30 72 51 33 10 71 93 57 76 -17 81 63 -17 El mejor fue: 0
16 79 14 26 49 30 72 51 33 10 71 93 57 96 -17 81 63 -17 Generación 153
arranca 
Jugando Partidos contra vecino 0
Resultado 15
67304.6
Yo soy: 
16 79 14 26 49 30 72 51 33 10 71 93 57 96 -17 81 63 -17 El mejor fue: 0
16 79 14 26 49 30 72 51 33 -10 71 93 57 96 -17 81 63 -17 Generación 152
arranca 
Jugando Partidos contra vecino 0
Resultado 15
55856
Yo soy: 
16 79 14 26 49 30 72 51 33 -10 71 93 57 96 -17 81 63 -17 El mejor fue: 0
16 79 14 26 69 30 72 51 33 -10 71 93 57 96 -17 81 63 -17 Generación 151
arranca 
Jugando Partidos contra vecino 0
Resultado 15
63088
Yo soy: 
16 79 14 26 69 30 72 51 33 -10 71 93 57 96 -17 81 63 -17 El mejor fue: 0
16 79 14 26 69 30 72 51 33 -10 71 93 57 76 -17 81 63 -17 Generación 150
arranca 
Jugando Partidos contra vecino 0
Resultado 15
66228.8
Yo soy: 
16 79 14 26 69 30 72 51 33 -10 71 93 57 76 -17 81 63 -17 El mejor fue: 0
16 79 14 26 69 30 52 51 33 -10 71 93 57 76 -17 81 63 -17 Generación 149
arranca 
Jugando Partidos contra vecino 0
Resultado 5
26948.3
Jugando Partidos contra vecino 1
Resultado 15
65075.3
Yo soy: 
16 79 14 26 69 30 52 51 33 -10 71 93 57 76 -17 81 63 -17 El mejor fue: 1
16 79 14 26 69 30 52 51 33 -10 71 53 57 76 -17 81 63 -17 Generación 148
arranca 
Jugando Partidos contra vecino 0
Resultado 15
55560.2
Yo soy: 
16 79 14 26 69 30 52 51 33 -10 71 53 57 76 -17 81 63 -17 El mejor fue: 0
16 79 14 26 69 30 52 51 33 -10 71 53 57 76 -37 81 63 -17 Generación 147
arranca 
Jugando Partidos contra vecino 0
Resultado 13
41001.8
Yo soy: 
16 79 14 26 69 30 52 51 33 -10 71 53 57 76 -37 81 63 -17 El mejor fue: 0
16 79 14 26 69 30 52 51 33 -10 71 53 57 76 -37 81 83 -17 Generación 146
arranca 
Jugando Partidos contra vecino 0
Resultado 15
42625.7
Yo soy: 
16 79 14 26 69 30 52 51 33 -10 71 53 57 76 -37 81 83 -17 El mejor fue: 0
16 79 14 26 69 30 52 51 13 -10 71 53 57 76 -37 81 83 -17 Generación 145
arranca 
Jugando Partidos contra vecino 0
Resultado 11
44736
Yo soy: 
16 79 14 26 69 30 52 51 13 -10 71 53 57 76 -37 81 83 -17 El mejor fue: 0
16 79 14 26 69 30 52 51 13 -10 71 33 57 76 -37 81 83 -17 Generación 144
arranca 
Jugando Partidos contra vecino 0
Resultado 13
42557.4
Yo soy: 
16 79 14 26 69 30 52 51 13 -10 71 33 57 76 -37 81 83 -17 El mejor fue: 0
16 79 34 26 69 30 52 51 13 -10 71 33 57 76 -37 81 83 -17 Generación 143
arranca 
Jugando Partidos contra vecino 0
Resultado 7
42417.5
Jugando Partidos contra vecino 1
Resultado 8
34940.1
Jugando Partidos contra vecino 2
Resultado 13
44803.7
Yo soy: 
16 79 34 26 69 30 52 51 13 -10 71 33 57 76 -37 81 83 -17 El mejor fue: 2
16 79 34 26 69 50 52 51 13 -10 71 33 57 76 -37 81 83 -17 Generación 142
arranca 
Jugando Partidos contra vecino 0
Resultado 7
30823.1
Jugando Partidos contra vecino 1
Resultado 7
27550.8
Jugando Partidos contra vecino 2
Resultado 5
23826.6
Jugando Partidos contra vecino 3
Resultado 10
37910.4
Yo soy: 
16 79 34 26 69 50 52 51 13 -10 71 33 57 76 -37 81 83 -17 El mejor fue: 3
16 79 34 26 69 50 52 71 13 -10 71 33 57 76 -37 81 83 -17 Generación 141
arranca 
Jugando Partidos contra vecino 0
Resultado 5
37530.7
Jugando Partidos contra vecino 1
Resultado 11
42247.6
Yo soy: 
16 79 34 26 69 50 52 71 13 -10 71 33 57 76 -37 81 83 -17 El mejor fue: 1
16 79 34 26 69 50 52 91 13 -10 71 33 57 76 -37 81 83 -17 Generación 140
arranca 
Jugando Partidos contra vecino 0
Resultado 11
50891.1
Yo soy: 
16 79 34 26 69 50 52 91 13 -10 71 33 57 76 -37 81 83 -17 El mejor fue: 0
16 79 34 6 69 50 52 91 13 -10 71 33 57 76 -37 81 83 -17 Generación 139
arranca 
Jugando Partidos contra vecino 0
Resultado 9
54967.2
Jugando Partidos contra vecino 1
Resultado 13
59277.4
Yo soy: 
16 79 34 6 69 50 52 91 13 -10 71 33 57 76 -37 81 83 -17 El mejor fue: 1
16 79 34 6 69 50 52 91 33 -10 71 33 57 76 -37 81 83 -17 Generación 138
arranca 
Jugando Partidos contra vecino 0
Resultado 5
30144.4
Jugando Partidos contra vecino 1
Resultado 7
37444.8
Jugando Partidos contra vecino 2
Resultado 11
48952.3
Yo soy: 
16 79 34 6 69 50 52 91 33 -10 71 33 57 76 -37 81 83 -17 El mejor fue: 2
16 79 34 6 69 50 52 91 33 10 71 33 57 76 -37 81 83 -17 Generación 137
arranca 
Jugando Partidos contra vecino 0
Resultado 9
45494.4
Jugando Partidos contra vecino 1
Resultado 8
34916.3
Jugando Partidos contra vecino 2
Resultado 9
46281.5
Jugando Partidos contra vecino 3
Resultado 5
29039.7
Jugando Partidos contra vecino 4
Resultado 4
32966.8
Jugando Partidos contra vecino 5
Resultado 13
59177
Yo soy: 
16 79 34 6 69 50 52 91 33 10 71 33 57 76 -37 81 83 -17 El mejor fue: 5
16 79 54 6 69 50 52 91 33 10 71 33 57 76 -37 81 83 -17 Generación 136
arranca 
Jugando Partidos contra vecino 0
Resultado 6
50506.4
Jugando Partidos contra vecino 1
Resultado 10
54498.2
Yo soy: 
16 79 54 6 69 50 52 91 33 10 71 33 57 76 -37 81 83 -17 El mejor fue: 1
16 79 54 6 69 50 52 91 33 10 71 33 57 76 -17 81 83 -17 Generación 135
arranca 
Jugando Partidos contra vecino 0
Resultado 13
61252.8
Yo soy: 
16 79 54 6 69 50 52 91 33 10 71 33 57 76 -17 81 83 -17 El mejor fue: 0
16 79 54 6 69 50 52 91 33 10 91 33 57 76 -17 81 83 -17 Generación 134
arranca 
Jugando Partidos contra vecino 0
Resultado 8
46067.3
Jugando Partidos contra vecino 1
Resultado 13
55183.9
Yo soy: 
16 79 54 6 69 50 52 91 33 10 91 33 57 76 -17 81 83 -17 El mejor fue: 1
16 79 54 6 69 50 52 91 33 10 91 33 77 76 -17 81 83 -17 Generación 133
arranca 
Jugando Partidos contra vecino 0
Resultado 15
68967.4
Yo soy: 
16 79 54 6 69 50 52 91 33 10 91 33 77 76 -17 81 83 -17 El mejor fue: 0
16 79 54 6 69 50 52 91 33 10 91 33 77 76 -17 81 83 -37 Generación 132
arranca 
Jugando Partidos contra vecino 0
Resultado 9
41383.1
Jugando Partidos contra vecino 1
Resultado 10
52530.9
Yo soy: 
16 79 54 6 69 50 52 91 33 10 91 33 77 76 -17 81 83 -37 El mejor fue: 1
16 79 54 6 69 50 52 91 33 10 91 33 77 76 -17 81 63 -37 Generación 131
arranca 
Jugando Partidos contra vecino 0
Resultado 13
54198.7
Yo soy: 
16 79 54 6 69 50 52 91 33 10 91 33 77 76 -17 81 63 -37 El mejor fue: 0
16 79 54 6 69 50 52 71 33 10 91 33 77 76 -17 81 63 -37 Generación 130
arranca 
Jugando Partidos contra vecino 0
Resultado 13
62825.5
Yo soy: 
16 79 54 6 69 50 52 71 33 10 91 33 77 76 -17 81 63 -37 El mejor fue: 0
16 79 54 6 69 50 52 71 33 10 91 33 77 76 -17 81 63 -57 Generación 129
arranca 
Jugando Partidos contra vecino 0
Resultado 15
72267.5
Yo soy: 
16 79 54 6 69 50 52 71 33 10 91 33 77 76 -17 81 63 -57 El mejor fue: 0
16 79 54 6 69 30 52 71 33 10 91 33 77 76 -17 81 63 -57 Generación 128
arranca 
Jugando Partidos contra vecino 0
Resultado 7
46512.9
Jugando Partidos contra vecino 1
Resultado 11
51579.3
Yo soy: 
16 79 54 6 69 30 52 71 33 10 91 33 77 76 -17 81 63 -57 El mejor fue: 1
16 79 54 6 69 30 52 71 33 10 91 33 77 76 -17 81 63 -37 Generación 127
arranca 
Jugando Partidos contra vecino 0
Resultado 15
62991.4
Yo soy: 
16 79 54 6 69 30 52 71 33 10 91 33 77 76 -17 81 63 -37 El mejor fue: 0
16 99 54 6 69 30 52 71 33 10 91 33 77 76 -17 81 63 -37 Generación 126
arranca 
Jugando Partidos contra vecino 0
Resultado 11
64257.7
Yo soy: 
16 99 54 6 69 30 52 71 33 10 91 33 77 76 -17 81 63 -37 El mejor fue: 0
16 99 54 6 69 30 52 71 33 30 91 33 77 76 -17 81 63 -37 Generación 125
arranca 
Jugando Partidos contra vecino 0
Resultado 15
71784.1
Yo soy: 
16 99 54 6 69 30 52 71 33 30 91 33 77 76 -17 81 63 -37 El mejor fue: 0
16 99 54 6 69 30 52 71 33 10 91 33 77 76 -17 81 63 -37 Generación 124
arranca 
Jugando Partidos contra vecino 0
Resultado 13
64719.3
Yo soy: 
16 99 54 6 69 30 52 71 33 10 91 33 77 76 -17 81 63 -37 El mejor fue: 0
16 99 54 6 69 30 52 71 33 10 91 33 77 96 -17 81 63 -37 Generación 123
arranca 
Jugando Partidos contra vecino 0
Resultado 11
51643.5
Yo soy: 
16 99 54 6 69 30 52 71 33 10 91 33 77 96 -17 81 63 -37 El mejor fue: 0
16 99 54 6 69 30 52 71 33 10 91 33 77 76 -17 81 63 -37 Generación 122
arranca 
Jugando Partidos contra vecino 0
Resultado 4
28110.7
Jugando Partidos contra vecino 1
Resultado 9
49953.6
Jugando Partidos contra vecino 2
Resultado 13
56472.4
Yo soy: 
16 99 54 6 69 30 52 71 33 10 91 33 77 76 -17 81 63 -37 El mejor fue: 2
16 99 54 6 69 30 52 71 33 10 91 33 77 76 -17 81 83 -37 Generación 121
arranca 
Jugando Partidos contra vecino 0
Resultado 15
63063.3
Yo soy: 
16 99 54 6 69 30 52 71 33 10 91 33 77 76 -17 81 83 -37 El mejor fue: 0
16 99 54 6 69 30 52 71 33 10 91 53 77 76 -17 81 83 -37 Generación 120
arranca 
Jugando Partidos contra vecino 0
Resultado 8
39485.9
Jugando Partidos contra vecino 1
Resultado 13
61870.4
Yo soy: 
16 99 54 6 69 30 52 71 33 10 91 53 77 76 -17 81 83 -37 El mejor fue: 1
16 99 54 6 69 30 52 71 33 10 91 53 77 76 -37 81 83 -37 Generación 119
arranca 
Jugando Partidos contra vecino 0
Resultado 5
46260.4
Jugando Partidos contra vecino 1
Resultado 13
60772.5
Yo soy: 
16 99 54 6 69 30 52 71 33 10 91 53 77 76 -37 81 83 -37 El mejor fue: 1
16 99 54 6 89 30 52 71 33 10 91 53 77 76 -37 81 83 -37 Generación 118
arranca 
Jugando Partidos contra vecino 0
Resultado 1
24324.3
Jugando Partidos contra vecino 1
Resultado 13
61613.8
Yo soy: 
16 99 54 6 89 30 52 71 33 10 91 53 77 76 -37 81 83 -37 El mejor fue: 1
16 99 54 6 89 30 52 91 33 10 91 53 77 76 -37 81 83 -37 Generación 117
arranca 
Jugando Partidos contra vecino 0
Resultado 13
58167.8
Yo soy: 
16 99 54 6 89 30 52 91 33 10 91 53 77 76 -37 81 83 -37 El mejor fue: 0
16 99 54 6 89 30 32 91 33 10 91 53 77 76 -37 81 83 -37 Generación 116
arranca 
Jugando Partidos contra vecino 0
Resultado 10
54467
Yo soy: 
16 99 54 6 89 30 32 91 33 10 91 53 77 76 -37 81 83 -37 El mejor fue: 0
16 99 54 6 89 30 32 51 33 10 91 53 77 76 -37 81 83 -37 Generación 115
arranca 
Jugando Partidos contra vecino 0
Resultado 11
55005.9
Yo soy: 
16 99 54 6 89 30 32 51 33 10 91 53 77 76 -37 81 83 -37 El mejor fue: 0
16 99 54 6 89 30 32 51 33 10 91 53 77 76 -37 81 83 -57 Generación 114
arranca 
Jugando Partidos contra vecino 0
Resultado 9
49846
Jugando Partidos contra vecino 1
Resultado 6
29127.4
Jugando Partidos contra vecino 2
Resultado 11
57100.3
Yo soy: 
16 99 54 6 89 30 32 51 33 10 91 53 77 76 -37 81 83 -57 El mejor fue: 2
16 99 54 6 89 30 32 51 13 10 91 53 77 76 -37 81 83 -57 Generación 113
arranca 
Jugando Partidos contra vecino 0
Resultado 10
45777.3
Yo soy: 
16 99 54 6 89 30 32 51 13 10 91 53 77 76 -37 81 83 -57 El mejor fue: 0
16 99 54 6 89 30 12 51 13 10 91 53 77 76 -37 81 83 -57 Generación 112
arranca 
Jugando Partidos contra vecino 0
Resultado 11
52326.4
Yo soy: 
16 99 54 6 89 30 12 51 13 10 91 53 77 76 -37 81 83 -57 El mejor fue: 0
16 99 54 6 89 30 12 51 13 10 91 53 77 76 -37 81 43 -57 Generación 111
arranca 
Jugando Partidos contra vecino 0
Resultado 13
68776.9
Yo soy: 
16 99 54 6 89 30 12 51 13 10 91 53 77 76 -37 81 43 -57 El mejor fue: 0
16 99 54 6 89 30 12 51 13 10 71 53 77 76 -37 81 43 -57 Generación 110
arranca 
Jugando Partidos contra vecino 0
Resultado 11
47303.1
Yo soy: 
16 99 54 6 89 30 12 51 13 10 71 53 77 76 -37 81 43 -57 El mejor fue: 0
16 99 54 6 89 10 12 51 13 10 71 53 77 76 -37 81 43 -57 Generación 109
arranca 
Jugando Partidos contra vecino 0
Resultado 11
62486.2
Yo soy: 
16 99 54 6 89 10 12 51 13 10 71 53 77 76 -37 81 43 -57 El mejor fue: 0
16 99 54 6 89 10 12 31 13 10 71 53 77 76 -37 81 43 -57 Generación 108
arranca 
Jugando Partidos contra vecino 0
Resultado 9
59788.2
Jugando Partidos contra vecino 1
Resultado 13
52917.2
Yo soy: 
16 99 54 6 89 10 12 31 13 10 71 53 77 76 -37 81 43 -57 El mejor fue: 1
16 99 54 6 89 10 12 31 13 10 71 53 77 56 -37 81 43 -57 Generación 107
arranca 
Jugando Partidos contra vecino 0
Resultado 13
60220.3
Yo soy: 
16 99 54 6 89 10 12 31 13 10 71 53 77 56 -37 81 43 -57 El mejor fue: 0
16 99 54 26 89 10 12 31 13 10 71 53 77 56 -37 81 43 -57 Generación 106
arranca 
Jugando Partidos contra vecino 0
Resultado 15
79642.6
Yo soy: 
16 99 54 26 89 10 12 31 13 10 71 53 77 56 -37 81 43 -57 El mejor fue: 0
16 99 54 26 89 10 12 31 13 30 71 53 77 56 -37 81 43 -57 Generación 105
arranca 
Jugando Partidos contra vecino 0
Resultado 9
26542.5
Jugando Partidos contra vecino 1
Resultado 13
57672.2
Yo soy: 
16 99 54 26 89 10 12 31 13 30 71 53 77 56 -37 81 43 -57 El mejor fue: 1
16 99 54 26 69 10 12 31 13 30 71 53 77 56 -37 81 43 -57 Generación 104
arranca 
Jugando Partidos contra vecino 0
Resultado 13
55652.8
Yo soy: 
16 99 54 26 69 10 12 31 13 30 71 53 77 56 -37 81 43 -57 El mejor fue: 0
16 99 54 26 69 30 12 31 13 30 71 53 77 56 -37 81 43 -57 Generación 103
arranca 
Jugando Partidos contra vecino 0
Resultado 13
54885
Yo soy: 
16 99 54 26 69 30 12 31 13 30 71 53 77 56 -37 81 43 -57 El mejor fue: 0
16 99 54 26 69 10 12 31 13 30 71 53 77 56 -37 81 43 -57 Generación 102
arranca 
Jugando Partidos contra vecino 0
Resultado 9
41668.9
Jugando Partidos contra vecino 1
Resultado 9
24800.4
Jugando Partidos contra vecino 2
Resultado 11
53663.4
Yo soy: 
16 99 54 26 69 10 12 31 13 30 71 53 77 56 -37 81 43 -57 El mejor fue: 2
16 99 54 26 69 10 12 31 13 30 71 53 77 56 -37 81 63 -57 Generación 101
arranca 
Jugando Partidos contra vecino 0
Resultado 9
31383.4
Jugando Partidos contra vecino 1
Resultado 11
43969.8
Yo soy: 
16 99 54 26 69 10 12 31 13 30 71 53 77 56 -37 81 63 -57 El mejor fue: 1
16 99 54 26 69 10 32 31 13 30 71 53 77 56 -37 81 63 -57 Generación 100
arranca 
Jugando Partidos contra vecino 0
Resultado 13
60568.4
Yo soy: 
16 99 54 26 69 10 32 31 13 30 71 53 77 56 -37 81 63 -57 El mejor fue: 0
16 99 54 26 69 -10 32 31 13 30 71 53 77 56 -37 81 63 -57 Generación 99
arranca 
Jugando Partidos contra vecino 0
Resultado 15
57520.7
Yo soy: 
16 99 54 26 69 -10 32 31 13 30 71 53 77 56 -37 81 63 -57 El mejor fue: 0
16 99 54 26 69 -10 32 31 13 30 91 53 77 56 -37 81 63 -57 Generación 98
arranca 
Jugando Partidos contra vecino 0
Resultado 15
68086
Yo soy: 
16 99 54 26 69 -10 32 31 13 30 91 53 77 56 -37 81 63 -57 El mejor fue: 0
16 99 54 26 69 10 32 31 13 30 91 53 77 56 -37 81 63 -57 Generación 97
arranca 
Jugando Partidos contra vecino 0
Resultado 13
43596.2
Yo soy: 
16 99 54 26 69 10 32 31 13 30 91 53 77 56 -37 81 63 -57 El mejor fue: 0
16 99 54 26 69 10 32 31 13 10 91 53 77 56 -37 81 63 -57 Generación 96
arranca 
Jugando Partidos contra vecino 0
Resultado 13
49757.3
Yo soy: 
16 99 54 26 69 10 32 31 13 10 91 53 77 56 -37 81 63 -57 El mejor fue: 0
16 99 54 26 69 10 32 31 13 10 91 53 77 56 -37 81 83 -57 Generación 95
arranca 
Jugando Partidos contra vecino 0
Resultado 11
53934.9
Yo soy: 
16 99 54 26 69 10 32 31 13 10 91 53 77 56 -37 81 83 -57 El mejor fue: 0
16 99 54 26 69 10 32 31 13 10 51 53 77 56 -37 81 83 -57 Generación 94
arranca 
Jugando Partidos contra vecino 0
Resultado 6
40060.1
Jugando Partidos contra vecino 1
Resultado 9
37854.7
Jugando Partidos contra vecino 2
Resultado 9
45405.8
Jugando Partidos contra vecino 3
Resultado 15
69345.2
Yo soy: 
16 99 54 26 69 10 32 31 13 10 51 53 77 56 -37 81 83 -57 El mejor fue: 3
16 99 54 26 69 10 32 31 13 -10 51 53 77 56 -37 81 83 -57 Generación 93
arranca 
Jugando Partidos contra vecino 0
Resultado 11
52366.2
Yo soy: 
16 99 54 26 69 10 32 31 13 -10 51 53 77 56 -37 81 83 -57 El mejor fue: 0
16 99 54 26 69 10 32 31 13 -10 51 53 77 56 -37 81 63 -57 Generación 92
arranca 
Jugando Partidos contra vecino 0
Resultado 11
53240.4
Yo soy: 
16 99 54 26 69 10 32 31 13 -10 51 53 77 56 -37 81 63 -57 El mejor fue: 0
16 99 54 26 69 10 32 31 33 -10 51 53 77 56 -37 81 63 -57 Generación 91
arranca 
Jugando Partidos contra vecino 0
Resultado 15
66513.2
Yo soy: 
16 99 54 26 69 10 32 31 33 -10 51 53 77 56 -37 81 63 -57 El mejor fue: 0
-4 99 54 26 69 10 32 31 33 -10 51 53 77 56 -37 81 63 -57 Generación 90
arranca 
Jugando Partidos contra vecino 0
Resultado 13
58934
Yo soy: 
-4 99 54 26 69 10 32 31 33 -10 51 53 77 56 -37 81 63 -57 El mejor fue: 0
-4 99 54 26 69 10 32 31 33 -10 51 53 77 56 -37 81 63 -37 Generación 89
arranca 
Jugando Partidos contra vecino 0
Resultado 5
29015
Jugando Partidos contra vecino 1
Resultado 11
52948.1
Yo soy: 
-4 99 54 26 69 10 32 31 33 -10 51 53 77 56 -37 81 63 -37 El mejor fue: 1
-4 79 54 26 69 10 32 31 33 -10 51 53 77 56 -37 81 63 -37 Generación 88
arranca 
Jugando Partidos contra vecino 0
Resultado 15
66582.4
Yo soy: 
-4 79 54 26 69 10 32 31 33 -10 51 53 77 56 -37 81 63 -37 El mejor fue: 0
-4 79 54 26 69 10 32 11 33 -10 51 53 77 56 -37 81 63 -37 Generación 87
arranca 
Jugando Partidos contra vecino 0
Resultado 11
53548.2
Yo soy: 
-4 79 54 26 69 10 32 11 33 -10 51 53 77 56 -37 81 63 -37 El mejor fue: 0
-4 79 34 26 69 10 32 11 33 -10 51 53 77 56 -37 81 63 -37 Generación 86
arranca 
Jugando Partidos contra vecino 0
Resultado 13
47848.5
Yo soy: 
-4 79 34 26 69 10 32 11 33 -10 51 53 77 56 -37 81 63 -37 El mejor fue: 0
-4 79 34 26 69 10 32 11 33 -10 51 53 57 56 -37 81 63 -37 Generación 85
arranca 
Jugando Partidos contra vecino 0
Resultado 15
74179.9
Yo soy: 
-4 79 34 26 69 10 32 11 33 -10 51 53 57 56 -37 81 63 -37 El mejor fue: 0
-4 79 34 26 69 10 32 11 33 -10 51 53 57 76 -37 81 63 -37 Generación 84
arranca 
Jugando Partidos contra vecino 0
Resultado 11
54163.3
Yo soy: 
-4 79 34 26 69 10 32 11 33 -10 51 53 57 76 -37 81 63 -37 El mejor fue: 0
-4 79 34 26 69 10 32 -9 33 -10 51 53 57 76 -37 81 63 -37 Generación 83
arranca 
Jugando Partidos contra vecino 0
Resultado 11
56043.9
Yo soy: 
-4 79 34 26 69 10 32 -9 33 -10 51 53 57 76 -37 81 63 -37 El mejor fue: 0
-4 79 34 26 69 10 32 -9 33 -10 31 53 57 76 -37 81 63 -37 Generación 82
arranca 
Jugando Partidos contra vecino 0
Resultado 9
42466.4
Jugando Partidos contra vecino 1
Resultado 13
49341.5
Yo soy: 
-4 79 34 26 69 10 32 -9 33 -10 31 53 57 76 -37 81 63 -37 El mejor fue: 1
-4 79 34 26 69 10 32 11 33 -10 31 53 57 76 -37 81 63 -37 Generación 81
arranca 
Jugando Partidos contra vecino 0
Resultado 13
62574.7
Yo soy: 
-4 79 34 26 69 10 32 11 33 -10 31 53 57 76 -37 81 63 -37 El mejor fue: 0
-4 79 34 26 69 -10 32 11 33 -10 31 53 57 76 -37 81 63 -37 Generación 80
arranca 
Jugando Partidos contra vecino 0
Resultado 7
30719.5
Jugando Partidos contra vecino 1
Resultado 9
40474.1
Jugando Partidos contra vecino 2
Resultado 9
45303.5
Jugando Partidos contra vecino 3
Resultado 11
52476.1
Yo soy: 
-4 79 34 26 69 -10 32 11 33 -10 31 53 57 76 -37 81 63 -37 El mejor fue: 3
-4 79 34 26 69 -10 32 11 33 -10 31 53 57 76 -17 81 63 -37 Generación 79
arranca 
Jugando Partidos contra vecino 0
Resultado 7
31239
Jugando Partidos contra vecino 1
Resultado 11
57320.1
Yo soy: 
-4 79 34 26 69 -10 32 11 33 -10 31 53 57 76 -17 81 63 -37 El mejor fue: 1
-4 79 34 6 69 -10 32 11 33 -10 31 53 57 76 -17 81 63 -37 Generación 78
arranca 
Jugando Partidos contra vecino 0
Resultado 9
54967.6
Jugando Partidos contra vecino 1
Resultado 13
57371.9
Yo soy: 
-4 79 34 6 69 -10 32 11 33 -10 31 53 57 76 -17 81 63 -37 El mejor fue: 1
-4 79 34 26 69 -10 32 11 33 -10 31 53 57 76 -17 81 63 -37 Generación 77
arranca 
Jugando Partidos contra vecino 0
Resultado 9
49123.3
Jugando Partidos contra vecino 1
Resultado 5
32320.2
Jugando Partidos contra vecino 2
Resultado 6
32125.4
Jugando Partidos contra vecino 3
Resultado 9
43494.7
Jugando Partidos contra vecino 4
Resultado 11
51540.8
Yo soy: 
-4 79 34 26 69 -10 32 11 33 -10 31 53 57 76 -17 81 63 -37 El mejor fue: 4
-4 79 34 26 69 -10 32 11 33 -10 31 53 57 96 -17 81 63 -37 Generación 76
arranca 
Jugando Partidos contra vecino 0
Resultado 13
63177.1
Yo soy: 
-4 79 34 26 69 -10 32 11 33 -10 31 53 57 96 -17 81 63 -37 El mejor fue: 0
-4 99 34 26 69 -10 32 11 33 -10 31 53 57 96 -17 81 63 -37 Generación 75
arranca 
Jugando Partidos contra vecino 0
Resultado 13
55466.8
Yo soy: 
-4 99 34 26 69 -10 32 11 33 -10 31 53 57 96 -17 81 63 -37 El mejor fue: 0
-4 99 34 6 69 -10 32 11 33 -10 31 53 57 96 -17 81 63 -37 Generación 74
arranca 
Jugando Partidos contra vecino 0
Resultado 6
50795.3
Jugando Partidos contra vecino 1
Resultado 15
69027.7
Yo soy: 
-4 99 34 6 69 -10 32 11 33 -10 31 53 57 96 -17 81 63 -37 El mejor fue: 1
-4 99 34 6 69 -10 32 11 33 -10 31 53 57 96 -37 81 63 -37 Generación 73
arranca 
Jugando Partidos contra vecino 0
Resultado 9
49182.1
Jugando Partidos contra vecino 1
Resultado 15
65118.9
Yo soy: 
-4 99 34 6 69 -10 32 11 33 -10 31 53 57 96 -37 81 63 -37 El mejor fue: 1
-4 99 34 6 69 -10 32 -9 33 -10 31 53 57 96 -37 81 63 -37 Generación 72
arranca 
Jugando Partidos contra vecino 0
Resultado 2
26210.6
Jugando Partidos contra vecino 1
Resultado 13
50765.4
Yo soy: 
-4 99 34 6 69 -10 32 -9 33 -10 31 53 57 96 -37 81 63 -37 El mejor fue: 1
-4 99 34 6 69 -10 32 -9 33 -10 51 53 57 96 -37 81 63 -37 Generación 71
arranca 
Jugando Partidos contra vecino 0
Resultado 11
48315.6
Yo soy: 
-4 99 34 6 69 -10 32 -9 33 -10 51 53 57 96 -37 81 63 -37 El mejor fue: 0
-4 99 34 26 69 -10 32 -9 33 -10 51 53 57 96 -37 81 63 -37 Generación 70
arranca 
Jugando Partidos contra vecino 0
Resultado 9
39784.2
Jugando Partidos contra vecino 1
Resultado 11
53743.7
Yo soy: 
-4 99 34 26 69 -10 32 -9 33 -10 51 53 57 96 -37 81 63 -37 El mejor fue: 1
-4 99 34 26 69 -10 32 11 33 -10 51 53 57 96 -37 81 63 -37 Generación 69
arranca 
Jugando Partidos contra vecino 0
Resultado 15
60367.9
Yo soy: 
-4 99 34 26 69 -10 32 11 33 -10 51 53 57 96 -37 81 63 -37 El mejor fue: 0
-4 99 34 26 69 -10 32 -9 33 -10 51 53 57 96 -37 81 63 -37 Generación 68
arranca 
Jugando Partidos contra vecino 0
Resultado 9
41000.8
Jugando Partidos contra vecino 1
Resultado 13
51517.2
Yo soy: 
-4 99 34 26 69 -10 32 -9 33 -10 51 53 57 96 -37 81 63 -37 El mejor fue: 1
-4 99 34 26 69 -10 32 -9 33 -10 51 53 57 96 -37 81 63 -17 Generación 67
arranca 
Jugando Partidos contra vecino 0
Resultado 9
44739.7
Jugando Partidos contra vecino 1
Resultado 15
54809.9
Yo soy: 
-4 99 34 26 69 -10 32 -9 33 -10 51 53 57 96 -37 81 63 -17 El mejor fue: 1
-4 99 34 26 69 -10 32 -29 33 -10 51 53 57 96 -37 81 63 -17 Generación 66
arranca 
Jugando Partidos contra vecino 0
Resultado 13
54293.7
Yo soy: 
-4 99 34 26 69 -10 32 -29 33 -10 51 53 57 96 -37 81 63 -17 El mejor fue: 0
-4 99 34 26 69 -10 32 -9 33 -10 51 53 57 96 -37 81 63 -17 Generación 65
arranca 
Jugando Partidos contra vecino 0
Resultado 5
38416.9
Jugando Partidos contra vecino 1
Resultado 11
52147.2
Yo soy: 
-4 99 34 26 69 -10 32 -9 33 -10 51 53 57 96 -37 81 63 -17 El mejor fue: 1
-4 99 34 26 69 -10 32 -29 33 -10 51 53 57 96 -37 81 63 -17 Generación 64
arranca 
Jugando Partidos contra vecino 0
Resultado 11
40292.2
Yo soy: 
-4 99 34 26 69 -10 32 -29 33 -10 51 53 57 96 -37 81 63 -17 El mejor fue: 0
-4 99 34 26 49 -10 32 -29 33 -10 51 53 57 96 -37 81 63 -17 Generación 63
arranca 
Jugando Partidos contra vecino 0
Resultado 4
34328.1
Jugando Partidos contra vecino 1
Resultado 11
55395.6
Yo soy: 
-4 99 34 26 49 -10 32 -29 33 -10 51 53 57 96 -37 81 63 -17 El mejor fue: 1
-4 99 54 26 49 -10 32 -29 33 -10 51 53 57 96 -37 81 63 -17 Generación 62
arranca 
Jugando Partidos contra vecino 0
Resultado 13
63733
Yo soy: 
-4 99 54 26 49 -10 32 -29 33 -10 51 53 57 96 -37 81 63 -17 El mejor fue: 0
-4 99 54 26 49 -10 32 -29 33 -10 51 53 77 96 -37 81 63 -17 Generación 61
arranca 
Jugando Partidos contra vecino 0
Resultado 5
28426.3
Jugando Partidos contra vecino 1
Resultado 9
39277.1
Jugando Partidos contra vecino 2
Resultado 4
27120.6
Jugando Partidos contra vecino 3
Resultado 11
56400.3
Yo soy: 
-4 99 54 26 49 -10 32 -29 33 -10 51 53 77 96 -37 81 63 -17 El mejor fue: 3
-24 99 54 26 49 -10 32 -29 33 -10 51 53 77 96 -37 81 63 -17 Generación 60
arranca 
Jugando Partidos contra vecino 0
Resultado 5
42361.1
Jugando Partidos contra vecino 1
Resultado 15
71364.1
Yo soy: 
-24 99 54 26 49 -10 32 -29 33 -10 51 53 77 96 -37 81 63 -17 El mejor fue: 1
-24 99 54 26 49 -10 32 -29 33 -10 51 53 77 96 -57 81 63 -17 Generación 59
arranca 
Jugando Partidos contra vecino 0
Resultado 13
47483.3
Yo soy: 
-24 99 54 26 49 -10 32 -29 33 -10 51 53 77 96 -57 81 63 -17 El mejor fue: 0
-24 59 54 26 49 -10 32 -29 33 -10 51 53 77 96 -57 81 63 -17 Generación 58
arranca 
Jugando Partidos contra vecino 0
Resultado 13
62390.9
Yo soy: 
-24 59 54 26 49 -10 32 -29 33 -10 51 53 77 96 -57 81 63 -17 El mejor fue: 0
-24 59 54 26 29 -10 32 -29 33 -10 51 53 77 96 -57 81 63 -17 Generación 57
arranca 
Jugando Partidos contra vecino 0
Resultado 9
39929.9
Jugando Partidos contra vecino 1
Resultado 9
56522.2
Jugando Partidos contra vecino 2
Resultado 13
63090.7
Yo soy: 
-24 59 54 26 29 -10 32 -29 33 -10 51 53 77 96 -57 81 63 -17 El mejor fue: 2
-24 59 54 6 29 -10 32 -29 33 -10 51 53 77 96 -57 81 63 -17 Generación 56
arranca 
Jugando Partidos contra vecino 0
Resultado 13
46058.3
Yo soy: 
-24 59 54 6 29 -10 32 -29 33 -10 51 53 77 96 -57 81 63 -17 El mejor fue: 0
-24 59 34 6 29 -10 32 -29 33 -10 51 53 77 96 -57 81 63 -17 Generación 55
arranca 
Jugando Partidos contra vecino 0
Resultado 11
51749.9
Yo soy: 
-24 59 34 6 29 -10 32 -29 33 -10 51 53 77 96 -57 81 63 -17 El mejor fue: 0
-24 59 34 6 29 -10 32 -29 33 -10 71 53 77 96 -57 81 63 -17 Generación 54
arranca 
Jugando Partidos contra vecino 0
Resultado 9
47192.2
Jugando Partidos contra vecino 1
Resultado 13
55430
Yo soy: 
-24 59 34 6 29 -10 32 -29 33 -10 71 53 77 96 -57 81 63 -17 El mejor fue: 1
-24 59 34 6 9 -10 32 -29 33 -10 71 53 77 96 -57 81 63 -17 Generación 53
arranca 
Jugando Partidos contra vecino 0
Resultado 9
42164.8
Jugando Partidos contra vecino 1
Resultado 15
60625.1
Yo soy: 
-24 59 34 6 9 -10 32 -29 33 -10 71 53 77 96 -57 81 63 -17 El mejor fue: 1
-24 59 34 6 9 -10 32 -29 33 -10 51 53 77 96 -57 81 63 -17 Generación 52
arranca 
Jugando Partidos contra vecino 0
Resultado 11
51630.5
Yo soy: 
-24 59 34 6 9 -10 32 -29 33 -10 51 53 77 96 -57 81 63 -17 El mejor fue: 0
-24 59 34 6 9 -10 32 -29 33 -10 51 53 77 96 -37 81 63 -17 Generación 51
arranca 
Jugando Partidos contra vecino 0
Resultado 13
55250.2
Yo soy: 
-24 59 34 6 9 -10 32 -29 33 -10 51 53 77 96 -37 81 63 -17 El mejor fue: 0
-24 59 34 6 9 10 32 -29 33 -10 51 53 77 96 -37 81 63 -17 Generación 50
arranca 
Jugando Partidos contra vecino 0
Resultado 15
61836.7
Yo soy: 
-24 59 34 6 9 10 32 -29 33 -10 51 53 77 96 -37 81 63 -17 El mejor fue: 0
-24 59 34 6 9 10 32 -29 33 -30 51 53 77 96 -37 81 63 -17 Generación 49
arranca 
Jugando Partidos contra vecino 0
Resultado 15
59595.6
Yo soy: 
-24 59 34 6 9 10 32 -29 33 -30 51 53 77 96 -37 81 63 -17 El mejor fue: 0
-24 59 34 6 9 10 32 -29 33 -30 51 53 77 96 -17 81 63 -17 Generación 48
arranca 
Jugando Partidos contra vecino 0
Resultado 13
46811.7
Yo soy: 
-24 59 34 6 9 10 32 -29 33 -30 51 53 77 96 -17 81 63 -17 El mejor fue: 0
-24 59 34 -14 9 10 32 -29 33 -30 51 53 77 96 -17 81 63 -17 Generación 47
arranca 
Jugando Partidos contra vecino 0
Resultado 15
49000.1
Yo soy: 
-24 59 34 -14 9 10 32 -29 33 -30 51 53 77 96 -17 81 63 -17 El mejor fue: 0
-24 59 34 -14 9 10 32 -29 53 -30 51 53 77 96 -17 81 63 -17 Generación 46
arranca 
Jugando Partidos contra vecino 0
Resultado 13
42383.1
Yo soy: 
-24 59 34 -14 9 10 32 -29 53 -30 51 53 77 96 -17 81 63 -17 El mejor fue: 0
-24 59 34 -34 9 10 32 -29 53 -30 51 53 77 96 -17 81 63 -17 Generación 45
arranca 
Jugando Partidos contra vecino 0
Resultado 1
31478.6
Jugando Partidos contra vecino 1
Resultado 11
54769.3
Yo soy: 
-24 59 34 -34 9 10 32 -29 53 -30 51 53 77 96 -17 81 63 -17 El mejor fue: 1
-24 59 34 -54 9 10 32 -29 53 -30 51 53 77 96 -17 81 63 -17 Generación 44
arranca 
Jugando Partidos contra vecino 0
Resultado 13
46801.1
Yo soy: 
-24 59 34 -54 9 10 32 -29 53 -30 51 53 77 96 -17 81 63 -17 El mejor fue: 0
-24 59 34 -54 9 10 32 -29 53 -30 51 53 77 76 -17 81 63 -17 Generación 43
arranca 
Jugando Partidos contra vecino 0
Resultado 11
53049.4
Yo soy: 
-24 59 34 -54 9 10 32 -29 53 -30 51 53 77 76 -17 81 63 -17 El mejor fue: 0
-24 59 34 -34 9 10 32 -29 53 -30 51 53 77 76 -17 81 63 -17 Generación 42
arranca 
Jugando Partidos contra vecino 0
Resultado 13
44049.8
Yo soy: 
-24 59 34 -34 9 10 32 -29 53 -30 51 53 77 76 -17 81 63 -17 El mejor fue: 0
-24 59 34 -54 9 10 32 -29 53 -30 51 53 77 76 -17 81 63 -17 Generación 41
arranca 
Jugando Partidos contra vecino 0
Resultado 13
41620.4
Yo soy: 
-24 59 34 -54 9 10 32 -29 53 -30 51 53 77 76 -17 81 63 -17 El mejor fue: 0
-4 59 34 -54 9 10 32 -29 53 -30 51 53 77 76 -17 81 63 -17 Generación 40
arranca 
Jugando Partidos contra vecino 0
Resultado 6
32706.6
Jugando Partidos contra vecino 1
Resultado 15
54005.4
Yo soy: 
-4 59 34 -54 9 10 32 -29 53 -30 51 53 77 76 -17 81 63 -17 El mejor fue: 1
-4 59 34 -54 9 10 32 -29 53 -30 51 53 77 76 3 81 63 -17 Generación 39
arranca 
Jugando Partidos contra vecino 0
Resultado 15
45955.7
Yo soy: 
-4 59 34 -54 9 10 32 -29 53 -30 51 53 77 76 3 81 63 -17 El mejor fue: 0
-4 59 34 -54 9 10 32 -29 53 -30 51 53 77 56 3 81 63 -17 Generación 38
arranca 
Jugando Partidos contra vecino 0
Resultado 9
67962.9
Jugando Partidos contra vecino 1
Resultado 15
44858.9
Yo soy: 
-4 59 34 -54 9 10 32 -29 53 -30 51 53 77 56 3 81 63 -17 El mejor fue: 1
-4 59 34 -54 29 10 32 -29 53 -30 51 53 77 56 3 81 63 -17 Generación 37
arranca 
Jugando Partidos contra vecino 0
Resultado 11
61911.8
Yo soy: 
-4 59 34 -54 29 10 32 -29 53 -30 51 53 77 56 3 81 63 -17 El mejor fue: 0
-4 59 34 -54 29 10 32 -29 53 -30 51 33 77 56 3 81 63 -17 Generación 36
arranca 
Jugando Partidos contra vecino 0
Resultado 7
73744.9
Jugando Partidos contra vecino 1
Resultado 13
55884.5
Yo soy: 
-4 59 34 -54 29 10 32 -29 53 -30 51 33 77 56 3 81 63 -17 El mejor fue: 1
-4 59 34 -54 29 10 32 -29 53 -30 51 33 77 56 -17 81 63 -17 Generación 35
arranca 
Jugando Partidos contra vecino 0
Resultado 7
72947.6
Jugando Partidos contra vecino 1
Resultado 5
67564.3
Jugando Partidos contra vecino 2
Resultado 7
53779.3
Jugando Partidos contra vecino 3
Resultado 9
67219.3
Jugando Partidos contra vecino 4
Resultado 11
60974.4
Yo soy: 
-4 59 34 -54 29 10 32 -29 53 -30 51 33 77 56 -17 81 63 -17 El mejor fue: 4
-4 59 34 -54 29 10 32 -29 53 -10 51 33 77 56 -17 81 63 -17 Generación 34
arranca 
Jugando Partidos contra vecino 0
Resultado 11
48760.8
Yo soy: 
-4 59 34 -54 29 10 32 -29 53 -10 51 33 77 56 -17 81 63 -17 El mejor fue: 0
16 59 34 -54 29 10 32 -29 53 -10 51 33 77 56 -17 81 63 -17 Generación 33
arranca 
Jugando Partidos contra vecino 0
Resultado 7
74450.2
Jugando Partidos contra vecino 1
Resultado 9
71114.6
Jugando Partidos contra vecino 2
Resultado 5
75152.4
Jugando Partidos contra vecino 3
Resultado 7
75498.3
Jugando Partidos contra vecino 4
Resultado 5
84255.4
Jugando Partidos contra vecino 5
Resultado 7
69086.4
Jugando Partidos contra vecino 6
Resultado 11
62213.6
Yo soy: 
16 59 34 -54 29 10 32 -29 53 -10 51 33 77 56 -17 81 63 -17 El mejor fue: 6
16 59 34 -54 29 10 32 -29 53 10 51 33 77 56 -17 81 63 -17 Generación 32
arranca 
Jugando Partidos contra vecino 0
Resultado 11
66491.8
Yo soy: 
16 59 34 -54 29 10 32 -29 53 10 51 33 77 56 -17 81 63 -17 El mejor fue: 0
-4 59 34 -54 29 10 32 -29 53 10 51 33 77 56 -17 81 63 -17 Generación 31
arranca 
Jugando Partidos contra vecino 0
Resultado 9
52202.2
Jugando Partidos contra vecino 1
Resultado 11
67658.6
Yo soy: 
-4 59 34 -54 29 10 32 -29 53 10 51 33 77 56 -17 81 63 -17 El mejor fue: 1
-4 59 34 -54 29 10 32 -29 53 10 31 33 77 56 -17 81 63 -17 Generación 30
arranca 
Jugando Partidos contra vecino 0
Resultado 5
59789.9
Jugando Partidos contra vecino 1
Resultado 11
57854.2
Yo soy: 
-4 59 34 -54 29 10 32 -29 53 10 31 33 77 56 -17 81 63 -17 El mejor fue: 1
-4 59 34 -54 29 10 32 -9 53 10 31 33 77 56 -17 81 63 -17 Generación 29
arranca 
Jugando Partidos contra vecino 0
Resultado 5
18597.8
Jugando Partidos contra vecino 1
Resultado 5
80890.1
Jugando Partidos contra vecino 2
Resultado 9
59844.5
Jugando Partidos contra vecino 3
Resultado 7
59596.5
Jugando Partidos contra vecino 4
Resultado 5
55198.8
Jugando Partidos contra vecino 5
Resultado 13
49098.5
Yo soy: 
-4 59 34 -54 29 10 32 -9 53 10 31 33 77 56 -17 81 63 -17 El mejor fue: 5
-4 59 34 -54 29 10 32 -9 53 10 31 33 77 76 -17 81 63 -17 Generación 28
arranca 
Jugando Partidos contra vecino 0
Resultado 11
43084.2
Yo soy: 
-4 59 34 -54 29 10 32 -9 53 10 31 33 77 76 -17 81 63 -17 El mejor fue: 0
-4 59 34 -54 29 10 32 -9 53 30 31 33 77 76 -17 81 63 -17 Generación 27
arranca 
Jugando Partidos contra vecino 0
Resultado 13
50803.8
Yo soy: 
-4 59 34 -54 29 10 32 -9 53 30 31 33 77 76 -17 81 63 -17 El mejor fue: 0
-4 59 34 -54 29 10 52 -9 53 30 31 33 77 76 -17 81 63 -17 Generación 26
arranca 
Jugando Partidos contra vecino 0
Resultado 2
34331
Jugando Partidos contra vecino 1
Resultado 9
46620.4
Jugando Partidos contra vecino 2
Resultado 11
47873.6
Yo soy: 
-4 59 34 -54 29 10 52 -9 53 30 31 33 77 76 -17 81 63 -17 El mejor fue: 2
-4 59 34 -54 29 10 52 -9 53 30 31 33 77 76 -17 81 63 -37 Generación 25
arranca 
Jugando Partidos contra vecino 0
Resultado 11
36199.4
Yo soy: 
-4 59 34 -54 29 10 52 -9 53 30 31 33 77 76 -17 81 63 -37 El mejor fue: 0
-4 59 34 -54 29 10 52 -9 53 30 31 53 77 76 -17 81 63 -37 Generación 24
arranca 
Jugando Partidos contra vecino 0
Resultado 11
48938.7
Yo soy: 
-4 59 34 -54 29 10 52 -9 53 30 31 53 77 76 -17 81 63 -37 El mejor fue: 0
-4 59 54 -54 29 10 52 -9 53 30 31 53 77 76 -17 81 63 -37 Generación 23
arranca 
Jugando Partidos contra vecino 0
Resultado 11
44029.2
Yo soy: 
-4 59 54 -54 29 10 52 -9 53 30 31 53 77 76 -17 81 63 -37 El mejor fue: 0
-4 59 54 -54 29 10 52 -9 53 10 31 53 77 76 -17 81 63 -37 Generación 22
arranca 
Jugando Partidos contra vecino 0
Resultado 9
49932.1
Jugando Partidos contra vecino 1
Resultado 5
22028.5
Jugando Partidos contra vecino 2
Resultado 15
51152.8
Yo soy: 
-4 59 54 -54 29 10 52 -9 53 10 31 53 77 76 -17 81 63 -37 El mejor fue: 2
-4 59 54 -54 29 10 52 -9 53 10 51 53 77 76 -17 81 63 -37 Generación 21
arranca 
Jugando Partidos contra vecino 0
Resultado 13
49974
Yo soy: 
-4 59 54 -54 29 10 52 -9 53 10 51 53 77 76 -17 81 63 -37 El mejor fue: 0
-4 59 54 -54 29 10 72 -9 53 10 51 53 77 76 -17 81 63 -37 Generación 20
arranca 
Jugando Partidos contra vecino 0
Resultado 13
44855.7
Yo soy: 
-4 59 54 -54 29 10 72 -9 53 10 51 53 77 76 -17 81 63 -37 El mejor fue: 0
-4 59 54 -54 29 10 72 -9 53 10 51 53 77 76 -17 81 63 -17 Generación 19
arranca 
Jugando Partidos contra vecino 0
Resultado 15
49020.9
Yo soy: 
-4 59 54 -54 29 10 72 -9 53 10 51 53 77 76 -17 81 63 -17 El mejor fue: 0
-4 59 54 -54 29 10 72 -9 33 10 51 53 77 76 -17 81 63 -17 Generación 18
arranca 
Jugando Partidos contra vecino 0
Resultado 1
23284.1
Jugando Partidos contra vecino 1
Resultado 11
48863.8
Yo soy: 
-4 59 54 -54 29 10 72 -9 33 10 51 53 77 76 -17 81 63 -17 El mejor fue: 1
-4 79 54 -54 29 10 72 -9 33 10 51 53 77 76 -17 81 63 -17 Generación 17
arranca 
Jugando Partidos contra vecino 0
Resultado 11
49644.4
Yo soy: 
-4 79 54 -54 29 10 72 -9 33 10 51 53 77 76 -17 81 63 -17 El mejor fue: 0
-4 79 54 -54 29 10 72 -9 33 10 31 53 77 76 -17 81 63 -17 Generación 16
arranca 
Jugando Partidos contra vecino 0
Resultado 9
40963.7
Jugando Partidos contra vecino 1
Resultado 3
23125.5
Jugando Partidos contra vecino 2
Resultado 9
64548
Jugando Partidos contra vecino 3
Resultado 9
54458.9
Jugando Partidos contra vecino 4
Resultado 9
54298.2
Jugando Partidos contra vecino 5
Resultado 2
25951
Jugando Partidos contra vecino 6
Resultado 7
51175.8
Jugando Partidos contra vecino 7
Resultado 7
59743.4
Jugando Partidos contra vecino 8
Resultado 15
53747.9
Yo soy: 
-4 79 54 -54 29 10 72 -9 33 10 31 53 77 76 -17 81 63 -17 El mejor fue: 8
-4 79 54 -54 29 10 72 -9 33 10 31 73 77 76 -17 81 63 -17 Generación 15
arranca 
Jugando Partidos contra vecino 0
Resultado 11
44226.5
Yo soy: 
-4 79 54 -54 29 10 72 -9 33 10 31 73 77 76 -17 81 63 -17 El mejor fue: 0
16 79 54 -54 29 10 72 -9 33 10 31 73 77 76 -17 81 63 -17 Generación 14
arranca 
Jugando Partidos contra vecino 0
Resultado 7
44424.7
Jugando Partidos contra vecino 1
Resultado 7
43869.1
Jugando Partidos contra vecino 2
Resultado 9
55622.1
Jugando Partidos contra vecino 3
Resultado 7
56909.6
Jugando Partidos contra vecino 4
Resultado 13
45591.6
Yo soy: 
16 79 54 -54 29 10 72 -9 33 10 31 73 77 76 -17 81 63 -17 El mejor fue: 4
16 79 54 -54 29 10 52 -9 33 10 31 73 77 76 -17 81 63 -17 Generación 13
arranca 
Jugando Partidos contra vecino 0
Resultado 9
43595.1
Jugando Partidos contra vecino 1
Resultado 11
48609.6
Yo soy: 
16 79 54 -54 29 10 52 -9 33 10 31 73 77 76 -17 81 63 -17 El mejor fue: 1
16 79 54 -54 29 10 52 -9 33 10 31 73 77 76 -17 81 63 3 Generación 12
arranca 
Jugando Partidos contra vecino 0
Resultado 13
50856.8
Yo soy: 
16 79 54 -54 29 10 52 -9 33 10 31 73 77 76 -17 81 63 3 El mejor fue: 0
16 79 54 -54 29 10 52 -9 33 10 31 73 77 76 -17 81 63 23 Generación 11
arranca 
Jugando Partidos contra vecino 0
Resultado 15
51777.8
Yo soy: 
16 79 54 -54 29 10 52 -9 33 10 31 73 77 76 -17 81 63 23 El mejor fue: 0
16 79 54 -54 29 10 52 -9 33 10 31 73 77 76 3 81 63 23 Generación 10
arranca 
Jugando Partidos contra vecino 0
Resultado 9
56547
Jugando Partidos contra vecino 1
Resultado 15
48326.5
Yo soy: 
16 79 54 -54 29 10 52 -9 33 10 31 73 77 76 3 81 63 23 El mejor fue: 1
16 79 54 -54 29 10 52 -9 33 10 51 73 77 76 3 81 63 23 Generación 9
arranca 
Jugando Partidos contra vecino 0
Resultado 11
42795.6
Yo soy: 
16 79 54 -54 29 10 52 -9 33 10 51 73 77 76 3 81 63 23 El mejor fue: 0
16 79 54 -54 29 10 72 -9 33 10 51 73 77 76 3 81 63 23 Generación 8
arranca 
Jugando Partidos contra vecino 0
Resultado 11
50733
Yo soy: 
16 79 54 -54 29 10 72 -9 33 10 51 73 77 76 3 81 63 23 El mejor fue: 0
16 79 54 -54 29 10 72 -9 33 10 51 73 77 76 3 81 63 3 Generación 7
arranca 
Jugando Partidos contra vecino 0
Resultado 11
45402
Yo soy: 
16 79 54 -54 29 10 72 -9 33 10 51 73 77 76 3 81 63 3 El mejor fue: 0
16 79 54 -74 29 10 72 -9 33 10 51 73 77 76 3 81 63 3 Generación 6
arranca 
Jugando Partidos contra vecino 0
Resultado 15
42491.4
Yo soy: 
16 79 54 -74 29 10 72 -9 33 10 51 73 77 76 3 81 63 3 El mejor fue: 0
16 79 34 -74 29 10 72 -9 33 10 51 73 77 76 3 81 63 3 Generación 5
arranca 
Jugando Partidos contra vecino 0
Resultado 15
47702.2
Yo soy: 
16 79 34 -74 29 10 72 -9 33 10 51 73 77 76 3 81 63 3 El mejor fue: 0
36 79 34 -74 29 10 72 -9 33 10 51 73 77 76 3 81 63 3 Generación 4
arranca 
Jugando Partidos contra vecino 0
Resultado 11
38657
Yo soy: 
36 79 34 -74 29 10 72 -9 33 10 51 73 77 76 3 81 63 3 El mejor fue: 0
36 79 34 -74 29 10 72 -9 33 10 51 73 77 56 3 81 63 3 Generación 3
arranca 
Jugando Partidos contra vecino 0
Resultado 11
34658.7
Yo soy: 
36 79 34 -74 29 10 72 -9 33 10 51 73 77 56 3 81 63 3 El mejor fue: 0
36 79 34 -74 49 10 72 -9 33 10 51 73 77 56 3 81 63 3 Generación 2
arranca 
Jugando Partidos contra vecino 0
Resultado 5
28842.7
Jugando Partidos contra vecino 1
Resultado 9
44922.8
Jugando Partidos contra vecino 2
Resultado 11
38086.7
Yo soy: 
36 79 34 -74 49 10 72 -9 33 10 51 73 77 56 3 81 63 3 El mejor fue: 2
16 79 34 -74 49 10 72 -9 33 10 51 73 77 56 3 81 63 3 Generación 1
arranca 
Jugando Partidos contra vecino 0
Resultado 8
41469.2
Jugando Partidos contra vecino 1
Resultado 13
44903.2
Yo soy: 
16 79 34 -74 49 10 72 -9 33 10 51 73 77 56 3 81 63 3 El mejor fue: 1
16 79 34 -74 49 10 72 -9 33 10 51 73 97 56 3 81 63 3 Generación 0
1.79728e+07
