arranca 
Jugando Partidos contra vecino 0
Resultado 2
19270.8
Jugando Partidos contra vecino 1
Resultado 3
21349.9
Jugando Partidos contra vecino 2
Resultado 6
24717.8
Jugando Partidos contra vecino 3
Resultado 3
19173.8
Jugando Partidos contra vecino 4
Resultado 6
17348.6
Jugando Partidos contra vecino 5
Resultado 2
20069.2
Jugando Partidos contra vecino 6
Resultado 7
17738.1
Jugando Partidos contra vecino 7
Resultado 3
13807.7
Jugando Partidos contra vecino 8
Resultado 3
22639.8
Jugando Partidos contra vecino 9
Resultado 3
22156.7
Jugando Partidos contra vecino 10
Resultado 11
25628.2
Yo soy: 
24 37 38 52 74 76 4 2 71 1 80 38 69 13 67 76 66 48 El mejor fue: 10
24 37 38 52 74 76 4 2 71 1 80 38 69 -7 67 76 66 48 Generación 199
arranca 
Jugando Partidos contra vecino 0
Resultado 5
15600.3
Jugando Partidos contra vecino 1
Resultado 2
29566.1
Jugando Partidos contra vecino 2
Resultado 1
35614.9
Jugando Partidos contra vecino 3
Resultado 2
29468.1
Jugando Partidos contra vecino 4
Resultado 1
35197.1
Jugando Partidos contra vecino 5
Resultado 5
24547.6
Jugando Partidos contra vecino 6
Resultado 0
41366.5
Jugando Partidos contra vecino 7
Resultado 5
21544.4
Jugando Partidos contra vecino 8
Resultado 2
29909.6
Jugando Partidos contra vecino 9
Resultado 2
28040.5
Jugando Partidos contra vecino 10
Resultado 5
23179.4
Jugando Partidos contra vecino 11
Resultado 2
28741.6
Jugando Partidos contra vecino 12
Resultado 0
40654
Jugando Partidos contra vecino 13
Resultado 1
35274.8
Jugando Partidos contra vecino 14
Resultado 5
19178
Jugando Partidos contra vecino 15
Resultado 4
35257.8
Jugando Partidos contra vecino 16
Resultado 1
35092.9
Jugando Partidos contra vecino 17
Resultado 1
35453.2
Jugando Partidos contra vecino 18
Resultado 0
42863.2
Jugando Partidos contra vecino 19
Resultado 1
34649.5
Jugando Partidos contra vecino 20
Resultado 1
34308
Jugando Partidos contra vecino 21
Resultado 2
28109.8
Jugando Partidos contra vecino 22
Resultado 5
31821.4
Jugando Partidos contra vecino 23
Resultado 1
35905.7
Jugando Partidos contra vecino 24
Resultado 0
41864.5
Jugando Partidos contra vecino 25
Resultado 2
36848.6
Jugando Partidos contra vecino 26
Resultado 3
22733.6
Jugando Partidos contra vecino 27
Resultado 1
35215.8
Jugando Partidos contra vecino 28
Resultado 1
34614.6
Jugando Partidos contra vecino 29
Resultado 2
28846.2
Jugando Partidos contra vecino 30
Resultado 3
22267.3
Jugando Partidos contra vecino 31
Resultado 3
21811.8
Jugando Partidos contra vecino 32
Resultado 4
34864.1
Jugando Partidos contra vecino 33
Resultado 2
28441.7
Jugando Partidos contra vecino 34
Resultado 5
28521.1
Jugando Partidos contra vecino 35
Resultado 13
36810.4
Yo soy: 
24 37 38 52 74 76 4 2 71 1 80 38 69 -7 67 76 66 48 El mejor fue: 35
24 37 38 52 74 76 24 2 71 1 80 38 69 -7 67 76 66 48 Generación 198
arranca 
Jugando Partidos contra vecino 0
Resultado 15
50827.8
Yo soy: 
24 37 38 52 74 76 24 2 71 1 80 38 69 -7 67 76 66 48 El mejor fue: 0
24 37 38 52 74 76 24 2 71 1 60 38 69 -7 67 76 66 48 Generación 197
arranca 
Jugando Partidos contra vecino 0
Resultado 15
51795.9
Yo soy: 
24 37 38 52 74 76 24 2 71 1 60 38 69 -7 67 76 66 48 El mejor fue: 0
24 37 38 52 74 76 24 2 71 1 60 38 69 -7 67 76 66 28 Generación 196
arranca 
Jugando Partidos contra vecino 0
Resultado 15
41337.9
Yo soy: 
24 37 38 52 74 76 24 2 71 1 60 38 69 -7 67 76 66 28 El mejor fue: 0
24 37 38 52 74 76 24 2 71 1 60 58 69 -7 67 76 66 28 Generación 195
arranca 
Jugando Partidos contra vecino 0
Resultado 7
67092.9
Jugando Partidos contra vecino 1
Resultado 9
64088.4
Jugando Partidos contra vecino 2
Resultado 11
60473.6
Yo soy: 
24 37 38 52 74 76 24 2 71 1 60 58 69 -7 67 76 66 28 El mejor fue: 2
24 37 38 52 94 76 24 2 71 1 60 58 69 -7 67 76 66 28 Generación 194
arranca 
Jugando Partidos contra vecino 0
Resultado 11
59981.6
Yo soy: 
24 37 38 52 94 76 24 2 71 1 60 58 69 -7 67 76 66 28 El mejor fue: 0
24 37 38 52 94 76 44 2 71 1 60 58 69 -7 67 76 66 28 Generación 193
arranca 
Jugando Partidos contra vecino 0
Resultado 13
57463.1
Yo soy: 
24 37 38 52 94 76 44 2 71 1 60 58 69 -7 67 76 66 28 El mejor fue: 0
44 37 38 52 94 76 44 2 71 1 60 58 69 -7 67 76 66 28 Generación 192
arranca 
Jugando Partidos contra vecino 0
Resultado 15
45379.6
Yo soy: 
44 37 38 52 94 76 44 2 71 1 60 58 69 -7 67 76 66 28 El mejor fue: 0
44 57 38 52 94 76 44 2 71 1 60 58 69 -7 67 76 66 28 Generación 191
arranca 
Jugando Partidos contra vecino 0
Resultado 15
43816.6
Yo soy: 
44 57 38 52 94 76 44 2 71 1 60 58 69 -7 67 76 66 28 El mejor fue: 0
44 57 38 52 94 76 44 2 71 1 60 58 69 -7 47 76 66 28 Generación 190
arranca 
Jugando Partidos contra vecino 0
Resultado 15
48299.4
Yo soy: 
44 57 38 52 94 76 44 2 71 1 60 58 69 -7 47 76 66 28 El mejor fue: 0
44 57 38 52 94 76 44 2 71 1 80 58 69 -7 47 76 66 28 Generación 189
arranca 
Jugando Partidos contra vecino 0
Resultado 15
48580.8
Yo soy: 
44 57 38 52 94 76 44 2 71 1 80 58 69 -7 47 76 66 28 El mejor fue: 0
44 57 38 72 94 76 44 2 71 1 80 58 69 -7 47 76 66 28 Generación 188
arranca 
Jugando Partidos contra vecino 0
Resultado 15
44151.2
Yo soy: 
44 57 38 72 94 76 44 2 71 1 80 58 69 -7 47 76 66 28 El mejor fue: 0
44 57 38 72 94 76 64 2 71 1 80 58 69 -7 47 76 66 28 Generación 187
arranca 
Jugando Partidos contra vecino 0
Resultado 13
54617
Yo soy: 
44 57 38 72 94 76 64 2 71 1 80 58 69 -7 47 76 66 28 El mejor fue: 0
24 57 38 72 94 76 64 2 71 1 80 58 69 -7 47 76 66 28 Generación 186
arranca 
Jugando Partidos contra vecino 0
Resultado 13
59431.3
Yo soy: 
24 57 38 72 94 76 64 2 71 1 80 58 69 -7 47 76 66 28 El mejor fue: 0
24 57 38 52 94 76 64 2 71 1 80 58 69 -7 47 76 66 28 Generación 185
arranca 
Jugando Partidos contra vecino 0
Resultado 11
59495.8
Yo soy: 
24 57 38 52 94 76 64 2 71 1 80 58 69 -7 47 76 66 28 El mejor fue: 0
24 57 38 52 94 76 64 -18 71 1 80 58 69 -7 47 76 66 28 Generación 184
arranca 
Jugando Partidos contra vecino 0
Resultado 9
64989.6
Jugando Partidos contra vecino 1
Resultado 11
63368.3
Yo soy: 
24 57 38 52 94 76 64 -18 71 1 80 58 69 -7 47 76 66 28 El mejor fue: 1
24 57 38 72 94 76 64 -18 71 1 80 58 69 -7 47 76 66 28 Generación 183
arranca 
Jugando Partidos contra vecino 0
Resultado 9
65312.9
Jugando Partidos contra vecino 1
Resultado 11
62894.6
Yo soy: 
24 57 38 72 94 76 64 -18 71 1 80 58 69 -7 47 76 66 28 El mejor fue: 1
24 57 38 72 54 76 64 -18 71 1 80 58 69 -7 47 76 66 28 Generación 182
arranca 
Jugando Partidos contra vecino 0
Resultado 9
60982
Jugando Partidos contra vecino 1
Resultado 11
59896.5
Yo soy: 
24 57 38 72 54 76 64 -18 71 1 80 58 69 -7 47 76 66 28 El mejor fue: 1
24 57 38 72 54 76 64 2 71 1 80 58 69 -7 47 76 66 28 Generación 181
arranca 
Jugando Partidos contra vecino 0
Resultado 11
58479.4
Yo soy: 
24 57 38 72 54 76 64 2 71 1 80 58 69 -7 47 76 66 28 El mejor fue: 0
24 57 38 72 54 76 64 -18 71 1 80 58 69 -7 47 76 66 28 Generación 180
arranca 
Jugando Partidos contra vecino 0
Resultado 9
63380.2
Jugando Partidos contra vecino 1
Resultado 11
66101.3
Yo soy: 
24 57 38 72 54 76 64 -18 71 1 80 58 69 -7 47 76 66 28 El mejor fue: 1
24 57 38 72 54 76 64 -18 71 1 80 58 69 -7 27 76 66 28 Generación 179
arranca 
Jugando Partidos contra vecino 0
Resultado 7
64186.7
Jugando Partidos contra vecino 1
Resultado 11
59199.1
Yo soy: 
24 57 38 72 54 76 64 -18 71 1 80 58 69 -7 27 76 66 28 El mejor fue: 1
24 57 38 92 54 76 64 -18 71 1 80 58 69 -7 27 76 66 28 Generación 178
arranca 
Jugando Partidos contra vecino 0
Resultado 13
55590
Yo soy: 
24 57 38 92 54 76 64 -18 71 1 80 58 69 -7 27 76 66 28 El mejor fue: 0
24 57 38 92 54 76 64 -18 71 1 60 58 69 -7 27 76 66 28 Generación 177
arranca 
Jugando Partidos contra vecino 0
Resultado 15
45138.2
Yo soy: 
24 57 38 92 54 76 64 -18 71 1 60 58 69 -7 27 76 66 28 El mejor fue: 0
24 57 38 92 54 76 64 -18 71 1 60 58 69 -7 47 76 66 28 Generación 176
arranca 
Jugando Partidos contra vecino 0
Resultado 15
62963.2
Yo soy: 
24 57 38 92 54 76 64 -18 71 1 60 58 69 -7 47 76 66 28 El mejor fue: 0
24 57 38 92 54 76 64 -18 71 21 60 58 69 -7 47 76 66 28 Generación 175
arranca 
Jugando Partidos contra vecino 0
Resultado 7
57602.6
Jugando Partidos contra vecino 1
Resultado 15
60563.3
Yo soy: 
24 57 38 92 54 76 64 -18 71 21 60 58 69 -7 47 76 66 28 El mejor fue: 1
24 57 38 92 54 76 64 -18 71 41 60 58 69 -7 47 76 66 28 Generación 174
arranca 
Jugando Partidos contra vecino 0
Resultado 15
58912.6
Yo soy: 
24 57 38 92 54 76 64 -18 71 41 60 58 69 -7 47 76 66 28 El mejor fue: 0
24 37 38 92 54 76 64 -18 71 41 60 58 69 -7 47 76 66 28 Generación 173
arranca 
Jugando Partidos contra vecino 0
Resultado 15
59550.1
Yo soy: 
24 37 38 92 54 76 64 -18 71 41 60 58 69 -7 47 76 66 28 El mejor fue: 0
24 37 18 92 54 76 64 -18 71 41 60 58 69 -7 47 76 66 28 Generación 172
arranca 
Jugando Partidos contra vecino 0
Resultado 15
51142.5
Yo soy: 
24 37 18 92 54 76 64 -18 71 41 60 58 69 -7 47 76 66 28 El mejor fue: 0
24 37 18 92 54 76 64 -18 71 41 40 58 69 -7 47 76 66 28 Generación 171
arranca 
Jugando Partidos contra vecino 0
Resultado 15
60341
Yo soy: 
24 37 18 92 54 76 64 -18 71 41 40 58 69 -7 47 76 66 28 El mejor fue: 0
24 37 18 92 54 76 64 -18 71 41 40 58 69 -7 47 76 86 28 Generación 170
arranca 
Jugando Partidos contra vecino 0
Resultado 13
49926.2
Yo soy: 
24 37 18 92 54 76 64 -18 71 41 40 58 69 -7 47 76 86 28 El mejor fue: 0
24 37 18 92 54 76 84 -18 71 41 40 58 69 -7 47 76 86 28 Generación 169
arranca 
Jugando Partidos contra vecino 0
Resultado 13
48263.4
Yo soy: 
24 37 18 92 54 76 84 -18 71 41 40 58 69 -7 47 76 86 28 El mejor fue: 0
24 37 18 92 54 76 84 -18 71 41 40 58 69 -27 47 76 86 28 Generación 168
arranca 
Jugando Partidos contra vecino 0
Resultado 11
53206.7
Yo soy: 
24 37 18 92 54 76 84 -18 71 41 40 58 69 -27 47 76 86 28 El mejor fue: 0
24 37 18 92 54 76 84 -18 71 41 40 58 69 -7 47 76 86 28 Generación 167
arranca 
Jugando Partidos contra vecino 0
Resultado 11
48153.5
Yo soy: 
24 37 18 92 54 76 84 -18 71 41 40 58 69 -7 47 76 86 28 El mejor fue: 0
24 37 18 92 54 76 84 -18 71 41 40 38 69 -7 47 76 86 28 Generación 166
arranca 
Jugando Partidos contra vecino 0
Resultado 15
55363.3
Yo soy: 
24 37 18 92 54 76 84 -18 71 41 40 38 69 -7 47 76 86 28 El mejor fue: 0
24 37 18 92 54 76 84 -18 71 41 40 38 69 -7 47 96 86 28 Generación 165
arranca 
Jugando Partidos contra vecino 0
Resultado 15
59868.6
Yo soy: 
24 37 18 92 54 76 84 -18 71 41 40 38 69 -7 47 96 86 28 El mejor fue: 0
24 17 18 92 54 76 84 -18 71 41 40 38 69 -7 47 96 86 28 Generación 164
arranca 
Jugando Partidos contra vecino 0
Resultado 15
58396.1
Yo soy: 
24 17 18 92 54 76 84 -18 71 41 40 38 69 -7 47 96 86 28 El mejor fue: 0
24 17 18 92 54 76 84 -18 71 41 40 38 49 -7 47 96 86 28 Generación 163
arranca 
Jugando Partidos contra vecino 0
Resultado 4
52760.7
Jugando Partidos contra vecino 1
Resultado 15
61203.5
Yo soy: 
24 17 18 92 54 76 84 -18 71 41 40 38 49 -7 47 96 86 28 El mejor fue: 1
24 17 18 92 54 76 84 -18 71 21 40 38 49 -7 47 96 86 28 Generación 162
arranca 
Jugando Partidos contra vecino 0
Resultado 15
55726.9
Yo soy: 
24 17 18 92 54 76 84 -18 71 21 40 38 49 -7 47 96 86 28 El mejor fue: 0
4 17 18 92 54 76 84 -18 71 21 40 38 49 -7 47 96 86 28 Generación 161
arranca 
Jugando Partidos contra vecino 0
Resultado 15
53125.3
Yo soy: 
4 17 18 92 54 76 84 -18 71 21 40 38 49 -7 47 96 86 28 El mejor fue: 0
4 17 18 92 54 96 84 -18 71 21 40 38 49 -7 47 96 86 28 Generación 160
arranca 
Jugando Partidos contra vecino 0
Resultado 15
68367.5
Yo soy: 
4 17 18 92 54 96 84 -18 71 21 40 38 49 -7 47 96 86 28 El mejor fue: 0
4 17 18 92 54 96 84 -18 71 21 40 38 49 -7 47 96 66 28 Generación 159
arranca 
Jugando Partidos contra vecino 0
Resultado 15
67235.4
Yo soy: 
4 17 18 92 54 96 84 -18 71 21 40 38 49 -7 47 96 66 28 El mejor fue: 0
4 17 18 92 54 96 84 -18 71 21 40 38 29 -7 47 96 66 28 Generación 158
arranca 
Jugando Partidos contra vecino 0
Resultado 15
62027.9
Yo soy: 
4 17 18 92 54 96 84 -18 71 21 40 38 29 -7 47 96 66 28 El mejor fue: 0
4 17 18 92 54 96 84 -18 71 21 40 58 29 -7 47 96 66 28 Generación 157
arranca 
Jugando Partidos contra vecino 0
Resultado 15
61922.9
Yo soy: 
4 17 18 92 54 96 84 -18 71 21 40 58 29 -7 47 96 66 28 El mejor fue: 0
24 17 18 92 54 96 84 -18 71 21 40 58 29 -7 47 96 66 28 Generación 156
arranca 
Jugando Partidos contra vecino 0
Resultado 15
51994
Yo soy: 
24 17 18 92 54 96 84 -18 71 21 40 58 29 -7 47 96 66 28 El mejor fue: 0
24 17 18 92 54 96 84 -18 51 21 40 58 29 -7 47 96 66 28 Generación 155
arranca 
Jugando Partidos contra vecino 0
Resultado 15
58739.6
Yo soy: 
24 17 18 92 54 96 84 -18 51 21 40 58 29 -7 47 96 66 28 El mejor fue: 0
24 -3 18 92 54 96 84 -18 51 21 40 58 29 -7 47 96 66 28 Generación 154
arranca 
Jugando Partidos contra vecino 0
Resultado 15
56052.5
Yo soy: 
24 -3 18 92 54 96 84 -18 51 21 40 58 29 -7 47 96 66 28 El mejor fue: 0
24 -3 18 92 54 76 84 -18 51 21 40 58 29 -7 47 96 66 28 Generación 153
arranca 
Jugando Partidos contra vecino 0
Resultado 9
39382
Jugando Partidos contra vecino 1
Resultado 15
61885.7
Yo soy: 
24 -3 18 92 54 76 84 -18 51 21 40 58 29 -7 47 96 66 28 El mejor fue: 1
24 -3 18 92 54 76 84 -18 51 21 40 58 29 -7 47 96 46 28 Generación 152
arranca 
Jugando Partidos contra vecino 0
Resultado 11
54865.9
Yo soy: 
24 -3 18 92 54 76 84 -18 51 21 40 58 29 -7 47 96 46 28 El mejor fue: 0
24 -3 18 92 54 76 84 -18 51 21 40 38 29 -7 47 96 46 28 Generación 151
arranca 
Jugando Partidos contra vecino 0
Resultado 11
56856.2
Yo soy: 
24 -3 18 92 54 76 84 -18 51 21 40 38 29 -7 47 96 46 28 El mejor fue: 0
24 17 18 92 54 76 84 -18 51 21 40 38 29 -7 47 96 46 28 Generación 150
arranca 
Jugando Partidos contra vecino 0
Resultado 13
52098.2
Yo soy: 
24 17 18 92 54 76 84 -18 51 21 40 38 29 -7 47 96 46 28 El mejor fue: 0
24 17 18 92 54 96 84 -18 51 21 40 38 29 -7 47 96 46 28 Generación 149
arranca 
Jugando Partidos contra vecino 0
Resultado 15
54737.5
Yo soy: 
24 17 18 92 54 96 84 -18 51 21 40 38 29 -7 47 96 46 28 El mejor fue: 0
24 17 18 72 54 96 84 -18 51 21 40 38 29 -7 47 96 46 28 Generación 148
arranca 
Jugando Partidos contra vecino 0
Resultado 15
58100.8
Yo soy: 
24 17 18 72 54 96 84 -18 51 21 40 38 29 -7 47 96 46 28 El mejor fue: 0
24 17 18 72 54 96 84 2 51 21 40 38 29 -7 47 96 46 28 Generación 147
arranca 
Jugando Partidos contra vecino 0
Resultado 9
45430.8
Jugando Partidos contra vecino 1
Resultado 15
49254.2
Yo soy: 
24 17 18 72 54 96 84 2 51 21 40 38 29 -7 47 96 46 28 El mejor fue: 1
24 17 18 72 54 96 84 2 51 21 40 18 29 -7 47 96 46 28 Generación 146
arranca 
Jugando Partidos contra vecino 0
Resultado 11
44226.7
Yo soy: 
24 17 18 72 54 96 84 2 51 21 40 18 29 -7 47 96 46 28 El mejor fue: 0
24 17 18 72 54 96 84 2 51 41 40 18 29 -7 47 96 46 28 Generación 145
arranca 
Jugando Partidos contra vecino 0
Resultado 15
46161.2
Yo soy: 
24 17 18 72 54 96 84 2 51 41 40 18 29 -7 47 96 46 28 El mejor fue: 0
24 17 18 72 54 96 84 2 71 41 40 18 29 -7 47 96 46 28 Generación 144
arranca 
Jugando Partidos contra vecino 0
Resultado 13
36619.9
Yo soy: 
24 17 18 72 54 96 84 2 71 41 40 18 29 -7 47 96 46 28 El mejor fue: 0
24 17 18 72 54 96 84 2 91 41 40 18 29 -7 47 96 46 28 Generación 143
arranca 
Jugando Partidos contra vecino 0
Resultado 9
39968.7
Jugando Partidos contra vecino 1
Resultado 13
40222.2
Yo soy: 
24 17 18 72 54 96 84 2 91 41 40 18 29 -7 47 96 46 28 El mejor fue: 1
24 17 18 72 54 56 84 2 91 41 40 18 29 -7 47 96 46 28 Generación 142
arranca 
Jugando Partidos contra vecino 0
Resultado 13
40444.1
Yo soy: 
24 17 18 72 54 56 84 2 91 41 40 18 29 -7 47 96 46 28 El mejor fue: 0
24 17 18 92 54 56 84 2 91 41 40 18 29 -7 47 96 46 28 Generación 141
arranca 
Jugando Partidos contra vecino 0
Resultado 15
39409.7
Yo soy: 
24 17 18 92 54 56 84 2 91 41 40 18 29 -7 47 96 46 28 El mejor fue: 0
24 17 18 92 54 56 44 2 91 41 40 18 29 -7 47 96 46 28 Generación 140
arranca 
Jugando Partidos contra vecino 0
Resultado 15
38036.4
Yo soy: 
24 17 18 92 54 56 44 2 91 41 40 18 29 -7 47 96 46 28 El mejor fue: 0
24 37 18 92 54 56 44 2 91 41 40 18 29 -7 47 96 46 28 Generación 139
arranca 
Jugando Partidos contra vecino 0
Resultado 15
30701
Yo soy: 
24 37 18 92 54 56 44 2 91 41 40 18 29 -7 47 96 46 28 El mejor fue: 0
24 37 18 92 54 36 44 2 91 41 40 18 29 -7 47 96 46 28 Generación 138
arranca 
Jugando Partidos contra vecino 0
Resultado 15
31719.3
Yo soy: 
24 37 18 92 54 36 44 2 91 41 40 18 29 -7 47 96 46 28 El mejor fue: 0
24 37 18 92 54 36 44 2 91 21 40 18 29 -7 47 96 46 28 Generación 137
arranca 
Jugando Partidos contra vecino 0
Resultado 15
33869.3
Yo soy: 
24 37 18 92 54 36 44 2 91 21 40 18 29 -7 47 96 46 28 El mejor fue: 0
24 37 18 92 54 36 24 2 91 21 40 18 29 -7 47 96 46 28 Generación 136
arranca 
Jugando Partidos contra vecino 0
Resultado 13
28396.3
Yo soy: 
24 37 18 92 54 36 24 2 91 21 40 18 29 -7 47 96 46 28 El mejor fue: 0
24 37 18 92 54 56 24 2 91 21 40 18 29 -7 47 96 46 28 Generación 135
arranca 
Jugando Partidos contra vecino 0
Resultado 11
30258.9
Yo soy: 
24 37 18 92 54 56 24 2 91 21 40 18 29 -7 47 96 46 28 El mejor fue: 0
24 37 18 92 54 56 24 2 91 21 20 18 29 -7 47 96 46 28 Generación 134
arranca 
Jugando Partidos contra vecino 0
Resultado 7
19993.5
Jugando Partidos contra vecino 1
Resultado 5
16772.4
Jugando Partidos contra vecino 2
Resultado 5
18214.5
Jugando Partidos contra vecino 3
Resultado 5
28516.8
Jugando Partidos contra vecino 4
Resultado 15
24470
Yo soy: 
24 37 18 92 54 56 24 2 91 21 20 18 29 -7 47 96 46 28 El mejor fue: 4
24 37 18 92 54 56 24 2 91 21 40 18 29 -7 47 96 46 28 Generación 133
arranca 
Jugando Partidos contra vecino 0
Resultado 9
31227.7
Jugando Partidos contra vecino 1
Resultado 13
27048.8
Yo soy: 
24 37 18 92 54 56 24 2 91 21 40 18 29 -7 47 96 46 28 El mejor fue: 1
24 37 18 92 34 56 24 2 91 21 40 18 29 -7 47 96 46 28 Generación 132
arranca 
Jugando Partidos contra vecino 0
Resultado 13
30462.6
Yo soy: 
24 37 18 92 34 56 24 2 91 21 40 18 29 -7 47 96 46 28 El mejor fue: 0
24 37 18 52 34 56 24 2 91 21 40 18 29 -7 47 96 46 28 Generación 131
arranca 
Jugando Partidos contra vecino 0
Resultado 15
31752.1
Yo soy: 
24 37 18 52 34 56 24 2 91 21 40 18 29 -7 47 96 46 28 El mejor fue: 0
24 37 18 52 34 56 24 2 91 1 40 18 29 -7 47 96 46 28 Generación 130
arranca 
Jugando Partidos contra vecino 0
Resultado 5
33116
Jugando Partidos contra vecino 1
Resultado 5
57800.6
Jugando Partidos contra vecino 2
Resultado 15
31513.9
Yo soy: 
24 37 18 52 34 56 24 2 91 1 40 18 29 -7 47 96 46 28 El mejor fue: 2
24 37 18 52 34 36 24 2 91 1 40 18 29 -7 47 96 46 28 Generación 129
arranca 
Jugando Partidos contra vecino 0
Resultado 15
30510.3
Yo soy: 
24 37 18 52 34 36 24 2 91 1 40 18 29 -7 47 96 46 28 El mejor fue: 0
24 37 18 52 34 36 24 2 91 1 40 18 29 -7 47 96 46 48 Generación 128
arranca 
Jugando Partidos contra vecino 0
Resultado 3
44979.8
Jugando Partidos contra vecino 1
Resultado 5
33547.7
Jugando Partidos contra vecino 2
Resultado 15
34302.1
Yo soy: 
24 37 18 52 34 36 24 2 91 1 40 18 29 -7 47 96 46 48 El mejor fue: 2
24 37 18 52 34 36 44 2 91 1 40 18 29 -7 47 96 46 48 Generación 127
arranca 
Jugando Partidos contra vecino 0
Resultado 13
32578.3
Yo soy: 
24 37 18 52 34 36 44 2 91 1 40 18 29 -7 47 96 46 48 El mejor fue: 0
24 37 18 52 34 36 44 2 91 1 40 18 29 -7 47 96 46 28 Generación 126
arranca 
Jugando Partidos contra vecino 0
Resultado 13
37398.7
Yo soy: 
24 37 18 52 34 36 44 2 91 1 40 18 29 -7 47 96 46 28 El mejor fue: 0
24 37 -2 52 34 36 44 2 91 1 40 18 29 -7 47 96 46 28 Generación 125
arranca 
Jugando Partidos contra vecino 0
Resultado 13
37348.5
Yo soy: 
24 37 -2 52 34 36 44 2 91 1 40 18 29 -7 47 96 46 28 El mejor fue: 0
24 37 -2 52 34 16 44 2 91 1 40 18 29 -7 47 96 46 28 Generación 124
arranca 
Jugando Partidos contra vecino 0
Resultado 11
44335.1
Yo soy: 
24 37 -2 52 34 16 44 2 91 1 40 18 29 -7 47 96 46 28 El mejor fue: 0
24 37 -2 52 34 16 44 22 91 1 40 18 29 -7 47 96 46 28 Generación 123
arranca 
Jugando Partidos contra vecino 0
Resultado 11
38247.3
Yo soy: 
24 37 -2 52 34 16 44 22 91 1 40 18 29 -7 47 96 46 28 El mejor fue: 0
24 37 -2 52 34 16 44 2 91 1 40 18 29 -7 47 96 46 28 Generación 122
arranca 
Jugando Partidos contra vecino 0
Resultado 9
38386.8
Jugando Partidos contra vecino 1
Resultado 15
38113.2
Yo soy: 
24 37 -2 52 34 16 44 2 91 1 40 18 29 -7 47 96 46 28 El mejor fue: 1
24 37 -2 52 34 16 44 2 91 1 40 18 29 -7 47 96 46 48 Generación 121
arranca 
Jugando Partidos contra vecino 0
Resultado 15
38653.2
Yo soy: 
24 37 -2 52 34 16 44 2 91 1 40 18 29 -7 47 96 46 48 El mejor fue: 0
24 17 -2 52 34 16 44 2 91 1 40 18 29 -7 47 96 46 48 Generación 120
arranca 
Jugando Partidos contra vecino 0
Resultado 5
58199.1
Jugando Partidos contra vecino 1
Resultado 15
46989.4
Yo soy: 
24 17 -2 52 34 16 44 2 91 1 40 18 29 -7 47 96 46 48 El mejor fue: 1
24 17 -2 52 34 16 44 2 91 1 40 18 29 -7 47 96 66 48 Generación 119
arranca 
Jugando Partidos contra vecino 0
Resultado 11
46850.9
Yo soy: 
24 17 -2 52 34 16 44 2 91 1 40 18 29 -7 47 96 66 48 El mejor fue: 0
24 17 -2 52 34 16 44 2 91 1 40 18 29 -7 47 96 46 48 Generación 118
arranca 
Jugando Partidos contra vecino 0
Resultado 13
40112.4
Yo soy: 
24 17 -2 52 34 16 44 2 91 1 40 18 29 -7 47 96 46 48 El mejor fue: 0
24 17 -2 52 34 16 44 2 91 1 40 18 29 -7 47 96 46 28 Generación 117
arranca 
Jugando Partidos contra vecino 0
Resultado 11
38363.6
Yo soy: 
24 17 -2 52 34 16 44 2 91 1 40 18 29 -7 47 96 46 28 El mejor fue: 0
24 17 -2 52 34 16 44 -18 91 1 40 18 29 -7 47 96 46 28 Generación 116
arranca 
Jugando Partidos contra vecino 0
Resultado 11
47526.7
Yo soy: 
24 17 -2 52 34 16 44 -18 91 1 40 18 29 -7 47 96 46 28 El mejor fue: 0
24 17 -2 52 34 16 44 -18 51 1 40 18 29 -7 47 96 46 28 Generación 115
arranca 
Jugando Partidos contra vecino 0
Resultado 13
42296.3
Yo soy: 
24 17 -2 52 34 16 44 -18 51 1 40 18 29 -7 47 96 46 28 El mejor fue: 0
24 17 -2 52 34 16 44 -18 51 1 40 18 49 -7 47 96 46 28 Generación 114
arranca 
Jugando Partidos contra vecino 0
Resultado 15
45801.5
Yo soy: 
24 17 -2 52 34 16 44 -18 51 1 40 18 49 -7 47 96 46 28 El mejor fue: 0
24 17 -2 52 34 36 44 -18 51 1 40 18 49 -7 47 96 46 28 Generación 113
arranca 
Jugando Partidos contra vecino 0
Resultado 15
50176.3
Yo soy: 
24 17 -2 52 34 36 44 -18 51 1 40 18 49 -7 47 96 46 28 El mejor fue: 0
24 17 -2 52 34 36 44 -18 51 1 40 18 69 -7 47 96 46 28 Generación 112
arranca 
Jugando Partidos contra vecino 0
Resultado 15
46025.5
Yo soy: 
24 17 -2 52 34 36 44 -18 51 1 40 18 69 -7 47 96 46 28 El mejor fue: 0
24 17 -2 72 34 36 44 -18 51 1 40 18 69 -7 47 96 46 28 Generación 111
arranca 
Jugando Partidos contra vecino 0
Resultado 15
53871.3
Yo soy: 
24 17 -2 72 34 36 44 -18 51 1 40 18 69 -7 47 96 46 28 El mejor fue: 0
24 17 -22 72 34 36 44 -18 51 1 40 18 69 -7 47 96 46 28 Generación 110
arranca 
Jugando Partidos contra vecino 0
Resultado 15
47627.5
Yo soy: 
24 17 -22 72 34 36 44 -18 51 1 40 18 69 -7 47 96 46 28 El mejor fue: 0
24 17 -2 72 34 36 44 -18 51 1 40 18 69 -7 47 96 46 28 Generación 109
arranca 
Jugando Partidos contra vecino 0
Resultado 11
60050.4
Yo soy: 
24 17 -2 72 34 36 44 -18 51 1 40 18 69 -7 47 96 46 28 El mejor fue: 0
4 17 -2 72 34 36 44 -18 51 1 40 18 69 -7 47 96 46 28 Generación 108
arranca 
Jugando Partidos contra vecino 0
Resultado 13
56126.2
Yo soy: 
4 17 -2 72 34 36 44 -18 51 1 40 18 69 -7 47 96 46 28 El mejor fue: 0
4 17 -22 72 34 36 44 -18 51 1 40 18 69 -7 47 96 46 28 Generación 107
arranca 
Jugando Partidos contra vecino 0
Resultado 9
59827.5
Jugando Partidos contra vecino 1
Resultado 5
55964
Jugando Partidos contra vecino 2
Resultado 5
69377.6
Jugando Partidos contra vecino 3
Resultado 13
60111.5
Yo soy: 
4 17 -22 72 34 36 44 -18 51 1 40 18 69 -7 47 96 46 28 El mejor fue: 3
4 17 -22 92 34 36 44 -18 51 1 40 18 69 -7 47 96 46 28 Generación 106
arranca 
Jugando Partidos contra vecino 0
Resultado 9
58851.1
Jugando Partidos contra vecino 1
Resultado 7
62659.2
Jugando Partidos contra vecino 2
Resultado 11
57045.9
Yo soy: 
4 17 -22 92 34 36 44 -18 51 1 40 18 69 -7 47 96 46 28 El mejor fue: 2
4 17 -42 92 34 36 44 -18 51 1 40 18 69 -7 47 96 46 28 Generación 105
arranca 
Jugando Partidos contra vecino 0
Resultado 11
60986.8
Yo soy: 
4 17 -42 92 34 36 44 -18 51 1 40 18 69 -7 47 96 46 28 El mejor fue: 0
24 17 -42 92 34 36 44 -18 51 1 40 18 69 -7 47 96 46 28 Generación 104
arranca 
Jugando Partidos contra vecino 0
Resultado 13
47878.8
Yo soy: 
24 17 -42 92 34 36 44 -18 51 1 40 18 69 -7 47 96 46 28 El mejor fue: 0
24 -3 -42 92 34 36 44 -18 51 1 40 18 69 -7 47 96 46 28 Generación 103
arranca 
Jugando Partidos contra vecino 0
Resultado 13
58811.3
Yo soy: 
24 -3 -42 92 34 36 44 -18 51 1 40 18 69 -7 47 96 46 28 El mejor fue: 0
24 -3 -42 92 34 36 44 -18 51 1 40 18 69 -7 47 96 46 8 Generación 102
arranca 
Jugando Partidos contra vecino 0
Resultado 13
58341.9
Yo soy: 
24 -3 -42 92 34 36 44 -18 51 1 40 18 69 -7 47 96 46 8 El mejor fue: 0
24 -3 -42 72 34 36 44 -18 51 1 40 18 69 -7 47 96 46 8 Generación 101
arranca 
Jugando Partidos contra vecino 0
Resultado 11
57997.2
Yo soy: 
24 -3 -42 72 34 36 44 -18 51 1 40 18 69 -7 47 96 46 8 El mejor fue: 0
24 -3 -42 52 34 36 44 -18 51 1 40 18 69 -7 47 96 46 8 Generación 100
arranca 
Jugando Partidos contra vecino 0
Resultado 15
52883.1
Yo soy: 
24 -3 -42 52 34 36 44 -18 51 1 40 18 69 -7 47 96 46 8 El mejor fue: 0
24 -3 -22 52 34 36 44 -18 51 1 40 18 69 -7 47 96 46 8 Generación 99
arranca 
Jugando Partidos contra vecino 0
Resultado 13
51833.5
Yo soy: 
24 -3 -22 52 34 36 44 -18 51 1 40 18 69 -7 47 96 46 8 El mejor fue: 0
44 -3 -22 52 34 36 44 -18 51 1 40 18 69 -7 47 96 46 8 Generación 98
arranca 
Jugando Partidos contra vecino 0
Resultado 11
60892.8
Yo soy: 
44 -3 -22 52 34 36 44 -18 51 1 40 18 69 -7 47 96 46 8 El mejor fue: 0
44 -3 -22 52 34 36 44 -38 51 1 40 18 69 -7 47 96 46 8 Generación 97
arranca 
Jugando Partidos contra vecino 0
Resultado 13
57675
Yo soy: 
44 -3 -22 52 34 36 44 -38 51 1 40 18 69 -7 47 96 46 8 El mejor fue: 0
24 -3 -22 52 34 36 44 -38 51 1 40 18 69 -7 47 96 46 8 Generación 96
arranca 
Jugando Partidos contra vecino 0
Resultado 13
51727.5
Yo soy: 
24 -3 -22 52 34 36 44 -38 51 1 40 18 69 -7 47 96 46 8 El mejor fue: 0
24 -3 -22 52 34 36 44 -38 51 1 40 18 69 -27 47 96 46 8 Generación 95
arranca 
Jugando Partidos contra vecino 0
Resultado 13
58345.4
Yo soy: 
24 -3 -22 52 34 36 44 -38 51 1 40 18 69 -27 47 96 46 8 El mejor fue: 0
24 -3 -22 52 34 36 44 -38 51 1 40 18 89 -27 47 96 46 8 Generación 94
arranca 
Jugando Partidos contra vecino 0
Resultado 11
55704.8
Yo soy: 
24 -3 -22 52 34 36 44 -38 51 1 40 18 89 -27 47 96 46 8 El mejor fue: 0
24 -3 -2 52 34 36 44 -38 51 1 40 18 89 -27 47 96 46 8 Generación 93
arranca 
Jugando Partidos contra vecino 0
Resultado 5
47513.8
Jugando Partidos contra vecino 1
Resultado 13
54900
Yo soy: 
24 -3 -2 52 34 36 44 -38 51 1 40 18 89 -27 47 96 46 8 El mejor fue: 1
24 -3 -2 52 34 36 44 -18 51 1 40 18 89 -27 47 96 46 8 Generación 92
arranca 
Jugando Partidos contra vecino 0
Resultado 11
55643.9
Yo soy: 
24 -3 -2 52 34 36 44 -18 51 1 40 18 89 -27 47 96 46 8 El mejor fue: 0
24 -3 -2 52 34 16 44 -18 51 1 40 18 89 -27 47 96 46 8 Generación 91
arranca 
Jugando Partidos contra vecino 0
Resultado 11
60557.9
Yo soy: 
24 -3 -2 52 34 16 44 -18 51 1 40 18 89 -27 47 96 46 8 El mejor fue: 0
24 -3 -2 52 34 16 44 -18 51 1 20 18 89 -27 47 96 46 8 Generación 90
arranca 
Jugando Partidos contra vecino 0
Resultado 13
57895.1
Yo soy: 
24 -3 -2 52 34 16 44 -18 51 1 20 18 89 -27 47 96 46 8 El mejor fue: 0
24 -3 -2 52 34 16 44 -18 51 21 20 18 89 -27 47 96 46 8 Generación 89
arranca 
Jugando Partidos contra vecino 0
Resultado 15
45021
Yo soy: 
24 -3 -2 52 34 16 44 -18 51 21 20 18 89 -27 47 96 46 8 El mejor fue: 0
24 -3 -2 52 34 16 44 -18 51 21 20 18 89 -27 67 96 46 8 Generación 88
arranca 
Jugando Partidos contra vecino 0
Resultado 13
55718.5
Yo soy: 
24 -3 -2 52 34 16 44 -18 51 21 20 18 89 -27 67 96 46 8 El mejor fue: 0
4 -3 -2 52 34 16 44 -18 51 21 20 18 89 -27 67 96 46 8 Generación 87
arranca 
Jugando Partidos contra vecino 0
Resultado 13
44192.1
Yo soy: 
4 -3 -2 52 34 16 44 -18 51 21 20 18 89 -27 67 96 46 8 El mejor fue: 0
-16 -3 -2 52 34 16 44 -18 51 21 20 18 89 -27 67 96 46 8 Generación 86
arranca 
Jugando Partidos contra vecino 0
Resultado 7
63217.9
Jugando Partidos contra vecino 1
Resultado 7
60933.2
Jugando Partidos contra vecino 2
Resultado 13
43633.6
Yo soy: 
-16 -3 -2 52 34 16 44 -18 51 21 20 18 89 -27 67 96 46 8 El mejor fue: 2
-16 17 -2 52 34 16 44 -18 51 21 20 18 89 -27 67 96 46 8 Generación 85
arranca 
Jugando Partidos contra vecino 0
Resultado 7
63698.5
Jugando Partidos contra vecino 1
Resultado 11
57482.9
Yo soy: 
-16 17 -2 52 34 16 44 -18 51 21 20 18 89 -27 67 96 46 8 El mejor fue: 1
-16 17 -2 52 34 16 44 -18 51 21 20 18 89 -47 67 96 46 8 Generación 84
arranca 
Jugando Partidos contra vecino 0
Resultado 5
55218.8
Jugando Partidos contra vecino 1
Resultado 11
55784.8
Yo soy: 
-16 17 -2 52 34 16 44 -18 51 21 20 18 89 -47 67 96 46 8 El mejor fue: 1
-36 17 -2 52 34 16 44 -18 51 21 20 18 89 -47 67 96 46 8 Generación 83
arranca 
Jugando Partidos contra vecino 0
Resultado 11
49196.2
Yo soy: 
-36 17 -2 52 34 16 44 -18 51 21 20 18 89 -47 67 96 46 8 El mejor fue: 0
-36 17 -2 52 34 16 24 -18 51 21 20 18 89 -47 67 96 46 8 Generación 82
arranca 
Jugando Partidos contra vecino 0
Resultado 5
65084.8
Jugando Partidos contra vecino 1
Resultado 9
60715.2
Jugando Partidos contra vecino 2
Resultado 7
55275.2
Jugando Partidos contra vecino 3
Resultado 13
60335.8
Yo soy: 
-36 17 -2 52 34 16 24 -18 51 21 20 18 89 -47 67 96 46 8 El mejor fue: 3
-36 17 -22 52 34 16 24 -18 51 21 20 18 89 -47 67 96 46 8 Generación 81
arranca 
Jugando Partidos contra vecino 0
Resultado 9
58743.4
Jugando Partidos contra vecino 1
Resultado 13
62519.3
Yo soy: 
-36 17 -22 52 34 16 24 -18 51 21 20 18 89 -47 67 96 46 8 El mejor fue: 1
-36 17 -22 52 34 16 24 -18 51 21 20 18 89 -47 67 96 46 28 Generación 80
arranca 
Jugando Partidos contra vecino 0
Resultado 9
60747.5
Jugando Partidos contra vecino 1
Resultado 5
65077.8
Jugando Partidos contra vecino 2
Resultado 9
63296.5
Jugando Partidos contra vecino 3
Resultado 11
62998.7
Yo soy: 
-36 17 -22 52 34 16 24 -18 51 21 20 18 89 -47 67 96 46 28 El mejor fue: 3
-36 17 -22 32 34 16 24 -18 51 21 20 18 89 -47 67 96 46 28 Generación 79
arranca 
Jugando Partidos contra vecino 0
Resultado 11
56376.5
Yo soy: 
-36 17 -22 32 34 16 24 -18 51 21 20 18 89 -47 67 96 46 28 El mejor fue: 0
-36 17 -2 32 34 16 24 -18 51 21 20 18 89 -47 67 96 46 28 Generación 78
arranca 
Jugando Partidos contra vecino 0
Resultado 11
65008
Yo soy: 
-36 17 -2 32 34 16 24 -18 51 21 20 18 89 -47 67 96 46 28 El mejor fue: 0
-36 17 -2 32 34 16 24 -18 51 21 20 18 89 -47 67 96 26 28 Generación 77
arranca 
Jugando Partidos contra vecino 0
Resultado 11
64044.7
Yo soy: 
-36 17 -2 32 34 16 24 -18 51 21 20 18 89 -47 67 96 26 28 El mejor fue: 0
-36 17 -2 32 34 16 24 -18 51 21 20 18 89 -27 67 96 26 28 Generación 76
arranca 
Jugando Partidos contra vecino 0
Resultado 13
62745.6
Yo soy: 
-36 17 -2 32 34 16 24 -18 51 21 20 18 89 -27 67 96 26 28 El mejor fue: 0
-36 -3 -2 32 34 16 24 -18 51 21 20 18 89 -27 67 96 26 28 Generación 75
arranca 
Jugando Partidos contra vecino 0
Resultado 13
57527.7
Yo soy: 
-36 -3 -2 32 34 16 24 -18 51 21 20 18 89 -27 67 96 26 28 El mejor fue: 0
-36 -3 -2 32 34 16 24 -18 51 21 20 -2 89 -27 67 96 26 28 Generación 74
arranca 
Jugando Partidos contra vecino 0
Resultado 7
65433.4
Jugando Partidos contra vecino 1
Resultado 7
36764.8
Jugando Partidos contra vecino 2
Resultado 13
62850.3
Yo soy: 
-36 -3 -2 32 34 16 24 -18 51 21 20 -2 89 -27 67 96 26 28 El mejor fue: 2
-36 -3 -2 12 34 16 24 -18 51 21 20 -2 89 -27 67 96 26 28 Generación 73
arranca 
Jugando Partidos contra vecino 0
Resultado 5
58214.1
Jugando Partidos contra vecino 1
Resultado 9
63689.8
Jugando Partidos contra vecino 2
Resultado 15
51357.4
Yo soy: 
-36 -3 -2 12 34 16 24 -18 51 21 20 -2 89 -27 67 96 26 28 El mejor fue: 2
-36 -3 -2 12 34 16 24 -18 51 21 20 -2 49 -27 67 96 26 28 Generación 72
arranca 
Jugando Partidos contra vecino 0
Resultado 9
64240.9
Jugando Partidos contra vecino 1
Resultado 13
57045.2
Yo soy: 
-36 -3 -2 12 34 16 24 -18 51 21 20 -2 49 -27 67 96 26 28 El mejor fue: 1
-36 -3 -2 12 34 -4 24 -18 51 21 20 -2 49 -27 67 96 26 28 Generación 71
arranca 
Jugando Partidos contra vecino 0
Resultado 15
62199.5
Yo soy: 
-36 -3 -2 12 34 -4 24 -18 51 21 20 -2 49 -27 67 96 26 28 El mejor fue: 0
-36 -3 -2 12 34 -4 24 -18 51 21 20 -2 49 -7 67 96 26 28 Generación 70
arranca 
Jugando Partidos contra vecino 0
Resultado 15
56670.7
Yo soy: 
-36 -3 -2 12 34 -4 24 -18 51 21 20 -2 49 -7 67 96 26 28 El mejor fue: 0
-36 -3 -2 12 34 -4 24 -18 51 21 20 -2 49 -7 67 96 6 28 Generación 69
arranca 
Jugando Partidos contra vecino 0
Resultado 13
60920.5
Yo soy: 
-36 -3 -2 12 34 -4 24 -18 51 21 20 -2 49 -7 67 96 6 28 El mejor fue: 0
-36 -3 -2 12 34 -4 24 -18 51 21 20 18 49 -7 67 96 6 28 Generación 68
arranca 
Jugando Partidos contra vecino 0
Resultado 9
60265.7
Jugando Partidos contra vecino 1
Resultado 13
61919.9
Yo soy: 
-36 -3 -2 12 34 -4 24 -18 51 21 20 18 49 -7 67 96 6 28 El mejor fue: 1
-36 -3 -2 12 34 -4 24 -18 51 21 20 18 49 -7 67 96 -14 28 Generación 67
arranca 
Jugando Partidos contra vecino 0
Resultado 13
61593.2
Yo soy: 
-36 -3 -2 12 34 -4 24 -18 51 21 20 18 49 -7 67 96 -14 28 El mejor fue: 0
-36 -3 -2 -8 34 -4 24 -18 51 21 20 18 49 -7 67 96 -14 28 Generación 66
arranca 
Jugando Partidos contra vecino 0
Resultado 7
59088.7
Jugando Partidos contra vecino 1
Resultado 9
58803
Jugando Partidos contra vecino 2
Resultado 7
59342.8
Jugando Partidos contra vecino 3
Resultado 11
56799.6
Yo soy: 
-36 -3 -2 -8 34 -4 24 -18 51 21 20 18 49 -7 67 96 -14 28 El mejor fue: 3
-36 17 -2 -8 34 -4 24 -18 51 21 20 18 49 -7 67 96 -14 28 Generación 65
arranca 
Jugando Partidos contra vecino 0
Resultado 5
55264.7
Jugando Partidos contra vecino 1
Resultado 9
65020.2
Jugando Partidos contra vecino 2
Resultado 11
55782.7
Yo soy: 
-36 17 -2 -8 34 -4 24 -18 51 21 20 18 49 -7 67 96 -14 28 El mejor fue: 2
-36 17 -2 -8 34 -4 24 -18 51 21 20 -2 49 -7 67 96 -14 28 Generación 64
arranca 
Jugando Partidos contra vecino 0
Resultado 15
47512.1
Yo soy: 
-36 17 -2 -8 34 -4 24 -18 51 21 20 -2 49 -7 67 96 -14 28 El mejor fue: 0
-36 17 -2 -28 34 -4 24 -18 51 21 20 -2 49 -7 67 96 -14 28 Generación 63
arranca 
Jugando Partidos contra vecino 0
Resultado 15
45559.2
Yo soy: 
-36 17 -2 -28 34 -4 24 -18 51 21 20 -2 49 -7 67 96 -14 28 El mejor fue: 0
-36 17 -2 -28 34 -4 24 -38 51 21 20 -2 49 -7 67 96 -14 28 Generación 62
arranca 
Jugando Partidos contra vecino 0
Resultado 15
44358.9
Yo soy: 
-36 17 -2 -28 34 -4 24 -38 51 21 20 -2 49 -7 67 96 -14 28 El mejor fue: 0
-36 17 -2 -28 34 -4 24 -38 51 21 20 -2 49 -27 67 96 -14 28 Generación 61
arranca 
Jugando Partidos contra vecino 0
Resultado 15
46293.1
Yo soy: 
-36 17 -2 -28 34 -4 24 -38 51 21 20 -2 49 -27 67 96 -14 28 El mejor fue: 0
-36 17 -2 -28 34 -24 24 -38 51 21 20 -2 49 -27 67 96 -14 28 Generación 60
arranca 
Jugando Partidos contra vecino 0
Resultado 15
45624.5
Yo soy: 
-36 17 -2 -28 34 -24 24 -38 51 21 20 -2 49 -27 67 96 -14 28 El mejor fue: 0
-36 17 -2 -48 34 -24 24 -38 51 21 20 -2 49 -27 67 96 -14 28 Generación 59
arranca 
Jugando Partidos contra vecino 0
Resultado 15
45725.4
Yo soy: 
-36 17 -2 -48 34 -24 24 -38 51 21 20 -2 49 -27 67 96 -14 28 El mejor fue: 0
-36 17 -2 -48 34 -24 44 -38 51 21 20 -2 49 -27 67 96 -14 28 Generación 58
arranca 
Jugando Partidos contra vecino 0
Resultado 5
31453.6
Jugando Partidos contra vecino 1
Resultado 5
27983.6
Jugando Partidos contra vecino 2
Resultado 15
45466.8
Yo soy: 
-36 17 -2 -48 34 -24 44 -38 51 21 20 -2 49 -27 67 96 -14 28 El mejor fue: 2
-36 17 -2 -48 34 -24 44 -58 51 21 20 -2 49 -27 67 96 -14 28 Generación 57
arranca 
Jugando Partidos contra vecino 0
Resultado 15
46491.5
Yo soy: 
-36 17 -2 -48 34 -24 44 -58 51 21 20 -2 49 -27 67 96 -14 28 El mejor fue: 0
-36 17 -2 -48 34 -24 44 -58 51 41 20 -2 49 -27 67 96 -14 28 Generación 56
arranca 
Jugando Partidos contra vecino 0
Resultado 15
45401.1
Yo soy: 
-36 17 -2 -48 34 -24 44 -58 51 41 20 -2 49 -27 67 96 -14 28 El mejor fue: 0
-36 17 -2 -48 34 -24 44 -58 51 41 20 -2 49 -27 67 96 -14 8 Generación 55
arranca 
Jugando Partidos contra vecino 0
Resultado 13
42661.4
Yo soy: 
-36 17 -2 -48 34 -24 44 -58 51 41 20 -2 49 -27 67 96 -14 8 El mejor fue: 0
-36 17 -2 -48 34 -24 44 -58 51 41 20 -2 49 -27 87 96 -14 8 Generación 54
arranca 
Jugando Partidos contra vecino 0
Resultado 15
35610.6
Yo soy: 
-36 17 -2 -48 34 -24 44 -58 51 41 20 -2 49 -27 87 96 -14 8 El mejor fue: 0
-36 17 -2 -48 34 -44 44 -58 51 41 20 -2 49 -27 87 96 -14 8 Generación 53
arranca 
Jugando Partidos contra vecino 0
Resultado 15
35595.7
Yo soy: 
-36 17 -2 -48 34 -44 44 -58 51 41 20 -2 49 -27 87 96 -14 8 El mejor fue: 0
-36 17 -2 -48 54 -44 44 -58 51 41 20 -2 49 -27 87 96 -14 8 Generación 52
arranca 
Jugando Partidos contra vecino 0
Resultado 5
32454.1
Jugando Partidos contra vecino 1
Resultado 15
36988.2
Yo soy: 
-36 17 -2 -48 54 -44 44 -58 51 41 20 -2 49 -27 87 96 -14 8 El mejor fue: 1
-36 17 -2 -48 54 -44 44 -58 51 41 20 -2 49 -27 87 96 -14 28 Generación 51
arranca 
Jugando Partidos contra vecino 0
Resultado 15
35870
Yo soy: 
-36 17 -2 -48 54 -44 44 -58 51 41 20 -2 49 -27 87 96 -14 28 El mejor fue: 0
-36 17 -2 -28 54 -44 44 -58 51 41 20 -2 49 -27 87 96 -14 28 Generación 50
arranca 
Jugando Partidos contra vecino 0
Resultado 5
32238
Jugando Partidos contra vecino 1
Resultado 15
36628.1
Yo soy: 
-36 17 -2 -28 54 -44 44 -58 51 41 20 -2 49 -27 87 96 -14 28 El mejor fue: 1
-36 17 -2 -28 54 -44 44 -58 51 41 20 -2 49 -27 87 96 -14 8 Generación 49
arranca 
Jugando Partidos contra vecino 0
Resultado 5
23380.5
Jugando Partidos contra vecino 1
Resultado 15
36843.1
Yo soy: 
-36 17 -2 -28 54 -44 44 -58 51 41 20 -2 49 -27 87 96 -14 8 El mejor fue: 1
-36 17 -2 -28 54 -44 44 -58 51 41 20 -2 49 -27 87 96 -14 28 Generación 48
arranca 
Jugando Partidos contra vecino 0
Resultado 15
35101.5
Yo soy: 
-36 17 -2 -28 54 -44 44 -58 51 41 20 -2 49 -27 87 96 -14 28 El mejor fue: 0
-36 17 -2 -28 54 -44 44 -58 51 41 20 -2 49 -27 87 96 -14 48 Generación 47
arranca 
Jugando Partidos contra vecino 0
Resultado 15
35680.5
Yo soy: 
-36 17 -2 -28 54 -44 44 -58 51 41 20 -2 49 -27 87 96 -14 48 El mejor fue: 0
-36 17 -2 -8 54 -44 44 -58 51 41 20 -2 49 -27 87 96 -14 48 Generación 46
arranca 
Jugando Partidos contra vecino 0
Resultado 15
35154.3
Yo soy: 
-36 17 -2 -8 54 -44 44 -58 51 41 20 -2 49 -27 87 96 -14 48 El mejor fue: 0
-36 17 -2 12 54 -44 44 -58 51 41 20 -2 49 -27 87 96 -14 48 Generación 45
arranca 
Jugando Partidos contra vecino 0
Resultado 15
46340.7
Yo soy: 
-36 17 -2 12 54 -44 44 -58 51 41 20 -2 49 -27 87 96 -14 48 El mejor fue: 0
-36 17 -2 12 54 -44 44 -58 51 41 20 18 49 -27 87 96 -14 48 Generación 44
arranca 
Jugando Partidos contra vecino 0
Resultado 11
61194.4
Yo soy: 
-36 17 -2 12 54 -44 44 -58 51 41 20 18 49 -27 87 96 -14 48 El mejor fue: 0
-56 17 -2 12 54 -44 44 -58 51 41 20 18 49 -27 87 96 -14 48 Generación 43
arranca 
Jugando Partidos contra vecino 0
Resultado 13
62478.9
Yo soy: 
-56 17 -2 12 54 -44 44 -58 51 41 20 18 49 -27 87 96 -14 48 El mejor fue: 0
-56 17 -2 12 54 -44 44 -58 51 41 20 18 49 -27 47 96 -14 48 Generación 42
arranca 
Jugando Partidos contra vecino 0
Resultado 13
60894.3
Yo soy: 
-56 17 -2 12 54 -44 44 -58 51 41 20 18 49 -27 47 96 -14 48 El mejor fue: 0
-56 17 -2 12 54 -24 44 -58 51 41 20 18 49 -27 47 96 -14 48 Generación 41
arranca 
Jugando Partidos contra vecino 0
Resultado 15
56254.1
Yo soy: 
-56 17 -2 12 54 -24 44 -58 51 41 20 18 49 -27 47 96 -14 48 El mejor fue: 0
-56 17 -2 12 54 -24 44 -58 51 41 20 18 49 -27 67 96 -14 48 Generación 40
arranca 
Jugando Partidos contra vecino 0
Resultado 5
56215.2
Jugando Partidos contra vecino 1
Resultado 13
64020.5
Yo soy: 
-56 17 -2 12 54 -24 44 -58 51 41 20 18 49 -27 67 96 -14 48 El mejor fue: 1
-56 17 -2 12 54 -4 44 -58 51 41 20 18 49 -27 67 96 -14 48 Generación 39
arranca 
Jugando Partidos contra vecino 0
Resultado 11
57107
Yo soy: 
-56 17 -2 12 54 -4 44 -58 51 41 20 18 49 -27 67 96 -14 48 El mejor fue: 0
-56 17 -2 12 54 -4 44 -58 51 41 0 18 49 -27 67 96 -14 48 Generación 38
arranca 
Jugando Partidos contra vecino 0
Resultado 13
58393.7
Yo soy: 
-56 17 -2 12 54 -4 44 -58 51 41 0 18 49 -27 67 96 -14 48 El mejor fue: 0
-56 17 -2 12 54 -4 44 -58 51 41 0 18 49 -27 67 96 6 48 Generación 37
arranca 
Jugando Partidos contra vecino 0
Resultado 9
59021.9
Jugando Partidos contra vecino 1
Resultado 13
57574.8
Yo soy: 
-56 17 -2 12 54 -4 44 -58 51 41 0 18 49 -27 67 96 6 48 El mejor fue: 1
-36 17 -2 12 54 -4 44 -58 51 41 0 18 49 -27 67 96 6 48 Generación 36
arranca 
Jugando Partidos contra vecino 0
Resultado 11
61384.9
Yo soy: 
-36 17 -2 12 54 -4 44 -58 51 41 0 18 49 -27 67 96 6 48 El mejor fue: 0
-36 17 -2 32 54 -4 44 -58 51 41 0 18 49 -27 67 96 6 48 Generación 35
arranca 
Jugando Partidos contra vecino 0
Resultado 13
59232.7
Yo soy: 
-36 17 -2 32 54 -4 44 -58 51 41 0 18 49 -27 67 96 6 48 El mejor fue: 0
-36 -3 -2 32 54 -4 44 -58 51 41 0 18 49 -27 67 96 6 48 Generación 34
arranca 
Jugando Partidos contra vecino 0
Resultado 13
66875.8
Yo soy: 
-36 -3 -2 32 54 -4 44 -58 51 41 0 18 49 -27 67 96 6 48 El mejor fue: 0
-36 -3 -2 32 54 -4 44 -58 51 41 20 18 49 -27 67 96 6 48 Generación 33
arranca 
Jugando Partidos contra vecino 0
Resultado 13
49613.4
Yo soy: 
-36 -3 -2 32 54 -4 44 -58 51 41 20 18 49 -27 67 96 6 48 El mejor fue: 0
-36 -3 -2 32 54 -4 44 -78 51 41 20 18 49 -27 67 96 6 48 Generación 32
arranca 
Jugando Partidos contra vecino 0
Resultado 15
38280.3
Yo soy: 
-36 -3 -2 32 54 -4 44 -78 51 41 20 18 49 -27 67 96 6 48 El mejor fue: 0
-36 -3 -2 52 54 -4 44 -78 51 41 20 18 49 -27 67 96 6 48 Generación 31
arranca 
Jugando Partidos contra vecino 0
Resultado 11
47437.9
Yo soy: 
-36 -3 -2 52 54 -4 44 -78 51 41 20 18 49 -27 67 96 6 48 El mejor fue: 0
-36 -3 -2 52 54 -4 44 -78 51 41 20 18 49 -47 67 96 6 48 Generación 30
arranca 
Jugando Partidos contra vecino 0
Resultado 13
51546.4
Yo soy: 
-36 -3 -2 52 54 -4 44 -78 51 41 20 18 49 -47 67 96 6 48 El mejor fue: 0
-36 -3 -2 52 54 -4 44 -58 51 41 20 18 49 -47 67 96 6 48 Generación 29
arranca 
Jugando Partidos contra vecino 0
Resultado 9
51870.5
Jugando Partidos contra vecino 1
Resultado 5
46802.2
Jugando Partidos contra vecino 2
Resultado 9
51614.6
Jugando Partidos contra vecino 3
Resultado 13
46974.4
Yo soy: 
-36 -3 -2 52 54 -4 44 -58 51 41 20 18 49 -47 67 96 6 48 El mejor fue: 3
-36 -3 -2 52 54 -4 64 -58 51 41 20 18 49 -47 67 96 6 48 Generación 28
arranca 
Jugando Partidos contra vecino 0
Resultado 11
53392.7
Yo soy: 
-36 -3 -2 52 54 -4 64 -58 51 41 20 18 49 -47 67 96 6 48 El mejor fue: 0
-36 17 -2 52 54 -4 64 -58 51 41 20 18 49 -47 67 96 6 48 Generación 27
arranca 
Jugando Partidos contra vecino 0
Resultado 9
60869.9
Jugando Partidos contra vecino 1
Resultado 9
44968.2
Jugando Partidos contra vecino 2
Resultado 13
53926.9
Yo soy: 
-36 17 -2 52 54 -4 64 -58 51 41 20 18 49 -47 67 96 6 48 El mejor fue: 2
-36 17 -2 52 54 -4 64 -58 51 61 20 18 49 -47 67 96 6 48 Generación 26
arranca 
Jugando Partidos contra vecino 0
Resultado 13
55934.5
Yo soy: 
-36 17 -2 52 54 -4 64 -58 51 61 20 18 49 -47 67 96 6 48 El mejor fue: 0
-36 17 -2 52 34 -4 64 -58 51 61 20 18 49 -47 67 96 6 48 Generación 25
arranca 
Jugando Partidos contra vecino 0
Resultado 15
50785.7
Yo soy: 
-36 17 -2 52 34 -4 64 -58 51 61 20 18 49 -47 67 96 6 48 El mejor fue: 0
-36 17 -2 52 34 -4 64 -58 51 61 20 18 49 -47 67 96 6 28 Generación 24
arranca 
Jugando Partidos contra vecino 0
Resultado 13
63095
Yo soy: 
-36 17 -2 52 34 -4 64 -58 51 61 20 18 49 -47 67 96 6 28 El mejor fue: 0
-36 17 -2 52 34 -4 44 -58 51 61 20 18 49 -47 67 96 6 28 Generación 23
arranca 
Jugando Partidos contra vecino 0
Resultado 13
53979.8
Yo soy: 
-36 17 -2 52 34 -4 44 -58 51 61 20 18 49 -47 67 96 6 28 El mejor fue: 0
-36 17 -2 52 34 -4 44 -58 51 61 20 18 49 -47 67 96 6 8 Generación 22
arranca 
Jugando Partidos contra vecino 0
Resultado 11
32518.5
Yo soy: 
-36 17 -2 52 34 -4 44 -58 51 61 20 18 49 -47 67 96 6 8 El mejor fue: 0
-36 17 18 52 34 -4 44 -58 51 61 20 18 49 -47 67 96 6 8 Generación 21
arranca 
Jugando Partidos contra vecino 0
Resultado 13
42816
Yo soy: 
-36 17 18 52 34 -4 44 -58 51 61 20 18 49 -47 67 96 6 8 El mejor fue: 0
-36 17 18 52 34 -4 44 -58 51 61 20 18 49 -47 67 96 26 8 Generación 20
arranca 
Jugando Partidos contra vecino 0
Resultado 5
63934.5
Jugando Partidos contra vecino 1
Resultado 13
45088.2
Yo soy: 
-36 17 18 52 34 -4 44 -58 51 61 20 18 49 -47 67 96 26 8 El mejor fue: 1
-36 17 18 52 14 -4 44 -58 51 61 20 18 49 -47 67 96 26 8 Generación 19
arranca 
Jugando Partidos contra vecino 0
Resultado 7
43930.2
Jugando Partidos contra vecino 1
Resultado 5
61445.4
Jugando Partidos contra vecino 2
Resultado 9
54827.7
Jugando Partidos contra vecino 3
Resultado 7
35236.9
Jugando Partidos contra vecino 4
Resultado 7
45976.4
Jugando Partidos contra vecino 5
Resultado 7
60402.5
Jugando Partidos contra vecino 6
Resultado 13
38687.6
Yo soy: 
-36 17 18 52 14 -4 44 -58 51 61 20 18 49 -47 67 96 26 8 El mejor fue: 6
-36 17 18 52 14 -4 44 -58 51 61 20 18 49 -47 67 96 26 28 Generación 18
arranca 
Jugando Partidos contra vecino 0
Resultado 9
49205.1
Jugando Partidos contra vecino 1
Resultado 9
49872.8
Jugando Partidos contra vecino 2
Resultado 11
37123.2
Yo soy: 
-36 17 18 52 14 -4 44 -58 51 61 20 18 49 -47 67 96 26 28 El mejor fue: 2
-36 17 18 52 14 -4 64 -58 51 61 20 18 49 -47 67 96 26 28 Generación 17
arranca 
Jugando Partidos contra vecino 0
Resultado 11
62036.8
Yo soy: 
-36 17 18 52 14 -4 64 -58 51 61 20 18 49 -47 67 96 26 28 El mejor fue: 0
-36 17 18 32 14 -4 64 -58 51 61 20 18 49 -47 67 96 26 28 Generación 16
arranca 
Jugando Partidos contra vecino 0
Resultado 9
39180.8
Jugando Partidos contra vecino 1
Resultado 15
55179
Yo soy: 
-36 17 18 32 14 -4 64 -58 51 61 20 18 49 -47 67 96 26 28 El mejor fue: 1
-36 17 18 32 14 -4 84 -58 51 61 20 18 49 -47 67 96 26 28 Generación 15
arranca 
Jugando Partidos contra vecino 0
Resultado 13
53268.3
Yo soy: 
-36 17 18 32 14 -4 84 -58 51 61 20 18 49 -47 67 96 26 28 El mejor fue: 0
-36 17 18 52 14 -4 84 -58 51 61 20 18 49 -47 67 96 26 28 Generación 14
arranca 
Jugando Partidos contra vecino 0
Resultado 9
44336.9
Jugando Partidos contra vecino 1
Resultado 5
39189.7
Jugando Partidos contra vecino 2
Resultado 15
57732.2
Yo soy: 
-36 17 18 52 14 -4 84 -58 51 61 20 18 49 -47 67 96 26 28 El mejor fue: 2
-36 17 18 52 14 -4 84 -58 51 61 40 18 49 -47 67 96 26 28 Generación 13
arranca 
Jugando Partidos contra vecino 0
Resultado 15
58173.5
Yo soy: 
-36 17 18 52 14 -4 84 -58 51 61 40 18 49 -47 67 96 26 28 El mejor fue: 0
-36 17 18 52 14 -4 84 -58 71 61 40 18 49 -47 67 96 26 28 Generación 12
arranca 
Jugando Partidos contra vecino 0
Resultado 13
48162.3
Yo soy: 
-36 17 18 52 14 -4 84 -58 71 61 40 18 49 -47 67 96 26 28 El mejor fue: 0
-36 17 18 52 14 -4 84 -38 71 61 40 18 49 -47 67 96 26 28 Generación 11
arranca 
Jugando Partidos contra vecino 0
Resultado 13
53742.7
Yo soy: 
-36 17 18 52 14 -4 84 -38 71 61 40 18 49 -47 67 96 26 28 El mejor fue: 0
-36 17 18 52 -6 -4 84 -38 71 61 40 18 49 -47 67 96 26 28 Generación 10
arranca 
Jugando Partidos contra vecino 0
Resultado 5
59911.1
Jugando Partidos contra vecino 1
Resultado 15
53666.5
Yo soy: 
-36 17 18 52 -6 -4 84 -38 71 61 40 18 49 -47 67 96 26 28 El mejor fue: 1
-56 17 18 52 -6 -4 84 -38 71 61 40 18 49 -47 67 96 26 28 Generación 9
arranca 
Jugando Partidos contra vecino 0
Resultado 11
57198.8
Yo soy: 
-56 17 18 52 -6 -4 84 -38 71 61 40 18 49 -47 67 96 26 28 El mejor fue: 0
-56 17 18 52 -6 -4 84 -38 71 61 40 18 49 -47 47 96 26 28 Generación 8
arranca 
Jugando Partidos contra vecino 0
Resultado 13
63439.2
Yo soy: 
-56 17 18 52 -6 -4 84 -38 71 61 40 18 49 -47 47 96 26 28 El mejor fue: 0
-56 17 18 52 -6 -4 84 -38 51 61 40 18 49 -47 47 96 26 28 Generación 7
arranca 
Jugando Partidos contra vecino 0
Resultado 15
43700.1
Yo soy: 
-56 17 18 52 -6 -4 84 -38 51 61 40 18 49 -47 47 96 26 28 El mejor fue: 0
-56 17 18 52 -6 -4 44 -38 51 61 40 18 49 -47 47 96 26 28 Generación 6
arranca 
Jugando Partidos contra vecino 0
Resultado 7
54794.6
Jugando Partidos contra vecino 1
Resultado 15
52667.5
Yo soy: 
-56 17 18 52 -6 -4 44 -38 51 61 40 18 49 -47 47 96 26 28 El mejor fue: 1
-56 17 18 52 -6 -4 64 -38 51 61 40 18 49 -47 47 96 26 28 Generación 5
arranca 
Jugando Partidos contra vecino 0
Resultado 15
45625.9
Yo soy: 
-56 17 18 52 -6 -4 64 -38 51 61 40 18 49 -47 47 96 26 28 El mejor fue: 0
-56 17 18 52 -6 -4 64 -38 51 61 40 18 49 -47 47 96 26 8 Generación 4
arranca 
Jugando Partidos contra vecino 0
Resultado 11
43560.8
Yo soy: 
-56 17 18 52 -6 -4 64 -38 51 61 40 18 49 -47 47 96 26 8 El mejor fue: 0
-56 17 18 52 -6 -4 64 -38 31 61 40 18 49 -47 47 96 26 8 Generación 3
arranca 
Jugando Partidos contra vecino 0
Resultado 7
60166.7
Jugando Partidos contra vecino 1
Resultado 11
53415.1
Yo soy: 
-56 17 18 52 -6 -4 64 -38 31 61 40 18 49 -47 47 96 26 8 El mejor fue: 1
-56 17 18 52 -6 -4 64 -38 31 61 40 18 49 -47 47 96 26 -12 Generación 2
arranca 
Jugando Partidos contra vecino 0
Resultado 15
58644.9
Yo soy: 
-56 17 18 52 -6 -4 64 -38 31 61 40 18 49 -47 47 96 26 -12 El mejor fue: 0
-56 17 18 52 -6 -4 64 -38 31 61 40 18 49 -47 47 56 26 -12 Generación 1
arranca 
Jugando Partidos contra vecino 0
Resultado 13
55693.3
Yo soy: 
-56 17 18 52 -6 -4 64 -38 31 61 40 18 49 -47 47 56 26 -12 El mejor fue: 0
-56 17 18 52 -6 -4 64 -38 31 61 40 18 49 -47 47 76 26 -12 Generación 0
1.54298e+07
