arranca 
Jugando Partidos contra vecino 0
Resultado 5
43332.2
Jugando Partidos contra vecino 1
Resultado 5
46084.2
Jugando Partidos contra vecino 2
Resultado 5
47974.2
Jugando Partidos contra vecino 3
Resultado 5
46104.9
Jugando Partidos contra vecino 4
Resultado 5
47286.2
Jugando Partidos contra vecino 5
Resultado 5
46725.4
Jugando Partidos contra vecino 6
Resultado 5
46584.3
Jugando Partidos contra vecino 7
Resultado 5
44842.1
Jugando Partidos contra vecino 8
Resultado 15
91811.1
Yo soy: 
68 0 79 14 74 81 93 70 24 33 92 23 62 50 1 El mejor fue: 8
68 0 79 14 74 81 93 70 24 33 87 23 62 50 1 Generación 9
arranca 
Jugando Partidos contra vecino 0
Resultado 15
91871.3
Yo soy: 
68 0 79 14 74 81 93 70 24 33 87 23 62 50 1 El mejor fue: 0
68 0 79 19 74 81 93 70 24 33 87 23 62 50 1 Generación 8
arranca 
Jugando Partidos contra vecino 0
Resultado 15
89771.6
Yo soy: 
68 0 79 19 74 81 93 70 24 33 87 23 62 50 1 El mejor fue: 0
68 0 79 14 74 81 93 70 24 33 87 23 62 50 1 Generación 7
arranca 
Jugando Partidos contra vecino 0
Resultado 15
88142.8
Yo soy: 
68 0 79 14 74 81 93 70 24 33 87 23 62 50 1 El mejor fue: 0
68 0 79 14 69 81 93 70 24 33 87 23 62 50 1 Generación 6
arranca 
Jugando Partidos contra vecino 0
Resultado 15
92746
Yo soy: 
68 0 79 14 69 81 93 70 24 33 87 23 62 50 1 El mejor fue: 0
68 0 84 14 69 81 93 70 24 33 87 23 62 50 1 Generación 5
arranca 
Jugando Partidos contra vecino 0
Resultado 15
84076.4
Yo soy: 
68 0 84 14 69 81 93 70 24 33 87 23 62 50 1 El mejor fue: 0
68 5 84 14 69 81 93 70 24 33 87 23 62 50 1 Generación 4
arranca 
Jugando Partidos contra vecino 0
Resultado 15
89561.7
Yo soy: 
68 5 84 14 69 81 93 70 24 33 87 23 62 50 1 El mejor fue: 0
68 5 89 14 69 81 93 70 24 33 87 23 62 50 1 Generación 3
arranca 
Jugando Partidos contra vecino 0
Resultado 15
89120.6
Yo soy: 
68 5 89 14 69 81 93 70 24 33 87 23 62 50 1 El mejor fue: 0
68 5 89 14 69 81 93 70 29 33 87 23 62 50 1 Generación 2
arranca 
Jugando Partidos contra vecino 0
Resultado 15
91236.7
Yo soy: 
68 5 89 14 69 81 93 70 29 33 87 23 62 50 1 El mejor fue: 0
68 5 89 14 69 81 93 70 29 33 87 23 67 50 1 Generación 1
arranca 
Jugando Partidos contra vecino 0
Resultado 15
90271.8
Yo soy: 
68 5 89 14 69 81 93 70 29 33 87 23 67 50 1 El mejor fue: 0
68 5 89 14 69 81 93 70 29 33 87 23 67 55 1 Generación 0
1.26754e+06
