arranca 
Jugando Partidos contra vecino 0
Resultado 15
59298.6
Yo soy: 
59 11 27 20 39 43 25 29 18 67 80 94 99 97 12 80 26 59 El mejor fue: 0
59 11 27 30 39 43 25 29 18 67 80 94 99 97 12 80 26 59 Generación 199
arranca 
Jugando Partidos contra vecino 0
Resultado 15
61730.9
Yo soy: 
59 11 27 30 39 43 25 29 18 67 80 94 99 97 12 80 26 59 El mejor fue: 0
59 11 27 30 39 43 25 29 8 67 80 94 99 97 12 80 26 59 Generación 198
arranca 
Jugando Partidos contra vecino 0
Resultado 13
50683.9
Yo soy: 
59 11 27 30 39 43 25 29 8 67 80 94 99 97 12 80 26 59 El mejor fue: 0
59 11 27 30 29 43 25 29 8 67 80 94 99 97 12 80 26 59 Generación 197
arranca 
Jugando Partidos contra vecino 0
Resultado 15
66511.2
Yo soy: 
59 11 27 30 29 43 25 29 8 67 80 94 99 97 12 80 26 59 El mejor fue: 0
59 11 27 30 29 43 25 39 8 67 80 94 99 97 12 80 26 59 Generación 196
arranca 
Jugando Partidos contra vecino 0
Resultado 15
65189.5
Yo soy: 
59 11 27 30 29 43 25 39 8 67 80 94 99 97 12 80 26 59 El mejor fue: 0
59 11 27 30 29 43 25 39 8 67 80 94 99 97 2 80 26 59 Generación 195
arranca 
Jugando Partidos contra vecino 0
Resultado 13
45388.2
Yo soy: 
59 11 27 30 29 43 25 39 8 67 80 94 99 97 2 80 26 59 El mejor fue: 0
59 11 27 20 29 43 25 39 8 67 80 94 99 97 2 80 26 59 Generación 194
arranca 
Jugando Partidos contra vecino 0
Resultado 15
62074.4
Yo soy: 
59 11 27 20 29 43 25 39 8 67 80 94 99 97 2 80 26 59 El mejor fue: 0
59 11 27 20 29 43 25 39 8 67 80 94 99 97 2 80 26 69 Generación 193
arranca 
Jugando Partidos contra vecino 0
Resultado 15
61135
Yo soy: 
59 11 27 20 29 43 25 39 8 67 80 94 99 97 2 80 26 69 El mejor fue: 0
59 11 27 20 29 43 25 39 -2 67 80 94 99 97 2 80 26 69 Generación 192
arranca 
Jugando Partidos contra vecino 0
Resultado 15
62012.8
Yo soy: 
59 11 27 20 29 43 25 39 -2 67 80 94 99 97 2 80 26 69 El mejor fue: 0
59 11 27 20 29 43 25 39 -2 67 80 94 99 97 -8 80 26 69 Generación 191
arranca 
Jugando Partidos contra vecino 0
Resultado 7
23897.7
Jugando Partidos contra vecino 1
Resultado 15
63517.6
Yo soy: 
59 11 27 20 29 43 25 39 -2 67 80 94 99 97 -8 80 26 69 El mejor fue: 1
59 11 27 20 29 43 25 39 -2 67 80 94 99 97 -18 80 26 69 Generación 190
arranca 
Jugando Partidos contra vecino 0
Resultado 15
63878.2
Yo soy: 
59 11 27 20 29 43 25 39 -2 67 80 94 99 97 -18 80 26 69 El mejor fue: 0
59 11 27 20 29 43 25 39 -12 67 80 94 99 97 -18 80 26 69 Generación 189
arranca 
Jugando Partidos contra vecino 0
Resultado 13
46702.4
Yo soy: 
59 11 27 20 29 43 25 39 -12 67 80 94 99 97 -18 80 26 69 El mejor fue: 0
59 11 27 20 29 43 25 39 -12 67 80 84 99 97 -18 80 26 69 Generación 188
arranca 
Jugando Partidos contra vecino 0
Resultado 15
60496.1
Yo soy: 
59 11 27 20 29 43 25 39 -12 67 80 84 99 97 -18 80 26 69 El mejor fue: 0
59 11 27 20 29 43 25 39 -12 67 90 84 99 97 -18 80 26 69 Generación 187
arranca 
Jugando Partidos contra vecino 0
Resultado 15
61112.4
Yo soy: 
59 11 27 20 29 43 25 39 -12 67 90 84 99 97 -18 80 26 69 El mejor fue: 0
59 11 27 20 29 43 25 39 -12 67 90 94 99 97 -18 80 26 69 Generación 186
arranca 
Jugando Partidos contra vecino 0
Resultado 15
60933.1
Yo soy: 
59 11 27 20 29 43 25 39 -12 67 90 94 99 97 -18 80 26 69 El mejor fue: 0
49 11 27 20 29 43 25 39 -12 67 90 94 99 97 -18 80 26 69 Generación 185
arranca 
Jugando Partidos contra vecino 0
Resultado 15
61644.7
Yo soy: 
49 11 27 20 29 43 25 39 -12 67 90 94 99 97 -18 80 26 69 El mejor fue: 0
49 11 27 20 29 43 25 39 -12 67 90 74 99 97 -18 80 26 69 Generación 184
arranca 
Jugando Partidos contra vecino 0
Resultado 4
24403.6
Jugando Partidos contra vecino 1
Resultado 13
54006.8
Yo soy: 
49 11 27 20 29 43 25 39 -12 67 90 74 99 97 -18 80 26 69 El mejor fue: 1
39 11 27 20 29 43 25 39 -12 67 90 74 99 97 -18 80 26 69 Generación 183
arranca 
Jugando Partidos contra vecino 0
Resultado 15
61778.3
Yo soy: 
39 11 27 20 29 43 25 39 -12 67 90 74 99 97 -18 80 26 69 El mejor fue: 0
49 11 27 20 29 43 25 39 -12 67 90 74 99 97 -18 80 26 69 Generación 182
arranca 
Jugando Partidos contra vecino 0
Resultado 15
57708.5
Yo soy: 
49 11 27 20 29 43 25 39 -12 67 90 74 99 97 -18 80 26 69 El mejor fue: 0
49 11 27 20 19 43 25 39 -12 67 90 74 99 97 -18 80 26 69 Generación 181
arranca 
Jugando Partidos contra vecino 0
Resultado 15
65765.6
Yo soy: 
49 11 27 20 19 43 25 39 -12 67 90 74 99 97 -18 80 26 69 El mejor fue: 0
49 11 27 20 19 43 25 39 -12 77 90 74 99 97 -18 80 26 69 Generación 180
arranca 
Jugando Partidos contra vecino 0
Resultado 13
47291.7
Yo soy: 
49 11 27 20 19 43 25 39 -12 77 90 74 99 97 -18 80 26 69 El mejor fue: 0
49 11 27 20 9 43 25 39 -12 77 90 74 99 97 -18 80 26 69 Generación 179
arranca 
Jugando Partidos contra vecino 0
Resultado 13
56008
Yo soy: 
49 11 27 20 9 43 25 39 -12 77 90 74 99 97 -18 80 26 69 El mejor fue: 0
49 11 27 20 9 43 25 39 -12 77 80 74 99 97 -18 80 26 69 Generación 178
arranca 
Jugando Partidos contra vecino 0
Resultado 12
56024.2
Yo soy: 
49 11 27 20 9 43 25 39 -12 77 80 74 99 97 -18 80 26 69 El mejor fue: 0
49 11 27 20 9 43 35 39 -12 77 80 74 99 97 -18 80 26 69 Generación 177
arranca 
Jugando Partidos contra vecino 0
Resultado 13
55103.4
Yo soy: 
49 11 27 20 9 43 35 39 -12 77 80 74 99 97 -18 80 26 69 El mejor fue: 0
49 11 27 20 9 43 35 39 -12 77 80 74 79 97 -18 80 26 69 Generación 176
arranca 
Jugando Partidos contra vecino 0
Resultado 15
62307
Yo soy: 
49 11 27 20 9 43 35 39 -12 77 80 74 79 97 -18 80 26 69 El mejor fue: 0
49 11 27 10 9 43 35 39 -12 77 80 74 79 97 -18 80 26 69 Generación 175
arranca 
Jugando Partidos contra vecino 0
Resultado 15
62424.8
Yo soy: 
49 11 27 10 9 43 35 39 -12 77 80 74 79 97 -18 80 26 69 El mejor fue: 0
49 11 27 10 9 43 35 39 -2 77 80 74 79 97 -18 80 26 69 Generación 174
arranca 
Jugando Partidos contra vecino 0
Resultado 15
65147.5
Yo soy: 
49 11 27 10 9 43 35 39 -2 77 80 74 79 97 -18 80 26 69 El mejor fue: 0
49 11 27 10 9 33 35 39 -2 77 80 74 79 97 -18 80 26 69 Generación 173
arranca 
Jugando Partidos contra vecino 0
Resultado 15
63071.4
Yo soy: 
49 11 27 10 9 33 35 39 -2 77 80 74 79 97 -18 80 26 69 El mejor fue: 0
49 11 27 10 9 43 35 39 -2 77 80 74 79 97 -18 80 26 69 Generación 172
arranca 
Jugando Partidos contra vecino 0
Resultado 13
49657.2
Yo soy: 
49 11 27 10 9 43 35 39 -2 77 80 74 79 97 -18 80 26 69 El mejor fue: 0
49 11 27 10 9 43 35 39 -2 77 80 74 69 97 -18 80 26 69 Generación 171
arranca 
Jugando Partidos contra vecino 0
Resultado 15
54996.3
Yo soy: 
49 11 27 10 9 43 35 39 -2 77 80 74 69 97 -18 80 26 69 El mejor fue: 0
49 11 27 10 9 53 35 39 -2 77 80 74 69 97 -18 80 26 69 Generación 170
arranca 
Jugando Partidos contra vecino 0
Resultado 15
61844.9
Yo soy: 
49 11 27 10 9 53 35 39 -2 77 80 74 69 97 -18 80 26 69 El mejor fue: 0
49 11 27 20 9 53 35 39 -2 77 80 74 69 97 -18 80 26 69 Generación 169
arranca 
Jugando Partidos contra vecino 0
Resultado 15
63428.3
Yo soy: 
49 11 27 20 9 53 35 39 -2 77 80 74 69 97 -18 80 26 69 El mejor fue: 0
49 11 27 20 9 53 45 39 -2 77 80 74 69 97 -18 80 26 69 Generación 168
arranca 
Jugando Partidos contra vecino 0
Resultado 13
55778.6
Yo soy: 
49 11 27 20 9 53 45 39 -2 77 80 74 69 97 -18 80 26 69 El mejor fue: 0
49 11 27 20 9 53 45 39 -2 77 80 74 79 97 -18 80 26 69 Generación 167
arranca 
Jugando Partidos contra vecino 0
Resultado 15
63439.4
Yo soy: 
49 11 27 20 9 53 45 39 -2 77 80 74 79 97 -18 80 26 69 El mejor fue: 0
59 11 27 20 9 53 45 39 -2 77 80 74 79 97 -18 80 26 69 Generación 166
arranca 
Jugando Partidos contra vecino 0
Resultado 15
65098.1
Yo soy: 
59 11 27 20 9 53 45 39 -2 77 80 74 79 97 -18 80 26 69 El mejor fue: 0
59 11 17 20 9 53 45 39 -2 77 80 74 79 97 -18 80 26 69 Generación 165
arranca 
Jugando Partidos contra vecino 0
Resultado 15
53394.3
Yo soy: 
59 11 17 20 9 53 45 39 -2 77 80 74 79 97 -18 80 26 69 El mejor fue: 0
59 11 17 20 9 53 45 39 -2 77 70 74 79 97 -18 80 26 69 Generación 164
arranca 
Jugando Partidos contra vecino 0
Resultado 15
58160.2
Yo soy: 
59 11 17 20 9 53 45 39 -2 77 70 74 79 97 -18 80 26 69 El mejor fue: 0
59 11 17 20 9 53 45 39 -2 77 70 74 79 77 -18 80 26 69 Generación 163
arranca 
Jugando Partidos contra vecino 0
Resultado 12
56302.6
Yo soy: 
59 11 17 20 9 53 45 39 -2 77 70 74 79 77 -18 80 26 69 El mejor fue: 0
59 1 17 20 9 53 45 39 -2 77 70 74 79 77 -18 80 26 69 Generación 162
arranca 
Jugando Partidos contra vecino 0
Resultado 13
43538.7
Yo soy: 
59 1 17 20 9 53 45 39 -2 77 70 74 79 77 -18 80 26 69 El mejor fue: 0
59 1 17 20 -1 53 45 39 -2 77 70 74 79 77 -18 80 26 69 Generación 161
arranca 
Jugando Partidos contra vecino 0
Resultado 15
62787.5
Yo soy: 
59 1 17 20 -1 53 45 39 -2 77 70 74 79 77 -18 80 26 69 El mejor fue: 0
59 1 17 20 -1 53 45 39 -2 77 70 74 79 77 -18 80 26 79 Generación 160
arranca 
Jugando Partidos contra vecino 0
Resultado 12
45129.4
Yo soy: 
59 1 17 20 -1 53 45 39 -2 77 70 74 79 77 -18 80 26 79 El mejor fue: 0
59 1 17 20 -1 53 45 39 -2 77 60 74 79 77 -18 80 26 79 Generación 159
arranca 
Jugando Partidos contra vecino 0
Resultado 15
64075.7
Yo soy: 
59 1 17 20 -1 53 45 39 -2 77 60 74 79 77 -18 80 26 79 El mejor fue: 0
59 1 17 20 -1 53 45 39 -2 77 60 74 89 77 -18 80 26 79 Generación 158
arranca 
Jugando Partidos contra vecino 0
Resultado 12
54931.7
Yo soy: 
59 1 17 20 -1 53 45 39 -2 77 60 74 89 77 -18 80 26 79 El mejor fue: 0
69 1 17 20 -1 53 45 39 -2 77 60 74 89 77 -18 80 26 79 Generación 157
arranca 
Jugando Partidos contra vecino 0
Resultado 12
56648.9
Yo soy: 
69 1 17 20 -1 53 45 39 -2 77 60 74 89 77 -18 80 26 79 El mejor fue: 0
69 1 17 20 -1 53 35 39 -2 77 60 74 89 77 -18 80 26 79 Generación 156
arranca 
Jugando Partidos contra vecino 0
Resultado 13
53163.4
Yo soy: 
69 1 17 20 -1 53 35 39 -2 77 60 74 89 77 -18 80 26 79 El mejor fue: 0
69 1 17 20 -1 53 35 39 -2 77 60 74 89 77 -18 80 26 69 Generación 155
arranca 
Jugando Partidos contra vecino 0
Resultado 15
64883.6
Yo soy: 
69 1 17 20 -1 53 35 39 -2 77 60 74 89 77 -18 80 26 69 El mejor fue: 0
69 1 17 20 -1 53 35 39 -2 77 60 74 99 77 -18 80 26 69 Generación 154
arranca 
Jugando Partidos contra vecino 0
Resultado 15
60474.3
Yo soy: 
69 1 17 20 -1 53 35 39 -2 77 60 74 99 77 -18 80 26 69 El mejor fue: 0
69 1 17 20 -1 43 35 39 -2 77 60 74 99 77 -18 80 26 69 Generación 153
arranca 
Jugando Partidos contra vecino 0
Resultado 13
56566.1
Yo soy: 
69 1 17 20 -1 43 35 39 -2 77 60 74 99 77 -18 80 26 69 El mejor fue: 0
69 1 17 10 -1 43 35 39 -2 77 60 74 99 77 -18 80 26 69 Generación 152
arranca 
Jugando Partidos contra vecino 0
Resultado 15
57004
Yo soy: 
69 1 17 10 -1 43 35 39 -2 77 60 74 99 77 -18 80 26 69 El mejor fue: 0
69 1 17 10 -1 43 35 39 -2 77 60 74 99 77 -8 80 26 69 Generación 151
arranca 
Jugando Partidos contra vecino 0
Resultado 15
56118.4
Yo soy: 
69 1 17 10 -1 43 35 39 -2 77 60 74 99 77 -8 80 26 69 El mejor fue: 0
69 1 17 10 -11 43 35 39 -2 77 60 74 99 77 -8 80 26 69 Generación 150
arranca 
Jugando Partidos contra vecino 0
Resultado 13
50495.6
Yo soy: 
69 1 17 10 -11 43 35 39 -2 77 60 74 99 77 -8 80 26 69 El mejor fue: 0
69 1 17 10 -11 43 35 39 -2 77 60 74 99 77 -8 80 16 69 Generación 149
arranca 
Jugando Partidos contra vecino 0
Resultado 15
65704.6
Yo soy: 
69 1 17 10 -11 43 35 39 -2 77 60 74 99 77 -8 80 16 69 El mejor fue: 0
69 1 17 10 -11 43 35 39 -2 77 60 74 99 77 -8 80 26 69 Generación 148
arranca 
Jugando Partidos contra vecino 0
Resultado 15
63552.3
Yo soy: 
69 1 17 10 -11 43 35 39 -2 77 60 74 99 77 -8 80 26 69 El mejor fue: 0
69 -9 17 10 -11 43 35 39 -2 77 60 74 99 77 -8 80 26 69 Generación 147
arranca 
Jugando Partidos contra vecino 0
Resultado 15
59744.9
Yo soy: 
69 -9 17 10 -11 43 35 39 -2 77 60 74 99 77 -8 80 26 69 El mejor fue: 0
69 -9 17 10 -11 43 35 39 -12 77 60 74 99 77 -8 80 26 69 Generación 146
arranca 
Jugando Partidos contra vecino 0
Resultado 13
43312.4
Yo soy: 
69 -9 17 10 -11 43 35 39 -12 77 60 74 99 77 -8 80 26 69 El mejor fue: 0
69 -9 27 10 -11 43 35 39 -12 77 60 74 99 77 -8 80 26 69 Generación 145
arranca 
Jugando Partidos contra vecino 0
Resultado 15
63463.7
Yo soy: 
69 -9 27 10 -11 43 35 39 -12 77 60 74 99 77 -8 80 26 69 El mejor fue: 0
69 -9 27 10 -11 43 35 39 -2 77 60 74 99 77 -8 80 26 69 Generación 144
arranca 
Jugando Partidos contra vecino 0
Resultado 15
61465.6
Yo soy: 
69 -9 27 10 -11 43 35 39 -2 77 60 74 99 77 -8 80 26 69 El mejor fue: 0
69 -9 27 10 -11 43 35 39 -2 77 60 74 79 77 -8 80 26 69 Generación 143
arranca 
Jugando Partidos contra vecino 0
Resultado 13
51721.3
Yo soy: 
69 -9 27 10 -11 43 35 39 -2 77 60 74 79 77 -8 80 26 69 El mejor fue: 0
69 -9 27 10 -11 43 35 39 -2 77 60 74 79 87 -8 80 26 69 Generación 142
arranca 
Jugando Partidos contra vecino 0
Resultado 13
50577.8
Yo soy: 
69 -9 27 10 -11 43 35 39 -2 77 60 74 79 87 -8 80 26 69 El mejor fue: 0
69 -9 27 10 -11 43 35 49 -2 77 60 74 79 87 -8 80 26 69 Generación 141
arranca 
Jugando Partidos contra vecino 0
Resultado 15
62906.7
Yo soy: 
69 -9 27 10 -11 43 35 49 -2 77 60 74 79 87 -8 80 26 69 El mejor fue: 0
69 -9 27 10 -11 43 35 49 -12 77 60 74 79 87 -8 80 26 69 Generación 140
arranca 
Jugando Partidos contra vecino 0
Resultado 15
61942.2
Yo soy: 
69 -9 27 10 -11 43 35 49 -12 77 60 74 79 87 -8 80 26 69 El mejor fue: 0
69 -9 27 10 -11 43 35 49 -12 77 60 74 79 87 -8 80 26 79 Generación 139
arranca 
Jugando Partidos contra vecino 0
Resultado 15
46843.1
Yo soy: 
69 -9 27 10 -11 43 35 49 -12 77 60 74 79 87 -8 80 26 79 El mejor fue: 0
69 -9 17 10 -11 43 35 49 -12 77 60 74 79 87 -8 80 26 79 Generación 138
arranca 
Jugando Partidos contra vecino 0
Resultado 13
51199.6
Yo soy: 
69 -9 17 10 -11 43 35 49 -12 77 60 74 79 87 -8 80 26 79 El mejor fue: 0
69 -9 17 10 -11 43 35 39 -12 77 60 74 79 87 -8 80 26 79 Generación 137
arranca 
Jugando Partidos contra vecino 0
Resultado 4
18341.6
Jugando Partidos contra vecino 1
Resultado 13
53198.8
Yo soy: 
69 -9 17 10 -11 43 35 39 -12 77 60 74 79 87 -8 80 26 79 El mejor fue: 1
69 -9 17 10 -11 43 35 39 -12 77 60 74 89 87 -8 80 26 79 Generación 136
arranca 
Jugando Partidos contra vecino 0
Resultado 15
63718.3
Yo soy: 
69 -9 17 10 -11 43 35 39 -12 77 60 74 89 87 -8 80 26 79 El mejor fue: 0
69 -9 17 10 -11 43 35 39 -12 67 60 74 89 87 -8 80 26 79 Generación 135
arranca 
Jugando Partidos contra vecino 0
Resultado 13
54539.8
Yo soy: 
69 -9 17 10 -11 43 35 39 -12 67 60 74 89 87 -8 80 26 79 El mejor fue: 0
69 -9 17 10 -1 43 35 39 -12 67 60 74 89 87 -8 80 26 79 Generación 134
arranca 
Jugando Partidos contra vecino 0
Resultado 12
52681.2
Yo soy: 
69 -9 17 10 -1 43 35 39 -12 67 60 74 89 87 -8 80 26 79 El mejor fue: 0
69 -9 17 10 -1 43 35 39 -12 67 60 74 89 87 -8 80 26 69 Generación 133
arranca 
Jugando Partidos contra vecino 0
Resultado 12
53039.2
Yo soy: 
69 -9 17 10 -1 43 35 39 -12 67 60 74 89 87 -8 80 26 69 El mejor fue: 0
69 -9 17 10 -1 43 35 39 -12 67 60 64 89 87 -8 80 26 69 Generación 132
arranca 
Jugando Partidos contra vecino 0
Resultado 15
62152.2
Yo soy: 
69 -9 17 10 -1 43 35 39 -12 67 60 64 89 87 -8 80 26 69 El mejor fue: 0
69 -9 17 10 -1 43 35 39 -12 67 50 64 89 87 -8 80 26 69 Generación 131
arranca 
Jugando Partidos contra vecino 0
Resultado 3
20919
Jugando Partidos contra vecino 1
Resultado 15
62890.2
Yo soy: 
69 -9 17 10 -1 43 35 39 -12 67 50 64 89 87 -8 80 26 69 El mejor fue: 1
69 -9 17 10 -1 53 35 39 -12 67 50 64 89 87 -8 80 26 69 Generación 130
arranca 
Jugando Partidos contra vecino 0
Resultado 15
57455.5
Yo soy: 
69 -9 17 10 -1 53 35 39 -12 67 50 64 89 87 -8 80 26 69 El mejor fue: 0
69 -9 17 10 -1 63 35 39 -12 67 50 64 89 87 -8 80 26 69 Generación 129
arranca 
Jugando Partidos contra vecino 0
Resultado 4
21257.1
Jugando Partidos contra vecino 1
Resultado 15
60848.2
Yo soy: 
69 -9 17 10 -1 63 35 39 -12 67 50 64 89 87 -8 80 26 69 El mejor fue: 1
69 -9 17 10 -1 63 35 39 -12 67 50 64 89 87 -8 80 26 59 Generación 128
arranca 
Jugando Partidos contra vecino 0
Resultado 15
65450.8
Yo soy: 
69 -9 17 10 -1 63 35 39 -12 67 50 64 89 87 -8 80 26 59 El mejor fue: 0
69 -9 17 10 -1 63 35 39 -2 67 50 64 89 87 -8 80 26 59 Generación 127
arranca 
Jugando Partidos contra vecino 0
Resultado 15
61053.9
Yo soy: 
69 -9 17 10 -1 63 35 39 -2 67 50 64 89 87 -8 80 26 59 El mejor fue: 0
69 -9 17 10 -1 63 35 39 -2 67 50 64 89 97 -8 80 26 59 Generación 126
arranca 
Jugando Partidos contra vecino 0
Resultado 15
64403.6
Yo soy: 
69 -9 17 10 -1 63 35 39 -2 67 50 64 89 97 -8 80 26 59 El mejor fue: 0
79 -9 17 10 -1 63 35 39 -2 67 50 64 89 97 -8 80 26 59 Generación 125
arranca 
Jugando Partidos contra vecino 0
Resultado 15
60444.1
Yo soy: 
79 -9 17 10 -1 63 35 39 -2 67 50 64 89 97 -8 80 26 59 El mejor fue: 0
79 -9 17 10 -1 63 35 39 -2 77 50 64 89 97 -8 80 26 59 Generación 124
arranca 
Jugando Partidos contra vecino 0
Resultado 15
60625.4
Yo soy: 
79 -9 17 10 -1 63 35 39 -2 77 50 64 89 97 -8 80 26 59 El mejor fue: 0
79 -9 17 10 -1 63 35 39 -2 77 50 64 99 97 -8 80 26 59 Generación 123
arranca 
Jugando Partidos contra vecino 0
Resultado 15
63877.8
Yo soy: 
79 -9 17 10 -1 63 35 39 -2 77 50 64 99 97 -8 80 26 59 El mejor fue: 0
79 -9 17 20 -1 63 35 39 -2 77 50 64 99 97 -8 80 26 59 Generación 122
arranca 
Jugando Partidos contra vecino 0
Resultado 15
61883.3
Yo soy: 
79 -9 17 20 -1 63 35 39 -2 77 50 64 99 97 -8 80 26 59 El mejor fue: 0
79 1 17 20 -1 63 35 39 -2 77 50 64 99 97 -8 80 26 59 Generación 121
arranca 
Jugando Partidos contra vecino 0
Resultado 15
59827.2
Yo soy: 
79 1 17 20 -1 63 35 39 -2 77 50 64 99 97 -8 80 26 59 El mejor fue: 0
79 1 17 20 -1 63 25 39 -2 77 50 64 99 97 -8 80 26 59 Generación 120
arranca 
Jugando Partidos contra vecino 0
Resultado 15
62815.8
Yo soy: 
79 1 17 20 -1 63 25 39 -2 77 50 64 99 97 -8 80 26 59 El mejor fue: 0
79 1 17 20 -1 63 25 39 -2 77 50 64 89 97 -8 80 26 59 Generación 119
arranca 
Jugando Partidos contra vecino 0
Resultado 15
61624.9
Yo soy: 
79 1 17 20 -1 63 25 39 -2 77 50 64 89 97 -8 80 26 59 El mejor fue: 0
79 1 17 20 -1 63 25 39 -2 77 50 74 89 97 -8 80 26 59 Generación 118
arranca 
Jugando Partidos contra vecino 0
Resultado 13
43025.6
Yo soy: 
79 1 17 20 -1 63 25 39 -2 77 50 74 89 97 -8 80 26 59 El mejor fue: 0
79 1 27 20 -1 63 25 39 -2 77 50 74 89 97 -8 80 26 59 Generación 117
arranca 
Jugando Partidos contra vecino 0
Resultado 15
59603.1
Yo soy: 
79 1 27 20 -1 63 25 39 -2 77 50 74 89 97 -8 80 26 59 El mejor fue: 0
79 1 27 20 -1 63 25 39 -2 67 50 74 89 97 -8 80 26 59 Generación 116
arranca 
Jugando Partidos contra vecino 0
Resultado 15
63776.2
Yo soy: 
79 1 27 20 -1 63 25 39 -2 67 50 74 89 97 -8 80 26 59 El mejor fue: 0
79 1 27 20 -1 63 25 39 -2 67 50 74 99 97 -8 80 26 59 Generación 115
arranca 
Jugando Partidos contra vecino 0
Resultado 13
45069.3
Yo soy: 
79 1 27 20 -1 63 25 39 -2 67 50 74 99 97 -8 80 26 59 El mejor fue: 0
79 1 27 20 -1 63 15 39 -2 67 50 74 99 97 -8 80 26 59 Generación 114
arranca 
Jugando Partidos contra vecino 0
Resultado 15
58233.6
Yo soy: 
79 1 27 20 -1 63 15 39 -2 67 50 74 99 97 -8 80 26 59 El mejor fue: 0
79 1 27 20 -1 63 15 39 -2 67 50 74 99 97 2 80 26 59 Generación 113
arranca 
Jugando Partidos contra vecino 0
Resultado 15
60892.7
Yo soy: 
79 1 27 20 -1 63 15 39 -2 67 50 74 99 97 2 80 26 59 El mejor fue: 0
79 1 27 20 -11 63 15 39 -2 67 50 74 99 97 2 80 26 59 Generación 112
arranca 
Jugando Partidos contra vecino 0
Resultado 13
54604.4
Yo soy: 
79 1 27 20 -11 63 15 39 -2 67 50 74 99 97 2 80 26 59 El mejor fue: 0
79 1 27 20 -11 53 15 39 -2 67 50 74 99 97 2 80 26 59 Generación 111
arranca 
Jugando Partidos contra vecino 0
Resultado 15
61740.4
Yo soy: 
79 1 27 20 -11 53 15 39 -2 67 50 74 99 97 2 80 26 59 El mejor fue: 0
79 1 27 20 -11 53 25 39 -2 67 50 74 99 97 2 80 26 59 Generación 110
arranca 
Jugando Partidos contra vecino 0
Resultado 15
61672.1
Yo soy: 
79 1 27 20 -11 53 25 39 -2 67 50 74 99 97 2 80 26 59 El mejor fue: 0
79 -9 27 20 -11 53 25 39 -2 67 50 74 99 97 2 80 26 59 Generación 109
arranca 
Jugando Partidos contra vecino 0
Resultado 13
54523.3
Yo soy: 
79 -9 27 20 -11 53 25 39 -2 67 50 74 99 97 2 80 26 59 El mejor fue: 0
79 -9 27 20 -11 43 25 39 -2 67 50 74 99 97 2 80 26 59 Generación 108
arranca 
Jugando Partidos contra vecino 0
Resultado 15
61064.8
Yo soy: 
79 -9 27 20 -11 43 25 39 -2 67 50 74 99 97 2 80 26 59 El mejor fue: 0
79 -9 27 20 -11 43 25 39 -2 67 50 74 99 97 -8 80 26 59 Generación 107
arranca 
Jugando Partidos contra vecino 0
Resultado 13
51328.7
Yo soy: 
79 -9 27 20 -11 43 25 39 -2 67 50 74 99 97 -8 80 26 59 El mejor fue: 0
79 -9 27 20 -11 43 25 39 -2 67 50 74 99 97 -8 90 26 59 Generación 106
arranca 
Jugando Partidos contra vecino 0
Resultado 13
54429.2
Yo soy: 
79 -9 27 20 -11 43 25 39 -2 67 50 74 99 97 -8 90 26 59 El mejor fue: 0
79 -9 27 20 -11 33 25 39 -2 67 50 74 99 97 -8 90 26 59 Generación 105
arranca 
Jugando Partidos contra vecino 0
Resultado 13
47606.3
Yo soy: 
79 -9 27 20 -11 33 25 39 -2 67 50 74 99 97 -8 90 26 59 El mejor fue: 0
79 -9 27 20 -11 33 25 39 -2 67 50 74 99 97 -8 90 36 59 Generación 104
arranca 
Jugando Partidos contra vecino 0
Resultado 15
60567.4
Yo soy: 
79 -9 27 20 -11 33 25 39 -2 67 50 74 99 97 -8 90 36 59 El mejor fue: 0
79 -9 27 20 -11 33 25 39 -12 67 50 74 99 97 -8 90 36 59 Generación 103
arranca 
Jugando Partidos contra vecino 0
Resultado 15
64301
Yo soy: 
79 -9 27 20 -11 33 25 39 -12 67 50 74 99 97 -8 90 36 59 El mejor fue: 0
79 -9 27 20 -11 33 25 39 -12 67 50 84 99 97 -8 90 36 59 Generación 102
arranca 
Jugando Partidos contra vecino 0
Resultado 3
22382
Jugando Partidos contra vecino 1
Resultado 15
64650.8
Yo soy: 
79 -9 27 20 -11 33 25 39 -12 67 50 84 99 97 -8 90 36 59 El mejor fue: 1
89 -9 27 20 -11 33 25 39 -12 67 50 84 99 97 -8 90 36 59 Generación 101
arranca 
Jugando Partidos contra vecino 0
Resultado 15
64741.4
Yo soy: 
89 -9 27 20 -11 33 25 39 -12 67 50 84 99 97 -8 90 36 59 El mejor fue: 0
89 -9 27 20 -11 33 25 39 -2 67 50 84 99 97 -8 90 36 59 Generación 100
arranca 
Jugando Partidos contra vecino 0
Resultado 15
55430.5
Yo soy: 
89 -9 27 20 -11 33 25 39 -2 67 50 84 99 97 -8 90 36 59 El mejor fue: 0
89 -9 27 20 -11 33 25 39 8 67 50 84 99 97 -8 90 36 59 Generación 99
arranca 
Jugando Partidos contra vecino 0
Resultado 15
62746
Yo soy: 
89 -9 27 20 -11 33 25 39 8 67 50 84 99 97 -8 90 36 59 El mejor fue: 0
89 1 27 20 -11 33 25 39 8 67 50 84 99 97 -8 90 36 59 Generación 98
arranca 
Jugando Partidos contra vecino 0
Resultado 15
62620
Yo soy: 
89 1 27 20 -11 33 25 39 8 67 50 84 99 97 -8 90 36 59 El mejor fue: 0
89 1 27 20 -11 33 25 39 18 67 50 84 99 97 -8 90 36 59 Generación 97
arranca 
Jugando Partidos contra vecino 0
Resultado 15
58801.1
Yo soy: 
89 1 27 20 -11 33 25 39 18 67 50 84 99 97 -8 90 36 59 El mejor fue: 0
89 1 27 20 -11 33 25 39 18 57 50 84 99 97 -8 90 36 59 Generación 96
arranca 
Jugando Partidos contra vecino 0
Resultado 15
62639.4
Yo soy: 
89 1 27 20 -11 33 25 39 18 57 50 84 99 97 -8 90 36 59 El mejor fue: 0
89 -9 27 20 -11 33 25 39 18 57 50 84 99 97 -8 90 36 59 Generación 95
arranca 
Jugando Partidos contra vecino 0
Resultado 15
60689.6
Yo soy: 
89 -9 27 20 -11 33 25 39 18 57 50 84 99 97 -8 90 36 59 El mejor fue: 0
89 -9 27 10 -11 33 25 39 18 57 50 84 99 97 -8 90 36 59 Generación 94
arranca 
Jugando Partidos contra vecino 0
Resultado 15
51146.4
Yo soy: 
89 -9 27 10 -11 33 25 39 18 57 50 84 99 97 -8 90 36 59 El mejor fue: 0
89 -9 27 10 -11 33 25 39 18 57 50 84 89 97 -8 90 36 59 Generación 93
arranca 
Jugando Partidos contra vecino 0
Resultado 13
48255.7
Yo soy: 
89 -9 27 10 -11 33 25 39 18 57 50 84 89 97 -8 90 36 59 El mejor fue: 0
89 -9 27 10 -11 33 25 39 18 57 50 84 89 97 -18 90 36 59 Generación 92
arranca 
Jugando Partidos contra vecino 0
Resultado 15
61047
Yo soy: 
89 -9 27 10 -11 33 25 39 18 57 50 84 89 97 -18 90 36 59 El mejor fue: 0
79 -9 27 10 -11 33 25 39 18 57 50 84 89 97 -18 90 36 59 Generación 91
arranca 
Jugando Partidos contra vecino 0
Resultado 13
54436.1
Yo soy: 
79 -9 27 10 -11 33 25 39 18 57 50 84 89 97 -18 90 36 59 El mejor fue: 0
89 -9 27 10 -11 33 25 39 18 57 50 84 89 97 -18 90 36 59 Generación 90
arranca 
Jugando Partidos contra vecino 0
Resultado 15
64450.9
Yo soy: 
89 -9 27 10 -11 33 25 39 18 57 50 84 89 97 -18 90 36 59 El mejor fue: 0
89 1 27 10 -11 33 25 39 18 57 50 84 89 97 -18 90 36 59 Generación 89
arranca 
Jugando Partidos contra vecino 0
Resultado 13
57654.6
Yo soy: 
89 1 27 10 -11 33 25 39 18 57 50 84 89 97 -18 90 36 59 El mejor fue: 0
89 1 27 10 -21 33 25 39 18 57 50 84 89 97 -18 90 36 59 Generación 88
arranca 
Jugando Partidos contra vecino 0
Resultado 15
62676.4
Yo soy: 
89 1 27 10 -21 33 25 39 18 57 50 84 89 97 -18 90 36 59 El mejor fue: 0
89 1 27 10 -21 33 25 39 18 57 50 84 89 97 -18 90 26 59 Generación 87
arranca 
Jugando Partidos contra vecino 0
Resultado 13
47916
Yo soy: 
89 1 27 10 -21 33 25 39 18 57 50 84 89 97 -18 90 26 59 El mejor fue: 0
89 1 27 10 -21 33 25 39 18 57 50 84 79 97 -18 90 26 59 Generación 86
arranca 
Jugando Partidos contra vecino 0
Resultado 11
48559.6
Yo soy: 
89 1 27 10 -21 33 25 39 18 57 50 84 79 97 -18 90 26 59 El mejor fue: 0
89 1 27 10 -21 43 25 39 18 57 50 84 79 97 -18 90 26 59 Generación 85
arranca 
Jugando Partidos contra vecino 0
Resultado 11
43650.1
Yo soy: 
89 1 27 10 -21 43 25 39 18 57 50 84 79 97 -18 90 26 59 El mejor fue: 0
89 -9 27 10 -21 43 25 39 18 57 50 84 79 97 -18 90 26 59 Generación 84
arranca 
Jugando Partidos contra vecino 0
Resultado 15
58103.5
Yo soy: 
89 -9 27 10 -21 43 25 39 18 57 50 84 79 97 -18 90 26 59 El mejor fue: 0
89 -9 27 10 -21 43 25 39 8 57 50 84 79 97 -18 90 26 59 Generación 83
arranca 
Jugando Partidos contra vecino 0
Resultado 15
60510.4
Yo soy: 
89 -9 27 10 -21 43 25 39 8 57 50 84 79 97 -18 90 26 59 El mejor fue: 0
89 -9 27 10 -21 43 25 39 8 57 50 84 79 97 -18 90 16 59 Generación 82
arranca 
Jugando Partidos contra vecino 0
Resultado 13
50481.1
Yo soy: 
89 -9 27 10 -21 43 25 39 8 57 50 84 79 97 -18 90 16 59 El mejor fue: 0
89 -9 27 10 -21 43 25 39 8 57 50 84 79 77 -18 90 16 59 Generación 81
arranca 
Jugando Partidos contra vecino 0
Resultado 13
47672.9
Yo soy: 
89 -9 27 10 -21 43 25 39 8 57 50 84 79 77 -18 90 16 59 El mejor fue: 0
89 -9 27 10 -31 43 25 39 8 57 50 84 79 77 -18 90 16 59 Generación 80
arranca 
Jugando Partidos contra vecino 0
Resultado 15
64806.6
Yo soy: 
89 -9 27 10 -31 43 25 39 8 57 50 84 79 77 -18 90 16 59 El mejor fue: 0
89 -9 27 10 -31 43 25 39 8 57 50 84 79 77 -18 90 26 59 Generación 79
arranca 
Jugando Partidos contra vecino 0
Resultado 13
57703.5
Yo soy: 
89 -9 27 10 -31 43 25 39 8 57 50 84 79 77 -18 90 26 59 El mejor fue: 0
89 -9 27 10 -31 43 25 39 8 57 50 84 89 77 -18 90 26 59 Generación 78
arranca 
Jugando Partidos contra vecino 0
Resultado 15
62198.3
Yo soy: 
89 -9 27 10 -31 43 25 39 8 57 50 84 89 77 -18 90 26 59 El mejor fue: 0
89 -9 27 10 -31 43 25 39 8 57 50 84 99 77 -18 90 26 59 Generación 77
arranca 
Jugando Partidos contra vecino 0
Resultado 13
59727.4
Yo soy: 
89 -9 27 10 -31 43 25 39 8 57 50 84 99 77 -18 90 26 59 El mejor fue: 0
89 -9 27 10 -31 43 25 39 8 57 50 84 99 67 -18 90 26 59 Generación 76
arranca 
Jugando Partidos contra vecino 0
Resultado 15
63803.6
Yo soy: 
89 -9 27 10 -31 43 25 39 8 57 50 84 99 67 -18 90 26 59 El mejor fue: 0
89 -9 27 10 -31 43 25 39 8 57 50 84 99 77 -18 90 26 59 Generación 75
arranca 
Jugando Partidos contra vecino 0
Resultado 15
58468.4
Yo soy: 
89 -9 27 10 -31 43 25 39 8 57 50 84 99 77 -18 90 26 59 El mejor fue: 0
89 -9 27 10 -31 43 25 39 8 57 50 84 99 77 -18 90 16 59 Generación 74
arranca 
Jugando Partidos contra vecino 0
Resultado 4
19611.7
Jugando Partidos contra vecino 1
Resultado 15
65673.8
Yo soy: 
89 -9 27 10 -31 43 25 39 8 57 50 84 99 77 -18 90 16 59 El mejor fue: 1
89 -9 27 10 -31 43 25 49 8 57 50 84 99 77 -18 90 16 59 Generación 73
arranca 
Jugando Partidos contra vecino 0
Resultado 15
61948.5
Yo soy: 
89 -9 27 10 -31 43 25 49 8 57 50 84 99 77 -18 90 16 59 El mejor fue: 0
89 -9 27 10 -31 43 35 49 8 57 50 84 99 77 -18 90 16 59 Generación 72
arranca 
Jugando Partidos contra vecino 0
Resultado 13
54116.5
Yo soy: 
89 -9 27 10 -31 43 35 49 8 57 50 84 99 77 -18 90 16 59 El mejor fue: 0
89 -9 27 10 -31 43 35 49 8 57 60 84 99 77 -18 90 16 59 Generación 71
arranca 
Jugando Partidos contra vecino 0
Resultado 13
54310.2
Yo soy: 
89 -9 27 10 -31 43 35 49 8 57 60 84 99 77 -18 90 16 59 El mejor fue: 0
89 -9 27 10 -21 43 35 49 8 57 60 84 99 77 -18 90 16 59 Generación 70
arranca 
Jugando Partidos contra vecino 0
Resultado 15
60077
Yo soy: 
89 -9 27 10 -21 43 35 49 8 57 60 84 99 77 -18 90 16 59 El mejor fue: 0
89 -9 27 10 -21 43 35 49 8 57 60 74 99 77 -18 90 16 59 Generación 69
arranca 
Jugando Partidos contra vecino 0
Resultado 15
62690.3
Yo soy: 
89 -9 27 10 -21 43 35 49 8 57 60 74 99 77 -18 90 16 59 El mejor fue: 0
89 -9 27 10 -21 43 35 49 8 57 60 74 89 77 -18 90 16 59 Generación 68
arranca 
Jugando Partidos contra vecino 0
Resultado 15
58112
Yo soy: 
89 -9 27 10 -21 43 35 49 8 57 60 74 89 77 -18 90 16 59 El mejor fue: 0
89 -19 27 10 -21 43 35 49 8 57 60 74 89 77 -18 90 16 59 Generación 67
arranca 
Jugando Partidos contra vecino 0
Resultado 15
65441.7
Yo soy: 
89 -19 27 10 -21 43 35 49 8 57 60 74 89 77 -18 90 16 59 El mejor fue: 0
89 -29 27 10 -21 43 35 49 8 57 60 74 89 77 -18 90 16 59 Generación 66
arranca 
Jugando Partidos contra vecino 0
Resultado 15
65075
Yo soy: 
89 -29 27 10 -21 43 35 49 8 57 60 74 89 77 -18 90 16 59 El mejor fue: 0
89 -29 27 10 -21 43 35 49 8 57 60 74 89 77 -28 90 16 59 Generación 65
arranca 
Jugando Partidos contra vecino 0
Resultado 4
18849
Jugando Partidos contra vecino 1
Resultado 13
52809.7
Yo soy: 
89 -29 27 10 -21 43 35 49 8 57 60 74 89 77 -28 90 16 59 El mejor fue: 1
89 -29 27 10 -31 43 35 49 8 57 60 74 89 77 -28 90 16 59 Generación 64
arranca 
Jugando Partidos contra vecino 0
Resultado 15
63692.5
Yo soy: 
89 -29 27 10 -31 43 35 49 8 57 60 74 89 77 -28 90 16 59 El mejor fue: 0
89 -29 27 10 -31 43 35 49 8 57 60 84 89 77 -28 90 16 59 Generación 63
arranca 
Jugando Partidos contra vecino 0
Resultado 15
56363.4
Yo soy: 
89 -29 27 10 -31 43 35 49 8 57 60 84 89 77 -28 90 16 59 El mejor fue: 0
89 -29 27 10 -31 43 35 49 8 67 60 84 89 77 -28 90 16 59 Generación 62
arranca 
Jugando Partidos contra vecino 0
Resultado 15
59303.9
Yo soy: 
89 -29 27 10 -31 43 35 49 8 67 60 84 89 77 -28 90 16 59 El mejor fue: 0
89 -29 27 10 -31 43 35 49 8 67 70 84 89 77 -28 90 16 59 Generación 61
arranca 
Jugando Partidos contra vecino 0
Resultado 15
57682.6
Yo soy: 
89 -29 27 10 -31 43 35 49 8 67 70 84 89 77 -28 90 16 59 El mejor fue: 0
89 -29 27 10 -31 43 35 49 -2 67 70 84 89 77 -28 90 16 59 Generación 60
arranca 
Jugando Partidos contra vecino 0
Resultado 15
62476.3
Yo soy: 
89 -29 27 10 -31 43 35 49 -2 67 70 84 89 77 -28 90 16 59 El mejor fue: 0
89 -29 27 10 -31 43 35 49 -2 67 70 84 89 87 -28 90 16 59 Generación 59
arranca 
Jugando Partidos contra vecino 0
Resultado 15
58276.4
Yo soy: 
89 -29 27 10 -31 43 35 49 -2 67 70 84 89 87 -28 90 16 59 El mejor fue: 0
89 -29 27 10 -31 43 35 49 -2 77 70 84 89 87 -28 90 16 59 Generación 58
arranca 
Jugando Partidos contra vecino 0
Resultado 15
59506.5
Yo soy: 
89 -29 27 10 -31 43 35 49 -2 77 70 84 89 87 -28 90 16 59 El mejor fue: 0
89 -29 27 10 -31 43 35 49 8 77 70 84 89 87 -28 90 16 59 Generación 57
arranca 
Jugando Partidos contra vecino 0
Resultado 15
58425.2
Yo soy: 
89 -29 27 10 -31 43 35 49 8 77 70 84 89 87 -28 90 16 59 El mejor fue: 0
89 -29 27 10 -31 43 35 49 8 77 70 94 89 87 -28 90 16 59 Generación 56
arranca 
Jugando Partidos contra vecino 0
Resultado 4
19976.5
Jugando Partidos contra vecino 1
Resultado 13
47521.9
Yo soy: 
89 -29 27 10 -31 43 35 49 8 77 70 94 89 87 -28 90 16 59 El mejor fue: 1
89 -29 27 10 -31 43 35 49 -2 77 70 94 89 87 -28 90 16 59 Generación 55
arranca 
Jugando Partidos contra vecino 0
Resultado 15
63401.6
Yo soy: 
89 -29 27 10 -31 43 35 49 -2 77 70 94 89 87 -28 90 16 59 El mejor fue: 0
89 -29 27 10 -31 43 35 39 -2 77 70 94 89 87 -28 90 16 59 Generación 54
arranca 
Jugando Partidos contra vecino 0
Resultado 3
19091.2
Jugando Partidos contra vecino 1
Resultado 13
47607.1
Yo soy: 
89 -29 27 10 -31 43 35 39 -2 77 70 94 89 87 -28 90 16 59 El mejor fue: 1
89 -29 27 10 -31 43 35 39 -2 77 70 94 89 87 -28 90 16 49 Generación 53
arranca 
Jugando Partidos contra vecino 0
Resultado 15
63776.4
Yo soy: 
89 -29 27 10 -31 43 35 39 -2 77 70 94 89 87 -28 90 16 49 El mejor fue: 0
89 -29 27 10 -31 43 45 39 -2 77 70 94 89 87 -28 90 16 49 Generación 52
arranca 
Jugando Partidos contra vecino 0
Resultado 15
62805.2
Yo soy: 
89 -29 27 10 -31 43 45 39 -2 77 70 94 89 87 -28 90 16 49 El mejor fue: 0
89 -29 27 10 -31 43 45 39 -2 77 70 94 79 87 -28 90 16 49 Generación 51
arranca 
Jugando Partidos contra vecino 0
Resultado 15
62380.2
Yo soy: 
89 -29 27 10 -31 43 45 39 -2 77 70 94 79 87 -28 90 16 49 El mejor fue: 0
89 -29 27 10 -31 43 45 39 -2 77 70 94 89 87 -28 90 16 49 Generación 50
arranca 
Jugando Partidos contra vecino 0
Resultado 15
61538.4
Yo soy: 
89 -29 27 10 -31 43 45 39 -2 77 70 94 89 87 -28 90 16 49 El mejor fue: 0
89 -29 27 20 -31 43 45 39 -2 77 70 94 89 87 -28 90 16 49 Generación 49
arranca 
Jugando Partidos contra vecino 0
Resultado 15
57643.8
Yo soy: 
89 -29 27 20 -31 43 45 39 -2 77 70 94 89 87 -28 90 16 49 El mejor fue: 0
89 -29 37 20 -31 43 45 39 -2 77 70 94 89 87 -28 90 16 49 Generación 48
arranca 
Jugando Partidos contra vecino 0
Resultado 15
59537.6
Yo soy: 
89 -29 37 20 -31 43 45 39 -2 77 70 94 89 87 -28 90 16 49 El mejor fue: 0
89 -29 37 20 -31 43 45 49 -2 77 70 94 89 87 -28 90 16 49 Generación 47
arranca 
Jugando Partidos contra vecino 0
Resultado 15
60480.9
Yo soy: 
89 -29 37 20 -31 43 45 49 -2 77 70 94 89 87 -28 90 16 49 El mejor fue: 0
89 -29 37 20 -31 43 45 49 -2 77 70 94 89 87 -28 90 16 39 Generación 46
arranca 
Jugando Partidos contra vecino 0
Resultado 15
55781.5
Yo soy: 
89 -29 37 20 -31 43 45 49 -2 77 70 94 89 87 -28 90 16 39 El mejor fue: 0
89 -29 37 20 -31 43 45 49 -2 77 70 94 89 77 -28 90 16 39 Generación 45
arranca 
Jugando Partidos contra vecino 0
Resultado 13
47303.8
Yo soy: 
89 -29 37 20 -31 43 45 49 -2 77 70 94 89 77 -28 90 16 39 El mejor fue: 0
89 -29 37 20 -31 43 45 49 -2 67 70 94 89 77 -28 90 16 39 Generación 44
arranca 
Jugando Partidos contra vecino 0
Resultado 15
63562.4
Yo soy: 
89 -29 37 20 -31 43 45 49 -2 67 70 94 89 77 -28 90 16 39 El mejor fue: 0
89 -29 37 10 -31 43 45 49 -2 67 70 94 89 77 -28 90 16 39 Generación 43
arranca 
Jugando Partidos contra vecino 0
Resultado 13
54196.5
Yo soy: 
89 -29 37 10 -31 43 45 49 -2 67 70 94 89 77 -28 90 16 39 El mejor fue: 0
89 -29 37 10 -41 43 45 49 -2 67 70 94 89 77 -28 90 16 39 Generación 42
arranca 
Jugando Partidos contra vecino 0
Resultado 15
65454.2
Yo soy: 
89 -29 37 10 -41 43 45 49 -2 67 70 94 89 77 -28 90 16 39 El mejor fue: 0
89 -29 37 10 -41 43 45 39 -2 67 70 94 89 77 -28 90 16 39 Generación 41
arranca 
Jugando Partidos contra vecino 0
Resultado 13
54615.2
Yo soy: 
89 -29 37 10 -41 43 45 39 -2 67 70 94 89 77 -28 90 16 39 El mejor fue: 0
89 -29 37 10 -41 43 45 39 -2 67 70 94 99 77 -28 90 16 39 Generación 40
arranca 
Jugando Partidos contra vecino 0
Resultado 5
20224.3
Jugando Partidos contra vecino 1
Resultado 15
61330.3
Yo soy: 
89 -29 37 10 -41 43 45 39 -2 67 70 94 99 77 -28 90 16 39 El mejor fue: 1
89 -29 37 10 -41 53 45 39 -2 67 70 94 99 77 -28 90 16 39 Generación 39
arranca 
Jugando Partidos contra vecino 0
Resultado 11
47557.5
Yo soy: 
89 -29 37 10 -41 53 45 39 -2 67 70 94 99 77 -28 90 16 39 El mejor fue: 0
89 -29 37 10 -41 53 45 39 -2 67 70 94 99 77 -28 90 26 39 Generación 38
arranca 
Jugando Partidos contra vecino 0
Resultado 15
61087
Yo soy: 
89 -29 37 10 -41 53 45 39 -2 67 70 94 99 77 -28 90 26 39 El mejor fue: 0
89 -29 37 10 -41 53 45 39 -2 67 70 84 99 77 -28 90 26 39 Generación 37
arranca 
Jugando Partidos contra vecino 0
Resultado 15
62449.8
Yo soy: 
89 -29 37 10 -41 53 45 39 -2 67 70 84 99 77 -28 90 26 39 El mejor fue: 0
99 -29 37 10 -41 53 45 39 -2 67 70 84 99 77 -28 90 26 39 Generación 36
arranca 
Jugando Partidos contra vecino 0
Resultado 12
38525
Yo soy: 
99 -29 37 10 -41 53 45 39 -2 67 70 84 99 77 -28 90 26 39 El mejor fue: 0
99 -29 37 10 -51 53 45 39 -2 67 70 84 99 77 -28 90 26 39 Generación 35
arranca 
Jugando Partidos contra vecino 0
Resultado 15
51794.6
Yo soy: 
99 -29 37 10 -51 53 45 39 -2 67 70 84 99 77 -28 90 26 39 El mejor fue: 0
99 -29 37 10 -51 53 45 39 -2 67 70 84 99 77 -28 90 16 39 Generación 34
arranca 
Jugando Partidos contra vecino 0
Resultado 15
55441.2
Yo soy: 
99 -29 37 10 -51 53 45 39 -2 67 70 84 99 77 -28 90 16 39 El mejor fue: 0
99 -29 37 10 -51 53 45 39 -2 67 60 84 99 77 -28 90 16 39 Generación 33
arranca 
Jugando Partidos contra vecino 0
Resultado 15
61667.9
Yo soy: 
99 -29 37 10 -51 53 45 39 -2 67 60 84 99 77 -28 90 16 39 El mejor fue: 0
99 -29 37 10 -51 53 45 39 -2 67 60 84 99 67 -28 90 16 39 Generación 32
arranca 
Jugando Partidos contra vecino 0
Resultado 15
60309.1
Yo soy: 
99 -29 37 10 -51 53 45 39 -2 67 60 84 99 67 -28 90 16 39 El mejor fue: 0
99 -39 37 10 -51 53 45 39 -2 67 60 84 99 67 -28 90 16 39 Generación 31
arranca 
Jugando Partidos contra vecino 0
Resultado 13
47240.5
Yo soy: 
99 -39 37 10 -51 53 45 39 -2 67 60 84 99 67 -28 90 16 39 El mejor fue: 0
99 -39 37 10 -51 53 45 49 -2 67 60 84 99 67 -28 90 16 39 Generación 30
arranca 
Jugando Partidos contra vecino 0
Resultado 15
61649.7
Yo soy: 
99 -39 37 10 -51 53 45 49 -2 67 60 84 99 67 -28 90 16 39 El mejor fue: 0
99 -39 37 10 -51 53 45 49 -2 67 60 84 99 67 -28 90 26 39 Generación 29
arranca 
Jugando Partidos contra vecino 0
Resultado 15
51748.9
Yo soy: 
99 -39 37 10 -51 53 45 49 -2 67 60 84 99 67 -28 90 26 39 El mejor fue: 0
99 -39 37 10 -61 53 45 49 -2 67 60 84 99 67 -28 90 26 39 Generación 28
arranca 
Jugando Partidos contra vecino 0
Resultado 15
53875.4
Yo soy: 
99 -39 37 10 -61 53 45 49 -2 67 60 84 99 67 -28 90 26 39 El mejor fue: 0
99 -39 37 10 -61 53 45 49 -2 67 60 84 99 67 -28 90 26 49 Generación 27
arranca 
Jugando Partidos contra vecino 0
Resultado 15
57937.7
Yo soy: 
99 -39 37 10 -61 53 45 49 -2 67 60 84 99 67 -28 90 26 49 El mejor fue: 0
99 -39 37 10 -61 53 45 49 -2 67 60 84 99 67 -28 90 26 39 Generación 26
arranca 
Jugando Partidos contra vecino 0
Resultado 15
53304.8
Yo soy: 
99 -39 37 10 -61 53 45 49 -2 67 60 84 99 67 -28 90 26 39 El mejor fue: 0
99 -39 37 10 -61 53 45 49 -2 67 70 84 99 67 -28 90 26 39 Generación 25
arranca 
Jugando Partidos contra vecino 0
Resultado 13
49273.9
Yo soy: 
99 -39 37 10 -61 53 45 49 -2 67 70 84 99 67 -28 90 26 39 El mejor fue: 0
99 -39 37 10 -61 53 45 39 -2 67 70 84 99 67 -28 90 26 39 Generación 24
arranca 
Jugando Partidos contra vecino 0
Resultado 15
60271.7
Yo soy: 
99 -39 37 10 -61 53 45 39 -2 67 70 84 99 67 -28 90 26 39 El mejor fue: 0
99 -39 37 10 -61 53 45 39 -2 77 70 84 99 67 -28 90 26 39 Generación 23
arranca 
Jugando Partidos contra vecino 0
Resultado 15
61101.2
Yo soy: 
99 -39 37 10 -61 53 45 39 -2 77 70 84 99 67 -28 90 26 39 El mejor fue: 0
99 -39 37 10 -61 53 45 39 -2 77 70 84 99 67 -18 90 26 39 Generación 22
arranca 
Jugando Partidos contra vecino 0
Resultado 15
54287.1
Yo soy: 
99 -39 37 10 -61 53 45 39 -2 77 70 84 99 67 -18 90 26 39 El mejor fue: 0
99 -29 37 10 -61 53 45 39 -2 77 70 84 99 67 -18 90 26 39 Generación 21
arranca 
Jugando Partidos contra vecino 0
Resultado 15
57416.9
Yo soy: 
99 -29 37 10 -61 53 45 39 -2 77 70 84 99 67 -18 90 26 39 El mejor fue: 0
99 -29 37 10 -61 53 45 39 -2 77 80 84 99 67 -18 90 26 39 Generación 20
arranca 
Jugando Partidos contra vecino 0
Resultado 4
20306.7
Jugando Partidos contra vecino 1
Resultado 15
57414.5
Yo soy: 
99 -29 37 10 -61 53 45 39 -2 77 80 84 99 67 -18 90 26 39 El mejor fue: 1
99 -29 37 10 -61 53 45 39 -2 77 80 84 89 67 -18 90 26 39 Generación 19
arranca 
Jugando Partidos contra vecino 0
Resultado 13
52692.3
Yo soy: 
99 -29 37 10 -61 53 45 39 -2 77 80 84 89 67 -18 90 26 39 El mejor fue: 0
99 -29 37 0 -61 53 45 39 -2 77 80 84 89 67 -18 90 26 39 Generación 18
arranca 
Jugando Partidos contra vecino 0
Resultado 15
52773.5
Yo soy: 
99 -29 37 0 -61 53 45 39 -2 77 80 84 89 67 -18 90 26 39 El mejor fue: 0
99 -29 37 0 -61 53 45 39 -2 77 70 84 89 67 -18 90 26 39 Generación 17
arranca 
Jugando Partidos contra vecino 0
Resultado 15
53302.5
Yo soy: 
99 -29 37 0 -61 53 45 39 -2 77 70 84 89 67 -18 90 26 39 El mejor fue: 0
99 -29 37 0 -61 53 45 39 -2 77 70 84 89 67 -18 90 16 39 Generación 16
arranca 
Jugando Partidos contra vecino 0
Resultado 15
54687
Yo soy: 
99 -29 37 0 -61 53 45 39 -2 77 70 84 89 67 -18 90 16 39 El mejor fue: 0
99 -29 27 0 -61 53 45 39 -2 77 70 84 89 67 -18 90 16 39 Generación 15
arranca 
Jugando Partidos contra vecino 0
Resultado 15
53202.4
Yo soy: 
99 -29 27 0 -61 53 45 39 -2 77 70 84 89 67 -18 90 16 39 El mejor fue: 0
99 -29 27 0 -61 53 45 39 -12 77 70 84 89 67 -18 90 16 39 Generación 14
arranca 
Jugando Partidos contra vecino 0
Resultado 15
53955.3
Yo soy: 
99 -29 27 0 -61 53 45 39 -12 77 70 84 89 67 -18 90 16 39 El mejor fue: 0
99 -29 17 0 -61 53 45 39 -12 77 70 84 89 67 -18 90 16 39 Generación 13
arranca 
Jugando Partidos contra vecino 0
Resultado 15
45683.5
Yo soy: 
99 -29 17 0 -61 53 45 39 -12 77 70 84 89 67 -18 90 16 39 El mejor fue: 0
99 -29 17 0 -71 53 45 39 -12 77 70 84 89 67 -18 90 16 39 Generación 12
arranca 
Jugando Partidos contra vecino 0
Resultado 15
52405
Yo soy: 
99 -29 17 0 -71 53 45 39 -12 77 70 84 89 67 -18 90 16 39 El mejor fue: 0
99 -29 17 0 -71 53 45 39 -12 77 70 84 89 57 -18 90 16 39 Generación 11
arranca 
Jugando Partidos contra vecino 0
Resultado 15
53758.9
Yo soy: 
99 -29 17 0 -71 53 45 39 -12 77 70 84 89 57 -18 90 16 39 El mejor fue: 0
99 -29 17 0 -71 53 45 39 -12 67 70 84 89 57 -18 90 16 39 Generación 10
arranca 
Jugando Partidos contra vecino 0
Resultado 12
47869.5
Yo soy: 
99 -29 17 0 -71 53 45 39 -12 67 70 84 89 57 -18 90 16 39 El mejor fue: 0
99 -29 17 0 -71 53 45 39 -12 67 70 74 89 57 -18 90 16 39 Generación 9
arranca 
Jugando Partidos contra vecino 0
Resultado 13
46043.7
Yo soy: 
99 -29 17 0 -71 53 45 39 -12 67 70 74 89 57 -18 90 16 39 El mejor fue: 0
99 -29 17 0 -71 53 45 39 -12 67 70 74 79 57 -18 90 16 39 Generación 8
arranca 
Jugando Partidos contra vecino 0
Resultado 15
54328.6
Yo soy: 
99 -29 17 0 -71 53 45 39 -12 67 70 74 79 57 -18 90 16 39 El mejor fue: 0
99 -29 17 0 -71 53 45 39 -12 67 70 74 79 57 -18 90 6 39 Generación 7
arranca 
Jugando Partidos contra vecino 0
Resultado 15
50073
Yo soy: 
99 -29 17 0 -71 53 45 39 -12 67 70 74 79 57 -18 90 6 39 El mejor fue: 0
99 -29 17 10 -71 53 45 39 -12 67 70 74 79 57 -18 90 6 39 Generación 6
arranca 
Jugando Partidos contra vecino 0
Resultado 15
58014.1
Yo soy: 
99 -29 17 10 -71 53 45 39 -12 67 70 74 79 57 -18 90 6 39 El mejor fue: 0
99 -29 17 10 -71 53 45 39 -12 67 60 74 79 57 -18 90 6 39 Generación 5
arranca 
Jugando Partidos contra vecino 0
Resultado 5
17900.8
Jugando Partidos contra vecino 1
Resultado 13
44437.2
Yo soy: 
99 -29 17 10 -71 53 45 39 -12 67 60 74 79 57 -18 90 6 39 El mejor fue: 1
99 -29 17 10 -71 53 45 39 -12 67 60 74 79 57 -8 90 6 39 Generación 4
arranca 
Jugando Partidos contra vecino 0
Resultado 15
52805.1
Yo soy: 
99 -29 17 10 -71 53 45 39 -12 67 60 74 79 57 -8 90 6 39 El mejor fue: 0
99 -29 17 10 -71 53 45 39 -12 67 50 74 79 57 -8 90 6 39 Generación 3
arranca 
Jugando Partidos contra vecino 0
Resultado 13
54036.4
Yo soy: 
99 -29 17 10 -71 53 45 39 -12 67 50 74 79 57 -8 90 6 39 El mejor fue: 0
99 -29 17 10 -71 53 45 39 -12 67 60 74 79 57 -8 90 6 39 Generación 2
arranca 
Jugando Partidos contra vecino 0
Resultado 15
56669
Yo soy: 
99 -29 17 10 -71 53 45 39 -12 67 60 74 79 57 -8 90 6 39 El mejor fue: 0
99 -29 17 10 -71 53 45 39 -12 67 60 64 79 57 -8 90 6 39 Generación 1
arranca 
Jugando Partidos contra vecino 0
Resultado 4
20218.7
Jugando Partidos contra vecino 1
Resultado 15
61024.9
Yo soy: 
99 -29 17 10 -71 53 45 39 -12 67 60 64 79 57 -8 90 6 39 El mejor fue: 1
99 -29 17 10 -71 53 45 39 -12 67 60 64 79 57 -8 90 16 39 Generación 0
1.17643e+07
