arranca 
Jugando Partidos contra vecino 0
Resultado 4
20112.2
Jugando Partidos contra vecino 1
Resultado 7
24277.7
Jugando Partidos contra vecino 2
Resultado 7
27720.2
Jugando Partidos contra vecino 3
Resultado 5
24386.5
Jugando Partidos contra vecino 4
Resultado 4
19950.5
Jugando Partidos contra vecino 5
Resultado 10
40395.7
Yo soy: 
98 17 22 73 43 58 6 63 71 20 66 67 58 10 42 El mejor fue: 5
98 17 22 73 43 58 6 63 91 20 66 67 58 10 42 Generación 19
arranca 
Jugando Partidos contra vecino 0
Resultado 5
34278.8
Jugando Partidos contra vecino 1
Resultado 4
18120.7
Jugando Partidos contra vecino 2
Resultado 5
34368.7
Jugando Partidos contra vecino 3
Resultado 3
20245.6
Jugando Partidos contra vecino 4
Resultado 7
30895.2
Jugando Partidos contra vecino 5
Resultado 4
41000.9
Jugando Partidos contra vecino 6
Resultado 5
55477.7
Jugando Partidos contra vecino 7
Resultado 9
28650.7
Jugando Partidos contra vecino 8
Resultado 10
43857.4
Yo soy: 
98 17 22 73 43 58 6 63 91 20 66 67 58 10 42 El mejor fue: 8
98 17 22 73 43 58 6 43 91 20 66 67 58 10 42 Generación 18
arranca 
Jugando Partidos contra vecino 0
Resultado 10
20448.5
Yo soy: 
98 17 22 73 43 58 6 43 91 20 66 67 58 10 42 El mejor fue: 0
58 17 22 73 43 58 6 43 91 20 66 67 58 10 42 Generación 17
arranca 
Jugando Partidos contra vecino 0
Resultado 6
29416.7
Jugando Partidos contra vecino 1
Resultado 7
23952.3
Jugando Partidos contra vecino 2
Resultado 7
33233
Jugando Partidos contra vecino 3
Resultado 7
27455
Jugando Partidos contra vecino 4
Resultado 4
20577
Jugando Partidos contra vecino 5
Resultado 5
36644.7
Jugando Partidos contra vecino 6
Resultado 4
32045.5
Jugando Partidos contra vecino 7
Resultado 5
16630.4
Jugando Partidos contra vecino 8
Resultado 9
29472.2
Jugando Partidos contra vecino 9
Resultado 5
30568.8
Jugando Partidos contra vecino 10
Resultado 5
41169.4
Jugando Partidos contra vecino 11
Resultado 6
28999.8
Jugando Partidos contra vecino 12
Resultado 5
35133.6
Jugando Partidos contra vecino 13
Resultado 4
28324.6
Jugando Partidos contra vecino 14
Resultado 5
35909.3
Jugando Partidos contra vecino 15
Resultado 5
39809.6
Jugando Partidos contra vecino 16
Resultado 6
27997
Jugando Partidos contra vecino 17
Resultado 5
31270.6
Jugando Partidos contra vecino 18
Resultado 5
29049.1
Jugando Partidos contra vecino 19
Resultado 5
31747.1
Jugando Partidos contra vecino 20
Resultado 7
32297.5
Jugando Partidos contra vecino 21
Resultado 5
36279.9
Jugando Partidos contra vecino 22
Resultado 5
32173.4
Jugando Partidos contra vecino 23
Resultado 7
32285.4
Jugando Partidos contra vecino 24
Resultado 5
34603.2
Jugando Partidos contra vecino 25
Resultado 7
32281.7
Jugando Partidos contra vecino 26
Resultado 7
42512
Jugando Partidos contra vecino 27
Resultado 7
32622.5
Jugando Partidos contra vecino 28
Resultado 9
24129.6
Jugando Partidos contra vecino 29
Resultado 5
20460.8
1.41324e+06
arranca 
Jugando Partidos contra vecino 0
Resultado 5
64968
Jugando Partidos contra vecino 1
Resultado 4
44124
Jugando Partidos contra vecino 2
Resultado 5
49687
Jugando Partidos contra vecino 3
Resultado 5
52436.1
Jugando Partidos contra vecino 4
Resultado 4
54664.3
Jugando Partidos contra vecino 5
Resultado 5
55492.2
Jugando Partidos contra vecino 6
Resultado 5
58386.3
Jugando Partidos contra vecino 7
Resultado 5
72145.5
Jugando Partidos contra vecino 8
Resultado 5
54684.3
Jugando Partidos contra vecino 9
Resultado 5
73138.8
Jugando Partidos contra vecino 10
Resultado 5
54595.9
Jugando Partidos contra vecino 11
Resultado 5
59901.5
Jugando Partidos contra vecino 12
Resultado 5
49166.1
Jugando Partidos contra vecino 13
Resultado 5
65780.4
Jugando Partidos contra vecino 14
Resultado 5
66788.7
Jugando Partidos contra vecino 15
Resultado 5
44768.8
Jugando Partidos contra vecino 16
Resultado 5
54647.4
Jugando Partidos contra vecino 17
Resultado 5
43997.1
Jugando Partidos contra vecino 18
Resultado 5
57437.2
Jugando Partidos contra vecino 19
Resultado 4
45778.4
Jugando Partidos contra vecino 20
Resultado 4
60692.6
Jugando Partidos contra vecino 21
Resultado 5
68207.7
Jugando Partidos contra vecino 22
Resultado 4
31912.1
Jugando Partidos contra vecino 23
Resultado 5
58581.8
Jugando Partidos contra vecino 24
Resultado 5
59964.1
Jugando Partidos contra vecino 25
Resultado 5
72334.1
Jugando Partidos contra vecino 26
Resultado 4
47047.6
Jugando Partidos contra vecino 27
Resultado 4
50397.8
Jugando Partidos contra vecino 28
Resultado 5
57310.1
Jugando Partidos contra vecino 29
Resultado 5
61627.7
1.69066e+06
arranca 
Jugando Partidos contra vecino 0
Resultado 9
41179.2
Jugando Partidos contra vecino 1
Resultado 15
61424.1
Yo soy: 
6 65 2 36 67 92 46 93 71 2 29 79 74 14 7 El mejor fue: 1
6 65 2 36 67 92 46 93 71 2 29 99 74 14 7 Generación 19
arranca 
Jugando Partidos contra vecino 0
Resultado 9
38371.2
Jugando Partidos contra vecino 1
Resultado 11
50424.6
Yo soy: 
6 65 2 36 67 92 46 93 71 2 29 99 74 14 7 El mejor fue: 1
6 65 2 36 47 92 46 93 71 2 29 99 74 14 7 Generación 18
arranca 
Jugando Partidos contra vecino 0
Resultado 13
47376.1
Yo soy: 
6 65 2 36 47 92 46 93 71 2 29 99 74 14 7 El mejor fue: 0
6 65 2 36 47 92 46 73 71 2 29 99 74 14 7 Generación 17
arranca 
Jugando Partidos contra vecino 0
Resultado 11
47548.3
Yo soy: 
6 65 2 36 47 92 46 73 71 2 29 99 74 14 7 El mejor fue: 0
6 65 2 36 47 92 46 73 71 2 29 99 94 14 7 Generación 16
arranca 
Jugando Partidos contra vecino 0
Resultado 9
43151.5
Jugando Partidos contra vecino 1
Resultado 9
33619.9
Jugando Partidos contra vecino 2
Resultado 2
19597.6
Jugando Partidos contra vecino 3
Resultado 9
46376.5
Jugando Partidos contra vecino 4
Resultado 15
62324
Yo soy: 
6 65 2 36 47 92 46 73 71 2 29 99 94 14 7 El mejor fue: 4
6 65 2 36 47 92 46 73 71 22 29 99 94 14 7 Generación 15
arranca 
Jugando Partidos contra vecino 0
Resultado 9
36722.5
Jugando Partidos contra vecino 1
Resultado 13
56622.6
Yo soy: 
6 65 2 36 47 92 46 73 71 22 29 99 94 14 7 El mejor fue: 1
6 65 2 36 47 92 46 73 71 22 29 99 94 34 7 Generación 14
arranca 
Jugando Partidos contra vecino 0
Resultado 13
59911
Yo soy: 
6 65 2 36 47 92 46 73 71 22 29 99 94 34 7 El mejor fue: 0
6 65 2 36 47 92 46 73 71 22 29 99 94 14 7 Generación 13
arranca 
Jugando Partidos contra vecino 0
Resultado 10
44974.2
Yo soy: 
6 65 2 36 47 92 46 73 71 22 29 99 94 14 7 El mejor fue: 0
6 65 2 36 47 92 46 73 91 22 29 99 94 14 7 Generación 12
arranca 
Jugando Partidos contra vecino 0
Resultado 12
51429.4
Yo soy: 
6 65 2 36 47 92 46 73 91 22 29 99 94 14 7 El mejor fue: 0
6 65 22 36 47 92 46 73 91 22 29 99 94 14 7 Generación 11
arranca 
Jugando Partidos contra vecino 0
Resultado 5
27043.7
Jugando Partidos contra vecino 1
Resultado 8
35935
Jugando Partidos contra vecino 2
Resultado 4
31536.9
Jugando Partidos contra vecino 3
Resultado 9
40991.2
Jugando Partidos contra vecino 4
Resultado 11
42339.2
Yo soy: 
6 65 22 36 47 92 46 73 91 22 29 99 94 14 7 El mejor fue: 4
6 65 22 36 27 92 46 73 91 22 29 99 94 14 7 Generación 10
arranca 
Jugando Partidos contra vecino 0
Resultado 5
26201.1
Jugando Partidos contra vecino 1
Resultado 13
50674
Yo soy: 
6 65 22 36 27 92 46 73 91 22 29 99 94 14 7 El mejor fue: 1
6 65 22 56 27 92 46 73 91 22 29 99 94 14 7 Generación 9
arranca 
Jugando Partidos contra vecino 0
Resultado 13
52309.5
Yo soy: 
6 65 22 56 27 92 46 73 91 22 29 99 94 14 7 El mejor fue: 0
6 65 22 56 27 72 46 73 91 22 29 99 94 14 7 Generación 8
arranca 
Jugando Partidos contra vecino 0
Resultado 9
49447.1
Jugando Partidos contra vecino 1
Resultado 11
49776.9
Yo soy: 
6 65 22 56 27 72 46 73 91 22 29 99 94 14 7 El mejor fue: 1
6 45 22 56 27 72 46 73 91 22 29 99 94 14 7 Generación 7
arranca 
Jugando Partidos contra vecino 0
Resultado 15
61066.8
Yo soy: 
6 45 22 56 27 72 46 73 91 22 29 99 94 14 7 El mejor fue: 0
6 65 22 56 27 72 46 73 91 22 29 99 94 14 7 Generación 6
arranca 
Jugando Partidos contra vecino 0
Resultado 11
39739
Yo soy: 
6 65 22 56 27 72 46 73 91 22 29 99 94 14 7 El mejor fue: 0
6 65 22 56 27 92 46 73 91 22 29 99 94 14 7 Generación 5
arranca 
Jugando Partidos contra vecino 0
Resultado 9
38645.5
Jugando Partidos contra vecino 1
Resultado 5
35575.6
Jugando Partidos contra vecino 2
Resultado 11
46012.8
Yo soy: 
6 65 22 56 27 92 46 73 91 22 29 99 94 14 7 El mejor fue: 2
6 65 42 56 27 92 46 73 91 22 29 99 94 14 7 Generación 4
arranca 
Jugando Partidos contra vecino 0
Resultado 7
36170
Jugando Partidos contra vecino 1
Resultado 9
34202.8
Jugando Partidos contra vecino 2
Resultado 9
38927.9
Jugando Partidos contra vecino 3
Resultado 11
45089
Yo soy: 
6 65 42 56 27 92 46 73 91 22 29 99 94 14 7 El mejor fue: 3
26 65 42 56 27 92 46 73 91 22 29 99 94 14 7 Generación 3
arranca 
Jugando Partidos contra vecino 0
Resultado 9
37402.6
Jugando Partidos contra vecino 1
Resultado 11
28475
Yo soy: 
26 65 42 56 27 92 46 73 91 22 29 99 94 14 7 El mejor fue: 1
26 65 42 56 27 92 46 73 91 22 29 99 94 -6 7 Generación 2
arranca 
Jugando Partidos contra vecino 0
Resultado 15
59004.6
Yo soy: 
26 65 42 56 27 92 46 73 91 22 29 99 94 -6 7 El mejor fue: 0
26 65 42 56 27 92 46 73 91 22 49 99 94 -6 7 Generación 1
arranca 
Jugando Partidos contra vecino 0
Resultado 15
56958.8
Yo soy: 
26 65 42 56 27 92 46 73 91 22 49 99 94 -6 7 El mejor fue: 0
26 65 42 56 27 92 46 73 91 22 49 79 94 -6 7 Generación 0
1.70458e+06
