arranca 
Jugando Partidos contra vecino 0
Resultado 15
25435.2
Yo soy: 
3 92 86 33 56 36 57 91 74 15 9 97 84 17 15 El mejor fue: 0
3 92 86 33 56 36 57 91 79 15 9 97 84 17 15 Generación 99
arranca 
Jugando Partidos contra vecino 0
Resultado 13
23438.6
Yo soy: 
3 92 86 33 56 36 57 91 79 15 9 97 84 17 15 El mejor fue: 0
3 92 91 33 56 36 57 91 79 15 9 97 84 17 15 Generación 98
arranca 
Jugando Partidos contra vecino 0
Resultado 13
27922.6
Yo soy: 
3 92 91 33 56 36 57 91 79 15 9 97 84 17 15 El mejor fue: 0
3 92 91 28 56 36 57 91 79 15 9 97 84 17 15 Generación 97
arranca 
Jugando Partidos contra vecino 0
Resultado 15
21320.1
Yo soy: 
3 92 91 28 56 36 57 91 79 15 9 97 84 17 15 El mejor fue: 0
3 92 91 28 56 36 57 91 79 15 9 97 89 17 15 Generación 96
arranca 
Jugando Partidos contra vecino 0
Resultado 15
24491
Yo soy: 
3 92 91 28 56 36 57 91 79 15 9 97 89 17 15 El mejor fue: 0
3 92 91 28 51 36 57 91 79 15 9 97 89 17 15 Generación 95
arranca 
Jugando Partidos contra vecino 0
Resultado 15
21312.5
Yo soy: 
3 92 91 28 51 36 57 91 79 15 9 97 89 17 15 El mejor fue: 0
3 92 91 28 51 36 57 91 79 15 9 97 94 17 15 Generación 94
arranca 
Jugando Partidos contra vecino 0
Resultado 15
23280.5
Yo soy: 
3 92 91 28 51 36 57 91 79 15 9 97 94 17 15 El mejor fue: 0
3 92 91 28 51 36 57 91 79 15 9 97 99 17 15 Generación 93
arranca 
Jugando Partidos contra vecino 0
Resultado 15
21859.1
Yo soy: 
3 92 91 28 51 36 57 91 79 15 9 97 99 17 15 El mejor fue: 0
3 92 91 28 51 36 62 91 79 15 9 97 99 17 15 Generación 92
arranca 
Jugando Partidos contra vecino 0
Resultado 13
27524.3
Yo soy: 
3 92 91 28 51 36 62 91 79 15 9 97 99 17 15 El mejor fue: 0
3 92 91 28 51 36 62 91 79 15 4 97 99 17 15 Generación 91
arranca 
Jugando Partidos contra vecino 0
Resultado 13
28179.3
Yo soy: 
3 92 91 28 51 36 62 91 79 15 4 97 99 17 15 El mejor fue: 0
3 92 91 28 46 36 62 91 79 15 4 97 99 17 15 Generación 90
arranca 
Jugando Partidos contra vecino 0
Resultado 13
27746.2
Yo soy: 
3 92 91 28 46 36 62 91 79 15 4 97 99 17 15 El mejor fue: 0
3 92 91 33 46 36 62 91 79 15 4 97 99 17 15 Generación 89
arranca 
Jugando Partidos contra vecino 0
Resultado 13
28920.8
Yo soy: 
3 92 91 33 46 36 62 91 79 15 4 97 99 17 15 El mejor fue: 0
3 92 91 33 46 36 62 91 79 15 9 97 99 17 15 Generación 88
arranca 
Jugando Partidos contra vecino 0
Resultado 13
29855.8
Yo soy: 
3 92 91 33 46 36 62 91 79 15 9 97 99 17 15 El mejor fue: 0
3 92 91 33 46 36 62 91 84 15 9 97 99 17 15 Generación 87
arranca 
Jugando Partidos contra vecino 0
Resultado 15
25600.1
Yo soy: 
3 92 91 33 46 36 62 91 84 15 9 97 99 17 15 El mejor fue: 0
3 92 91 33 46 36 62 91 84 10 9 97 99 17 15 Generación 86
arranca 
Jugando Partidos contra vecino 0
Resultado 9
31511.2
Jugando Partidos contra vecino 1
Resultado 15
23223.7
Yo soy: 
3 92 91 33 46 36 62 91 84 10 9 97 99 17 15 El mejor fue: 1
-2 92 91 33 46 36 62 91 84 10 9 97 99 17 15 Generación 85
arranca 
Jugando Partidos contra vecino 0
Resultado 11
32190.4
Yo soy: 
-2 92 91 33 46 36 62 91 84 10 9 97 99 17 15 El mejor fue: 0
-2 97 91 33 46 36 62 91 84 10 9 97 99 17 15 Generación 84
arranca 
Jugando Partidos contra vecino 0
Resultado 15
20966.9
Yo soy: 
-2 97 91 33 46 36 62 91 84 10 9 97 99 17 15 El mejor fue: 0
-2 97 91 33 46 36 62 91 84 10 9 92 99 17 15 Generación 83
arranca 
Jugando Partidos contra vecino 0
Resultado 15
22696.1
Yo soy: 
-2 97 91 33 46 36 62 91 84 10 9 92 99 17 15 El mejor fue: 0
-2 97 91 33 46 36 62 86 84 10 9 92 99 17 15 Generación 82
arranca 
Jugando Partidos contra vecino 0
Resultado 15
22475.9
Yo soy: 
-2 97 91 33 46 36 62 86 84 10 9 92 99 17 15 El mejor fue: 0
-2 97 91 38 46 36 62 86 84 10 9 92 99 17 15 Generación 81
arranca 
Jugando Partidos contra vecino 0
Resultado 15
20557.5
Yo soy: 
-2 97 91 38 46 36 62 86 84 10 9 92 99 17 15 El mejor fue: 0
-2 97 91 38 41 36 62 86 84 10 9 92 99 17 15 Generación 80
arranca 
Jugando Partidos contra vecino 0
Resultado 15
25065.2
Yo soy: 
-2 97 91 38 41 36 62 86 84 10 9 92 99 17 15 El mejor fue: 0
-2 97 91 33 41 36 62 86 84 10 9 92 99 17 15 Generación 79
arranca 
Jugando Partidos contra vecino 0
Resultado 15
20793.3
Yo soy: 
-2 97 91 33 41 36 62 86 84 10 9 92 99 17 15 El mejor fue: 0
-2 97 86 33 41 36 62 86 84 10 9 92 99 17 15 Generación 78
arranca 
Jugando Partidos contra vecino 0
Resultado 15
20914.9
Yo soy: 
-2 97 86 33 41 36 62 86 84 10 9 92 99 17 15 El mejor fue: 0
-2 97 86 33 41 36 62 86 84 10 9 92 99 17 10 Generación 77
arranca 
Jugando Partidos contra vecino 0
Resultado 11
23402.8
Yo soy: 
-2 97 86 33 41 36 62 86 84 10 9 92 99 17 10 El mejor fue: 0
-2 97 86 38 41 36 62 86 84 10 9 92 99 17 10 Generación 76
arranca 
Jugando Partidos contra vecino 0
Resultado 4
14277.9
Jugando Partidos contra vecino 1
Resultado 13
25344.9
Yo soy: 
-2 97 86 38 41 36 62 86 84 10 9 92 99 17 10 El mejor fue: 1
-2 97 86 38 41 36 57 86 84 10 9 92 99 17 10 Generación 75
arranca 
Jugando Partidos contra vecino 0
Resultado 10
21173.3
Yo soy: 
-2 97 86 38 41 36 57 86 84 10 9 92 99 17 10 El mejor fue: 0
-2 97 86 38 41 36 57 86 84 15 9 92 99 17 10 Generación 74
arranca 
Jugando Partidos contra vecino 0
Resultado 13
25492.6
Yo soy: 
-2 97 86 38 41 36 57 86 84 15 9 92 99 17 10 El mejor fue: 0
-2 97 86 38 41 36 57 86 84 15 9 87 99 17 10 Generación 73
arranca 
Jugando Partidos contra vecino 0
Resultado 13
25681.2
Yo soy: 
-2 97 86 38 41 36 57 86 84 15 9 87 99 17 10 El mejor fue: 0
-2 97 86 38 36 36 57 86 84 15 9 87 99 17 10 Generación 72
arranca 
Jugando Partidos contra vecino 0
Resultado 15
23257.2
Yo soy: 
-2 97 86 38 36 36 57 86 84 15 9 87 99 17 10 El mejor fue: 0
-2 97 86 38 36 36 57 86 89 15 9 87 99 17 10 Generación 71
arranca 
Jugando Partidos contra vecino 0
Resultado 13
26610.9
Yo soy: 
-2 97 86 38 36 36 57 86 89 15 9 87 99 17 10 El mejor fue: 0
-2 97 91 38 36 36 57 86 89 15 9 87 99 17 10 Generación 70
arranca 
Jugando Partidos contra vecino 0
Resultado 15
22895.8
Yo soy: 
-2 97 91 38 36 36 57 86 89 15 9 87 99 17 10 El mejor fue: 0
-2 97 91 38 36 36 57 86 89 10 9 87 99 17 10 Generación 69
arranca 
Jugando Partidos contra vecino 0
Resultado 13
28889.4
Yo soy: 
-2 97 91 38 36 36 57 86 89 10 9 87 99 17 10 El mejor fue: 0
3 97 91 38 36 36 57 86 89 10 9 87 99 17 10 Generación 68
arranca 
Jugando Partidos contra vecino 0
Resultado 13
26657.2
Yo soy: 
3 97 91 38 36 36 57 86 89 10 9 87 99 17 10 El mejor fue: 0
3 97 91 38 41 36 57 86 89 10 9 87 99 17 10 Generación 67
arranca 
Jugando Partidos contra vecino 0
Resultado 13
25847.8
Yo soy: 
3 97 91 38 41 36 57 86 89 10 9 87 99 17 10 El mejor fue: 0
3 97 91 38 46 36 57 86 89 10 9 87 99 17 10 Generación 66
arranca 
Jugando Partidos contra vecino 0
Resultado 13
26157.8
Yo soy: 
3 97 91 38 46 36 57 86 89 10 9 87 99 17 10 El mejor fue: 0
3 97 96 38 46 36 57 86 89 10 9 87 99 17 10 Generación 65
arranca 
Jugando Partidos contra vecino 0
Resultado 15
22837.5
Yo soy: 
3 97 96 38 46 36 57 86 89 10 9 87 99 17 10 El mejor fue: 0
3 97 96 38 46 36 52 86 89 10 9 87 99 17 10 Generación 64
arranca 
Jugando Partidos contra vecino 0
Resultado 11
20481.4
Yo soy: 
3 97 96 38 46 36 52 86 89 10 9 87 99 17 10 El mejor fue: 0
3 97 96 38 46 41 52 86 89 10 9 87 99 17 10 Generación 63
arranca 
Jugando Partidos contra vecino 0
Resultado 13
26270.1
Yo soy: 
3 97 96 38 46 41 52 86 89 10 9 87 99 17 10 El mejor fue: 0
3 92 96 38 46 41 52 86 89 10 9 87 99 17 10 Generación 62
arranca 
Jugando Partidos contra vecino 0
Resultado 13
23138.8
Yo soy: 
3 92 96 38 46 41 52 86 89 10 9 87 99 17 10 El mejor fue: 0
3 92 96 38 51 41 52 86 89 10 9 87 99 17 10 Generación 61
arranca 
Jugando Partidos contra vecino 0
Resultado 13
26176.5
Yo soy: 
3 92 96 38 51 41 52 86 89 10 9 87 99 17 10 El mejor fue: 0
3 87 96 38 51 41 52 86 89 10 9 87 99 17 10 Generación 60
arranca 
Jugando Partidos contra vecino 0
Resultado 13
25216.2
Yo soy: 
3 87 96 38 51 41 52 86 89 10 9 87 99 17 10 El mejor fue: 0
3 87 96 38 51 41 52 86 89 10 9 87 99 17 15 Generación 59
arranca 
Jugando Partidos contra vecino 0
Resultado 15
21152.1
Yo soy: 
3 87 96 38 51 41 52 86 89 10 9 87 99 17 15 El mejor fue: 0
3 87 96 38 51 41 52 91 89 10 9 87 99 17 15 Generación 58
arranca 
Jugando Partidos contra vecino 0
Resultado 11
30169.9
Yo soy: 
3 87 96 38 51 41 52 91 89 10 9 87 99 17 15 El mejor fue: 0
3 87 96 38 51 41 52 91 89 10 9 87 99 17 10 Generación 57
arranca 
Jugando Partidos contra vecino 0
Resultado 11
28677.4
Yo soy: 
3 87 96 38 51 41 52 91 89 10 9 87 99 17 10 El mejor fue: 0
3 87 96 38 51 41 57 91 89 10 9 87 99 17 10 Generación 56
arranca 
Jugando Partidos contra vecino 0
Resultado 15
23490.1
Yo soy: 
3 87 96 38 51 41 57 91 89 10 9 87 99 17 10 El mejor fue: 0
3 87 96 38 51 41 62 91 89 10 9 87 99 17 10 Generación 55
arranca 
Jugando Partidos contra vecino 0
Resultado 12
22088.4
Yo soy: 
3 87 96 38 51 41 62 91 89 10 9 87 99 17 10 El mejor fue: 0
3 87 96 38 51 41 62 91 89 5 9 87 99 17 10 Generación 54
arranca 
Jugando Partidos contra vecino 0
Resultado 13
24609.7
Yo soy: 
3 87 96 38 51 41 62 91 89 5 9 87 99 17 10 El mejor fue: 0
3 87 96 33 51 41 62 91 89 5 9 87 99 17 10 Generación 53
arranca 
Jugando Partidos contra vecino 0
Resultado 15
23312.4
Yo soy: 
3 87 96 33 51 41 62 91 89 5 9 87 99 17 10 El mejor fue: 0
3 87 96 33 51 41 62 91 89 0 9 87 99 17 10 Generación 52
arranca 
Jugando Partidos contra vecino 0
Resultado 11
26341.5
Yo soy: 
3 87 96 33 51 41 62 91 89 0 9 87 99 17 10 El mejor fue: 0
3 87 91 33 51 41 62 91 89 0 9 87 99 17 10 Generación 51
arranca 
Jugando Partidos contra vecino 0
Resultado 11
26674
Yo soy: 
3 87 91 33 51 41 62 91 89 0 9 87 99 17 10 El mejor fue: 0
3 87 91 33 51 41 62 96 89 0 9 87 99 17 10 Generación 50
arranca 
Jugando Partidos contra vecino 0
Resultado 13
22369.6
Yo soy: 
3 87 91 33 51 41 62 96 89 0 9 87 99 17 10 El mejor fue: 0
3 87 91 33 51 41 62 96 89 0 9 92 99 17 10 Generación 49
arranca 
Jugando Partidos contra vecino 0
Resultado 15
22525.1
Yo soy: 
3 87 91 33 51 41 62 96 89 0 9 92 99 17 10 El mejor fue: 0
3 87 91 38 51 41 62 96 89 0 9 92 99 17 10 Generación 48
arranca 
Jugando Partidos contra vecino 0
Resultado 2
12630.1
Jugando Partidos contra vecino 1
Resultado 15
21790
Yo soy: 
3 87 91 38 51 41 62 96 89 0 9 92 99 17 10 El mejor fue: 1
3 87 91 38 51 41 62 96 89 0 9 97 99 17 10 Generación 47
arranca 
Jugando Partidos contra vecino 0
Resultado 13
20282.3
Yo soy: 
3 87 91 38 51 41 62 96 89 0 9 97 99 17 10 El mejor fue: 0
3 92 91 38 51 41 62 96 89 0 9 97 99 17 10 Generación 46
arranca 
Jugando Partidos contra vecino 0
Resultado 12
21171
Yo soy: 
3 92 91 38 51 41 62 96 89 0 9 97 99 17 10 El mejor fue: 0
3 92 91 38 51 36 62 96 89 0 9 97 99 17 10 Generación 45
arranca 
Jugando Partidos contra vecino 0
Resultado 10
25259.4
Yo soy: 
3 92 91 38 51 36 62 96 89 0 9 97 99 17 10 El mejor fue: 0
3 92 91 38 51 41 62 96 89 0 9 97 99 17 10 Generación 44
arranca 
Jugando Partidos contra vecino 0
Resultado 13
24176.8
Yo soy: 
3 92 91 38 51 41 62 96 89 0 9 97 99 17 10 El mejor fue: 0
3 92 91 38 51 41 62 96 89 0 9 87 99 17 10 Generación 43
arranca 
Jugando Partidos contra vecino 0
Resultado 12
21326.9
Yo soy: 
3 92 91 38 51 41 62 96 89 0 9 87 99 17 10 El mejor fue: 0
3 92 91 38 51 41 62 96 89 5 9 87 99 17 10 Generación 42
arranca 
Jugando Partidos contra vecino 0
Resultado 13
25615.7
Yo soy: 
3 92 91 38 51 41 62 96 89 5 9 87 99 17 10 El mejor fue: 0
3 92 91 38 56 41 62 96 89 5 9 87 99 17 10 Generación 41
arranca 
Jugando Partidos contra vecino 0
Resultado 15
23031.8
Yo soy: 
3 92 91 38 56 41 62 96 89 5 9 87 99 17 10 El mejor fue: 0
3 92 91 38 56 41 62 96 84 5 9 87 99 17 10 Generación 40
arranca 
Jugando Partidos contra vecino 0
Resultado 13
25703.5
Yo soy: 
3 92 91 38 56 41 62 96 84 5 9 87 99 17 10 El mejor fue: 0
3 92 91 38 56 41 57 96 84 5 9 87 99 17 10 Generación 39
arranca 
Jugando Partidos contra vecino 0
Resultado 15
22471
Yo soy: 
3 92 91 38 56 41 57 96 84 5 9 87 99 17 10 El mejor fue: 0
3 92 91 38 61 41 57 96 84 5 9 87 99 17 10 Generación 38
arranca 
Jugando Partidos contra vecino 0
Resultado 15
21882.7
Yo soy: 
3 92 91 38 61 41 57 96 84 5 9 87 99 17 10 El mejor fue: 0
8 92 91 38 61 41 57 96 84 5 9 87 99 17 10 Generación 37
arranca 
Jugando Partidos contra vecino 0
Resultado 13
24468.6
Yo soy: 
8 92 91 38 61 41 57 96 84 5 9 87 99 17 10 El mejor fue: 0
8 97 91 38 61 41 57 96 84 5 9 87 99 17 10 Generación 36
arranca 
Jugando Partidos contra vecino 0
Resultado 15
20540.4
Yo soy: 
8 97 91 38 61 41 57 96 84 5 9 87 99 17 10 El mejor fue: 0
8 97 91 38 61 41 57 96 84 0 9 87 99 17 10 Generación 35
arranca 
Jugando Partidos contra vecino 0
Resultado 11
31910
Yo soy: 
8 97 91 38 61 41 57 96 84 0 9 87 99 17 10 El mejor fue: 0
8 97 91 38 56 41 57 96 84 0 9 87 99 17 10 Generación 34
arranca 
Jugando Partidos contra vecino 0
Resultado 13
25256.6
Yo soy: 
8 97 91 38 56 41 57 96 84 0 9 87 99 17 10 El mejor fue: 0
8 97 91 38 56 41 57 96 84 5 9 87 99 17 10 Generación 33
arranca 
Jugando Partidos contra vecino 0
Resultado 11
23155.3
Yo soy: 
8 97 91 38 56 41 57 96 84 5 9 87 99 17 10 El mejor fue: 0
8 97 91 38 56 46 57 96 84 5 9 87 99 17 10 Generación 32
arranca 
Jugando Partidos contra vecino 0
Resultado 13
25569.5
Yo soy: 
8 97 91 38 56 46 57 96 84 5 9 87 99 17 10 El mejor fue: 0
8 97 91 38 56 46 52 96 84 5 9 87 99 17 10 Generación 31
arranca 
Jugando Partidos contra vecino 0
Resultado 15
21811.5
Yo soy: 
8 97 91 38 56 46 52 96 84 5 9 87 99 17 10 El mejor fue: 0
8 97 91 33 56 46 52 96 84 5 9 87 99 17 10 Generación 30
arranca 
Jugando Partidos contra vecino 0
Resultado 13
25583.6
Yo soy: 
8 97 91 33 56 46 52 96 84 5 9 87 99 17 10 El mejor fue: 0
8 97 96 33 56 46 52 96 84 5 9 87 99 17 10 Generación 29
arranca 
Jugando Partidos contra vecino 0
Resultado 13
24957.8
Yo soy: 
8 97 96 33 56 46 52 96 84 5 9 87 99 17 10 El mejor fue: 0
8 97 96 33 56 46 52 96 84 5 9 82 99 17 10 Generación 28
arranca 
Jugando Partidos contra vecino 0
Resultado 15
25744.4
Yo soy: 
8 97 96 33 56 46 52 96 84 5 9 82 99 17 10 El mejor fue: 0
8 97 96 33 56 46 52 96 84 5 9 82 99 17 15 Generación 27
arranca 
Jugando Partidos contra vecino 0
Resultado 13
25362.7
Yo soy: 
8 97 96 33 56 46 52 96 84 5 9 82 99 17 15 El mejor fue: 0
8 97 96 33 56 46 52 86 84 5 9 82 99 17 15 Generación 26
arranca 
Jugando Partidos contra vecino 0
Resultado 15
22897.9
Yo soy: 
8 97 96 33 56 46 52 86 84 5 9 82 99 17 15 El mejor fue: 0
8 92 96 33 56 46 52 86 84 5 9 82 99 17 15 Generación 25
arranca 
Jugando Partidos contra vecino 0
Resultado 11
23767.9
Yo soy: 
8 92 96 33 56 46 52 86 84 5 9 82 99 17 15 El mejor fue: 0
8 92 91 33 56 46 52 86 84 5 9 82 99 17 15 Generación 24
arranca 
Jugando Partidos contra vecino 0
Resultado 15
21235.6
Yo soy: 
8 92 91 33 56 46 52 86 84 5 9 82 99 17 15 El mejor fue: 0
8 92 91 28 56 46 52 86 84 5 9 82 99 17 15 Generación 23
arranca 
Jugando Partidos contra vecino 0
Resultado 11
30300
Yo soy: 
8 92 91 28 56 46 52 86 84 5 9 82 99 17 15 El mejor fue: 0
8 92 96 28 56 46 52 86 84 5 9 82 99 17 15 Generación 22
arranca 
Jugando Partidos contra vecino 0
Resultado 12
21639.2
Yo soy: 
8 92 96 28 56 46 52 86 84 5 9 82 99 17 15 El mejor fue: 0
8 92 96 28 56 46 52 86 84 5 9 82 99 12 15 Generación 21
arranca 
Jugando Partidos contra vecino 0
Resultado 15
27712.6
Yo soy: 
8 92 96 28 56 46 52 86 84 5 9 82 99 12 15 El mejor fue: 0
8 92 96 28 56 46 52 86 84 5 4 82 99 12 15 Generación 20
arranca 
Jugando Partidos contra vecino 0
Resultado 10
24664.1
Yo soy: 
8 92 96 28 56 46 52 86 84 5 4 82 99 12 15 El mejor fue: 0
8 92 96 28 56 46 52 86 84 5 4 82 99 12 20 Generación 19
arranca 
Jugando Partidos contra vecino 0
Resultado 11
29229.1
Yo soy: 
8 92 96 28 56 46 52 86 84 5 4 82 99 12 20 El mejor fue: 0
8 92 96 28 56 46 52 86 79 5 4 82 99 12 20 Generación 18
arranca 
Jugando Partidos contra vecino 0
Resultado 4
28487.5
Jugando Partidos contra vecino 1
Resultado 13
27764.4
Yo soy: 
8 92 96 28 56 46 52 86 79 5 4 82 99 12 20 El mejor fue: 1
8 87 96 28 56 46 52 86 79 5 4 82 99 12 20 Generación 17
arranca 
Jugando Partidos contra vecino 0
Resultado 13
25101.5
Yo soy: 
8 87 96 28 56 46 52 86 79 5 4 82 99 12 20 El mejor fue: 0
8 87 96 28 56 46 52 86 79 5 -1 82 99 12 20 Generación 16
arranca 
Jugando Partidos contra vecino 0
Resultado 13
29505
Yo soy: 
8 87 96 28 56 46 52 86 79 5 -1 82 99 12 20 El mejor fue: 0
8 87 96 28 56 51 52 86 79 5 -1 82 99 12 20 Generación 15
arranca 
Jugando Partidos contra vecino 0
Resultado 11
31580.2
Yo soy: 
8 87 96 28 56 51 52 86 79 5 -1 82 99 12 20 El mejor fue: 0
8 87 96 28 56 51 52 86 79 5 -1 87 99 12 20 Generación 14
arranca 
Jugando Partidos contra vecino 0
Resultado 3
22631.2
Jugando Partidos contra vecino 1
Resultado 15
28561.6
Yo soy: 
8 87 96 28 56 51 52 86 79 5 -1 87 99 12 20 El mejor fue: 1
8 87 96 28 56 51 52 86 84 5 -1 87 99 12 20 Generación 13
arranca 
Jugando Partidos contra vecino 0
Resultado 13
34183.4
Yo soy: 
8 87 96 28 56 51 52 86 84 5 -1 87 99 12 20 El mejor fue: 0
8 87 96 28 56 51 57 86 84 5 -1 87 99 12 20 Generación 12
arranca 
Jugando Partidos contra vecino 0
Resultado 11
35651.4
Yo soy: 
8 87 96 28 56 51 57 86 84 5 -1 87 99 12 20 El mejor fue: 0
8 87 96 28 56 51 57 86 84 5 -1 92 99 12 20 Generación 11
arranca 
Jugando Partidos contra vecino 0
Resultado 13
36458.3
Yo soy: 
8 87 96 28 56 51 57 86 84 5 -1 92 99 12 20 El mejor fue: 0
8 87 96 23 56 51 57 86 84 5 -1 92 99 12 20 Generación 10
arranca 
Jugando Partidos contra vecino 0
Resultado 13
40891.6
Yo soy: 
8 87 96 23 56 51 57 86 84 5 -1 92 99 12 20 El mejor fue: 0
8 87 96 23 56 51 62 86 84 5 -1 92 99 12 20 Generación 9
arranca 
Jugando Partidos contra vecino 0
Resultado 13
39792.8
Yo soy: 
8 87 96 23 56 51 62 86 84 5 -1 92 99 12 20 El mejor fue: 0
8 87 96 23 56 51 62 86 84 5 4 92 99 12 20 Generación 8
arranca 
Jugando Partidos contra vecino 0
Resultado 13
38117.4
Yo soy: 
8 87 96 23 56 51 62 86 84 5 4 92 99 12 20 El mejor fue: 0
8 87 96 23 56 51 62 86 84 10 4 92 99 12 20 Generación 7
arranca 
Jugando Partidos contra vecino 0
Resultado 13
37272.5
Yo soy: 
8 87 96 23 56 51 62 86 84 10 4 92 99 12 20 El mejor fue: 0
8 87 96 23 56 51 62 86 84 10 4 92 99 7 20 Generación 6
arranca 
Jugando Partidos contra vecino 0
Resultado 5
27826.7
Jugando Partidos contra vecino 1
Resultado 11
42418.3
Yo soy: 
8 87 96 23 56 51 62 86 84 10 4 92 99 7 20 El mejor fue: 1
8 87 96 18 56 51 62 86 84 10 4 92 99 7 20 Generación 5
arranca 
Jugando Partidos contra vecino 0
Resultado 11
40085.7
Yo soy: 
8 87 96 18 56 51 62 86 84 10 4 92 99 7 20 El mejor fue: 0
8 87 96 18 51 51 62 86 84 10 4 92 99 7 20 Generación 4
arranca 
Jugando Partidos contra vecino 0
Resultado 5
23756
Jugando Partidos contra vecino 1
Resultado 13
44743.3
Yo soy: 
8 87 96 18 51 51 62 86 84 10 4 92 99 7 20 El mejor fue: 1
8 87 96 18 51 51 62 91 84 10 4 92 99 7 20 Generación 3
arranca 
Jugando Partidos contra vecino 0
Resultado 13
38579
Yo soy: 
8 87 96 18 51 51 62 91 84 10 4 92 99 7 20 El mejor fue: 0
8 87 96 18 51 51 62 91 84 5 4 92 99 7 20 Generación 2
arranca 
Jugando Partidos contra vecino 0
Resultado 13
43374.6
Yo soy: 
8 87 96 18 51 51 62 91 84 5 4 92 99 7 20 El mejor fue: 0
8 87 96 18 51 51 62 91 84 5 4 92 99 7 15 Generación 1
arranca 
Jugando Partidos contra vecino 0
Resultado 13
42296.1
Yo soy: 
8 87 96 18 51 51 62 91 84 5 4 92 99 7 15 El mejor fue: 0
8 87 96 18 46 51 62 91 84 5 4 92 99 7 15 Generación 0
2.82873e+06
