arranca 
Jugando Partidos contra vecino 0
Resultado 5
25934.9
Jugando Partidos contra vecino 1
Resultado 1
23236
Jugando Partidos contra vecino 2
Resultado 5
33806.6
Jugando Partidos contra vecino 3
Resultado 7
35698.5
Jugando Partidos contra vecino 4
Resultado 1
29348.7
Jugando Partidos contra vecino 5
Resultado 2
30801.8
Jugando Partidos contra vecino 6
Resultado 7
38656.7
Jugando Partidos contra vecino 7
Resultado 4
33200.7
Jugando Partidos contra vecino 8
Resultado 8
27295
Jugando Partidos contra vecino 9
Resultado 12
34789.6
Yo soy: 
92 98 68 8 4 9 96 66 59 24 31 97 87 95 92 El mejor fue: 9
92 98 68 8 4 9 96 66 59 44 31 97 87 95 92 Generación 19
arranca 
Jugando Partidos contra vecino 0
Resultado 5
26862.4
Jugando Partidos contra vecino 1
Resultado 3
25230.8
Jugando Partidos contra vecino 2
Resultado 3
21745.8
Jugando Partidos contra vecino 3
Resultado 4
21848.8
Jugando Partidos contra vecino 4
Resultado 5
33175.1
Jugando Partidos contra vecino 5
Resultado 5
31795.5
Jugando Partidos contra vecino 6
Resultado 1
24660.2
Jugando Partidos contra vecino 7
Resultado 6
31417
Jugando Partidos contra vecino 8
Resultado 7
33249.3
Jugando Partidos contra vecino 9
Resultado 7
34703.4
Jugando Partidos contra vecino 10
Resultado 2
21252.6
Jugando Partidos contra vecino 11
Resultado 9
44224.9
Jugando Partidos contra vecino 12
Resultado 4
22025.8
Jugando Partidos contra vecino 13
Resultado 4
32405.2
Jugando Partidos contra vecino 14
Resultado 9
33110.7
Jugando Partidos contra vecino 15
Resultado 10
32278.7
Yo soy: 
92 98 68 8 4 9 96 66 59 44 31 97 87 95 92 El mejor fue: 15
92 58 68 8 4 9 96 66 59 44 31 97 87 95 92 Generación 18
arranca 
Jugando Partidos contra vecino 0
Resultado 8
31801.7
Jugando Partidos contra vecino 1
Resultado 7
34156.1
Jugando Partidos contra vecino 2
Resultado 4
37761.7
Jugando Partidos contra vecino 3
Resultado 7
36316.5
Jugando Partidos contra vecino 4
Resultado 3
27103.5
Jugando Partidos contra vecino 5
Resultado 2
29124.8
Jugando Partidos contra vecino 6
Resultado 4
37879.3
Jugando Partidos contra vecino 7
Resultado 4
25306.5
Jugando Partidos contra vecino 8
Resultado 6
26081.5
Jugando Partidos contra vecino 9
Resultado 6
29398.6
Jugando Partidos contra vecino 10
Resultado 8
33813.1
Jugando Partidos contra vecino 11
Resultado 3
23610.7
Jugando Partidos contra vecino 12
Resultado 7
31606.2
Jugando Partidos contra vecino 13
Resultado 7
27856.9
Jugando Partidos contra vecino 14
Resultado 6
28455.1
Jugando Partidos contra vecino 15
Resultado 10
27900.9
Yo soy: 
92 58 68 8 4 9 96 66 59 44 31 97 87 95 92 El mejor fue: 15
92 58 68 8 4 9 96 66 59 64 31 97 87 95 92 Generación 17
arranca 
Jugando Partidos contra vecino 0
Resultado 2
25837.6
Jugando Partidos contra vecino 1
Resultado 1
25866.7
Jugando Partidos contra vecino 2
Resultado 3
23123.6
Jugando Partidos contra vecino 3
Resultado 7
36024.1
Jugando Partidos contra vecino 4
Resultado 4
24921.2
Jugando Partidos contra vecino 5
Resultado 5
30935.7
Jugando Partidos contra vecino 6
Resultado 5
26694
Jugando Partidos contra vecino 7
Resultado 5
25601.5
Jugando Partidos contra vecino 8
Resultado 4
27617.2
Jugando Partidos contra vecino 9
Resultado 5
31982.2
Jugando Partidos contra vecino 10
Resultado 5
30550.6
Jugando Partidos contra vecino 11
Resultado 4
25345.3
Jugando Partidos contra vecino 12
Resultado 8
33225.6
Jugando Partidos contra vecino 13
Resultado 10
31563.6
Yo soy: 
92 58 68 8 4 9 96 66 59 64 31 97 87 95 92 El mejor fue: 13
92 58 68 8 24 9 96 66 59 64 31 97 87 95 92 Generación 16
arranca 
Jugando Partidos contra vecino 0
Resultado 13
38528.5
Yo soy: 
92 58 68 8 24 9 96 66 59 64 31 97 87 95 92 El mejor fue: 0
92 58 68 8 24 -11 96 66 59 64 31 97 87 95 92 Generación 15
arranca 
Jugando Partidos contra vecino 0
Resultado 3
29380
Jugando Partidos contra vecino 1
Resultado 8
26724.3
Jugando Partidos contra vecino 2
Resultado 6
34710.8
Jugando Partidos contra vecino 3
Resultado 2
18774.6
Jugando Partidos contra vecino 4
Resultado 3
25473.8
Jugando Partidos contra vecino 5
Resultado 10
30276.3
Yo soy: 
92 58 68 8 24 -11 96 66 59 64 31 97 87 95 92 El mejor fue: 5
92 58 68 8 24 -11 96 66 59 64 31 97 87 95 72 Generación 14
arranca 
Jugando Partidos contra vecino 0
Resultado 6
32810
Jugando Partidos contra vecino 1
Resultado 3
26064.6
Jugando Partidos contra vecino 2
Resultado 4
27207.4
Jugando Partidos contra vecino 3
Resultado 6
23500.3
Jugando Partidos contra vecino 4
Resultado 1
19352.6
Jugando Partidos contra vecino 5
Resultado 6
24488.4
Jugando Partidos contra vecino 6
Resultado 7
29271.1
Jugando Partidos contra vecino 7
Resultado 4
32117.9
Jugando Partidos contra vecino 8
Resultado 7
23015
Jugando Partidos contra vecino 9
Resultado 5
31400.6
Jugando Partidos contra vecino 10
Resultado 7
28945.8
Jugando Partidos contra vecino 11
Resultado 3
33354.3
Jugando Partidos contra vecino 12
Resultado 9
35902.9
Jugando Partidos contra vecino 13
Resultado 2
24967.3
Jugando Partidos contra vecino 14
Resultado 6
30659.3
Jugando Partidos contra vecino 15
Resultado 2
26948.4
Jugando Partidos contra vecino 16
Resultado 4
27732.6
Jugando Partidos contra vecino 17
Resultado 11
36303.3
Yo soy: 
92 58 68 8 24 -11 96 66 59 64 31 97 87 95 72 El mejor fue: 17
92 58 68 8 24 -11 96 66 59 64 31 77 87 95 72 Generación 13
arranca 
Jugando Partidos contra vecino 0
Resultado 1
22374.8
Jugando Partidos contra vecino 1
Resultado 4
38628.3
Jugando Partidos contra vecino 2
Resultado 5
26203.7
Jugando Partidos contra vecino 3
Resultado 3
19854.6
Jugando Partidos contra vecino 4
Resultado 7
28969.1
Jugando Partidos contra vecino 5
Resultado 7
24664
Jugando Partidos contra vecino 6
Resultado 5
30967
Jugando Partidos contra vecino 7
Resultado 3
35648.4
Jugando Partidos contra vecino 8
Resultado 11
33204.9
Yo soy: 
92 58 68 8 24 -11 96 66 59 64 31 77 87 95 72 El mejor fue: 8
92 58 68 28 24 -11 96 66 59 64 31 77 87 95 72 Generación 12
arranca 
Jugando Partidos contra vecino 0
Resultado 6
27219.3
Jugando Partidos contra vecino 1
Resultado 6
38456.9
Jugando Partidos contra vecino 2
Resultado 5
34101.7
Jugando Partidos contra vecino 3
Resultado 4
26414.5
Jugando Partidos contra vecino 4
Resultado 7
35167.8
Jugando Partidos contra vecino 5
Resultado 9
39765.8
Jugando Partidos contra vecino 6
Resultado 11
28080.2
Yo soy: 
92 58 68 28 24 -11 96 66 59 64 31 77 87 95 72 El mejor fue: 6
72 58 68 28 24 -11 96 66 59 64 31 77 87 95 72 Generación 11
arranca 
Jugando Partidos contra vecino 0
Resultado 5
26439.4
Jugando Partidos contra vecino 1
Resultado 5
28552.4
Jugando Partidos contra vecino 2
Resultado 6
29885.1
Jugando Partidos contra vecino 3
Resultado 8
23832
Jugando Partidos contra vecino 4
Resultado 8
32180.2
Jugando Partidos contra vecino 5
Resultado 2
16788
Jugando Partidos contra vecino 6
Resultado 7
27422.7
Jugando Partidos contra vecino 7
Resultado 5
27519.6
Jugando Partidos contra vecino 8
Resultado 7
36077.4
Jugando Partidos contra vecino 9
Resultado 2
19776.9
Jugando Partidos contra vecino 10
Resultado 7
23786.6
Jugando Partidos contra vecino 11
Resultado 5
21323.4
Jugando Partidos contra vecino 12
Resultado 7
24514.5
Jugando Partidos contra vecino 13
Resultado 5
28011.6
Jugando Partidos contra vecino 14
Resultado 7
26549.6
Jugando Partidos contra vecino 15
Resultado 6
24358
Jugando Partidos contra vecino 16
Resultado 6
30407.9
Jugando Partidos contra vecino 17
Resultado 6
33119
Jugando Partidos contra vecino 18
Resultado 1
18514.7
Jugando Partidos contra vecino 19
Resultado 8
28749
Jugando Partidos contra vecino 20
Resultado 6
22952
Jugando Partidos contra vecino 21
Resultado 5
31561.7
Jugando Partidos contra vecino 22
Resultado 6
30966.4
Jugando Partidos contra vecino 23
Resultado 5
23985.4
Jugando Partidos contra vecino 24
Resultado 4
29948.9
Jugando Partidos contra vecino 25
Resultado 7
30947.9
Jugando Partidos contra vecino 26
Resultado 2
29418.1
Jugando Partidos contra vecino 27
Resultado 9
32641.7
Jugando Partidos contra vecino 28
Resultado 3
26024.4
Jugando Partidos contra vecino 29
Resultado 1
24659.7
3.68877e+06
arranca 
Jugando Partidos contra vecino 0
Resultado 5
52149.4
Jugando Partidos contra vecino 1
Resultado 5
60729.2
Jugando Partidos contra vecino 2
Resultado 5
51407.9
Jugando Partidos contra vecino 3
Resultado 5
48517
Jugando Partidos contra vecino 4
Resultado 5
58612.5
Jugando Partidos contra vecino 5
Resultado 5
58330
Jugando Partidos contra vecino 6
Resultado 5
49843.9
Jugando Partidos contra vecino 7
Resultado 5
57136.6
Jugando Partidos contra vecino 8
Resultado 5
54270.2
Jugando Partidos contra vecino 9
Resultado 5
59603.5
Jugando Partidos contra vecino 10
Resultado 5
65421.5
Jugando Partidos contra vecino 11
Resultado 5
53141.8
Jugando Partidos contra vecino 12
Resultado 5
49046.7
Jugando Partidos contra vecino 13
Resultado 5
56394.5
Jugando Partidos contra vecino 14
Resultado 5
59876.8
Jugando Partidos contra vecino 15
Resultado 5
59009.6
Jugando Partidos contra vecino 16
Resultado 5
59457.6
Jugando Partidos contra vecino 17
Resultado 5
50016.9
Jugando Partidos contra vecino 18
Resultado 5
27146
Jugando Partidos contra vecino 19
Resultado 5
58752.1
Jugando Partidos contra vecino 20
Resultado 9
42723.4
Jugando Partidos contra vecino 21
Resultado 5
38611.5
Jugando Partidos contra vecino 22
Resultado 5
64553.2
Jugando Partidos contra vecino 23
Resultado 5
63022.8
Jugando Partidos contra vecino 24
Resultado 5
51684.3
Jugando Partidos contra vecino 25
Resultado 7
38927.2
Jugando Partidos contra vecino 26
Resultado 5
51837.7
Jugando Partidos contra vecino 27
Resultado 5
65018.2
Jugando Partidos contra vecino 28
Resultado 7
42281.4
Jugando Partidos contra vecino 29
Resultado 5
55968.3
1.60349e+06
arranca 
Jugando Partidos contra vecino 0
Resultado 5
12679.6
Jugando Partidos contra vecino 1
Resultado 5
19954.5
Jugando Partidos contra vecino 2
Resultado 5
11871.4
Jugando Partidos contra vecino 3
Resultado 5
17498.1
Jugando Partidos contra vecino 4
Resultado 5
12887.3
Jugando Partidos contra vecino 5
Resultado 5
15515.5
Jugando Partidos contra vecino 6
Resultado 9
15365.5
Jugando Partidos contra vecino 7
Resultado 5
12078
Jugando Partidos contra vecino 8
Resultado 5
11262.6
Jugando Partidos contra vecino 9
Resultado 5
12463
Jugando Partidos contra vecino 10
Resultado 5
9962.12
Jugando Partidos contra vecino 11
Resultado 5
12202.6
Jugando Partidos contra vecino 12
Resultado 5
12526.2
Jugando Partidos contra vecino 13
Resultado 5
10925.7
Jugando Partidos contra vecino 14
Resultado 5
11759.9
Jugando Partidos contra vecino 15
Resultado 5
16656.1
Jugando Partidos contra vecino 16
Resultado 5
13784.8
Jugando Partidos contra vecino 17
Resultado 5
36260.8
Jugando Partidos contra vecino 18
Resultado 5
11988.6
Jugando Partidos contra vecino 19
Resultado 5
10941.4
Jugando Partidos contra vecino 20
Resultado 5
16741.6
Jugando Partidos contra vecino 21
Resultado 5
13272.3
Jugando Partidos contra vecino 22
Resultado 5
15378.5
Jugando Partidos contra vecino 23
Resultado 5
11996.5
Jugando Partidos contra vecino 24
Resultado 5
12260.6
Jugando Partidos contra vecino 25
Resultado 5
14501.6
Jugando Partidos contra vecino 26
Resultado 5
13276.9
Jugando Partidos contra vecino 27
Resultado 5
17017.1
Jugando Partidos contra vecino 28
Resultado 5
12991.4
Jugando Partidos contra vecino 29
Resultado 5
12913.2
428934
arranca 
Jugando Partidos contra vecino 0
Resultado 1
21998.2
Jugando Partidos contra vecino 1
Resultado 7
30937.2
Jugando Partidos contra vecino 2
Resultado 6
36538.5
Jugando Partidos contra vecino 3
Resultado 5
30670.8
Jugando Partidos contra vecino 4
Resultado 4
29932.4
Jugando Partidos contra vecino 5
Resultado 3
17605.2
Jugando Partidos contra vecino 6
Resultado 7
30095.7
Jugando Partidos contra vecino 7
Resultado 6
31144.4
Jugando Partidos contra vecino 8
Resultado 5
27826.8
Jugando Partidos contra vecino 9
Resultado 5
13273.7
Jugando Partidos contra vecino 10
Resultado 9
31745.2
Jugando Partidos contra vecino 11
Resultado 5
36172.1
Jugando Partidos contra vecino 12
Resultado 3
18405.9
Jugando Partidos contra vecino 13
Resultado 7
36191.2
Jugando Partidos contra vecino 14
Resultado 6
23914.3
Jugando Partidos contra vecino 15
Resultado 5
24361.5
Jugando Partidos contra vecino 16
Resultado 4
20921.1
Jugando Partidos contra vecino 17
Resultado 8
31517.5
Jugando Partidos contra vecino 18
Resultado 5
30970.9
Jugando Partidos contra vecino 19
Resultado 5
20519.1
Jugando Partidos contra vecino 20
Resultado 4
22917.5
Jugando Partidos contra vecino 21
Resultado 7
27005
Jugando Partidos contra vecino 22
Resultado 11
27286.3
Yo soy: 
14 84 40 36 66 43 74 26 57 0 25 61 57 94 92 El mejor fue: 22
14 64 40 36 66 43 74 26 57 0 25 61 57 94 92 Generación 19
arranca 
Jugando Partidos contra vecino 0
Resultado 5
29607.2
Jugando Partidos contra vecino 1
Resultado 6
23646.1
Jugando Partidos contra vecino 2
Resultado 7
26730.2
Jugando Partidos contra vecino 3
Resultado 6
32520.5
Jugando Partidos contra vecino 4
Resultado 5
24377.6
Jugando Partidos contra vecino 5
Resultado 3
21331.8
Jugando Partidos contra vecino 6
Resultado 4
23149.5
Jugando Partidos contra vecino 7
Resultado 8
29074.7
Jugando Partidos contra vecino 8
Resultado 5
26524.3
Jugando Partidos contra vecino 9
Resultado 5
33057.7
Jugando Partidos contra vecino 10
Resultado 3
24145.5
Jugando Partidos contra vecino 11
Resultado 3
24909.6
Jugando Partidos contra vecino 12
Resultado 8
24190.2
Jugando Partidos contra vecino 13
Resultado 8
26154.7
Jugando Partidos contra vecino 14
Resultado 5
22842.6
Jugando Partidos contra vecino 15
Resultado 6
30929.2
Jugando Partidos contra vecino 16
Resultado 2
22772.3
Jugando Partidos contra vecino 17
Resultado 4
19964.1
Jugando Partidos contra vecino 18
Resultado 4
28907.9
Jugando Partidos contra vecino 19
Resultado 9
29935
Jugando Partidos contra vecino 20
Resultado 5
19485.7
Jugando Partidos contra vecino 21
Resultado 8
25162.6
Jugando Partidos contra vecino 22
Resultado 5
28364.6
Jugando Partidos contra vecino 23
Resultado 9
28686
Jugando Partidos contra vecino 24
Resultado 3
27416.2
Jugando Partidos contra vecino 25
Resultado 2
20731.1
Jugando Partidos contra vecino 26
Resultado 6
26556
Jugando Partidos contra vecino 27
Resultado 5
33793.3
Jugando Partidos contra vecino 28
Resultado 6
26717.2
Jugando Partidos contra vecino 29
Resultado 8
28460.7
1.4121e+06
arranca 
Jugando Partidos contra vecino 0
Resultado 11
21649.4
Yo soy: 
31 50 74 64 98 59 92 59 20 75 19 37 62 66 3 El mejor fue: 0
31 50 74 44 98 59 92 59 20 75 19 37 62 66 3 Generación 19
arranca 
Jugando Partidos contra vecino 0
Resultado 9
24552
Jugando Partidos contra vecino 1
Resultado 7
24731.5
Jugando Partidos contra vecino 2
Resultado 11
27534.6
Yo soy: 
31 50 74 44 98 59 92 59 20 75 19 37 62 66 3 El mejor fue: 2
31 50 74 44 98 59 92 59 20 75 19 37 62 86 3 Generación 18
arranca 
Jugando Partidos contra vecino 0
Resultado 6
22613.1
Jugando Partidos contra vecino 1
Resultado 5
24537.1
Jugando Partidos contra vecino 2
Resultado 5
36934.3
Jugando Partidos contra vecino 3
Resultado 9
24422.7
Jugando Partidos contra vecino 4
Resultado 11
25737
Yo soy: 
31 50 74 44 98 59 92 59 20 75 19 37 62 86 3 El mejor fue: 4
31 50 74 44 98 59 92 59 20 75 39 37 62 86 3 Generación 17
arranca 
Jugando Partidos contra vecino 0
Resultado 7
31077.2
Jugando Partidos contra vecino 1
Resultado 5
16830.5
Jugando Partidos contra vecino 2
Resultado 5
33914.9
Jugando Partidos contra vecino 3
Resultado 6
24175.2
Jugando Partidos contra vecino 4
Resultado 3
24248.4
Jugando Partidos contra vecino 5
Resultado 7
25435.2
Jugando Partidos contra vecino 6
Resultado 11
31842.5
Yo soy: 
31 50 74 44 98 59 92 59 20 75 39 37 62 86 3 El mejor fue: 6
31 50 74 44 78 59 92 59 20 75 39 37 62 86 3 Generación 16
arranca 
Jugando Partidos contra vecino 0
Resultado 4
22453.8
Jugando Partidos contra vecino 1
Resultado 4
23903.6
Jugando Partidos contra vecino 2
Resultado 5
20993.9
Jugando Partidos contra vecino 3
Resultado 5
19836.7
Jugando Partidos contra vecino 4
Resultado 9
23525.2
Jugando Partidos contra vecino 5
Resultado 6
25525.4
Jugando Partidos contra vecino 6
Resultado 7
19328.3
Jugando Partidos contra vecino 7
Resultado 6
34493.4
Jugando Partidos contra vecino 8
Resultado 7
36285.9
Jugando Partidos contra vecino 9
Resultado 6
20459.2
Jugando Partidos contra vecino 10
Resultado 8
20305.8
Jugando Partidos contra vecino 11
Resultado 15
35747.8
Yo soy: 
31 50 74 44 78 59 92 59 20 75 39 37 62 86 3 El mejor fue: 11
51 50 74 44 78 59 92 59 20 75 39 37 62 86 3 Generación 15
arranca 
Jugando Partidos contra vecino 0
Resultado 9
26589.4
Jugando Partidos contra vecino 1
Resultado 5
32133.1
Jugando Partidos contra vecino 2
Resultado 8
28473.2
Jugando Partidos contra vecino 3
Resultado 7
23576.8
Jugando Partidos contra vecino 4
Resultado 10
24772.8
Yo soy: 
51 50 74 44 78 59 92 59 20 75 39 37 62 86 3 El mejor fue: 4
51 50 74 44 78 59 92 59 20 75 19 37 62 86 3 Generación 14
arranca 
Jugando Partidos contra vecino 0
Resultado 7
23387.1
Jugando Partidos contra vecino 1
Resultado 5
24017.9
Jugando Partidos contra vecino 2
Resultado 7
24925.5
Jugando Partidos contra vecino 3
Resultado 5
21275.9
Jugando Partidos contra vecino 4
Resultado 9
21531.9
Jugando Partidos contra vecino 5
Resultado 7
26045.2
Jugando Partidos contra vecino 6
Resultado 7
21230
Jugando Partidos contra vecino 7
Resultado 4
20664.7
Jugando Partidos contra vecino 8
Resultado 13
30329.2
Yo soy: 
51 50 74 44 78 59 92 59 20 75 19 37 62 86 3 El mejor fue: 8
51 50 74 44 78 59 92 59 20 75 19 37 62 86 -17 Generación 13
arranca 
Jugando Partidos contra vecino 0
Resultado 13
27966.6
Yo soy: 
51 50 74 44 78 59 92 59 20 75 19 37 62 86 -17 El mejor fue: 0
51 50 74 44 78 59 92 59 20 75 19 37 62 86 -37 Generación 12
arranca 
Jugando Partidos contra vecino 0
Resultado 5
23769.2
Jugando Partidos contra vecino 1
Resultado 9
23699.4
Jugando Partidos contra vecino 2
Resultado 11
31228.8
Yo soy: 
51 50 74 44 78 59 92 59 20 75 19 37 62 86 -37 El mejor fue: 2
51 50 94 44 78 59 92 59 20 75 19 37 62 86 -37 Generación 11
arranca 
Jugando Partidos contra vecino 0
Resultado 9
28455.3
Jugando Partidos contra vecino 1
Resultado 6
22091.4
Jugando Partidos contra vecino 2
Resultado 7
27204.6
Jugando Partidos contra vecino 3
Resultado 9
30893
Jugando Partidos contra vecino 4
Resultado 9
33666.2
Jugando Partidos contra vecino 5
Resultado 7
23941.1
Jugando Partidos contra vecino 6
Resultado 9
29686.6
Jugando Partidos contra vecino 7
Resultado 11
30551.4
Yo soy: 
51 50 94 44 78 59 92 59 20 75 19 37 62 86 -37 El mejor fue: 7
51 50 94 44 78 59 92 59 20 75 39 37 62 86 -37 Generación 10
arranca 
Jugando Partidos contra vecino 0
Resultado 5
22208.7
Jugando Partidos contra vecino 1
Resultado 5
15512
Jugando Partidos contra vecino 2
Resultado 7
20086
Jugando Partidos contra vecino 3
Resultado 11
25401.5
Yo soy: 
51 50 94 44 78 59 92 59 20 75 39 37 62 86 -37 El mejor fue: 3
51 50 94 44 78 59 92 59 20 95 39 37 62 86 -37 Generación 9
arranca 
Jugando Partidos contra vecino 0
Resultado 4
22870.4
Jugando Partidos contra vecino 1
Resultado 5
24570.1
Jugando Partidos contra vecino 2
Resultado 5
27242.6
Jugando Partidos contra vecino 3
Resultado 5
19644.7
Jugando Partidos contra vecino 4
Resultado 9
38219.9
Jugando Partidos contra vecino 5
Resultado 13
29725
Yo soy: 
51 50 94 44 78 59 92 59 20 95 39 37 62 86 -37 El mejor fue: 5
51 50 94 44 98 59 92 59 20 95 39 37 62 86 -37 Generación 8
arranca 
Jugando Partidos contra vecino 0
Resultado 11
31741.4
Yo soy: 
51 50 94 44 98 59 92 59 20 95 39 37 62 86 -37 El mejor fue: 0
51 50 94 44 98 59 92 59 20 95 39 37 82 86 -37 Generación 7
arranca 
Jugando Partidos contra vecino 0
Resultado 9
27405.7
Jugando Partidos contra vecino 1
Resultado 7
41501.2
Jugando Partidos contra vecino 2
Resultado 15
28161.1
Yo soy: 
51 50 94 44 98 59 92 59 20 95 39 37 82 86 -37 El mejor fue: 2
51 70 94 44 98 59 92 59 20 95 39 37 82 86 -37 Generación 6
arranca 
Jugando Partidos contra vecino 0
Resultado 5
34891.6
Jugando Partidos contra vecino 1
Resultado 4
19811.3
Jugando Partidos contra vecino 2
Resultado 9
30090.7
Jugando Partidos contra vecino 3
Resultado 11
24827.8
Yo soy: 
51 70 94 44 98 59 92 59 20 95 39 37 82 86 -37 El mejor fue: 3
51 70 94 44 98 59 92 59 20 55 39 37 82 86 -37 Generación 5
arranca 
Jugando Partidos contra vecino 0
Resultado 5
17779.8
Jugando Partidos contra vecino 1
Resultado 7
22307
Jugando Partidos contra vecino 2
Resultado 4
34357.6
Jugando Partidos contra vecino 3
Resultado 13
34813.5
Yo soy: 
51 70 94 44 98 59 92 59 20 55 39 37 82 86 -37 El mejor fue: 3
51 70 94 44 98 59 92 79 20 55 39 37 82 86 -37 Generación 4
arranca 
Jugando Partidos contra vecino 0
Resultado 9
40186.6
Jugando Partidos contra vecino 1
Resultado 13
29834.1
Yo soy: 
51 70 94 44 98 59 92 79 20 55 39 37 82 86 -37 El mejor fue: 1
51 70 94 44 98 59 92 99 20 55 39 37 82 86 -37 Generación 3
arranca 
Jugando Partidos contra vecino 0
Resultado 11
31178.6
Yo soy: 
51 70 94 44 98 59 92 99 20 55 39 37 82 86 -37 El mejor fue: 0
51 70 94 44 98 59 92 79 20 55 39 37 82 86 -37 Generación 2
arranca 
Jugando Partidos contra vecino 0
Resultado 8
20758.5
Jugando Partidos contra vecino 1
Resultado 11
26654.5
Yo soy: 
51 70 94 44 98 59 92 79 20 55 39 37 82 86 -37 El mejor fue: 1
51 70 94 44 98 59 92 59 20 55 39 37 82 86 -37 Generación 1
arranca 
Jugando Partidos contra vecino 0
Resultado 5
24231.3
Jugando Partidos contra vecino 1
Resultado 12
26981.7
Yo soy: 
51 70 94 44 98 59 92 59 20 55 39 37 82 86 -37 El mejor fue: 1
51 70 94 44 58 59 92 59 20 55 39 37 82 86 -37 Generación 0
2.1982e+06
