arranca 
Jugando Partidos contra vecino 0
Resultado 5
16698.8
Jugando Partidos contra vecino 1
Resultado 5
16622.5
Jugando Partidos contra vecino 2
Resultado 5
15881.5
Jugando Partidos contra vecino 3
Resultado 5
15878.3
Jugando Partidos contra vecino 4
Resultado 5
16321.1
Jugando Partidos contra vecino 5
Resultado 5
18878.4
Jugando Partidos contra vecino 6
Resultado 5
14805.8
Jugando Partidos contra vecino 7
Resultado 5
16643.7
Jugando Partidos contra vecino 8
Resultado 5
16907.8
Jugando Partidos contra vecino 9
Resultado 5
17058.4
Jugando Partidos contra vecino 10
Resultado 5
14283
Jugando Partidos contra vecino 11
Resultado 5
16251.9
Jugando Partidos contra vecino 12
Resultado 5
16001.1
Jugando Partidos contra vecino 13
Resultado 5
15820.6
Jugando Partidos contra vecino 14
Resultado 5
16010.7
Jugando Partidos contra vecino 15
Resultado 5
15218.1
Jugando Partidos contra vecino 16
Resultado 5
16426.1
Jugando Partidos contra vecino 17
Resultado 5
16807.6
Jugando Partidos contra vecino 18
Resultado 7
16390.1
Jugando Partidos contra vecino 19
Resultado 5
15844.9
Jugando Partidos contra vecino 20
Resultado 5
15217.1
Jugando Partidos contra vecino 21
Resultado 5
15523.2
Jugando Partidos contra vecino 22
Resultado 5
16594.3
Jugando Partidos contra vecino 23
Resultado 5
17685.2
Jugando Partidos contra vecino 24
Resultado 5
19045.8
Jugando Partidos contra vecino 25
Resultado 5
15632.9
Jugando Partidos contra vecino 26
Resultado 5
16466.7
Jugando Partidos contra vecino 27
Resultado 5
14436.5
Jugando Partidos contra vecino 28
Resultado 5
15950.4
Jugando Partidos contra vecino 29
Resultado 5
15889.9
Jugando Partidos contra vecino 30
Resultado 5
15698
Jugando Partidos contra vecino 31
Resultado 5
16594.3
Jugando Partidos contra vecino 32
Resultado 5
14814.4
Jugando Partidos contra vecino 33
Resultado 5
15180.4
Jugando Partidos contra vecino 34
Resultado 5
17991.8
Jugando Partidos contra vecino 35
Resultado 5
20481.6
587954
arranca 
Jugando Partidos contra vecino 0
Resultado 8
22748.8
Jugando Partidos contra vecino 1
Resultado 4
17489.2
Jugando Partidos contra vecino 2
Resultado 7
19904.6
Jugando Partidos contra vecino 3
Resultado 6
17170.8
Jugando Partidos contra vecino 4
Resultado 11
25409.2
Yo soy: 
28 69 97 34 55 62 62 53 30 44 48 42 79 6 69 8 33 76 El mejor fue: 4
28 69 97 34 55 62 52 53 30 44 48 42 79 6 69 8 33 76 Generación 199
arranca 
Jugando Partidos contra vecino 0
Resultado 7
16156.3
Jugando Partidos contra vecino 1
Resultado 5
14166.9
Jugando Partidos contra vecino 2
Resultado 6
19140.2
Jugando Partidos contra vecino 3
Resultado 10
26496.6
Yo soy: 
28 69 97 34 55 62 52 53 30 44 48 42 79 6 69 8 33 76 El mejor fue: 3
28 69 97 34 55 62 52 53 30 44 48 42 79 6 69 8 33 86 Generación 198
arranca 
Jugando Partidos contra vecino 0
Resultado 7
16240.2
Jugando Partidos contra vecino 1
Resultado 9
19378.5
Jugando Partidos contra vecino 2
Resultado 6
19213.3
Jugando Partidos contra vecino 3
Resultado 6
17909.6
Jugando Partidos contra vecino 4
Resultado 9
21689.8
Jugando Partidos contra vecino 5
Resultado 8
28088
Jugando Partidos contra vecino 6
Resultado 7
20317.6
Jugando Partidos contra vecino 7
Resultado 6
19084.3
Jugando Partidos contra vecino 8
Resultado 3
13402.9
Jugando Partidos contra vecino 9
Resultado 10
25112.9
Yo soy: 
28 69 97 34 55 62 52 53 30 44 48 42 79 6 69 8 33 86 El mejor fue: 9
28 69 97 34 55 62 52 53 30 44 48 42 79 6 69 18 33 86 Generación 197
arranca 
Jugando Partidos contra vecino 0
Resultado 7
19041.3
Jugando Partidos contra vecino 1
Resultado 9
26525.9
Jugando Partidos contra vecino 2
Resultado 7
17709
Jugando Partidos contra vecino 3
Resultado 8
24087.2
Jugando Partidos contra vecino 4
Resultado 7
23812.6
Jugando Partidos contra vecino 5
Resultado 5
17719
Jugando Partidos contra vecino 6
Resultado 5
20912.1
Jugando Partidos contra vecino 7
Resultado 3
23748
Jugando Partidos contra vecino 8
Resultado 7
18928.4
Jugando Partidos contra vecino 9
Resultado 7
15185.1
Jugando Partidos contra vecino 10
Resultado 5
12718.9
Jugando Partidos contra vecino 11
Resultado 8
23837.9
Jugando Partidos contra vecino 12
Resultado 3
14401.5
Jugando Partidos contra vecino 13
Resultado 5
14888.9
Jugando Partidos contra vecino 14
Resultado 8
24461.5
Jugando Partidos contra vecino 15
Resultado 9
20920.7
Jugando Partidos contra vecino 16
Resultado 8
21416.8
Jugando Partidos contra vecino 17
Resultado 8
19812.4
Jugando Partidos contra vecino 18
Resultado 7
19484.3
Jugando Partidos contra vecino 19
Resultado 6
19362.1
Jugando Partidos contra vecino 20
Resultado 6
20579.1
Jugando Partidos contra vecino 21
Resultado 11
23569.3
Yo soy: 
28 69 97 34 55 62 52 53 30 44 48 42 79 6 69 18 33 86 El mejor fue: 21
28 69 97 34 55 62 52 53 30 44 48 42 79 6 69 18 23 86 Generación 196
arranca 
Jugando Partidos contra vecino 0
Resultado 5
20813.5
Jugando Partidos contra vecino 1
Resultado 7
20645.8
Jugando Partidos contra vecino 2
Resultado 7
23069.7
Jugando Partidos contra vecino 3
Resultado 11
28113.5
Yo soy: 
28 69 97 34 55 62 52 53 30 44 48 42 79 6 69 18 23 86 El mejor fue: 3
28 69 77 34 55 62 52 53 30 44 48 42 79 6 69 18 23 86 Generación 195
arranca 
Jugando Partidos contra vecino 0
Resultado 13
35431.5
Yo soy: 
28 69 77 34 55 62 52 53 30 44 48 42 79 6 69 18 23 86 El mejor fue: 0
28 69 77 34 55 62 52 53 30 44 48 42 79 6 69 28 23 86 Generación 194
arranca 
Jugando Partidos contra vecino 0
Resultado 11
31710.9
Yo soy: 
28 69 77 34 55 62 52 53 30 44 48 42 79 6 69 28 23 86 El mejor fue: 0
28 69 77 34 55 62 52 53 30 44 48 42 79 -4 69 28 23 86 Generación 193
arranca 
Jugando Partidos contra vecino 0
Resultado 10
28833.1
Yo soy: 
28 69 77 34 55 62 52 53 30 44 48 42 79 -4 69 28 23 86 El mejor fue: 0
28 69 77 34 55 62 52 53 30 44 48 42 79 -14 69 28 23 86 Generación 192
arranca 
Jugando Partidos contra vecino 0
Resultado 10
35387.5
Yo soy: 
28 69 77 34 55 62 52 53 30 44 48 42 79 -14 69 28 23 86 El mejor fue: 0
28 69 77 34 55 62 52 53 30 44 48 42 79 -14 59 28 23 86 Generación 191
arranca 
Jugando Partidos contra vecino 0
Resultado 7
24541.1
Jugando Partidos contra vecino 1
Resultado 11
27054.8
Yo soy: 
28 69 77 34 55 62 52 53 30 44 48 42 79 -14 59 28 23 86 El mejor fue: 1
28 69 77 34 55 62 52 53 30 44 48 42 79 -24 59 28 23 86 Generación 190
arranca 
Jugando Partidos contra vecino 0
Resultado 13
36819.3
Yo soy: 
28 69 77 34 55 62 52 53 30 44 48 42 79 -24 59 28 23 86 El mejor fue: 0
28 69 77 24 55 62 52 53 30 44 48 42 79 -24 59 28 23 86 Generación 189
arranca 
Jugando Partidos contra vecino 0
Resultado 13
35032.2
Yo soy: 
28 69 77 24 55 62 52 53 30 44 48 42 79 -24 59 28 23 86 El mejor fue: 0
28 69 77 24 55 62 52 53 30 44 48 42 79 -24 69 28 23 86 Generación 188
arranca 
Jugando Partidos contra vecino 0
Resultado 11
32960.9
Yo soy: 
28 69 77 24 55 62 52 53 30 44 48 42 79 -24 69 28 23 86 El mejor fue: 0
28 69 77 24 55 62 52 63 30 44 48 42 79 -24 69 28 23 86 Generación 187
arranca 
Jugando Partidos contra vecino 0
Resultado 13
35385.2
Yo soy: 
28 69 77 24 55 62 52 63 30 44 48 42 79 -24 69 28 23 86 El mejor fue: 0
28 69 77 24 55 62 52 53 30 44 48 42 79 -24 69 28 23 86 Generación 186
arranca 
Jugando Partidos contra vecino 0
Resultado 9
26450.2
Jugando Partidos contra vecino 1
Resultado 9
34858.8
Jugando Partidos contra vecino 2
Resultado 11
30059.6
Yo soy: 
28 69 77 24 55 62 52 53 30 44 48 42 79 -24 69 28 23 86 El mejor fue: 2
28 69 77 24 55 52 52 53 30 44 48 42 79 -24 69 28 23 86 Generación 185
arranca 
Jugando Partidos contra vecino 0
Resultado 15
43060.6
Yo soy: 
28 69 77 24 55 52 52 53 30 44 48 42 79 -24 69 28 23 86 El mejor fue: 0
28 69 77 24 55 52 52 53 30 44 48 42 79 -24 79 28 23 86 Generación 184
arranca 
Jugando Partidos contra vecino 0
Resultado 13
37680.6
Yo soy: 
28 69 77 24 55 52 52 53 30 44 48 42 79 -24 79 28 23 86 El mejor fue: 0
28 69 77 24 55 52 52 53 30 44 48 42 79 -24 79 28 23 76 Generación 183
arranca 
Jugando Partidos contra vecino 0
Resultado 11
38843.2
Yo soy: 
28 69 77 24 55 52 52 53 30 44 48 42 79 -24 79 28 23 76 El mejor fue: 0
28 69 77 24 55 52 52 63 30 44 48 42 79 -24 79 28 23 76 Generación 182
arranca 
Jugando Partidos contra vecino 0
Resultado 11
35028.3
Yo soy: 
28 69 77 24 55 52 52 63 30 44 48 42 79 -24 79 28 23 76 El mejor fue: 0
28 59 77 24 55 52 52 63 30 44 48 42 79 -24 79 28 23 76 Generación 181
arranca 
Jugando Partidos contra vecino 0
Resultado 11
35291.1
Yo soy: 
28 59 77 24 55 52 52 63 30 44 48 42 79 -24 79 28 23 76 El mejor fue: 0
28 59 77 24 55 52 52 63 30 44 48 32 79 -24 79 28 23 76 Generación 180
arranca 
Jugando Partidos contra vecino 0
Resultado 11
23796.5
Yo soy: 
28 59 77 24 55 52 52 63 30 44 48 32 79 -24 79 28 23 76 El mejor fue: 0
28 59 77 24 55 52 52 63 30 44 58 32 79 -24 79 28 23 76 Generación 179
arranca 
Jugando Partidos contra vecino 0
Resultado 8
22286.1
Jugando Partidos contra vecino 1
Resultado 13
25185.6
Yo soy: 
28 59 77 24 55 52 52 63 30 44 58 32 79 -24 79 28 23 76 El mejor fue: 1
38 59 77 24 55 52 52 63 30 44 58 32 79 -24 79 28 23 76 Generación 178
arranca 
Jugando Partidos contra vecino 0
Resultado 13
25699.2
Yo soy: 
38 59 77 24 55 52 52 63 30 44 58 32 79 -24 79 28 23 76 El mejor fue: 0
38 59 77 24 55 62 52 63 30 44 58 32 79 -24 79 28 23 76 Generación 177
arranca 
Jugando Partidos contra vecino 0
Resultado 7
25958
Jugando Partidos contra vecino 1
Resultado 9
29225.7
Jugando Partidos contra vecino 2
Resultado 13
22953.6
Yo soy: 
38 59 77 24 55 62 52 63 30 44 58 32 79 -24 79 28 23 76 El mejor fue: 2
38 59 77 24 55 62 52 63 30 44 58 32 79 -24 79 28 23 66 Generación 176
arranca 
Jugando Partidos contra vecino 0
Resultado 13
27506.6
Yo soy: 
38 59 77 24 55 62 52 63 30 44 58 32 79 -24 79 28 23 66 El mejor fue: 0
38 59 77 24 55 62 52 63 30 44 58 32 79 -24 79 28 23 76 Generación 175
arranca 
Jugando Partidos contra vecino 0
Resultado 11
26478
Yo soy: 
38 59 77 24 55 62 52 63 30 44 58 32 79 -24 79 28 23 76 El mejor fue: 0
38 59 77 24 55 62 52 63 30 44 68 32 79 -24 79 28 23 76 Generación 174
arranca 
Jugando Partidos contra vecino 0
Resultado 9
30220.8
Jugando Partidos contra vecino 1
Resultado 11
33252.6
Yo soy: 
38 59 77 24 55 62 52 63 30 44 68 32 79 -24 79 28 23 76 El mejor fue: 1
38 59 67 24 55 62 52 63 30 44 68 32 79 -24 79 28 23 76 Generación 173
arranca 
Jugando Partidos contra vecino 0
Resultado 5
60929.9
Jugando Partidos contra vecino 1
Resultado 5
51985.7
Jugando Partidos contra vecino 2
Resultado 5
58401.3
Jugando Partidos contra vecino 3
Resultado 5
58084.1
Jugando Partidos contra vecino 4
Resultado 5
53378.7
Jugando Partidos contra vecino 5
Resultado 5
50316.3
Jugando Partidos contra vecino 6
Resultado 5
56500
Jugando Partidos contra vecino 7
Resultado 5
56627.8
Jugando Partidos contra vecino 8
Resultado 7
52570.9
Jugando Partidos contra vecino 9
Resultado 5
51660
Jugando Partidos contra vecino 10
Resultado 5
55543.7
Jugando Partidos contra vecino 11
Resultado 7
37809.8
Jugando Partidos contra vecino 12
Resultado 5
58385.9
Jugando Partidos contra vecino 13
Resultado 5
58789.2
Jugando Partidos contra vecino 14
Resultado 5
56430
Jugando Partidos contra vecino 15
Resultado 9
42199.2
Jugando Partidos contra vecino 16
Resultado 5
57117.8
Jugando Partidos contra vecino 17
Resultado 5
57024.7
Jugando Partidos contra vecino 18
Resultado 5
53826.1
Jugando Partidos contra vecino 19
Resultado 5
52192.8
Jugando Partidos contra vecino 20
Resultado 5
53697.3
Jugando Partidos contra vecino 21
Resultado 5
59783.7
Jugando Partidos contra vecino 22
Resultado 7
43987.5
Jugando Partidos contra vecino 23
Resultado 7
39626.1
Jugando Partidos contra vecino 24
Resultado 5
46129.2
Jugando Partidos contra vecino 25
Resultado 5
63383.5
Jugando Partidos contra vecino 26
Resultado 5
54973.4
Jugando Partidos contra vecino 27
Resultado 5
55769.1
Jugando Partidos contra vecino 28
Resultado 5
48880.8
Jugando Partidos contra vecino 29
Resultado 5
56132.6
Jugando Partidos contra vecino 30
Resultado 5
56574.9
Jugando Partidos contra vecino 31
Resultado 5
56416
Jugando Partidos contra vecino 32
Resultado 5
59909.6
Jugando Partidos contra vecino 33
Resultado 9
44305.8
Jugando Partidos contra vecino 34
Resultado 5
57950.1
Jugando Partidos contra vecino 35
Resultado 5
60056.6
3.74923e+06
arranca 
Jugando Partidos contra vecino 0
Resultado 5
64572
Jugando Partidos contra vecino 1
Resultado 4
50792.9
Jugando Partidos contra vecino 2
Resultado 5
56365.3
Jugando Partidos contra vecino 3
Resultado 5
55836.8
Jugando Partidos contra vecino 4
Resultado 5
60423
Jugando Partidos contra vecino 5
Resultado 5
45023.6
Jugando Partidos contra vecino 6
Resultado 7
62810.7
Jugando Partidos contra vecino 7
Resultado 4
58636.3
Jugando Partidos contra vecino 8
Resultado 7
56703.8
Jugando Partidos contra vecino 9
Resultado 5
66332.1
Jugando Partidos contra vecino 10
Resultado 5
66269.5
Jugando Partidos contra vecino 11
Resultado 5
60761.2
Jugando Partidos contra vecino 12
Resultado 7
60377.3
Jugando Partidos contra vecino 13
Resultado 5
65661.8
Jugando Partidos contra vecino 14
Resultado 5
62768.3
Jugando Partidos contra vecino 15
Resultado 7
63342.9
Jugando Partidos contra vecino 16
Resultado 5
70056.2
Jugando Partidos contra vecino 17
Resultado 9
58768.9
Jugando Partidos contra vecino 18
Resultado 5
58383.1
Jugando Partidos contra vecino 19
Resultado 7
62072.6
Jugando Partidos contra vecino 20
Resultado 5
60183
Jugando Partidos contra vecino 21
Resultado 7
63655.9
Jugando Partidos contra vecino 22
Resultado 5
70693.5
Jugando Partidos contra vecino 23
Resultado 5
67194.5
Jugando Partidos contra vecino 24
Resultado 5
71610.8
Jugando Partidos contra vecino 25
Resultado 7
54852.7
Jugando Partidos contra vecino 26
Resultado 5
70646.1
Jugando Partidos contra vecino 27
Resultado 5
40569.7
Jugando Partidos contra vecino 28
Resultado 7
52700.1
Jugando Partidos contra vecino 29
Resultado 4
57063.3
Jugando Partidos contra vecino 30
Resultado 5
57172.6
Jugando Partidos contra vecino 31
Resultado 5
50713.5
Jugando Partidos contra vecino 32
Resultado 5
56665.2
Jugando Partidos contra vecino 33
Resultado 7
64441.1
Jugando Partidos contra vecino 34
Resultado 9
57629.1
Jugando Partidos contra vecino 35
Resultado 7
49285.6
2.15104e+06
arranca 
Jugando Partidos contra vecino 0
Resultado 5
56796.8
Jugando Partidos contra vecino 1
Resultado 7
62313.5
Jugando Partidos contra vecino 2
Resultado 5
47800.4
Jugando Partidos contra vecino 3
Resultado 7
53658.1
Jugando Partidos contra vecino 4
Resultado 9
49928.2
Jugando Partidos contra vecino 5
Resultado 5
42971.8
Jugando Partidos contra vecino 6
Resultado 9
51078.5
Jugando Partidos contra vecino 7
Resultado 9
38939.7
Jugando Partidos contra vecino 8
Resultado 5
27728
Jugando Partidos contra vecino 9
Resultado 9
41525.7
Jugando Partidos contra vecino 10
Resultado 7
60258.6
Jugando Partidos contra vecino 11
Resultado 7
49349.8
Jugando Partidos contra vecino 12
Resultado 5
70941.8
Jugando Partidos contra vecino 13
Resultado 9
53711.8
Jugando Partidos contra vecino 14
Resultado 5
22336.2
Jugando Partidos contra vecino 15
Resultado 7
31341
Jugando Partidos contra vecino 16
Resultado 5
27110.7
Jugando Partidos contra vecino 17
Resultado 7
33728.2
Jugando Partidos contra vecino 18
Resultado 6
41987.1
Jugando Partidos contra vecino 19
Resultado 5
54182
Jugando Partidos contra vecino 20
Resultado 11
42009.2
Yo soy: 
14 66 2 62 89 91 79 4 79 89 40 35 47 75 19 87 79 73 El mejor fue: 20
14 76 2 62 89 91 79 4 79 89 40 35 47 75 19 87 79 73 Generación 199
arranca 
Jugando Partidos contra vecino 0
Resultado 9
45144.7
Jugando Partidos contra vecino 1
Resultado 7
45010.5
Jugando Partidos contra vecino 2
Resultado 7
53307.8
Jugando Partidos contra vecino 3
Resultado 9
43143.9
Jugando Partidos contra vecino 4
Resultado 5
49333.9
Jugando Partidos contra vecino 5
Resultado 5
31810.7
Jugando Partidos contra vecino 6
Resultado 7
45723.4
Jugando Partidos contra vecino 7
Resultado 5
65488.1
Jugando Partidos contra vecino 8
Resultado 5
43756.5
Jugando Partidos contra vecino 9
Resultado 7
59973.6
Jugando Partidos contra vecino 10
Resultado 5
53768.2
Jugando Partidos contra vecino 11
Resultado 9
31679.5
Jugando Partidos contra vecino 12
Resultado 13
39064.9
Yo soy: 
14 76 2 62 89 91 79 4 79 89 40 35 47 75 19 87 79 73 El mejor fue: 12
14 76 2 62 89 91 79 4 79 89 40 35 47 75 9 87 79 73 Generación 198
arranca 
Jugando Partidos contra vecino 0
Resultado 5
65075.6
Jugando Partidos contra vecino 1
Resultado 5
43910.7
Jugando Partidos contra vecino 2
Resultado 7
40605
Jugando Partidos contra vecino 3
Resultado 5
62067.3
Jugando Partidos contra vecino 4
Resultado 9
27789
Jugando Partidos contra vecino 5
Resultado 5
60160.6
Jugando Partidos contra vecino 6
Resultado 5
47061.4
Jugando Partidos contra vecino 7
Resultado 7
37554.4
Jugando Partidos contra vecino 8
Resultado 7
42627.7
Jugando Partidos contra vecino 9
Resultado 7
36981.4
Jugando Partidos contra vecino 10
Resultado 5
65623.7
Jugando Partidos contra vecino 11
Resultado 7
49858.5
Jugando Partidos contra vecino 12
Resultado 11
52014.2
Yo soy: 
14 76 2 62 89 91 79 4 79 89 40 35 47 75 9 87 79 73 El mejor fue: 12
14 76 2 72 89 91 79 4 79 89 40 35 47 75 9 87 79 73 Generación 197
arranca 
Jugando Partidos contra vecino 0
Resultado 7
53434.8
Jugando Partidos contra vecino 1
Resultado 9
54231.8
Jugando Partidos contra vecino 2
Resultado 9
45876.3
Jugando Partidos contra vecino 3
Resultado 7
38649.4
Jugando Partidos contra vecino 4
Resultado 5
40122.1
Jugando Partidos contra vecino 5
Resultado 7
60836.5
Jugando Partidos contra vecino 6
Resultado 11
37323.8
Yo soy: 
14 76 2 72 89 91 79 4 79 89 40 35 47 75 9 87 79 73 El mejor fue: 6
14 76 2 72 89 91 79 4 79 89 30 35 47 75 9 87 79 73 Generación 196
arranca 
Jugando Partidos contra vecino 0
Resultado 7
32667.1
Jugando Partidos contra vecino 1
Resultado 7
58401.3
Jugando Partidos contra vecino 2
Resultado 9
48060.8
Jugando Partidos contra vecino 3
Resultado 7
40447.2
Jugando Partidos contra vecino 4
Resultado 5
60972.3
Jugando Partidos contra vecino 5
Resultado 7
62473.1
Jugando Partidos contra vecino 6
Resultado 4
28056.1
Jugando Partidos contra vecino 7
Resultado 9
38783.3
Jugando Partidos contra vecino 8
Resultado 11
33047
Yo soy: 
14 76 2 72 89 91 79 4 79 89 30 35 47 75 9 87 79 73 El mejor fue: 8
14 76 2 72 89 91 79 4 79 89 30 35 47 75 9 87 89 73 Generación 195
arranca 
Jugando Partidos contra vecino 0
Resultado 5
54193.7
Jugando Partidos contra vecino 1
Resultado 5
54115.2
Jugando Partidos contra vecino 2
Resultado 7
51903.9
Jugando Partidos contra vecino 3
Resultado 5
62645.3
Jugando Partidos contra vecino 4
Resultado 5
55145.9
Jugando Partidos contra vecino 5
Resultado 4
36917.6
Jugando Partidos contra vecino 6
Resultado 9
53212.3
Jugando Partidos contra vecino 7
Resultado 4
38819.5
Jugando Partidos contra vecino 8
Resultado 5
67472.7
Jugando Partidos contra vecino 9
Resultado 5
29209.3
Jugando Partidos contra vecino 10
Resultado 5
61763.8
Jugando Partidos contra vecino 11
Resultado 4
51255.9
Jugando Partidos contra vecino 12
Resultado 7
48764.5
Jugando Partidos contra vecino 13
Resultado 5
45328
Jugando Partidos contra vecino 14
Resultado 4
58076.1
Jugando Partidos contra vecino 15
Resultado 7
43243.2
Jugando Partidos contra vecino 16
Resultado 4
28901.8
Jugando Partidos contra vecino 17
Resultado 5
48113.2
Jugando Partidos contra vecino 18
Resultado 7
52884.6
Jugando Partidos contra vecino 19
Resultado 5
36991.1
Jugando Partidos contra vecino 20
Resultado 5
48384.4
Jugando Partidos contra vecino 21
Resultado 5
35471.8
Jugando Partidos contra vecino 22
Resultado 7
42932.4
Jugando Partidos contra vecino 23
Resultado 7
46747.3
Jugando Partidos contra vecino 24
Resultado 7
59452.7
Jugando Partidos contra vecino 25
Resultado 7
38897
Jugando Partidos contra vecino 26
Resultado 5
54077
Jugando Partidos contra vecino 27
Resultado 5
37838
Jugando Partidos contra vecino 28
Resultado 5
38087.1
Jugando Partidos contra vecino 29
Resultado 7
57645.8
Jugando Partidos contra vecino 30
Resultado 4
29723
Jugando Partidos contra vecino 31
Resultado 4
40791.7
Jugando Partidos contra vecino 32
Resultado 4
46324.6
Jugando Partidos contra vecino 33
Resultado 5
34092.8
Jugando Partidos contra vecino 34
Resultado 5
37408.8
Jugando Partidos contra vecino 35
Resultado 5
47763.7
4.60621e+06
arranca 
Jugando Partidos contra vecino 0
Resultado 5
16162
Jugando Partidos contra vecino 1
Resultado 4
12204.7
Jugando Partidos contra vecino 2
Resultado 4
20522.2
Jugando Partidos contra vecino 3
Resultado 5
21503.6
Jugando Partidos contra vecino 4
Resultado 5
20854.3
Jugando Partidos contra vecino 5
Resultado 2
16036.6
Jugando Partidos contra vecino 6
Resultado 3
21014.9
Jugando Partidos contra vecino 7
Resultado 4
30018.9
Jugando Partidos contra vecino 8
Resultado 5
12230.5
Jugando Partidos contra vecino 9
Resultado 3
14714.4
Jugando Partidos contra vecino 10
Resultado 5
28361.4
Jugando Partidos contra vecino 11
Resultado 7
33941
Jugando Partidos contra vecino 12
Resultado 3
15147.3
Jugando Partidos contra vecino 13
Resultado 5
23662.8
Jugando Partidos contra vecino 14
Resultado 5
27120.1
Jugando Partidos contra vecino 15
Resultado 2
16058.6
Jugando Partidos contra vecino 16
Resultado 4
14504.4
Jugando Partidos contra vecino 17
Resultado 4
22081.4
Jugando Partidos contra vecino 18
Resultado 5
29100
Jugando Partidos contra vecino 19
Resultado 5
21824.7
Jugando Partidos contra vecino 20
Resultado 3
14528.4
Jugando Partidos contra vecino 21
Resultado 4
21020.9
Jugando Partidos contra vecino 22
Resultado 4
21092.8
Jugando Partidos contra vecino 23
Resultado 4
14527.3
Jugando Partidos contra vecino 24
Resultado 4
24849.7
Jugando Partidos contra vecino 25
Resultado 3
13840.6
Jugando Partidos contra vecino 26
Resultado 5
16892.6
Jugando Partidos contra vecino 27
Resultado 2
16048.6
Jugando Partidos contra vecino 28
Resultado 4
12324.1
Jugando Partidos contra vecino 29
Resultado 5
12494
Jugando Partidos contra vecino 30
Resultado 4
14040.1
Jugando Partidos contra vecino 31
Resultado 2
27219.4
Jugando Partidos contra vecino 32
Resultado 4
14499.8
Jugando Partidos contra vecino 33
Resultado 4
14853.3
Jugando Partidos contra vecino 34
Resultado 4
23976.8
Jugando Partidos contra vecino 35
Resultado 4
13529.7
692803
arranca 
Jugando Partidos contra vecino 0
Resultado 5
17411.4
Jugando Partidos contra vecino 1
Resultado 5
12212.4
Jugando Partidos contra vecino 2
Resultado 5
18473
Jugando Partidos contra vecino 3
Resultado 5
18729.5
Jugando Partidos contra vecino 4
Resultado 5
17081.5
Jugando Partidos contra vecino 5
Resultado 5
18323.4
Jugando Partidos contra vecino 6
Resultado 5
15455.6
Jugando Partidos contra vecino 7
Resultado 5
16490
Jugando Partidos contra vecino 8
Resultado 5
17992.6
Jugando Partidos contra vecino 9
Resultado 5
15712.7
Jugando Partidos contra vecino 10
Resultado 5
21732.2
Jugando Partidos contra vecino 11
Resultado 5
14943.9
Jugando Partidos contra vecino 12
Resultado 5
17337.7
Jugando Partidos contra vecino 13
Resultado 5
21172.8
Jugando Partidos contra vecino 14
Resultado 5
21918.6
Jugando Partidos contra vecino 15
Resultado 5
18881.5
Jugando Partidos contra vecino 16
Resultado 5
18561.9
Jugando Partidos contra vecino 17
Resultado 5
15411.3
Jugando Partidos contra vecino 18
Resultado 5
21822.7
Jugando Partidos contra vecino 19
Resultado 5
16623.7
Jugando Partidos contra vecino 20
Resultado 5
19349.2
Jugando Partidos contra vecino 21
Resultado 5
17890.6
Jugando Partidos contra vecino 22
Resultado 5
17404.9
Jugando Partidos contra vecino 23
Resultado 5
19588.4
Jugando Partidos contra vecino 24
Resultado 5
17657.3
Jugando Partidos contra vecino 25
Resultado 5
15710.6
Jugando Partidos contra vecino 26
Resultado 5
18537.7
Jugando Partidos contra vecino 27
Resultado 5
24479.4
Jugando Partidos contra vecino 28
Resultado 5
25502.8
Jugando Partidos contra vecino 29
Resultado 5
16578.4
Jugando Partidos contra vecino 30
Resultado 5
16678.8
Jugando Partidos contra vecino 31
Resultado 5
19227.2
Jugando Partidos contra vecino 32
Resultado 5
20339.7
Jugando Partidos contra vecino 33
Resultado 5
13790.5
Jugando Partidos contra vecino 34
Resultado 5
19538.9
Jugando Partidos contra vecino 35
Resultado 5
24008.9
662572
arranca 
Jugando Partidos contra vecino 0
Resultado 5
28137.4
Jugando Partidos contra vecino 1
Resultado 6
25056.1
Jugando Partidos contra vecino 2
Resultado 4
30227
Jugando Partidos contra vecino 3
Resultado 5
27129.6
Jugando Partidos contra vecino 4
Resultado 4
22200
Jugando Partidos contra vecino 5
Resultado 6
26871.2
Jugando Partidos contra vecino 6
Resultado 9
35648.5
Jugando Partidos contra vecino 7
Resultado 4
25943.6
Jugando Partidos contra vecino 8
Resultado 9
32649
Jugando Partidos contra vecino 9
Resultado 5
20636.3
Jugando Partidos contra vecino 10
Resultado 3
26316.2
Jugando Partidos contra vecino 11
Resultado 7
23013.6
Jugando Partidos contra vecino 12
Resultado 4
26567.5
Jugando Partidos contra vecino 13
Resultado 7
29683.7
Jugando Partidos contra vecino 14
Resultado 3
20478.7
Jugando Partidos contra vecino 15
Resultado 5
26291.8
Jugando Partidos contra vecino 16
Resultado 7
31026.7
Jugando Partidos contra vecino 17
Resultado 4
26271.2
Jugando Partidos contra vecino 18
Resultado 3
21050
Jugando Partidos contra vecino 19
Resultado 4
22193.2
Jugando Partidos contra vecino 20
Resultado 8
28765.1
Jugando Partidos contra vecino 21
Resultado 4
20349.9
Jugando Partidos contra vecino 22
Resultado 6
23485.4
Jugando Partidos contra vecino 23
Resultado 6
26093.5
Jugando Partidos contra vecino 24
Resultado 7
37194.5
Jugando Partidos contra vecino 25
Resultado 5
44289.7
Jugando Partidos contra vecino 26
Resultado 7
33558.5
Jugando Partidos contra vecino 27
Resultado 6
26481.3
Jugando Partidos contra vecino 28
Resultado 9
38026.6
Jugando Partidos contra vecino 29
Resultado 7
33532.3
Jugando Partidos contra vecino 30
Resultado 6
31228.3
Jugando Partidos contra vecino 31
Resultado 4
28885.1
Jugando Partidos contra vecino 32
Resultado 13
36400.2
Yo soy: 
62 66 93 89 73 46 40 47 65 98 84 98 31 66 37 34 81 34 El mejor fue: 32
62 66 93 89 73 46 40 47 65 98 84 98 31 66 37 34 91 34 Generación 199
arranca 
Jugando Partidos contra vecino 0
Resultado 6
24140
Jugando Partidos contra vecino 1
Resultado 3
22802.7
Jugando Partidos contra vecino 2
Resultado 6
28991.2
Jugando Partidos contra vecino 3
Resultado 3
28676.4
Jugando Partidos contra vecino 4
Resultado 9
20082.2
Jugando Partidos contra vecino 5
Resultado 7
31594.2
Jugando Partidos contra vecino 6
Resultado 4
24055.9
Jugando Partidos contra vecino 7
Resultado 5
33669.1
Jugando Partidos contra vecino 8
Resultado 6
30260.9
Jugando Partidos contra vecino 9
Resultado 6
23386.6
Jugando Partidos contra vecino 10
Resultado 4
24324.7
Jugando Partidos contra vecino 11
Resultado 5
22530.4
Jugando Partidos contra vecino 12
Resultado 4
25634.4
Jugando Partidos contra vecino 13
Resultado 5
23798.1
Jugando Partidos contra vecino 14
Resultado 11
29664.3
Yo soy: 
62 66 93 89 73 46 40 47 65 98 84 98 31 66 37 34 91 34 El mejor fue: 14
62 66 93 89 73 46 40 47 65 98 74 98 31 66 37 34 91 34 Generación 198
arranca 
Jugando Partidos contra vecino 0
Resultado 6
26543.3
Jugando Partidos contra vecino 1
Resultado 5
21899.4
Jugando Partidos contra vecino 2
Resultado 7
22209.3
Jugando Partidos contra vecino 3
Resultado 5
21393.9
Jugando Partidos contra vecino 4
Resultado 7
27516
Jugando Partidos contra vecino 5
Resultado 6
30969.4
Jugando Partidos contra vecino 6
Resultado 9
32922.8
Jugando Partidos contra vecino 7
Resultado 9
37749.1
Jugando Partidos contra vecino 8
Resultado 7
37104.8
Jugando Partidos contra vecino 9
Resultado 4
22237.1
Jugando Partidos contra vecino 10
Resultado 7
30869.2
Jugando Partidos contra vecino 11
Resultado 5
52372.4
Jugando Partidos contra vecino 12
Resultado 4
29754.9
Jugando Partidos contra vecino 13
Resultado 4
29722.4
Jugando Partidos contra vecino 14
Resultado 4
24427.7
Jugando Partidos contra vecino 15
Resultado 7
25072.1
Jugando Partidos contra vecino 16
Resultado 7
29085.5
Jugando Partidos contra vecino 17
Resultado 6
22084.9
Jugando Partidos contra vecino 18
Resultado 4
19590.6
Jugando Partidos contra vecino 19
Resultado 4
24014
Jugando Partidos contra vecino 20
Resultado 5
21368.5
Jugando Partidos contra vecino 21
Resultado 5
32147.6
Jugando Partidos contra vecino 22
Resultado 4
30748.8
Jugando Partidos contra vecino 23
Resultado 11
39142.7
Yo soy: 
62 66 93 89 73 46 40 47 65 98 74 98 31 66 37 34 91 34 El mejor fue: 23
62 66 93 89 83 46 40 47 65 98 74 98 31 66 37 34 91 34 Generación 197
arranca 
Jugando Partidos contra vecino 0
Resultado 3
21235.8
Jugando Partidos contra vecino 1
Resultado 5
24336.3
Jugando Partidos contra vecino 2
Resultado 6
35888.5
Jugando Partidos contra vecino 3
Resultado 4
23325.4
Jugando Partidos contra vecino 4
Resultado 4
24522.8
Jugando Partidos contra vecino 5
Resultado 6
22686.2
Jugando Partidos contra vecino 6
Resultado 5
25611.5
Jugando Partidos contra vecino 7
Resultado 4
26623.6
Jugando Partidos contra vecino 8
Resultado 10
33376.5
Yo soy: 
62 66 93 89 83 46 40 47 65 98 74 98 31 66 37 34 91 34 El mejor fue: 8
62 66 93 89 83 46 40 47 65 98 74 98 31 76 37 34 91 34 Generación 196
arranca 
Jugando Partidos contra vecino 0
Resultado 9
29651.9
Jugando Partidos contra vecino 1
Resultado 11
34295.2
Yo soy: 
62 66 93 89 83 46 40 47 65 98 74 98 31 76 37 34 91 34 El mejor fue: 1
52 66 93 89 83 46 40 47 65 98 74 98 31 76 37 34 91 34 Generación 195
arranca 
Jugando Partidos contra vecino 0
Resultado 7
19019.3
Jugando Partidos contra vecino 1
Resultado 6
30412.6
Jugando Partidos contra vecino 2
Resultado 9
37782.1
Jugando Partidos contra vecino 3
Resultado 6
23440.4
Jugando Partidos contra vecino 4
Resultado 5
23034
Jugando Partidos contra vecino 5
Resultado 9
29449.3
Jugando Partidos contra vecino 6
Resultado 7
27221.5
Jugando Partidos contra vecino 7
Resultado 4
29603
Jugando Partidos contra vecino 8
Resultado 5
27331
Jugando Partidos contra vecino 9
Resultado 8
30705.6
Jugando Partidos contra vecino 10
Resultado 5
25916.3
Jugando Partidos contra vecino 11
Resultado 4
30299
Jugando Partidos contra vecino 12
Resultado 4
21937.6
Jugando Partidos contra vecino 13
Resultado 5
18888
Jugando Partidos contra vecino 14
Resultado 8
31483.8
Jugando Partidos contra vecino 15
Resultado 9
29511.1
Jugando Partidos contra vecino 16
Resultado 7
28770
Jugando Partidos contra vecino 17
Resultado 8
26599.4
Jugando Partidos contra vecino 18
Resultado 5
29302.2
Jugando Partidos contra vecino 19
Resultado 6
27159.9
Jugando Partidos contra vecino 20
Resultado 5
32695.7
Jugando Partidos contra vecino 21
Resultado 7
23034.3
Jugando Partidos contra vecino 22
Resultado 4
22217.5
Jugando Partidos contra vecino 23
Resultado 6
30841.7
Jugando Partidos contra vecino 24
Resultado 7
30345.8
Jugando Partidos contra vecino 25
Resultado 6
24073.5
Jugando Partidos contra vecino 26
Resultado 7
26463.5
Jugando Partidos contra vecino 27
Resultado 5
21252.1
Jugando Partidos contra vecino 28
Resultado 7
31521.5
Jugando Partidos contra vecino 29
Resultado 6
27908.9
Jugando Partidos contra vecino 30
Resultado 9
27242.7
Jugando Partidos contra vecino 31
Resultado 4
22699.6
Jugando Partidos contra vecino 32
Resultado 11
33549.8
Yo soy: 
52 66 93 89 83 46 40 47 65 98 74 98 31 76 37 34 91 34 El mejor fue: 32
62 66 93 89 83 46 40 47 65 98 74 98 31 76 37 34 91 34 Generación 194
arranca 
Jugando Partidos contra vecino 0
Resultado 4
25613.7
Jugando Partidos contra vecino 1
Resultado 5
17424.3
Jugando Partidos contra vecino 2
Resultado 7
30727
Jugando Partidos contra vecino 3
Resultado 5
32848.5
Jugando Partidos contra vecino 4
Resultado 3
27371.3
Jugando Partidos contra vecino 5
Resultado 8
31182.1
Jugando Partidos contra vecino 6
Resultado 7
26961.5
Jugando Partidos contra vecino 7
Resultado 5
32135.4
Jugando Partidos contra vecino 8
Resultado 5
30613
Jugando Partidos contra vecino 9
Resultado 7
37703.2
Jugando Partidos contra vecino 10
Resultado 4
36820.8
Jugando Partidos contra vecino 11
Resultado 5
30759.6
Jugando Partidos contra vecino 12
Resultado 7
27155.2
Jugando Partidos contra vecino 13
Resultado 3
27167.2
Jugando Partidos contra vecino 14
Resultado 5
27790.9
Jugando Partidos contra vecino 15
Resultado 8
39684.8
Jugando Partidos contra vecino 16
Resultado 7
29257.6
Jugando Partidos contra vecino 17
Resultado 6
18141
Jugando Partidos contra vecino 18
Resultado 7
24790.5
Jugando Partidos contra vecino 19
Resultado 7
25863.7
Jugando Partidos contra vecino 20
Resultado 2
25634.1
Jugando Partidos contra vecino 21
Resultado 4
19441.6
Jugando Partidos contra vecino 22
Resultado 10
30438.1
Yo soy: 
62 66 93 89 83 46 40 47 65 98 74 98 31 76 37 34 91 34 El mejor fue: 22
62 66 93 89 83 46 50 47 65 98 74 98 31 76 37 34 91 34 Generación 193
arranca 
Jugando Partidos contra vecino 0
Resultado 7
34681
Jugando Partidos contra vecino 1
Resultado 5
26497.8
Jugando Partidos contra vecino 2
Resultado 4
23411.3
Jugando Partidos contra vecino 3
Resultado 8
27930.9
Jugando Partidos contra vecino 4
Resultado 8
35906.8
Jugando Partidos contra vecino 5
Resultado 7
27367
Jugando Partidos contra vecino 6
Resultado 4
26179.5
Jugando Partidos contra vecino 7
Resultado 5
32075.8
Jugando Partidos contra vecino 8
Resultado 7
29384.6
Jugando Partidos contra vecino 9
Resultado 5
29314.8
Jugando Partidos contra vecino 10
Resultado 4
20912.3
Jugando Partidos contra vecino 11
Resultado 9
37653.6
Jugando Partidos contra vecino 12
Resultado 11
30045.2
Yo soy: 
62 66 93 89 83 46 50 47 65 98 74 98 31 76 37 34 91 34 El mejor fue: 12
62 66 93 89 83 36 50 47 65 98 74 98 31 76 37 34 91 34 Generación 192
arranca 
Jugando Partidos contra vecino 0
Resultado 7
27869.7
Jugando Partidos contra vecino 1
Resultado 8
28673.2
Jugando Partidos contra vecino 2
Resultado 5
33046.6
Jugando Partidos contra vecino 3
Resultado 3
25614.8
Jugando Partidos contra vecino 4
Resultado 4
20326.8
Jugando Partidos contra vecino 5
Resultado 7
29076.1
Jugando Partidos contra vecino 6
Resultado 7
34334.3
Jugando Partidos contra vecino 7
Resultado 9
29380
Jugando Partidos contra vecino 8
Resultado 2
21002.4
Jugando Partidos contra vecino 9
Resultado 5
29130.5
Jugando Partidos contra vecino 10
Resultado 10
33040.6
Yo soy: 
62 66 93 89 83 36 50 47 65 98 74 98 31 76 37 34 91 34 El mejor fue: 10
62 66 93 79 83 36 50 47 65 98 74 98 31 76 37 34 91 34 Generación 191
arranca 
Jugando Partidos contra vecino 0
Resultado 5
30531
Jugando Partidos contra vecino 1
Resultado 7
26983.6
Jugando Partidos contra vecino 2
Resultado 7
35961
Jugando Partidos contra vecino 3
Resultado 4
29438.6
Jugando Partidos contra vecino 4
Resultado 6
25355.5
Jugando Partidos contra vecino 5
Resultado 3
22237.7
Jugando Partidos contra vecino 6
Resultado 9
32290.7
Jugando Partidos contra vecino 7
Resultado 4
31662.9
Jugando Partidos contra vecino 8
Resultado 7
27354.8
Jugando Partidos contra vecino 9
Resultado 8
27097.9
Jugando Partidos contra vecino 10
Resultado 7
30152
Jugando Partidos contra vecino 11
Resultado 5
20504.3
Jugando Partidos contra vecino 12
Resultado 5
24114.2
Jugando Partidos contra vecino 13
Resultado 4
23199.5
Jugando Partidos contra vecino 14
Resultado 3
25947.6
Jugando Partidos contra vecino 15
Resultado 6
30948.8
Jugando Partidos contra vecino 16
Resultado 9
32626.6
Jugando Partidos contra vecino 17
Resultado 2
20031.7
Jugando Partidos contra vecino 18
Resultado 9
23041.7
Jugando Partidos contra vecino 19
Resultado 3
30923.7
Jugando Partidos contra vecino 20
Resultado 7
31107.1
Jugando Partidos contra vecino 21
Resultado 5
27124.9
Jugando Partidos contra vecino 22
Resultado 6
27040.6
Jugando Partidos contra vecino 23
Resultado 6
26452
Jugando Partidos contra vecino 24
Resultado 6
30993.4
Jugando Partidos contra vecino 25
Resultado 6
22516.6
Jugando Partidos contra vecino 26
Resultado 4
25972.1
Jugando Partidos contra vecino 27
Resultado 4
22257.5
Jugando Partidos contra vecino 28
Resultado 5
29460.4
Jugando Partidos contra vecino 29
Resultado 6
26354.6
Jugando Partidos contra vecino 30
Resultado 9
23000.8
Jugando Partidos contra vecino 31
Resultado 6
30298.4
Jugando Partidos contra vecino 32
Resultado 8
24731.3
Jugando Partidos contra vecino 33
Resultado 6
29723.9
Jugando Partidos contra vecino 34
Resultado 6
23128.7
Jugando Partidos contra vecino 35
Resultado 8
31454.8
5.55391e+06
arranca 
Jugando Partidos contra vecino 0
Resultado 9
52746.2
Jugando Partidos contra vecino 1
Resultado 5
50849.7
Jugando Partidos contra vecino 2
Resultado 9
48924.6
Jugando Partidos contra vecino 3
Resultado 13
57462.9
Yo soy: 
81 28 28 57 77 41 21 36 69 6 10 52 91 32 19 85 40 7 El mejor fue: 3
81 28 28 57 77 41 21 36 69 6 10 52 91 32 19 85 40 17 Generación 199
arranca 
Jugando Partidos contra vecino 0
Resultado 13
54732.6
Yo soy: 
81 28 28 57 77 41 21 36 69 6 10 52 91 32 19 85 40 17 El mejor fue: 0
81 28 28 57 77 31 21 36 69 6 10 52 91 32 19 85 40 17 Generación 198
arranca 
Jugando Partidos contra vecino 0
Resultado 9
46998.2
Jugando Partidos contra vecino 1
Resultado 5
58069.7
Jugando Partidos contra vecino 2
Resultado 9
57909.2
Jugando Partidos contra vecino 3
Resultado 11
50424.1
Yo soy: 
81 28 28 57 77 31 21 36 69 6 10 52 91 32 19 85 40 17 El mejor fue: 3
81 28 28 57 77 21 21 36 69 6 10 52 91 32 19 85 40 17 Generación 197
arranca 
Jugando Partidos contra vecino 0
Resultado 5
20066.3
Jugando Partidos contra vecino 1
Resultado 9
56471.6
Jugando Partidos contra vecino 2
Resultado 6
51421.8
Jugando Partidos contra vecino 3
Resultado 13
53092.2
Yo soy: 
81 28 28 57 77 21 21 36 69 6 10 52 91 32 19 85 40 17 El mejor fue: 3
81 28 28 57 77 21 21 36 69 16 10 52 91 32 19 85 40 17 Generación 196
arranca 
Jugando Partidos contra vecino 0
Resultado 9
52443.9
Jugando Partidos contra vecino 1
Resultado 5
49795.3
Jugando Partidos contra vecino 2
Resultado 9
49970.7
Jugando Partidos contra vecino 3
Resultado 7
44746.2
Jugando Partidos contra vecino 4
Resultado 7
58814.1
Jugando Partidos contra vecino 5
Resultado 9
60241.7
Jugando Partidos contra vecino 6
Resultado 11
54949.9
Yo soy: 
81 28 28 57 77 21 21 36 69 16 10 52 91 32 19 85 40 17 El mejor fue: 6
91 28 28 57 77 21 21 36 69 16 10 52 91 32 19 85 40 17 Generación 195
arranca 
Jugando Partidos contra vecino 0
Resultado 9
45217.2
Jugando Partidos contra vecino 1
Resultado 5
61628.4
Jugando Partidos contra vecino 2
Resultado 9
69301.1
Jugando Partidos contra vecino 3
Resultado 13
41689.5
Yo soy: 
91 28 28 57 77 21 21 36 69 16 10 52 91 32 19 85 40 17 El mejor fue: 3
91 28 28 57 77 11 21 36 69 16 10 52 91 32 19 85 40 17 Generación 194
arranca 
Jugando Partidos contra vecino 0
Resultado 9
60831.9
Jugando Partidos contra vecino 1
Resultado 9
53088.6
Jugando Partidos contra vecino 2
Resultado 7
51334.2
Jugando Partidos contra vecino 3
Resultado 5
66711.9
Jugando Partidos contra vecino 4
Resultado 9
46671.3
Jugando Partidos contra vecino 5
Resultado 9
45216.2
Jugando Partidos contra vecino 6
Resultado 5
47963.6
Jugando Partidos contra vecino 7
Resultado 7
41996.6
Jugando Partidos contra vecino 8
Resultado 5
46240.6
Jugando Partidos contra vecino 9
Resultado 9
46777.6
Jugando Partidos contra vecino 10
Resultado 9
55384.2
Jugando Partidos contra vecino 11
Resultado 7
51971.3
Jugando Partidos contra vecino 12
Resultado 9
54569.9
Jugando Partidos contra vecino 13
Resultado 9
63695.3
Jugando Partidos contra vecino 14
Resultado 7
66696.8
Jugando Partidos contra vecino 15
Resultado 9
55130.1
Jugando Partidos contra vecino 16
Resultado 7
48806.3
Jugando Partidos contra vecino 17
Resultado 7
71254.3
Jugando Partidos contra vecino 18
Resultado 7
65702.1
Jugando Partidos contra vecino 19
Resultado 7
65797.1
Jugando Partidos contra vecino 20
Resultado 7
59577.2
Jugando Partidos contra vecino 21
Resultado 7
45145.9
Jugando Partidos contra vecino 22
Resultado 9
58371.1
Jugando Partidos contra vecino 23
Resultado 9
56936.2
Jugando Partidos contra vecino 24
Resultado 5
58747.6
Jugando Partidos contra vecino 25
Resultado 5
21726.8
Jugando Partidos contra vecino 26
Resultado 9
52086.3
Jugando Partidos contra vecino 27
Resultado 9
65806.1
Jugando Partidos contra vecino 28
Resultado 7
62314.2
Jugando Partidos contra vecino 29
Resultado 7
52580.1
Jugando Partidos contra vecino 30
Resultado 5
64678.3
Jugando Partidos contra vecino 31
Resultado 5
56450.9
Jugando Partidos contra vecino 32
Resultado 5
59397.1
Jugando Partidos contra vecino 33
Resultado 9
57574.9
Jugando Partidos contra vecino 34
Resultado 7
51430.3
Jugando Partidos contra vecino 35
Resultado 7
63487.2
3.24012e+06
arranca 
Jugando Partidos contra vecino 0
Resultado 5
33490.3
Jugando Partidos contra vecino 1
Resultado 5
31595.1
Jugando Partidos contra vecino 2
Resultado 5
35664.5
Jugando Partidos contra vecino 3
Resultado 5
30404.8
Jugando Partidos contra vecino 4
Resultado 5
32645
Jugando Partidos contra vecino 5
Resultado 5
33948.5
Jugando Partidos contra vecino 6
Resultado 5
32054.3
Jugando Partidos contra vecino 7
Resultado 5
35564.6
Jugando Partidos contra vecino 8
Resultado 5
36137
Jugando Partidos contra vecino 9
Resultado 5
35169.1
Jugando Partidos contra vecino 10
Resultado 4
31399.4
Jugando Partidos contra vecino 11
Resultado 5
32722.2
Jugando Partidos contra vecino 12
Resultado 5
32591.5
Jugando Partidos contra vecino 13
Resultado 5
27259.3
Jugando Partidos contra vecino 14
Resultado 5
33289.6
Jugando Partidos contra vecino 15
Resultado 5
37372
Jugando Partidos contra vecino 16
Resultado 5
29183.9
Jugando Partidos contra vecino 17
Resultado 4
32764.3
Jugando Partidos contra vecino 18
Resultado 5
34461.8
Jugando Partidos contra vecino 19
Resultado 5
28961.1
Jugando Partidos contra vecino 20
Resultado 5
31698.6
Jugando Partidos contra vecino 21
Resultado 5
20551.9
Jugando Partidos contra vecino 22
Resultado 4
29582.4
Jugando Partidos contra vecino 23
Resultado 5
29407.8
Jugando Partidos contra vecino 24
Resultado 5
32274.2
Jugando Partidos contra vecino 25
Resultado 5
33314.3
Jugando Partidos contra vecino 26
Resultado 5
36440.1
Jugando Partidos contra vecino 27
Resultado 5
36950.4
Jugando Partidos contra vecino 28
Resultado 5
37449
Jugando Partidos contra vecino 29
Resultado 13
34752.3
Yo soy: 
43 92 6 93 26 90 59 3 40 6 28 31 52 1 42 1 24 42 El mejor fue: 29
43 92 6 93 26 90 59 3 40 6 28 31 52 -9 42 1 24 42 Generación 199
arranca 
Jugando Partidos contra vecino 0
Resultado 15
34012.8
Yo soy: 
43 92 6 93 26 90 59 3 40 6 28 31 52 -9 42 1 24 42 El mejor fue: 0
43 92 6 93 26 90 59 3 40 6 28 31 52 -9 42 1 24 32 Generación 198
arranca 
Jugando Partidos contra vecino 0
Resultado 13
32668.1
Yo soy: 
43 92 6 93 26 90 59 3 40 6 28 31 52 -9 42 1 24 32 El mejor fue: 0
43 92 6 93 26 90 59 3 40 6 28 31 52 -9 42 11 24 32 Generación 197
arranca 
Jugando Partidos contra vecino 0
Resultado 15
36869
Yo soy: 
43 92 6 93 26 90 59 3 40 6 28 31 52 -9 42 11 24 32 El mejor fue: 0
43 72 6 93 26 90 59 3 40 6 28 31 52 -9 42 11 24 32 Generación 196
arranca 
Jugando Partidos contra vecino 0
Resultado 11
45561.3
Yo soy: 
43 72 6 93 26 90 59 3 40 6 28 31 52 -9 42 11 24 32 El mejor fue: 0
43 72 6 93 26 90 59 3 50 6 28 31 52 -9 42 11 24 32 Generación 195
arranca 
Jugando Partidos contra vecino 0
Resultado 13
42125.1
Yo soy: 
43 72 6 93 26 90 59 3 50 6 28 31 52 -9 42 11 24 32 El mejor fue: 0
43 72 6 93 26 90 59 3 50 -4 28 31 52 -9 42 11 24 32 Generación 194
arranca 
Jugando Partidos contra vecino 0
Resultado 13
43513
Yo soy: 
43 72 6 93 26 90 59 3 50 -4 28 31 52 -9 42 11 24 32 El mejor fue: 0
53 72 6 93 26 90 59 3 50 -4 28 31 52 -9 42 11 24 32 Generación 193
arranca 
Jugando Partidos contra vecino 0
Resultado 11
44541.1
Yo soy: 
53 72 6 93 26 90 59 3 50 -4 28 31 52 -9 42 11 24 32 El mejor fue: 0
53 72 6 73 26 90 59 3 50 -4 28 31 52 -9 42 11 24 32 Generación 192
arranca 
Jugando Partidos contra vecino 0
Resultado 13
42143.7
Yo soy: 
53 72 6 73 26 90 59 3 50 -4 28 31 52 -9 42 11 24 32 El mejor fue: 0
53 72 6 73 36 90 59 3 50 -4 28 31 52 -9 42 11 24 32 Generación 191
arranca 
Jugando Partidos contra vecino 0
Resultado 13
41525.3
Yo soy: 
53 72 6 73 36 90 59 3 50 -4 28 31 52 -9 42 11 24 32 El mejor fue: 0
53 72 16 73 36 90 59 3 50 -4 28 31 52 -9 42 11 24 32 Generación 190
arranca 
Jugando Partidos contra vecino 0
Resultado 15
34515.2
Yo soy: 
53 72 16 73 36 90 59 3 50 -4 28 31 52 -9 42 11 24 32 El mejor fue: 0
53 72 16 73 26 90 59 3 50 -4 28 31 52 -9 42 11 24 32 Generación 189
arranca 
Jugando Partidos contra vecino 0
Resultado 13
38708.2
Yo soy: 
53 72 16 73 26 90 59 3 50 -4 28 31 52 -9 42 11 24 32 El mejor fue: 0
53 72 16 73 26 90 59 3 60 -4 28 31 52 -9 42 11 24 32 Generación 188
arranca 
Jugando Partidos contra vecino 0
Resultado 15
35515.9
Yo soy: 
53 72 16 73 26 90 59 3 60 -4 28 31 52 -9 42 11 24 32 El mejor fue: 0
53 72 16 73 26 80 59 3 60 -4 28 31 52 -9 42 11 24 32 Generación 187
arranca 
Jugando Partidos contra vecino 0
Resultado 15
31795.8
Yo soy: 
53 72 16 73 26 80 59 3 60 -4 28 31 52 -9 42 11 24 32 El mejor fue: 0
53 72 16 73 26 80 69 3 60 -4 28 31 52 -9 42 11 24 32 Generación 186
arranca 
Jugando Partidos contra vecino 0
Resultado 13
40423
Yo soy: 
53 72 16 73 26 80 69 3 60 -4 28 31 52 -9 42 11 24 32 El mejor fue: 0
53 62 16 73 26 80 69 3 60 -4 28 31 52 -9 42 11 24 32 Generación 185
arranca 
Jugando Partidos contra vecino 0
Resultado 13
43112.2
Yo soy: 
53 62 16 73 26 80 69 3 60 -4 28 31 52 -9 42 11 24 32 El mejor fue: 0
53 52 16 73 26 80 69 3 60 -4 28 31 52 -9 42 11 24 32 Generación 184
arranca 
Jugando Partidos contra vecino 0
Resultado 7
45177.8
Jugando Partidos contra vecino 1
Resultado 15
51308.9
Yo soy: 
53 52 16 73 26 80 69 3 60 -4 28 31 52 -9 42 11 24 32 El mejor fue: 1
53 52 16 73 26 80 69 3 60 -4 28 31 52 -9 42 11 34 32 Generación 183
arranca 
Jugando Partidos contra vecino 0
Resultado 13
45714.3
Yo soy: 
53 52 16 73 26 80 69 3 60 -4 28 31 52 -9 42 11 34 32 El mejor fue: 0
53 52 16 73 26 80 69 3 60 -4 28 31 52 -9 52 11 34 32 Generación 182
arranca 
Jugando Partidos contra vecino 0
Resultado 13
38142.2
Yo soy: 
53 52 16 73 26 80 69 3 60 -4 28 31 52 -9 52 11 34 32 El mejor fue: 0
53 52 16 73 26 80 69 -7 60 -4 28 31 52 -9 52 11 34 32 Generación 181
arranca 
Jugando Partidos contra vecino 0
Resultado 15
39180.3
Yo soy: 
53 52 16 73 26 80 69 -7 60 -4 28 31 52 -9 52 11 34 32 El mejor fue: 0
53 52 16 73 26 80 69 -7 60 -4 28 31 52 -9 52 11 44 32 Generación 180
arranca 
Jugando Partidos contra vecino 0
Resultado 13
34135.7
Yo soy: 
53 52 16 73 26 80 69 -7 60 -4 28 31 52 -9 52 11 44 32 El mejor fue: 0
53 52 16 73 26 80 69 -7 60 -4 28 31 52 -9 52 11 34 32 Generación 179
arranca 
Jugando Partidos contra vecino 0
Resultado 11
34957.3
Yo soy: 
53 52 16 73 26 80 69 -7 60 -4 28 31 52 -9 52 11 34 32 El mejor fue: 0
53 52 16 73 26 80 69 -7 60 -4 28 31 52 -9 52 21 34 32 Generación 178
arranca 
Jugando Partidos contra vecino 0
Resultado 13
34216.1
Yo soy: 
53 52 16 73 26 80 69 -7 60 -4 28 31 52 -9 52 21 34 32 El mejor fue: 0
53 52 16 73 26 80 59 -7 60 -4 28 31 52 -9 52 21 34 32 Generación 177
arranca 
Jugando Partidos contra vecino 0
Resultado 9
46623.7
Jugando Partidos contra vecino 1
Resultado 13
38389.3
Yo soy: 
53 52 16 73 26 80 59 -7 60 -4 28 31 52 -9 52 21 34 32 El mejor fue: 1
53 52 16 73 26 80 59 -7 60 6 28 31 52 -9 52 21 34 32 Generación 176
arranca 
Jugando Partidos contra vecino 0
Resultado 13
34197
Yo soy: 
53 52 16 73 26 80 59 -7 60 6 28 31 52 -9 52 21 34 32 El mejor fue: 0
53 52 16 73 26 80 59 -7 60 6 28 31 52 -19 52 21 34 32 Generación 175
arranca 
Jugando Partidos contra vecino 0
Resultado 15
35159.1
Yo soy: 
53 52 16 73 26 80 59 -7 60 6 28 31 52 -19 52 21 34 32 El mejor fue: 0
53 52 16 73 26 80 59 -7 60 6 28 31 52 -29 52 21 34 32 Generación 174
arranca 
Jugando Partidos contra vecino 0
Resultado 11
49145.1
Yo soy: 
53 52 16 73 26 80 59 -7 60 6 28 31 52 -29 52 21 34 32 El mejor fue: 0
63 52 16 73 26 80 59 -7 60 6 28 31 52 -29 52 21 34 32 Generación 173
arranca 
Jugando Partidos contra vecino 0
Resultado 9
50017.9
Jugando Partidos contra vecino 1
Resultado 9
51246.2
Jugando Partidos contra vecino 2
Resultado 7
54390.3
Jugando Partidos contra vecino 3
Resultado 9
56248.5
Jugando Partidos contra vecino 4
Resultado 9
57359.5
Jugando Partidos contra vecino 5
Resultado 11
38194.9
Yo soy: 
63 52 16 73 26 80 59 -7 60 6 28 31 52 -29 52 21 34 32 El mejor fue: 5
63 52 6 73 26 80 59 -7 60 6 28 31 52 -29 52 21 34 32 Generación 172
arranca 
Jugando Partidos contra vecino 0
Resultado 9
42283.4
Jugando Partidos contra vecino 1
Resultado 5
59265.2
Jugando Partidos contra vecino 2
Resultado 15
32996.9
Yo soy: 
63 52 6 73 26 80 59 -7 60 6 28 31 52 -29 52 21 34 32 El mejor fue: 2
63 52 6 73 26 80 59 -7 60 6 28 31 62 -29 52 21 34 32 Generación 171
arranca 
Jugando Partidos contra vecino 0
Resultado 13
42885.1
Yo soy: 
63 52 6 73 26 80 59 -7 60 6 28 31 62 -29 52 21 34 32 El mejor fue: 0
63 52 -4 73 26 80 59 -7 60 6 28 31 62 -29 52 21 34 32 Generación 170
arranca 
Jugando Partidos contra vecino 0
Resultado 11
42271.2
Yo soy: 
63 52 -4 73 26 80 59 -7 60 6 28 31 62 -29 52 21 34 32 El mejor fue: 0
63 52 -4 63 26 80 59 -7 60 6 28 31 62 -29 52 21 34 32 Generación 169
arranca 
Jugando Partidos contra vecino 0
Resultado 15
25124.7
Yo soy: 
63 52 -4 63 26 80 59 -7 60 6 28 31 62 -29 52 21 34 32 El mejor fue: 0
63 52 -4 63 26 80 59 -7 60 6 28 31 72 -29 52 21 34 32 Generación 168
arranca 
Jugando Partidos contra vecino 0
Resultado 13
44221.4
Yo soy: 
63 52 -4 63 26 80 59 -7 60 6 28 31 72 -29 52 21 34 32 El mejor fue: 0
63 52 -4 63 26 80 59 -7 60 6 28 31 72 -29 52 21 34 22 Generación 167
arranca 
Jugando Partidos contra vecino 0
Resultado 15
46188.9
Yo soy: 
63 52 -4 63 26 80 59 -7 60 6 28 31 72 -29 52 21 34 22 El mejor fue: 0
63 52 6 63 26 80 59 -7 60 6 28 31 72 -29 52 21 34 22 Generación 166
arranca 
Jugando Partidos contra vecino 0
Resultado 15
47480.4
Yo soy: 
63 52 6 63 26 80 59 -7 60 6 28 31 72 -29 52 21 34 22 El mejor fue: 0
63 52 6 63 26 80 69 -7 60 6 28 31 72 -29 52 21 34 22 Generación 165
arranca 
Jugando Partidos contra vecino 0
Resultado 11
44435.5
Yo soy: 
63 52 6 63 26 80 69 -7 60 6 28 31 72 -29 52 21 34 22 El mejor fue: 0
63 52 6 63 26 80 69 -7 60 6 28 31 72 -29 42 21 34 22 Generación 164
arranca 
Jugando Partidos contra vecino 0
Resultado 13
44739.3
Yo soy: 
63 52 6 63 26 80 69 -7 60 6 28 31 72 -29 42 21 34 22 El mejor fue: 0
63 52 6 63 36 80 69 -7 60 6 28 31 72 -29 42 21 34 22 Generación 163
arranca 
Jugando Partidos contra vecino 0
Resultado 15
50006
Yo soy: 
63 52 6 63 36 80 69 -7 60 6 28 31 72 -29 42 21 34 22 El mejor fue: 0
63 52 6 73 36 80 69 -7 60 6 28 31 72 -29 42 21 34 22 Generación 162
arranca 
Jugando Partidos contra vecino 0
Resultado 15
48913.9
Yo soy: 
63 52 6 73 36 80 69 -7 60 6 28 31 72 -29 42 21 34 22 El mejor fue: 0
63 52 6 73 36 80 59 -7 60 6 28 31 72 -29 42 21 34 22 Generación 161
arranca 
Jugando Partidos contra vecino 0
Resultado 13
49338.6
Yo soy: 
63 52 6 73 36 80 59 -7 60 6 28 31 72 -29 42 21 34 22 El mejor fue: 0
63 52 6 73 36 80 59 -7 70 6 28 31 72 -29 42 21 34 22 Generación 160
arranca 
Jugando Partidos contra vecino 0
Resultado 15
48333.5
Yo soy: 
63 52 6 73 36 80 59 -7 70 6 28 31 72 -29 42 21 34 22 El mejor fue: 0
63 52 6 63 36 80 59 -7 70 6 28 31 72 -29 42 21 34 22 Generación 159
arranca 
Jugando Partidos contra vecino 0
Resultado 7
38074.8
Jugando Partidos contra vecino 1
Resultado 11
42996.7
Yo soy: 
63 52 6 63 36 80 59 -7 70 6 28 31 72 -29 42 21 34 22 El mejor fue: 1
63 52 6 63 36 80 59 3 70 6 28 31 72 -29 42 21 34 22 Generación 158
arranca 
Jugando Partidos contra vecino 0
Resultado 11
43578.4
Yo soy: 
63 52 6 63 36 80 59 3 70 6 28 31 72 -29 42 21 34 22 El mejor fue: 0
63 52 6 63 36 80 59 3 70 6 28 41 72 -29 42 21 34 22 Generación 157
arranca 
Jugando Partidos contra vecino 0
Resultado 13
45403.9
Yo soy: 
63 52 6 63 36 80 59 3 70 6 28 41 72 -29 42 21 34 22 El mejor fue: 0
63 52 6 63 36 80 69 3 70 6 28 41 72 -29 42 21 34 22 Generación 156
arranca 
Jugando Partidos contra vecino 0
Resultado 11
45955.8
Yo soy: 
63 52 6 63 36 80 69 3 70 6 28 41 72 -29 42 21 34 22 El mejor fue: 0
63 52 6 63 36 80 69 3 70 6 28 31 72 -29 42 21 34 22 Generación 155
arranca 
Jugando Partidos contra vecino 0
Resultado 11
46996.4
Yo soy: 
63 52 6 63 36 80 69 3 70 6 28 31 72 -29 42 21 34 22 El mejor fue: 0
63 52 6 63 36 80 79 3 70 6 28 31 72 -29 42 21 34 22 Generación 154
arranca 
Jugando Partidos contra vecino 0
Resultado 5
39855.7
Jugando Partidos contra vecino 1
Resultado 13
47106
Yo soy: 
63 52 6 63 36 80 79 3 70 6 28 31 72 -29 42 21 34 22 El mejor fue: 1
63 52 16 63 36 80 79 3 70 6 28 31 72 -29 42 21 34 22 Generación 153
arranca 
Jugando Partidos contra vecino 0
Resultado 15
47453.1
Yo soy: 
63 52 16 63 36 80 79 3 70 6 28 31 72 -29 42 21 34 22 El mejor fue: 0
63 52 16 63 36 80 79 3 70 6 28 41 72 -29 42 21 34 22 Generación 152
arranca 
Jugando Partidos contra vecino 0
Resultado 15
49550.5
Yo soy: 
63 52 16 63 36 80 79 3 70 6 28 41 72 -29 42 21 34 22 El mejor fue: 0
63 52 16 63 36 70 79 3 70 6 28 41 72 -29 42 21 34 22 Generación 151
arranca 
Jugando Partidos contra vecino 0
Resultado 15
46720.5
Yo soy: 
63 52 16 63 36 70 79 3 70 6 28 41 72 -29 42 21 34 22 El mejor fue: 0
63 52 16 73 36 70 79 3 70 6 28 41 72 -29 42 21 34 22 Generación 150
arranca 
Jugando Partidos contra vecino 0
Resultado 5
47454.6
Jugando Partidos contra vecino 1
Resultado 15
47753.7
Yo soy: 
63 52 16 73 36 70 79 3 70 6 28 41 72 -29 42 21 34 22 El mejor fue: 1
63 52 16 73 36 70 79 3 80 6 28 41 72 -29 42 21 34 22 Generación 149
arranca 
Jugando Partidos contra vecino 0
Resultado 15
48670.4
Yo soy: 
63 52 16 73 36 70 79 3 80 6 28 41 72 -29 42 21 34 22 El mejor fue: 0
63 52 16 73 36 70 79 3 80 6 28 41 72 -39 42 21 34 22 Generación 148
arranca 
Jugando Partidos contra vecino 0
Resultado 13
44006
Yo soy: 
63 52 16 73 36 70 79 3 80 6 28 41 72 -39 42 21 34 22 El mejor fue: 0
63 52 16 73 36 70 79 3 80 6 28 41 72 -39 42 31 34 22 Generación 147
arranca 
Jugando Partidos contra vecino 0
Resultado 15
47857.5
Yo soy: 
63 52 16 73 36 70 79 3 80 6 28 41 72 -39 42 31 34 22 El mejor fue: 0
63 52 16 73 36 70 79 3 80 6 28 41 72 -39 42 31 34 32 Generación 146
arranca 
Jugando Partidos contra vecino 0
Resultado 13
46863.8
Yo soy: 
63 52 16 73 36 70 79 3 80 6 28 41 72 -39 42 31 34 32 El mejor fue: 0
63 52 16 73 26 70 79 3 80 6 28 41 72 -39 42 31 34 32 Generación 145
arranca 
Jugando Partidos contra vecino 0
Resultado 11
40372.6
Yo soy: 
63 52 16 73 26 70 79 3 80 6 28 41 72 -39 42 31 34 32 El mejor fue: 0
63 52 16 73 26 70 79 13 80 6 28 41 72 -39 42 31 34 32 Generación 144
arranca 
Jugando Partidos contra vecino 0
Resultado 13
43233.3
Yo soy: 
63 52 16 73 26 70 79 13 80 6 28 41 72 -39 42 31 34 32 El mejor fue: 0
63 52 16 73 26 70 79 13 80 6 18 41 72 -39 42 31 34 32 Generación 143
arranca 
Jugando Partidos contra vecino 0
Resultado 13
47707.1
Yo soy: 
63 52 16 73 26 70 79 13 80 6 18 41 72 -39 42 31 34 32 El mejor fue: 0
63 52 16 73 26 70 79 13 80 6 8 41 72 -39 42 31 34 32 Generación 142
arranca 
Jugando Partidos contra vecino 0
Resultado 15
47726.8
Yo soy: 
63 52 16 73 26 70 79 13 80 6 8 41 72 -39 42 31 34 32 El mejor fue: 0
63 52 16 73 26 70 79 13 80 6 8 41 72 -39 32 31 34 32 Generación 141
arranca 
Jugando Partidos contra vecino 0
Resultado 15
45648.7
Yo soy: 
63 52 16 73 26 70 79 13 80 6 8 41 72 -39 32 31 34 32 El mejor fue: 0
63 52 16 73 26 70 79 13 80 6 8 41 82 -39 32 31 34 32 Generación 140
arranca 
Jugando Partidos contra vecino 0
Resultado 13
44495.3
Yo soy: 
63 52 16 73 26 70 79 13 80 6 8 41 82 -39 32 31 34 32 El mejor fue: 0
63 52 16 73 26 70 79 3 80 6 8 41 82 -39 32 31 34 32 Generación 139
arranca 
Jugando Partidos contra vecino 0
Resultado 13
43795.6
Yo soy: 
63 52 16 73 26 70 79 3 80 6 8 41 82 -39 32 31 34 32 El mejor fue: 0
63 52 16 73 26 70 79 3 80 6 8 41 82 -39 22 31 34 32 Generación 138
arranca 
Jugando Partidos contra vecino 0
Resultado 5
42815.4
Jugando Partidos contra vecino 1
Resultado 15
46054.7
Yo soy: 
63 52 16 73 26 70 79 3 80 6 8 41 82 -39 22 31 34 32 El mejor fue: 1
63 52 16 73 26 70 79 3 70 6 8 41 82 -39 22 31 34 32 Generación 137
arranca 
Jugando Partidos contra vecino 0
Resultado 13
39709
Yo soy: 
63 52 16 73 26 70 79 3 70 6 8 41 82 -39 22 31 34 32 El mejor fue: 0
73 52 16 73 26 70 79 3 70 6 8 41 82 -39 22 31 34 32 Generación 136
arranca 
Jugando Partidos contra vecino 0
Resultado 15
44579.9
Yo soy: 
73 52 16 73 26 70 79 3 70 6 8 41 82 -39 22 31 34 32 El mejor fue: 0
73 52 16 73 16 70 79 3 70 6 8 41 82 -39 22 31 34 32 Generación 135
arranca 
Jugando Partidos contra vecino 0
Resultado 15
51388.9
Yo soy: 
73 52 16 73 16 70 79 3 70 6 8 41 82 -39 22 31 34 32 El mejor fue: 0
73 52 16 73 16 70 79 3 70 6 8 41 82 -39 22 31 34 22 Generación 134
arranca 
Jugando Partidos contra vecino 0
Resultado 9
42204.8
Jugando Partidos contra vecino 1
Resultado 15
41914.6
Yo soy: 
73 52 16 73 16 70 79 3 70 6 8 41 82 -39 22 31 34 22 El mejor fue: 1
73 52 16 73 16 70 79 3 70 16 8 41 82 -39 22 31 34 22 Generación 133
arranca 
Jugando Partidos contra vecino 0
Resultado 15
52539
Yo soy: 
73 52 16 73 16 70 79 3 70 16 8 41 82 -39 22 31 34 22 El mejor fue: 0
73 52 16 73 16 70 79 3 70 26 8 41 82 -39 22 31 34 22 Generación 132
arranca 
Jugando Partidos contra vecino 0
Resultado 15
43293.8
Yo soy: 
73 52 16 73 16 70 79 3 70 26 8 41 82 -39 22 31 34 22 El mejor fue: 0
73 52 16 73 16 70 79 3 70 26 8 51 82 -39 22 31 34 22 Generación 131
arranca 
Jugando Partidos contra vecino 0
Resultado 13
39767.6
Yo soy: 
73 52 16 73 16 70 79 3 70 26 8 51 82 -39 22 31 34 22 El mejor fue: 0
73 52 16 63 16 70 79 3 70 26 8 51 82 -39 22 31 34 22 Generación 130
arranca 
Jugando Partidos contra vecino 0
Resultado 15
38547
Yo soy: 
73 52 16 63 16 70 79 3 70 26 8 51 82 -39 22 31 34 22 El mejor fue: 0
73 52 16 63 16 70 79 3 70 26 8 51 82 -39 22 31 34 32 Generación 129
arranca 
Jugando Partidos contra vecino 0
Resultado 13
40568.5
Yo soy: 
73 52 16 63 16 70 79 3 70 26 8 51 82 -39 22 31 34 32 El mejor fue: 0
73 52 16 63 16 70 79 13 70 26 8 51 82 -39 22 31 34 32 Generación 128
arranca 
Jugando Partidos contra vecino 0
Resultado 7
39598.5
Jugando Partidos contra vecino 1
Resultado 15
40645.6
Yo soy: 
73 52 16 63 16 70 79 13 70 26 8 51 82 -39 22 31 34 32 El mejor fue: 1
73 52 16 53 16 70 79 13 70 26 8 51 82 -39 22 31 34 32 Generación 127
arranca 
Jugando Partidos contra vecino 0
Resultado 11
37638
Yo soy: 
73 52 16 53 16 70 79 13 70 26 8 51 82 -39 22 31 34 32 El mejor fue: 0
73 52 16 53 16 70 79 13 70 16 8 51 82 -39 22 31 34 32 Generación 126
arranca 
Jugando Partidos contra vecino 0
Resultado 13
45201.3
Yo soy: 
73 52 16 53 16 70 79 13 70 16 8 51 82 -39 22 31 34 32 El mejor fue: 0
73 52 16 53 16 70 79 13 70 16 8 51 72 -39 22 31 34 32 Generación 125
arranca 
Jugando Partidos contra vecino 0
Resultado 13
42550.2
Yo soy: 
73 52 16 53 16 70 79 13 70 16 8 51 72 -39 22 31 34 32 El mejor fue: 0
73 52 16 53 16 60 79 13 70 16 8 51 72 -39 22 31 34 32 Generación 124
arranca 
Jugando Partidos contra vecino 0
Resultado 13
44572.4
Yo soy: 
73 52 16 53 16 60 79 13 70 16 8 51 72 -39 22 31 34 32 El mejor fue: 0
73 52 16 53 16 60 79 13 70 16 18 51 72 -39 22 31 34 32 Generación 123
arranca 
Jugando Partidos contra vecino 0
Resultado 13
39941.2
Yo soy: 
73 52 16 53 16 60 79 13 70 16 18 51 72 -39 22 31 34 32 El mejor fue: 0
73 52 16 53 16 60 79 13 70 16 18 61 72 -39 22 31 34 32 Generación 122
arranca 
Jugando Partidos contra vecino 0
Resultado 15
46029.1
Yo soy: 
73 52 16 53 16 60 79 13 70 16 18 61 72 -39 22 31 34 32 El mejor fue: 0
73 52 16 53 16 60 79 13 70 16 18 61 72 -39 22 31 24 32 Generación 121
arranca 
Jugando Partidos contra vecino 0
Resultado 15
45781.7
Yo soy: 
73 52 16 53 16 60 79 13 70 16 18 61 72 -39 22 31 24 32 El mejor fue: 0
73 52 16 53 16 70 79 13 70 16 18 61 72 -39 22 31 24 32 Generación 120
arranca 
Jugando Partidos contra vecino 0
Resultado 13
44167.4
Yo soy: 
73 52 16 53 16 70 79 13 70 16 18 61 72 -39 22 31 24 32 El mejor fue: 0
73 52 16 53 16 70 79 13 70 16 18 61 72 -39 32 31 24 32 Generación 119
arranca 
Jugando Partidos contra vecino 0
Resultado 13
35040.3
Yo soy: 
73 52 16 53 16 70 79 13 70 16 18 61 72 -39 32 31 24 32 El mejor fue: 0
63 52 16 53 16 70 79 13 70 16 18 61 72 -39 32 31 24 32 Generación 118
arranca 
Jugando Partidos contra vecino 0
Resultado 15
44412.3
Yo soy: 
63 52 16 53 16 70 79 13 70 16 18 61 72 -39 32 31 24 32 El mejor fue: 0
63 52 16 53 16 70 79 13 70 16 18 61 82 -39 32 31 24 32 Generación 117
arranca 
Jugando Partidos contra vecino 0
Resultado 13
42696.5
Yo soy: 
63 52 16 53 16 70 79 13 70 16 18 61 82 -39 32 31 24 32 El mejor fue: 0
63 52 16 53 16 70 69 13 70 16 18 61 82 -39 32 31 24 32 Generación 116
arranca 
Jugando Partidos contra vecino 0
Resultado 15
40675.5
Yo soy: 
63 52 16 53 16 70 69 13 70 16 18 61 82 -39 32 31 24 32 El mejor fue: 0
63 52 16 53 16 70 69 13 70 16 8 61 82 -39 32 31 24 32 Generación 115
arranca 
Jugando Partidos contra vecino 0
Resultado 13
38796.8
Yo soy: 
63 52 16 53 16 70 69 13 70 16 8 61 82 -39 32 31 24 32 El mejor fue: 0
63 42 16 53 16 70 69 13 70 16 8 61 82 -39 32 31 24 32 Generación 114
arranca 
Jugando Partidos contra vecino 0
Resultado 15
44349.5
Yo soy: 
63 42 16 53 16 70 69 13 70 16 8 61 82 -39 32 31 24 32 El mejor fue: 0
63 42 16 53 16 70 69 13 70 16 8 61 72 -39 32 31 24 32 Generación 113
arranca 
Jugando Partidos contra vecino 0
Resultado 15
36376
Yo soy: 
63 42 16 53 16 70 69 13 70 16 8 61 72 -39 32 31 24 32 El mejor fue: 0
63 42 16 43 16 70 69 13 70 16 8 61 72 -39 32 31 24 32 Generación 112
arranca 
Jugando Partidos contra vecino 0
Resultado 15
41893.3
Yo soy: 
63 42 16 43 16 70 69 13 70 16 8 61 72 -39 32 31 24 32 El mejor fue: 0
63 42 16 43 16 70 69 13 70 16 8 51 72 -39 32 31 24 32 Generación 111
arranca 
Jugando Partidos contra vecino 0
Resultado 15
45038.7
Yo soy: 
63 42 16 43 16 70 69 13 70 16 8 51 72 -39 32 31 24 32 El mejor fue: 0
63 42 16 53 16 70 69 13 70 16 8 51 72 -39 32 31 24 32 Generación 110
arranca 
Jugando Partidos contra vecino 0
Resultado 13
39029.7
Yo soy: 
63 42 16 53 16 70 69 13 70 16 8 51 72 -39 32 31 24 32 El mejor fue: 0
63 42 16 53 16 70 69 13 70 16 8 51 72 -39 32 31 24 42 Generación 109
arranca 
Jugando Partidos contra vecino 0
Resultado 15
44763.5
Yo soy: 
63 42 16 53 16 70 69 13 70 16 8 51 72 -39 32 31 24 42 El mejor fue: 0
63 42 16 53 6 70 69 13 70 16 8 51 72 -39 32 31 24 42 Generación 108
arranca 
Jugando Partidos contra vecino 0
Resultado 15
41840.3
Yo soy: 
63 42 16 53 6 70 69 13 70 16 8 51 72 -39 32 31 24 42 El mejor fue: 0
63 42 16 53 6 70 69 13 70 16 8 51 72 -39 32 31 14 42 Generación 107
arranca 
Jugando Partidos contra vecino 0
Resultado 15
45711.9
Yo soy: 
63 42 16 53 6 70 69 13 70 16 8 51 72 -39 32 31 14 42 El mejor fue: 0
63 42 16 53 6 80 69 13 70 16 8 51 72 -39 32 31 14 42 Generación 106
arranca 
Jugando Partidos contra vecino 0
Resultado 15
47378.4
Yo soy: 
63 42 16 53 6 80 69 13 70 16 8 51 72 -39 32 31 14 42 El mejor fue: 0
63 52 16 53 6 80 69 13 70 16 8 51 72 -39 32 31 14 42 Generación 105
arranca 
Jugando Partidos contra vecino 0
Resultado 13
44921.1
Yo soy: 
63 52 16 53 6 80 69 13 70 16 8 51 72 -39 32 31 14 42 El mejor fue: 0
63 42 16 53 6 80 69 13 70 16 8 51 72 -39 32 31 14 42 Generación 104
arranca 
Jugando Partidos contra vecino 0
Resultado 15
39044.9
Yo soy: 
63 42 16 53 6 80 69 13 70 16 8 51 72 -39 32 31 14 42 El mejor fue: 0
63 42 16 53 6 80 69 13 70 16 8 51 82 -39 32 31 14 42 Generación 103
arranca 
Jugando Partidos contra vecino 0
Resultado 15
47207.2
Yo soy: 
63 42 16 53 6 80 69 13 70 16 8 51 82 -39 32 31 14 42 El mejor fue: 0
63 42 16 53 6 80 69 13 70 16 8 51 82 -39 32 31 4 42 Generación 102
arranca 
Jugando Partidos contra vecino 0
Resultado 15
39493.8
Yo soy: 
63 42 16 53 6 80 69 13 70 16 8 51 82 -39 32 31 4 42 El mejor fue: 0
63 42 16 53 6 80 69 13 70 16 8 51 72 -39 32 31 4 42 Generación 101
arranca 
Jugando Partidos contra vecino 0
Resultado 13
45542.1
Yo soy: 
63 42 16 53 6 80 69 13 70 16 8 51 72 -39 32 31 4 42 El mejor fue: 0
63 42 6 53 6 80 69 13 70 16 8 51 72 -39 32 31 4 42 Generación 100
arranca 
Jugando Partidos contra vecino 0
Resultado 13
42766.3
Yo soy: 
63 42 6 53 6 80 69 13 70 16 8 51 72 -39 32 31 4 42 El mejor fue: 0
63 42 6 53 6 80 69 13 70 16 8 51 72 -39 32 31 -6 42 Generación 99
arranca 
Jugando Partidos contra vecino 0
Resultado 15
40260.5
Yo soy: 
63 42 6 53 6 80 69 13 70 16 8 51 72 -39 32 31 -6 42 El mejor fue: 0
63 42 -4 53 6 80 69 13 70 16 8 51 72 -39 32 31 -6 42 Generación 98
arranca 
Jugando Partidos contra vecino 0
Resultado 15
41441.7
Yo soy: 
63 42 -4 53 6 80 69 13 70 16 8 51 72 -39 32 31 -6 42 El mejor fue: 0
63 42 -4 53 6 80 69 3 70 16 8 51 72 -39 32 31 -6 42 Generación 97
arranca 
Jugando Partidos contra vecino 0
Resultado 15
44928.9
Yo soy: 
63 42 -4 53 6 80 69 3 70 16 8 51 72 -39 32 31 -6 42 El mejor fue: 0
63 42 -4 53 16 80 69 3 70 16 8 51 72 -39 32 31 -6 42 Generación 96
arranca 
Jugando Partidos contra vecino 0
Resultado 15
41117.9
Yo soy: 
63 42 -4 53 16 80 69 3 70 16 8 51 72 -39 32 31 -6 42 El mejor fue: 0
53 42 -4 53 16 80 69 3 70 16 8 51 72 -39 32 31 -6 42 Generación 95
arranca 
Jugando Partidos contra vecino 0
Resultado 15
38913.5
Yo soy: 
53 42 -4 53 16 80 69 3 70 16 8 51 72 -39 32 31 -6 42 El mejor fue: 0
43 42 -4 53 16 80 69 3 70 16 8 51 72 -39 32 31 -6 42 Generación 94
arranca 
Jugando Partidos contra vecino 0
Resultado 15
47688.8
Yo soy: 
43 42 -4 53 16 80 69 3 70 16 8 51 72 -39 32 31 -6 42 El mejor fue: 0
43 42 -4 53 16 80 79 3 70 16 8 51 72 -39 32 31 -6 42 Generación 93
arranca 
Jugando Partidos contra vecino 0
Resultado 15
46865.9
Yo soy: 
43 42 -4 53 16 80 79 3 70 16 8 51 72 -39 32 31 -6 42 El mejor fue: 0
43 42 -4 53 16 80 79 3 60 16 8 51 72 -39 32 31 -6 42 Generación 92
arranca 
Jugando Partidos contra vecino 0
Resultado 5
42986.1
Jugando Partidos contra vecino 1
Resultado 15
47176.3
Yo soy: 
43 42 -4 53 16 80 79 3 60 16 8 51 72 -39 32 31 -6 42 El mejor fue: 1
43 42 -4 53 6 80 79 3 60 16 8 51 72 -39 32 31 -6 42 Generación 91
arranca 
Jugando Partidos contra vecino 0
Resultado 15
44853.4
Yo soy: 
43 42 -4 53 6 80 79 3 60 16 8 51 72 -39 32 31 -6 42 El mejor fue: 0
43 42 -4 53 6 80 79 3 60 16 8 51 72 -39 42 31 -6 42 Generación 90
arranca 
Jugando Partidos contra vecino 0
Resultado 15
54292.6
Yo soy: 
43 42 -4 53 6 80 79 3 60 16 8 51 72 -39 42 31 -6 42 El mejor fue: 0
43 52 -4 53 6 80 79 3 60 16 8 51 72 -39 42 31 -6 42 Generación 89
arranca 
Jugando Partidos contra vecino 0
Resultado 11
37052.4
Yo soy: 
43 52 -4 53 6 80 79 3 60 16 8 51 72 -39 42 31 -6 42 El mejor fue: 0
43 52 -4 53 6 80 79 3 60 16 18 51 72 -39 42 31 -6 42 Generación 88
arranca 
Jugando Partidos contra vecino 0
Resultado 5
44796.3
Jugando Partidos contra vecino 1
Resultado 15
45282.1
Yo soy: 
43 52 -4 53 6 80 79 3 60 16 18 51 72 -39 42 31 -6 42 El mejor fue: 1
43 52 -4 53 6 80 79 3 60 16 18 51 72 -39 32 31 -6 42 Generación 87
arranca 
Jugando Partidos contra vecino 0
Resultado 13
45080.4
Yo soy: 
43 52 -4 53 6 80 79 3 60 16 18 51 72 -39 32 31 -6 42 El mejor fue: 0
43 52 -4 63 6 80 79 3 60 16 18 51 72 -39 32 31 -6 42 Generación 86
arranca 
Jugando Partidos contra vecino 0
Resultado 15
41324.6
Yo soy: 
43 52 -4 63 6 80 79 3 60 16 18 51 72 -39 32 31 -6 42 El mejor fue: 0
43 52 -4 63 6 80 79 3 60 6 18 51 72 -39 32 31 -6 42 Generación 85
arranca 
Jugando Partidos contra vecino 0
Resultado 15
46910.4
Yo soy: 
43 52 -4 63 6 80 79 3 60 6 18 51 72 -39 32 31 -6 42 El mejor fue: 0
33 52 -4 63 6 80 79 3 60 6 18 51 72 -39 32 31 -6 42 Generación 84
arranca 
Jugando Partidos contra vecino 0
Resultado 11
57464.4
Yo soy: 
33 52 -4 63 6 80 79 3 60 6 18 51 72 -39 32 31 -6 42 El mejor fue: 0
33 52 -4 63 6 80 89 3 60 6 18 51 72 -39 32 31 -6 42 Generación 83
arranca 
Jugando Partidos contra vecino 0
Resultado 7
58533.6
Jugando Partidos contra vecino 1
Resultado 13
64368.7
Yo soy: 
33 52 -4 63 6 80 89 3 60 6 18 51 72 -39 32 31 -6 42 El mejor fue: 1
33 52 -4 63 6 80 89 3 60 6 18 51 72 -49 32 31 -6 42 Generación 82
arranca 
Jugando Partidos contra vecino 0
Resultado 11
62066.5
Yo soy: 
33 52 -4 63 6 80 89 3 60 6 18 51 72 -49 32 31 -6 42 El mejor fue: 0
33 52 -4 63 6 80 89 3 60 6 18 51 72 -49 32 31 -6 52 Generación 81
arranca 
Jugando Partidos contra vecino 0
Resultado 11
58526.9
Yo soy: 
33 52 -4 63 6 80 89 3 60 6 18 51 72 -49 32 31 -6 52 El mejor fue: 0
33 52 -4 63 6 80 89 3 70 6 18 51 72 -49 32 31 -6 52 Generación 80
arranca 
Jugando Partidos contra vecino 0
Resultado 13
52068.2
Yo soy: 
33 52 -4 63 6 80 89 3 70 6 18 51 72 -49 32 31 -6 52 El mejor fue: 0
43 52 -4 63 6 80 89 3 70 6 18 51 72 -49 32 31 -6 52 Generación 79
arranca 
Jugando Partidos contra vecino 0
Resultado 11
42506.6
Yo soy: 
43 52 -4 63 6 80 89 3 70 6 18 51 72 -49 32 31 -6 52 El mejor fue: 0
33 52 -4 63 6 80 89 3 70 6 18 51 72 -49 32 31 -6 52 Generación 78
arranca 
Jugando Partidos contra vecino 0
Resultado 13
51947.8
Yo soy: 
33 52 -4 63 6 80 89 3 70 6 18 51 72 -49 32 31 -6 52 El mejor fue: 0
33 52 -4 63 6 80 89 13 70 6 18 51 72 -49 32 31 -6 52 Generación 77
arranca 
Jugando Partidos contra vecino 0
Resultado 11
51302.7
Yo soy: 
33 52 -4 63 6 80 89 13 70 6 18 51 72 -49 32 31 -6 52 El mejor fue: 0
33 52 -4 63 6 80 89 13 70 6 18 41 72 -49 32 31 -6 52 Generación 76
arranca 
Jugando Partidos contra vecino 0
Resultado 13
43209.7
Yo soy: 
33 52 -4 63 6 80 89 13 70 6 18 41 72 -49 32 31 -6 52 El mejor fue: 0
33 52 -4 63 6 80 89 13 80 6 18 41 72 -49 32 31 -6 52 Generación 75
arranca 
Jugando Partidos contra vecino 0
Resultado 15
49921.2
Yo soy: 
33 52 -4 63 6 80 89 13 80 6 18 41 72 -49 32 31 -6 52 El mejor fue: 0
33 52 -4 63 6 80 89 13 80 6 28 41 72 -49 32 31 -6 52 Generación 74
arranca 
Jugando Partidos contra vecino 0
Resultado 11
41395.8
Yo soy: 
33 52 -4 63 6 80 89 13 80 6 28 41 72 -49 32 31 -6 52 El mejor fue: 0
33 52 -4 63 6 80 89 13 80 6 28 41 72 -49 32 41 -6 52 Generación 73
arranca 
Jugando Partidos contra vecino 0
Resultado 15
47000.3
Yo soy: 
33 52 -4 63 6 80 89 13 80 6 28 41 72 -49 32 41 -6 52 El mejor fue: 0
33 52 -4 63 6 80 89 13 90 6 28 41 72 -49 32 41 -6 52 Generación 72
arranca 
Jugando Partidos contra vecino 0
Resultado 13
45652.7
Yo soy: 
33 52 -4 63 6 80 89 13 90 6 28 41 72 -49 32 41 -6 52 El mejor fue: 0
43 52 -4 63 6 80 89 13 90 6 28 41 72 -49 32 41 -6 52 Generación 71
arranca 
Jugando Partidos contra vecino 0
Resultado 15
45707.4
Yo soy: 
43 52 -4 63 6 80 89 13 90 6 28 41 72 -49 32 41 -6 52 El mejor fue: 0
43 52 -4 63 6 80 89 13 90 6 28 31 72 -49 32 41 -6 52 Generación 70
arranca 
Jugando Partidos contra vecino 0
Resultado 15
45571.1
Yo soy: 
43 52 -4 63 6 80 89 13 90 6 28 31 72 -49 32 41 -6 52 El mejor fue: 0
43 42 -4 63 6 80 89 13 90 6 28 31 72 -49 32 41 -6 52 Generación 69
arranca 
Jugando Partidos contra vecino 0
Resultado 15
43873.6
Yo soy: 
43 42 -4 63 6 80 89 13 90 6 28 31 72 -49 32 41 -6 52 El mejor fue: 0
43 42 -4 63 6 80 99 13 90 6 28 31 72 -49 32 41 -6 52 Generación 68
arranca 
Jugando Partidos contra vecino 0
Resultado 13
41301.3
Yo soy: 
43 42 -4 63 6 80 99 13 90 6 28 31 72 -49 32 41 -6 52 El mejor fue: 0
43 42 -4 63 6 90 99 13 90 6 28 31 72 -49 32 41 -6 52 Generación 67
arranca 
Jugando Partidos contra vecino 0
Resultado 15
36896.8
Yo soy: 
43 42 -4 63 6 90 99 13 90 6 28 31 72 -49 32 41 -6 52 El mejor fue: 0
43 42 -4 63 6 90 99 13 70 6 28 31 72 -49 32 41 -6 52 Generación 66
arranca 
Jugando Partidos contra vecino 0
Resultado 15
46668.2
Yo soy: 
43 42 -4 63 6 90 99 13 70 6 28 31 72 -49 32 41 -6 52 El mejor fue: 0
43 42 -4 73 6 90 99 13 70 6 28 31 72 -49 32 41 -6 52 Generación 65
arranca 
Jugando Partidos contra vecino 0
Resultado 11
43567.5
Yo soy: 
43 42 -4 73 6 90 99 13 70 6 28 31 72 -49 32 41 -6 52 El mejor fue: 0
43 42 -4 73 6 90 99 3 70 6 28 31 72 -49 32 41 -6 52 Generación 64
arranca 
Jugando Partidos contra vecino 0
Resultado 13
52257.2
Yo soy: 
43 42 -4 73 6 90 99 3 70 6 28 31 72 -49 32 41 -6 52 El mejor fue: 0
43 42 -4 73 6 90 99 3 70 6 28 41 72 -49 32 41 -6 52 Generación 63
arranca 
Jugando Partidos contra vecino 0
Resultado 11
60599
Yo soy: 
43 42 -4 73 6 90 99 3 70 6 28 41 72 -49 32 41 -6 52 El mejor fue: 0
43 42 -14 73 6 90 99 3 70 6 28 41 72 -49 32 41 -6 52 Generación 62
arranca 
Jugando Partidos contra vecino 0
Resultado 13
56398
Yo soy: 
43 42 -14 73 6 90 99 3 70 6 28 41 72 -49 32 41 -6 52 El mejor fue: 0
43 42 -14 73 6 80 99 3 70 6 28 41 72 -49 32 41 -6 52 Generación 61
arranca 
Jugando Partidos contra vecino 0
Resultado 9
62112.8
Jugando Partidos contra vecino 1
Resultado 11
52519.7
Yo soy: 
43 42 -14 73 6 80 99 3 70 6 28 41 72 -49 32 41 -6 52 El mejor fue: 1
43 42 -14 73 6 80 99 3 70 6 28 41 82 -49 32 41 -6 52 Generación 60
arranca 
Jugando Partidos contra vecino 0
Resultado 11
56571.3
Yo soy: 
43 42 -14 73 6 80 99 3 70 6 28 41 82 -49 32 41 -6 52 El mejor fue: 0
43 42 -14 73 6 90 99 3 70 6 28 41 82 -49 32 41 -6 52 Generación 59
arranca 
Jugando Partidos contra vecino 0
Resultado 11
57216.2
Yo soy: 
43 42 -14 73 6 90 99 3 70 6 28 41 82 -49 32 41 -6 52 El mejor fue: 0
43 42 -14 73 6 90 99 3 70 6 28 51 82 -49 32 41 -6 52 Generación 58
arranca 
Jugando Partidos contra vecino 0
Resultado 13
58833
Yo soy: 
43 42 -14 73 6 90 99 3 70 6 28 51 82 -49 32 41 -6 52 El mejor fue: 0
43 42 -14 73 6 90 99 3 70 6 28 51 82 -49 42 41 -6 52 Generación 57
arranca 
Jugando Partidos contra vecino 0
Resultado 9
48545.3
Jugando Partidos contra vecino 1
Resultado 9
55440.6
Jugando Partidos contra vecino 2
Resultado 13
54133.1
Yo soy: 
43 42 -14 73 6 90 99 3 70 6 28 51 82 -49 42 41 -6 52 El mejor fue: 2
43 42 -14 73 6 90 99 3 70 6 28 61 82 -49 42 41 -6 52 Generación 56
arranca 
Jugando Partidos contra vecino 0
Resultado 11
67535.4
Yo soy: 
43 42 -14 73 6 90 99 3 70 6 28 61 82 -49 42 41 -6 52 El mejor fue: 0
43 42 -14 73 6 90 99 3 80 6 28 61 82 -49 42 41 -6 52 Generación 55
arranca 
Jugando Partidos contra vecino 0
Resultado 15
49856.4
Yo soy: 
43 42 -14 73 6 90 99 3 80 6 28 61 82 -49 42 41 -6 52 El mejor fue: 0
43 42 -14 73 6 90 99 3 80 6 28 61 82 -49 52 41 -6 52 Generación 54
arranca 
Jugando Partidos contra vecino 0
Resultado 7
67927.5
Jugando Partidos contra vecino 1
Resultado 9
60388.2
Jugando Partidos contra vecino 2
Resultado 9
61240.1
Jugando Partidos contra vecino 3
Resultado 15
49766.4
Yo soy: 
43 42 -14 73 6 90 99 3 80 6 28 61 82 -49 52 41 -6 52 El mejor fue: 3
43 42 -14 73 6 90 89 3 80 6 28 61 82 -49 52 41 -6 52 Generación 53
arranca 
Jugando Partidos contra vecino 0
Resultado 11
59045.9
Yo soy: 
43 42 -14 73 6 90 89 3 80 6 28 61 82 -49 52 41 -6 52 El mejor fue: 0
43 42 -14 73 6 90 89 3 80 -4 28 61 82 -49 52 41 -6 52 Generación 52
arranca 
Jugando Partidos contra vecino 0
Resultado 15
59972
Yo soy: 
43 42 -14 73 6 90 89 3 80 -4 28 61 82 -49 52 41 -6 52 El mejor fue: 0
43 42 -14 73 6 90 89 3 80 -4 28 61 82 -49 52 41 4 52 Generación 51
arranca 
Jugando Partidos contra vecino 0
Resultado 13
44966
Yo soy: 
43 42 -14 73 6 90 89 3 80 -4 28 61 82 -49 52 41 4 52 El mejor fue: 0
43 42 -14 73 6 90 89 3 80 -4 28 61 72 -49 52 41 4 52 Generación 50
arranca 
Jugando Partidos contra vecino 0
Resultado 13
55530.7
Yo soy: 
43 42 -14 73 6 90 89 3 80 -4 28 61 72 -49 52 41 4 52 El mejor fue: 0
43 42 -14 73 6 90 89 3 80 -4 28 61 72 -59 52 41 4 52 Generación 49
arranca 
Jugando Partidos contra vecino 0
Resultado 13
57304.2
Yo soy: 
43 42 -14 73 6 90 89 3 80 -4 28 61 72 -59 52 41 4 52 El mejor fue: 0
43 42 -14 73 6 90 89 3 80 -4 28 61 72 -59 52 41 14 52 Generación 48
arranca 
Jugando Partidos contra vecino 0
Resultado 5
65602.9
Jugando Partidos contra vecino 1
Resultado 13
57134.1
Yo soy: 
43 42 -14 73 6 90 89 3 80 -4 28 61 72 -59 52 41 14 52 El mejor fue: 1
43 42 -14 73 6 90 89 3 80 -4 28 61 72 -59 52 51 14 52 Generación 47
arranca 
Jugando Partidos contra vecino 0
Resultado 15
47595.5
Yo soy: 
43 42 -14 73 6 90 89 3 80 -4 28 61 72 -59 52 51 14 52 El mejor fue: 0
43 42 -14 73 6 90 89 3 80 -4 28 71 72 -59 52 51 14 52 Generación 46
arranca 
Jugando Partidos contra vecino 0
Resultado 11
62632.6
Yo soy: 
43 42 -14 73 6 90 89 3 80 -4 28 71 72 -59 52 51 14 52 El mejor fue: 0
43 42 -14 73 6 90 89 3 90 -4 28 71 72 -59 52 51 14 52 Generación 45
arranca 
Jugando Partidos contra vecino 0
Resultado 7
62721.9
Jugando Partidos contra vecino 1
Resultado 9
67898.5
Jugando Partidos contra vecino 2
Resultado 13
58215.3
Yo soy: 
43 42 -14 73 6 90 89 3 90 -4 28 71 72 -59 52 51 14 52 El mejor fue: 2
43 42 -14 73 6 90 89 3 80 -4 28 71 72 -59 52 51 14 52 Generación 44
arranca 
Jugando Partidos contra vecino 0
Resultado 11
59410.7
Yo soy: 
43 42 -14 73 6 90 89 3 80 -4 28 71 72 -59 52 51 14 52 El mejor fue: 0
43 42 -14 73 6 90 89 3 80 -4 38 71 72 -59 52 51 14 52 Generación 43
arranca 
Jugando Partidos contra vecino 0
Resultado 11
51952.3
Yo soy: 
43 42 -14 73 6 90 89 3 80 -4 38 71 72 -59 52 51 14 52 El mejor fue: 0
43 42 -14 73 6 90 89 3 80 -4 38 71 72 -59 52 51 24 52 Generación 42
arranca 
Jugando Partidos contra vecino 0
Resultado 9
66355.6
Jugando Partidos contra vecino 1
Resultado 11
64004.3
Yo soy: 
43 42 -14 73 6 90 89 3 80 -4 38 71 72 -59 52 51 24 52 El mejor fue: 1
43 42 -14 73 6 90 89 -7 80 -4 38 71 72 -59 52 51 24 52 Generación 41
arranca 
Jugando Partidos contra vecino 0
Resultado 13
51005.4
Yo soy: 
43 42 -14 73 6 90 89 -7 80 -4 38 71 72 -59 52 51 24 52 El mejor fue: 0
43 42 -14 73 6 70 89 -7 80 -4 38 71 72 -59 52 51 24 52 Generación 40
arranca 
Jugando Partidos contra vecino 0
Resultado 11
60887.1
Yo soy: 
43 42 -14 73 6 70 89 -7 80 -4 38 71 72 -59 52 51 24 52 El mejor fue: 0
43 42 -14 73 6 60 89 -7 80 -4 38 71 72 -59 52 51 24 52 Generación 39
arranca 
Jugando Partidos contra vecino 0
Resultado 11
52590
Yo soy: 
43 42 -14 73 6 60 89 -7 80 -4 38 71 72 -59 52 51 24 52 El mejor fue: 0
43 42 -14 73 6 60 89 -7 80 -4 38 71 72 -59 42 51 24 52 Generación 38
arranca 
Jugando Partidos contra vecino 0
Resultado 9
64997
Jugando Partidos contra vecino 1
Resultado 11
57992.1
Yo soy: 
43 42 -14 73 6 60 89 -7 80 -4 38 71 72 -59 42 51 24 52 El mejor fue: 1
43 42 -14 73 6 60 89 -7 80 -4 38 71 82 -59 42 51 24 52 Generación 37
arranca 
Jugando Partidos contra vecino 0
Resultado 11
57395.5
Yo soy: 
43 42 -14 73 6 60 89 -7 80 -4 38 71 82 -59 42 51 24 52 El mejor fue: 0
43 42 -14 73 6 60 89 -7 80 -4 38 71 82 -59 42 51 14 52 Generación 36
arranca 
Jugando Partidos contra vecino 0
Resultado 11
59010.8
Yo soy: 
43 42 -14 73 6 60 89 -7 80 -4 38 71 82 -59 42 51 14 52 El mejor fue: 0
33 42 -14 73 6 60 89 -7 80 -4 38 71 82 -59 42 51 14 52 Generación 35
arranca 
Jugando Partidos contra vecino 0
Resultado 7
66272.1
Jugando Partidos contra vecino 1
Resultado 11
58081.1
Yo soy: 
33 42 -14 73 6 60 89 -7 80 -4 38 71 82 -59 42 51 14 52 El mejor fue: 1
33 42 -24 73 6 60 89 -7 80 -4 38 71 82 -59 42 51 14 52 Generación 34
arranca 
Jugando Partidos contra vecino 0
Resultado 7
49729.3
Jugando Partidos contra vecino 1
Resultado 11
46235.5
Yo soy: 
33 42 -24 73 6 60 89 -7 80 -4 38 71 82 -59 42 51 14 52 El mejor fue: 1
33 42 -24 73 6 60 89 -7 80 -4 28 71 82 -59 42 51 14 52 Generación 33
arranca 
Jugando Partidos contra vecino 0
Resultado 11
61191.6
Yo soy: 
33 42 -24 73 6 60 89 -7 80 -4 28 71 82 -59 42 51 14 52 El mejor fue: 0
33 42 -24 73 6 60 89 -7 80 -4 28 71 82 -59 52 51 14 52 Generación 32
arranca 
Jugando Partidos contra vecino 0
Resultado 11
55018.1
Yo soy: 
33 42 -24 73 6 60 89 -7 80 -4 28 71 82 -59 52 51 14 52 El mejor fue: 0
33 42 -24 73 6 60 89 -7 80 -14 28 71 82 -59 52 51 14 52 Generación 31
arranca 
Jugando Partidos contra vecino 0
Resultado 9
54068.1
Jugando Partidos contra vecino 1
Resultado 15
47788.8
Yo soy: 
33 42 -24 73 6 60 89 -7 80 -14 28 71 82 -59 52 51 14 52 El mejor fue: 1
33 42 -24 73 6 60 89 -7 90 -14 28 71 82 -59 52 51 14 52 Generación 30
arranca 
Jugando Partidos contra vecino 0
Resultado 15
46316.1
Yo soy: 
33 42 -24 73 6 60 89 -7 90 -14 28 71 82 -59 52 51 14 52 El mejor fue: 0
33 42 -24 73 6 60 89 -7 90 -14 28 71 82 -59 52 61 14 52 Generación 29
arranca 
Jugando Partidos contra vecino 0
Resultado 15
53811.3
Yo soy: 
33 42 -24 73 6 60 89 -7 90 -14 28 71 82 -59 52 61 14 52 El mejor fue: 0
33 42 -24 73 6 60 89 -7 90 -14 38 71 82 -59 52 61 14 52 Generación 28
arranca 
Jugando Partidos contra vecino 0
Resultado 13
61756.7
Yo soy: 
33 42 -24 73 6 60 89 -7 90 -14 38 71 82 -59 52 61 14 52 El mejor fue: 0
33 42 -24 73 -4 60 89 -7 90 -14 38 71 82 -59 52 61 14 52 Generación 27
arranca 
Jugando Partidos contra vecino 0
Resultado 13
58535.6
Yo soy: 
33 42 -24 73 -4 60 89 -7 90 -14 38 71 82 -59 52 61 14 52 El mejor fue: 0
33 42 -24 73 -4 60 89 -7 90 -14 38 71 82 -59 52 61 4 52 Generación 26
arranca 
Jugando Partidos contra vecino 0
Resultado 15
48206.8
Yo soy: 
33 42 -24 73 -4 60 89 -7 90 -14 38 71 82 -59 52 61 4 52 El mejor fue: 0
33 42 -24 73 -4 60 89 -7 70 -14 38 71 82 -59 52 61 4 52 Generación 25
arranca 
Jugando Partidos contra vecino 0
Resultado 15
59105.4
Yo soy: 
33 42 -24 73 -4 60 89 -7 70 -14 38 71 82 -59 52 61 4 52 El mejor fue: 0
43 42 -24 73 -4 60 89 -7 70 -14 38 71 82 -59 52 61 4 52 Generación 24
arranca 
Jugando Partidos contra vecino 0
Resultado 5
49639.7
Jugando Partidos contra vecino 1
Resultado 9
64854.2
Jugando Partidos contra vecino 2
Resultado 15
48457.3
Yo soy: 
43 42 -24 73 -4 60 89 -7 70 -14 38 71 82 -59 52 61 4 52 El mejor fue: 2
43 42 -24 73 -4 60 89 -7 70 -14 38 71 82 -59 52 61 -6 52 Generación 23
arranca 
Jugando Partidos contra vecino 0
Resultado 15
50265.2
Yo soy: 
43 42 -24 73 -4 60 89 -7 70 -14 38 71 82 -59 52 61 -6 52 El mejor fue: 0
43 42 -24 73 -4 60 89 -7 70 -14 38 71 82 -59 52 61 4 52 Generación 22
arranca 
Jugando Partidos contra vecino 0
Resultado 15
41822.1
Yo soy: 
43 42 -24 73 -4 60 89 -7 70 -14 38 71 82 -59 52 61 4 52 El mejor fue: 0
43 42 -24 73 -4 60 89 -7 70 -14 38 71 82 -59 52 61 4 62 Generación 21
arranca 
Jugando Partidos contra vecino 0
Resultado 9
63484.2
Jugando Partidos contra vecino 1
Resultado 15
41383.1
Yo soy: 
43 42 -24 73 -4 60 89 -7 70 -14 38 71 82 -59 52 61 4 62 El mejor fue: 1
43 42 -24 73 -4 60 89 -7 60 -14 38 71 82 -59 52 61 4 62 Generación 20
arranca 
Jugando Partidos contra vecino 0
Resultado 13
53683.9
Yo soy: 
43 42 -24 73 -4 60 89 -7 60 -14 38 71 82 -59 52 61 4 62 El mejor fue: 0
43 42 -24 73 -4 60 89 -7 50 -14 38 71 82 -59 52 61 4 62 Generación 19
arranca 
Jugando Partidos contra vecino 0
Resultado 15
52629.9
Yo soy: 
43 42 -24 73 -4 60 89 -7 50 -14 38 71 82 -59 52 61 4 62 El mejor fue: 0
43 42 -24 73 -14 60 89 -7 50 -14 38 71 82 -59 52 61 4 62 Generación 18
arranca 
Jugando Partidos contra vecino 0
Resultado 15
50644.3
Yo soy: 
43 42 -24 73 -14 60 89 -7 50 -14 38 71 82 -59 52 61 4 62 El mejor fue: 0
43 42 -24 73 -14 60 89 -7 60 -14 38 71 82 -59 52 61 4 62 Generación 17
arranca 
Jugando Partidos contra vecino 0
Resultado 11
54159.2
Yo soy: 
43 42 -24 73 -14 60 89 -7 60 -14 38 71 82 -59 52 61 4 62 El mejor fue: 0
43 42 -24 73 -14 70 89 -7 60 -14 38 71 82 -59 52 61 4 62 Generación 16
arranca 
Jugando Partidos contra vecino 0
Resultado 15
57568.9
Yo soy: 
43 42 -24 73 -14 70 89 -7 60 -14 38 71 82 -59 52 61 4 62 El mejor fue: 0
43 42 -24 73 -14 70 89 -7 60 -14 38 71 82 -59 42 61 4 62 Generación 15
arranca 
Jugando Partidos contra vecino 0
Resultado 13
45720.9
Yo soy: 
43 42 -24 73 -14 70 89 -7 60 -14 38 71 82 -59 42 61 4 62 El mejor fue: 0
43 42 -24 73 -14 70 89 -7 60 -14 38 71 82 -59 42 71 4 62 Generación 14
arranca 
Jugando Partidos contra vecino 0
Resultado 15
39472
Yo soy: 
43 42 -24 73 -14 70 89 -7 60 -14 38 71 82 -59 42 71 4 62 El mejor fue: 0
33 42 -24 73 -14 70 89 -7 60 -14 38 71 82 -59 42 71 4 62 Generación 13
arranca 
Jugando Partidos contra vecino 0
Resultado 11
56430.7
Yo soy: 
33 42 -24 73 -14 70 89 -7 60 -14 38 71 82 -59 42 71 4 62 El mejor fue: 0
33 42 -24 73 -4 70 89 -7 60 -14 38 71 82 -59 42 71 4 62 Generación 12
arranca 
Jugando Partidos contra vecino 0
Resultado 13
60707.5
Yo soy: 
33 42 -24 73 -4 70 89 -7 60 -14 38 71 82 -59 42 71 4 62 El mejor fue: 0
33 42 -34 73 -4 70 89 -7 60 -14 38 71 82 -59 42 71 4 62 Generación 11
arranca 
Jugando Partidos contra vecino 0
Resultado 11
54321
Yo soy: 
33 42 -34 73 -4 70 89 -7 60 -14 38 71 82 -59 42 71 4 62 El mejor fue: 0
33 42 -34 73 -4 70 89 -7 60 -14 38 71 82 -59 52 71 4 62 Generación 10
arranca 
Jugando Partidos contra vecino 0
Resultado 11
63249.1
Yo soy: 
33 42 -34 73 -4 70 89 -7 60 -14 38 71 82 -59 52 71 4 62 El mejor fue: 0
33 42 -34 73 -4 70 89 -7 60 -14 38 71 82 -59 42 71 4 62 Generación 9
arranca 
Jugando Partidos contra vecino 0
Resultado 9
65144.4
Jugando Partidos contra vecino 1
Resultado 13
61019.7
Yo soy: 
33 42 -34 73 -4 70 89 -7 60 -14 38 71 82 -59 42 71 4 62 El mejor fue: 1
23 42 -34 73 -4 70 89 -7 60 -14 38 71 82 -59 42 71 4 62 Generación 8
arranca 
Jugando Partidos contra vecino 0
Resultado 9
63057.2
Jugando Partidos contra vecino 1
Resultado 11
56379
Yo soy: 
23 42 -34 73 -4 70 89 -7 60 -14 38 71 82 -59 42 71 4 62 El mejor fue: 1
23 42 -34 73 -4 70 89 -7 60 -14 38 71 82 -59 42 71 4 72 Generación 7
arranca 
Jugando Partidos contra vecino 0
Resultado 11
53998.3
Yo soy: 
23 42 -34 73 -4 70 89 -7 60 -14 38 71 82 -59 42 71 4 72 El mejor fue: 0
23 42 -34 73 -4 70 89 -7 60 -14 38 71 82 -59 42 71 14 72 Generación 6
arranca 
Jugando Partidos contra vecino 0
Resultado 11
65110.1
Yo soy: 
23 42 -34 73 -4 70 89 -7 60 -14 38 71 82 -59 42 71 14 72 El mejor fue: 0
23 42 -34 73 -4 80 89 -7 60 -14 38 71 82 -59 42 71 14 72 Generación 5
arranca 
Jugando Partidos contra vecino 0
Resultado 7
69593
Jugando Partidos contra vecino 1
Resultado 11
51081.2
Yo soy: 
23 42 -34 73 -4 80 89 -7 60 -14 38 71 82 -59 42 71 14 72 El mejor fue: 1
23 42 -34 73 -4 70 89 -7 60 -14 38 71 82 -59 42 71 14 72 Generación 4
arranca 
Jugando Partidos contra vecino 0
Resultado 9
64753.7
Jugando Partidos contra vecino 1
Resultado 13
47934.1
Yo soy: 
23 42 -34 73 -4 70 89 -7 60 -14 38 71 82 -59 42 71 14 72 El mejor fue: 1
23 42 -24 73 -4 70 89 -7 60 -14 38 71 82 -59 42 71 14 72 Generación 3
arranca 
Jugando Partidos contra vecino 0
Resultado 15
52544.3
Yo soy: 
23 42 -24 73 -4 70 89 -7 60 -14 38 71 82 -59 42 71 14 72 El mejor fue: 0
23 42 -24 73 -4 70 89 -7 60 -14 38 71 82 -59 42 71 14 62 Generación 2
arranca 
Jugando Partidos contra vecino 0
Resultado 15
46242.8
Yo soy: 
23 42 -24 73 -4 70 89 -7 60 -14 38 71 82 -59 42 71 14 62 El mejor fue: 0
33 42 -24 73 -4 70 89 -7 60 -14 38 71 82 -59 42 71 14 62 Generación 1
arranca 
Jugando Partidos contra vecino 0
Resultado 15
47661.4
Yo soy: 
33 42 -24 73 -4 70 89 -7 60 -14 38 71 82 -59 42 71 14 62 El mejor fue: 0
33 42 -24 73 -4 70 89 -7 60 -14 38 71 82 -59 32 71 14 62 Generación 0
1.25094e+07
