arranca 
Jugando Partidos contra vecino 0
Resultado 9
27991.7
Jugando Partidos contra vecino 1
Resultado 9
27893.2
Jugando Partidos contra vecino 2
Resultado 9
25758.9
Jugando Partidos contra vecino 3
Resultado 9
22628.6
Jugando Partidos contra vecino 4
Resultado 13
30331.2
Yo soy: 
9 8 68 8 51 28 32 27 45 25 31 6 40 38 28 58 30 19 El mejor fue: 4
9 8 68 8 51 28 32 47 45 25 31 6 40 38 28 58 30 19 Generación 199
arranca 
Jugando Partidos contra vecino 0
Resultado 13
30958.4
Yo soy: 
9 8 68 8 51 28 32 47 45 25 31 6 40 38 28 58 30 19 El mejor fue: 0
9 8 68 8 31 28 32 47 45 25 31 6 40 38 28 58 30 19 Generación 198
arranca 
Jugando Partidos contra vecino 0
Resultado 7
24577.4
Jugando Partidos contra vecino 1
Resultado 13
34078.7
Yo soy: 
9 8 68 8 31 28 32 47 45 25 31 6 40 38 28 58 30 19 El mejor fue: 1
9 8 68 8 31 28 12 47 45 25 31 6 40 38 28 58 30 19 Generación 197
arranca 
Jugando Partidos contra vecino 0
Resultado 11
29810.1
Yo soy: 
9 8 68 8 31 28 12 47 45 25 31 6 40 38 28 58 30 19 El mejor fue: 0
9 8 68 8 11 28 12 47 45 25 31 6 40 38 28 58 30 19 Generación 196
arranca 
Jugando Partidos contra vecino 0
Resultado 9
20831.9
Jugando Partidos contra vecino 1
Resultado 5
16511.3
Jugando Partidos contra vecino 2
Resultado 9
26746.4
Jugando Partidos contra vecino 3
Resultado 7
28039.2
Jugando Partidos contra vecino 4
Resultado 13
24645.4
Yo soy: 
9 8 68 8 11 28 12 47 45 25 31 6 40 38 28 58 30 19 El mejor fue: 4
9 8 68 8 11 28 12 47 45 25 31 6 40 38 28 58 30 -1 Generación 195
arranca 
Jugando Partidos contra vecino 0
Resultado 5
15790.8
Jugando Partidos contra vecino 1
Resultado 9
37002.4
Jugando Partidos contra vecino 2
Resultado 7
21762.3
Jugando Partidos contra vecino 3
Resultado 7
22881.1
Jugando Partidos contra vecino 4
Resultado 11
27242.8
Yo soy: 
9 8 68 8 11 28 12 47 45 25 31 6 40 38 28 58 30 -1 El mejor fue: 4
9 8 68 28 11 28 12 47 45 25 31 6 40 38 28 58 30 -1 Generación 194
arranca 
Jugando Partidos contra vecino 0
Resultado 13
27553
Yo soy: 
9 8 68 28 11 28 12 47 45 25 31 6 40 38 28 58 30 -1 El mejor fue: 0
9 8 68 28 11 28 12 47 45 25 31 6 60 38 28 58 30 -1 Generación 193
arranca 
Jugando Partidos contra vecino 0
Resultado 13
22563.1
Yo soy: 
9 8 68 28 11 28 12 47 45 25 31 6 60 38 28 58 30 -1 El mejor fue: 0
9 8 68 28 11 28 12 47 45 25 51 6 60 38 28 58 30 -1 Generación 192
arranca 
Jugando Partidos contra vecino 0
Resultado 11
60516.1
Yo soy: 
9 8 68 28 11 28 12 47 45 25 51 6 60 38 28 58 30 -1 El mejor fue: 0
9 8 68 28 11 28 12 47 45 25 51 26 60 38 28 58 30 -1 Generación 191
arranca 
Jugando Partidos contra vecino 0
Resultado 11
62905.8
Yo soy: 
9 8 68 28 11 28 12 47 45 25 51 26 60 38 28 58 30 -1 El mejor fue: 0
9 8 68 28 11 28 12 47 45 25 51 26 80 38 28 58 30 -1 Generación 190
arranca 
Jugando Partidos contra vecino 0
Resultado 9
56133.8
Jugando Partidos contra vecino 1
Resultado 13
63003.6
Yo soy: 
9 8 68 28 11 28 12 47 45 25 51 26 80 38 28 58 30 -1 El mejor fue: 1
9 8 68 28 11 28 12 47 45 25 51 26 60 38 28 58 30 -1 Generación 189
arranca 
Jugando Partidos contra vecino 0
Resultado 13
75929.1
Yo soy: 
9 8 68 28 11 28 12 47 45 25 51 26 60 38 28 58 30 -1 El mejor fue: 0
9 8 68 28 -9 28 12 47 45 25 51 26 60 38 28 58 30 -1 Generación 188
arranca 
Jugando Partidos contra vecino 0
Resultado 9
61360.7
Jugando Partidos contra vecino 1
Resultado 9
56804.7
Jugando Partidos contra vecino 2
Resultado 7
47485.9
Jugando Partidos contra vecino 3
Resultado 9
47734
Jugando Partidos contra vecino 4
Resultado 5
42998
Jugando Partidos contra vecino 5
Resultado 7
31688.1
Jugando Partidos contra vecino 6
Resultado 5
57038.9
Jugando Partidos contra vecino 7
Resultado 7
25969.6
Jugando Partidos contra vecino 8
Resultado 10
71534.1
Yo soy: 
9 8 68 28 -9 28 12 47 45 25 51 26 60 38 28 58 30 -1 El mejor fue: 8
9 8 68 28 -9 28 12 47 45 25 51 26 60 38 8 58 30 -1 Generación 187
arranca 
Jugando Partidos contra vecino 0
Resultado 13
58063.5
Yo soy: 
9 8 68 28 -9 28 12 47 45 25 51 26 60 38 8 58 30 -1 El mejor fue: 0
9 8 68 28 11 28 12 47 45 25 51 26 60 38 8 58 30 -1 Generación 186
arranca 
Jugando Partidos contra vecino 0
Resultado 7
48937.4
Jugando Partidos contra vecino 1
Resultado 15
84030.1
Yo soy: 
9 8 68 28 11 28 12 47 45 25 51 26 60 38 8 58 30 -1 El mejor fue: 1
9 8 68 28 11 28 12 47 45 5 51 26 60 38 8 58 30 -1 Generación 185
arranca 
Jugando Partidos contra vecino 0
Resultado 5
39420.2
Jugando Partidos contra vecino 1
Resultado 11
76894.5
Yo soy: 
9 8 68 28 11 28 12 47 45 5 51 26 60 38 8 58 30 -1 El mejor fue: 1
9 8 68 28 11 28 12 47 45 5 51 26 60 18 8 58 30 -1 Generación 184
arranca 
Jugando Partidos contra vecino 0
Resultado 9
73381.6
Jugando Partidos contra vecino 1
Resultado 13
78336.1
Yo soy: 
9 8 68 28 11 28 12 47 45 5 51 26 60 18 8 58 30 -1 El mejor fue: 1
9 8 68 28 11 28 12 47 45 5 71 26 60 18 8 58 30 -1 Generación 183
arranca 
Jugando Partidos contra vecino 0
Resultado 7
49970.9
Jugando Partidos contra vecino 1
Resultado 7
76992
Jugando Partidos contra vecino 2
Resultado 9
71461.5
Jugando Partidos contra vecino 3
Resultado 11
77861.7
Yo soy: 
9 8 68 28 11 28 12 47 45 5 71 26 60 18 8 58 30 -1 El mejor fue: 3
9 8 68 28 11 28 12 47 65 5 71 26 60 18 8 58 30 -1 Generación 182
arranca 
Jugando Partidos contra vecino 0
Resultado 7
68467.5
Jugando Partidos contra vecino 1
Resultado 11
65168.4
Yo soy: 
9 8 68 28 11 28 12 47 65 5 71 26 60 18 8 58 30 -1 El mejor fue: 1
9 8 68 28 11 28 12 47 65 25 71 26 60 18 8 58 30 -1 Generación 181
arranca 
Jugando Partidos contra vecino 0
Resultado 9
64769.1
Jugando Partidos contra vecino 1
Resultado 9
72003.3
Jugando Partidos contra vecino 2
Resultado 13
72496.6
Yo soy: 
9 8 68 28 11 28 12 47 65 25 71 26 60 18 8 58 30 -1 El mejor fue: 2
-11 8 68 28 11 28 12 47 65 25 71 26 60 18 8 58 30 -1 Generación 180
arranca 
Jugando Partidos contra vecino 0
Resultado 15
83499.8
Yo soy: 
-11 8 68 28 11 28 12 47 65 25 71 26 60 18 8 58 30 -1 El mejor fue: 0
-11 8 88 28 11 28 12 47 65 25 71 26 60 18 8 58 30 -1 Generación 179
arranca 
Jugando Partidos contra vecino 0
Resultado 13
80237.8
Yo soy: 
-11 8 88 28 11 28 12 47 65 25 71 26 60 18 8 58 30 -1 El mejor fue: 0
-11 8 88 28 11 28 12 47 65 25 71 26 60 18 8 78 30 -1 Generación 178
arranca 
Jugando Partidos contra vecino 0
Resultado 3
22744
Jugando Partidos contra vecino 1
Resultado 11
73152.9
Yo soy: 
-11 8 88 28 11 28 12 47 65 25 71 26 60 18 8 78 30 -1 El mejor fue: 1
-11 8 88 28 11 28 12 47 65 25 71 26 60 18 8 78 30 -21 Generación 177
arranca 
Jugando Partidos contra vecino 0
Resultado 15
84263.2
Yo soy: 
-11 8 88 28 11 28 12 47 65 25 71 26 60 18 8 78 30 -21 El mejor fue: 0
-11 8 88 28 11 28 12 47 65 25 71 26 80 18 8 78 30 -21 Generación 176
arranca 
Jugando Partidos contra vecino 0
Resultado 13
77702.5
Yo soy: 
-11 8 88 28 11 28 12 47 65 25 71 26 80 18 8 78 30 -21 El mejor fue: 0
-31 8 88 28 11 28 12 47 65 25 71 26 80 18 8 78 30 -21 Generación 175
arranca 
Jugando Partidos contra vecino 0
Resultado 15
82851.6
Yo soy: 
-31 8 88 28 11 28 12 47 65 25 71 26 80 18 8 78 30 -21 El mejor fue: 0
-31 8 88 28 31 28 12 47 65 25 71 26 80 18 8 78 30 -21 Generación 174
arranca 
Jugando Partidos contra vecino 0
Resultado 15
82933.9
Yo soy: 
-31 8 88 28 31 28 12 47 65 25 71 26 80 18 8 78 30 -21 El mejor fue: 0
-31 8 48 28 31 28 12 47 65 25 71 26 80 18 8 78 30 -21 Generación 173
arranca 
Jugando Partidos contra vecino 0
Resultado 15
81695.9
Yo soy: 
-31 8 48 28 31 28 12 47 65 25 71 26 80 18 8 78 30 -21 El mejor fue: 0
-31 8 48 28 31 28 12 47 65 25 71 26 80 -2 8 78 30 -21 Generación 172
arranca 
Jugando Partidos contra vecino 0
Resultado 15
51114.8
Yo soy: 
-31 8 48 28 31 28 12 47 65 25 71 26 80 -2 8 78 30 -21 El mejor fue: 0
-31 8 28 28 31 28 12 47 65 25 71 26 80 -2 8 78 30 -21 Generación 171
arranca 
Jugando Partidos contra vecino 0
Resultado 15
50405.7
Yo soy: 
-31 8 28 28 31 28 12 47 65 25 71 26 80 -2 8 78 30 -21 El mejor fue: 0
-31 28 28 28 31 28 12 47 65 25 71 26 80 -2 8 78 30 -21 Generación 170
arranca 
Jugando Partidos contra vecino 0
Resultado 15
59406.3
Yo soy: 
-31 28 28 28 31 28 12 47 65 25 71 26 80 -2 8 78 30 -21 El mejor fue: 0
-31 28 8 28 31 28 12 47 65 25 71 26 80 -2 8 78 30 -21 Generación 169
arranca 
Jugando Partidos contra vecino 0
Resultado 15
51084.1
Yo soy: 
-31 28 8 28 31 28 12 47 65 25 71 26 80 -2 8 78 30 -21 El mejor fue: 0
-31 28 8 28 31 28 12 67 65 25 71 26 80 -2 8 78 30 -21 Generación 168
arranca 
Jugando Partidos contra vecino 0
Resultado 15
52855.5
Yo soy: 
-31 28 8 28 31 28 12 67 65 25 71 26 80 -2 8 78 30 -21 El mejor fue: 0
-31 28 8 28 31 28 12 67 65 25 71 26 80 -2 28 78 30 -21 Generación 167
arranca 
Jugando Partidos contra vecino 0
Resultado 15
57252.5
Yo soy: 
-31 28 8 28 31 28 12 67 65 25 71 26 80 -2 28 78 30 -21 El mejor fue: 0
-31 8 8 28 31 28 12 67 65 25 71 26 80 -2 28 78 30 -21 Generación 166
arranca 
Jugando Partidos contra vecino 0
Resultado 15
52179.3
Yo soy: 
-31 8 8 28 31 28 12 67 65 25 71 26 80 -2 28 78 30 -21 El mejor fue: 0
-31 8 8 28 31 28 12 67 65 25 71 26 80 -2 28 78 30 -1 Generación 165
arranca 
Jugando Partidos contra vecino 0
Resultado 15
48296.8
Yo soy: 
-31 8 8 28 31 28 12 67 65 25 71 26 80 -2 28 78 30 -1 El mejor fue: 0
-31 8 8 28 31 28 12 67 65 25 71 26 80 18 28 78 30 -1 Generación 164
arranca 
Jugando Partidos contra vecino 0
Resultado 9
54453.4
Jugando Partidos contra vecino 1
Resultado 15
82284.7
Yo soy: 
-31 8 8 28 31 28 12 67 65 25 71 26 80 18 28 78 30 -1 El mejor fue: 1
-31 8 28 28 31 28 12 67 65 25 71 26 80 18 28 78 30 -1 Generación 163
arranca 
Jugando Partidos contra vecino 0
Resultado 13
79134.9
Yo soy: 
-31 8 28 28 31 28 12 67 65 25 71 26 80 18 28 78 30 -1 El mejor fue: 0
-31 8 28 28 31 28 12 67 65 25 71 26 80 38 28 78 30 -1 Generación 162
arranca 
Jugando Partidos contra vecino 0
Resultado 15
79306.2
Yo soy: 
-31 8 28 28 31 28 12 67 65 25 71 26 80 38 28 78 30 -1 El mejor fue: 0
-31 8 28 28 31 28 12 67 85 25 71 26 80 38 28 78 30 -1 Generación 161
arranca 
Jugando Partidos contra vecino 0
Resultado 9
74629.2
Jugando Partidos contra vecino 1
Resultado 13
80642.2
Yo soy: 
-31 8 28 28 31 28 12 67 85 25 71 26 80 38 28 78 30 -1 El mejor fue: 1
-31 -12 28 28 31 28 12 67 85 25 71 26 80 38 28 78 30 -1 Generación 160
arranca 
Jugando Partidos contra vecino 0
Resultado 13
78412
Yo soy: 
-31 -12 28 28 31 28 12 67 85 25 71 26 80 38 28 78 30 -1 El mejor fue: 0
-31 -12 28 28 31 28 12 67 65 25 71 26 80 38 28 78 30 -1 Generación 159
arranca 
Jugando Partidos contra vecino 0
Resultado 13
72756.1
Yo soy: 
-31 -12 28 28 31 28 12 67 65 25 71 26 80 38 28 78 30 -1 El mejor fue: 0
-31 -12 28 28 31 28 12 67 65 25 71 26 80 18 28 78 30 -1 Generación 158
arranca 
Jugando Partidos contra vecino 0
Resultado 15
85026.8
Yo soy: 
-31 -12 28 28 31 28 12 67 65 25 71 26 80 18 28 78 30 -1 El mejor fue: 0
-11 -12 28 28 31 28 12 67 65 25 71 26 80 18 28 78 30 -1 Generación 157
arranca 
Jugando Partidos contra vecino 0
Resultado 15
78015.2
Yo soy: 
-11 -12 28 28 31 28 12 67 65 25 71 26 80 18 28 78 30 -1 El mejor fue: 0
-11 -12 28 28 31 28 12 47 65 25 71 26 80 18 28 78 30 -1 Generación 156
arranca 
Jugando Partidos contra vecino 0
Resultado 15
81226.7
Yo soy: 
-11 -12 28 28 31 28 12 47 65 25 71 26 80 18 28 78 30 -1 El mejor fue: 0
-11 -12 48 28 31 28 12 47 65 25 71 26 80 18 28 78 30 -1 Generación 155
arranca 
Jugando Partidos contra vecino 0
Resultado 15
82819.5
Yo soy: 
-11 -12 48 28 31 28 12 47 65 25 71 26 80 18 28 78 30 -1 El mejor fue: 0
-11 -12 28 28 31 28 12 47 65 25 71 26 80 18 28 78 30 -1 Generación 154
arranca 
Jugando Partidos contra vecino 0
Resultado 15
75169.7
Yo soy: 
-11 -12 28 28 31 28 12 47 65 25 71 26 80 18 28 78 30 -1 El mejor fue: 0
-11 -12 48 28 31 28 12 47 65 25 71 26 80 18 28 78 30 -1 Generación 153
arranca 
Jugando Partidos contra vecino 0
Resultado 11
60529.5
Yo soy: 
-11 -12 48 28 31 28 12 47 65 25 71 26 80 18 28 78 30 -1 El mejor fue: 0
-11 -12 48 28 11 28 12 47 65 25 71 26 80 18 28 78 30 -1 Generación 152
arranca 
Jugando Partidos contra vecino 0
Resultado 15
78677.6
Yo soy: 
-11 -12 48 28 11 28 12 47 65 25 71 26 80 18 28 78 30 -1 El mejor fue: 0
-11 -12 48 8 11 28 12 47 65 25 71 26 80 18 28 78 30 -1 Generación 151
arranca 
Jugando Partidos contra vecino 0
Resultado 15
72199.4
Yo soy: 
-11 -12 48 8 11 28 12 47 65 25 71 26 80 18 28 78 30 -1 El mejor fue: 0
-11 -12 48 8 31 28 12 47 65 25 71 26 80 18 28 78 30 -1 Generación 150
arranca 
Jugando Partidos contra vecino 0
Resultado 15
64533.4
Yo soy: 
-11 -12 48 8 31 28 12 47 65 25 71 26 80 18 28 78 30 -1 El mejor fue: 0
-11 -12 48 8 31 28 12 47 65 25 71 26 80 18 8 78 30 -1 Generación 149
arranca 
Jugando Partidos contra vecino 0
Resultado 15
71770.7
Yo soy: 
-11 -12 48 8 31 28 12 47 65 25 71 26 80 18 8 78 30 -1 El mejor fue: 0
-31 -12 48 8 31 28 12 47 65 25 71 26 80 18 8 78 30 -1 Generación 148
arranca 
Jugando Partidos contra vecino 0
Resultado 2
21590.1
Jugando Partidos contra vecino 1
Resultado 15
75392.3
Yo soy: 
-31 -12 48 8 31 28 12 47 65 25 71 26 80 18 8 78 30 -1 El mejor fue: 1
-31 -12 48 8 31 28 12 47 65 25 71 26 80 18 8 98 30 -1 Generación 147
arranca 
Jugando Partidos contra vecino 0
Resultado 15
79006
Yo soy: 
-31 -12 48 8 31 28 12 47 65 25 71 26 80 18 8 98 30 -1 El mejor fue: 0
-31 -12 48 8 31 28 12 47 65 45 71 26 80 18 8 98 30 -1 Generación 146
arranca 
Jugando Partidos contra vecino 0
Resultado 13
70277.6
Yo soy: 
-31 -12 48 8 31 28 12 47 65 45 71 26 80 18 8 98 30 -1 El mejor fue: 0
-31 -12 68 8 31 28 12 47 65 45 71 26 80 18 8 98 30 -1 Generación 145
arranca 
Jugando Partidos contra vecino 0
Resultado 15
79342.8
Yo soy: 
-31 -12 68 8 31 28 12 47 65 45 71 26 80 18 8 98 30 -1 El mejor fue: 0
-31 -12 68 8 31 28 12 47 65 45 91 26 80 18 8 98 30 -1 Generación 144
arranca 
Jugando Partidos contra vecino 0
Resultado 15
72979.7
Yo soy: 
-31 -12 68 8 31 28 12 47 65 45 91 26 80 18 8 98 30 -1 El mejor fue: 0
-31 -12 88 8 31 28 12 47 65 45 91 26 80 18 8 98 30 -1 Generación 143
arranca 
Jugando Partidos contra vecino 0
Resultado 15
71071.5
Yo soy: 
-31 -12 88 8 31 28 12 47 65 45 91 26 80 18 8 98 30 -1 El mejor fue: 0
-31 -12 88 8 31 28 12 47 65 45 71 26 80 18 8 98 30 -1 Generación 142
arranca 
Jugando Partidos contra vecino 0
Resultado 13
69173.5
Yo soy: 
-31 -12 88 8 31 28 12 47 65 45 71 26 80 18 8 98 30 -1 El mejor fue: 0
-31 -12 88 8 31 28 12 47 65 45 71 26 40 18 8 98 30 -1 Generación 141
arranca 
Jugando Partidos contra vecino 0
Resultado 15
71821.2
Yo soy: 
-31 -12 88 8 31 28 12 47 65 45 71 26 40 18 8 98 30 -1 El mejor fue: 0
-31 -12 88 8 11 28 12 47 65 45 71 26 40 18 8 98 30 -1 Generación 140
arranca 
Jugando Partidos contra vecino 0
Resultado 11
65351.5
Yo soy: 
-31 -12 88 8 11 28 12 47 65 45 71 26 40 18 8 98 30 -1 El mejor fue: 0
-31 -12 88 8 11 28 12 47 85 45 71 26 40 18 8 98 30 -1 Generación 139
arranca 
Jugando Partidos contra vecino 0
Resultado 9
33578.2
Jugando Partidos contra vecino 1
Resultado 4
22801.9
Jugando Partidos contra vecino 2
Resultado 15
74465.7
Yo soy: 
-31 -12 88 8 11 28 12 47 85 45 71 26 40 18 8 98 30 -1 El mejor fue: 2
-31 -12 88 8 11 28 12 47 85 45 71 26 40 18 8 98 30 -21 Generación 138
arranca 
Jugando Partidos contra vecino 0
Resultado 11
63467.7
Yo soy: 
-31 -12 88 8 11 28 12 47 85 45 71 26 40 18 8 98 30 -21 El mejor fue: 0
-31 -12 88 8 11 28 12 47 85 45 91 26 40 18 8 98 30 -21 Generación 137
arranca 
Jugando Partidos contra vecino 0
Resultado 15
69621.7
Yo soy: 
-31 -12 88 8 11 28 12 47 85 45 91 26 40 18 8 98 30 -21 El mejor fue: 0
-31 -32 88 8 11 28 12 47 85 45 91 26 40 18 8 98 30 -21 Generación 136
arranca 
Jugando Partidos contra vecino 0
Resultado 15
68792.6
Yo soy: 
-31 -32 88 8 11 28 12 47 85 45 91 26 40 18 8 98 30 -21 El mejor fue: 0
-31 -32 88 8 11 28 12 47 85 25 91 26 40 18 8 98 30 -21 Generación 135
arranca 
Jugando Partidos contra vecino 0
Resultado 13
67904.8
Yo soy: 
-31 -32 88 8 11 28 12 47 85 25 91 26 40 18 8 98 30 -21 El mejor fue: 0
-31 -32 88 8 11 28 12 47 85 25 91 26 40 18 -12 98 30 -21 Generación 134
arranca 
Jugando Partidos contra vecino 0
Resultado 7
77918.4
Jugando Partidos contra vecino 1
Resultado 11
66865.2
Yo soy: 
-31 -32 88 8 11 28 12 47 85 25 91 26 40 18 -12 98 30 -21 El mejor fue: 1
-31 -32 88 8 11 28 12 47 85 25 91 26 20 18 -12 98 30 -21 Generación 133
arranca 
Jugando Partidos contra vecino 0
Resultado 11
64618.9
Yo soy: 
-31 -32 88 8 11 28 12 47 85 25 91 26 20 18 -12 98 30 -21 El mejor fue: 0
-31 -32 88 8 11 28 12 47 85 25 71 26 20 18 -12 98 30 -21 Generación 132
arranca 
Jugando Partidos contra vecino 0
Resultado 11
76076.9
Yo soy: 
-31 -32 88 8 11 28 12 47 85 25 71 26 20 18 -12 98 30 -21 El mejor fue: 0
-31 -32 88 8 11 28 12 47 85 5 71 26 20 18 -12 98 30 -21 Generación 131
arranca 
Jugando Partidos contra vecino 0
Resultado 7
62942.4
Jugando Partidos contra vecino 1
Resultado 13
74002.5
Yo soy: 
-31 -32 88 8 11 28 12 47 85 5 71 26 20 18 -12 98 30 -21 El mejor fue: 1
-31 -32 88 8 11 48 12 47 85 5 71 26 20 18 -12 98 30 -21 Generación 130
arranca 
Jugando Partidos contra vecino 0
Resultado 15
68079.4
Yo soy: 
-31 -32 88 8 11 48 12 47 85 5 71 26 20 18 -12 98 30 -21 El mejor fue: 0
-31 -32 88 8 11 48 12 47 85 5 71 26 20 18 -32 98 30 -21 Generación 129
arranca 
Jugando Partidos contra vecino 0
Resultado 11
76155.7
Yo soy: 
-31 -32 88 8 11 48 12 47 85 5 71 26 20 18 -32 98 30 -21 El mejor fue: 0
-31 -32 88 8 11 48 12 47 45 5 71 26 20 18 -32 98 30 -21 Generación 128
arranca 
Jugando Partidos contra vecino 0
Resultado 13
68104.2
Yo soy: 
-31 -32 88 8 11 48 12 47 45 5 71 26 20 18 -32 98 30 -21 El mejor fue: 0
-31 -32 88 8 11 28 12 47 45 5 71 26 20 18 -32 98 30 -21 Generación 127
arranca 
Jugando Partidos contra vecino 0
Resultado 7
65828.9
Jugando Partidos contra vecino 1
Resultado 9
68201.5
Jugando Partidos contra vecino 2
Resultado 9
75222.6
Jugando Partidos contra vecino 3
Resultado 9
56521.6
Jugando Partidos contra vecino 4
Resultado 13
63256.8
Yo soy: 
-31 -32 88 8 11 28 12 47 45 5 71 26 20 18 -32 98 30 -21 El mejor fue: 4
-31 -32 88 8 11 28 12 47 45 5 71 26 20 18 -32 98 30 -41 Generación 126
arranca 
Jugando Partidos contra vecino 0
Resultado 11
64064.6
Yo soy: 
-31 -32 88 8 11 28 12 47 45 5 71 26 20 18 -32 98 30 -41 El mejor fue: 0
-31 -32 88 8 11 28 12 47 45 5 71 26 20 38 -32 98 30 -41 Generación 125
arranca 
Jugando Partidos contra vecino 0
Resultado 7
81565.8
Jugando Partidos contra vecino 1
Resultado 9
66118.9
Jugando Partidos contra vecino 2
Resultado 13
74665.3
Yo soy: 
-31 -32 88 8 11 28 12 47 45 5 71 26 20 38 -32 98 30 -41 El mejor fue: 2
-31 -32 88 8 11 28 12 47 45 5 71 26 20 38 -12 98 30 -41 Generación 124
arranca 
Jugando Partidos contra vecino 0
Resultado 7
38367.6
Jugando Partidos contra vecino 1
Resultado 11
70730.6
Yo soy: 
-31 -32 88 8 11 28 12 47 45 5 71 26 20 38 -12 98 30 -41 El mejor fue: 1
-31 -32 88 8 11 28 12 47 65 5 71 26 20 38 -12 98 30 -41 Generación 123
arranca 
Jugando Partidos contra vecino 0
Resultado 7
82850.7
Jugando Partidos contra vecino 1
Resultado 7
73374.2
Jugando Partidos contra vecino 2
Resultado 9
74494.4
Jugando Partidos contra vecino 3
Resultado 5
35918.2
Jugando Partidos contra vecino 4
Resultado 11
77974
Yo soy: 
-31 -32 88 8 11 28 12 47 65 5 71 26 20 38 -12 98 30 -41 El mejor fue: 4
-31 -32 88 8 11 28 12 47 65 5 71 26 20 58 -12 98 30 -41 Generación 122
arranca 
Jugando Partidos contra vecino 0
Resultado 7
56205.2
Jugando Partidos contra vecino 1
Resultado 11
80579.5
Yo soy: 
-31 -32 88 8 11 28 12 47 65 5 71 26 20 58 -12 98 30 -41 El mejor fue: 1
-31 -32 88 8 11 28 12 47 65 5 71 26 20 58 -12 98 50 -41 Generación 121
arranca 
Jugando Partidos contra vecino 0
Resultado 13
74868.9
Yo soy: 
-31 -32 88 8 11 28 12 47 65 5 71 26 20 58 -12 98 50 -41 El mejor fue: 0
-51 -32 88 8 11 28 12 47 65 5 71 26 20 58 -12 98 50 -41 Generación 120
arranca 
Jugando Partidos contra vecino 0
Resultado 15
79126.3
Yo soy: 
-51 -32 88 8 11 28 12 47 65 5 71 26 20 58 -12 98 50 -41 El mejor fue: 0
-51 -32 88 8 11 28 12 47 85 5 71 26 20 58 -12 98 50 -41 Generación 119
arranca 
Jugando Partidos contra vecino 0
Resultado 11
74699.6
Yo soy: 
-51 -32 88 8 11 28 12 47 85 5 71 26 20 58 -12 98 50 -41 El mejor fue: 0
-51 -32 88 8 11 28 12 47 85 5 71 26 20 58 8 98 50 -41 Generación 118
arranca 
Jugando Partidos contra vecino 0
Resultado 13
75273.1
Yo soy: 
-51 -32 88 8 11 28 12 47 85 5 71 26 20 58 8 98 50 -41 El mejor fue: 0
-51 -32 88 8 11 28 12 47 85 5 71 26 20 58 -12 98 50 -41 Generación 117
arranca 
Jugando Partidos contra vecino 0
Resultado 15
73782.7
Yo soy: 
-51 -32 88 8 11 28 12 47 85 5 71 26 20 58 -12 98 50 -41 El mejor fue: 0
-51 -32 88 8 11 28 12 47 85 5 71 46 20 58 -12 98 50 -41 Generación 116
arranca 
Jugando Partidos contra vecino 0
Resultado 11
75538.9
Yo soy: 
-51 -32 88 8 11 28 12 47 85 5 71 46 20 58 -12 98 50 -41 El mejor fue: 0
-51 -32 88 8 11 28 12 47 85 5 91 46 20 58 -12 98 50 -41 Generación 115
arranca 
Jugando Partidos contra vecino 0
Resultado 9
74231.8
Jugando Partidos contra vecino 1
Resultado 11
74742.1
Yo soy: 
-51 -32 88 8 11 28 12 47 85 5 91 46 20 58 -12 98 50 -41 El mejor fue: 1
-51 -32 88 8 11 28 12 47 85 5 91 46 20 38 -12 98 50 -41 Generación 114
arranca 
Jugando Partidos contra vecino 0
Resultado 15
71935.3
Yo soy: 
-51 -32 88 8 11 28 12 47 85 5 91 46 20 38 -12 98 50 -41 El mejor fue: 0
-51 -32 88 8 -9 28 12 47 85 5 91 46 20 38 -12 98 50 -41 Generación 113
arranca 
Jugando Partidos contra vecino 0
Resultado 9
74131.7
Jugando Partidos contra vecino 1
Resultado 11
79196.6
Yo soy: 
-51 -32 88 8 -9 28 12 47 85 5 91 46 20 38 -12 98 50 -41 El mejor fue: 1
-51 -32 88 8 -9 28 12 47 85 5 91 46 20 38 -12 98 50 -61 Generación 112
arranca 
Jugando Partidos contra vecino 0
Resultado 13
72885.7
Yo soy: 
-51 -32 88 8 -9 28 12 47 85 5 91 46 20 38 -12 98 50 -61 El mejor fue: 0
-51 -32 88 8 -9 28 12 47 85 25 91 46 20 38 -12 98 50 -61 Generación 111
arranca 
Jugando Partidos contra vecino 0
Resultado 11
65456.7
Yo soy: 
-51 -32 88 8 -9 28 12 47 85 25 91 46 20 38 -12 98 50 -61 El mejor fue: 0
-51 -32 88 8 -9 8 12 47 85 25 91 46 20 38 -12 98 50 -61 Generación 110
arranca 
Jugando Partidos contra vecino 0
Resultado 11
71659.7
Yo soy: 
-51 -32 88 8 -9 8 12 47 85 25 91 46 20 38 -12 98 50 -61 El mejor fue: 0
-51 -32 88 8 -9 8 12 47 85 25 91 46 0 38 -12 98 50 -61 Generación 109
arranca 
Jugando Partidos contra vecino 0
Resultado 5
53165.7
Jugando Partidos contra vecino 1
Resultado 11
70988
Yo soy: 
-51 -32 88 8 -9 8 12 47 85 25 91 46 0 38 -12 98 50 -61 El mejor fue: 1
-51 -32 68 8 -9 8 12 47 85 25 91 46 0 38 -12 98 50 -61 Generación 108
arranca 
Jugando Partidos contra vecino 0
Resultado 9
57394.8
Jugando Partidos contra vecino 1
Resultado 5
63171.2
Jugando Partidos contra vecino 2
Resultado 9
69510.4
Jugando Partidos contra vecino 3
Resultado 2
22592.8
Jugando Partidos contra vecino 4
Resultado 4
29772.9
Jugando Partidos contra vecino 5
Resultado 9
73148.2
Jugando Partidos contra vecino 6
Resultado 11
78133.2
Yo soy: 
-51 -32 68 8 -9 8 12 47 85 25 91 46 0 38 -12 98 50 -61 El mejor fue: 6
-71 -32 68 8 -9 8 12 47 85 25 91 46 0 38 -12 98 50 -61 Generación 107
arranca 
Jugando Partidos contra vecino 0
Resultado 13
67368.8
Yo soy: 
-71 -32 68 8 -9 8 12 47 85 25 91 46 0 38 -12 98 50 -61 El mejor fue: 0
-71 -32 68 8 -29 8 12 47 85 25 91 46 0 38 -12 98 50 -61 Generación 106
arranca 
Jugando Partidos contra vecino 0
Resultado 9
71667.5
Jugando Partidos contra vecino 1
Resultado 13
68042.2
Yo soy: 
-71 -32 68 8 -29 8 12 47 85 25 91 46 0 38 -12 98 50 -61 El mejor fue: 1
-71 -32 48 8 -29 8 12 47 85 25 91 46 0 38 -12 98 50 -61 Generación 105
arranca 
Jugando Partidos contra vecino 0
Resultado 11
78995.3
Yo soy: 
-71 -32 48 8 -29 8 12 47 85 25 91 46 0 38 -12 98 50 -61 El mejor fue: 0
-71 -32 48 8 -29 8 12 47 85 5 91 46 0 38 -12 98 50 -61 Generación 104
arranca 
Jugando Partidos contra vecino 0
Resultado 11
69009
Yo soy: 
-71 -32 48 8 -29 8 12 47 85 5 91 46 0 38 -12 98 50 -61 El mejor fue: 0
-71 -32 48 8 -29 8 12 47 85 5 91 46 0 38 8 98 50 -61 Generación 103
arranca 
Jugando Partidos contra vecino 0
Resultado 13
50783.1
Yo soy: 
-71 -32 48 8 -29 8 12 47 85 5 91 46 0 38 8 98 50 -61 El mejor fue: 0
-71 -32 48 8 -29 8 12 47 85 5 91 26 0 38 8 98 50 -61 Generación 102
arranca 
Jugando Partidos contra vecino 0
Resultado 11
61586.1
Yo soy: 
-71 -32 48 8 -29 8 12 47 85 5 91 26 0 38 8 98 50 -61 El mejor fue: 0
-71 -32 48 8 -29 8 12 27 85 5 91 26 0 38 8 98 50 -61 Generación 101
arranca 
Jugando Partidos contra vecino 0
Resultado 13
64446.3
Yo soy: 
-71 -32 48 8 -29 8 12 27 85 5 91 26 0 38 8 98 50 -61 El mejor fue: 0
-71 -32 48 8 -29 28 12 27 85 5 91 26 0 38 8 98 50 -61 Generación 100
arranca 
Jugando Partidos contra vecino 0
Resultado 9
70274.9
Jugando Partidos contra vecino 1
Resultado 7
57382.9
Jugando Partidos contra vecino 2
Resultado 13
64756.6
Yo soy: 
-71 -32 48 8 -29 28 12 27 85 5 91 26 0 38 8 98 50 -61 El mejor fue: 2
-51 -32 48 8 -29 28 12 27 85 5 91 26 0 38 8 98 50 -61 Generación 99
arranca 
Jugando Partidos contra vecino 0
Resultado 13
64196.9
Yo soy: 
-51 -32 48 8 -29 28 12 27 85 5 91 26 0 38 8 98 50 -61 El mejor fue: 0
-51 -32 48 8 -29 28 12 27 85 25 91 26 0 38 8 98 50 -61 Generación 98
arranca 
Jugando Partidos contra vecino 0
Resultado 9
69406.7
Jugando Partidos contra vecino 1
Resultado 7
75202.9
Jugando Partidos contra vecino 2
Resultado 11
68675.4
Yo soy: 
-51 -32 48 8 -29 28 12 27 85 25 91 26 0 38 8 98 50 -61 El mejor fue: 2
-51 -32 28 8 -29 28 12 27 85 25 91 26 0 38 8 98 50 -61 Generación 97
arranca 
Jugando Partidos contra vecino 0
Resultado 5
54973.3
Jugando Partidos contra vecino 1
Resultado 13
65399
Yo soy: 
-51 -32 28 8 -29 28 12 27 85 25 91 26 0 38 8 98 50 -61 El mejor fue: 1
-51 -32 28 8 -29 28 12 27 85 45 91 26 0 38 8 98 50 -61 Generación 96
arranca 
Jugando Partidos contra vecino 0
Resultado 13
65691.2
Yo soy: 
-51 -32 28 8 -29 28 12 27 85 45 91 26 0 38 8 98 50 -61 El mejor fue: 0
-51 -32 28 8 -29 28 12 27 85 45 91 26 0 38 8 98 50 -81 Generación 95
arranca 
Jugando Partidos contra vecino 0
Resultado 11
50821.5
Yo soy: 
-51 -32 28 8 -29 28 12 27 85 45 91 26 0 38 8 98 50 -81 El mejor fue: 0
-51 -32 28 28 -29 28 12 27 85 45 91 26 0 38 8 98 50 -81 Generación 94
arranca 
Jugando Partidos contra vecino 0
Resultado 7
62153.2
Jugando Partidos contra vecino 1
Resultado 7
70809
Jugando Partidos contra vecino 2
Resultado 11
51224.4
Yo soy: 
-51 -32 28 28 -29 28 12 27 85 45 91 26 0 38 8 98 50 -81 El mejor fue: 2
-51 -32 28 28 -29 28 -8 27 85 45 91 26 0 38 8 98 50 -81 Generación 93
arranca 
Jugando Partidos contra vecino 0
Resultado 5
15218.4
Jugando Partidos contra vecino 1
Resultado 5
14157.5
Jugando Partidos contra vecino 2
Resultado 5
15091.3
Jugando Partidos contra vecino 3
Resultado 5
16316.3
Jugando Partidos contra vecino 4
Resultado 5
10831.1
Jugando Partidos contra vecino 5
Resultado 5
12257.1
Jugando Partidos contra vecino 6
Resultado 5
13265.9
Jugando Partidos contra vecino 7
Resultado 5
15272.8
Jugando Partidos contra vecino 8
Resultado 5
14069
Jugando Partidos contra vecino 9
Resultado 5
12761.8
Jugando Partidos contra vecino 10
Resultado 7
26386.4
Jugando Partidos contra vecino 11
Resultado 5
13346.6
Jugando Partidos contra vecino 12
Resultado 5
18759.3
Jugando Partidos contra vecino 13
Resultado 5
12544.3
Jugando Partidos contra vecino 14
Resultado 5
12448.3
Jugando Partidos contra vecino 15
Resultado 5
14394.1
Jugando Partidos contra vecino 16
Resultado 5
17104.1
Jugando Partidos contra vecino 17
Resultado 5
13294.1
Jugando Partidos contra vecino 18
Resultado 5
12444.9
Jugando Partidos contra vecino 19
Resultado 5
10159.1
Jugando Partidos contra vecino 20
Resultado 5
13098.2
Jugando Partidos contra vecino 21
Resultado 7
24498.7
Jugando Partidos contra vecino 22
Resultado 5
11097.6
Jugando Partidos contra vecino 23
Resultado 4
14149.7
Jugando Partidos contra vecino 24
Resultado 5
14722.7
Jugando Partidos contra vecino 25
Resultado 4
33420.6
Jugando Partidos contra vecino 26
Resultado 5
10985.5
Jugando Partidos contra vecino 27
Resultado 5
11903.2
Jugando Partidos contra vecino 28
Resultado 7
22223.8
Jugando Partidos contra vecino 29
Resultado 5
11927.3
Jugando Partidos contra vecino 30
Resultado 5
12599.2
Jugando Partidos contra vecino 31
Resultado 5
14037.1
Jugando Partidos contra vecino 32
Resultado 5
22339.5
Jugando Partidos contra vecino 33
Resultado 5
20251.1
Jugando Partidos contra vecino 34
Resultado 5
13995.4
Jugando Partidos contra vecino 35
Resultado 5
13789.9
1.1279e+07
arranca 
Jugando Partidos contra vecino 0
Resultado 3
21433.7
Jugando Partidos contra vecino 1
Resultado 7
23098
Jugando Partidos contra vecino 2
Resultado 9
37750
Jugando Partidos contra vecino 3
Resultado 9
29989
Jugando Partidos contra vecino 4
Resultado 11
34224.6
Yo soy: 
5 64 59 58 52 43 9 34 37 91 45 85 22 33 62 66 11 66 El mejor fue: 4
5 64 59 58 52 43 9 34 57 91 45 85 22 33 62 66 11 66 Generación 199
arranca 
Jugando Partidos contra vecino 0
Resultado 9
48688.5
Jugando Partidos contra vecino 1
Resultado 9
27837.3
Jugando Partidos contra vecino 2
Resultado 10
49538.4
Yo soy: 
5 64 59 58 52 43 9 34 57 91 45 85 22 33 62 66 11 66 El mejor fue: 2
5 64 59 58 52 63 9 34 57 91 45 85 22 33 62 66 11 66 Generación 198
arranca 
Jugando Partidos contra vecino 0
Resultado 11
39841.7
Yo soy: 
5 64 59 58 52 63 9 34 57 91 45 85 22 33 62 66 11 66 El mejor fue: 0
5 64 59 58 52 63 9 34 57 91 45 85 22 13 62 66 11 66 Generación 197
arranca 
Jugando Partidos contra vecino 0
Resultado 13
47921
Yo soy: 
5 64 59 58 52 63 9 34 57 91 45 85 22 13 62 66 11 66 El mejor fue: 0
5 64 59 58 52 63 9 34 57 91 45 85 22 13 62 86 11 66 Generación 196
arranca 
Jugando Partidos contra vecino 0
Resultado 13
46948.3
Yo soy: 
5 64 59 58 52 63 9 34 57 91 45 85 22 13 62 86 11 66 El mejor fue: 0
5 64 59 58 52 63 9 34 37 91 45 85 22 13 62 86 11 66 Generación 195
arranca 
Jugando Partidos contra vecino 0
Resultado 11
40749
Yo soy: 
5 64 59 58 52 63 9 34 37 91 45 85 22 13 62 86 11 66 El mejor fue: 0
5 64 59 38 52 63 9 34 37 91 45 85 22 13 62 86 11 66 Generación 194
arranca 
Jugando Partidos contra vecino 0
Resultado 11
59404.7
Yo soy: 
5 64 59 38 52 63 9 34 37 91 45 85 22 13 62 86 11 66 El mejor fue: 0
5 64 59 38 52 63 9 34 37 91 25 85 22 13 62 86 11 66 Generación 193
arranca 
Jugando Partidos contra vecino 0
Resultado 13
42654
Yo soy: 
5 64 59 38 52 63 9 34 37 91 25 85 22 13 62 86 11 66 El mejor fue: 0
5 64 59 38 52 63 9 34 37 91 25 85 2 13 62 86 11 66 Generación 192
arranca 
Jugando Partidos contra vecino 0
Resultado 5
25401.1
Jugando Partidos contra vecino 1
Resultado 13
51387
Yo soy: 
5 64 59 38 52 63 9 34 37 91 25 85 2 13 62 86 11 66 El mejor fue: 1
25 64 59 38 52 63 9 34 37 91 25 85 2 13 62 86 11 66 Generación 191
arranca 
Jugando Partidos contra vecino 0
Resultado 7
38989.8
Jugando Partidos contra vecino 1
Resultado 5
33661.1
Jugando Partidos contra vecino 2
Resultado 5
39479.1
Jugando Partidos contra vecino 3
Resultado 9
31361.7
Jugando Partidos contra vecino 4
Resultado 3
16970.9
Jugando Partidos contra vecino 5
Resultado 5
40366.7
Jugando Partidos contra vecino 6
Resultado 1
22418.9
Jugando Partidos contra vecino 7
Resultado 9
29345.4
Jugando Partidos contra vecino 8
Resultado 7
34157
Jugando Partidos contra vecino 9
Resultado 5
32016.6
Jugando Partidos contra vecino 10
Resultado 5
31129.8
Jugando Partidos contra vecino 11
Resultado 7
24594.1
Jugando Partidos contra vecino 12
Resultado 7
37933.7
Jugando Partidos contra vecino 13
Resultado 2
18674
Jugando Partidos contra vecino 14
Resultado 5
34067.8
Jugando Partidos contra vecino 15
Resultado 5
35503.6
Jugando Partidos contra vecino 16
Resultado 7
44423.8
Jugando Partidos contra vecino 17
Resultado 9
31726.4
Jugando Partidos contra vecino 18
Resultado 5
38202.4
Jugando Partidos contra vecino 19
Resultado 9
34456.6
Jugando Partidos contra vecino 20
Resultado 8
27572.3
Jugando Partidos contra vecino 21
Resultado 5
46479.4
Jugando Partidos contra vecino 22
Resultado 5
46884.8
Jugando Partidos contra vecino 23
Resultado 15
43562.6
Yo soy: 
25 64 59 38 52 63 9 34 37 91 25 85 2 13 62 86 11 66 El mejor fue: 23
25 64 59 38 52 63 9 34 37 91 25 85 2 -7 62 86 11 66 Generación 190
arranca 
Jugando Partidos contra vecino 0
Resultado 6
52147.7
Jugando Partidos contra vecino 1
Resultado 11
35604.1
Yo soy: 
25 64 59 38 52 63 9 34 37 91 25 85 2 -7 62 86 11 66 El mejor fue: 1
25 64 59 38 32 63 9 34 37 91 25 85 2 -7 62 86 11 66 Generación 189
arranca 
Jugando Partidos contra vecino 0
Resultado 5
20633.6
Jugando Partidos contra vecino 1
Resultado 13
41112.9
Yo soy: 
25 64 59 38 32 63 9 34 37 91 25 85 2 -7 62 86 11 66 El mejor fue: 1
25 64 59 38 32 63 9 34 37 91 25 85 2 -7 62 86 11 86 Generación 188
arranca 
Jugando Partidos contra vecino 0
Resultado 9
29236.9
Jugando Partidos contra vecino 1
Resultado 7
49443.8
Jugando Partidos contra vecino 2
Resultado 9
36553.5
Jugando Partidos contra vecino 3
Resultado 11
47899.4
Yo soy: 
25 64 59 38 32 63 9 34 37 91 25 85 2 -7 62 86 11 86 El mejor fue: 3
25 64 59 38 32 63 9 34 37 91 25 85 2 -7 62 66 11 86 Generación 187
arranca 
Jugando Partidos contra vecino 0
Resultado 9
30296.2
Jugando Partidos contra vecino 1
Resultado 11
31441
Yo soy: 
25 64 59 38 32 63 9 34 37 91 25 85 2 -7 62 66 11 86 El mejor fue: 1
25 64 59 38 32 63 9 34 37 91 5 85 2 -7 62 66 11 86 Generación 186
arranca 
Jugando Partidos contra vecino 0
Resultado 7
41410.9
Jugando Partidos contra vecino 1
Resultado 7
23411
Jugando Partidos contra vecino 2
Resultado 11
29745.4
Yo soy: 
25 64 59 38 32 63 9 34 37 91 5 85 2 -7 62 66 11 86 El mejor fue: 2
25 64 79 38 32 63 9 34 37 91 5 85 2 -7 62 66 11 86 Generación 185
arranca 
Jugando Partidos contra vecino 0
Resultado 5
15783.2
Jugando Partidos contra vecino 1
Resultado 4
18738.2
Jugando Partidos contra vecino 2
Resultado 7
21608.3
Jugando Partidos contra vecino 3
Resultado 4
18664.2
Jugando Partidos contra vecino 4
Resultado 5
16591
Jugando Partidos contra vecino 5
Resultado 5
24860.2
Jugando Partidos contra vecino 6
Resultado 5
16672.5
Jugando Partidos contra vecino 7
Resultado 4
24198.3
Jugando Partidos contra vecino 8
Resultado 5
26481.8
Jugando Partidos contra vecino 9
Resultado 7
22276.1
Jugando Partidos contra vecino 10
Resultado 4
25345.1
Jugando Partidos contra vecino 11
Resultado 5
17201
Jugando Partidos contra vecino 12
Resultado 5
17296.7
Jugando Partidos contra vecino 13
Resultado 4
23229.3
Jugando Partidos contra vecino 14
Resultado 5
16666
Jugando Partidos contra vecino 15
Resultado 4
14937.3
Jugando Partidos contra vecino 16
Resultado 3
17649
Jugando Partidos contra vecino 17
Resultado 4
17508.4
Jugando Partidos contra vecino 18
Resultado 4
19713.9
Jugando Partidos contra vecino 19
Resultado 6
20130.5
Jugando Partidos contra vecino 20
Resultado 5
23761.6
Jugando Partidos contra vecino 21
Resultado 5
17490.1
Jugando Partidos contra vecino 22
Resultado 5
17230.5
Jugando Partidos contra vecino 23
Resultado 5
15669.6
Jugando Partidos contra vecino 24
Resultado 9
34180.6
Jugando Partidos contra vecino 25
Resultado 5
16386.6
Jugando Partidos contra vecino 26
Resultado 4
17788.8
Jugando Partidos contra vecino 27
Resultado 6
46575.6
Jugando Partidos contra vecino 28
Resultado 4
21344.6
Jugando Partidos contra vecino 29
Resultado 8
25144.7
Jugando Partidos contra vecino 30
Resultado 5
22125.7
Jugando Partidos contra vecino 31
Resultado 5
13093.3
Jugando Partidos contra vecino 32
Resultado 4
16654.4
Jugando Partidos contra vecino 33
Resultado 5
23947.5
Jugando Partidos contra vecino 34
Resultado 3
19537.1
Jugando Partidos contra vecino 35
Resultado 5
19969
2.65624e+06
arranca 
Jugando Partidos contra vecino 0
Resultado 7
54882.7
Jugando Partidos contra vecino 1
Resultado 7
45135.9
Jugando Partidos contra vecino 2
Resultado 9
40382.4
Jugando Partidos contra vecino 3
Resultado 5
46132.7
Jugando Partidos contra vecino 4
Resultado 9
44206.8
Jugando Partidos contra vecino 5
Resultado 7
48624.2
Jugando Partidos contra vecino 6
Resultado 4
32176.5
Jugando Partidos contra vecino 7
Resultado 5
43908.9
Jugando Partidos contra vecino 8
Resultado 11
35073.1
Yo soy: 
1 75 20 59 31 84 50 62 73 99 35 22 65 38 17 91 40 3 El mejor fue: 8
1 75 20 59 31 84 50 62 73 99 35 22 65 38 -3 91 40 3 Generación 199
arranca 
Jugando Partidos contra vecino 0
Resultado 7
53798.5
Jugando Partidos contra vecino 1
Resultado 5
51283.2
Jugando Partidos contra vecino 2
Resultado 5
22629.1
Jugando Partidos contra vecino 3
Resultado 11
39823.6
Yo soy: 
1 75 20 59 31 84 50 62 73 99 35 22 65 38 -3 91 40 3 El mejor fue: 3
1 75 20 59 31 64 50 62 73 99 35 22 65 38 -3 91 40 3 Generación 198
arranca 
Jugando Partidos contra vecino 0
Resultado 5
43423.3
Jugando Partidos contra vecino 1
Resultado 7
45730.4
Jugando Partidos contra vecino 2
Resultado 5
41562.6
Jugando Partidos contra vecino 3
Resultado 5
66178
Jugando Partidos contra vecino 4
Resultado 9
46860.6
Jugando Partidos contra vecino 5
Resultado 7
33868.5
Jugando Partidos contra vecino 6
Resultado 5
42224.3
Jugando Partidos contra vecino 7
Resultado 5
37440.7
Jugando Partidos contra vecino 8
Resultado 5
20574.7
Jugando Partidos contra vecino 9
Resultado 11
42391.3
Yo soy: 
1 75 20 59 31 64 50 62 73 99 35 22 65 38 -3 91 40 3 El mejor fue: 9
1 75 20 59 31 64 50 62 73 99 35 22 65 38 -3 91 20 3 Generación 197
arranca 
Jugando Partidos contra vecino 0
Resultado 9
49626.6
Jugando Partidos contra vecino 1
Resultado 4
30427.8
Jugando Partidos contra vecino 2
Resultado 6
32372.9
Jugando Partidos contra vecino 3
Resultado 11
40064.2
Yo soy: 
1 75 20 59 31 64 50 62 73 99 35 22 65 38 -3 91 20 3 El mejor fue: 3
1 75 20 59 31 64 50 62 73 79 35 22 65 38 -3 91 20 3 Generación 196
arranca 
Jugando Partidos contra vecino 0
Resultado 9
50448.5
Jugando Partidos contra vecino 1
Resultado 7
41968.9
Jugando Partidos contra vecino 2
Resultado 5
48009.1
Jugando Partidos contra vecino 3
Resultado 7
43633.7
Jugando Partidos contra vecino 4
Resultado 8
41573.3
Jugando Partidos contra vecino 5
Resultado 7
44152.6
Jugando Partidos contra vecino 6
Resultado 9
43855.7
Jugando Partidos contra vecino 7
Resultado 9
63061.9
Jugando Partidos contra vecino 8
Resultado 5
33199.2
Jugando Partidos contra vecino 9
Resultado 5
63265.9
Jugando Partidos contra vecino 10
Resultado 5
36844.9
Jugando Partidos contra vecino 11
Resultado 7
52498
Jugando Partidos contra vecino 12
Resultado 7
40189.8
Jugando Partidos contra vecino 13
Resultado 9
53661
Jugando Partidos contra vecino 14
Resultado 9
42997.6
Jugando Partidos contra vecino 15
Resultado 11
43322.8
Yo soy: 
1 75 20 59 31 64 50 62 73 79 35 22 65 38 -3 91 20 3 El mejor fue: 15
1 75 20 59 31 64 50 82 73 79 35 22 65 38 -3 91 20 3 Generación 195
arranca 
Jugando Partidos contra vecino 0
Resultado 9
47360.2
Jugando Partidos contra vecino 1
Resultado 5
50668.9
Jugando Partidos contra vecino 2
Resultado 9
47927.5
Jugando Partidos contra vecino 3
Resultado 4
54004.4
Jugando Partidos contra vecino 4
Resultado 7
49372.1
Jugando Partidos contra vecino 5
Resultado 4
37848.2
Jugando Partidos contra vecino 6
Resultado 5
60380
Jugando Partidos contra vecino 7
Resultado 7
61621.9
Jugando Partidos contra vecino 8
Resultado 9
52818.8
Jugando Partidos contra vecino 9
Resultado 7
44746.9
Jugando Partidos contra vecino 10
Resultado 5
47535.6
Jugando Partidos contra vecino 11
Resultado 11
46283.5
Yo soy: 
1 75 20 59 31 64 50 82 73 79 35 22 65 38 -3 91 20 3 El mejor fue: 11
1 75 20 59 31 64 50 82 93 79 35 22 65 38 -3 91 20 3 Generación 194
arranca 
Jugando Partidos contra vecino 0
Resultado 3
32293.5
Jugando Partidos contra vecino 1
Resultado 5
56182.5
Jugando Partidos contra vecino 2
Resultado 11
39375.2
Yo soy: 
1 75 20 59 31 64 50 82 93 79 35 22 65 38 -3 91 20 3 El mejor fue: 2
1 75 20 59 31 64 50 62 93 79 35 22 65 38 -3 91 20 3 Generación 193
arranca 
Jugando Partidos contra vecino 0
Resultado 5
55159.9
Jugando Partidos contra vecino 1
Resultado 1
28236.8
Jugando Partidos contra vecino 2
Resultado 6
31855.6
Jugando Partidos contra vecino 3
Resultado 9
45120.9
Jugando Partidos contra vecino 4
Resultado 5
53305.9
Jugando Partidos contra vecino 5
Resultado 7
57477.6
Jugando Partidos contra vecino 6
Resultado 5
66503
Jugando Partidos contra vecino 7
Resultado 7
43571.3
Jugando Partidos contra vecino 8
Resultado 5
45675.8
Jugando Partidos contra vecino 9
Resultado 7
37680
Jugando Partidos contra vecino 10
Resultado 7
52106.4
Jugando Partidos contra vecino 11
Resultado 5
50193.2
Jugando Partidos contra vecino 12
Resultado 5
56541.2
Jugando Partidos contra vecino 13
Resultado 5
51368.5
Jugando Partidos contra vecino 14
Resultado 9
46734.5
Jugando Partidos contra vecino 15
Resultado 9
34259
Jugando Partidos contra vecino 16
Resultado 7
50864.8
Jugando Partidos contra vecino 17
Resultado 5
58427.4
Jugando Partidos contra vecino 18
Resultado 7
48206.8
Jugando Partidos contra vecino 19
Resultado 11
37169.2
Yo soy: 
1 75 20 59 31 64 50 62 93 79 35 22 65 38 -3 91 20 3 El mejor fue: 19
1 75 20 59 31 64 50 62 93 79 55 22 65 38 -3 91 20 3 Generación 192
arranca 
Jugando Partidos contra vecino 0
Resultado 7
53712.4
Jugando Partidos contra vecino 1
Resultado 7
40669.6
Jugando Partidos contra vecino 2
Resultado 7
61524.2
Jugando Partidos contra vecino 3
Resultado 7
51955.3
Jugando Partidos contra vecino 4
Resultado 5
46672.2
Jugando Partidos contra vecino 5
Resultado 10
32989.2
Yo soy: 
1 75 20 59 31 64 50 62 93 79 55 22 65 38 -3 91 20 3 El mejor fue: 5
1 75 20 59 31 64 50 62 93 79 55 22 65 38 -3 91 40 3 Generación 191
arranca 
Jugando Partidos contra vecino 0
Resultado 9
43458.5
Jugando Partidos contra vecino 1
Resultado 5
54304.7
Jugando Partidos contra vecino 2
Resultado 9
50220.9
Jugando Partidos contra vecino 3
Resultado 7
55352.8
Jugando Partidos contra vecino 4
Resultado 7
47603.9
Jugando Partidos contra vecino 5
Resultado 4
19098.6
Jugando Partidos contra vecino 6
Resultado 7
42401
Jugando Partidos contra vecino 7
Resultado 5
32153.4
Jugando Partidos contra vecino 8
Resultado 7
35419.9
Jugando Partidos contra vecino 9
Resultado 7
39359.2
Jugando Partidos contra vecino 10
Resultado 7
53667.7
Jugando Partidos contra vecino 11
Resultado 7
37957
Jugando Partidos contra vecino 12
Resultado 9
48038.1
Jugando Partidos contra vecino 13
Resultado 5
54009.4
Jugando Partidos contra vecino 14
Resultado 5
61307.7
Jugando Partidos contra vecino 15
Resultado 2
19017.9
Jugando Partidos contra vecino 16
Resultado 6
46014.9
Jugando Partidos contra vecino 17
Resultado 5
65423.5
Jugando Partidos contra vecino 18
Resultado 7
48529.8
Jugando Partidos contra vecino 19
Resultado 5
39152.1
Jugando Partidos contra vecino 20
Resultado 7
53133.3
Jugando Partidos contra vecino 21
Resultado 7
44032.3
Jugando Partidos contra vecino 22
Resultado 5
47158.9
Jugando Partidos contra vecino 23
Resultado 9
41971.5
Jugando Partidos contra vecino 24
Resultado 9
57671.4
Jugando Partidos contra vecino 25
Resultado 5
70755.2
Jugando Partidos contra vecino 26
Resultado 7
50664.3
Jugando Partidos contra vecino 27
Resultado 7
47364
Jugando Partidos contra vecino 28
Resultado 7
51223
Jugando Partidos contra vecino 29
Resultado 9
35814.6
Jugando Partidos contra vecino 30
Resultado 5
46262.2
Jugando Partidos contra vecino 31
Resultado 9
44386.9
Jugando Partidos contra vecino 32
Resultado 9
51649.2
Jugando Partidos contra vecino 33
Resultado 7
50065
Jugando Partidos contra vecino 34
Resultado 4
42490.1
Jugando Partidos contra vecino 35
Resultado 5
44743.5
5.51177e+06
arranca 
Jugando Partidos contra vecino 0
Resultado 5
64695
Jugando Partidos contra vecino 1
Resultado 5
67059.4
Jugando Partidos contra vecino 2
Resultado 5
71247.7
Jugando Partidos contra vecino 3
Resultado 5
62786.9
Jugando Partidos contra vecino 4
Resultado 5
69971.1
Jugando Partidos contra vecino 5
Resultado 5
70071.5
Jugando Partidos contra vecino 6
Resultado 5
71066.3
Jugando Partidos contra vecino 7
Resultado 5
69024.8
Jugando Partidos contra vecino 8
Resultado 5
68602.8
Jugando Partidos contra vecino 9
Resultado 5
61453
Jugando Partidos contra vecino 10
Resultado 5
59975.2
Jugando Partidos contra vecino 11
Resultado 5
74377.8
Jugando Partidos contra vecino 12
Resultado 5
63815.9
Jugando Partidos contra vecino 13
Resultado 5
68895.5
Jugando Partidos contra vecino 14
Resultado 5
71962
Jugando Partidos contra vecino 15
Resultado 5
57546.6
Jugando Partidos contra vecino 16
Resultado 5
60559
Jugando Partidos contra vecino 17
Resultado 5
69868.4
Jugando Partidos contra vecino 18
Resultado 5
69516
Jugando Partidos contra vecino 19
Resultado 5
57105
Jugando Partidos contra vecino 20
Resultado 5
63407.2
Jugando Partidos contra vecino 21
Resultado 5
70416.8
Jugando Partidos contra vecino 22
Resultado 5
72721.3
Jugando Partidos contra vecino 23
Resultado 5
64844
Jugando Partidos contra vecino 24
Resultado 5
70673.5
Jugando Partidos contra vecino 25
Resultado 5
70143.1
Jugando Partidos contra vecino 26
Resultado 5
44849.7
Jugando Partidos contra vecino 27
Resultado 5
71780.9
Jugando Partidos contra vecino 28
Resultado 5
70469.5
Jugando Partidos contra vecino 29
Resultado 5
70436.2
Jugando Partidos contra vecino 30
Resultado 5
72624
Jugando Partidos contra vecino 31
Resultado 5
72870.8
Jugando Partidos contra vecino 32
Resultado 5
71226.7
Jugando Partidos contra vecino 33
Resultado 5
69439.5
Jugando Partidos contra vecino 34
Resultado 5
72116.9
Jugando Partidos contra vecino 35
Resultado 5
70311.3
2.42793e+06
arranca 
Jugando Partidos contra vecino 0
Resultado 5
17650.2
Jugando Partidos contra vecino 1
Resultado 5
13895.9
Jugando Partidos contra vecino 2
Resultado 5
23206.6
Jugando Partidos contra vecino 3
Resultado 5
17663.8
Jugando Partidos contra vecino 4
Resultado 5
15837.9
Jugando Partidos contra vecino 5
Resultado 5
44371.2
Jugando Partidos contra vecino 6
Resultado 5
15673
Jugando Partidos contra vecino 7
Resultado 5
11581.7
Jugando Partidos contra vecino 8
Resultado 5
16002.6
Jugando Partidos contra vecino 9
Resultado 5
20591.2
Jugando Partidos contra vecino 10
Resultado 5
16138.1
Jugando Partidos contra vecino 11
Resultado 5
17077.6
Jugando Partidos contra vecino 12
Resultado 5
24395.4
Jugando Partidos contra vecino 13
Resultado 5
14841.3
Jugando Partidos contra vecino 14
Resultado 5
18042.7
Jugando Partidos contra vecino 15
Resultado 5
15919.1
Jugando Partidos contra vecino 16
Resultado 5
13715.5
Jugando Partidos contra vecino 17
Resultado 5
26182.6
Jugando Partidos contra vecino 18
Resultado 5
17579.8
Jugando Partidos contra vecino 19
Resultado 5
22889.3
Jugando Partidos contra vecino 20
Resultado 5
14178.2
Jugando Partidos contra vecino 21
Resultado 5
15261.3
Jugando Partidos contra vecino 22
Resultado 5
33239
Jugando Partidos contra vecino 23
Resultado 5
20794.5
Jugando Partidos contra vecino 24
Resultado 5
22172.5
Jugando Partidos contra vecino 25
Resultado 5
15224.4
Jugando Partidos contra vecino 26
Resultado 5
25829.1
Jugando Partidos contra vecino 27
Resultado 5
20814.8
Jugando Partidos contra vecino 28
Resultado 5
13189.6
Jugando Partidos contra vecino 29
Resultado 5
16524.9
Jugando Partidos contra vecino 30
Resultado 5
21483.8
Jugando Partidos contra vecino 31
Resultado 5
13710.4
Jugando Partidos contra vecino 32
Resultado 5
14225.7
Jugando Partidos contra vecino 33
Resultado 5
22817.1
Jugando Partidos contra vecino 34
Resultado 5
16910.4
Jugando Partidos contra vecino 35
Resultado 5
12075.6
681707
arranca 
Jugando Partidos contra vecino 0
Resultado 5
22394.7
Jugando Partidos contra vecino 1
Resultado 5
18758.6
Jugando Partidos contra vecino 2
Resultado 7
21937.9
Jugando Partidos contra vecino 3
Resultado 5
24257.2
Jugando Partidos contra vecino 4
Resultado 7
33852.9
Jugando Partidos contra vecino 5
Resultado 7
20166.9
Jugando Partidos contra vecino 6
Resultado 5
26322.9
Jugando Partidos contra vecino 7
Resultado 5
26755
Jugando Partidos contra vecino 8
Resultado 7
25869.5
Jugando Partidos contra vecino 9
Resultado 5
22023.9
Jugando Partidos contra vecino 10
Resultado 7
25403.3
Jugando Partidos contra vecino 11
Resultado 5
24038.6
Jugando Partidos contra vecino 12
Resultado 5
15992.2
Jugando Partidos contra vecino 13
Resultado 7
22126.1
Jugando Partidos contra vecino 14
Resultado 11
39210.9
Yo soy: 
64 59 56 7 66 62 13 80 5 39 10 52 37 28 38 73 99 86 El mejor fue: 14
64 59 56 7 66 62 13 80 5 39 30 52 37 28 38 73 99 86 Generación 199
arranca 
Jugando Partidos contra vecino 0
Resultado 7
27964.9
Jugando Partidos contra vecino 1
Resultado 5
31489.8
Jugando Partidos contra vecino 2
Resultado 8
30162.5
Jugando Partidos contra vecino 3
Resultado 7
29163.5
Jugando Partidos contra vecino 4
Resultado 4
20990.1
Jugando Partidos contra vecino 5
Resultado 8
33370.7
Jugando Partidos contra vecino 6
Resultado 7
30337.5
Jugando Partidos contra vecino 7
Resultado 5
32985.6
Jugando Partidos contra vecino 8
Resultado 4
43092.6
Jugando Partidos contra vecino 9
Resultado 4
26219.1
Jugando Partidos contra vecino 10
Resultado 2
27177.3
Jugando Partidos contra vecino 11
Resultado 5
30022.6
Jugando Partidos contra vecino 12
Resultado 9
42344.6
Jugando Partidos contra vecino 13
Resultado 3
28420.9
Jugando Partidos contra vecino 14
Resultado 5
31503.8
Jugando Partidos contra vecino 15
Resultado 5
29102.2
Jugando Partidos contra vecino 16
Resultado 8
28317.5
Jugando Partidos contra vecino 17
Resultado 6
29471.1
Jugando Partidos contra vecino 18
Resultado 5
25397.3
Jugando Partidos contra vecino 19
Resultado 5
27513.1
Jugando Partidos contra vecino 20
Resultado 4
24151.7
Jugando Partidos contra vecino 21
Resultado 6
27990.4
Jugando Partidos contra vecino 22
Resultado 6
30837.6
Jugando Partidos contra vecino 23
Resultado 2
27830.9
Jugando Partidos contra vecino 24
Resultado 4
22755.2
Jugando Partidos contra vecino 25
Resultado 5
29548.2
Jugando Partidos contra vecino 26
Resultado 5
27778.8
Jugando Partidos contra vecino 27
Resultado 3
22849.7
Jugando Partidos contra vecino 28
Resultado 11
35901
Yo soy: 
64 59 56 7 66 62 13 80 5 39 30 52 37 28 38 73 99 86 El mejor fue: 28
64 59 56 7 66 62 13 80 25 39 30 52 37 28 38 73 99 86 Generación 198
arranca 
Jugando Partidos contra vecino 0
Resultado 8
38834.2
Jugando Partidos contra vecino 1
Resultado 5
32357.2
Jugando Partidos contra vecino 2
Resultado 10
36180.6
Yo soy: 
64 59 56 7 66 62 13 80 25 39 30 52 37 28 38 73 99 86 El mejor fue: 2
64 59 56 7 66 62 13 80 25 39 30 52 37 48 38 73 99 86 Generación 197
arranca 
Jugando Partidos contra vecino 0
Resultado 5
28934.2
Jugando Partidos contra vecino 1
Resultado 3
23230.4
Jugando Partidos contra vecino 2
Resultado 6
34776
Jugando Partidos contra vecino 3
Resultado 6
32685.9
Jugando Partidos contra vecino 4
Resultado 5
37846.2
Jugando Partidos contra vecino 5
Resultado 11
51436.7
Yo soy: 
64 59 56 7 66 62 13 80 25 39 30 52 37 48 38 73 99 86 El mejor fue: 5
64 59 56 7 66 62 13 80 25 39 50 52 37 48 38 73 99 86 Generación 196
arranca 
Jugando Partidos contra vecino 0
Resultado 6
37333.1
Jugando Partidos contra vecino 1
Resultado 9
25421.5
Jugando Partidos contra vecino 2
Resultado 5
23835.3
Jugando Partidos contra vecino 3
Resultado 15
42898
Yo soy: 
64 59 56 7 66 62 13 80 25 39 50 52 37 48 38 73 99 86 El mejor fue: 3
64 59 36 7 66 62 13 80 25 39 50 52 37 48 38 73 99 86 Generación 195
arranca 
Jugando Partidos contra vecino 0
Resultado 3
18946.6
Jugando Partidos contra vecino 1
Resultado 4
24098.7
Jugando Partidos contra vecino 2
Resultado 10
26417
Yo soy: 
64 59 36 7 66 62 13 80 25 39 50 52 37 48 38 73 99 86 El mejor fue: 2
64 79 36 7 66 62 13 80 25 39 50 52 37 48 38 73 99 86 Generación 194
arranca 
Jugando Partidos contra vecino 0
Resultado 9
47480.8
Jugando Partidos contra vecino 1
Resultado 6
38301.4
Jugando Partidos contra vecino 2
Resultado 9
47579
Jugando Partidos contra vecino 3
Resultado 4
25499.1
Jugando Partidos contra vecino 4
Resultado 7
40883.8
Jugando Partidos contra vecino 5
Resultado 12
38973
Yo soy: 
64 79 36 7 66 62 13 80 25 39 50 52 37 48 38 73 99 86 El mejor fue: 5
64 79 36 7 66 62 13 80 25 39 50 52 37 48 58 73 99 86 Generación 193
arranca 
Jugando Partidos contra vecino 0
Resultado 7
49348.8
Jugando Partidos contra vecino 1
Resultado 9
32547.7
Jugando Partidos contra vecino 2
Resultado 10
32487.2
Yo soy: 
64 79 36 7 66 62 13 80 25 39 50 52 37 48 58 73 99 86 El mejor fue: 2
64 59 36 7 66 62 13 80 25 39 50 52 37 48 58 73 99 86 Generación 192
arranca 
Jugando Partidos contra vecino 0
Resultado 9
31674.9
Jugando Partidos contra vecino 1
Resultado 9
37703.1
Jugando Partidos contra vecino 2
Resultado 7
23761.1
Jugando Partidos contra vecino 3
Resultado 6
24054.2
Jugando Partidos contra vecino 4
Resultado 7
30143.6
Jugando Partidos contra vecino 5
Resultado 7
31592.5
Jugando Partidos contra vecino 6
Resultado 7
26159.7
Jugando Partidos contra vecino 7
Resultado 5
24538.1
Jugando Partidos contra vecino 8
Resultado 7
28507.5
Jugando Partidos contra vecino 9
Resultado 9
32412.1
Jugando Partidos contra vecino 10
Resultado 10
42206.1
Yo soy: 
64 59 36 7 66 62 13 80 25 39 50 52 37 48 58 73 99 86 El mejor fue: 10
64 79 36 7 66 62 13 80 25 39 50 52 37 48 58 73 99 86 Generación 191
arranca 
Jugando Partidos contra vecino 0
Resultado 13
40109.1
Yo soy: 
64 79 36 7 66 62 13 80 25 39 50 52 37 48 58 73 99 86 El mejor fue: 0
64 79 36 -13 66 62 13 80 25 39 50 52 37 48 58 73 99 86 Generación 190
arranca 
Jugando Partidos contra vecino 0
Resultado 7
31106.5
Jugando Partidos contra vecino 1
Resultado 10
43921.5
Yo soy: 
64 79 36 -13 66 62 13 80 25 39 50 52 37 48 58 73 99 86 El mejor fue: 1
64 79 16 -13 66 62 13 80 25 39 50 52 37 48 58 73 99 86 Generación 189
arranca 
Jugando Partidos contra vecino 0
Resultado 9
46213.7
Jugando Partidos contra vecino 1
Resultado 5
28641
Jugando Partidos contra vecino 2
Resultado 9
31549.5
Jugando Partidos contra vecino 3
Resultado 9
45467.7
Jugando Partidos contra vecino 4
Resultado 9
52510.1
Jugando Partidos contra vecino 5
Resultado 15
37532.4
Yo soy: 
64 79 16 -13 66 62 13 80 25 39 50 52 37 48 58 73 99 86 El mejor fue: 5
64 79 16 -13 66 62 13 80 25 39 50 52 37 68 58 73 99 86 Generación 188
arranca 
Jugando Partidos contra vecino 0
Resultado 8
22133.1
Jugando Partidos contra vecino 1
Resultado 13
38842.8
Yo soy: 
64 79 16 -13 66 62 13 80 25 39 50 52 37 68 58 73 99 86 El mejor fue: 1
64 79 16 -13 66 62 13 80 25 39 30 52 37 68 58 73 99 86 Generación 187
arranca 
Jugando Partidos contra vecino 0
Resultado 10
52102.4
Yo soy: 
64 79 16 -13 66 62 13 80 25 39 30 52 37 68 58 73 99 86 El mejor fue: 0
64 79 16 -13 66 62 13 80 25 39 30 72 37 68 58 73 99 86 Generación 186
arranca 
Jugando Partidos contra vecino 0
Resultado 5
32837.8
Jugando Partidos contra vecino 1
Resultado 7
19898.5
Jugando Partidos contra vecino 2
Resultado 5
18576.6
Jugando Partidos contra vecino 3
Resultado 8
30190.3
Jugando Partidos contra vecino 4
Resultado 5
20454.1
Jugando Partidos contra vecino 5
Resultado 1
19697.3
Jugando Partidos contra vecino 6
Resultado 7
32027.9
Jugando Partidos contra vecino 7
Resultado 4
26376.3
Jugando Partidos contra vecino 8
Resultado 7
28383.3
Jugando Partidos contra vecino 9
Resultado 6
24532
Jugando Partidos contra vecino 10
Resultado 7
25387.6
Jugando Partidos contra vecino 11
Resultado 4
21139.5
Jugando Partidos contra vecino 12
Resultado 8
20927.9
Jugando Partidos contra vecino 13
Resultado 6
28246.1
Jugando Partidos contra vecino 14
Resultado 5
27317.9
Jugando Partidos contra vecino 15
Resultado 6
23257.6
Jugando Partidos contra vecino 16
Resultado 6
20118.8
Jugando Partidos contra vecino 17
Resultado 11
39123.4
Yo soy: 
64 79 16 -13 66 62 13 80 25 39 30 72 37 68 58 73 99 86 El mejor fue: 17
64 79 16 -13 66 62 13 80 25 19 30 72 37 68 58 73 99 86 Generación 185
arranca 
Jugando Partidos contra vecino 0
Resultado 5
14166.4
Jugando Partidos contra vecino 1
Resultado 4
25248.1
Jugando Partidos contra vecino 2
Resultado 9
23995.9
Jugando Partidos contra vecino 3
Resultado 3
21970.8
Jugando Partidos contra vecino 4
Resultado 2
23498.8
Jugando Partidos contra vecino 5
Resultado 7
23444.6
Jugando Partidos contra vecino 6
Resultado 11
27872.4
Yo soy: 
64 79 16 -13 66 62 13 80 25 19 30 72 37 68 58 73 99 86 El mejor fue: 6
64 79 16 -13 66 62 13 40 25 19 30 72 37 68 58 73 99 86 Generación 184
arranca 
Jugando Partidos contra vecino 0
Resultado 6
31697
Jugando Partidos contra vecino 1
Resultado 2
18661.7
Jugando Partidos contra vecino 2
Resultado 5
19524.1
Jugando Partidos contra vecino 3
Resultado 5
27787
Jugando Partidos contra vecino 4
Resultado 3
17930.1
Jugando Partidos contra vecino 5
Resultado 5
20734.6
Jugando Partidos contra vecino 6
Resultado 2
18744.9
Jugando Partidos contra vecino 7
Resultado 4
27553.8
Jugando Partidos contra vecino 8
Resultado 2
17864.3
Jugando Partidos contra vecino 9
Resultado 4
20144.2
Jugando Partidos contra vecino 10
Resultado 4
26979.3
Jugando Partidos contra vecino 11
Resultado 6
30832.2
Jugando Partidos contra vecino 12
Resultado 6
27929.7
Jugando Partidos contra vecino 13
Resultado 7
23766.7
Jugando Partidos contra vecino 14
Resultado 6
26020.8
Jugando Partidos contra vecino 15
Resultado 9
41135
Jugando Partidos contra vecino 16
Resultado 1
25003
Jugando Partidos contra vecino 17
Resultado 6
31651.5
Jugando Partidos contra vecino 18
Resultado 4
27235
Jugando Partidos contra vecino 19
Resultado 9
20733.7
Jugando Partidos contra vecino 20
Resultado 9
23171.9
Jugando Partidos contra vecino 21
Resultado 6
28205
Jugando Partidos contra vecino 22
Resultado 6
27150
Jugando Partidos contra vecino 23
Resultado 4
30746.1
Jugando Partidos contra vecino 24
Resultado 9
24672
Jugando Partidos contra vecino 25
Resultado 6
30121.9
Jugando Partidos contra vecino 26
Resultado 9
31863.9
Jugando Partidos contra vecino 27
Resultado 9
27232.8
Jugando Partidos contra vecino 28
Resultado 3
21323.2
Jugando Partidos contra vecino 29
Resultado 1
20019.6
Jugando Partidos contra vecino 30
Resultado 2
15871.1
Jugando Partidos contra vecino 31
Resultado 6
23837.1
Jugando Partidos contra vecino 32
Resultado 6
26395.9
Jugando Partidos contra vecino 33
Resultado 8
35647.3
Jugando Partidos contra vecino 34
Resultado 9
25027.5
Jugando Partidos contra vecino 35
Resultado 3
22559
4.42948e+06
arranca 
Jugando Partidos contra vecino 0
Resultado 5
15666.8
Jugando Partidos contra vecino 1
Resultado 5
24894.7
Jugando Partidos contra vecino 2
Resultado 5
12316.6
Jugando Partidos contra vecino 3
Resultado 8
17502.5
Jugando Partidos contra vecino 4
Resultado 11
18947.3
Yo soy: 
76 82 51 99 39 36 14 53 12 16 75 81 75 51 89 8 20 82 El mejor fue: 4
76 82 51 99 39 56 14 53 12 16 75 81 75 51 89 8 20 82 Generación 199
arranca 
Jugando Partidos contra vecino 0
Resultado 6
15535.9
Jugando Partidos contra vecino 1
Resultado 4
22217.1
Jugando Partidos contra vecino 2
Resultado 2
16692.6
Jugando Partidos contra vecino 3
Resultado 4
20893.9
Jugando Partidos contra vecino 4
Resultado 4
21573.7
Jugando Partidos contra vecino 5
Resultado 3
14358.9
Jugando Partidos contra vecino 6
Resultado 4
18391
Jugando Partidos contra vecino 7
Resultado 3
21359
Jugando Partidos contra vecino 8
Resultado 6
17878.2
Jugando Partidos contra vecino 9
Resultado 4
16998.5
Jugando Partidos contra vecino 10
Resultado 7
19518.1
Jugando Partidos contra vecino 11
Resultado 5
25136.3
Jugando Partidos contra vecino 12
Resultado 8
16674.9
Jugando Partidos contra vecino 13
Resultado 8
16607.8
Jugando Partidos contra vecino 14
Resultado 3
14333
Jugando Partidos contra vecino 15
Resultado 2
17054.8
Jugando Partidos contra vecino 16
Resultado 4
15706.4
Jugando Partidos contra vecino 17
Resultado 7
16279.8
Jugando Partidos contra vecino 18
Resultado 4
12426.7
Jugando Partidos contra vecino 19
Resultado 4
24139.7
Jugando Partidos contra vecino 20
Resultado 4
15446.7
Jugando Partidos contra vecino 21
Resultado 6
22007.4
Jugando Partidos contra vecino 22
Resultado 4
14999
Jugando Partidos contra vecino 23
Resultado 4
16373.6
Jugando Partidos contra vecino 24
Resultado 6
20735.9
Jugando Partidos contra vecino 25
Resultado 4
17639
Jugando Partidos contra vecino 26
Resultado 2
16375.3
Jugando Partidos contra vecino 27
Resultado 3
15717.9
Jugando Partidos contra vecino 28
Resultado 4
16609.6
Jugando Partidos contra vecino 29
Resultado 4
16201.4
Jugando Partidos contra vecino 30
Resultado 5
17169.6
Jugando Partidos contra vecino 31
Resultado 10
25574.9
Yo soy: 
76 82 51 99 39 56 14 53 12 16 75 81 75 51 89 8 20 82 El mejor fue: 31
76 82 51 99 39 56 14 53 12 16 55 81 75 51 89 8 20 82 Generación 198
arranca 
Jugando Partidos contra vecino 0
Resultado 5
24374.5
Jugando Partidos contra vecino 1
Resultado 4
13269.2
Jugando Partidos contra vecino 2
Resultado 7
18951.5
Jugando Partidos contra vecino 3
Resultado 3
18482.4
Jugando Partidos contra vecino 4
Resultado 6
17687.4
Jugando Partidos contra vecino 5
Resultado 5
22507.1
Jugando Partidos contra vecino 6
Resultado 4
15623.1
Jugando Partidos contra vecino 7
Resultado 3
13177
Jugando Partidos contra vecino 8
Resultado 2
15701.9
Jugando Partidos contra vecino 9
Resultado 5
15856.8
Jugando Partidos contra vecino 10
Resultado 7
18600.5
Jugando Partidos contra vecino 11
Resultado 13
23276
Yo soy: 
76 82 51 99 39 56 14 53 12 16 55 81 75 51 89 8 20 82 El mejor fue: 11
76 82 51 99 39 56 34 53 12 16 55 81 75 51 89 8 20 82 Generación 197
arranca 
Jugando Partidos contra vecino 0
Resultado 7
19328.9
Jugando Partidos contra vecino 1
Resultado 8
36932.7
Jugando Partidos contra vecino 2
Resultado 7
29944.8
Jugando Partidos contra vecino 3
Resultado 13
31367
Yo soy: 
76 82 51 99 39 56 34 53 12 16 55 81 75 51 89 8 20 82 El mejor fue: 3
76 82 51 99 19 56 34 53 12 16 55 81 75 51 89 8 20 82 Generación 196
arranca 
Jugando Partidos contra vecino 0
Resultado 10
41156.9
Yo soy: 
76 82 51 99 19 56 34 53 12 16 55 81 75 51 89 8 20 82 El mejor fue: 0
76 82 51 99 19 56 34 53 12 16 55 81 75 51 89 8 40 82 Generación 195
arranca 
Jugando Partidos contra vecino 0
Resultado 11
28652.2
Yo soy: 
76 82 51 99 19 56 34 53 12 16 55 81 75 51 89 8 40 82 El mejor fue: 0
76 82 51 99 19 56 34 53 12 16 35 81 75 51 89 8 40 82 Generación 194
arranca 
Jugando Partidos contra vecino 0
