arranca 
Jugando Partidos contra vecino 0
Resultado 4
19213.3
Jugando Partidos contra vecino 1
Resultado 7
26114.6
Jugando Partidos contra vecino 2
Resultado 4
17748.2
Jugando Partidos contra vecino 3
Resultado 7
21285.3
Jugando Partidos contra vecino 4
Resultado 13
40974.4
Yo soy: 
22 46 26 36 15 60 5 68 53 74 14 82 26 47 18 4 54 8 El mejor fue: 4
22 46 26 36 15 60 5 68 63 74 14 82 26 47 18 4 54 8 Generación 199
arranca 
Jugando Partidos contra vecino 0
Resultado 7
23374.6
Jugando Partidos contra vecino 1
Resultado 6
33965.8
Jugando Partidos contra vecino 2
Resultado 7
34908.5
Jugando Partidos contra vecino 3
Resultado 3
21042.6
Jugando Partidos contra vecino 4
Resultado 8
27317.5
Jugando Partidos contra vecino 5
Resultado 7
25473.7
Jugando Partidos contra vecino 6
Resultado 10
52895.2
Yo soy: 
22 46 26 36 15 60 5 68 63 74 14 82 26 47 18 4 54 8 El mejor fue: 6
12 46 26 36 15 60 5 68 63 74 14 82 26 47 18 4 54 8 Generación 198
arranca 
Jugando Partidos contra vecino 0
Resultado 12
55300.2
Yo soy: 
12 46 26 36 15 60 5 68 63 74 14 82 26 47 18 4 54 8 El mejor fue: 0
12 36 26 36 15 60 5 68 63 74 14 82 26 47 18 4 54 8 Generación 197
arranca 
Jugando Partidos contra vecino 0
Resultado 9
35682.9
Jugando Partidos contra vecino 1
Resultado 5
23126.6
Jugando Partidos contra vecino 2
Resultado 11
46453.9
Yo soy: 
12 36 26 36 15 60 5 68 63 74 14 82 26 47 18 4 54 8 El mejor fue: 2
12 36 26 36 15 60 5 68 63 74 14 82 26 47 18 -6 54 8 Generación 196
arranca 
Jugando Partidos contra vecino 0
Resultado 13
53613.4
Yo soy: 
12 36 26 36 15 60 5 68 63 74 14 82 26 47 18 -6 54 8 El mejor fue: 0
12 36 26 36 15 60 5 68 63 74 14 82 26 47 8 -6 54 8 Generación 195
arranca 
Jugando Partidos contra vecino 0
Resultado 10
42470.7
Yo soy: 
12 36 26 36 15 60 5 68 63 74 14 82 26 47 8 -6 54 8 El mejor fue: 0
12 36 26 36 15 60 5 68 63 74 14 82 26 47 8 -16 54 8 Generación 194
arranca 
Jugando Partidos contra vecino 0
Resultado 6
39493
Jugando Partidos contra vecino 1
Resultado 15
64750.6
Yo soy: 
12 36 26 36 15 60 5 68 63 74 14 82 26 47 8 -16 54 8 El mejor fue: 1
12 36 26 36 15 60 5 68 63 74 14 82 26 37 8 -16 54 8 Generación 193
arranca 
Jugando Partidos contra vecino 0
Resultado 7
26749.3
Jugando Partidos contra vecino 1
Resultado 9
33118.4
Jugando Partidos contra vecino 2
Resultado 5
30841.8
Jugando Partidos contra vecino 3
Resultado 7
36024.8
Jugando Partidos contra vecino 4
Resultado 13
56264
Yo soy: 
12 36 26 36 15 60 5 68 63 74 14 82 26 37 8 -16 54 8 El mejor fue: 4
12 36 26 36 15 60 5 68 63 74 14 82 26 27 8 -16 54 8 Generación 192
arranca 
Jugando Partidos contra vecino 0
Resultado 8
39955.6
Jugando Partidos contra vecino 1
Resultado 7
35928.6
Jugando Partidos contra vecino 2
Resultado 11
50725.2
Yo soy: 
12 36 26 36 15 60 5 68 63 74 14 82 26 27 8 -16 54 8 El mejor fue: 2
2 36 26 36 15 60 5 68 63 74 14 82 26 27 8 -16 54 8 Generación 191
arranca 
Jugando Partidos contra vecino 0
Resultado 15
60443.8
Yo soy: 
2 36 26 36 15 60 5 68 63 74 14 82 26 27 8 -16 54 8 El mejor fue: 0
2 36 26 26 15 60 5 68 63 74 14 82 26 27 8 -16 54 8 Generación 190
arranca 
Jugando Partidos contra vecino 0
Resultado 11
54947.9
Yo soy: 
2 36 26 26 15 60 5 68 63 74 14 82 26 27 8 -16 54 8 El mejor fue: 0
2 36 26 16 15 60 5 68 63 74 14 82 26 27 8 -16 54 8 Generación 189
arranca 
Jugando Partidos contra vecino 0
Resultado 5
24902
Jugando Partidos contra vecino 1
Resultado 5
24969.3
Jugando Partidos contra vecino 2
Resultado 9
33028.6
Jugando Partidos contra vecino 3
Resultado 8
32691.4
Jugando Partidos contra vecino 4
Resultado 8
33623.1
Jugando Partidos contra vecino 5
Resultado 6
26970.9
Jugando Partidos contra vecino 6
Resultado 10
47438.7
Yo soy: 
2 36 26 16 15 60 5 68 63 74 14 82 26 27 8 -16 54 8 El mejor fue: 6
2 36 26 6 15 60 5 68 63 74 14 82 26 27 8 -16 54 8 Generación 188
arranca 
Jugando Partidos contra vecino 0
Resultado 7
40128.3
Jugando Partidos contra vecino 1
Resultado 5
41440.5
Jugando Partidos contra vecino 2
Resultado 9
44470.1
Jugando Partidos contra vecino 3
Resultado 8
31600.6
Jugando Partidos contra vecino 4
Resultado 4
28066.4
Jugando Partidos contra vecino 5
Resultado 4
41526.2
Jugando Partidos contra vecino 6
Resultado 10
43292.1
Yo soy: 
2 36 26 6 15 60 5 68 63 74 14 82 26 27 8 -16 54 8 El mejor fue: 6
2 36 26 6 15 60 15 68 63 74 14 82 26 27 8 -16 54 8 Generación 187
arranca 
Jugando Partidos contra vecino 0
Resultado 7
40333.7
Jugando Partidos contra vecino 1
Resultado 6
35551
Jugando Partidos contra vecino 2
Resultado 8
39578.7
Jugando Partidos contra vecino 3
Resultado 10
48509.1
Yo soy: 
2 36 26 6 15 60 15 68 63 74 14 82 26 27 8 -16 54 8 El mejor fue: 3
2 36 26 16 15 60 15 68 63 74 14 82 26 27 8 -16 54 8 Generación 186
arranca 
Jugando Partidos contra vecino 0
Resultado 10
43478.2
Yo soy: 
2 36 26 16 15 60 15 68 63 74 14 82 26 27 8 -16 54 8 El mejor fue: 0
12 36 26 16 15 60 15 68 63 74 14 82 26 27 8 -16 54 8 Generación 185
arranca 
Jugando Partidos contra vecino 0
Resultado 10
52751.9
Yo soy: 
12 36 26 16 15 60 15 68 63 74 14 82 26 27 8 -16 54 8 El mejor fue: 0
12 36 26 16 15 60 15 68 63 74 14 82 26 27 18 -16 54 8 Generación 184
arranca 
Jugando Partidos contra vecino 0
Resultado 13
56389.3
Yo soy: 
12 36 26 16 15 60 15 68 63 74 14 82 26 27 18 -16 54 8 El mejor fue: 0
12 36 26 16 15 60 15 68 63 74 24 82 26 27 18 -16 54 8 Generación 183
arranca 
Jugando Partidos contra vecino 0
Resultado 7
41979.1
Jugando Partidos contra vecino 1
Resultado 8
53360.4
Jugando Partidos contra vecino 2
Resultado 15
62986.7
Yo soy: 
12 36 26 16 15 60 15 68 63 74 24 82 26 27 18 -16 54 8 El mejor fue: 2
12 36 26 16 15 60 15 68 63 74 24 82 26 27 8 -16 54 8 Generación 182
arranca 
Jugando Partidos contra vecino 0
Resultado 13
66763.8
Yo soy: 
12 36 26 16 15 60 15 68 63 74 24 82 26 27 8 -16 54 8 El mejor fue: 0
12 36 26 16 15 60 15 68 63 74 24 82 26 27 8 -26 54 8 Generación 181
arranca 
Jugando Partidos contra vecino 0
Resultado 10
45505.5
Yo soy: 
12 36 26 16 15 60 15 68 63 74 24 82 26 27 8 -26 54 8 El mejor fue: 0
12 36 26 16 15 60 15 68 63 74 24 82 26 27 18 -26 54 8 Generación 180
arranca 
Jugando Partidos contra vecino 0
Resultado 10
46625.2
Yo soy: 
12 36 26 16 15 60 15 68 63 74 24 82 26 27 18 -26 54 8 El mejor fue: 0
12 36 26 16 15 60 15 68 63 74 24 82 26 27 18 -26 54 18 Generación 179
arranca 
Jugando Partidos contra vecino 0
Resultado 2
26974.4
Jugando Partidos contra vecino 1
Resultado 8
38811.4
Jugando Partidos contra vecino 2
Resultado 7
37939.3
Jugando Partidos contra vecino 3
Resultado 12
56663.3
Yo soy: 
12 36 26 16 15 60 15 68 63 74 24 82 26 27 18 -26 54 18 El mejor fue: 3
12 36 26 16 5 60 15 68 63 74 24 82 26 27 18 -26 54 18 Generación 178
arranca 
Jugando Partidos contra vecino 0
Resultado 12
60073.1
Yo soy: 
12 36 26 16 5 60 15 68 63 74 24 82 26 27 18 -26 54 18 El mejor fue: 0
12 36 26 16 5 60 15 58 63 74 24 82 26 27 18 -26 54 18 Generación 177
arranca 
Jugando Partidos contra vecino 0
Resultado 15
66231.2
Yo soy: 
12 36 26 16 5 60 15 58 63 74 24 82 26 27 18 -26 54 18 El mejor fue: 0
12 36 26 16 15 60 15 58 63 74 24 82 26 27 18 -26 54 18 Generación 176
arranca 
Jugando Partidos contra vecino 0
Resultado 12
54750.3
Yo soy: 
12 36 26 16 15 60 15 58 63 74 24 82 26 27 18 -26 54 18 El mejor fue: 0
12 36 26 16 15 60 15 58 63 84 24 82 26 27 18 -26 54 18 Generación 175
arranca 
Jugando Partidos contra vecino 0
Resultado 3
20523
Jugando Partidos contra vecino 1
Resultado 12
53325.5
Yo soy: 
12 36 26 16 15 60 15 58 63 84 24 82 26 27 18 -26 54 18 El mejor fue: 1
12 36 26 16 15 60 15 58 63 84 24 92 26 27 18 -26 54 18 Generación 174
arranca 
Jugando Partidos contra vecino 0
Resultado 15
64578.1
Yo soy: 
12 36 26 16 15 60 15 58 63 84 24 92 26 27 18 -26 54 18 El mejor fue: 0
12 36 26 16 15 60 15 58 63 84 24 92 26 27 18 -26 64 18 Generación 173
arranca 
Jugando Partidos contra vecino 0
Resultado 11
46649.3
Yo soy: 
12 36 26 16 15 60 15 58 63 84 24 92 26 27 18 -26 64 18 El mejor fue: 0
12 36 26 16 15 60 15 58 63 84 24 92 16 27 18 -26 64 18 Generación 172
arranca 
Jugando Partidos contra vecino 0
Resultado 10
44110.9
Yo soy: 
12 36 26 16 15 60 15 58 63 84 24 92 16 27 18 -26 64 18 El mejor fue: 0
12 36 26 16 15 60 15 58 63 84 24 92 16 27 8 -26 64 18 Generación 171
arranca 
Jugando Partidos contra vecino 0
Resultado 10
47759.5
Yo soy: 
12 36 26 16 15 60 15 58 63 84 24 92 16 27 8 -26 64 18 El mejor fue: 0
12 36 26 16 15 50 15 58 63 84 24 92 16 27 8 -26 64 18 Generación 170
arranca 
Jugando Partidos contra vecino 0
Resultado 4
21606
Jugando Partidos contra vecino 1
Resultado 13
56311.6
Yo soy: 
12 36 26 16 15 50 15 58 63 84 24 92 16 27 8 -26 64 18 El mejor fue: 1
12 36 26 16 15 50 15 68 63 84 24 92 16 27 8 -26 64 18 Generación 169
arranca 
Jugando Partidos contra vecino 0
Resultado 10
44457.8
Yo soy: 
12 36 26 16 15 50 15 68 63 84 24 92 16 27 8 -26 64 18 El mejor fue: 0
12 36 26 16 15 50 15 68 63 84 24 92 16 37 8 -26 64 18 Generación 168
arranca 
Jugando Partidos contra vecino 0
Resultado 8
46050.2
Jugando Partidos contra vecino 1
Resultado 10
47730.3
Yo soy: 
12 36 26 16 15 50 15 68 63 84 24 92 16 37 8 -26 64 18 El mejor fue: 1
12 36 26 16 15 50 15 68 63 84 24 92 16 37 8 -36 64 18 Generación 167
arranca 
Jugando Partidos contra vecino 0
Resultado 7
39643.6
Jugando Partidos contra vecino 1
Resultado 10
51810.2
Yo soy: 
12 36 26 16 15 50 15 68 63 84 24 92 16 37 8 -36 64 18 El mejor fue: 1
12 36 26 6 15 50 15 68 63 84 24 92 16 37 8 -36 64 18 Generación 166
arranca 
Jugando Partidos contra vecino 0
Resultado 7
32520.7
Jugando Partidos contra vecino 1
Resultado 4
26396.8
Jugando Partidos contra vecino 2
Resultado 6
34144.9
Jugando Partidos contra vecino 3
Resultado 5
27729.2
Jugando Partidos contra vecino 4
Resultado 7
39392.8
Jugando Partidos contra vecino 5
Resultado 10
38057.5
Yo soy: 
12 36 26 6 15 50 15 68 63 84 24 92 16 37 8 -36 64 18 El mejor fue: 5
12 26 26 6 15 50 15 68 63 84 24 92 16 37 8 -36 64 18 Generación 165
arranca 
Jugando Partidos contra vecino 0
Resultado 5
31504.8
Jugando Partidos contra vecino 1
Resultado 8
38095.1
Jugando Partidos contra vecino 2
Resultado 8
32779
Jugando Partidos contra vecino 3
Resultado 10
43453.6
Yo soy: 
12 26 26 6 15 50 15 68 63 84 24 92 16 37 8 -36 64 18 El mejor fue: 3
12 26 26 6 15 50 15 68 63 84 24 92 16 37 8 -46 64 18 Generación 164
arranca 
Jugando Partidos contra vecino 0
Resultado 7
40257
Jugando Partidos contra vecino 1
Resultado 7
40826.6
Jugando Partidos contra vecino 2
Resultado 8
47850.3
Jugando Partidos contra vecino 3
Resultado 10
38253.7
Yo soy: 
12 26 26 6 15 50 15 68 63 84 24 92 16 37 8 -46 64 18 El mejor fue: 3
12 26 26 6 15 50 15 68 63 84 24 92 16 37 -2 -46 64 18 Generación 163
arranca 
Jugando Partidos contra vecino 0
Resultado 5
39833.8
Jugando Partidos contra vecino 1
Resultado 9
40995.4
Jugando Partidos contra vecino 2
Resultado 5
30128.7
Jugando Partidos contra vecino 3
Resultado 13
61703.6
Yo soy: 
12 26 26 6 15 50 15 68 63 84 24 92 16 37 -2 -46 64 18 El mejor fue: 3
12 26 26 6 15 50 15 68 53 84 24 92 16 37 -2 -46 64 18 Generación 162
arranca 
Jugando Partidos contra vecino 0
Resultado 4
27342.4
Jugando Partidos contra vecino 1
Resultado 9
43691.5
Jugando Partidos contra vecino 2
Resultado 7
40553.5
Jugando Partidos contra vecino 3
Resultado 8
42884.5
Jugando Partidos contra vecino 4
Resultado 15
56039.7
Yo soy: 
12 26 26 6 15 50 15 68 53 84 24 92 16 37 -2 -46 64 18 El mejor fue: 4
12 26 26 6 15 50 15 68 53 84 24 92 16 37 -2 -56 64 18 Generación 161
arranca 
Jugando Partidos contra vecino 0
Resultado 6
32702.6
Jugando Partidos contra vecino 1
Resultado 9
39564.7
Jugando Partidos contra vecino 2
Resultado 6
34504.7
Jugando Partidos contra vecino 3
Resultado 9
42265.7
Jugando Partidos contra vecino 4
Resultado 9
39825.5
Jugando Partidos contra vecino 5
Resultado 6
35347.7
Jugando Partidos contra vecino 6
Resultado 7
33782.1
Jugando Partidos contra vecino 7
Resultado 12
49115.7
Yo soy: 
12 26 26 6 15 50 15 68 53 84 24 92 16 37 -2 -56 64 18 El mejor fue: 7
12 26 26 6 15 50 15 68 43 84 24 92 16 37 -2 -56 64 18 Generación 160
arranca 
Jugando Partidos contra vecino 0
Resultado 9
37952.4
Jugando Partidos contra vecino 1
Resultado 3
31420.7
Jugando Partidos contra vecino 2
Resultado 12
53865.6
Yo soy: 
12 26 26 6 15 50 15 68 43 84 24 92 16 37 -2 -56 64 18 El mejor fue: 2
12 26 26 6 15 50 15 68 43 84 24 92 16 27 -2 -56 64 18 Generación 159
arranca 
Jugando Partidos contra vecino 0
Resultado 3
20627.6
Jugando Partidos contra vecino 1
Resultado 4
28538.7
Jugando Partidos contra vecino 2
Resultado 5
34927.7
Jugando Partidos contra vecino 3
Resultado 15
52617.7
Yo soy: 
12 26 26 6 15 50 15 68 43 84 24 92 16 27 -2 -56 64 18 El mejor fue: 3
12 26 26 6 15 50 15 68 43 84 24 92 16 27 8 -56 64 18 Generación 158
arranca 
Jugando Partidos contra vecino 0
Resultado 11
52059.9
Yo soy: 
12 26 26 6 15 50 15 68 43 84 24 92 16 27 8 -56 64 18 El mejor fue: 0
12 26 26 6 15 50 15 68 43 84 24 92 16 17 8 -56 64 18 Generación 157
arranca 
Jugando Partidos contra vecino 0
Resultado 11
50713.3
Yo soy: 
12 26 26 6 15 50 15 68 43 84 24 92 16 17 8 -56 64 18 El mejor fue: 0
12 26 26 6 15 50 15 78 43 84 24 92 16 17 8 -56 64 18 Generación 156
arranca 
Jugando Partidos contra vecino 0
Resultado 5
37369.3
Jugando Partidos contra vecino 1
Resultado 8
39340.7
Jugando Partidos contra vecino 2
Resultado 6
36435.4
Jugando Partidos contra vecino 3
Resultado 6
38087.2
Jugando Partidos contra vecino 4
Resultado 10
45709.2
Yo soy: 
12 26 26 6 15 50 15 78 43 84 24 92 16 17 8 -56 64 18 El mejor fue: 4
2 26 26 6 15 50 15 78 43 84 24 92 16 17 8 -56 64 18 Generación 155
arranca 
Jugando Partidos contra vecino 0
Resultado 9
39286.7
Jugando Partidos contra vecino 1
Resultado 6
27650.6
Jugando Partidos contra vecino 2
Resultado 10
45165
Yo soy: 
2 26 26 6 15 50 15 78 43 84 24 92 16 17 8 -56 64 18 El mejor fue: 2
2 26 26 6 15 60 15 78 43 84 24 92 16 17 8 -56 64 18 Generación 154
arranca 
Jugando Partidos contra vecino 0
Resultado 7
31540.4
Jugando Partidos contra vecino 1
Resultado 13
51111.4
Yo soy: 
2 26 26 6 15 60 15 78 43 84 24 92 16 17 8 -56 64 18 El mejor fue: 1
2 26 26 6 15 60 15 78 43 84 24 92 16 7 8 -56 64 18 Generación 153
arranca 
Jugando Partidos contra vecino 0
Resultado 9
44276.6
Jugando Partidos contra vecino 1
Resultado 11
46784.9
Yo soy: 
2 26 26 6 15 60 15 78 43 84 24 92 16 7 8 -56 64 18 El mejor fue: 1
2 26 26 6 15 60 15 78 43 84 24 92 16 7 18 -56 64 18 Generación 152
arranca 
Jugando Partidos contra vecino 0
Resultado 9
40676.9
Jugando Partidos contra vecino 1
Resultado 13
42605
Yo soy: 
2 26 26 6 15 60 15 78 43 84 24 92 16 7 18 -56 64 18 El mejor fue: 1
2 26 26 6 15 60 15 78 43 84 24 92 16 7 18 -66 64 18 Generación 151
arranca 
Jugando Partidos contra vecino 0
Resultado 11
44013.8
Yo soy: 
2 26 26 6 15 60 15 78 43 84 24 92 16 7 18 -66 64 18 El mejor fue: 0
2 26 26 6 15 60 15 78 43 84 24 92 16 7 28 -66 64 18 Generación 150
arranca 
Jugando Partidos contra vecino 0
Resultado 9
40159.6
Jugando Partidos contra vecino 1
Resultado 11
46190.9
Yo soy: 
2 26 26 6 15 60 15 78 43 84 24 92 16 7 28 -66 64 18 El mejor fue: 1
2 26 26 6 15 60 15 78 43 84 24 72 16 7 28 -66 64 18 Generación 149
arranca 
Jugando Partidos contra vecino 0
Resultado 11
45499.7
Yo soy: 
2 26 26 6 15 60 15 78 43 84 24 72 16 7 28 -66 64 18 El mejor fue: 0
2 26 26 6 15 60 15 68 43 84 24 72 16 7 28 -66 64 18 Generación 148
arranca 
Jugando Partidos contra vecino 0
Resultado 9
44712.9
Jugando Partidos contra vecino 1
Resultado 13
46512.8
Yo soy: 
2 26 26 6 15 60 15 68 43 84 24 72 16 7 28 -66 64 18 El mejor fue: 1
-8 26 26 6 15 60 15 68 43 84 24 72 16 7 28 -66 64 18 Generación 147
arranca 
Jugando Partidos contra vecino 0
Resultado 9
44839.9
Jugando Partidos contra vecino 1
Resultado 13
48168.7
Yo soy: 
-8 26 26 6 15 60 15 68 43 84 24 72 16 7 28 -66 64 18 El mejor fue: 1
-8 26 26 6 15 60 15 68 53 84 24 72 16 7 28 -66 64 18 Generación 146
arranca 
Jugando Partidos contra vecino 0
Resultado 9
41332.4
Jugando Partidos contra vecino 1
Resultado 13
45937.4
Yo soy: 
-8 26 26 6 15 60 15 68 53 84 24 72 16 7 28 -66 64 18 El mejor fue: 1
-8 26 26 6 15 50 15 68 53 84 24 72 16 7 28 -66 64 18 Generación 145
arranca 
Jugando Partidos contra vecino 0
Resultado 13
45233.8
Yo soy: 
-8 26 26 6 15 50 15 68 53 84 24 72 16 7 28 -66 64 18 El mejor fue: 0
-8 26 16 6 15 50 15 68 53 84 24 72 16 7 28 -66 64 18 Generación 144
arranca 
Jugando Partidos contra vecino 0
Resultado 7
34886.1
Jugando Partidos contra vecino 1
Resultado 13
41164
Yo soy: 
-8 26 16 6 15 50 15 68 53 84 24 72 16 7 28 -66 64 18 El mejor fue: 1
-8 26 6 6 15 50 15 68 53 84 24 72 16 7 28 -66 64 18 Generación 143
arranca 
Jugando Partidos contra vecino 0
Resultado 15
50408.4
Yo soy: 
-8 26 6 6 15 50 15 68 53 84 24 72 16 7 28 -66 64 18 El mejor fue: 0
-8 26 6 6 15 50 15 68 53 84 24 72 16 7 28 -66 54 18 Generación 142
arranca 
Jugando Partidos contra vecino 0
Resultado 5
33515.2
Jugando Partidos contra vecino 1
Resultado 15
49016.1
Yo soy: 
-8 26 6 6 15 50 15 68 53 84 24 72 16 7 28 -66 54 18 El mejor fue: 1
-8 26 -4 6 15 50 15 68 53 84 24 72 16 7 28 -66 54 18 Generación 141
arranca 
Jugando Partidos contra vecino 0
Resultado 15
46021.4
Yo soy: 
-8 26 -4 6 15 50 15 68 53 84 24 72 16 7 28 -66 54 18 El mejor fue: 0
-8 26 -4 6 15 50 15 68 53 84 24 72 16 7 28 -66 64 18 Generación 140
arranca 
Jugando Partidos contra vecino 0
Resultado 15
45097.5
Yo soy: 
-8 26 -4 6 15 50 15 68 53 84 24 72 16 7 28 -66 64 18 El mejor fue: 0
-18 26 -4 6 15 50 15 68 53 84 24 72 16 7 28 -66 64 18 Generación 139
arranca 
Jugando Partidos contra vecino 0
Resultado 15
44199.2
Yo soy: 
-18 26 -4 6 15 50 15 68 53 84 24 72 16 7 28 -66 64 18 El mejor fue: 0
-18 26 -4 6 15 50 15 78 53 84 24 72 16 7 28 -66 64 18 Generación 138
arranca 
Jugando Partidos contra vecino 0
Resultado 15
43206.4
Yo soy: 
-18 26 -4 6 15 50 15 78 53 84 24 72 16 7 28 -66 64 18 El mejor fue: 0
-18 26 -4 6 15 50 15 78 53 84 24 72 16 7 28 -66 74 18 Generación 137
arranca 
Jugando Partidos contra vecino 0
Resultado 15
44786.1
Yo soy: 
-18 26 -4 6 15 50 15 78 53 84 24 72 16 7 28 -66 74 18 El mejor fue: 0
-18 26 -4 -4 15 50 15 78 53 84 24 72 16 7 28 -66 74 18 Generación 136
arranca 
Jugando Partidos contra vecino 0
Resultado 11
38117.3
Yo soy: 
-18 26 -4 -4 15 50 15 78 53 84 24 72 16 7 28 -66 74 18 El mejor fue: 0
-18 26 -4 -4 15 50 15 78 53 84 24 72 16 7 38 -66 74 18 Generación 135
arranca 
Jugando Partidos contra vecino 0
Resultado 13
39848.1
Yo soy: 
-18 26 -4 -4 15 50 15 78 53 84 24 72 16 7 38 -66 74 18 El mejor fue: 0
-18 26 -4 -14 15 50 15 78 53 84 24 72 16 7 38 -66 74 18 Generación 134
arranca 
Jugando Partidos contra vecino 0
Resultado 9
33391.2
Jugando Partidos contra vecino 1
Resultado 15
37205.6
Yo soy: 
-18 26 -4 -14 15 50 15 78 53 84 24 72 16 7 38 -66 74 18 El mejor fue: 1
-18 26 -4 -14 15 50 15 78 53 84 24 72 16 7 48 -66 74 18 Generación 133
arranca 
Jugando Partidos contra vecino 0
Resultado 11
36870.6
Yo soy: 
-18 26 -4 -14 15 50 15 78 53 84 24 72 16 7 48 -66 74 18 El mejor fue: 0
-18 26 -4 -14 15 50 15 78 53 84 24 82 16 7 48 -66 74 18 Generación 132
arranca 
Jugando Partidos contra vecino 0
Resultado 6
28516.3
Jugando Partidos contra vecino 1
Resultado 11
37405.9
Yo soy: 
-18 26 -4 -14 15 50 15 78 53 84 24 82 16 7 48 -66 74 18 El mejor fue: 1
-18 26 -4 -14 15 50 15 78 53 84 34 82 16 7 48 -66 74 18 Generación 131
arranca 
Jugando Partidos contra vecino 0
Resultado 13
36617.5
Yo soy: 
-18 26 -4 -14 15 50 15 78 53 84 34 82 16 7 48 -66 74 18 El mejor fue: 0
-18 26 -4 -14 15 60 15 78 53 84 34 82 16 7 48 -66 74 18 Generación 130
arranca 
Jugando Partidos contra vecino 0
Resultado 6
29234.9
Jugando Partidos contra vecino 1
Resultado 12
39216.4
Yo soy: 
-18 26 -4 -14 15 60 15 78 53 84 34 82 16 7 48 -66 74 18 El mejor fue: 1
-18 26 -4 -14 15 60 15 78 53 74 34 82 16 7 48 -66 74 18 Generación 129
arranca 
Jugando Partidos contra vecino 0
Resultado 13
36910.1
Yo soy: 
-18 26 -4 -14 15 60 15 78 53 74 34 82 16 7 48 -66 74 18 El mejor fue: 0
-18 26 -4 -14 15 60 25 78 53 74 34 82 16 7 48 -66 74 18 Generación 128
arranca 
Jugando Partidos contra vecino 0
Resultado 15
43436.4
Yo soy: 
-18 26 -4 -14 15 60 25 78 53 74 34 82 16 7 48 -66 74 18 El mejor fue: 0
-18 26 -4 -14 15 60 25 78 53 74 34 82 16 7 48 -76 74 18 Generación 127
arranca 
Jugando Partidos contra vecino 0
Resultado 15
41617.3
Yo soy: 
-18 26 -4 -14 15 60 25 78 53 74 34 82 16 7 48 -76 74 18 El mejor fue: 0
-18 26 -4 -14 15 60 15 78 53 74 34 82 16 7 48 -76 74 18 Generación 126
arranca 
Jugando Partidos contra vecino 0
Resultado 15
38440.1
Yo soy: 
-18 26 -4 -14 15 60 15 78 53 74 34 82 16 7 48 -76 74 18 El mejor fue: 0
-18 26 -4 -14 15 60 15 78 63 74 34 82 16 7 48 -76 74 18 Generación 125
arranca 
Jugando Partidos contra vecino 0
Resultado 15
42648
Yo soy: 
-18 26 -4 -14 15 60 15 78 63 74 34 82 16 7 48 -76 74 18 El mejor fue: 0
-18 26 -4 -14 15 60 15 78 53 74 34 82 16 7 48 -76 74 18 Generación 124
arranca 
Jugando Partidos contra vecino 0
Resultado 13
39049.2
Yo soy: 
-18 26 -4 -14 15 60 15 78 53 74 34 82 16 7 48 -76 74 18 El mejor fue: 0
-18 26 -4 -14 15 60 15 78 53 84 34 82 16 7 48 -76 74 18 Generación 123
arranca 
Jugando Partidos contra vecino 0
Resultado 13
38407.3
Yo soy: 
-18 26 -4 -14 15 60 15 78 53 84 34 82 16 7 48 -76 74 18 El mejor fue: 0
-18 26 6 -14 15 60 15 78 53 84 34 82 16 7 48 -76 74 18 Generación 122
arranca 
Jugando Partidos contra vecino 0
Resultado 15
39712.5
Yo soy: 
-18 26 6 -14 15 60 15 78 53 84 34 82 16 7 48 -76 74 18 El mejor fue: 0
-18 26 6 -14 15 70 15 78 53 84 34 82 16 7 48 -76 74 18 Generación 121
arranca 
Jugando Partidos contra vecino 0
Resultado 15
38460.9
Yo soy: 
-18 26 6 -14 15 70 15 78 53 84 34 82 16 7 48 -76 74 18 El mejor fue: 0
-18 26 6 -14 15 70 15 88 53 84 34 82 16 7 48 -76 74 18 Generación 120
arranca 
Jugando Partidos contra vecino 0
Resultado 15
39565.3
Yo soy: 
-18 26 6 -14 15 70 15 88 53 84 34 82 16 7 48 -76 74 18 El mejor fue: 0
-18 26 6 -14 15 70 15 88 53 84 34 82 16 7 48 -86 74 18 Generación 119
arranca 
Jugando Partidos contra vecino 0
Resultado 15
39982.4
Yo soy: 
-18 26 6 -14 15 70 15 88 53 84 34 82 16 7 48 -86 74 18 El mejor fue: 0
-28 26 6 -14 15 70 15 88 53 84 34 82 16 7 48 -86 74 18 Generación 118
arranca 
Jugando Partidos contra vecino 0
Resultado 15
40007.3
Yo soy: 
-28 26 6 -14 15 70 15 88 53 84 34 82 16 7 48 -86 74 18 El mejor fue: 0
-28 26 6 -14 15 70 15 88 53 84 34 82 16 7 58 -86 74 18 Generación 117
arranca 
Jugando Partidos contra vecino 0
Resultado 11
37408.9
Yo soy: 
-28 26 6 -14 15 70 15 88 53 84 34 82 16 7 58 -86 74 18 El mejor fue: 0
-28 26 6 -14 15 70 15 98 53 84 34 82 16 7 58 -86 74 18 Generación 116
arranca 
Jugando Partidos contra vecino 0
Resultado 11
36648.5
Yo soy: 
-28 26 6 -14 15 70 15 98 53 84 34 82 16 7 58 -86 74 18 El mejor fue: 0
-28 26 6 -14 15 70 15 98 43 84 34 82 16 7 58 -86 74 18 Generación 115
arranca 
Jugando Partidos contra vecino 0
Resultado 7
35870.4
Jugando Partidos contra vecino 1
Resultado 11
37810.8
Yo soy: 
-28 26 6 -14 15 70 15 98 43 84 34 82 16 7 58 -86 74 18 El mejor fue: 1
-28 26 6 -14 15 70 15 98 43 94 34 82 16 7 58 -86 74 18 Generación 114
arranca 
Jugando Partidos contra vecino 0
Resultado 15
41866.7
Yo soy: 
-28 26 6 -14 15 70 15 98 43 94 34 82 16 7 58 -86 74 18 El mejor fue: 0
-28 26 6 -24 15 70 15 98 43 94 34 82 16 7 58 -86 74 18 Generación 113
arranca 
Jugando Partidos contra vecino 0
Resultado 13
42287.3
Yo soy: 
-28 26 6 -24 15 70 15 98 43 94 34 82 16 7 58 -86 74 18 El mejor fue: 0
-28 26 16 -24 15 70 15 98 43 94 34 82 16 7 58 -86 74 18 Generación 112
arranca 
Jugando Partidos contra vecino 0
Resultado 15
42578.6
Yo soy: 
-28 26 16 -24 15 70 15 98 43 94 34 82 16 7 58 -86 74 18 El mejor fue: 0
-28 26 16 -24 15 70 5 98 43 94 34 82 16 7 58 -86 74 18 Generación 111
arranca 
Jugando Partidos contra vecino 0
Resultado 15
39927.8
Yo soy: 
-28 26 16 -24 15 70 5 98 43 94 34 82 16 7 58 -86 74 18 El mejor fue: 0
-28 26 6 -24 15 70 5 98 43 94 34 82 16 7 58 -86 74 18 Generación 110
arranca 
Jugando Partidos contra vecino 0
Resultado 15
36683.1
Yo soy: 
-28 26 6 -24 15 70 5 98 43 94 34 82 16 7 58 -86 74 18 El mejor fue: 0
-28 26 6 -24 25 70 5 98 43 94 34 82 16 7 58 -86 74 18 Generación 109
arranca 
Jugando Partidos contra vecino 0
Resultado 15
40153.2
Yo soy: 
-28 26 6 -24 25 70 5 98 43 94 34 82 16 7 58 -86 74 18 El mejor fue: 0
-28 26 6 -24 25 70 5 98 43 94 24 82 16 7 58 -86 74 18 Generación 108
arranca 
Jugando Partidos contra vecino 0
Resultado 15
38482.2
Yo soy: 
-28 26 6 -24 25 70 5 98 43 94 24 82 16 7 58 -86 74 18 El mejor fue: 0
-28 26 6 -24 25 70 5 98 43 94 34 82 16 7 58 -86 74 18 Generación 107
arranca 
Jugando Partidos contra vecino 0
Resultado 15
34267.3
Yo soy: 
-28 26 6 -24 25 70 5 98 43 94 34 82 16 7 58 -86 74 18 El mejor fue: 0
-28 26 6 -24 35 70 5 98 43 94 34 82 16 7 58 -86 74 18 Generación 106
arranca 
Jugando Partidos contra vecino 0
Resultado 13
34546.9
Yo soy: 
-28 26 6 -24 35 70 5 98 43 94 34 82 16 7 58 -86 74 18 El mejor fue: 0
-28 26 6 -24 35 70 5 98 43 94 34 82 16 17 58 -86 74 18 Generación 105
arranca 
Jugando Partidos contra vecino 0
Resultado 9
33506.1
Jugando Partidos contra vecino 1
Resultado 7
36459.8
Jugando Partidos contra vecino 2
Resultado 9
28994.8
Jugando Partidos contra vecino 3
Resultado 7
31137.4
Jugando Partidos contra vecino 4
Resultado 11
28304.8
Yo soy: 
-28 26 6 -24 35 70 5 98 43 94 34 82 16 17 58 -86 74 18 El mejor fue: 4
-28 26 6 -24 35 70 5 98 43 94 24 82 16 17 58 -86 74 18 Generación 104
arranca 
Jugando Partidos contra vecino 0
Resultado 11
24600.4
Yo soy: 
-28 26 6 -24 35 70 5 98 43 94 24 82 16 17 58 -86 74 18 El mejor fue: 0
-28 26 6 -24 35 70 5 98 33 94 24 82 16 17 58 -86 74 18 Generación 103
arranca 
Jugando Partidos contra vecino 0
Resultado 9
27423.4
Jugando Partidos contra vecino 1
Resultado 5
15907
Jugando Partidos contra vecino 2
Resultado 11
23055.8
Yo soy: 
-28 26 6 -24 35 70 5 98 33 94 24 82 16 17 58 -86 74 18 El mejor fue: 2
-28 26 6 -24 25 70 5 98 33 94 24 82 16 17 58 -86 74 18 Generación 102
arranca 
Jugando Partidos contra vecino 0
Resultado 11
27965
Yo soy: 
-28 26 6 -24 25 70 5 98 33 94 24 82 16 17 58 -86 74 18 El mejor fue: 0
-28 26 6 -24 25 70 5 98 43 94 24 82 16 17 58 -86 74 18 Generación 101
arranca 
Jugando Partidos contra vecino 0
Resultado 11
27678.8
Yo soy: 
-28 26 6 -24 25 70 5 98 43 94 24 82 16 17 58 -86 74 18 El mejor fue: 0
-28 26 6 -24 25 70 5 98 43 74 24 82 16 17 58 -86 74 18 Generación 100
arranca 
Jugando Partidos contra vecino 0
Resultado 11
30618.3
Yo soy: 
-28 26 6 -24 25 70 5 98 43 74 24 82 16 17 58 -86 74 18 El mejor fue: 0
-28 26 6 -24 25 70 5 98 43 74 24 82 16 17 58 -86 84 18 Generación 99
arranca 
Jugando Partidos contra vecino 0
Resultado 11
34440.1
Yo soy: 
-28 26 6 -24 25 70 5 98 43 74 24 82 16 17 58 -86 84 18 El mejor fue: 0
-28 26 6 -24 25 60 5 98 43 74 24 82 16 17 58 -86 84 18 Generación 98
arranca 
Jugando Partidos contra vecino 0
Resultado 5
17205.5
Jugando Partidos contra vecino 1
Resultado 11
31111.8
Yo soy: 
-28 26 6 -24 25 60 5 98 43 74 24 82 16 17 58 -86 84 18 El mejor fue: 1
-28 26 6 -24 25 60 15 98 43 74 24 82 16 17 58 -86 84 18 Generación 97
arranca 
Jugando Partidos contra vecino 0
Resultado 15
41393.4
Yo soy: 
-28 26 6 -24 25 60 15 98 43 74 24 82 16 17 58 -86 84 18 El mejor fue: 0
-28 26 6 -24 25 60 15 98 43 74 24 82 16 7 58 -86 84 18 Generación 96
arranca 
Jugando Partidos contra vecino 0
Resultado 13
38312.7
Yo soy: 
-28 26 6 -24 25 60 15 98 43 74 24 82 16 7 58 -86 84 18 El mejor fue: 0
-18 26 6 -24 25 60 15 98 43 74 24 82 16 7 58 -86 84 18 Generación 95
arranca 
Jugando Partidos contra vecino 0
Resultado 13
39639.2
Yo soy: 
-18 26 6 -24 25 60 15 98 43 74 24 82 16 7 58 -86 84 18 El mejor fue: 0
-18 26 6 -24 25 60 15 98 43 74 24 92 16 7 58 -86 84 18 Generación 94
arranca 
Jugando Partidos contra vecino 0
Resultado 15
43549
Yo soy: 
-18 26 6 -24 25 60 15 98 43 74 24 92 16 7 58 -86 84 18 El mejor fue: 0
-18 26 6 -24 25 60 15 98 43 74 24 92 16 7 58 -86 74 18 Generación 93
arranca 
Jugando Partidos contra vecino 0
Resultado 15
41187.3
Yo soy: 
-18 26 6 -24 25 60 15 98 43 74 24 92 16 7 58 -86 74 18 El mejor fue: 0
-18 26 6 -24 25 60 25 98 43 74 24 92 16 7 58 -86 74 18 Generación 92
arranca 
Jugando Partidos contra vecino 0
Resultado 15
41128.4
Yo soy: 
-18 26 6 -24 25 60 25 98 43 74 24 92 16 7 58 -86 74 18 El mejor fue: 0
-18 26 -4 -24 25 60 25 98 43 74 24 92 16 7 58 -86 74 18 Generación 91
arranca 
Jugando Partidos contra vecino 0
Resultado 15
45668.8
Yo soy: 
-18 26 -4 -24 25 60 25 98 43 74 24 92 16 7 58 -86 74 18 El mejor fue: 0
-18 26 -4 -24 25 60 25 98 43 74 24 92 16 -3 58 -86 74 18 Generación 90
arranca 
Jugando Partidos contra vecino 0
Resultado 13
41960
Yo soy: 
-18 26 -4 -24 25 60 25 98 43 74 24 92 16 -3 58 -86 74 18 El mejor fue: 0
-18 26 -4 -24 25 60 35 98 43 74 24 92 16 -3 58 -86 74 18 Generación 89
arranca 
Jugando Partidos contra vecino 0
Resultado 15
46738.5
Yo soy: 
-18 26 -4 -24 25 60 35 98 43 74 24 92 16 -3 58 -86 74 18 El mejor fue: 0
-18 26 -4 -24 25 60 35 98 43 64 24 92 16 -3 58 -86 74 18 Generación 88
arranca 
Jugando Partidos contra vecino 0
Resultado 15
45780.5
Yo soy: 
-18 26 -4 -24 25 60 35 98 43 64 24 92 16 -3 58 -86 74 18 El mejor fue: 0
-18 26 -4 -24 25 60 35 98 43 74 24 92 16 -3 58 -86 74 18 Generación 87
arranca 
Jugando Partidos contra vecino 0
Resultado 15
45240.6
Yo soy: 
-18 26 -4 -24 25 60 35 98 43 74 24 92 16 -3 58 -86 74 18 El mejor fue: 0
-18 26 6 -24 25 60 35 98 43 74 24 92 16 -3 58 -86 74 18 Generación 86
arranca 
Jugando Partidos contra vecino 0
Resultado 15
45132.8
Yo soy: 
-18 26 6 -24 25 60 35 98 43 74 24 92 16 -3 58 -86 74 18 El mejor fue: 0
-18 26 6 -24 15 60 35 98 43 74 24 92 16 -3 58 -86 74 18 Generación 85
arranca 
Jugando Partidos contra vecino 0
Resultado 15
45322.9
Yo soy: 
-18 26 6 -24 15 60 35 98 43 74 24 92 16 -3 58 -86 74 18 El mejor fue: 0
-18 26 6 -24 15 60 35 98 43 64 24 92 16 -3 58 -86 74 18 Generación 84
arranca 
Jugando Partidos contra vecino 0
Resultado 15
44982
Yo soy: 
-18 26 6 -24 15 60 35 98 43 64 24 92 16 -3 58 -86 74 18 El mejor fue: 0
-18 26 6 -24 15 60 35 88 43 64 24 92 16 -3 58 -86 74 18 Generación 83
arranca 
Jugando Partidos contra vecino 0
Resultado 15
46271.3
Yo soy: 
-18 26 6 -24 15 60 35 88 43 64 24 92 16 -3 58 -86 74 18 El mejor fue: 0
-18 26 6 -24 15 60 35 88 43 64 24 92 26 -3 58 -86 74 18 Generación 82
arranca 
Jugando Partidos contra vecino 0
Resultado 15
46718.9
Yo soy: 
-18 26 6 -24 15 60 35 88 43 64 24 92 26 -3 58 -86 74 18 El mejor fue: 0
-18 26 16 -24 15 60 35 88 43 64 24 92 26 -3 58 -86 74 18 Generación 81
arranca 
Jugando Partidos contra vecino 0
Resultado 15
46333.8
Yo soy: 
-18 26 16 -24 15 60 35 88 43 64 24 92 26 -3 58 -86 74 18 El mejor fue: 0
-18 26 16 -24 15 60 35 88 43 64 24 82 26 -3 58 -86 74 18 Generación 80
arranca 
Jugando Partidos contra vecino 0
Resultado 15
46163.7
Yo soy: 
-18 26 16 -24 15 60 35 88 43 64 24 82 26 -3 58 -86 74 18 El mejor fue: 0
-18 26 16 -24 15 60 35 98 43 64 24 82 26 -3 58 -86 74 18 Generación 79
arranca 
Jugando Partidos contra vecino 0
Resultado 15
46245.8
Yo soy: 
-18 26 16 -24 15 60 35 98 43 64 24 82 26 -3 58 -86 74 18 El mejor fue: 0
-18 26 16 -24 15 60 35 98 43 64 24 92 26 -3 58 -86 74 18 Generación 78
arranca 
Jugando Partidos contra vecino 0
Resultado 15
45996.8
Yo soy: 
-18 26 16 -24 15 60 35 98 43 64 24 92 26 -3 58 -86 74 18 El mejor fue: 0
-18 26 16 -24 15 60 35 98 43 64 24 92 26 -3 58 -86 74 8 Generación 77
arranca 
Jugando Partidos contra vecino 0
Resultado 15
45354.1
Yo soy: 
-18 26 16 -24 15 60 35 98 43 64 24 92 26 -3 58 -86 74 8 El mejor fue: 0
-18 26 16 -24 15 60 35 98 43 64 24 92 26 -3 48 -86 74 8 Generación 76
arranca 
Jugando Partidos contra vecino 0
Resultado 15
47804.9
Yo soy: 
-18 26 16 -24 15 60 35 98 43 64 24 92 26 -3 48 -86 74 8 El mejor fue: 0
-18 26 16 -24 15 60 35 98 43 64 24 92 26 -3 48 -86 64 8 Generación 75
arranca 
Jugando Partidos contra vecino 0
Resultado 15
45913
Yo soy: 
-18 26 16 -24 15 60 35 98 43 64 24 92 26 -3 48 -86 64 8 El mejor fue: 0
-18 26 16 -24 15 60 35 98 43 64 24 82 26 -3 48 -86 64 8 Generación 74
arranca 
Jugando Partidos contra vecino 0
Resultado 15
47863.9
Yo soy: 
-18 26 16 -24 15 60 35 98 43 64 24 82 26 -3 48 -86 64 8 El mejor fue: 0
-18 26 16 -24 15 60 35 98 43 64 24 82 26 -3 48 -86 54 8 Generación 73
arranca 
Jugando Partidos contra vecino 0
Resultado 5
47953.1
Jugando Partidos contra vecino 1
Resultado 15
45766.9
Yo soy: 
-18 26 16 -24 15 60 35 98 43 64 24 82 26 -3 48 -86 54 8 El mejor fue: 1
-18 36 16 -24 15 60 35 98 43 64 24 82 26 -3 48 -86 54 8 Generación 72
arranca 
Jugando Partidos contra vecino 0
Resultado 15
47283.4
Yo soy: 
-18 36 16 -24 15 60 35 98 43 64 24 82 26 -3 48 -86 54 8 El mejor fue: 0
-18 36 16 -24 15 60 35 98 43 64 34 82 26 -3 48 -86 54 8 Generación 71
arranca 
Jugando Partidos contra vecino 0
Resultado 15
45015.4
Yo soy: 
-18 36 16 -24 15 60 35 98 43 64 34 82 26 -3 48 -86 54 8 El mejor fue: 0
-18 36 6 -24 15 60 35 98 43 64 34 82 26 -3 48 -86 54 8 Generación 70
arranca 
Jugando Partidos contra vecino 0
Resultado 15
46857.3
Yo soy: 
-18 36 6 -24 15 60 35 98 43 64 34 82 26 -3 48 -86 54 8 El mejor fue: 0
-18 36 6 -24 15 60 35 98 43 64 34 72 26 -3 48 -86 54 8 Generación 69
arranca 
Jugando Partidos contra vecino 0
Resultado 15
44094.6
Yo soy: 
-18 36 6 -24 15 60 35 98 43 64 34 72 26 -3 48 -86 54 8 El mejor fue: 0
-18 36 6 -24 15 60 35 88 43 64 34 72 26 -3 48 -86 54 8 Generación 68
arranca 
Jugando Partidos contra vecino 0
Resultado 15
46407.3
Yo soy: 
-18 36 6 -24 15 60 35 88 43 64 34 72 26 -3 48 -86 54 8 El mejor fue: 0
-18 36 6 -24 15 60 35 88 43 74 34 72 26 -3 48 -86 54 8 Generación 67
arranca 
Jugando Partidos contra vecino 0
Resultado 15
46357.1
Yo soy: 
-18 36 6 -24 15 60 35 88 43 74 34 72 26 -3 48 -86 54 8 El mejor fue: 0
-18 36 6 -24 15 60 35 88 43 74 34 72 26 -3 58 -86 54 8 Generación 66
arranca 
Jugando Partidos contra vecino 0
Resultado 15
47566.2
Yo soy: 
-18 36 6 -24 15 60 35 88 43 74 34 72 26 -3 58 -86 54 8 El mejor fue: 0
-18 36 6 -24 15 60 35 88 43 74 34 82 26 -3 58 -86 54 8 Generación 65
arranca 
Jugando Partidos contra vecino 0
Resultado 15
47649.7
Yo soy: 
-18 36 6 -24 15 60 35 88 43 74 34 82 26 -3 58 -86 54 8 El mejor fue: 0
-18 36 6 -24 15 60 35 88 43 74 34 82 26 -3 58 -86 54 18 Generación 64
arranca 
Jugando Partidos contra vecino 0
Resultado 15
49127.2
Yo soy: 
-18 36 6 -24 15 60 35 88 43 74 34 82 26 -3 58 -86 54 18 El mejor fue: 0
-18 36 6 -24 15 60 35 88 43 74 34 82 26 -13 58 -86 54 18 Generación 63
arranca 
Jugando Partidos contra vecino 0
Resultado 13
62446.6
Yo soy: 
-18 36 6 -24 15 60 35 88 43 74 34 82 26 -13 58 -86 54 18 El mejor fue: 0
-28 36 6 -24 15 60 35 88 43 74 34 82 26 -13 58 -86 54 18 Generación 62
arranca 
Jugando Partidos contra vecino 0
Resultado 9
65962.9
Jugando Partidos contra vecino 1
Resultado 11
62929.1
Yo soy: 
-28 36 6 -24 15 60 35 88 43 74 34 82 26 -13 58 -86 54 18 El mejor fue: 1
-28 36 6 -24 15 60 35 88 43 74 34 82 26 -13 58 -86 44 18 Generación 61
arranca 
Jugando Partidos contra vecino 0
Resultado 13
62307.1
Yo soy: 
-28 36 6 -24 15 60 35 88 43 74 34 82 26 -13 58 -86 44 18 El mejor fue: 0
-28 36 6 -24 15 60 35 88 43 74 34 82 26 -13 48 -86 44 18 Generación 60
arranca 
Jugando Partidos contra vecino 0
Resultado 13
63298.9
Yo soy: 
-28 36 6 -24 15 60 35 88 43 74 34 82 26 -13 48 -86 44 18 El mejor fue: 0
-28 36 6 -24 15 60 35 88 43 74 34 82 26 -23 48 -86 44 18 Generación 59
arranca 
Jugando Partidos contra vecino 0
Resultado 13
62766.3
Yo soy: 
-28 36 6 -24 15 60 35 88 43 74 34 82 26 -23 48 -86 44 18 El mejor fue: 0
-28 36 6 -24 15 60 35 88 33 74 34 82 26 -23 48 -86 44 18 Generación 58
arranca 
Jugando Partidos contra vecino 0
Resultado 15
52472.6
Yo soy: 
-28 36 6 -24 15 60 35 88 33 74 34 82 26 -23 48 -86 44 18 El mejor fue: 0
-28 36 6 -24 15 60 25 88 33 74 34 82 26 -23 48 -86 44 18 Generación 57
arranca 
Jugando Partidos contra vecino 0
Resultado 11
45542.7
Yo soy: 
-28 36 6 -24 15 60 25 88 33 74 34 82 26 -23 48 -86 44 18 El mejor fue: 0
-28 36 6 -14 15 60 25 88 33 74 34 82 26 -23 48 -86 44 18 Generación 56
arranca 
Jugando Partidos contra vecino 0
Resultado 13
48276.8
Yo soy: 
-28 36 6 -14 15 60 25 88 33 74 34 82 26 -23 48 -86 44 18 El mejor fue: 0
-28 36 6 -14 15 60 25 78 33 74 34 82 26 -23 48 -86 44 18 Generación 55
arranca 
Jugando Partidos contra vecino 0
Resultado 13
43609
Yo soy: 
-28 36 6 -14 15 60 25 78 33 74 34 82 26 -23 48 -86 44 18 El mejor fue: 0
-28 26 6 -14 15 60 25 78 33 74 34 82 26 -23 48 -86 44 18 Generación 54
arranca 
Jugando Partidos contra vecino 0
Resultado 13
53605.2
Yo soy: 
-28 26 6 -14 15 60 25 78 33 74 34 82 26 -23 48 -86 44 18 El mejor fue: 0
-28 26 6 -14 15 60 25 88 33 74 34 82 26 -23 48 -86 44 18 Generación 53
arranca 
Jugando Partidos contra vecino 0
Resultado 13
47776.8
Yo soy: 
-28 26 6 -14 15 60 25 88 33 74 34 82 26 -23 48 -86 44 18 El mejor fue: 0
-28 26 6 -14 15 60 15 88 33 74 34 82 26 -23 48 -86 44 18 Generación 52
arranca 
Jugando Partidos contra vecino 0
Resultado 15
59128.5
Yo soy: 
-28 26 6 -14 15 60 15 88 33 74 34 82 26 -23 48 -86 44 18 El mejor fue: 0
-28 26 6 -4 15 60 15 88 33 74 34 82 26 -23 48 -86 44 18 Generación 51
arranca 
Jugando Partidos contra vecino 0
Resultado 15
59631.2
Yo soy: 
-28 26 6 -4 15 60 15 88 33 74 34 82 26 -23 48 -86 44 18 El mejor fue: 0
-28 26 6 -4 15 60 15 88 33 84 34 82 26 -23 48 -86 44 18 Generación 50
arranca 
Jugando Partidos contra vecino 0
Resultado 15
62629.3
Yo soy: 
-28 26 6 -4 15 60 15 88 33 84 34 82 26 -23 48 -86 44 18 El mejor fue: 0
-28 26 6 -4 15 60 15 88 33 84 34 82 26 -23 48 -86 44 8 Generación 49
arranca 
Jugando Partidos contra vecino 0
Resultado 11
53016.2
Yo soy: 
-28 26 6 -4 15 60 15 88 33 84 34 82 26 -23 48 -86 44 8 El mejor fue: 0
-28 26 6 -4 15 60 15 88 33 84 34 82 26 -23 48 -86 34 8 Generación 48
arranca 
Jugando Partidos contra vecino 0
Resultado 15
61633.4
Yo soy: 
-28 26 6 -4 15 60 15 88 33 84 34 82 26 -23 48 -86 34 8 El mejor fue: 0
-28 26 6 -4 15 60 15 88 33 84 34 82 26 -13 48 -86 34 8 Generación 47
arranca 
Jugando Partidos contra vecino 0
Resultado 15
59141.3
Yo soy: 
-28 26 6 -4 15 60 15 88 33 84 34 82 26 -13 48 -86 34 8 El mejor fue: 0
-28 26 6 -4 15 60 15 88 33 84 34 82 26 -13 38 -86 34 8 Generación 46
arranca 
Jugando Partidos contra vecino 0
Resultado 15
56018.1
Yo soy: 
-28 26 6 -4 15 60 15 88 33 84 34 82 26 -13 38 -86 34 8 El mejor fue: 0
-38 26 6 -4 15 60 15 88 33 84 34 82 26 -13 38 -86 34 8 Generación 45
arranca 
Jugando Partidos contra vecino 0
Resultado 11
43948.6
Yo soy: 
-38 26 6 -4 15 60 15 88 33 84 34 82 26 -13 38 -86 34 8 El mejor fue: 0
-38 26 6 -4 15 60 15 88 33 84 34 82 36 -13 38 -86 34 8 Generación 44
arranca 
Jugando Partidos contra vecino 0
Resultado 13
66002.5
Yo soy: 
-38 26 6 -4 15 60 15 88 33 84 34 82 36 -13 38 -86 34 8 El mejor fue: 0
-38 26 -4 -4 15 60 15 88 33 84 34 82 36 -13 38 -86 34 8 Generación 43
arranca 
Jugando Partidos contra vecino 0
Resultado 15
62820.7
Yo soy: 
-38 26 -4 -4 15 60 15 88 33 84 34 82 36 -13 38 -86 34 8 El mejor fue: 0
-38 26 -4 -4 15 60 15 88 33 84 34 82 36 -13 38 -96 34 8 Generación 42
arranca 
Jugando Partidos contra vecino 0
Resultado 13
56939.8
Yo soy: 
-38 26 -4 -4 15 60 15 88 33 84 34 82 36 -13 38 -96 34 8 El mejor fue: 0
-38 26 -4 -14 15 60 15 88 33 84 34 82 36 -13 38 -96 34 8 Generación 41
arranca 
Jugando Partidos contra vecino 0
Resultado 5
44504.2
Jugando Partidos contra vecino 1
Resultado 11
50184.2
Yo soy: 
-38 26 -4 -14 15 60 15 88 33 84 34 82 36 -13 38 -96 34 8 El mejor fue: 1
-38 26 -4 -14 15 60 15 88 33 84 34 82 36 -13 48 -96 34 8 Generación 40
arranca 
Jugando Partidos contra vecino 0
Resultado 13
53667.9
Yo soy: 
-38 26 -4 -14 15 60 15 88 33 84 34 82 36 -13 48 -96 34 8 El mejor fue: 0
-38 26 -4 -14 15 60 15 88 33 94 34 82 36 -13 48 -96 34 8 Generación 39
arranca 
Jugando Partidos contra vecino 0
Resultado 13
54969
Yo soy: 
-38 26 -4 -14 15 60 15 88 33 94 34 82 36 -13 48 -96 34 8 El mejor fue: 0
-38 26 -4 -14 15 60 15 88 33 94 34 82 36 -13 38 -96 34 8 Generación 38
arranca 
Jugando Partidos contra vecino 0
Resultado 11
60175.6
Yo soy: 
-38 26 -4 -14 15 60 15 88 33 94 34 82 36 -13 38 -96 34 8 El mejor fue: 0
-38 36 -4 -14 15 60 15 88 33 94 34 82 36 -13 38 -96 34 8 Generación 37
arranca 
Jugando Partidos contra vecino 0
Resultado 13
54141.2
Yo soy: 
-38 36 -4 -14 15 60 15 88 33 94 34 82 36 -13 38 -96 34 8 El mejor fue: 0
-38 36 -4 -14 15 60 15 88 33 94 34 82 36 -13 28 -96 34 8 Generación 36
arranca 
Jugando Partidos contra vecino 0
Resultado 15
58679.3
Yo soy: 
-38 36 -4 -14 15 60 15 88 33 94 34 82 36 -13 28 -96 34 8 El mejor fue: 0
-38 36 -4 -14 15 60 15 88 33 94 34 82 36 -13 28 -96 24 8 Generación 35
arranca 
Jugando Partidos contra vecino 0
Resultado 15
58296.8
Yo soy: 
-38 36 -4 -14 15 60 15 88 33 94 34 82 36 -13 28 -96 24 8 El mejor fue: 0
-38 36 -4 -14 5 60 15 88 33 94 34 82 36 -13 28 -96 24 8 Generación 34
arranca 
Jugando Partidos contra vecino 0
Resultado 13
61884.6
Yo soy: 
-38 36 -4 -14 5 60 15 88 33 94 34 82 36 -13 28 -96 24 8 El mejor fue: 0
-38 36 -4 -14 5 60 15 88 23 94 34 82 36 -13 28 -96 24 8 Generación 33
arranca 
Jugando Partidos contra vecino 0
Resultado 13
54436.3
Yo soy: 
-38 36 -4 -14 5 60 15 88 23 94 34 82 36 -13 28 -96 24 8 El mejor fue: 0
-38 36 -4 -14 5 70 15 88 23 94 34 82 36 -13 28 -96 24 8 Generación 32
arranca 
Jugando Partidos contra vecino 0
Resultado 15
61559.6
Yo soy: 
-38 36 -4 -14 5 70 15 88 23 94 34 82 36 -13 28 -96 24 8 El mejor fue: 0
-38 36 -4 -14 5 70 5 88 23 94 34 82 36 -13 28 -96 24 8 Generación 31
arranca 
Jugando Partidos contra vecino 0
Resultado 5
48525.5
Jugando Partidos contra vecino 1
Resultado 15
46284.9
Yo soy: 
-38 36 -4 -14 5 70 5 88 23 94 34 82 36 -13 28 -96 24 8 El mejor fue: 1
-38 36 -4 -14 5 70 5 88 23 94 44 82 36 -13 28 -96 24 8 Generación 30
arranca 
Jugando Partidos contra vecino 0
Resultado 15
41767.6
Yo soy: 
-38 36 -4 -14 5 70 5 88 23 94 44 82 36 -13 28 -96 24 8 El mejor fue: 0
-38 36 6 -14 5 70 5 88 23 94 44 82 36 -13 28 -96 24 8 Generación 29
arranca 
Jugando Partidos contra vecino 0
Resultado 11
42467.6
Yo soy: 
-38 36 6 -14 5 70 5 88 23 94 44 82 36 -13 28 -96 24 8 El mejor fue: 0
-38 36 6 -14 5 70 5 88 23 94 44 82 36 -13 18 -96 24 8 Generación 28
arranca 
Jugando Partidos contra vecino 0
Resultado 11
47679.7
Yo soy: 
-38 36 6 -14 5 70 5 88 23 94 44 82 36 -13 18 -96 24 8 El mejor fue: 0
-38 36 6 -14 5 70 5 88 23 94 34 82 36 -13 18 -96 24 8 Generación 27
arranca 
Jugando Partidos contra vecino 0
Resultado 11
43118.2
Yo soy: 
-38 36 6 -14 5 70 5 88 23 94 34 82 36 -13 18 -96 24 8 El mejor fue: 0
-38 36 6 -14 5 70 5 78 23 94 34 82 36 -13 18 -96 24 8 Generación 26
arranca 
Jugando Partidos contra vecino 0
Resultado 9
45815.7
Jugando Partidos contra vecino 1
Resultado 9
48204.1
Jugando Partidos contra vecino 2
Resultado 13
45838.9
Yo soy: 
-38 36 6 -14 5 70 5 78 23 94 34 82 36 -13 18 -96 24 8 El mejor fue: 2
-38 36 6 -14 5 70 5 78 23 94 34 82 36 -13 18 -96 34 8 Generación 25
arranca 
Jugando Partidos contra vecino 0
Resultado 5
46404.2
Jugando Partidos contra vecino 1
Resultado 15
47144.1
Yo soy: 
-38 36 6 -14 5 70 5 78 23 94 34 82 36 -13 18 -96 34 8 El mejor fue: 1
-38 36 6 -14 15 70 5 78 23 94 34 82 36 -13 18 -96 34 8 Generación 24
arranca 
Jugando Partidos contra vecino 0
Resultado 5
43442.3
Jugando Partidos contra vecino 1
Resultado 13
43245
Yo soy: 
-38 36 6 -14 15 70 5 78 23 94 34 82 36 -13 18 -96 34 8 El mejor fue: 1
-38 36 6 -14 25 70 5 78 23 94 34 82 36 -13 18 -96 34 8 Generación 23
arranca 
Jugando Partidos contra vecino 0
Resultado 13
45824.9
Yo soy: 
-38 36 6 -14 25 70 5 78 23 94 34 82 36 -13 18 -96 34 8 El mejor fue: 0
-38 36 6 -14 25 70 5 78 23 94 34 82 26 -13 18 -96 34 8 Generación 22
arranca 
Jugando Partidos contra vecino 0
Resultado 9
42476.2
Jugando Partidos contra vecino 1
Resultado 15
43807.4
Yo soy: 
-38 36 6 -14 25 70 5 78 23 94 34 82 26 -13 18 -96 34 8 El mejor fue: 1
-38 36 6 -14 25 70 5 78 23 94 34 82 26 -13 8 -96 34 8 Generación 21
arranca 
Jugando Partidos contra vecino 0
Resultado 15
46293.5
Yo soy: 
-38 36 6 -14 25 70 5 78 23 94 34 82 26 -13 8 -96 34 8 El mejor fue: 0
-38 36 16 -14 25 70 5 78 23 94 34 82 26 -13 8 -96 34 8 Generación 20
arranca 
Jugando Partidos contra vecino 0
Resultado 15
47484.4
Yo soy: 
-38 36 16 -14 25 70 5 78 23 94 34 82 26 -13 8 -96 34 8 El mejor fue: 0
-38 36 16 -14 25 70 5 78 23 94 34 82 26 -13 8 -96 24 8 Generación 19
arranca 
Jugando Partidos contra vecino 0
Resultado 15
46188.6
Yo soy: 
-38 36 16 -14 25 70 5 78 23 94 34 82 26 -13 8 -96 24 8 El mejor fue: 0
-38 36 16 -14 25 70 5 88 23 94 34 82 26 -13 8 -96 24 8 Generación 18
arranca 
Jugando Partidos contra vecino 0
Resultado 15
47467.4
Yo soy: 
-38 36 16 -14 25 70 5 88 23 94 34 82 26 -13 8 -96 24 8 El mejor fue: 0
-38 36 16 -14 25 70 5 88 23 94 24 82 26 -13 8 -96 24 8 Generación 17
arranca 
Jugando Partidos contra vecino 0
Resultado 15
48925.1
Yo soy: 
-38 36 16 -14 25 70 5 88 23 94 24 82 26 -13 8 -96 24 8 El mejor fue: 0
-38 36 16 -14 25 70 5 88 23 94 14 82 26 -13 8 -96 24 8 Generación 16
arranca 
Jugando Partidos contra vecino 0
Resultado 15
47356.1
Yo soy: 
-38 36 16 -14 25 70 5 88 23 94 14 82 26 -13 8 -96 24 8 El mejor fue: 0
-38 36 16 -14 25 70 5 88 23 84 14 82 26 -13 8 -96 24 8 Generación 15
arranca 
Jugando Partidos contra vecino 0
Resultado 15
46697.3
Yo soy: 
-38 36 16 -14 25 70 5 88 23 84 14 82 26 -13 8 -96 24 8 El mejor fue: 0
-38 36 16 -14 25 70 5 88 33 84 14 82 26 -13 8 -96 24 8 Generación 14
arranca 
Jugando Partidos contra vecino 0
Resultado 15
47488.6
Yo soy: 
-38 36 16 -14 25 70 5 88 33 84 14 82 26 -13 8 -96 24 8 El mejor fue: 0
-38 46 16 -14 25 70 5 88 33 84 14 82 26 -13 8 -96 24 8 Generación 13
arranca 
Jugando Partidos contra vecino 0
Resultado 15
50226.1
Yo soy: 
-38 46 16 -14 25 70 5 88 33 84 14 82 26 -13 8 -96 24 8 El mejor fue: 0
-38 46 16 -14 25 70 5 88 33 84 14 82 36 -13 8 -96 24 8 Generación 12
arranca 
Jugando Partidos contra vecino 0
Resultado 15
46653.6
Yo soy: 
-38 46 16 -14 25 70 5 88 33 84 14 82 36 -13 8 -96 24 8 El mejor fue: 0
-38 46 16 -14 25 80 5 88 33 84 14 82 36 -13 8 -96 24 8 Generación 11
arranca 
Jugando Partidos contra vecino 0
Resultado 15
49964.3
Yo soy: 
-38 46 16 -14 25 80 5 88 33 84 14 82 36 -13 8 -96 24 8 El mejor fue: 0
-38 46 16 -14 25 80 5 88 33 84 14 82 46 -13 8 -96 24 8 Generación 10
arranca 
Jugando Partidos contra vecino 0
Resultado 5
47639.8
Jugando Partidos contra vecino 1
Resultado 15
51535.7
Yo soy: 
-38 46 16 -14 25 80 5 88 33 84 14 82 46 -13 8 -96 24 8 El mejor fue: 1
-38 46 16 -4 25 80 5 88 33 84 14 82 46 -13 8 -96 24 8 Generación 9
arranca 
Jugando Partidos contra vecino 0
Resultado 15
55493.9
Yo soy: 
-38 46 16 -4 25 80 5 88 33 84 14 82 46 -13 8 -96 24 8 El mejor fue: 0
-28 46 16 -4 25 80 5 88 33 84 14 82 46 -13 8 -96 24 8 Generación 8
arranca 
Jugando Partidos contra vecino 0
Resultado 15
55448.3
Yo soy: 
-28 46 16 -4 25 80 5 88 33 84 14 82 46 -13 8 -96 24 8 El mejor fue: 0
-28 46 16 -4 25 80 5 78 33 84 14 82 46 -13 8 -96 24 8 Generación 7
arranca 
Jugando Partidos contra vecino 0
Resultado 11
57568.2
Yo soy: 
-28 46 16 -4 25 80 5 78 33 84 14 82 46 -13 8 -96 24 8 El mejor fue: 0
-28 46 16 -4 25 80 5 78 33 84 14 82 46 -23 8 -96 24 8 Generación 6
arranca 
Jugando Partidos contra vecino 0
Resultado 13
54460.3
Yo soy: 
-28 46 16 -4 25 80 5 78 33 84 14 82 46 -23 8 -96 24 8 El mejor fue: 0
-28 46 16 -4 25 80 5 78 33 84 14 92 46 -23 8 -96 24 8 Generación 5
arranca 
Jugando Partidos contra vecino 0
Resultado 13
54413.9
Yo soy: 
-28 46 16 -4 25 80 5 78 33 84 14 92 46 -23 8 -96 24 8 El mejor fue: 0
-28 46 16 -4 35 80 5 78 33 84 14 92 46 -23 8 -96 24 8 Generación 4
arranca 
Jugando Partidos contra vecino 0
Resultado 13
51616.6
Yo soy: 
-28 46 16 -4 35 80 5 78 33 84 14 92 46 -23 8 -96 24 8 El mejor fue: 0
-28 46 26 -4 35 80 5 78 33 84 14 92 46 -23 8 -96 24 8 Generación 3
arranca 
Jugando Partidos contra vecino 0
Resultado 13
55767.5
Yo soy: 
-28 46 26 -4 35 80 5 78 33 84 14 92 46 -23 8 -96 24 8 El mejor fue: 0
-28 46 26 -4 35 80 5 78 33 84 14 82 46 -23 8 -96 24 8 Generación 2
arranca 
Jugando Partidos contra vecino 0
Resultado 15
54176.6
Yo soy: 
-28 46 26 -4 35 80 5 78 33 84 14 82 46 -23 8 -96 24 8 El mejor fue: 0
-28 56 26 -4 35 80 5 78 33 84 14 82 46 -23 8 -96 24 8 Generación 1
arranca 
Jugando Partidos contra vecino 0
Resultado 15
57143.4
Yo soy: 
-28 56 26 -4 35 80 5 78 33 84 14 82 46 -23 8 -96 24 8 El mejor fue: 0
-28 56 26 -4 35 80 5 68 33 84 14 82 46 -23 8 -96 24 8 Generación 0
1.33422e+07
