arranca 
Jugando Partidos contra vecino 0
Resultado 5
62325.5
Jugando Partidos contra vecino 1
Resultado 5
63379.9
Jugando Partidos contra vecino 2
Resultado 5
62271
Jugando Partidos contra vecino 3
Resultado 5
64089.4
Jugando Partidos contra vecino 4
Resultado 5
63739.4
Jugando Partidos contra vecino 5
Resultado 5
63137.6
Jugando Partidos contra vecino 6
Resultado 5
62462.9
Jugando Partidos contra vecino 7
Resultado 5
61763.7
Jugando Partidos contra vecino 8
Resultado 5
63668.6
Jugando Partidos contra vecino 9
Resultado 5
62676.9
Jugando Partidos contra vecino 10
Resultado 5
63230.9
Jugando Partidos contra vecino 11
Resultado 5
61910
Jugando Partidos contra vecino 12
Resultado 5
64031.7
Jugando Partidos contra vecino 13
Resultado 5
64799.2
Jugando Partidos contra vecino 14
Resultado 5
63086.5
Jugando Partidos contra vecino 15
Resultado 5
62722.2
Jugando Partidos contra vecino 16
Resultado 5
62053.3
Jugando Partidos contra vecino 17
Resultado 5
64002.7
Jugando Partidos contra vecino 18
Resultado 5
64318.7
Jugando Partidos contra vecino 19
Resultado 5
63732.4
Jugando Partidos contra vecino 20
Resultado 5
61539.3
Jugando Partidos contra vecino 21
Resultado 5
62208.3
Jugando Partidos contra vecino 22
Resultado 5
63598.5
Jugando Partidos contra vecino 23
Resultado 5
65041.4
Jugando Partidos contra vecino 24
Resultado 5
62900
Jugando Partidos contra vecino 25
Resultado 5
63024.8
Jugando Partidos contra vecino 26
Resultado 5
62437.7
Jugando Partidos contra vecino 27
Resultado 5
62390.2
Jugando Partidos contra vecino 28
Resultado 5
62508.2
Jugando Partidos contra vecino 29
Resultado 5
61975.1
1.89103e+06
