arranca 
Jugando Partidos contra vecino 0
Resultado 9
54678.6
Jugando Partidos contra vecino 1
Resultado 13
75781.8
Yo soy: 
42 81 3 27 1 19 50 63 42 84 97 95 53 2 11 El mejor fue: 1
42 81 3 27 1 24 50 63 42 84 97 95 53 2 11 Generación 9
arranca 
Jugando Partidos contra vecino 0
Resultado 13
74628.7
Yo soy: 
42 81 3 27 1 24 50 63 42 84 97 95 53 2 11 El mejor fue: 0
42 81 3 27 1 24 50 68 42 84 97 95 53 2 11 Generación 8
arranca 
Jugando Partidos contra vecino 0
Resultado 13
65753.2
Yo soy: 
42 81 3 27 1 24 50 68 42 84 97 95 53 2 11 El mejor fue: 0
42 81 3 27 1 24 50 63 42 84 97 95 53 2 11 Generación 7
arranca 
Jugando Partidos contra vecino 0
Resultado 13
78532.9
Yo soy: 
42 81 3 27 1 24 50 63 42 84 97 95 53 2 11 El mejor fue: 0
42 81 3 27 1 24 50 63 42 84 97 95 53 7 11 Generación 6
arranca 
Jugando Partidos contra vecino 0
Resultado 15
100666
Yo soy: 
42 81 3 27 1 24 50 63 42 84 97 95 53 7 11 El mejor fue: 0
42 81 3 27 1 24 50 63 42 89 97 95 53 7 11 Generación 5
arranca 
Jugando Partidos contra vecino 0
Resultado 0
31961.6
Jugando Partidos contra vecino 1
Resultado 15
102228
Yo soy: 
42 81 3 27 1 24 50 63 42 89 97 95 53 7 11 El mejor fue: 1
42 81 3 27 6 24 50 63 42 89 97 95 53 7 11 Generación 4
arranca 
Jugando Partidos contra vecino 0
Resultado 15
99931.1
Yo soy: 
42 81 3 27 6 24 50 63 42 89 97 95 53 7 11 El mejor fue: 0
42 81 3 27 6 24 50 63 37 89 97 95 53 7 11 Generación 3
arranca 
Jugando Partidos contra vecino 0
Resultado 15
94735.7
Yo soy: 
42 81 3 27 6 24 50 63 37 89 97 95 53 7 11 El mejor fue: 0
37 81 3 27 6 24 50 63 37 89 97 95 53 7 11 Generación 2
arranca 
Jugando Partidos contra vecino 0
Resultado 15
94874.1
Yo soy: 
37 81 3 27 6 24 50 63 37 89 97 95 53 7 11 El mejor fue: 0
37 81 3 27 6 24 50 63 37 89 97 95 53 7 6 Generación 1
arranca 
Jugando Partidos contra vecino 0
Resultado 15
100413
Yo soy: 
37 81 3 27 6 24 50 63 37 89 97 95 53 7 6 El mejor fue: 0
37 76 3 27 6 24 50 63 37 89 97 95 53 7 6 Generación 0
974185
