arranca 
Jugando Partidos contra vecino 0
Resultado 5
20777.2
Jugando Partidos contra vecino 1
Resultado 11
26972.6
Yo soy: 
40 14 97 91 73 41 74 27 46 98 91 9 54 42 62 71 17 24 El mejor fue: 1
40 14 97 91 73 41 74 67 46 98 91 9 54 42 62 71 17 24 Generación 199
arranca 
Jugando Partidos contra vecino 0
Resultado 15
27956.1
Yo soy: 
40 14 97 91 73 41 74 67 46 98 91 9 54 42 62 71 17 24 El mejor fue: 0
40 14 97 91 73 41 74 67 46 98 91 9 54 42 62 71 57 24 Generación 198
arranca 
Jugando Partidos contra vecino 0
Resultado 7
40450.9
Jugando Partidos contra vecino 1
Resultado 11
27728.3
Yo soy: 
40 14 97 91 73 41 74 67 46 98 91 9 54 42 62 71 57 24 El mejor fue: 1
40 14 97 91 73 41 74 67 46 98 91 9 94 42 62 71 57 24 Generación 197
arranca 
Jugando Partidos contra vecino 0
Resultado 15
29574.5
Yo soy: 
40 14 97 91 73 41 74 67 46 98 91 9 94 42 62 71 57 24 El mejor fue: 0
40 14 97 91 73 41 74 67 46 98 91 9 94 42 62 71 97 24 Generación 196
arranca 
Jugando Partidos contra vecino 0
Resultado 10
24666.3
Yo soy: 
40 14 97 91 73 41 74 67 46 98 91 9 94 42 62 71 97 24 El mejor fue: 0
40 14 97 91 73 81 74 67 46 98 91 9 94 42 62 71 97 24 Generación 195
arranca 
Jugando Partidos contra vecino 0
Resultado 4
33019.3
Jugando Partidos contra vecino 1
Resultado 15
30592.8
Yo soy: 
40 14 97 91 73 81 74 67 46 98 91 9 94 42 62 71 97 24 El mejor fue: 1
40 14 97 91 73 31 74 67 46 98 91 9 94 42 62 71 97 24 Generación 194
arranca 
Jugando Partidos contra vecino 0
Resultado 13
27278.1
Yo soy: 
40 14 97 91 73 31 74 67 46 98 91 9 94 42 62 71 97 24 El mejor fue: 0
40 14 97 91 73 31 74 17 46 98 91 9 94 42 62 71 97 24 Generación 193
arranca 
Jugando Partidos contra vecino 0
Resultado 13
31140.9
Yo soy: 
40 14 97 91 73 31 74 17 46 98 91 9 94 42 62 71 97 24 El mejor fue: 0
40 14 97 91 73 31 74 17 46 58 91 9 94 42 62 71 97 24 Generación 192
arranca 
Jugando Partidos contra vecino 0
Resultado 10
27064.9
Yo soy: 
40 14 97 91 73 31 74 17 46 58 91 9 94 42 62 71 97 24 El mejor fue: 0
40 14 97 91 73 31 74 17 46 58 91 9 94 42 62 71 57 24 Generación 191
arranca 
Jugando Partidos contra vecino 0
Resultado 11
28451.3
Yo soy: 
40 14 97 91 73 31 74 17 46 58 91 9 94 42 62 71 57 24 El mejor fue: 0
40 14 97 91 73 31 74 17 46 58 91 9 44 42 62 71 57 24 Generación 190
arranca 
Jugando Partidos contra vecino 0
Resultado 11
34102
Yo soy: 
40 14 97 91 73 31 74 17 46 58 91 9 44 42 62 71 57 24 El mejor fue: 0
40 14 97 91 73 31 74 17 46 18 91 9 44 42 62 71 57 24 Generación 189
arranca 
Jugando Partidos contra vecino 0
Resultado 11
29293.7
Yo soy: 
40 14 97 91 73 31 74 17 46 18 91 9 44 42 62 71 57 24 El mejor fue: 0
40 14 97 91 73 31 74 17 46 18 91 9 44 42 62 71 97 24 Generación 188
arranca 
Jugando Partidos contra vecino 0
Resultado 8
28511
Jugando Partidos contra vecino 1
Resultado 5
28219.7
Jugando Partidos contra vecino 2
Resultado 5
30050.5
Jugando Partidos contra vecino 3
Resultado 5
35065.6
Jugando Partidos contra vecino 4
Resultado 11
26980.4
Yo soy: 
40 14 97 91 73 31 74 17 46 18 91 9 44 42 62 71 97 24 El mejor fue: 4
40 14 97 91 73 31 74 17 46 18 91 9 84 42 62 71 97 24 Generación 187
arranca 
Jugando Partidos contra vecino 0
Resultado 8
26680.1
Jugando Partidos contra vecino 1
Resultado 13
28598.7
Yo soy: 
40 14 97 91 73 31 74 17 46 18 91 9 84 42 62 71 97 24 El mejor fue: 1
40 14 97 91 73 31 74 -23 46 18 91 9 84 42 62 71 97 24 Generación 186
arranca 
Jugando Partidos contra vecino 0
Resultado 4
28925.4
Jugando Partidos contra vecino 1
Resultado 9
26860.6
Jugando Partidos contra vecino 2
Resultado 9
30049.1
Jugando Partidos contra vecino 3
Resultado 13
28427.6
Yo soy: 
40 14 97 91 73 31 74 -23 46 18 91 9 84 42 62 71 97 24 El mejor fue: 3
40 14 97 91 33 31 74 -23 46 18 91 9 84 42 62 71 97 24 Generación 185
arranca 
Jugando Partidos contra vecino 0
Resultado 9
29176.2
Jugando Partidos contra vecino 1
Resultado 9
27686.2
Jugando Partidos contra vecino 2
Resultado 7
34050.7
Jugando Partidos contra vecino 3
Resultado 7
18064
Jugando Partidos contra vecino 4
Resultado 6
31113.4
Jugando Partidos contra vecino 5
Resultado 6
24507.5
Jugando Partidos contra vecino 6
Resultado 9
25186.7
Jugando Partidos contra vecino 7
Resultado 11
28221.1
Yo soy: 
40 14 97 91 33 31 74 -23 46 18 91 9 84 42 62 71 97 24 El mejor fue: 7
40 14 97 91 33 31 74 -63 46 18 91 9 84 42 62 71 97 24 Generación 184
arranca 
Jugando Partidos contra vecino 0
Resultado 3
19642.9
Jugando Partidos contra vecino 1
Resultado 9
25678.3
Jugando Partidos contra vecino 2
Resultado 11
28027.5
Yo soy: 
40 14 97 91 33 31 74 -63 46 18 91 9 84 42 62 71 97 24 El mejor fue: 2
40 14 97 91 33 31 74 -63 46 18 91 9 84 42 62 71 47 24 Generación 183
arranca 
Jugando Partidos contra vecino 0
Resultado 11
25048.6
Yo soy: 
40 14 97 91 33 31 74 -63 46 18 91 9 84 42 62 71 47 24 El mejor fue: 0
40 54 97 91 33 31 74 -63 46 18 91 9 84 42 62 71 47 24 Generación 182
arranca 
Jugando Partidos contra vecino 0
Resultado 13
21203.6
Yo soy: 
40 54 97 91 33 31 74 -63 46 18 91 9 84 42 62 71 47 24 El mejor fue: 0
40 54 97 91 33 31 74 -63 86 18 91 9 84 42 62 71 47 24 Generación 181
arranca 
Jugando Partidos contra vecino 0
Resultado 13
50197.9
Yo soy: 
40 54 97 91 33 31 74 -63 86 18 91 9 84 42 62 71 47 24 El mejor fue: 0
40 54 97 91 33 31 74 -63 86 18 91 49 84 42 62 71 47 24 Generación 180
arranca 
Jugando Partidos contra vecino 0
Resultado 5
61977.9
Jugando Partidos contra vecino 1
Resultado 5
56614.4
Jugando Partidos contra vecino 2
Resultado 11
38490.9
Yo soy: 
40 54 97 91 33 31 74 -63 86 18 91 49 84 42 62 71 47 24 El mejor fue: 2
40 54 97 91 33 31 74 -63 36 18 91 49 84 42 62 71 47 24 Generación 179
arranca 
Jugando Partidos contra vecino 0
Resultado 5
47680.3
Jugando Partidos contra vecino 1
Resultado 7
37272.7
Jugando Partidos contra vecino 2
Resultado 7
35379
Jugando Partidos contra vecino 3
Resultado 11
33292.3
Yo soy: 
40 54 97 91 33 31 74 -63 36 18 91 49 84 42 62 71 47 24 El mejor fue: 3
40 54 97 91 33 31 74 -63 36 18 91 49 84 42 12 71 47 24 Generación 178
arranca 
Jugando Partidos contra vecino 0
Resultado 11
35738
Yo soy: 
40 54 97 91 33 31 74 -63 36 18 91 49 84 42 12 71 47 24 El mejor fue: 0
40 54 97 91 33 -9 74 -63 36 18 91 49 84 42 12 71 47 24 Generación 177
arranca 
Jugando Partidos contra vecino 0
Resultado 8
48108.1
Jugando Partidos contra vecino 1
Resultado 7
22941.6
Jugando Partidos contra vecino 2
Resultado 9
38689.9
Jugando Partidos contra vecino 3
Resultado 11
41115.7
Yo soy: 
40 54 97 91 33 -9 74 -63 36 18 91 49 84 42 12 71 47 24 El mejor fue: 3
40 54 97 91 33 -9 74 -63 36 18 91 49 84 82 12 71 47 24 Generación 176
arranca 
Jugando Partidos contra vecino 0
Resultado 9
43427.5
Jugando Partidos contra vecino 1
Resultado 13
32091
Yo soy: 
40 54 97 91 33 -9 74 -63 36 18 91 49 84 82 12 71 47 24 El mejor fue: 1
40 54 97 91 33 -9 74 -63 36 18 91 49 84 82 12 71 7 24 Generación 175
arranca 
Jugando Partidos contra vecino 0
Resultado 11
46475.6
Yo soy: 
40 54 97 91 33 -9 74 -63 36 18 91 49 84 82 12 71 7 24 El mejor fue: 0
40 54 97 91 33 -9 34 -63 36 18 91 49 84 82 12 71 7 24 Generación 174
arranca 
Jugando Partidos contra vecino 0
Resultado 15
39637.9
Yo soy: 
40 54 97 91 33 -9 34 -63 36 18 91 49 84 82 12 71 7 24 El mejor fue: 0
40 14 97 91 33 -9 34 -63 36 18 91 49 84 82 12 71 7 24 Generación 173
arranca 
Jugando Partidos contra vecino 0
Resultado 13
39834.6
Yo soy: 
40 14 97 91 33 -9 34 -63 36 18 91 49 84 82 12 71 7 24 El mejor fue: 0
40 14 97 91 33 -9 74 -63 36 18 91 49 84 82 12 71 7 24 Generación 172
arranca 
Jugando Partidos contra vecino 0
Resultado 7
33409.7
Jugando Partidos contra vecino 1
Resultado 13
46694.4
Yo soy: 
40 14 97 91 33 -9 74 -63 36 18 91 49 84 82 12 71 7 24 El mejor fue: 1
40 14 97 91 -7 -9 74 -63 36 18 91 49 84 82 12 71 7 24 Generación 171
arranca 
Jugando Partidos contra vecino 0
Resultado 5
15275.6
Jugando Partidos contra vecino 1
Resultado 7
31732.5
Jugando Partidos contra vecino 2
Resultado 15
44376.7
Yo soy: 
40 14 97 91 -7 -9 74 -63 36 18 91 49 84 82 12 71 7 24 El mejor fue: 2
40 14 97 91 33 -9 74 -63 36 18 91 49 84 82 12 71 7 24 Generación 170
arranca 
Jugando Partidos contra vecino 0
Resultado 15
37459.6
Yo soy: 
40 14 97 91 33 -9 74 -63 36 18 91 49 84 82 12 71 7 24 El mejor fue: 0
40 14 97 91 33 -9 74 -13 36 18 91 49 84 82 12 71 7 24 Generación 169
arranca 
Jugando Partidos contra vecino 0
Resultado 11
34088.9
Yo soy: 
40 14 97 91 33 -9 74 -13 36 18 91 49 84 82 12 71 7 24 El mejor fue: 0
40 14 97 91 33 31 74 -13 36 18 91 49 84 82 12 71 7 24 Generación 168
arranca 
Jugando Partidos contra vecino 0
Resultado 11
38036.8
Yo soy: 
40 14 97 91 33 31 74 -13 36 18 91 49 84 82 12 71 7 24 El mejor fue: 0
40 14 97 91 33 31 74 -13 36 18 91 49 84 82 52 71 7 24 Generación 167
arranca 
Jugando Partidos contra vecino 0
Resultado 9
38814.3
Jugando Partidos contra vecino 1
Resultado 13
40915
Yo soy: 
40 14 97 91 33 31 74 -13 36 18 91 49 84 82 52 71 7 24 El mejor fue: 1
40 14 97 91 33 31 74 -53 36 18 91 49 84 82 52 71 7 24 Generación 166
arranca 
Jugando Partidos contra vecino 0
Resultado 13
36879.2
Yo soy: 
40 14 97 91 33 31 74 -53 36 18 91 49 84 82 52 71 7 24 El mejor fue: 0
40 -26 97 91 33 31 74 -53 36 18 91 49 84 82 52 71 7 24 Generación 165
arranca 
Jugando Partidos contra vecino 0
Resultado 13
38117.7
Yo soy: 
40 -26 97 91 33 31 74 -53 36 18 91 49 84 82 52 71 7 24 El mejor fue: 0
40 -26 97 91 33 31 74 -53 36 18 91 49 84 82 52 71 -33 24 Generación 164
arranca 
Jugando Partidos contra vecino 0
Resultado 13
41190.6
Yo soy: 
40 -26 97 91 33 31 74 -53 36 18 91 49 84 82 52 71 -33 24 El mejor fue: 0
40 -26 97 91 33 31 74 -13 36 18 91 49 84 82 52 71 -33 24 Generación 163
arranca 
Jugando Partidos contra vecino 0
Resultado 9
30944
Jugando Partidos contra vecino 1
Resultado 7
34064.3
Jugando Partidos contra vecino 2
Resultado 7
37091.6
Jugando Partidos contra vecino 3
Resultado 11
32216.4
Yo soy: 
40 -26 97 91 33 31 74 -13 36 18 91 49 84 82 52 71 -33 24 El mejor fue: 3
40 -26 97 91 33 31 74 -13 36 18 91 49 34 82 52 71 -33 24 Generación 162
arranca 
Jugando Partidos contra vecino 0
Resultado 5
34393.4
Jugando Partidos contra vecino 1
Resultado 11
30304.9
Yo soy: 
40 -26 97 91 33 31 74 -13 36 18 91 49 34 82 52 71 -33 24 El mejor fue: 1
40 -26 97 91 33 31 74 -13 36 18 91 49 34 82 52 71 7 24 Generación 161
arranca 
Jugando Partidos contra vecino 0
Resultado 5
31782.1
Jugando Partidos contra vecino 1
Resultado 7
28767.7
Jugando Partidos contra vecino 2
Resultado 5
30245.6
Jugando Partidos contra vecino 3
Resultado 9
31028.5
Jugando Partidos contra vecino 4
Resultado 11
25859.5
Yo soy: 
40 -26 97 91 33 31 74 -13 36 18 91 49 34 82 52 71 7 24 El mejor fue: 4
40 -26 57 91 33 31 74 -13 36 18 91 49 34 82 52 71 7 24 Generación 160
arranca 
Jugando Partidos contra vecino 0
Resultado 5
24123.6
Jugando Partidos contra vecino 1
Resultado 11
34694.2
Yo soy: 
40 -26 57 91 33 31 74 -13 36 18 91 49 34 82 52 71 7 24 El mejor fue: 1
40 -26 57 91 33 71 74 -13 36 18 91 49 34 82 52 71 7 24 Generación 159
arranca 
Jugando Partidos contra vecino 0
Resultado 2
18988
Jugando Partidos contra vecino 1
Resultado 9
29176.5
Jugando Partidos contra vecino 2
Resultado 7
27418.1
Jugando Partidos contra vecino 3
Resultado 7
30325.5
Jugando Partidos contra vecino 4
Resultado 7
23812.2
Jugando Partidos contra vecino 5
Resultado 9
36540.7
Jugando Partidos contra vecino 6
Resultado 7
31422.4
Jugando Partidos contra vecino 7
Resultado 11
30379.3
Yo soy: 
40 -26 57 91 33 71 74 -13 36 18 91 49 34 82 52 71 7 24 El mejor fue: 7
40 -26 57 51 33 71 74 -13 36 18 91 49 34 82 52 71 7 24 Generación 158
arranca 
Jugando Partidos contra vecino 0
Resultado 9
27242.6
Jugando Partidos contra vecino 1
Resultado 7
27479.1
Jugando Partidos contra vecino 2
Resultado 7
28525.4
Jugando Partidos contra vecino 3
Resultado 11
28747.6
Yo soy: 
40 -26 57 51 33 71 74 -13 36 18 91 49 34 82 52 71 7 24 El mejor fue: 3
40 -26 57 51 33 71 24 -13 36 18 91 49 34 82 52 71 7 24 Generación 157
arranca 
Jugando Partidos contra vecino 0
Resultado 5
23110
Jugando Partidos contra vecino 1
Resultado 5
28814.9
Jugando Partidos contra vecino 2
Resultado 8
31812.5
Jugando Partidos contra vecino 3
Resultado 7
30440.7
Jugando Partidos contra vecino 4
Resultado 9
27504.9
Jugando Partidos contra vecino 5
Resultado 9
26705.6
Jugando Partidos contra vecino 6
Resultado 9
24086
Jugando Partidos contra vecino 7
Resultado 7
25532.4
Jugando Partidos contra vecino 8
Resultado 9
31245.7
Jugando Partidos contra vecino 9
Resultado 5
28026
Jugando Partidos contra vecino 10
Resultado 9
29968.9
Jugando Partidos contra vecino 11
Resultado 7
24671.5
Jugando Partidos contra vecino 12
Resultado 9
29632.8
Jugando Partidos contra vecino 13
Resultado 5
19609
Jugando Partidos contra vecino 14
Resultado 7
26228.6
Jugando Partidos contra vecino 15
Resultado 7
27572.8
Jugando Partidos contra vecino 16
Resultado 6
22100.3
Jugando Partidos contra vecino 17
Resultado 5
19067.7
Jugando Partidos contra vecino 18
Resultado 11
27956.5
Yo soy: 
40 -26 57 51 33 71 24 -13 36 18 91 49 34 82 52 71 7 24 El mejor fue: 18
40 -66 57 51 33 71 24 -13 36 18 91 49 34 82 52 71 7 24 Generación 156
arranca 
Jugando Partidos contra vecino 0
Resultado 7
18809.1
Jugando Partidos contra vecino 1
Resultado 9
26853.5
Jugando Partidos contra vecino 2
Resultado 13
34056
Yo soy: 
40 -66 57 51 33 71 24 -13 36 18 91 49 34 82 52 71 7 24 El mejor fue: 2
0 -66 57 51 33 71 24 -13 36 18 91 49 34 82 52 71 7 24 Generación 155
arranca 
Jugando Partidos contra vecino 0
Resultado 9
32333.9
Jugando Partidos contra vecino 1
Resultado 11
29640.9
Yo soy: 
0 -66 57 51 33 71 24 -13 36 18 91 49 34 82 52 71 7 24 El mejor fue: 1
0 -66 57 51 33 71 24 -13 36 18 91 49 74 82 52 71 7 24 Generación 154
arranca 
Jugando Partidos contra vecino 0
Resultado 11
36078.5
Yo soy: 
0 -66 57 51 33 71 24 -13 36 18 91 49 74 82 52 71 7 24 El mejor fue: 0
0 -66 57 51 33 71 24 -13 36 18 91 49 74 82 52 71 7 -16 Generación 153
arranca 
Jugando Partidos contra vecino 0
Resultado 9
18808.3
Jugando Partidos contra vecino 1
Resultado 13
41174.5
Yo soy: 
0 -66 57 51 33 71 24 -13 36 18 91 49 74 82 52 71 7 -16 El mejor fue: 1
0 -66 57 51 33 71 24 -13 36 18 91 49 74 82 52 71 -33 -16 Generación 152
arranca 
Jugando Partidos contra vecino 0
Resultado 13
33195.3
Yo soy: 
0 -66 57 51 33 71 24 -13 36 18 91 49 74 82 52 71 -33 -16 El mejor fue: 0
0 -66 57 51 33 71 24 -13 36 18 91 49 74 42 52 71 -33 -16 Generación 151
arranca 
Jugando Partidos contra vecino 0
Resultado 15
47203.5
Yo soy: 
0 -66 57 51 33 71 24 -13 36 18 91 49 74 42 52 71 -33 -16 El mejor fue: 0
0 -66 57 51 -7 71 24 -13 36 18 91 49 74 42 52 71 -33 -16 Generación 150
arranca 
Jugando Partidos contra vecino 0
Resultado 10
29046.1
Yo soy: 
0 -66 57 51 -7 71 24 -13 36 18 91 49 74 42 52 71 -33 -16 El mejor fue: 0
0 -66 57 51 -7 71 24 -13 36 18 51 49 74 42 52 71 -33 -16 Generación 149
arranca 
Jugando Partidos contra vecino 0
Resultado 13
40409.4
Yo soy: 
0 -66 57 51 -7 71 24 -13 36 18 51 49 74 42 52 71 -33 -16 El mejor fue: 0
0 -66 57 51 -7 71 24 -13 36 58 51 49 74 42 52 71 -33 -16 Generación 148
arranca 
Jugando Partidos contra vecino 0
Resultado 13
50861.3
Yo soy: 
0 -66 57 51 -7 71 24 -13 36 58 51 49 74 42 52 71 -33 -16 El mejor fue: 0
0 -66 97 51 -7 71 24 -13 36 58 51 49 74 42 52 71 -33 -16 Generación 147
arranca 
Jugando Partidos contra vecino 0
Resultado 7
38349.1
Jugando Partidos contra vecino 1
Resultado 15
55184.9
Yo soy: 
0 -66 97 51 -7 71 24 -13 36 58 51 49 74 42 52 71 -33 -16 El mejor fue: 1
0 -66 97 51 -7 71 24 -13 36 98 51 49 74 42 52 71 -33 -16 Generación 146
arranca 
Jugando Partidos contra vecino 0
Resultado 13
51769.3
Yo soy: 
0 -66 97 51 -7 71 24 -13 36 98 51 49 74 42 52 71 -33 -16 El mejor fue: 0
0 -66 97 51 -7 31 24 -13 36 98 51 49 74 42 52 71 -33 -16 Generación 145
arranca 
Jugando Partidos contra vecino 0
Resultado 13
55314.7
Yo soy: 
0 -66 97 51 -7 31 24 -13 36 98 51 49 74 42 52 71 -33 -16 El mejor fue: 0
0 -66 97 51 -7 31 24 -13 36 98 51 49 74 42 12 71 -33 -16 Generación 144
arranca 
Jugando Partidos contra vecino 0
Resultado 15
65668.5
Yo soy: 
0 -66 97 51 -7 31 24 -13 36 98 51 49 74 42 12 71 -33 -16 El mejor fue: 0
0 -66 97 51 -7 31 24 -13 36 98 51 49 74 42 12 71 -33 -56 Generación 143
arranca 
Jugando Partidos contra vecino 0
Resultado 15
56928.9
Yo soy: 
0 -66 97 51 -7 31 24 -13 36 98 51 49 74 42 12 71 -33 -56 El mejor fue: 0
0 -66 97 51 -7 31 24 -13 36 48 51 49 74 42 12 71 -33 -56 Generación 142
arranca 
Jugando Partidos contra vecino 0
Resultado 13
42366.9
Yo soy: 
0 -66 97 51 -7 31 24 -13 36 48 51 49 74 42 12 71 -33 -56 El mejor fue: 0
0 -66 97 51 -7 31 24 -53 36 48 51 49 74 42 12 71 -33 -56 Generación 141
arranca 
Jugando Partidos contra vecino 0
Resultado 13
46237.8
Yo soy: 
0 -66 97 51 -7 31 24 -53 36 48 51 49 74 42 12 71 -33 -56 El mejor fue: 0
0 -66 97 51 -7 31 24 -53 -4 48 51 49 74 42 12 71 -33 -56 Generación 140
arranca 
Jugando Partidos contra vecino 0
Resultado 11
33794.7
Yo soy: 
0 -66 97 51 -7 31 24 -53 -4 48 51 49 74 42 12 71 -33 -56 El mejor fue: 0
0 -66 97 51 -47 31 24 -53 -4 48 51 49 74 42 12 71 -33 -56 Generación 139
arranca 
Jugando Partidos contra vecino 0
Resultado 15
63787.8
Yo soy: 
0 -66 97 51 -47 31 24 -53 -4 48 51 49 74 42 12 71 -33 -56 El mejor fue: 0
0 -66 97 51 -47 31 24 -13 -4 48 51 49 74 42 12 71 -33 -56 Generación 138
arranca 
Jugando Partidos contra vecino 0
Resultado 15
57278.2
Yo soy: 
0 -66 97 51 -47 31 24 -13 -4 48 51 49 74 42 12 71 -33 -56 El mejor fue: 0
40 -66 97 51 -47 31 24 -13 -4 48 51 49 74 42 12 71 -33 -56 Generación 137
arranca 
Jugando Partidos contra vecino 0
Resultado 15
55085.6
Yo soy: 
40 -66 97 51 -47 31 24 -13 -4 48 51 49 74 42 12 71 -33 -56 El mejor fue: 0
40 -66 97 91 -47 31 24 -13 -4 48 51 49 74 42 12 71 -33 -56 Generación 136
arranca 
Jugando Partidos contra vecino 0
Resultado 9
38864
Jugando Partidos contra vecino 1
Resultado 13
32789.4
Yo soy: 
40 -66 97 91 -47 31 24 -13 -4 48 51 49 74 42 12 71 -33 -56 El mejor fue: 1
40 -66 97 91 -47 31 24 27 -4 48 51 49 74 42 12 71 -33 -56 Generación 135
arranca 
Jugando Partidos contra vecino 0
Resultado 13
41855.6
Yo soy: 
40 -66 97 91 -47 31 24 27 -4 48 51 49 74 42 12 71 -33 -56 El mejor fue: 0
40 -66 97 91 -47 31 24 27 -4 48 51 49 34 42 12 71 -33 -56 Generación 134
arranca 
Jugando Partidos contra vecino 0
Resultado 12
35087.9
Yo soy: 
40 -66 97 91 -47 31 24 27 -4 48 51 49 34 42 12 71 -33 -56 El mejor fue: 0
40 -66 97 91 -47 31 24 27 -4 48 51 49 34 42 52 71 -33 -56 Generación 133
arranca 
Jugando Partidos contra vecino 0
Resultado 11
29910.1
Yo soy: 
40 -66 97 91 -47 31 24 27 -4 48 51 49 34 42 52 71 -33 -56 El mejor fue: 0
40 -66 97 91 -47 31 24 27 36 48 51 49 34 42 52 71 -33 -56 Generación 132
arranca 
Jugando Partidos contra vecino 0
Resultado 7
21387.6
Jugando Partidos contra vecino 1
Resultado 11
39045.3
Yo soy: 
40 -66 97 91 -47 31 24 27 36 48 51 49 34 42 52 71 -33 -56 El mejor fue: 1
40 -66 97 91 -47 31 24 27 36 48 51 89 34 42 52 71 -33 -56 Generación 131
arranca 
Jugando Partidos contra vecino 0
Resultado 13
28817.1
Yo soy: 
40 -66 97 91 -47 31 24 27 36 48 51 89 34 42 52 71 -33 -56 El mejor fue: 0
40 -66 97 91 -7 31 24 27 36 48 51 89 34 42 52 71 -33 -56 Generación 130
arranca 
Jugando Partidos contra vecino 0
Resultado 11
32478.8
Yo soy: 
40 -66 97 91 -7 31 24 27 36 48 51 89 34 42 52 71 -33 -56 El mejor fue: 0
40 -66 97 91 -7 31 24 27 36 48 51 49 34 42 52 71 -33 -56 Generación 129
arranca 
Jugando Partidos contra vecino 0
Resultado 13
47198.4
Yo soy: 
40 -66 97 91 -7 31 24 27 36 48 51 49 34 42 52 71 -33 -56 El mejor fue: 0
40 -66 97 91 -7 31 24 27 36 48 51 49 74 42 52 71 -33 -56 Generación 128
arranca 
Jugando Partidos contra vecino 0
Resultado 11
40557.8
Yo soy: 
40 -66 97 91 -7 31 24 27 36 48 51 49 74 42 52 71 -33 -56 El mejor fue: 0
40 -66 97 91 -47 31 24 27 36 48 51 49 74 42 52 71 -33 -56 Generación 127
arranca 
Jugando Partidos contra vecino 0
Resultado 8
39751.3
Jugando Partidos contra vecino 1
Resultado 3
18821.9
Jugando Partidos contra vecino 2
Resultado 15
59604.9
Yo soy: 
40 -66 97 91 -47 31 24 27 36 48 51 49 74 42 52 71 -33 -56 El mejor fue: 2
40 -66 97 51 -47 31 24 27 36 48 51 49 74 42 52 71 -33 -56 Generación 126
arranca 
Jugando Partidos contra vecino 0
Resultado 13
49806.3
Yo soy: 
40 -66 97 51 -47 31 24 27 36 48 51 49 74 42 52 71 -33 -56 El mejor fue: 0
40 -66 97 51 -7 31 24 27 36 48 51 49 74 42 52 71 -33 -56 Generación 125
arranca 
Jugando Partidos contra vecino 0
Resultado 13
49279.4
Yo soy: 
40 -66 97 51 -7 31 24 27 36 48 51 49 74 42 52 71 -33 -56 El mejor fue: 0
40 -66 97 51 -7 31 24 27 36 48 51 49 74 42 92 71 -33 -56 Generación 124
arranca 
Jugando Partidos contra vecino 0
Resultado 5
18772.2
Jugando Partidos contra vecino 1
Resultado 11
42076.4
Yo soy: 
40 -66 97 51 -7 31 24 27 36 48 51 49 74 42 92 71 -33 -56 El mejor fue: 1
0 -66 97 51 -7 31 24 27 36 48 51 49 74 42 92 71 -33 -56 Generación 123
arranca 
Jugando Partidos contra vecino 0
Resultado 13
31740.6
Yo soy: 
0 -66 97 51 -7 31 24 27 36 48 51 49 74 42 92 71 -33 -56 El mejor fue: 0
0 -66 47 51 -7 31 24 27 36 48 51 49 74 42 92 71 -33 -56 Generación 122
arranca 
Jugando Partidos contra vecino 0
Resultado 2
17376.4
Jugando Partidos contra vecino 1
Resultado 1
18759.8
Jugando Partidos contra vecino 2
Resultado 7
33160.9
Jugando Partidos contra vecino 3
Resultado 12
45144.3
Yo soy: 
0 -66 47 51 -7 31 24 27 36 48 51 49 74 42 92 71 -33 -56 El mejor fue: 3
0 -66 47 51 -7 31 24 67 36 48 51 49 74 42 92 71 -33 -56 Generación 121
arranca 
Jugando Partidos contra vecino 0
Resultado 13
44479.4
Yo soy: 
0 -66 47 51 -7 31 24 67 36 48 51 49 74 42 92 71 -33 -56 El mejor fue: 0
0 -66 47 51 -7 31 24 67 36 48 51 49 74 42 92 71 7 -56 Generación 120
arranca 
Jugando Partidos contra vecino 0
Resultado 11
33006.3
Yo soy: 
0 -66 47 51 -7 31 24 67 36 48 51 49 74 42 92 71 7 -56 El mejor fue: 0
0 -66 47 51 -7 31 24 67 36 8 51 49 74 42 92 71 7 -56 Generación 119
arranca 
Jugando Partidos contra vecino 0
Resultado 3
16868.8
Jugando Partidos contra vecino 1
Resultado 13
51188
Yo soy: 
0 -66 47 51 -7 31 24 67 36 8 51 49 74 42 92 71 7 -56 El mejor fue: 1
0 -66 47 51 -7 31 24 67 36 8 11 49 74 42 92 71 7 -56 Generación 118
arranca 
Jugando Partidos contra vecino 0
Resultado 11
49486.3
Yo soy: 
0 -66 47 51 -7 31 24 67 36 8 11 49 74 42 92 71 7 -56 El mejor fue: 0
0 -66 47 51 -7 31 24 67 36 8 11 49 74 42 92 71 7 -96 Generación 117
arranca 
Jugando Partidos contra vecino 0
Resultado 15
63642.4
Yo soy: 
0 -66 47 51 -7 31 24 67 36 8 11 49 74 42 92 71 7 -96 El mejor fue: 0
0 -66 47 51 -7 31 24 67 -4 8 11 49 74 42 92 71 7 -96 Generación 116
arranca 
Jugando Partidos contra vecino 0
Resultado 12
50720.6
Yo soy: 
0 -66 47 51 -7 31 24 67 -4 8 11 49 74 42 92 71 7 -96 El mejor fue: 0
0 -66 47 51 -7 31 24 67 -4 8 11 49 74 42 92 71 47 -96 Generación 115
arranca 
Jugando Partidos contra vecino 0
Resultado 15
55924
Yo soy: 
0 -66 47 51 -7 31 24 67 -4 8 11 49 74 42 92 71 47 -96 El mejor fue: 0
0 -66 47 51 -7 31 24 17 -4 8 11 49 74 42 92 71 47 -96 Generación 114
arranca 
Jugando Partidos contra vecino 0
Resultado 3
19337.8
Jugando Partidos contra vecino 1
Resultado 15
63173.3
Yo soy: 
0 -66 47 51 -7 31 24 17 -4 8 11 49 74 42 92 71 47 -96 El mejor fue: 1
0 -66 47 51 -7 31 24 17 -4 8 11 49 74 2 92 71 47 -96 Generación 113
arranca 
Jugando Partidos contra vecino 0
Resultado 5
50017.1
Jugando Partidos contra vecino 1
Resultado 15
54008.4
Yo soy: 
0 -66 47 51 -7 31 24 17 -4 8 11 49 74 2 92 71 47 -96 El mejor fue: 1
0 -16 47 51 -7 31 24 17 -4 8 11 49 74 2 92 71 47 -96 Generación 112
arranca 
Jugando Partidos contra vecino 0
Resultado 13
48679.9
Yo soy: 
0 -16 47 51 -7 31 24 17 -4 8 11 49 74 2 92 71 47 -96 El mejor fue: 0
0 -16 47 51 -7 31 24 17 -4 8 11 49 74 2 52 71 47 -96 Generación 111
arranca 
Jugando Partidos contra vecino 0
Resultado 15
56020.9
Yo soy: 
0 -16 47 51 -7 31 24 17 -4 8 11 49 74 2 52 71 47 -96 El mejor fue: 0
0 -16 47 51 -7 31 24 17 -4 8 11 49 74 2 52 71 47 -46 Generación 110
arranca 
Jugando Partidos contra vecino 0
Resultado 13
53311.7
Yo soy: 
0 -16 47 51 -7 31 24 17 -4 8 11 49 74 2 52 71 47 -46 El mejor fue: 0
0 -16 47 51 -7 31 24 17 36 8 11 49 74 2 52 71 47 -46 Generación 109
arranca 
Jugando Partidos contra vecino 0
Resultado 7
30604.7
Jugando Partidos contra vecino 1
Resultado 11
47539.9
Yo soy: 
0 -16 47 51 -7 31 24 17 36 8 11 49 74 2 52 71 47 -46 El mejor fue: 1
0 -16 47 51 -7 31 24 17 76 8 11 49 74 2 52 71 47 -46 Generación 108
arranca 
Jugando Partidos contra vecino 0
Resultado 11
47503.4
Yo soy: 
0 -16 47 51 -7 31 24 17 76 8 11 49 74 2 52 71 47 -46 El mejor fue: 0
0 -16 47 51 -7 31 24 17 76 8 11 49 74 2 12 71 47 -46 Generación 107
arranca 
Jugando Partidos contra vecino 0
Resultado 9
41382.5
Jugando Partidos contra vecino 1
Resultado 11
39371.1
Yo soy: 
0 -16 47 51 -7 31 24 17 76 8 11 49 74 2 12 71 47 -46 El mejor fue: 1
0 -16 47 51 -7 31 24 17 76 -32 11 49 74 2 12 71 47 -46 Generación 106
arranca 
Jugando Partidos contra vecino 0
Resultado 5
53250.8
Jugando Partidos contra vecino 1
Resultado 5
56262.8
Jugando Partidos contra vecino 2
Resultado 4
49130.5
Jugando Partidos contra vecino 3
Resultado 4
40463.3
Jugando Partidos contra vecino 4
Resultado 5
50766
Jugando Partidos contra vecino 5
Resultado 5
51318.9
Jugando Partidos contra vecino 6
Resultado 5
52039.2
Jugando Partidos contra vecino 7
Resultado 13
51808.2
Yo soy: 
0 -16 47 51 -7 31 24 17 76 -32 11 49 74 2 12 71 47 -46 El mejor fue: 7
0 -16 47 51 -7 31 24 17 76 8 11 49 74 2 12 71 47 -46 Generación 105
arranca 
Jugando Partidos contra vecino 0
Resultado 5
44324
Jugando Partidos contra vecino 1
Resultado 5
26338.9
Jugando Partidos contra vecino 2
Resultado 9
37347.1
Jugando Partidos contra vecino 3
Resultado 15
71658.7
Yo soy: 
0 -16 47 51 -7 31 24 17 76 8 11 49 74 2 12 71 47 -46 El mejor fue: 3
0 -16 47 51 -7 31 -16 17 76 8 11 49 74 2 12 71 47 -46 Generación 104
arranca 
Jugando Partidos contra vecino 0
Resultado 5
36088.6
Jugando Partidos contra vecino 1
Resultado 15
51995.2
Yo soy: 
0 -16 47 51 -7 31 -16 17 76 8 11 49 74 2 12 71 47 -46 El mejor fue: 1
0 -16 47 51 -7 31 -16 17 76 8 11 49 74 2 12 71 7 -46 Generación 103
arranca 
Jugando Partidos contra vecino 0
Resultado 15
67472.7
Yo soy: 
0 -16 47 51 -7 31 -16 17 76 8 11 49 74 2 12 71 7 -46 El mejor fue: 0
0 -56 47 51 -7 31 -16 17 76 8 11 49 74 2 12 71 7 -46 Generación 102
arranca 
Jugando Partidos contra vecino 0
Resultado 15
66916.6
Yo soy: 
0 -56 47 51 -7 31 -16 17 76 8 11 49 74 2 12 71 7 -46 El mejor fue: 0
0 -56 47 51 -7 31 -16 17 76 48 11 49 74 2 12 71 7 -46 Generación 101
arranca 
Jugando Partidos contra vecino 0
Resultado 15
68658.1
Yo soy: 
0 -56 47 51 -7 31 -16 17 76 48 11 49 74 2 12 71 7 -46 El mejor fue: 0
0 -56 47 51 -7 31 -16 17 76 48 11 49 74 2 12 71 7 -6 Generación 100
arranca 
Jugando Partidos contra vecino 0
Resultado 15
69496.1
Yo soy: 
0 -56 47 51 -7 31 -16 17 76 48 11 49 74 2 12 71 7 -6 El mejor fue: 0
0 -56 47 51 -7 31 -16 17 76 88 11 49 74 2 12 71 7 -6 Generación 99
arranca 
Jugando Partidos contra vecino 0
Resultado 15
69418.2
Yo soy: 
0 -56 47 51 -7 31 -16 17 76 88 11 49 74 2 12 71 7 -6 El mejor fue: 0
0 -56 47 51 -7 -9 -16 17 76 88 11 49 74 2 12 71 7 -6 Generación 98
arranca 
Jugando Partidos contra vecino 0
Resultado 15
70289.9
Yo soy: 
0 -56 47 51 -7 -9 -16 17 76 88 11 49 74 2 12 71 7 -6 El mejor fue: 0
0 -56 47 51 -7 -9 -16 17 76 88 11 49 74 2 12 71 7 34 Generación 97
arranca 
Jugando Partidos contra vecino 0
Resultado 15
69875.9
Yo soy: 
0 -56 47 51 -7 -9 -16 17 76 88 11 49 74 2 12 71 7 34 El mejor fue: 0
0 -56 47 51 -7 -9 -16 -23 76 88 11 49 74 2 12 71 7 34 Generación 96
arranca 
Jugando Partidos contra vecino 0
Resultado 15
18752.3
Yo soy: 
0 -56 47 51 -7 -9 -16 -23 76 88 11 49 74 2 12 71 7 34 El mejor fue: 0
40 -56 47 51 -7 -9 -16 -23 76 88 11 49 74 2 12 71 7 34 Generación 95
arranca 
Jugando Partidos contra vecino 0
Resultado 13
19979.3
Yo soy: 
40 -56 47 51 -7 -9 -16 -23 76 88 11 49 74 2 12 71 7 34 El mejor fue: 0
40 -56 47 51 -7 -9 -16 -23 36 88 11 49 74 2 12 71 7 34 Generación 94
arranca 
Jugando Partidos contra vecino 0
Resultado 5
23648
Jugando Partidos contra vecino 1
Resultado 15
22328
Yo soy: 
40 -56 47 51 -7 -9 -16 -23 36 88 11 49 74 2 12 71 7 34 El mejor fue: 1
40 -56 47 51 -7 -9 -16 -23 76 88 11 49 74 2 12 71 7 34 Generación 93
arranca 
Jugando Partidos contra vecino 0
Resultado 15
25054.2
Yo soy: 
40 -56 47 51 -7 -9 -16 -23 76 88 11 49 74 2 12 71 7 34 El mejor fue: 0
40 -56 47 51 -7 -9 -16 -23 76 88 11 49 74 2 12 71 7 74 Generación 92
arranca 
Jugando Partidos contra vecino 0
Resultado 13
19364.8
Yo soy: 
40 -56 47 51 -7 -9 -16 -23 76 88 11 49 74 2 12 71 7 74 El mejor fue: 0
40 -56 47 51 -7 -9 -16 -23 76 88 11 49 74 2 12 71 7 24 Generación 91
arranca 
Jugando Partidos contra vecino 0
Resultado 15
18422.4
Yo soy: 
40 -56 47 51 -7 -9 -16 -23 76 88 11 49 74 2 12 71 7 24 El mejor fue: 0
40 -56 47 51 -7 -9 -16 -23 76 88 11 49 74 2 12 71 47 24 Generación 90
arranca 
Jugando Partidos contra vecino 0
Resultado 15
20965
Yo soy: 
40 -56 47 51 -7 -9 -16 -23 76 88 11 49 74 2 12 71 47 24 El mejor fue: 0
40 -56 47 51 -7 -9 -16 -63 76 88 11 49 74 2 12 71 47 24 Generación 89
arranca 
Jugando Partidos contra vecino 0
Resultado 5
9772.84
Jugando Partidos contra vecino 1
Resultado 13
17517.6
Yo soy: 
40 -56 47 51 -7 -9 -16 -63 76 88 11 49 74 2 12 71 47 24 El mejor fue: 1
40 -56 47 51 -7 -9 -16 -63 76 88 11 49 34 2 12 71 47 24 Generación 88
arranca 
Jugando Partidos contra vecino 0
Resultado 5
11925.2
Jugando Partidos contra vecino 1
Resultado 5
20944.8
Jugando Partidos contra vecino 2
Resultado 5
15421.6
Jugando Partidos contra vecino 3
Resultado 5
27375.9
Jugando Partidos contra vecino 4
Resultado 5
10962
Jugando Partidos contra vecino 5
Resultado 5
26713.2
Jugando Partidos contra vecino 6
Resultado 5
22746.9
Jugando Partidos contra vecino 7
Resultado 5
11532.5
Jugando Partidos contra vecino 8
Resultado 5
22936.5
Jugando Partidos contra vecino 9
Resultado 5
11242.1
Jugando Partidos contra vecino 10
Resultado 5
26480.1
Jugando Partidos contra vecino 11
Resultado 5
34062.5
Jugando Partidos contra vecino 12
Resultado 5
17477.6
Jugando Partidos contra vecino 13
Resultado 5
18276.8
Jugando Partidos contra vecino 14
Resultado 5
27647.5
Jugando Partidos contra vecino 15
Resultado 5
11145.5
Jugando Partidos contra vecino 16
Resultado 5
31115.1
Jugando Partidos contra vecino 17
Resultado 5
20653.6
Jugando Partidos contra vecino 18
Resultado 5
12262.3
Jugando Partidos contra vecino 19
Resultado 5
26680.8
Jugando Partidos contra vecino 20
Resultado 5
20403.2
Jugando Partidos contra vecino 21
Resultado 5
37269.5
Jugando Partidos contra vecino 22
Resultado 5
16914
Jugando Partidos contra vecino 23
Resultado 5
22479.5
Jugando Partidos contra vecino 24
Resultado 5
15788.1
Jugando Partidos contra vecino 25
Resultado 5
31752.7
Jugando Partidos contra vecino 26
Resultado 5
26549.2
Jugando Partidos contra vecino 27
Resultado 5
27717.4
Jugando Partidos contra vecino 28
Resultado 5
11190.2
Jugando Partidos contra vecino 29
Resultado 5
22136.2
Jugando Partidos contra vecino 30
Resultado 5
21093.2
Jugando Partidos contra vecino 31
Resultado 5
17341.5
Jugando Partidos contra vecino 32
Resultado 5
34059.1
Jugando Partidos contra vecino 33
Resultado 5
16944.9
Jugando Partidos contra vecino 34
Resultado 5
26784.6
Jugando Partidos contra vecino 35
Resultado 5
21898.2
8.48811e+06
arranca 
Jugando Partidos contra vecino 0
Resultado 5
25836.9
Jugando Partidos contra vecino 1
Resultado 5
42446.3
Jugando Partidos contra vecino 2
Resultado 5
35623.9
Jugando Partidos contra vecino 3
Resultado 5
42542.9
Jugando Partidos contra vecino 4
Resultado 7
29884.6
Jugando Partidos contra vecino 5
Resultado 7
40837.5
Jugando Partidos contra vecino 6
Resultado 5
25660.4
Jugando Partidos contra vecino 7
Resultado 7
37236
Jugando Partidos contra vecino 8
Resultado 5
35833.1
Jugando Partidos contra vecino 9
Resultado 5
31560.8
Jugando Partidos contra vecino 10
Resultado 11
34449.2
Yo soy: 
50 62 35 31 71 25 10 40 41 38 71 35 30 78 0 24 56 93 El mejor fue: 10
50 62 35 31 71 25 10 40 41 38 71 35 70 78 0 24 56 93 Generación 199
arranca 
Jugando Partidos contra vecino 0
Resultado 11
23484.6
Yo soy: 
50 62 35 31 71 25 10 40 41 38 71 35 70 78 0 24 56 93 El mejor fue: 0
50 62 35 31 71 25 10 40 41 38 71 35 70 78 0 24 56 53 Generación 198
arranca 
Jugando Partidos contra vecino 0
Resultado 4
15497.8
Jugando Partidos contra vecino 1
Resultado 7
27759.8
Jugando Partidos contra vecino 2
Resultado 9
23674.3
Jugando Partidos contra vecino 3
Resultado 5
25030.7
Jugando Partidos contra vecino 4
Resultado 4
18997.6
Jugando Partidos contra vecino 5
Resultado 9
26668
Jugando Partidos contra vecino 6
Resultado 9
30038.7
Jugando Partidos contra vecino 7
Resultado 9
26599
Jugando Partidos contra vecino 8
Resultado 6
19444.7
Jugando Partidos contra vecino 9
Resultado 7
20845.7
Jugando Partidos contra vecino 10
Resultado 7
21180.4
Jugando Partidos contra vecino 11
Resultado 7
27036.9
Jugando Partidos contra vecino 12
Resultado 7
22548.5
Jugando Partidos contra vecino 13
Resultado 5
24935
Jugando Partidos contra vecino 14
Resultado 8
24755.3
Jugando Partidos contra vecino 15
Resultado 9
33768.3
Jugando Partidos contra vecino 16
Resultado 7
26601.1
Jugando Partidos contra vecino 17
Resultado 7
29495.9
Jugando Partidos contra vecino 18
Resultado 7
24557.7
Jugando Partidos contra vecino 19
Resultado 6
23851.9
Jugando Partidos contra vecino 20
Resultado 4
22158.7
Jugando Partidos contra vecino 21
Resultado 11
29326.1
Yo soy: 
50 62 35 31 71 25 10 40 41 38 71 35 70 78 0 24 56 53 El mejor fue: 21
50 62 35 -9 71 25 10 40 41 38 71 35 70 78 0 24 56 53 Generación 197
arranca 
Jugando Partidos contra vecino 0
Resultado 6
27044.1
Jugando Partidos contra vecino 1
Resultado 9
26837.1
Jugando Partidos contra vecino 2
Resultado 13
42346.4
Yo soy: 
50 62 35 -9 71 25 10 40 41 38 71 35 70 78 0 24 56 53 El mejor fue: 2
50 22 35 -9 71 25 10 40 41 38 71 35 70 78 0 24 56 53 Generación 196
arranca 
Jugando Partidos contra vecino 0
Resultado 11
35530.1
Yo soy: 
50 22 35 -9 71 25 10 40 41 38 71 35 70 78 0 24 56 53 El mejor fue: 0
50 22 35 -9 71 25 10 80 41 38 71 35 70 78 0 24 56 53 Generación 195
arranca 
Jugando Partidos contra vecino 0
Resultado 8
27834.9
Jugando Partidos contra vecino 1
Resultado 7
19745.8
Jugando Partidos contra vecino 2
Resultado 6
20782.8
Jugando Partidos contra vecino 3
Resultado 8
34895.3
Jugando Partidos contra vecino 4
Resultado 4
29024.1
Jugando Partidos contra vecino 5
Resultado 10
32925.5
Yo soy: 
50 22 35 -9 71 25 10 80 41 38 71 35 70 78 0 24 56 53 El mejor fue: 5
50 22 35 -9 71 25 10 40 41 38 71 35 70 78 0 24 56 53 Generación 194
arranca 
Jugando Partidos contra vecino 0
Resultado 11
32296
Yo soy: 
50 22 35 -9 71 25 10 40 41 38 71 35 70 78 0 24 56 53 El mejor fue: 0
50 22 35 -9 71 25 50 40 41 38 71 35 70 78 0 24 56 53 Generación 193
arranca 
Jugando Partidos contra vecino 0
Resultado 7
28710.9
Jugando Partidos contra vecino 1
Resultado 4
23768
Jugando Partidos contra vecino 2
Resultado 10
29033.2
Yo soy: 
50 22 35 -9 71 25 50 40 41 38 71 35 70 78 0 24 56 53 El mejor fue: 2
50 22 35 -9 71 25 50 40 41 38 71 35 30 78 0 24 56 53 Generación 192
arranca 
Jugando Partidos contra vecino 0
Resultado 11
42166.7
Yo soy: 
50 22 35 -9 71 25 50 40 41 38 71 35 30 78 0 24 56 53 El mejor fue: 0
50 22 35 -9 71 25 50 40 41 38 71 35 30 78 0 64 56 53 Generación 191
arranca 
Jugando Partidos contra vecino 0
Resultado 13
33137.7
Yo soy: 
50 22 35 -9 71 25 50 40 41 38 71 35 30 78 0 64 56 53 El mejor fue: 0
50 22 35 -9 71 25 50 80 41 38 71 35 30 78 0 64 56 53 Generación 190
arranca 
Jugando Partidos contra vecino 0
Resultado 6
28985.7
Jugando Partidos contra vecino 1
Resultado 13
33323.6
Yo soy: 
50 22 35 -9 71 25 50 80 41 38 71 35 30 78 0 64 56 53 El mejor fue: 1
50 22 35 -9 71 -15 50 80 41 38 71 35 30 78 0 64 56 53 Generación 189
arranca 
Jugando Partidos contra vecino 0
Resultado 7
31955.4
Jugando Partidos contra vecino 1
Resultado 13
42865.6
Yo soy: 
50 22 35 -9 71 -15 50 80 41 38 71 35 30 78 0 64 56 53 El mejor fue: 1
10 22 35 -9 71 -15 50 80 41 38 71 35 30 78 0 64 56 53 Generación 188
arranca 
Jugando Partidos contra vecino 0
Resultado 9
39456.1
Jugando Partidos contra vecino 1
Resultado 2
23094.5
Jugando Partidos contra vecino 2
Resultado 15
52816
Yo soy: 
10 22 35 -9 71 -15 50 80 41 38 71 35 30 78 0 64 56 53 El mejor fue: 2
10 22 35 -9 71 -15 50 80 41 38 21 35 30 78 0 64 56 53 Generación 187
arranca 
Jugando Partidos contra vecino 0
Resultado 13
35580.9
Yo soy: 
10 22 35 -9 71 -15 50 80 41 38 21 35 30 78 0 64 56 53 El mejor fue: 0
10 22 35 -9 71 -15 10 80 41 38 21 35 30 78 0 64 56 53 Generación 186
arranca 
Jugando Partidos contra vecino 0
Resultado 13
48703.9
Yo soy: 
10 22 35 -9 71 -15 10 80 41 38 21 35 30 78 0 64 56 53 El mejor fue: 0
10 22 35 -9 71 -15 10 80 41 -2 21 35 30 78 0 64 56 53 Generación 185
arranca 
Jugando Partidos contra vecino 0
Resultado 15
47993.7
Yo soy: 
10 22 35 -9 71 -15 10 80 41 -2 21 35 30 78 0 64 56 53 El mejor fue: 0
10 22 35 -9 71 -15 10 30 41 -2 21 35 30 78 0 64 56 53 Generación 184
arranca 
Jugando Partidos contra vecino 0
Resultado 11
37855.3
Yo soy: 
10 22 35 -9 71 -15 10 30 41 -2 21 35 30 78 0 64 56 53 El mejor fue: 0
10 22 35 -9 71 25 10 30 41 -2 21 35 30 78 0 64 56 53 Generación 183
arranca 
Jugando Partidos contra vecino 0
Resultado 5
29522.2
Jugando Partidos contra vecino 1
Resultado 15
46127.4
Yo soy: 
10 22 35 -9 71 25 10 30 41 -2 21 35 30 78 0 64 56 53 El mejor fue: 1
10 22 35 -9 71 65 10 30 41 -2 21 35 30 78 0 64 56 53 Generación 182
arranca 
Jugando Partidos contra vecino 0
Resultado 11
43243.7
Yo soy: 
10 22 35 -9 71 65 10 30 41 -2 21 35 30 78 0 64 56 53 El mejor fue: 0
10 22 35 -9 71 65 10 30 81 -2 21 35 30 78 0 64 56 53 Generación 181
arranca 
Jugando Partidos contra vecino 0
Resultado 11
54454.4
Yo soy: 
10 22 35 -9 71 65 10 30 81 -2 21 35 30 78 0 64 56 53 El mejor fue: 0
10 22 35 -9 71 65 10 30 81 -2 61 35 30 78 0 64 56 53 Generación 180
arranca 
Jugando Partidos contra vecino 0
Resultado 7
49310.6
Jugando Partidos contra vecino 1
Resultado 9
59369.6
Jugando Partidos contra vecino 2
Resultado 15
47269.6
Yo soy: 
10 22 35 -9 71 65 10 30 81 -2 61 35 30 78 0 64 56 53 El mejor fue: 2
10 22 35 -9 71 65 10 30 81 -2 61 35 30 78 0 64 56 93 Generación 179
arranca 
Jugando Partidos contra vecino 0
Resultado 7
65679.8
Jugando Partidos contra vecino 1
Resultado 9
55701.1
Jugando Partidos contra vecino 2
Resultado 12
41013.9
Yo soy: 
10 22 35 -9 71 65 10 30 81 -2 61 35 30 78 0 64 56 93 El mejor fue: 2
10 22 -5 -9 71 65 10 30 81 -2 61 35 30 78 0 64 56 93 Generación 178
arranca 
Jugando Partidos contra vecino 0
Resultado 9
27730.9
Jugando Partidos contra vecino 1
Resultado 15
47698.1
Yo soy: 
10 22 -5 -9 71 65 10 30 81 -2 61 35 30 78 0 64 56 93 El mejor fue: 1
10 22 -5 -9 71 25 10 30 81 -2 61 35 30 78 0 64 56 93 Generación 177
arranca 
Jugando Partidos contra vecino 0
Resultado 15
46370.6
Yo soy: 
10 22 -5 -9 71 25 10 30 81 -2 61 35 30 78 0 64 56 93 El mejor fue: 0
10 22 -5 -9 71 25 10 30 81 38 61 35 30 78 0 64 56 93 Generación 176
arranca 
Jugando Partidos contra vecino 0
Resultado 7
50880.6
Jugando Partidos contra vecino 1
Resultado 13
43916.9
Yo soy: 
10 22 -5 -9 71 25 10 30 81 38 61 35 30 78 0 64 56 93 El mejor fue: 1
10 22 -5 -9 71 25 10 30 81 38 61 35 30 78 0 64 56 53 Generación 175
arranca 
Jugando Partidos contra vecino 0
Resultado 13
40917.9
Yo soy: 
10 22 -5 -9 71 25 10 30 81 38 61 35 30 78 0 64 56 53 El mejor fue: 0
10 22 -5 -49 71 25 10 30 81 38 61 35 30 78 0 64 56 53 Generación 174
arranca 
Jugando Partidos contra vecino 0
Resultado 15
43515.6
Yo soy: 
10 22 -5 -49 71 25 10 30 81 38 61 35 30 78 0 64 56 53 El mejor fue: 0
10 22 -5 -49 71 25 10 30 81 38 61 35 30 78 0 64 56 93 Generación 173
arranca 
Jugando Partidos contra vecino 0
Resultado 13
38821.8
Yo soy: 
10 22 -5 -49 71 25 10 30 81 38 61 35 30 78 0 64 56 93 El mejor fue: 0
10 22 -5 -49 71 25 10 30 81 38 61 35 30 78 0 64 56 53 Generación 172
arranca 
Jugando Partidos contra vecino 0
Resultado 13
40729.5
Yo soy: 
10 22 -5 -49 71 25 10 30 81 38 61 35 30 78 0 64 56 53 El mejor fue: 0
10 62 -5 -49 71 25 10 30 81 38 61 35 30 78 0 64 56 53 Generación 171
arranca 
Jugando Partidos contra vecino 0
Resultado 15
42202.3
Yo soy: 
10 62 -5 -49 71 25 10 30 81 38 61 35 30 78 0 64 56 53 El mejor fue: 0
10 62 35 -49 71 25 10 30 81 38 61 35 30 78 0 64 56 53 Generación 170
arranca 
Jugando Partidos contra vecino 0
Resultado 2
15965.7
Jugando Partidos contra vecino 1
Resultado 13
48505.1
Yo soy: 
10 62 35 -49 71 25 10 30 81 38 61 35 30 78 0 64 56 53 El mejor fue: 1
10 62 35 -89 71 25 10 30 81 38 61 35 30 78 0 64 56 53 Generación 169
arranca 
Jugando Partidos contra vecino 0
Resultado 13
47053.9
Yo soy: 
10 62 35 -89 71 25 10 30 81 38 61 35 30 78 0 64 56 53 El mejor fue: 0
10 22 35 -89 71 25 10 30 81 38 61 35 30 78 0 64 56 53 Generación 168
arranca 
Jugando Partidos contra vecino 0
Resultado 11
52359
Yo soy: 
10 22 35 -89 71 25 10 30 81 38 61 35 30 78 0 64 56 53 El mejor fue: 0
10 22 35 -89 71 25 10 70 81 38 61 35 30 78 0 64 56 53 Generación 167
arranca 
Jugando Partidos contra vecino 0
Resultado 11
48199.3
Yo soy: 
10 22 35 -89 71 25 10 70 81 38 61 35 30 78 0 64 56 53 El mejor fue: 0
10 22 35 -89 71 25 10 70 81 38 61 35 30 78 -40 64 56 53 Generación 166
arranca 
Jugando Partidos contra vecino 0
Resultado 11
54505.9
Yo soy: 
10 22 35 -89 71 25 10 70 81 38 61 35 30 78 -40 64 56 53 El mejor fue: 0
10 22 35 -89 71 25 10 70 81 38 61 35 30 78 -40 64 16 53 Generación 165
arranca 
Jugando Partidos contra vecino 0
Resultado 13
37163.1
Yo soy: 
10 22 35 -89 71 25 10 70 81 38 61 35 30 78 -40 64 16 53 El mejor fue: 0
10 22 35 -89 71 25 10 70 81 38 61 75 30 78 -40 64 16 53 Generación 164
arranca 
Jugando Partidos contra vecino 0
Resultado 13
46368
Yo soy: 
10 22 35 -89 71 25 10 70 81 38 61 75 30 78 -40 64 16 53 El mejor fue: 0
10 -18 35 -89 71 25 10 70 81 38 61 75 30 78 -40 64 16 53 Generación 163
arranca 
Jugando Partidos contra vecino 0
Resultado 0
18086.5
Jugando Partidos contra vecino 1
Resultado 15
41837.7
Yo soy: 
10 -18 35 -89 71 25 10 70 81 38 61 75 30 78 -40 64 16 53 El mejor fue: 1
10 -18 35 -39 71 25 10 70 81 38 61 75 30 78 -40 64 16 53 Generación 162
arranca 
Jugando Partidos contra vecino 0
Resultado 1
25347.4
Jugando Partidos contra vecino 1
Resultado 13
48189.5
Yo soy: 
10 -18 35 -39 71 25 10 70 81 38 61 75 30 78 -40 64 16 53 El mejor fue: 1
10 -18 75 -39 71 25 10 70 81 38 61 75 30 78 -40 64 16 53 Generación 161
arranca 
Jugando Partidos contra vecino 0
Resultado 11
40520.7
Yo soy: 
10 -18 75 -39 71 25 10 70 81 38 61 75 30 78 -40 64 16 53 El mejor fue: 0
10 -18 75 -39 71 25 10 70 81 38 61 35 30 78 -40 64 16 53 Generación 160
arranca 
Jugando Partidos contra vecino 0
Resultado 6
48888.7
Jugando Partidos contra vecino 1
Resultado 7
58217.2
Jugando Partidos contra vecino 2
Resultado 9
58418.9
Jugando Partidos contra vecino 3
Resultado 11
40254
Yo soy: 
10 -18 75 -39 71 25 10 70 81 38 61 35 30 78 -40 64 16 53 El mejor fue: 3
10 -18 25 -39 71 25 10 70 81 38 61 35 30 78 -40 64 16 53 Generación 159
arranca 
Jugando Partidos contra vecino 0
Resultado 11
46415.8
Yo soy: 
10 -18 25 -39 71 25 10 70 81 38 61 35 30 78 -40 64 16 53 El mejor fue: 0
10 -18 25 -39 71 25 10 70 81 38 11 35 30 78 -40 64 16 53 Generación 158
arranca 
Jugando Partidos contra vecino 0
Resultado 11
47139.1
Yo soy: 
10 -18 25 -39 71 25 10 70 81 38 11 35 30 78 -40 64 16 53 El mejor fue: 0
10 -18 25 -39 71 25 10 70 81 38 11 35 30 78 -40 64 16 13 Generación 157
arranca 
Jugando Partidos contra vecino 0
Resultado 9
53217.5
Jugando Partidos contra vecino 1
Resultado 13
52017.5
Yo soy: 
10 -18 25 -39 71 25 10 70 81 38 11 35 30 78 -40 64 16 13 El mejor fue: 1
10 -18 25 -39 71 25 10 70 81 38 11 35 70 78 -40 64 16 13 Generación 156
arranca 
Jugando Partidos contra vecino 0
Resultado 11
58191.4
Yo soy: 
10 -18 25 -39 71 25 10 70 81 38 11 35 70 78 -40 64 16 13 El mejor fue: 0
10 -18 25 -39 71 65 10 70 81 38 11 35 70 78 -40 64 16 13 Generación 155
arranca 
Jugando Partidos contra vecino 0
Resultado 13
47856.8
Yo soy: 
10 -18 25 -39 71 65 10 70 81 38 11 35 70 78 -40 64 16 13 El mejor fue: 0
50 -18 25 -39 71 65 10 70 81 38 11 35 70 78 -40 64 16 13 Generación 154
arranca 
Jugando Partidos contra vecino 0
Resultado 8
42607.1
Jugando Partidos contra vecino 1
Resultado 9
44598.8
Jugando Partidos contra vecino 2
Resultado 13
37687.5
Yo soy: 
50 -18 25 -39 71 65 10 70 81 38 11 35 70 78 -40 64 16 13 El mejor fue: 2
50 -18 25 -39 71 65 10 70 31 38 11 35 70 78 -40 64 16 13 Generación 153
arranca 
Jugando Partidos contra vecino 0
Resultado 7
22454.6
Jugando Partidos contra vecino 1
Resultado 15
42558
Yo soy: 
50 -18 25 -39 71 65 10 70 31 38 11 35 70 78 -40 64 16 13 El mejor fue: 1
50 -18 25 -39 71 65 10 70 31 -2 11 35 70 78 -40 64 16 13 Generación 152
arranca 
Jugando Partidos contra vecino 0
Resultado 15
39764.5
Yo soy: 
50 -18 25 -39 71 65 10 70 31 -2 11 35 70 78 -40 64 16 13 El mejor fue: 0
50 -18 25 -39 71 65 10 70 31 -2 11 35 70 38 -40 64 16 13 Generación 151
arranca 
Jugando Partidos contra vecino 0
Resultado 5
34782.4
Jugando Partidos contra vecino 1
Resultado 15
47777.8
Yo soy: 
50 -18 25 -39 71 65 10 70 31 -2 11 35 70 38 -40 64 16 13 El mejor fue: 1
50 -18 25 -39 71 65 10 70 31 -2 11 35 70 78 -40 64 16 13 Generación 150
arranca 
Jugando Partidos contra vecino 0
Resultado 13
54172.3
Yo soy: 
50 -18 25 -39 71 65 10 70 31 -2 11 35 70 78 -40 64 16 13 El mejor fue: 0
50 -18 25 1 71 65 10 70 31 -2 11 35 70 78 -40 64 16 13 Generación 149
arranca 
Jugando Partidos contra vecino 0
Resultado 2
36553.5
Jugando Partidos contra vecino 1
Resultado 13
45780.4
Yo soy: 
50 -18 25 1 71 65 10 70 31 -2 11 35 70 78 -40 64 16 13 El mejor fue: 1
90 -18 25 1 71 65 10 70 31 -2 11 35 70 78 -40 64 16 13 Generación 148
arranca 
Jugando Partidos contra vecino 0
Resultado 15
58234.1
Yo soy: 
90 -18 25 1 71 65 10 70 31 -2 11 35 70 78 -40 64 16 13 El mejor fue: 0
40 -18 25 1 71 65 10 70 31 -2 11 35 70 78 -40 64 16 13 Generación 147
arranca 
Jugando Partidos contra vecino 0
Resultado 11
50879.6
Yo soy: 
40 -18 25 1 71 65 10 70 31 -2 11 35 70 78 -40 64 16 13 El mejor fue: 0
40 -18 25 1 71 65 10 20 31 -2 11 35 70 78 -40 64 16 13 Generación 146
arranca 
Jugando Partidos contra vecino 0
Resultado 11
43013.2
Yo soy: 
40 -18 25 1 71 65 10 20 31 -2 11 35 70 78 -40 64 16 13 El mejor fue: 0
40 -18 25 1 71 65 50 20 31 -2 11 35 70 78 -40 64 16 13 Generación 145
arranca 
Jugando Partidos contra vecino 0
Resultado 15
55428.2
Yo soy: 
40 -18 25 1 71 65 50 20 31 -2 11 35 70 78 -40 64 16 13 El mejor fue: 0
40 -18 25 1 71 65 50 20 31 -2 11 35 20 78 -40 64 16 13 Generación 144
arranca 
Jugando Partidos contra vecino 0
Resultado 9
42332.3
Jugando Partidos contra vecino 1
Resultado 11
37066
Yo soy: 
40 -18 25 1 71 65 50 20 31 -2 11 35 20 78 -40 64 16 13 El mejor fue: 1
40 -18 25 1 71 65 50 20 31 -2 11 35 20 78 -40 64 -24 13 Generación 143
arranca 
Jugando Partidos contra vecino 0
Resultado 11
43821.9
Yo soy: 
40 -18 25 1 71 65 50 20 31 -2 11 35 20 78 -40 64 -24 13 El mejor fue: 0
40 -18 25 1 31 65 50 20 31 -2 11 35 20 78 -40 64 -24 13 Generación 142
arranca 
Jugando Partidos contra vecino 0
Resultado 11
48788.8
Yo soy: 
40 -18 25 1 31 65 50 20 31 -2 11 35 20 78 -40 64 -24 13 El mejor fue: 0
40 -18 25 1 31 65 50 20 31 -2 11 35 20 78 -80 64 -24 13 Generación 141
arranca 
Jugando Partidos contra vecino 0
Resultado 15
40029.5
Yo soy: 
40 -18 25 1 31 65 50 20 31 -2 11 35 20 78 -80 64 -24 13 El mejor fue: 0
40 -18 25 1 31 65 50 20 31 -2 11 35 20 38 -80 64 -24 13 Generación 140
arranca 
Jugando Partidos contra vecino 0
Resultado 13
46576.6
Yo soy: 
40 -18 25 1 31 65 50 20 31 -2 11 35 20 38 -80 64 -24 13 El mejor fue: 0
40 -18 25 1 31 15 50 20 31 -2 11 35 20 38 -80 64 -24 13 Generación 139
arranca 
Jugando Partidos contra vecino 0
Resultado 13
48986.3
Yo soy: 
40 -18 25 1 31 15 50 20 31 -2 11 35 20 38 -80 64 -24 13 El mejor fue: 0
40 -18 25 1 31 15 50 20 31 -2 11 75 20 38 -80 64 -24 13 Generación 138
arranca 
Jugando Partidos contra vecino 0
Resultado 13
41937.1
Yo soy: 
40 -18 25 1 31 15 50 20 31 -2 11 75 20 38 -80 64 -24 13 El mejor fue: 0
40 -18 25 1 31 15 50 20 31 38 11 75 20 38 -80 64 -24 13 Generación 137
arranca 
Jugando Partidos contra vecino 0
Resultado 11
48170.9
Yo soy: 
40 -18 25 1 31 15 50 20 31 38 11 75 20 38 -80 64 -24 13 El mejor fue: 0
40 -18 25 1 31 15 50 20 31 38 11 75 60 38 -80 64 -24 13 Generación 136
arranca 
Jugando Partidos contra vecino 0
Resultado 13
38579.7
Yo soy: 
40 -18 25 1 31 15 50 20 31 38 11 75 60 38 -80 64 -24 13 El mejor fue: 0
40 -18 25 1 31 15 50 20 31 38 11 75 60 78 -80 64 -24 13 Generación 135
arranca 
Jugando Partidos contra vecino 0
Resultado 13
46911.3
Yo soy: 
40 -18 25 1 31 15 50 20 31 38 11 75 60 78 -80 64 -24 13 El mejor fue: 0
40 -18 25 1 31 15 50 20 31 38 11 75 60 78 -40 64 -24 13 Generación 134
arranca 
Jugando Partidos contra vecino 0
Resultado 11
50891.3
Yo soy: 
40 -18 25 1 31 15 50 20 31 38 11 75 60 78 -40 64 -24 13 El mejor fue: 0
40 -18 65 1 31 15 50 20 31 38 11 75 60 78 -40 64 -24 13 Generación 133
arranca 
Jugando Partidos contra vecino 0
Resultado 9
31979
Jugando Partidos contra vecino 1
Resultado 11
45890.8
Yo soy: 
40 -18 65 1 31 15 50 20 31 38 11 75 60 78 -40 64 -24 13 El mejor fue: 1
40 -18 65 1 31 15 50 20 31 38 11 75 60 78 -40 64 -24 53 Generación 132
arranca 
Jugando Partidos contra vecino 0
Resultado 15
57203.2
Yo soy: 
40 -18 65 1 31 15 50 20 31 38 11 75 60 78 -40 64 -24 53 El mejor fue: 0
40 -18 65 1 31 15 90 20 31 38 11 75 60 78 -40 64 -24 53 Generación 131
arranca 
Jugando Partidos contra vecino 0
Resultado 12
54489.1
Yo soy: 
40 -18 65 1 31 15 90 20 31 38 11 75 60 78 -40 64 -24 53 El mejor fue: 0
40 -18 65 1 31 15 90 20 31 38 11 75 10 78 -40 64 -24 53 Generación 130
arranca 
Jugando Partidos contra vecino 0
Resultado 13
50061.2
Yo soy: 
40 -18 65 1 31 15 90 20 31 38 11 75 10 78 -40 64 -24 53 El mejor fue: 0
40 -18 65 1 31 15 90 20 31 -2 11 75 10 78 -40 64 -24 53 Generación 129
arranca 
Jugando Partidos contra vecino 0
Resultado 1
25704
Jugando Partidos contra vecino 1
Resultado 11
49717.8
Yo soy: 
40 -18 65 1 31 15 90 20 31 -2 11 75 10 78 -40 64 -24 53 El mejor fue: 1
40 -18 65 1 31 15 90 20 31 -2 11 75 50 78 -40 64 -24 53 Generación 128
arranca 
Jugando Partidos contra vecino 0
Resultado 9
41854.9
Jugando Partidos contra vecino 1
Resultado 9
42198.4
Jugando Partidos contra vecino 2
Resultado 9
57648.2
Jugando Partidos contra vecino 3
Resultado 11
39568.8
Yo soy: 
40 -18 65 1 31 15 90 20 31 -2 11 75 50 78 -40 64 -24 53 El mejor fue: 3
40 -18 65 1 31 15 90 20 31 -2 11 75 50 78 -40 64 -24 93 Generación 127
arranca 
Jugando Partidos contra vecino 0
Resultado 15
54745.2
Yo soy: 
40 -18 65 1 31 15 90 20 31 -2 11 75 50 78 -40 64 -24 93 El mejor fue: 0
0 -18 65 1 31 15 90 20 31 -2 11 75 50 78 -40 64 -24 93 Generación 126
arranca 
Jugando Partidos contra vecino 0
Resultado 9
42925.1
Jugando Partidos contra vecino 1
Resultado 11
44264.2
Yo soy: 
0 -18 65 1 31 15 90 20 31 -2 11 75 50 78 -40 64 -24 93 El mejor fue: 1
0 -18 65 41 31 15 90 20 31 -2 11 75 50 78 -40 64 -24 93 Generación 125
arranca 
Jugando Partidos contra vecino 0
Resultado 1
22521.5
Jugando Partidos contra vecino 1
Resultado 9
47234.8
Jugando Partidos contra vecino 2
Resultado 11
53969.4
Yo soy: 
0 -18 65 41 31 15 90 20 31 -2 11 75 50 78 -40 64 -24 93 El mejor fue: 2
0 -18 65 41 31 15 90 20 31 -42 11 75 50 78 -40 64 -24 93 Generación 124
arranca 
Jugando Partidos contra vecino 0
Resultado 13
28604.1
Yo soy: 
0 -18 65 41 31 15 90 20 31 -42 11 75 50 78 -40 64 -24 93 El mejor fue: 0
0 -18 65 41 31 15 90 20 31 -42 11 35 50 78 -40 64 -24 93 Generación 123
arranca 
Jugando Partidos contra vecino 0
Resultado 9
26172.6
Jugando Partidos contra vecino 1
Resultado 11
29547.1
Yo soy: 
0 -18 65 41 31 15 90 20 31 -42 11 35 50 78 -40 64 -24 93 El mejor fue: 1
0 -18 65 41 31 15 90 20 31 -42 11 35 50 78 -40 64 -24 43 Generación 122
arranca 
Jugando Partidos contra vecino 0
Resultado 11
27723.8
Yo soy: 
0 -18 65 41 31 15 90 20 31 -42 11 35 50 78 -40 64 -24 43 El mejor fue: 0
0 -18 65 41 31 15 90 20 31 -2 11 35 50 78 -40 64 -24 43 Generación 121
arranca 
Jugando Partidos contra vecino 0
Resultado 15
29517.9
Yo soy: 
0 -18 65 41 31 15 90 20 31 -2 11 35 50 78 -40 64 -24 43 El mejor fue: 0
0 -18 65 41 31 15 90 20 31 -2 11 35 90 78 -40 64 -24 43 Generación 120
arranca 
Jugando Partidos contra vecino 0
Resultado 11
34884.2
Yo soy: 
0 -18 65 41 31 15 90 20 31 -2 11 35 90 78 -40 64 -24 43 El mejor fue: 0
0 -18 65 41 31 15 90 20 31 -2 11 -5 90 78 -40 64 -24 43 Generación 119
arranca 
Jugando Partidos contra vecino 0
Resultado 9
23272.1
Jugando Partidos contra vecino 1
Resultado 11
34516.9
Yo soy: 
0 -18 65 41 31 15 90 20 31 -2 11 -5 90 78 -40 64 -24 43 El mejor fue: 1
0 -58 65 41 31 15 90 20 31 -2 11 -5 90 78 -40 64 -24 43 Generación 118
arranca 
Jugando Partidos contra vecino 0
Resultado 9
30755.4
Jugando Partidos contra vecino 1
Resultado 11
34985.6
Yo soy: 
0 -58 65 41 31 15 90 20 31 -2 11 -5 90 78 -40 64 -24 43 El mejor fue: 1
0 -58 65 41 31 15 90 20 31 -2 11 -5 90 78 -80 64 -24 43 Generación 117
arranca 
Jugando Partidos contra vecino 0
Resultado 5
42265.5
Jugando Partidos contra vecino 1
Resultado 13
42620.6
Yo soy: 
0 -58 65 41 31 15 90 20 31 -2 11 -5 90 78 -80 64 -24 43 El mejor fue: 1
0 -58 65 41 31 15 90 20 31 -2 11 -5 90 78 -80 64 -64 43 Generación 116
arranca 
Jugando Partidos contra vecino 0
Resultado 11
43305.9
Yo soy: 
0 -58 65 41 31 15 90 20 31 -2 11 -5 90 78 -80 64 -64 43 El mejor fue: 0
0 -58 65 41 31 15 90 20 31 -2 11 -5 90 78 -80 64 -24 43 Generación 115
arranca 
Jugando Partidos contra vecino 0
Resultado 13
62151.8
Yo soy: 
0 -58 65 41 31 15 90 20 31 -2 11 -5 90 78 -80 64 -24 43 El mejor fue: 0
0 -58 65 41 31 15 90 20 31 -2 51 -5 90 78 -80 64 -24 43 Generación 114
arranca 
Jugando Partidos contra vecino 0
Resultado 9
60526.6
Jugando Partidos contra vecino 1
Resultado 11
60659.3
Yo soy: 
0 -58 65 41 31 15 90 20 31 -2 51 -5 90 78 -80 64 -24 43 El mejor fue: 1
0 -58 65 41 31 15 90 -20 31 -2 51 -5 90 78 -80 64 -24 43 Generación 113
arranca 
Jugando Partidos contra vecino 0
Resultado 13
68275.4
Yo soy: 
0 -58 65 41 31 15 90 -20 31 -2 51 -5 90 78 -80 64 -24 43 El mejor fue: 0
0 -58 65 41 31 15 90 -20 31 -2 51 -5 90 78 -30 64 -24 43 Generación 112
arranca 
Jugando Partidos contra vecino 0
Resultado 11
54662
Yo soy: 
0 -58 65 41 31 15 90 -20 31 -2 51 -5 90 78 -30 64 -24 43 El mejor fue: 0
0 -98 65 41 31 15 90 -20 31 -2 51 -5 90 78 -30 64 -24 43 Generación 111
arranca 
Jugando Partidos contra vecino 0
Resultado 15
61783.6
Yo soy: 
0 -98 65 41 31 15 90 -20 31 -2 51 -5 90 78 -30 64 -24 43 El mejor fue: 0
0 -98 65 1 31 15 90 -20 31 -2 51 -5 90 78 -30 64 -24 43 Generación 110
arranca 
Jugando Partidos contra vecino 0
Resultado 11
57813.4
Yo soy: 
0 -98 65 1 31 15 90 -20 31 -2 51 -5 90 78 -30 64 -24 43 El mejor fue: 0
0 -98 65 1 31 15 90 -20 31 -2 51 -5 90 78 -30 64 -24 3 Generación 109
arranca 
Jugando Partidos contra vecino 0
Resultado 11
35617.3
Yo soy: 
0 -98 65 1 31 15 90 -20 31 -2 51 -5 90 78 -30 64 -24 3 El mejor fue: 0
0 -48 65 1 31 15 90 -20 31 -2 51 -5 90 78 -30 64 -24 3 Generación 108
arranca 
Jugando Partidos contra vecino 0
Resultado 11
34515.2
Yo soy: 
0 -48 65 1 31 15 90 -20 31 -2 51 -5 90 78 -30 64 -24 3 El mejor fue: 0
0 -48 65 1 31 15 90 -20 31 -2 51 -5 90 78 -30 64 -64 3 Generación 107
arranca 
Jugando Partidos contra vecino 0
Resultado 7
30503.3
Jugando Partidos contra vecino 1
Resultado 9
22048.2
Jugando Partidos contra vecino 2
Resultado 13
28001.2
Yo soy: 
0 -48 65 1 31 15 90 -20 31 -2 51 -5 90 78 -30 64 -64 3 El mejor fue: 2
0 -48 65 1 -9 15 90 -20 31 -2 51 -5 90 78 -30 64 -64 3 Generación 106
arranca 
Jugando Partidos contra vecino 0
Resultado 11
31511.8
Yo soy: 
0 -48 65 1 -9 15 90 -20 31 -2 51 -5 90 78 -30 64 -64 3 El mejor fue: 0
0 -48 65 1 -9 15 90 -20 71 -2 51 -5 90 78 -30 64 -64 3 Generación 105
arranca 
Jugando Partidos contra vecino 0
Resultado 11
44011.2
Yo soy: 
0 -48 65 1 -9 15 90 -20 71 -2 51 -5 90 78 -30 64 -64 3 El mejor fue: 0
0 -48 65 1 -9 15 90 -20 71 -2 51 -5 90 78 -70 64 -64 3 Generación 104
arranca 
Jugando Partidos contra vecino 0
Resultado 7
45319.5
Jugando Partidos contra vecino 1
Resultado 7
44643.4
Jugando Partidos contra vecino 2
Resultado 5
18075.4
Jugando Partidos contra vecino 3
Resultado 5
51760.6
Jugando Partidos contra vecino 4
Resultado 9
38480.3
Jugando Partidos contra vecino 5
Resultado 5
57305.9
Jugando Partidos contra vecino 6
Resultado 5
17703.1
Jugando Partidos contra vecino 7
Resultado 9
38251.7
Jugando Partidos contra vecino 8
Resultado 7
58097
Jugando Partidos contra vecino 9
Resultado 5
51524
Jugando Partidos contra vecino 10
Resultado 5
45868.9
Jugando Partidos contra vecino 11
Resultado 10
31386.7
Yo soy: 
0 -48 65 1 -9 15 90 -20 71 -2 51 -5 90 78 -70 64 -64 3 El mejor fue: 11
40 -48 65 1 -9 15 90 -20 71 -2 51 -5 90 78 -70 64 -64 3 Generación 103
arranca 
Jugando Partidos contra vecino 0
Resultado 7
49730.9
Jugando Partidos contra vecino 1
Resultado 7
34264.8
Jugando Partidos contra vecino 2
Resultado 7
41804.6
Jugando Partidos contra vecino 3
Resultado 10
28960.7
Yo soy: 
40 -48 65 1 -9 15 90 -20 71 -2 51 -5 90 78 -70 64 -64 3 El mejor fue: 3
40 -48 65 1 -9 55 90 -20 71 -2 51 -5 90 78 -70 64 -64 3 Generación 102
arranca 
Jugando Partidos contra vecino 0
Resultado 9
43042.8
Jugando Partidos contra vecino 1
Resultado 4
49743.5
Jugando Partidos contra vecino 2
Resultado 9
33143.9
Jugando Partidos contra vecino 3
Resultado 11
38934.1
Yo soy: 
40 -48 65 1 -9 55 90 -20 71 -2 51 -5 90 78 -70 64 -64 3 El mejor fue: 3
40 -48 65 1 -9 55 90 -20 71 -42 51 -5 90 78 -70 64 -64 3 Generación 101
arranca 
Jugando Partidos contra vecino 0
Resultado 6
30821.1
Jugando Partidos contra vecino 1
Resultado 7
33117.4
Jugando Partidos contra vecino 2
Resultado 9
46002.9
Jugando Partidos contra vecino 3
Resultado 11
52748
Yo soy: 
40 -48 65 1 -9 55 90 -20 71 -42 51 -5 90 78 -70 64 -64 3 El mejor fue: 3
40 -48 65 41 -9 55 90 -20 71 -42 51 -5 90 78 -70 64 -64 3 Generación 100
arranca 
Jugando Partidos contra vecino 0
Resultado 11
32135.6
Yo soy: 
40 -48 65 41 -9 55 90 -20 71 -42 51 -5 90 78 -70 64 -64 3 El mejor fue: 0
40 -48 25 41 -9 55 90 -20 71 -42 51 -5 90 78 -70 64 -64 3 Generación 99
arranca 
Jugando Partidos contra vecino 0
Resultado 7
39608.4
Jugando Partidos contra vecino 1
Resultado 7
36667.9
Jugando Partidos contra vecino 2
Resultado 10
48574.5
Yo soy: 
40 -48 25 41 -9 55 90 -20 71 -42 51 -5 90 78 -70 64 -64 3 El mejor fue: 2
40 -48 25 41 -9 95 90 -20 71 -42 51 -5 90 78 -70 64 -64 3 Generación 98
arranca 
Jugando Partidos contra vecino 0
Resultado 13
40212.9
Yo soy: 
40 -48 25 41 -9 95 90 -20 71 -42 51 -5 90 78 -70 64 -64 3 El mejor fue: 0
40 -48 25 41 -49 95 90 -20 71 -42 51 -5 90 78 -70 64 -64 3 Generación 97
arranca 
Jugando Partidos contra vecino 0
Resultado 6
31674.8
Jugando Partidos contra vecino 1
Resultado 13
48592.1
Yo soy: 
40 -48 25 41 -49 95 90 -20 71 -42 51 -5 90 78 -70 64 -64 3 El mejor fue: 1
40 -48 25 41 -49 95 90 -20 71 -42 51 -5 90 78 -70 64 -14 3 Generación 96
arranca 
Jugando Partidos contra vecino 0
Resultado 9
43383.9
Jugando Partidos contra vecino 1
Resultado 11
36457.4
Yo soy: 
40 -48 25 41 -49 95 90 -20 71 -42 51 -5 90 78 -70 64 -14 3 El mejor fue: 1
40 -48 25 41 -49 95 90 -20 71 -42 51 -5 90 78 -70 64 -14 43 Generación 95
arranca 
Jugando Partidos contra vecino 0
Resultado 15
52947.1
Yo soy: 
40 -48 25 41 -49 95 90 -20 71 -42 51 -5 90 78 -70 64 -14 43 El mejor fue: 0
40 -48 25 41 -49 55 90 -20 71 -42 51 -5 90 78 -70 64 -14 43 Generación 94
arranca 
Jugando Partidos contra vecino 0
Resultado 13
49956.6
Yo soy: 
40 -48 25 41 -49 55 90 -20 71 -42 51 -5 90 78 -70 64 -14 43 El mejor fue: 0
40 -48 25 41 -49 95 90 -20 71 -42 51 -5 90 78 -70 64 -14 43 Generación 93
arranca 
Jugando Partidos contra vecino 0
Resultado 11
34613
Yo soy: 
40 -48 25 41 -49 95 90 -20 71 -42 51 -5 90 78 -70 64 -14 43 El mejor fue: 0
40 -48 25 81 -49 95 90 -20 71 -42 51 -5 90 78 -70 64 -14 43 Generación 92
arranca 
Jugando Partidos contra vecino 0
Resultado 5
28734.6
Jugando Partidos contra vecino 1
Resultado 11
38117.5
Yo soy: 
40 -48 25 81 -49 95 90 -20 71 -42 51 -5 90 78 -70 64 -14 43 El mejor fue: 1
40 -48 25 81 -49 95 90 -20 71 -42 51 -5 90 78 -30 64 -14 43 Generación 91
arranca 
Jugando Partidos contra vecino 0
Resultado 9
27880.7
Jugando Partidos contra vecino 1
Resultado 4
33761.1
Jugando Partidos contra vecino 2
Resultado 9
32415.9
Jugando Partidos contra vecino 3
Resultado 6
29421.1
Jugando Partidos contra vecino 4
Resultado 9
38892.4
Jugando Partidos contra vecino 5
Resultado 5
29773.1
Jugando Partidos contra vecino 6
Resultado 6
30947.8
Jugando Partidos contra vecino 7
Resultado 6
26519.6
Jugando Partidos contra vecino 8
Resultado 6
27468.2
Jugando Partidos contra vecino 9
Resultado 8
39522.9
Jugando Partidos contra vecino 10
Resultado 4
28624
Jugando Partidos contra vecino 11
Resultado 7
30218.2
Jugando Partidos contra vecino 12
Resultado 9
32894.4
Jugando Partidos contra vecino 13
Resultado 4
24736.6
Jugando Partidos contra vecino 14
Resultado 6
29309.5
Jugando Partidos contra vecino 15
Resultado 11
38095.4
Yo soy: 
40 -48 25 81 -49 95 90 -20 71 -42 51 -5 90 78 -30 64 -14 43 El mejor fue: 15
40 -48 25 81 -49 95 90 -20 71 -42 91 -5 90 78 -30 64 -14 43 Generación 90
arranca 
Jugando Partidos contra vecino 0
Resultado 15
57346.2
Yo soy: 
40 -48 25 81 -49 95 90 -20 71 -42 91 -5 90 78 -30 64 -14 43 El mejor fue: 0
40 -48 -15 81 -49 95 90 -20 71 -42 91 -5 90 78 -30 64 -14 43 Generación 89
arranca 
Jugando Partidos contra vecino 0
Resultado 9
30115.5
Jugando Partidos contra vecino 1
Resultado 11
33756.9
Yo soy: 
40 -48 -15 81 -49 95 90 -20 71 -42 91 -5 90 78 -30 64 -14 43 El mejor fue: 1
40 -48 -15 81 -49 95 90 -20 71 -42 91 -5 40 78 -30 64 -14 43 Generación 88
arranca 
Jugando Partidos contra vecino 0
Resultado 5
47874.3
Jugando Partidos contra vecino 1
Resultado 11
27019.1
Yo soy: 
40 -48 -15 81 -49 95 90 -20 71 -42 91 -5 40 78 -30 64 -14 43 El mejor fue: 1
40 -48 -15 81 -49 55 90 -20 71 -42 91 -5 40 78 -30 64 -14 43 Generación 87
arranca 
Jugando Partidos contra vecino 0
Resultado 11
33077
Yo soy: 
40 -48 -15 81 -49 55 90 -20 71 -42 91 -5 40 78 -30 64 -14 43 El mejor fue: 0
40 -48 -15 81 -49 55 90 -20 71 -42 91 -5 40 78 -30 64 -54 43 Generación 86
arranca 
Jugando Partidos contra vecino 0
Resultado 13
33969.8
Yo soy: 
40 -48 -15 81 -49 55 90 -20 71 -42 91 -5 40 78 -30 64 -54 43 El mejor fue: 0
40 -48 -15 81 -49 55 90 -20 71 -42 91 -5 80 78 -30 64 -54 43 Generación 85
arranca 
Jugando Partidos contra vecino 0
Resultado 7
32776.6
Jugando Partidos contra vecino 1
Resultado 5
33262.7
Jugando Partidos contra vecino 2
Resultado 13
39447.8
Yo soy: 
40 -48 -15 81 -49 55 90 -20 71 -42 91 -5 80 78 -30 64 -54 43 El mejor fue: 2
40 -48 -15 81 -49 55 50 -20 71 -42 91 -5 80 78 -30 64 -54 43 Generación 84
arranca 
Jugando Partidos contra vecino 0
Resultado 11
27315.7
Yo soy: 
40 -48 -15 81 -49 55 50 -20 71 -42 91 -5 80 78 -30 64 -54 43 El mejor fue: 0
40 -48 -15 81 -49 55 50 -20 71 -42 41 -5 80 78 -30 64 -54 43 Generación 83
arranca 
Jugando Partidos contra vecino 0
Resultado 15
40156.8
Yo soy: 
40 -48 -15 81 -49 55 50 -20 71 -42 41 -5 80 78 -30 64 -54 43 El mejor fue: 0
40 -48 -15 81 -89 55 50 -20 71 -42 41 -5 80 78 -30 64 -54 43 Generación 82
arranca 
Jugando Partidos contra vecino 0
Resultado 15
32053.8
Yo soy: 
40 -48 -15 81 -89 55 50 -20 71 -42 41 -5 80 78 -30 64 -54 43 El mejor fue: 0
40 -48 -15 81 -89 55 50 -20 21 -42 41 -5 80 78 -30 64 -54 43 Generación 81
arranca 
Jugando Partidos contra vecino 0
Resultado 13
28736.6
Yo soy: 
40 -48 -15 81 -89 55 50 -20 21 -42 41 -5 80 78 -30 64 -54 43 El mejor fue: 0
40 -48 -15 81 -89 55 50 -20 21 -42 41 -5 80 78 -30 64 -94 43 Generación 80
arranca 
Jugando Partidos contra vecino 0
Resultado 11
33662.7
Yo soy: 
40 -48 -15 81 -89 55 50 -20 21 -42 41 -5 80 78 -30 64 -94 43 El mejor fue: 0
40 -88 -15 81 -89 55 50 -20 21 -42 41 -5 80 78 -30 64 -94 43 Generación 79
arranca 
Jugando Partidos contra vecino 0
Resultado 4
21851.2
Jugando Partidos contra vecino 1
Resultado 3
19083.5
Jugando Partidos contra vecino 2
Resultado 4
26177.4
Jugando Partidos contra vecino 3
Resultado 8
28937.3
Jugando Partidos contra vecino 4
Resultado 7
27579.5
Jugando Partidos contra vecino 5
Resultado 8
22006.4
Jugando Partidos contra vecino 6
Resultado 4
18257.6
Jugando Partidos contra vecino 7
Resultado 11
37175.3
Yo soy: 
40 -88 -15 81 -89 55 50 -20 21 -42 41 -5 80 78 -30 64 -94 43 El mejor fue: 7
40 -88 -15 81 -49 55 50 -20 21 -42 41 -5 80 78 -30 64 -94 43 Generación 78
arranca 
Jugando Partidos contra vecino 0
Resultado 11
34549.9
Yo soy: 
40 -88 -15 81 -49 55 50 -20 21 -42 41 -5 80 78 -30 64 -94 43 El mejor fue: 0
40 -88 -15 81 -49 55 50 -20 -19 -42 41 -5 80 78 -30 64 -94 43 Generación 77
arranca 
Jugando Partidos contra vecino 0
Resultado 7
30251.5
Jugando Partidos contra vecino 1
Resultado 9
29865
Jugando Partidos contra vecino 2
Resultado 5
22384.3
Jugando Partidos contra vecino 3
Resultado 5
24220.7
Jugando Partidos contra vecino 4
Resultado 9
33863.6
Jugando Partidos contra vecino 5
Resultado 7
34690.2
Jugando Partidos contra vecino 6
Resultado 6
23159.6
Jugando Partidos contra vecino 7
Resultado 10
42385.3
Yo soy: 
40 -88 -15 81 -49 55 50 -20 -19 -42 41 -5 80 78 -30 64 -94 43 El mejor fue: 7
40 -88 -15 41 -49 55 50 -20 -19 -42 41 -5 80 78 -30 64 -94 43 Generación 76
arranca 
Jugando Partidos contra vecino 0
Resultado 6
22175.9
Jugando Partidos contra vecino 1
Resultado 13
35816.5
Yo soy: 
40 -88 -15 41 -49 55 50 -20 -19 -42 41 -5 80 78 -30 64 -94 43 El mejor fue: 1
40 -88 -15 41 -49 55 50 -20 -19 -42 81 -5 80 78 -30 64 -94 43 Generación 75
arranca 
Jugando Partidos contra vecino 0
Resultado 10
30114.9
Yo soy: 
40 -88 -15 41 -49 55 50 -20 -19 -42 81 -5 80 78 -30 64 -94 43 El mejor fue: 0
40 -88 -15 41 -49 55 50 -20 -19 -42 81 -5 80 78 -30 64 -54 43 Generación 74
arranca 
Jugando Partidos contra vecino 0
Resultado 9
32245.7
Jugando Partidos contra vecino 1
Resultado 11
38651.1
Yo soy: 
40 -88 -15 41 -49 55 50 -20 -19 -42 81 -5 80 78 -30 64 -54 43 El mejor fue: 1
40 -88 -15 41 -49 55 50 -20 -19 -42 81 -5 80 78 -70 64 -54 43 Generación 73
arranca 
Jugando Partidos contra vecino 0
Resultado 12
40093.5
Yo soy: 
40 -88 -15 41 -49 55 50 -20 -19 -42 81 -5 80 78 -70 64 -54 43 El mejor fue: 0
40 -88 -55 41 -49 55 50 -20 -19 -42 81 -5 80 78 -70 64 -54 43 Generación 72
arranca 
Jugando Partidos contra vecino 0
Resultado 11
28952.5
Yo soy: 
40 -88 -55 41 -49 55 50 -20 -19 -42 81 -5 80 78 -70 64 -54 43 El mejor fue: 0
40 -88 -55 41 -49 55 50 -60 -19 -42 81 -5 80 78 -70 64 -54 43 Generación 71
arranca 
Jugando Partidos contra vecino 0
Resultado 5
22501.6
Jugando Partidos contra vecino 1
Resultado 10
38814.8
Yo soy: 
40 -88 -55 41 -49 55 50 -60 -19 -42 81 -5 80 78 -70 64 -54 43 El mejor fue: 1
40 -88 -55 41 -49 55 50 -20 -19 -42 81 -5 80 78 -70 64 -54 43 Generación 70
arranca 
Jugando Partidos contra vecino 0
Resultado 5
18452.6
Jugando Partidos contra vecino 1
Resultado 13
49856.9
Yo soy: 
40 -88 -55 41 -49 55 50 -20 -19 -42 81 -5 80 78 -70 64 -54 43 El mejor fue: 1
40 -88 -55 41 -49 55 50 -20 -19 -42 81 -5 80 38 -70 64 -54 43 Generación 69
arranca 
Jugando Partidos contra vecino 0
Resultado 12
39366.3
Yo soy: 
40 -88 -55 41 -49 55 50 -20 -19 -42 81 -5 80 38 -70 64 -54 43 El mejor fue: 0
40 -88 -55 41 -49 55 50 -20 -19 -42 31 -5 80 38 -70 64 -54 43 Generación 68
arranca 
Jugando Partidos contra vecino 0
Resultado 13
49802.2
Yo soy: 
40 -88 -55 41 -49 55 50 -20 -19 -42 31 -5 80 38 -70 64 -54 43 El mejor fue: 0
40 -88 -55 41 -49 55 50 20 -19 -42 31 -5 80 38 -70 64 -54 43 Generación 67
arranca 
Jugando Partidos contra vecino 0
Resultado 8
38789.8
Jugando Partidos contra vecino 1
Resultado 6
26431.3
Jugando Partidos contra vecino 2
Resultado 15
56497.1
Yo soy: 
40 -88 -55 41 -49 55 50 20 -19 -42 31 -5 80 38 -70 64 -54 43 El mejor fue: 2
40 -88 -55 41 -49 55 50 60 -19 -42 31 -5 80 38 -70 64 -54 43 Generación 66
arranca 
Jugando Partidos contra vecino 0
Resultado 15
57965.5
Yo soy: 
40 -88 -55 41 -49 55 50 60 -19 -42 31 -5 80 38 -70 64 -54 43 El mejor fue: 0
40 -88 -55 41 -89 55 50 60 -19 -42 31 -5 80 38 -70 64 -54 43 Generación 65
arranca 
Jugando Partidos contra vecino 0
Resultado 13
34223.1
Yo soy: 
40 -88 -55 41 -89 55 50 60 -19 -42 31 -5 80 38 -70 64 -54 43 El mejor fue: 0
80 -88 -55 41 -89 55 50 60 -19 -42 31 -5 80 38 -70 64 -54 43 Generación 64
arranca 
Jugando Partidos contra vecino 0
Resultado 9
39409.9
Jugando Partidos contra vecino 1
Resultado 6
24531.1
Jugando Partidos contra vecino 2
Resultado 15
48289.9
Yo soy: 
80 -88 -55 41 -89 55 50 60 -19 -42 31 -5 80 38 -70 64 -54 43 El mejor fue: 2
80 -88 -55 41 -89 55 50 60 21 -42 31 -5 80 38 -70 64 -54 43 Generación 63
arranca 
Jugando Partidos contra vecino 0
Resultado 12
47170.5
Yo soy: 
80 -88 -55 41 -89 55 50 60 21 -42 31 -5 80 38 -70 64 -54 43 El mejor fue: 0
80 -88 -55 41 -49 55 50 60 21 -42 31 -5 80 38 -70 64 -54 43 Generación 62
arranca 
Jugando Partidos contra vecino 0
Resultado 13
43441.7
Yo soy: 
80 -88 -55 41 -49 55 50 60 21 -42 31 -5 80 38 -70 64 -54 43 El mejor fue: 0
80 -88 -55 41 -49 55 50 60 -19 -42 31 -5 80 38 -70 64 -54 43 Generación 61
arranca 
Jugando Partidos contra vecino 0
Resultado 13
46484.8
Yo soy: 
80 -88 -55 41 -49 55 50 60 -19 -42 31 -5 80 38 -70 64 -54 43 El mejor fue: 0
80 -88 -55 41 -49 95 50 60 -19 -42 31 -5 80 38 -70 64 -54 43 Generación 60
arranca 
Jugando Partidos contra vecino 0
Resultado 4
23275
Jugando Partidos contra vecino 1
Resultado 15
51465.9
Yo soy: 
80 -88 -55 41 -49 95 50 60 -19 -42 31 -5 80 38 -70 64 -54 43 El mejor fue: 1
80 -88 -55 41 -49 95 90 60 -19 -42 31 -5 80 38 -70 64 -54 43 Generación 59
arranca 
Jugando Partidos contra vecino 0
Resultado 8
30911.2
Jugando Partidos contra vecino 1
Resultado 13
51918.3
Yo soy: 
80 -88 -55 41 -49 95 90 60 -19 -42 31 -5 80 38 -70 64 -54 43 El mejor fue: 1
80 -88 -55 41 -49 95 90 60 -19 -42 -9 -5 80 38 -70 64 -54 43 Generación 58
arranca 
Jugando Partidos contra vecino 0
Resultado 9
30927
Jugando Partidos contra vecino 1
Resultado 3
22100.5
Jugando Partidos contra vecino 2
Resultado 9
36223.9
Jugando Partidos contra vecino 3
Resultado 13
39122.6
Yo soy: 
80 -88 -55 41 -49 95 90 60 -19 -42 -9 -5 80 38 -70 64 -54 43 El mejor fue: 3
80 -88 -55 41 -49 95 90 60 -19 -42 -9 -5 80 38 -20 64 -54 43 Generación 57
arranca 
Jugando Partidos contra vecino 0
Resultado 13
34411.1
Yo soy: 
80 -88 -55 41 -49 95 90 60 -19 -42 -9 -5 80 38 -20 64 -54 43 El mejor fue: 0
80 -88 -55 41 -49 95 90 60 -19 -42 -9 -5 80 38 -20 64 -14 43 Generación 56
arranca 
Jugando Partidos contra vecino 0
Resultado 11
40461.4
Yo soy: 
80 -88 -55 41 -49 95 90 60 -19 -42 -9 -5 80 38 -20 64 -14 43 El mejor fue: 0
80 -88 -55 41 -49 95 90 60 -19 -42 -9 -5 80 38 -20 64 -14 83 Generación 55
arranca 
Jugando Partidos contra vecino 0
Resultado 13
26002
Yo soy: 
80 -88 -55 41 -49 95 90 60 -19 -42 -9 -5 80 38 -20 64 -14 83 El mejor fue: 0
80 -88 -55 41 -49 45 90 60 -19 -42 -9 -5 80 38 -20 64 -14 83 Generación 54
arranca 
Jugando Partidos contra vecino 0
Resultado 9
32202.4
Jugando Partidos contra vecino 1
Resultado 11
34971.5
Yo soy: 
80 -88 -55 41 -49 45 90 60 -19 -42 -9 -5 80 38 -20 64 -14 83 El mejor fue: 1
80 -88 -55 81 -49 45 90 60 -19 -42 -9 -5 80 38 -20 64 -14 83 Generación 53
arranca 
Jugando Partidos contra vecino 0
Resultado 4
38661.5
Jugando Partidos contra vecino 1
Resultado 5
42501.6
Jugando Partidos contra vecino 2
Resultado 7
26525.9
Jugando Partidos contra vecino 3
Resultado 3
26069.3
Jugando Partidos contra vecino 4
Resultado 8
29730.4
Jugando Partidos contra vecino 5
Resultado 7
33224.7
Jugando Partidos contra vecino 6
Resultado 9
27862.9
Jugando Partidos contra vecino 7
Resultado 9
24104.8
Jugando Partidos contra vecino 8
Resultado 11
37275.4
Yo soy: 
80 -88 -55 81 -49 45 90 60 -19 -42 -9 -5 80 38 -20 64 -14 83 El mejor fue: 8
80 -88 -55 81 -49 45 90 60 -19 -42 -9 -5 80 38 -20 64 26 83 Generación 52
arranca 
Jugando Partidos contra vecino 0
Resultado 11
38091.9
Yo soy: 
80 -88 -55 81 -49 45 90 60 -19 -42 -9 -5 80 38 -20 64 26 83 El mejor fue: 0
80 -88 -15 81 -49 45 90 60 -19 -42 -9 -5 80 38 -20 64 26 83 Generación 51
arranca 
Jugando Partidos contra vecino 0
Resultado 13
43335.5
Yo soy: 
80 -88 -15 81 -49 45 90 60 -19 -42 -9 -5 80 38 -20 64 26 83 El mejor fue: 0
80 -88 -15 81 -9 45 90 60 -19 -42 -9 -5 80 38 -20 64 26 83 Generación 50
arranca 
Jugando Partidos contra vecino 0
Resultado 9
26759.9
Jugando Partidos contra vecino 1
Resultado 5
43157.3
Jugando Partidos contra vecino 2
Resultado 9
32145.2
Jugando Partidos contra vecino 3
Resultado 7
38066.4
Jugando Partidos contra vecino 4
Resultado 7
43282.4
Jugando Partidos contra vecino 5
Resultado 9
35089.1
Jugando Partidos contra vecino 6
Resultado 5
22788.6
Jugando Partidos contra vecino 7
Resultado 9
28153.9
Jugando Partidos contra vecino 8
Resultado 9
33950.5
Jugando Partidos contra vecino 9
Resultado 9
33383
Jugando Partidos contra vecino 10
Resultado 5
30953.7
Jugando Partidos contra vecino 11
Resultado 13
40682.5
Yo soy: 
80 -88 -15 81 -9 45 90 60 -19 -42 -9 -5 80 38 -20 64 26 83 El mejor fue: 11
80 -88 -15 81 -9 45 90 60 -19 -42 -9 -5 80 -2 -20 64 26 83 Generación 49
arranca 
Jugando Partidos contra vecino 0
Resultado 5
39781.2
Jugando Partidos contra vecino 1
Resultado 3
20923.4
Jugando Partidos contra vecino 2
Resultado 7
38202.9
Jugando Partidos contra vecino 3
Resultado 5
14939.4
Jugando Partidos contra vecino 4
Resultado 4
16238.3
Jugando Partidos contra vecino 5
Resultado 15
36971.1
Yo soy: 
80 -88 -15 81 -9 45 90 60 -19 -42 -9 -5 80 -2 -20 64 26 83 El mejor fue: 5
80 -88 -15 81 -9 45 90 60 -19 -82 -9 -5 80 -2 -20 64 26 83 Generación 48
arranca 
Jugando Partidos contra vecino 0
Resultado 3
19930.7
Jugando Partidos contra vecino 1
Resultado 6
31086.9
Jugando Partidos contra vecino 2
Resultado 9
35360.2
Jugando Partidos contra vecino 3
Resultado 10
26860.4
Yo soy: 
80 -88 -15 81 -9 45 90 60 -19 -82 -9 -5 80 -2 -20 64 26 83 El mejor fue: 3
80 -88 -15 81 -9 45 90 60 -19 -82 -9 -5 80 38 -20 64 26 83 Generación 47
arranca 
Jugando Partidos contra vecino 0
Resultado 5
24652
Jugando Partidos contra vecino 1
Resultado 5
33635.5
Jugando Partidos contra vecino 2
Resultado 5
30820.6
Jugando Partidos contra vecino 3
Resultado 11
30248.6
Yo soy: 
80 -88 -15 81 -9 45 90 60 -19 -82 -9 -5 80 38 -20 64 26 83 El mejor fue: 3
80 -88 -15 41 -9 45 90 60 -19 -82 -9 -5 80 38 -20 64 26 83 Generación 46
arranca 
Jugando Partidos contra vecino 0
Resultado 9
29376.6
Jugando Partidos contra vecino 1
Resultado 9
28867.3
Jugando Partidos contra vecino 2
Resultado 13
33724
Yo soy: 
80 -88 -15 41 -9 45 90 60 -19 -82 -9 -5 80 38 -20 64 26 83 El mejor fue: 2
80 -88 -15 1 -9 45 90 60 -19 -82 -9 -5 80 38 -20 64 26 83 Generación 45
arranca 
Jugando Partidos contra vecino 0
Resultado 4
17930.7
Jugando Partidos contra vecino 1
Resultado 5
41308.3
Jugando Partidos contra vecino 2
Resultado 10
32316.5
Yo soy: 
80 -88 -15 1 -9 45 90 60 -19 -82 -9 -5 80 38 -20 64 26 83 El mejor fue: 2
80 -88 -15 1 -9 45 90 10 -19 -82 -9 -5 80 38 -20 64 26 83 Generación 44
arranca 
Jugando Partidos contra vecino 0
Resultado 8
35069.2
Jugando Partidos contra vecino 1
Resultado 9
35513.1
Jugando Partidos contra vecino 2
Resultado 6
26037.4
Jugando Partidos contra vecino 3
Resultado 8
30804.6
Jugando Partidos contra vecino 4
Resultado 15
43719.8
Yo soy: 
80 -88 -15 1 -9 45 90 10 -19 -82 -9 -5 80 38 -20 64 26 83 El mejor fue: 4
80 -88 -55 1 -9 45 90 10 -19 -82 -9 -5 80 38 -20 64 26 83 Generación 43
arranca 
Jugando Partidos contra vecino 0
Resultado 9
33541.6
Jugando Partidos contra vecino 1
Resultado 5
45104.5
Jugando Partidos contra vecino 2
Resultado 15
42927.5
Yo soy: 
80 -88 -55 1 -9 45 90 10 -19 -82 -9 -5 80 38 -20 64 26 83 El mejor fue: 2
80 -88 -55 41 -9 45 90 10 -19 -82 -9 -5 80 38 -20 64 26 83 Generación 42
arranca 
Jugando Partidos contra vecino 0
Resultado 5
26742.7
Jugando Partidos contra vecino 1
Resultado 5
40796.7
Jugando Partidos contra vecino 2
Resultado 7
56900.7
Jugando Partidos contra vecino 3
Resultado 9
32011.1
Jugando Partidos contra vecino 4
Resultado 9
34572.4
Jugando Partidos contra vecino 5
Resultado 5
24478.5
Jugando Partidos contra vecino 6
Resultado 7
22566.7
Jugando Partidos contra vecino 7
Resultado 9
27454
Jugando Partidos contra vecino 8
Resultado 13
38791.2
Yo soy: 
80 -88 -55 41 -9 45 90 10 -19 -82 -9 -5 80 38 -20 64 26 83 El mejor fue: 8
80 -88 -55 41 -9 45 90 10 -19 -82 -9 35 80 38 -20 64 26 83 Generación 41
arranca 
Jugando Partidos contra vecino 0
Resultado 7
28004
Jugando Partidos contra vecino 1
Resultado 9
29626.3
Jugando Partidos contra vecino 2
Resultado 9
27416.5
Jugando Partidos contra vecino 3
Resultado 5
21186.2
Jugando Partidos contra vecino 4
Resultado 5
26955.3
Jugando Partidos contra vecino 5
Resultado 5
26797.7
Jugando Partidos contra vecino 6
Resultado 5
23971.6
Jugando Partidos contra vecino 7
Resultado 5
22541.5
Jugando Partidos contra vecino 8
Resultado 5
15319.1
Jugando Partidos contra vecino 9
Resultado 7
23608.9
Jugando Partidos contra vecino 10
Resultado 9
28274.9
Jugando Partidos contra vecino 11
Resultado 7
30762.7
Jugando Partidos contra vecino 12
Resultado 5
26945.1
Jugando Partidos contra vecino 13
Resultado 7
29140.3
Jugando Partidos contra vecino 14
Resultado 9
29803.3
Jugando Partidos contra vecino 15
Resultado 6
29189.9
Jugando Partidos contra vecino 16
Resultado 9
24808.5
Jugando Partidos contra vecino 17
Resultado 7
26811.9
Jugando Partidos contra vecino 18
Resultado 7
28958.6
Jugando Partidos contra vecino 19
Resultado 8
27510
Jugando Partidos contra vecino 20
Resultado 15
53666.1
Yo soy: 
80 -88 -55 41 -9 45 90 10 -19 -82 -9 35 80 38 -20 64 26 83 El mejor fue: 20
80 -88 -55 41 -9 45 90 10 -19 -82 -9 35 80 -2 -20 64 26 83 Generación 40
arranca 
Jugando Partidos contra vecino 0
Resultado 11
37413.6
Yo soy: 
80 -88 -55 41 -9 45 90 10 -19 -82 -9 35 80 -2 -20 64 26 83 El mejor fue: 0
80 -88 -55 41 -9 45 90 10 -19 -82 -9 -5 80 -2 -20 64 26 83 Generación 39
arranca 
Jugando Partidos contra vecino 0
Resultado 9
33223.5
Jugando Partidos contra vecino 1
Resultado 4
43894.8
Jugando Partidos contra vecino 2
Resultado 9
39203.3
Jugando Partidos contra vecino 3
Resultado 11
39790.4
Yo soy: 
80 -88 -55 41 -9 45 90 10 -19 -82 -9 -5 80 -2 -20 64 26 83 El mejor fue: 3
80 -88 -15 41 -9 45 90 10 -19 -82 -9 -5 80 -2 -20 64 26 83 Generación 38
arranca 
Jugando Partidos contra vecino 0
Resultado 9
34666.5
Jugando Partidos contra vecino 1
Resultado 5
51767.8
Jugando Partidos contra vecino 2
Resultado 13
41868.9
Yo soy: 
80 -88 -15 41 -9 45 90 10 -19 -82 -9 -5 80 -2 -20 64 26 83 El mejor fue: 2
80 -88 -15 41 -9 85 90 10 -19 -82 -9 -5 80 -2 -20 64 26 83 Generación 37
arranca 
Jugando Partidos contra vecino 0
Resultado 13
40204.1
Yo soy: 
80 -88 -15 41 -9 85 90 10 -19 -82 -9 -5 80 -2 -20 64 26 83 El mejor fue: 0
80 -88 -15 41 -9 85 90 10 -19 -42 -9 -5 80 -2 -20 64 26 83 Generación 36
arranca 
Jugando Partidos contra vecino 0
Resultado 11
38579.5
Yo soy: 
80 -88 -15 41 -9 85 90 10 -19 -42 -9 -5 80 -2 -20 64 26 83 El mejor fue: 0
80 -88 -15 41 -9 85 90 10 -19 -82 -9 -5 80 -2 -20 64 26 83 Generación 35
arranca 
Jugando Partidos contra vecino 0
Resultado 11
42212.6
Yo soy: 
80 -88 -15 41 -9 85 90 10 -19 -82 -9 -5 80 -2 -20 64 26 83 El mejor fue: 0
80 -88 -15 41 -9 45 90 10 -19 -82 -9 -5 80 -2 -20 64 26 83 Generación 34
arranca 
Jugando Partidos contra vecino 0
Resultado 5
17928.6
Jugando Partidos contra vecino 1
Resultado 13
40176.3
Yo soy: 
80 -88 -15 41 -9 45 90 10 -19 -82 -9 -5 80 -2 -20 64 26 83 El mejor fue: 1
80 -88 -15 41 -9 45 90 10 -19 -82 31 -5 80 -2 -20 64 26 83 Generación 33
arranca 
Jugando Partidos contra vecino 0
Resultado 13
30340.6
Yo soy: 
80 -88 -15 41 -9 45 90 10 -19 -82 31 -5 80 -2 -20 64 26 83 El mejor fue: 0
80 -88 -15 41 -9 45 90 10 -19 -32 31 -5 80 -2 -20 64 26 83 Generación 32
arranca 
Jugando Partidos contra vecino 0
Resultado 11
37656.2
Yo soy: 
80 -88 -15 41 -9 45 90 10 -19 -32 31 -5 80 -2 -20 64 26 83 El mejor fue: 0
80 -88 -15 41 -9 5 90 10 -19 -32 31 -5 80 -2 -20 64 26 83 Generación 31
arranca 
Jugando Partidos contra vecino 0
Resultado 4
27023.1
Jugando Partidos contra vecino 1
Resultado 13
34966.6
Yo soy: 
80 -88 -15 41 -9 5 90 10 -19 -32 31 -5 80 -2 -20 64 26 83 El mejor fue: 1
80 -88 -15 41 31 5 90 10 -19 -32 31 -5 80 -2 -20 64 26 83 Generación 30
arranca 
Jugando Partidos contra vecino 0
Resultado 11
42631.1
Yo soy: 
80 -88 -15 41 31 5 90 10 -19 -32 31 -5 80 -2 -20 64 26 83 El mejor fue: 0
80 -88 -15 41 31 5 90 10 -19 -32 31 -5 80 -2 -20 64 66 83 Generación 29
arranca 
Jugando Partidos contra vecino 0
Resultado 13
53215.2
Yo soy: 
80 -88 -15 41 31 5 90 10 -19 -32 31 -5 80 -2 -20 64 66 83 El mejor fue: 0
80 -88 -15 41 31 5 90 10 -19 -32 31 -5 80 -42 -20 64 66 83 Generación 28
arranca 
Jugando Partidos contra vecino 0
Resultado 13
44945
Yo soy: 
80 -88 -15 41 31 5 90 10 -19 -32 31 -5 80 -42 -20 64 66 83 El mejor fue: 0
80 -88 -15 41 31 5 90 10 -19 -32 31 -5 80 -82 -20 64 66 83 Generación 27
arranca 
Jugando Partidos contra vecino 0
Resultado 13
37591.8
Yo soy: 
80 -88 -15 41 31 5 90 10 -19 -32 31 -5 80 -82 -20 64 66 83 El mejor fue: 0
80 -88 -15 41 31 5 90 10 -19 -32 31 -5 80 -82 -20 64 16 83 Generación 26
arranca 
Jugando Partidos contra vecino 0
Resultado 15
44029.4
Yo soy: 
80 -88 -15 41 31 5 90 10 -19 -32 31 -5 80 -82 -20 64 16 83 El mejor fue: 0
80 -88 -15 41 31 5 90 50 -19 -32 31 -5 80 -82 -20 64 16 83 Generación 25
arranca 
Jugando Partidos contra vecino 0
Resultado 11
57480.2
Yo soy: 
80 -88 -15 41 31 5 90 50 -19 -32 31 -5 80 -82 -20 64 16 83 El mejor fue: 0
80 -38 -15 41 31 5 90 50 -19 -32 31 -5 80 -82 -20 64 16 83 Generación 24
arranca 
Jugando Partidos contra vecino 0
Resultado 11
47725.6
Yo soy: 
80 -38 -15 41 31 5 90 50 -19 -32 31 -5 80 -82 -20 64 16 83 El mejor fue: 0
80 -38 -15 1 31 5 90 50 -19 -32 31 -5 80 -82 -20 64 16 83 Generación 23
arranca 
Jugando Partidos contra vecino 0
Resultado 9
46381.1
Jugando Partidos contra vecino 1
Resultado 11
35321.4
Yo soy: 
80 -38 -15 1 31 5 90 50 -19 -32 31 -5 80 -82 -20 64 16 83 El mejor fue: 1
80 -38 -15 1 31 5 90 50 -19 -32 31 -5 80 -82 -20 64 16 43 Generación 22
arranca 
Jugando Partidos contra vecino 0
Resultado 13
44626.6
Yo soy: 
80 -38 -15 1 31 5 90 50 -19 -32 31 -5 80 -82 -20 64 16 43 El mejor fue: 0
80 -38 -15 1 31 5 90 50 -19 -32 31 -5 80 -82 -20 64 16 83 Generación 21
arranca 
Jugando Partidos contra vecino 0
Resultado 5
44078.1
Jugando Partidos contra vecino 1
Resultado 15
59538.4
Yo soy: 
80 -38 -15 1 31 5 90 50 -19 -32 31 -5 80 -82 -20 64 16 83 El mejor fue: 1
80 -38 -15 1 31 5 90 50 -19 8 31 -5 80 -82 -20 64 16 83 Generación 20
arranca 
Jugando Partidos contra vecino 0
Resultado 5
37549.3
Jugando Partidos contra vecino 1
Resultado 9
42277
Jugando Partidos contra vecino 2
Resultado 15
51377.4
Yo soy: 
80 -38 -15 1 31 5 90 50 -19 8 31 -5 80 -82 -20 64 16 83 El mejor fue: 2
80 -38 -15 1 31 -35 90 50 -19 8 31 -5 80 -82 -20 64 16 83 Generación 19
arranca 
Jugando Partidos contra vecino 0
Resultado 15
57398.1
Yo soy: 
80 -38 -15 1 31 -35 90 50 -19 8 31 -5 80 -82 -20 64 16 83 El mejor fue: 0
40 -38 -15 1 31 -35 90 50 -19 8 31 -5 80 -82 -20 64 16 83 Generación 18
arranca 
Jugando Partidos contra vecino 0
Resultado 15
54996.2
Yo soy: 
40 -38 -15 1 31 -35 90 50 -19 8 31 -5 80 -82 -20 64 16 83 El mejor fue: 0
40 -78 -15 1 31 -35 90 50 -19 8 31 -5 80 -82 -20 64 16 83 Generación 17
arranca 
Jugando Partidos contra vecino 0
Resultado 13
46822.8
Yo soy: 
40 -78 -15 1 31 -35 90 50 -19 8 31 -5 80 -82 -20 64 16 83 El mejor fue: 0
40 -78 -15 1 31 -35 90 50 -19 -32 31 -5 80 -82 -20 64 16 83 Generación 16
arranca 
Jugando Partidos contra vecino 0
Resultado 11
44960.4
Yo soy: 
40 -78 -15 1 31 -35 90 50 -19 -32 31 -5 80 -82 -20 64 16 83 El mejor fue: 0
0 -78 -15 1 31 -35 90 50 -19 -32 31 -5 80 -82 -20 64 16 83 Generación 15
arranca 
Jugando Partidos contra vecino 0
Resultado 4
51916.4
Jugando Partidos contra vecino 1
Resultado 13
38655.8
Yo soy: 
0 -78 -15 1 31 -35 90 50 -19 -32 31 -5 80 -82 -20 64 16 83 El mejor fue: 1
0 -78 -15 1 31 -35 90 50 -19 -32 31 -5 30 -82 -20 64 16 83 Generación 14
arranca 
Jugando Partidos contra vecino 0
Resultado 13
38669.1
Yo soy: 
0 -78 -15 1 31 -35 90 50 -19 -32 31 -5 30 -82 -20 64 16 83 El mejor fue: 0
0 -78 -15 41 31 -35 90 50 -19 -32 31 -5 30 -82 -20 64 16 83 Generación 13
arranca 
Jugando Partidos contra vecino 0
Resultado 15
41759.8
Yo soy: 
0 -78 -15 41 31 -35 90 50 -19 -32 31 -5 30 -82 -20 64 16 83 El mejor fue: 0
0 -78 -15 41 31 -35 90 10 -19 -32 31 -5 30 -82 -20 64 16 83 Generación 12
arranca 
Jugando Partidos contra vecino 0
Resultado 13
46639.2
Yo soy: 
0 -78 -15 41 31 -35 90 10 -19 -32 31 -5 30 -82 -20 64 16 83 El mejor fue: 0
0 -78 -15 41 31 -35 50 10 -19 -32 31 -5 30 -82 -20 64 16 83 Generación 11
arranca 
Jugando Partidos contra vecino 0
Resultado 15
41694.8
Yo soy: 
0 -78 -15 41 31 -35 50 10 -19 -32 31 -5 30 -82 -20 64 16 83 El mejor fue: 0
0 -78 -15 41 31 -35 50 50 -19 -32 31 -5 30 -82 -20 64 16 83 Generación 10
arranca 
Jugando Partidos contra vecino 0
Resultado 15
44840.7
Yo soy: 
0 -78 -15 41 31 -35 50 50 -19 -32 31 -5 30 -82 -20 64 16 83 El mejor fue: 0
0 -78 -15 41 31 -35 50 50 -19 -32 31 -5 30 -82 20 64 16 83 Generación 9
arranca 
Jugando Partidos contra vecino 0
Resultado 15
58306.3
Yo soy: 
0 -78 -15 41 31 -35 50 50 -19 -32 31 -5 30 -82 20 64 16 83 El mejor fue: 0
0 -78 -15 41 -9 -35 50 50 -19 -32 31 -5 30 -82 20 64 16 83 Generación 8
arranca 
Jugando Partidos contra vecino 0
Resultado 13
54251.5
Yo soy: 
0 -78 -15 41 -9 -35 50 50 -19 -32 31 -5 30 -82 20 64 16 83 El mejor fue: 0
0 -78 -55 41 -9 -35 50 50 -19 -32 31 -5 30 -82 20 64 16 83 Generación 7
arranca 
Jugando Partidos contra vecino 0
Resultado 13
59932.9
Yo soy: 
0 -78 -55 41 -9 -35 50 50 -19 -32 31 -5 30 -82 20 64 16 83 El mejor fue: 0
0 -38 -55 41 -9 -35 50 50 -19 -32 31 -5 30 -82 20 64 16 83 Generación 6
arranca 
Jugando Partidos contra vecino 0
Resultado 2
56198.9
Jugando Partidos contra vecino 1
Resultado 5
37614.1
Jugando Partidos contra vecino 2
Resultado 13
51761
Yo soy: 
0 -38 -55 41 -9 -35 50 50 -19 -32 31 -5 30 -82 20 64 16 83 El mejor fue: 2
0 -38 -55 41 -9 -35 50 50 -19 -32 31 -5 30 -42 20 64 16 83 Generación 5
arranca 
Jugando Partidos contra vecino 0
Resultado 9
50374.2
Jugando Partidos contra vecino 1
Resultado 4
46031.6
Jugando Partidos contra vecino 2
Resultado 9
54893.9
Jugando Partidos contra vecino 3
Resultado 13
52941.8
Yo soy: 
0 -38 -55 41 -9 -35 50 50 -19 -32 31 -5 30 -42 20 64 16 83 El mejor fue: 3
0 -38 -55 41 -9 -35 50 50 -19 -32 71 -5 30 -42 20 64 16 83 Generación 4
arranca 
Jugando Partidos contra vecino 0
Resultado 13
54160.3
Yo soy: 
0 -38 -55 41 -9 -35 50 50 -19 -32 71 -5 30 -42 20 64 16 83 El mejor fue: 0
0 -38 -55 1 -9 -35 50 50 -19 -32 71 -5 30 -42 20 64 16 83 Generación 3
arranca 
Jugando Partidos contra vecino 0
Resultado 9
53151.6
Jugando Partidos contra vecino 1
Resultado 7
36176.7
Jugando Partidos contra vecino 2
Resultado 9
50216.8
Jugando Partidos contra vecino 3
Resultado 12
57529.5
Yo soy: 
0 -38 -55 1 -9 -35 50 50 -19 -32 71 -5 30 -42 20 64 16 83 El mejor fue: 3
0 -38 -55 1 -9 -35 50 50 -19 -32 71 -5 30 -42 -20 64 16 83 Generación 2
arranca 
Jugando Partidos contra vecino 0
Resultado 3
53046.5
Jugando Partidos contra vecino 1
Resultado 2
58670.6
Jugando Partidos contra vecino 2
Resultado 5
58492
Jugando Partidos contra vecino 3
Resultado 11
36572.9
Yo soy: 
0 -38 -55 1 -9 -35 50 50 -19 -32 71 -5 30 -42 -20 64 16 83 El mejor fue: 3
0 -38 -55 1 -9 -35 50 50 -19 8 71 -5 30 -42 -20 64 16 83 Generación 1
arranca 
Jugando Partidos contra vecino 0
Resultado 9
59473.9
Jugando Partidos contra vecino 1
Resultado 11
47875
Yo soy: 
0 -38 -55 1 -9 -35 50 50 -19 8 71 -5 30 -42 -20 64 16 83 El mejor fue: 1
0 -38 -55 1 -9 -35 50 50 -59 8 71 -5 30 -42 -20 64 16 83 Generación 0
1.67077e+07
