arranca 
Jugando Partidos contra vecino 0
Resultado 5
51879.3
Jugando Partidos contra vecino 1
Resultado 2
34129.7
Jugando Partidos contra vecino 2
Resultado 4
68551.3
Jugando Partidos contra vecino 3
Resultado 3
49091.8
Jugando Partidos contra vecino 4
Resultado 5
48265.8
Jugando Partidos contra vecino 5
Resultado 4
57558.1
Jugando Partidos contra vecino 6
Resultado 5
69809.1
Jugando Partidos contra vecino 7
Resultado 4
46605
Jugando Partidos contra vecino 8
Resultado 5
68060.2
Jugando Partidos contra vecino 9
Resultado 5
69036.2
Jugando Partidos contra vecino 10
Resultado 3
50425.3
Jugando Partidos contra vecino 11
Resultado 5
40865.7
Jugando Partidos contra vecino 12
Resultado 4
47378.2
Jugando Partidos contra vecino 13
Resultado 3
47758.8
Jugando Partidos contra vecino 14
Resultado 4
48971.8
Jugando Partidos contra vecino 15
Resultado 3
51394.5
Jugando Partidos contra vecino 16
Resultado 4
66262.5
Jugando Partidos contra vecino 17
Resultado 5
62588.6
Jugando Partidos contra vecino 18
Resultado 4
43433.5
Jugando Partidos contra vecino 19
Resultado 5
57745.1
Jugando Partidos contra vecino 20
Resultado 4
56566.5
Jugando Partidos contra vecino 21
Resultado 4
42369.1
Jugando Partidos contra vecino 22
Resultado 5
64964.5
Jugando Partidos contra vecino 23
Resultado 4
61234.7
Jugando Partidos contra vecino 24
Resultado 5
65621.2
Jugando Partidos contra vecino 25
Resultado 4
55410.9
Jugando Partidos contra vecino 26
Resultado 5
68014.6
Jugando Partidos contra vecino 27
Resultado 2
34126.3
Jugando Partidos contra vecino 28
Resultado 5
55649.8
Jugando Partidos contra vecino 29
Resultado 4
34947.1
Jugando Partidos contra vecino 30
Resultado 4
47323.6
Jugando Partidos contra vecino 31
Resultado 3
36340.5
Jugando Partidos contra vecino 32
Resultado 2
22225.6
Jugando Partidos contra vecino 33
Resultado 5
69073.6
Jugando Partidos contra vecino 34
Resultado 3
39854.1
Jugando Partidos contra vecino 35
Resultado 4
44083.4
1.87762e+06
arranca 
Jugando Partidos contra vecino 0
Resultado 5
15813.2
Jugando Partidos contra vecino 1
Resultado 4
23963.8
Jugando Partidos contra vecino 2
Resultado 3
22459.1
Jugando Partidos contra vecino 3
Resultado 4
19280.4
Jugando Partidos contra vecino 4
Resultado 5
24121.8
Jugando Partidos contra vecino 5
Resultado 5
18269.8
Jugando Partidos contra vecino 6
Resultado 5
22973.7
Jugando Partidos contra vecino 7
Resultado 4
20160.4
Jugando Partidos contra vecino 8
Resultado 3
19102.3
Jugando Partidos contra vecino 9
Resultado 4
19614.5
Jugando Partidos contra vecino 10
Resultado 4
16551
Jugando Partidos contra vecino 11
Resultado 4
20974.9
Jugando Partidos contra vecino 12
Resultado 3
20254.1
Jugando Partidos contra vecino 13
Resultado 5
24722.5
Jugando Partidos contra vecino 14
Resultado 3
21770.8
Jugando Partidos contra vecino 15
Resultado 5
21904.8
Jugando Partidos contra vecino 16
Resultado 3
18894.5
Jugando Partidos contra vecino 17
Resultado 4
17975.7
Jugando Partidos contra vecino 18
Resultado 4
18406.5
Jugando Partidos contra vecino 19
Resultado 4
19004.5
Jugando Partidos contra vecino 20
Resultado 2
21941.9
Jugando Partidos contra vecino 21
Resultado 3
22666.4
Jugando Partidos contra vecino 22
Resultado 4
23883.8
Jugando Partidos contra vecino 23
Resultado 5
24116.1
Jugando Partidos contra vecino 24
Resultado 3
14424.4
Jugando Partidos contra vecino 25
Resultado 2
22004.8
Jugando Partidos contra vecino 26
Resultado 4
22352.4
Jugando Partidos contra vecino 27
Resultado 5
24183.9
Jugando Partidos contra vecino 28
Resultado 4
20283.2
Jugando Partidos contra vecino 29
Resultado 3
19984.2
Jugando Partidos contra vecino 30
Resultado 3
22322.7
Jugando Partidos contra vecino 31
Resultado 2
20397.6
Jugando Partidos contra vecino 32
Resultado 4
21942.9
Jugando Partidos contra vecino 33
Resultado 3
20211
Jugando Partidos contra vecino 34
Resultado 4
19064.6
Jugando Partidos contra vecino 35
Resultado 2
15975.6
741975
arranca 
Jugando Partidos contra vecino 0
Resultado 13
33703.9
Yo soy: 
0 71 62 98 74 35 30 19 24 1 24 71 57 61 26 90 34 1 El mejor fue: 0
0 91 62 98 74 35 30 19 24 1 24 71 57 61 26 90 34 1 Generación 199
arranca 
Jugando Partidos contra vecino 0
Resultado 15
34566.1
Yo soy: 
0 91 62 98 74 35 30 19 24 1 24 71 57 61 26 90 34 1 El mejor fue: 0
0 91 62 58 74 35 30 19 24 1 24 71 57 61 26 90 34 1 Generación 198
arranca 
Jugando Partidos contra vecino 0
Resultado 9
53046.7
Jugando Partidos contra vecino 1
Resultado 13
32240.9
Yo soy: 
0 91 62 58 74 35 30 19 24 1 24 71 57 61 26 90 34 1 El mejor fue: 1
0 91 62 58 74 35 10 19 24 1 24 71 57 61 26 90 34 1 Generación 197
arranca 
Jugando Partidos contra vecino 0
Resultado 15
44281
Yo soy: 
0 91 62 58 74 35 10 19 24 1 24 71 57 61 26 90 34 1 El mejor fue: 0
0 91 62 58 54 35 10 19 24 1 24 71 57 61 26 90 34 1 Generación 196
arranca 
Jugando Partidos contra vecino 0
Resultado 11
49693.5
Yo soy: 
0 91 62 58 54 35 10 19 24 1 24 71 57 61 26 90 34 1 El mejor fue: 0
0 91 62 58 54 35 10 19 4 1 24 71 57 61 26 90 34 1 Generación 195
arranca 
Jugando Partidos contra vecino 0
Resultado 15
47628.1
Yo soy: 
0 91 62 58 54 35 10 19 4 1 24 71 57 61 26 90 34 1 El mejor fue: 0
0 91 62 58 54 35 10 19 4 1 24 71 57 61 26 90 34 21 Generación 194
arranca 
Jugando Partidos contra vecino 0
Resultado 15
28366.2
Yo soy: 
0 91 62 58 54 35 10 19 4 1 24 71 57 61 26 90 34 21 El mejor fue: 0
0 91 62 58 54 35 10 19 4 1 24 71 57 41 26 90 34 21 Generación 193
arranca 
Jugando Partidos contra vecino 0
Resultado 9
33658.6
Jugando Partidos contra vecino 1
Resultado 11
56950.5
Yo soy: 
0 91 62 58 54 35 10 19 4 1 24 71 57 41 26 90 34 21 El mejor fue: 1
0 91 62 58 54 35 10 19 4 1 24 71 77 41 26 90 34 21 Generación 192
arranca 
Jugando Partidos contra vecino 0
Resultado 9
40070.6
Jugando Partidos contra vecino 1
Resultado 13
41859.7
Yo soy: 
0 91 62 58 54 35 10 19 4 1 24 71 77 41 26 90 34 21 El mejor fue: 1
0 91 62 78 54 35 10 19 4 1 24 71 77 41 26 90 34 21 Generación 191
arranca 
Jugando Partidos contra vecino 0
Resultado 13
58669
Yo soy: 
0 91 62 78 54 35 10 19 4 1 24 71 77 41 26 90 34 21 El mejor fue: 0
0 91 42 78 54 35 10 19 4 1 24 71 77 41 26 90 34 21 Generación 190
arranca 
Jugando Partidos contra vecino 0
Resultado 13
59417.7
Yo soy: 
0 91 42 78 54 35 10 19 4 1 24 71 77 41 26 90 34 21 El mejor fue: 0
0 91 62 78 54 35 10 19 4 1 24 71 77 41 26 90 34 21 Generación 189
arranca 
Jugando Partidos contra vecino 0
Resultado 11
36121.4
Yo soy: 
0 91 62 78 54 35 10 19 4 1 24 71 77 41 26 90 34 21 El mejor fue: 0
0 91 62 78 54 35 10 19 4 1 24 71 77 21 26 90 34 21 Generación 188
arranca 
Jugando Partidos contra vecino 0
Resultado 13
35728.9
Yo soy: 
0 91 62 78 54 35 10 19 4 1 24 71 77 21 26 90 34 21 El mejor fue: 0
0 91 62 78 54 35 10 19 4 1 24 71 77 21 26 90 14 21 Generación 187
arranca 
Jugando Partidos contra vecino 0
Resultado 15
37193
Yo soy: 
0 91 62 78 54 35 10 19 4 1 24 71 77 21 26 90 14 21 El mejor fue: 0
0 91 62 78 54 35 10 19 4 1 24 71 77 21 6 90 14 21 Generación 186
arranca 
Jugando Partidos contra vecino 0
Resultado 15
48516.5
Yo soy: 
0 91 62 78 54 35 10 19 4 1 24 71 77 21 6 90 14 21 El mejor fue: 0
0 71 62 78 54 35 10 19 4 1 24 71 77 21 6 90 14 21 Generación 185
arranca 
Jugando Partidos contra vecino 0
Resultado 13
50805.4
Yo soy: 
0 71 62 78 54 35 10 19 4 1 24 71 77 21 6 90 14 21 El mejor fue: 0
0 71 62 98 54 35 10 19 4 1 24 71 77 21 6 90 14 21 Generación 184
arranca 
Jugando Partidos contra vecino 0
Resultado 15
43841.9
Yo soy: 
0 71 62 98 54 35 10 19 4 1 24 71 77 21 6 90 14 21 El mejor fue: 0
0 91 62 98 54 35 10 19 4 1 24 71 77 21 6 90 14 21 Generación 183
arranca 
Jugando Partidos contra vecino 0
Resultado 4
22812.2
Jugando Partidos contra vecino 1
Resultado 15
54262.9
Yo soy: 
0 91 62 98 54 35 10 19 4 1 24 71 77 21 6 90 14 21 El mejor fue: 1
0 71 62 98 54 35 10 19 4 1 24 71 77 21 6 90 14 21 Generación 182
arranca 
Jugando Partidos contra vecino 0
Resultado 11
42792.4
Yo soy: 
0 71 62 98 54 35 10 19 4 1 24 71 77 21 6 90 14 21 El mejor fue: 0
20 71 62 98 54 35 10 19 4 1 24 71 77 21 6 90 14 21 Generación 181
arranca 
Jugando Partidos contra vecino 0
Resultado 7
17154.4
Jugando Partidos contra vecino 1
Resultado 11
32463.6
Yo soy: 
20 71 62 98 54 35 10 19 4 1 24 71 77 21 6 90 14 21 El mejor fue: 1
20 71 62 98 54 35 10 19 -16 1 24 71 77 21 6 90 14 21 Generación 180
arranca 
Jugando Partidos contra vecino 0
Resultado 13
36438.5
Yo soy: 
20 71 62 98 54 35 10 19 -16 1 24 71 77 21 6 90 14 21 El mejor fue: 0
20 71 62 98 54 35 10 19 -16 1 24 71 77 21 -14 90 14 21 Generación 179
arranca 
Jugando Partidos contra vecino 0
Resultado 15
31220.9
Yo soy: 
20 71 62 98 54 35 10 19 -16 1 24 71 77 21 -14 90 14 21 El mejor fue: 0
20 71 62 98 54 35 10 19 -16 1 24 71 77 21 -34 90 14 21 Generación 178
arranca 
Jugando Partidos contra vecino 0
Resultado 15
33860.4
Yo soy: 
20 71 62 98 54 35 10 19 -16 1 24 71 77 21 -34 90 14 21 El mejor fue: 0
20 71 62 98 54 35 10 19 -16 1 24 71 77 21 -14 90 14 21 Generación 177
arranca 
Jugando Partidos contra vecino 0
Resultado 4
24265.8
Jugando Partidos contra vecino 1
Resultado 11
27579.1
Yo soy: 
20 71 62 98 54 35 10 19 -16 1 24 71 77 21 -14 90 14 21 El mejor fue: 1
20 71 62 98 54 35 10 19 -16 1 24 71 77 21 -14 90 14 1 Generación 176
arranca 
Jugando Partidos contra vecino 0
Resultado 13
28445.4
Yo soy: 
20 71 62 98 54 35 10 19 -16 1 24 71 77 21 -14 90 14 1 El mejor fue: 0
20 71 62 98 54 35 10 19 -16 1 24 71 97 21 -14 90 14 1 Generación 175
arranca 
Jugando Partidos contra vecino 0
Resultado 13
43228.6
Yo soy: 
20 71 62 98 54 35 10 19 -16 1 24 71 97 21 -14 90 14 1 El mejor fue: 0
20 71 62 78 54 35 10 19 -16 1 24 71 97 21 -14 90 14 1 Generación 174
arranca 
Jugando Partidos contra vecino 0
Resultado 15
49261.1
Yo soy: 
20 71 62 78 54 35 10 19 -16 1 24 71 97 21 -14 90 14 1 El mejor fue: 0
20 71 62 78 54 35 10 19 -16 -19 24 71 97 21 -14 90 14 1 Generación 173
arranca 
Jugando Partidos contra vecino 0
Resultado 15
30436.5
Yo soy: 
20 71 62 78 54 35 10 19 -16 -19 24 71 97 21 -14 90 14 1 El mejor fue: 0
20 71 62 98 54 35 10 19 -16 -19 24 71 97 21 -14 90 14 1 Generación 172
arranca 
Jugando Partidos contra vecino 0
Resultado 15
65946.8
Yo soy: 
20 71 62 98 54 35 10 19 -16 -19 24 71 97 21 -14 90 14 1 El mejor fue: 0
20 71 62 58 54 35 10 19 -16 -19 24 71 97 21 -14 90 14 1 Generación 171
arranca 
Jugando Partidos contra vecino 0
Resultado 15
77576.1
Yo soy: 
20 71 62 58 54 35 10 19 -16 -19 24 71 97 21 -14 90 14 1 El mejor fue: 0
20 71 62 58 54 35 10 19 -16 -19 24 71 97 1 -14 90 14 1 Generación 170
arranca 
Jugando Partidos contra vecino 0
Resultado 15
63931.6
Yo soy: 
20 71 62 58 54 35 10 19 -16 -19 24 71 97 1 -14 90 14 1 El mejor fue: 0
20 71 62 58 54 35 10 19 -16 -19 24 71 97 1 -34 90 14 1 Generación 169
arranca 
Jugando Partidos contra vecino 0
Resultado 15
64247.5
Yo soy: 
20 71 62 58 54 35 10 19 -16 -19 24 71 97 1 -34 90 14 1 El mejor fue: 0
20 71 62 58 54 35 10 19 -16 -19 44 71 97 1 -34 90 14 1 Generación 168
arranca 
Jugando Partidos contra vecino 0
Resultado 13
53217.4
Yo soy: 
20 71 62 58 54 35 10 19 -16 -19 44 71 97 1 -34 90 14 1 El mejor fue: 0
20 71 62 58 54 35 10 19 -16 -19 44 51 97 1 -34 90 14 1 Generación 167
arranca 
Jugando Partidos contra vecino 0
Resultado 15
49944.6
Yo soy: 
20 71 62 58 54 35 10 19 -16 -19 44 51 97 1 -34 90 14 1 El mejor fue: 0
0 71 62 58 54 35 10 19 -16 -19 44 51 97 1 -34 90 14 1 Generación 166
arranca 
Jugando Partidos contra vecino 0
Resultado 13
54094.6
Yo soy: 
0 71 62 58 54 35 10 19 -16 -19 44 51 97 1 -34 90 14 1 El mejor fue: 0
0 71 62 58 54 35 30 19 -16 -19 44 51 97 1 -34 90 14 1 Generación 165
arranca 
Jugando Partidos contra vecino 0
Resultado 4
57505.5
Jugando Partidos contra vecino 1
Resultado 13
46393.7
Yo soy: 
0 71 62 58 54 35 30 19 -16 -19 44 51 97 1 -34 90 14 1 El mejor fue: 1
0 71 62 58 54 35 30 19 -16 -19 24 51 97 1 -34 90 14 1 Generación 164
arranca 
Jugando Partidos contra vecino 0
Resultado 15
39215.6
Yo soy: 
0 71 62 58 54 35 30 19 -16 -19 24 51 97 1 -34 90 14 1 El mejor fue: 0
0 71 62 58 54 35 30 19 -16 -19 24 51 97 1 -34 90 -6 1 Generación 163
arranca 
Jugando Partidos contra vecino 0
Resultado 11
36943.2
Yo soy: 
0 71 62 58 54 35 30 19 -16 -19 24 51 97 1 -34 90 -6 1 El mejor fue: 0
0 71 62 58 54 35 50 19 -16 -19 24 51 97 1 -34 90 -6 1 Generación 162
arranca 
Jugando Partidos contra vecino 0
Resultado 15
37332.9
Yo soy: 
0 71 62 58 54 35 50 19 -16 -19 24 51 97 1 -34 90 -6 1 El mejor fue: 0
0 71 62 58 54 35 30 19 -16 -19 24 51 97 1 -34 90 -6 1 Generación 161
arranca 
Jugando Partidos contra vecino 0
Resultado 13
39585.6
Yo soy: 
0 71 62 58 54 35 30 19 -16 -19 24 51 97 1 -34 90 -6 1 El mejor fue: 0
0 71 62 58 54 35 30 19 -36 -19 24 51 97 1 -34 90 -6 1 Generación 160
arranca 
Jugando Partidos contra vecino 0
Resultado 15
42220.2
Yo soy: 
0 71 62 58 54 35 30 19 -36 -19 24 51 97 1 -34 90 -6 1 El mejor fue: 0
0 71 62 58 54 35 30 19 -36 -19 4 51 97 1 -34 90 -6 1 Generación 159
arranca 
Jugando Partidos contra vecino 0
Resultado 13
46061
Yo soy: 
0 71 62 58 54 35 30 19 -36 -19 4 51 97 1 -34 90 -6 1 El mejor fue: 0
0 71 62 58 54 35 30 19 -36 -19 24 51 97 1 -34 90 -6 1 Generación 158
arranca 
Jugando Partidos contra vecino 0
Resultado 4
31572.6
Jugando Partidos contra vecino 1
Resultado 11
44770.5
Yo soy: 
0 71 62 58 54 35 30 19 -36 -19 24 51 97 1 -34 90 -6 1 El mejor fue: 1
0 71 62 58 54 35 30 19 -36 -19 24 51 97 1 -54 90 -6 1 Generación 157
arranca 
Jugando Partidos contra vecino 0
Resultado 9
48684.3
Jugando Partidos contra vecino 1
Resultado 15
39508
Yo soy: 
0 71 62 58 54 35 30 19 -36 -19 24 51 97 1 -54 90 -6 1 El mejor fue: 1
0 71 62 78 54 35 30 19 -36 -19 24 51 97 1 -54 90 -6 1 Generación 156
arranca 
Jugando Partidos contra vecino 0
Resultado 11
32746.1
Yo soy: 
0 71 62 78 54 35 30 19 -36 -19 24 51 97 1 -54 90 -6 1 El mejor fue: 0
0 71 62 78 54 35 30 19 -36 -19 24 51 97 1 -34 90 -6 1 Generación 155
arranca 
Jugando Partidos contra vecino 0
Resultado 4
38964.7
Jugando Partidos contra vecino 1
Resultado 5
34691.1
Jugando Partidos contra vecino 2
Resultado 13
40152.8
Yo soy: 
0 71 62 78 54 35 30 19 -36 -19 24 51 97 1 -34 90 -6 1 El mejor fue: 2
0 71 62 78 74 35 30 19 -36 -19 24 51 97 1 -34 90 -6 1 Generación 154
arranca 
Jugando Partidos contra vecino 0
Resultado 5
12772.3
Jugando Partidos contra vecino 1
Resultado 11
41755.4
Yo soy: 
0 71 62 78 74 35 30 19 -36 -19 24 51 97 1 -34 90 -6 1 El mejor fue: 1
0 71 62 78 54 35 30 19 -36 -19 24 51 97 1 -34 90 -6 1 Generación 153
arranca 
Jugando Partidos contra vecino 0
Resultado 11
30234.8
Yo soy: 
0 71 62 78 54 35 30 19 -36 -19 24 51 97 1 -34 90 -6 1 El mejor fue: 0
0 71 62 78 54 35 30 19 -36 -19 4 51 97 1 -34 90 -6 1 Generación 152
arranca 
Jugando Partidos contra vecino 0
Resultado 13
29545.6
Yo soy: 
0 71 62 78 54 35 30 19 -36 -19 4 51 97 1 -34 90 -6 1 El mejor fue: 0
0 71 62 78 54 35 30 19 -36 -19 4 51 97 1 -34 90 -6 21 Generación 151
arranca 
Jugando Partidos contra vecino 0
Resultado 2
26815.7
Jugando Partidos contra vecino 1
Resultado 15
45633.6
Yo soy: 
0 71 62 78 54 35 30 19 -36 -19 4 51 97 1 -34 90 -6 21 El mejor fue: 1
0 71 62 78 54 35 30 19 -36 -19 4 51 97 -19 -34 90 -6 21 Generación 150
arranca 
Jugando Partidos contra vecino 0
Resultado 11
26628.9
Yo soy: 
0 71 62 78 54 35 30 19 -36 -19 4 51 97 -19 -34 90 -6 21 El mejor fue: 0
0 71 62 78 54 35 30 19 -36 -19 4 31 97 -19 -34 90 -6 21 Generación 149
arranca 
Jugando Partidos contra vecino 0
Resultado 9
19562.6
Jugando Partidos contra vecino 1
Resultado 15
27220.5
Yo soy: 
0 71 62 78 54 35 30 19 -36 -19 4 31 97 -19 -34 90 -6 21 El mejor fue: 1
-20 71 62 78 54 35 30 19 -36 -19 4 31 97 -19 -34 90 -6 21 Generación 148
arranca 
Jugando Partidos contra vecino 0
Resultado 11
29764.2
Yo soy: 
-20 71 62 78 54 35 30 19 -36 -19 4 31 97 -19 -34 90 -6 21 El mejor fue: 0
-20 71 62 78 54 35 10 19 -36 -19 4 31 97 -19 -34 90 -6 21 Generación 147
arranca 
Jugando Partidos contra vecino 0
Resultado 7
21575.4
Jugando Partidos contra vecino 1
Resultado 11
31071.5
Yo soy: 
-20 71 62 78 54 35 10 19 -36 -19 4 31 97 -19 -34 90 -6 21 El mejor fue: 1
-20 71 62 78 54 15 10 19 -36 -19 4 31 97 -19 -34 90 -6 21 Generación 146
arranca 
Jugando Partidos contra vecino 0
Resultado 7
16898.8
Jugando Partidos contra vecino 1
Resultado 13
29250.8
Yo soy: 
-20 71 62 78 54 15 10 19 -36 -19 4 31 97 -19 -34 90 -6 21 El mejor fue: 1
-20 71 62 78 54 -5 10 19 -36 -19 4 31 97 -19 -34 90 -6 21 Generación 145
arranca 
Jugando Partidos contra vecino 0
Resultado 7
16869.4
Jugando Partidos contra vecino 1
Resultado 11
33254.7
Yo soy: 
-20 71 62 78 54 -5 10 19 -36 -19 4 31 97 -19 -34 90 -6 21 El mejor fue: 1
-20 71 62 78 54 -5 30 19 -36 -19 4 31 97 -19 -34 90 -6 21 Generación 144
arranca 
Jugando Partidos contra vecino 0
Resultado 9
19672.9
Jugando Partidos contra vecino 1
Resultado 11
17583.8
Yo soy: 
-20 71 62 78 54 -5 30 19 -36 -19 4 31 97 -19 -34 90 -6 21 El mejor fue: 1
-20 71 62 78 54 -5 30 -1 -36 -19 4 31 97 -19 -34 90 -6 21 Generación 143
arranca 
Jugando Partidos contra vecino 0
Resultado 9
15699.8
Jugando Partidos contra vecino 1
Resultado 11
22133.7
Yo soy: 
-20 71 62 78 54 -5 30 -1 -36 -19 4 31 97 -19 -34 90 -6 21 El mejor fue: 1
-20 71 62 78 54 -5 30 -1 -36 -19 4 31 97 -19 -34 90 -26 21 Generación 142
arranca 
Jugando Partidos contra vecino 0
Resultado 11
30900.4
Yo soy: 
-20 71 62 78 54 -5 30 -1 -36 -19 4 31 97 -19 -34 90 -26 21 El mejor fue: 0
-20 71 62 58 54 -5 30 -1 -36 -19 4 31 97 -19 -34 90 -26 21 Generación 141
arranca 
Jugando Partidos contra vecino 0
Resultado 5
45155
Jugando Partidos contra vecino 1
Resultado 7
16543.2
Jugando Partidos contra vecino 2
Resultado 5
33237.8
Jugando Partidos contra vecino 3
Resultado 7
37301.9
Jugando Partidos contra vecino 4
Resultado 5
46244.3
Jugando Partidos contra vecino 5
Resultado 5
48247.6
Jugando Partidos contra vecino 6
Resultado 5
40120.8
Jugando Partidos contra vecino 7
Resultado 7
43062.4
Jugando Partidos contra vecino 8
Resultado 7
41085.1
Jugando Partidos contra vecino 9
Resultado 5
46830.4
Jugando Partidos contra vecino 10
Resultado 5
31865.9
Jugando Partidos contra vecino 11
Resultado 7
43739.9
Jugando Partidos contra vecino 12
Resultado 5
41067.1
Jugando Partidos contra vecino 13
Resultado 7
39278.7
Jugando Partidos contra vecino 14
Resultado 5
44709.1
Jugando Partidos contra vecino 15
Resultado 5
31950.1
Jugando Partidos contra vecino 16
Resultado 5
41468
Jugando Partidos contra vecino 17
Resultado 9
36263.5
Jugando Partidos contra vecino 18
Resultado 7
38391.7
Jugando Partidos contra vecino 19
Resultado 5
33037.6
Jugando Partidos contra vecino 20
Resultado 5
25725.5
Jugando Partidos contra vecino 21
Resultado 5
39295
Jugando Partidos contra vecino 22
Resultado 5
31306.6
Jugando Partidos contra vecino 23
Resultado 5
37720.8
Jugando Partidos contra vecino 24
Resultado 5
34705.5
Jugando Partidos contra vecino 25
Resultado 7
44343.7
Jugando Partidos contra vecino 26
Resultado 7
38404.2
Jugando Partidos contra vecino 27
Resultado 5
35773.2
Jugando Partidos contra vecino 28
Resultado 7
38743.8
Jugando Partidos contra vecino 29
Resultado 7
45132.9
Jugando Partidos contra vecino 30
Resultado 7
35979
Jugando Partidos contra vecino 31
Resultado 5
30109.1
Jugando Partidos contra vecino 32
Resultado 9
32078.1
Jugando Partidos contra vecino 33
Resultado 5
44687
Jugando Partidos contra vecino 34
Resultado 7
41013.9
Jugando Partidos contra vecino 35
Resultado 11
31884.9
Yo soy: 
-20 71 62 58 54 -5 30 -1 -36 -19 4 31 97 -19 -34 90 -26 21 El mejor fue: 35
-20 71 62 58 54 -5 30 -1 -36 -19 4 31 97 1 -34 90 -26 21 Generación 140
arranca 
Jugando Partidos contra vecino 0
Resultado 9
29341.7
Jugando Partidos contra vecino 1
Resultado 7
41249.8
Jugando Partidos contra vecino 2
Resultado 5
24547.8
Jugando Partidos contra vecino 3
Resultado 9
45235.1
Jugando Partidos contra vecino 4
Resultado 5
38327.5
Jugando Partidos contra vecino 5
Resultado 9
40154.5
Jugando Partidos contra vecino 6
Resultado 7
42312
Jugando Partidos contra vecino 7
Resultado 9
45538.5
Jugando Partidos contra vecino 8
Resultado 5
29286.6
Jugando Partidos contra vecino 9
Resultado 11
43605.5
Yo soy: 
-20 71 62 58 54 -5 30 -1 -36 -19 4 31 97 1 -34 90 -26 21 El mejor fue: 9
-20 71 62 58 54 -5 30 -1 -36 -19 4 31 97 1 -54 90 -26 21 Generación 139
arranca 
Jugando Partidos contra vecino 0
Resultado 7
36414.6
Jugando Partidos contra vecino 1
Resultado 9
30242
Jugando Partidos contra vecino 2
Resultado 4
30162.7
Jugando Partidos contra vecino 3
Resultado 9
30212.8
Jugando Partidos contra vecino 4
Resultado 5
36065.4
Jugando Partidos contra vecino 5
Resultado 5
41173
Jugando Partidos contra vecino 6
Resultado 13
27933.5
Yo soy: 
-20 71 62 58 54 -5 30 -1 -36 -19 4 31 97 1 -54 90 -26 21 El mejor fue: 6
-20 71 62 58 54 -5 30 -1 -36 -19 4 31 97 21 -54 90 -26 21 Generación 138
arranca 
Jugando Partidos contra vecino 0
Resultado 15
33925.2
Yo soy: 
-20 71 62 58 54 -5 30 -1 -36 -19 4 31 97 21 -54 90 -26 21 El mejor fue: 0
-20 71 62 58 54 -25 30 -1 -36 -19 4 31 97 21 -54 90 -26 21 Generación 137
arranca 
Jugando Partidos contra vecino 0
Resultado 9
27337.5
Jugando Partidos contra vecino 1
Resultado 11
32738.8
Yo soy: 
-20 71 62 58 54 -25 30 -1 -36 -19 4 31 97 21 -54 90 -26 21 El mejor fue: 1
-20 71 62 58 54 -25 30 -1 -36 -19 4 31 77 21 -54 90 -26 21 Generación 136
arranca 
Jugando Partidos contra vecino 0
Resultado 9
40447.3
Jugando Partidos contra vecino 1
Resultado 11
34574.7
Yo soy: 
-20 71 62 58 54 -25 30 -1 -36 -19 4 31 77 21 -54 90 -26 21 El mejor fue: 1
-20 71 82 58 54 -25 30 -1 -36 -19 4 31 77 21 -54 90 -26 21 Generación 135
arranca 
Jugando Partidos contra vecino 0
Resultado 7
27020.8
Jugando Partidos contra vecino 1
Resultado 9
25500
Jugando Partidos contra vecino 2
Resultado 7
21418.1
Jugando Partidos contra vecino 3
Resultado 11
25740.2
Yo soy: 
-20 71 82 58 54 -25 30 -1 -36 -19 4 31 77 21 -54 90 -26 21 El mejor fue: 3
-20 71 82 58 54 -25 30 -1 -36 -19 4 51 77 21 -54 90 -26 21 Generación 134
arranca 
Jugando Partidos contra vecino 0
Resultado 13
27550.3
Yo soy: 
-20 71 82 58 54 -25 30 -1 -36 -19 4 51 77 21 -54 90 -26 21 El mejor fue: 0
-20 71 62 58 54 -25 30 -1 -36 -19 4 51 77 21 -54 90 -26 21 Generación 133
arranca 
Jugando Partidos contra vecino 0
Resultado 9
26687.6
Jugando Partidos contra vecino 1
Resultado 13
25796.5
Yo soy: 
-20 71 62 58 54 -25 30 -1 -36 -19 4 51 77 21 -54 90 -26 21 El mejor fue: 1
-40 71 62 58 54 -25 30 -1 -36 -19 4 51 77 21 -54 90 -26 21 Generación 132
arranca 
Jugando Partidos contra vecino 0
Resultado 15
31248.7
Yo soy: 
-40 71 62 58 54 -25 30 -1 -36 -19 4 51 77 21 -54 90 -26 21 El mejor fue: 0
-40 71 62 58 54 -25 30 19 -36 -19 4 51 77 21 -54 90 -26 21 Generación 131
arranca 
Jugando Partidos contra vecino 0
Resultado 9
27961.7
Jugando Partidos contra vecino 1
Resultado 13
27217.4
Yo soy: 
-40 71 62 58 54 -25 30 19 -36 -19 4 51 77 21 -54 90 -26 21 El mejor fue: 1
-20 71 62 58 54 -25 30 19 -36 -19 4 51 77 21 -54 90 -26 21 Generación 130
arranca 
Jugando Partidos contra vecino 0
Resultado 11
25744.1
Yo soy: 
-20 71 62 58 54 -25 30 19 -36 -19 4 51 77 21 -54 90 -26 21 El mejor fue: 0
-20 71 62 58 54 -25 30 19 -36 -19 4 71 77 21 -54 90 -26 21 Generación 129
arranca 
Jugando Partidos contra vecino 0
Resultado 11
24317.3
Yo soy: 
-20 71 62 58 54 -25 30 19 -36 -19 4 71 77 21 -54 90 -26 21 El mejor fue: 0
-20 71 62 58 54 -25 30 19 -36 -19 4 71 77 41 -54 90 -26 21 Generación 128
arranca 
Jugando Partidos contra vecino 0
Resultado 13
29723.4
Yo soy: 
-20 71 62 58 54 -25 30 19 -36 -19 4 71 77 41 -54 90 -26 21 El mejor fue: 0
-20 71 62 58 54 -25 30 19 -36 -19 4 71 77 41 -74 90 -26 21 Generación 127
arranca 
Jugando Partidos contra vecino 0
Resultado 9
31737.3
Jugando Partidos contra vecino 1
Resultado 9
31377.1
Jugando Partidos contra vecino 2
Resultado 11
39048.1
Yo soy: 
-20 71 62 58 54 -25 30 19 -36 -19 4 71 77 41 -74 90 -26 21 El mejor fue: 2
-20 71 62 58 54 -25 30 19 -36 -19 4 71 77 41 -54 90 -26 21 Generación 126
arranca 
Jugando Partidos contra vecino 0
Resultado 11
27927.9
Yo soy: 
-20 71 62 58 54 -25 30 19 -36 -19 4 71 77 41 -54 90 -26 21 El mejor fue: 0
-20 71 62 58 54 -25 30 19 -36 -19 4 71 77 41 -54 90 -46 21 Generación 125
arranca 
Jugando Partidos contra vecino 0
Resultado 9
27461.9
Jugando Partidos contra vecino 1
Resultado 9
33756.2
Jugando Partidos contra vecino 2
Resultado 9
24499
Jugando Partidos contra vecino 3
Resultado 5
19545.6
Jugando Partidos contra vecino 4
Resultado 9
36347.3
Jugando Partidos contra vecino 5
Resultado 13
61915
Yo soy: 
-20 71 62 58 54 -25 30 19 -36 -19 4 71 77 41 -54 90 -46 21 El mejor fue: 5
-20 71 62 58 54 -25 30 19 -36 -19 4 91 77 41 -54 90 -46 21 Generación 124
arranca 
Jugando Partidos contra vecino 0
Resultado 15
71340.4
Yo soy: 
-20 71 62 58 54 -25 30 19 -36 -19 4 91 77 41 -54 90 -46 21 El mejor fue: 0
-20 71 62 58 54 -25 30 19 -36 -19 4 91 77 61 -54 90 -46 21 Generación 123
arranca 
Jugando Partidos contra vecino 0
Resultado 15
69473.4
Yo soy: 
-20 71 62 58 54 -25 30 19 -36 -19 4 91 77 61 -54 90 -46 21 El mejor fue: 0
-20 71 62 58 54 -5 30 19 -36 -19 4 91 77 61 -54 90 -46 21 Generación 122
arranca 
Jugando Partidos contra vecino 0
Resultado 10
47544.4
Yo soy: 
-20 71 62 58 54 -5 30 19 -36 -19 4 91 77 61 -54 90 -46 21 El mejor fue: 0
-20 71 62 58 54 -5 30 19 -36 -19 4 91 77 81 -54 90 -46 21 Generación 121
arranca 
Jugando Partidos contra vecino 0
Resultado 4
33114.5
Jugando Partidos contra vecino 1
Resultado 15
69171.8
Yo soy: 
-20 71 62 58 54 -5 30 19 -36 -19 4 91 77 81 -54 90 -46 21 El mejor fue: 1
-20 71 62 58 54 -5 30 19 -36 -19 4 91 77 81 -54 90 -46 1 Generación 120
arranca 
Jugando Partidos contra vecino 0
Resultado 3
19357.8
Jugando Partidos contra vecino 1
Resultado 11
54940.5
Yo soy: 
-20 71 62 58 54 -5 30 19 -36 -19 4 91 77 81 -54 90 -46 1 El mejor fue: 1
0 71 62 58 54 -5 30 19 -36 -19 4 91 77 81 -54 90 -46 1 Generación 119
arranca 
Jugando Partidos contra vecino 0
Resultado 7
21526.2
Jugando Partidos contra vecino 1
Resultado 15
62778.7
Yo soy: 
0 71 62 58 54 -5 30 19 -36 -19 4 91 77 81 -54 90 -46 1 El mejor fue: 1
0 71 62 38 54 -5 30 19 -36 -19 4 91 77 81 -54 90 -46 1 Generación 118
arranca 
Jugando Partidos contra vecino 0
Resultado 15
60256.8
Yo soy: 
0 71 62 38 54 -5 30 19 -36 -19 4 91 77 81 -54 90 -46 1 El mejor fue: 0
0 71 62 38 54 -5 30 19 -36 -39 4 91 77 81 -54 90 -46 1 Generación 117
arranca 
Jugando Partidos contra vecino 0
Resultado 13
44456.6
Yo soy: 
0 71 62 38 54 -5 30 19 -36 -39 4 91 77 81 -54 90 -46 1 El mejor fue: 0
0 71 62 38 54 15 30 19 -36 -39 4 91 77 81 -54 90 -46 1 Generación 116
arranca 
Jugando Partidos contra vecino 0
Resultado 13
50543.1
Yo soy: 
0 71 62 38 54 15 30 19 -36 -39 4 91 77 81 -54 90 -46 1 El mejor fue: 0
0 71 62 38 54 15 30 19 -36 -39 4 91 77 81 -54 90 -66 1 Generación 115
arranca 
Jugando Partidos contra vecino 0
Resultado 13
53694.2
Yo soy: 
0 71 62 38 54 15 30 19 -36 -39 4 91 77 81 -54 90 -66 1 El mejor fue: 0
0 71 62 38 54 15 30 19 -36 -19 4 91 77 81 -54 90 -66 1 Generación 114
arranca 
Jugando Partidos contra vecino 0
Resultado 13
65281.2
Yo soy: 
0 71 62 38 54 15 30 19 -36 -19 4 91 77 81 -54 90 -66 1 El mejor fue: 0
0 71 62 38 54 15 30 19 -36 -19 4 91 77 81 -34 90 -66 1 Generación 113
arranca 
Jugando Partidos contra vecino 0
Resultado 13
46127.8
Yo soy: 
0 71 62 38 54 15 30 19 -36 -19 4 91 77 81 -34 90 -66 1 El mejor fue: 0
0 71 62 38 54 15 30 19 -36 -19 4 91 77 81 -34 90 -66 21 Generación 112
arranca 
Jugando Partidos contra vecino 0
Resultado 15
69897.9
Yo soy: 
0 71 62 38 54 15 30 19 -36 -19 4 91 77 81 -34 90 -66 21 El mejor fue: 0
0 71 62 38 54 15 30 19 -36 -19 4 91 77 81 -34 90 -66 1 Generación 111
arranca 
Jugando Partidos contra vecino 0
Resultado 9
47852
Jugando Partidos contra vecino 1
Resultado 1
19197.5
Jugando Partidos contra vecino 2
Resultado 13
66700.2
Yo soy: 
0 71 62 38 54 15 30 19 -36 -19 4 91 77 81 -34 90 -66 1 El mejor fue: 2
0 71 62 38 54 15 30 19 -36 -19 4 91 77 61 -34 90 -66 1 Generación 110
arranca 
Jugando Partidos contra vecino 0
Resultado 11
55045.8
Yo soy: 
0 71 62 38 54 15 30 19 -36 -19 4 91 77 61 -34 90 -66 1 El mejor fue: 0
0 71 62 38 54 15 10 19 -36 -19 4 91 77 61 -34 90 -66 1 Generación 109
arranca 
Jugando Partidos contra vecino 0
Resultado 15
85019.9
Yo soy: 
0 71 62 38 54 15 10 19 -36 -19 4 91 77 61 -34 90 -66 1 El mejor fue: 0
0 71 62 38 54 15 10 19 -36 -19 4 91 77 81 -34 90 -66 1 Generación 108
arranca 
Jugando Partidos contra vecino 0
Resultado 5
16934.5
Jugando Partidos contra vecino 1
Resultado 13
69126.1
Yo soy: 
0 71 62 38 54 15 10 19 -36 -19 4 91 77 81 -34 90 -66 1 El mejor fue: 1
0 71 62 38 34 15 10 19 -36 -19 4 91 77 81 -34 90 -66 1 Generación 107
arranca 
Jugando Partidos contra vecino 0
Resultado 12
64132.6
Yo soy: 
0 71 62 38 34 15 10 19 -36 -19 4 91 77 81 -34 90 -66 1 El mejor fue: 0
0 71 62 38 34 15 -10 19 -36 -19 4 91 77 81 -34 90 -66 1 Generación 106
arranca 
Jugando Partidos contra vecino 0
Resultado 0
17726.3
Jugando Partidos contra vecino 1
Resultado 8
46245.9
Jugando Partidos contra vecino 2
Resultado 6
42925.1
Jugando Partidos contra vecino 3
Resultado 8
49113.3
Jugando Partidos contra vecino 4
Resultado 8
51235.8
Jugando Partidos contra vecino 5
Resultado 6
35353.2
Jugando Partidos contra vecino 6
Resultado 0
20410.1
Jugando Partidos contra vecino 7
Resultado 13
63395.9
Yo soy: 
0 71 62 38 34 15 -10 19 -36 -19 4 91 77 81 -34 90 -66 1 El mejor fue: 7
0 71 62 38 34 15 -10 19 -36 -19 4 91 77 81 -34 90 -66 21 Generación 105
arranca 
Jugando Partidos contra vecino 0
Resultado 1
18197.7
Jugando Partidos contra vecino 1
Resultado 0
19573.4
Jugando Partidos contra vecino 2
Resultado 9
34920.7
Jugando Partidos contra vecino 3
Resultado 7
56189.3
Jugando Partidos contra vecino 4
Resultado 3
28293.8
Jugando Partidos contra vecino 5
Resultado 7
45888.8
Jugando Partidos contra vecino 6
Resultado 0
19813.8
Jugando Partidos contra vecino 7
Resultado 5
47730.8
Jugando Partidos contra vecino 8
Resultado 6
40793.8
Jugando Partidos contra vecino 9
Resultado 0
19768.5
Jugando Partidos contra vecino 10
Resultado 7
54199
Jugando Partidos contra vecino 11
Resultado 5
42111.9
Jugando Partidos contra vecino 12
Resultado 6
39109.4
Jugando Partidos contra vecino 13
Resultado 5
38799.6
Jugando Partidos contra vecino 14
Resultado 0
17660
Jugando Partidos contra vecino 15
Resultado 3
24264.2
Jugando Partidos contra vecino 16
Resultado 0
20585.8
Jugando Partidos contra vecino 17
Resultado 0
21562.7
Jugando Partidos contra vecino 18
Resultado 9
44227.8
Jugando Partidos contra vecino 19
Resultado 1
24722.2
Jugando Partidos contra vecino 20
Resultado 3
39210.9
Jugando Partidos contra vecino 21
Resultado 9
47562.1
Jugando Partidos contra vecino 22
Resultado 5
46175.9
Jugando Partidos contra vecino 23
Resultado 7
43827.4
Jugando Partidos contra vecino 24
Resultado 13
34698.8
Yo soy: 
0 71 62 38 34 15 -10 19 -36 -19 4 91 77 81 -34 90 -66 21 El mejor fue: 24
0 71 62 38 34 15 -10 19 -36 1 4 91 77 81 -34 90 -66 21 Generación 104
arranca 
Jugando Partidos contra vecino 0
Resultado 13
49182.4
Yo soy: 
0 71 62 38 34 15 -10 19 -36 1 4 91 77 81 -34 90 -66 21 El mejor fue: 0
0 71 62 38 34 15 -10 19 -36 1 4 91 77 81 -34 90 -46 21 Generación 103
arranca 
Jugando Partidos contra vecino 0
Resultado 11
41777.6
Yo soy: 
0 71 62 38 34 15 -10 19 -36 1 4 91 77 81 -34 90 -46 21 El mejor fue: 0
0 71 62 38 54 15 -10 19 -36 1 4 91 77 81 -34 90 -46 21 Generación 102
arranca 
Jugando Partidos contra vecino 0
Resultado 13
55381.3
Yo soy: 
0 71 62 38 54 15 -10 19 -36 1 4 91 77 81 -34 90 -46 21 El mejor fue: 0
0 71 62 38 54 15 -10 19 -36 1 4 91 77 41 -34 90 -46 21 Generación 101
arranca 
Jugando Partidos contra vecino 0
Resultado 2
28074.2
Jugando Partidos contra vecino 1
Resultado 5
13803.2
Jugando Partidos contra vecino 2
Resultado 7
20378.8
Jugando Partidos contra vecino 3
Resultado 9
22650.2
Jugando Partidos contra vecino 4
Resultado 15
60240.9
Yo soy: 
0 71 62 38 54 15 -10 19 -36 1 4 91 77 41 -34 90 -46 21 El mejor fue: 4
-20 71 62 38 54 15 -10 19 -36 1 4 91 77 41 -34 90 -46 21 Generación 100
arranca 
Jugando Partidos contra vecino 0
Resultado 11
34730.1
Yo soy: 
-20 71 62 38 54 15 -10 19 -36 1 4 91 77 41 -34 90 -46 21 El mejor fue: 0
-20 71 62 38 54 15 -10 19 -36 1 4 91 77 41 -54 90 -46 21 Generación 99
arranca 
Jugando Partidos contra vecino 0
Resultado 9
33597.4
Jugando Partidos contra vecino 1
Resultado 11
43187.6
Yo soy: 
-20 71 62 38 54 15 -10 19 -36 1 4 91 77 41 -54 90 -46 21 El mejor fue: 1
-20 71 62 18 54 15 -10 19 -36 1 4 91 77 41 -54 90 -46 21 Generación 98
arranca 
Jugando Partidos contra vecino 0
Resultado 2
27725.5
Jugando Partidos contra vecino 1
Resultado 13
40753.8
Yo soy: 
-20 71 62 18 54 15 -10 19 -36 1 4 91 77 41 -54 90 -46 21 El mejor fue: 1
-20 71 62 18 54 15 -10 19 -36 1 4 91 77 41 -34 90 -46 21 Generación 97
arranca 
Jugando Partidos contra vecino 0
Resultado 11
34197.6
Yo soy: 
-20 71 62 18 54 15 -10 19 -36 1 4 91 77 41 -34 90 -46 21 El mejor fue: 0
-20 71 82 18 54 15 -10 19 -36 1 4 91 77 41 -34 90 -46 21 Generación 96
arranca 
Jugando Partidos contra vecino 0
Resultado 9
24835.7
Jugando Partidos contra vecino 1
Resultado 9
28738.1
Jugando Partidos contra vecino 2
Resultado 11
30618.4
Yo soy: 
-20 71 82 18 54 15 -10 19 -36 1 4 91 77 41 -34 90 -46 21 El mejor fue: 2
-20 71 82 18 54 15 -10 19 -36 1 4 91 77 41 -34 90 -46 1 Generación 95
arranca 
Jugando Partidos contra vecino 0
Resultado 13
34242.6
Yo soy: 
-20 71 82 18 54 15 -10 19 -36 1 4 91 77 41 -34 90 -46 1 El mejor fue: 0
-20 71 82 18 54 15 -10 19 -36 1 4 91 77 41 -54 90 -46 1 Generación 94
arranca 
Jugando Partidos contra vecino 0
Resultado 11
28052.9
Yo soy: 
-20 71 82 18 54 15 -10 19 -36 1 4 91 77 41 -54 90 -46 1 El mejor fue: 0
-20 71 82 18 54 15 -10 19 -36 1 4 91 77 41 -54 90 -66 1 Generación 93
arranca 
Jugando Partidos contra vecino 0
Resultado 13
33450.5
Yo soy: 
-20 71 82 18 54 15 -10 19 -36 1 4 91 77 41 -54 90 -66 1 El mejor fue: 0
-20 71 82 18 54 15 -10 19 -36 1 4 51 77 41 -54 90 -66 1 Generación 92
arranca 
Jugando Partidos contra vecino 0
Resultado 5
19286.2
Jugando Partidos contra vecino 1
Resultado 7
28237.1
Jugando Partidos contra vecino 2
Resultado 5
17646.4
Jugando Partidos contra vecino 3
Resultado 7
34047.9
Jugando Partidos contra vecino 4
Resultado 5
33849.4
Jugando Partidos contra vecino 5
Resultado 9
35684.1
Jugando Partidos contra vecino 6
Resultado 7
29583.5
Jugando Partidos contra vecino 7
Resultado 7
33583.7
Jugando Partidos contra vecino 8
Resultado 5
27016.5
Jugando Partidos contra vecino 9
Resultado 7
27555.4
Jugando Partidos contra vecino 10
Resultado 5
15272.2
Jugando Partidos contra vecino 11
Resultado 5
26227
Jugando Partidos contra vecino 12
Resultado 9
32245.8
Jugando Partidos contra vecino 13
Resultado 7
27996.2
Jugando Partidos contra vecino 14
Resultado 9
31779.3
Jugando Partidos contra vecino 15
Resultado 5
25295.3
Jugando Partidos contra vecino 16
Resultado 9
37427.5
Jugando Partidos contra vecino 17
Resultado 9
29679.8
Jugando Partidos contra vecino 18
Resultado 5
16847.1
Jugando Partidos contra vecino 19
Resultado 11
35032.5
Yo soy: 
-20 71 82 18 54 15 -10 19 -36 1 4 51 77 41 -54 90 -66 1 El mejor fue: 19
-20 71 82 18 54 15 -10 -1 -36 1 4 51 77 41 -54 90 -66 1 Generación 91
arranca 
Jugando Partidos contra vecino 0
Resultado 9
35269
Jugando Partidos contra vecino 1
Resultado 5
31337
Jugando Partidos contra vecino 2
Resultado 9
42432.9
Jugando Partidos contra vecino 3
Resultado 9
31289.3
Jugando Partidos contra vecino 4
Resultado 7
22433.4
Jugando Partidos contra vecino 5
Resultado 5
15585.3
Jugando Partidos contra vecino 6
Resultado 5
14457.8
Jugando Partidos contra vecino 7
Resultado 7
34030.4
Jugando Partidos contra vecino 8
Resultado 7
32329
Jugando Partidos contra vecino 9
Resultado 7
37527.2
Jugando Partidos contra vecino 10
Resultado 9
35975.9
Jugando Partidos contra vecino 11
Resultado 7
34119.7
Jugando Partidos contra vecino 12
Resultado 5
27557.5
Jugando Partidos contra vecino 13
Resultado 9
30244.7
Jugando Partidos contra vecino 14
Resultado 5
23325.2
Jugando Partidos contra vecino 15
Resultado 7
31647.9
Jugando Partidos contra vecino 16
Resultado 9
31760.2
Jugando Partidos contra vecino 17
Resultado 7
31487
Jugando Partidos contra vecino 18
Resultado 7
29313.8
Jugando Partidos contra vecino 19
Resultado 5
26349.8
Jugando Partidos contra vecino 20
Resultado 5
29165.5
Jugando Partidos contra vecino 21
Resultado 11
37377.1
Yo soy: 
-20 71 82 18 54 15 -10 -1 -36 1 4 51 77 41 -54 90 -66 1 El mejor fue: 21
-20 71 82 18 54 15 -10 -1 -36 1 24 51 77 41 -54 90 -66 1 Generación 90
arranca 
Jugando Partidos contra vecino 0
Resultado 9
27462
Jugando Partidos contra vecino 1
Resultado 11
33067.1
Yo soy: 
-20 71 82 18 54 15 -10 -1 -36 1 24 51 77 41 -54 90 -66 1 El mejor fue: 1
-20 71 82 18 74 15 -10 -1 -36 1 24 51 77 41 -54 90 -66 1 Generación 89
arranca 
Jugando Partidos contra vecino 0
Resultado 13
35161.8
Yo soy: 
-20 71 82 18 74 15 -10 -1 -36 1 24 51 77 41 -54 90 -66 1 El mejor fue: 0
-20 71 62 18 74 15 -10 -1 -36 1 24 51 77 41 -54 90 -66 1 Generación 88
arranca 
Jugando Partidos contra vecino 0
Resultado 5
14143.1
Jugando Partidos contra vecino 1
Resultado 11
30560.4
Yo soy: 
-20 71 62 18 74 15 -10 -1 -36 1 24 51 77 41 -54 90 -66 1 El mejor fue: 1
-20 71 62 18 74 15 -10 -1 -16 1 24 51 77 41 -54 90 -66 1 Generación 87
arranca 
Jugando Partidos contra vecino 0
Resultado 13
36371.7
Yo soy: 
-20 71 62 18 74 15 -10 -1 -16 1 24 51 77 41 -54 90 -66 1 El mejor fue: 0
-20 91 62 18 74 15 -10 -1 -16 1 24 51 77 41 -54 90 -66 1 Generación 86
arranca 
Jugando Partidos contra vecino 0
Resultado 13
34002.1
Yo soy: 
-20 91 62 18 74 15 -10 -1 -16 1 24 51 77 41 -54 90 -66 1 El mejor fue: 0
-20 91 82 18 74 15 -10 -1 -16 1 24 51 77 41 -54 90 -66 1 Generación 85
arranca 
Jugando Partidos contra vecino 0
Resultado 5
29535
Jugando Partidos contra vecino 1
Resultado 7
27959.3
Jugando Partidos contra vecino 2
Resultado 7
31728.5
Jugando Partidos contra vecino 3
Resultado 5
31428.3
Jugando Partidos contra vecino 4
Resultado 5
30336.3
Jugando Partidos contra vecino 5
Resultado 9
29559.5
Jugando Partidos contra vecino 6
Resultado 9
36981.6
Jugando Partidos contra vecino 7
Resultado 7
26885.6
Jugando Partidos contra vecino 8
Resultado 5
28380.3
Jugando Partidos contra vecino 9
Resultado 9
33759.5
Jugando Partidos contra vecino 10
Resultado 7
27370.6
Jugando Partidos contra vecino 11
Resultado 5
26714.7
Jugando Partidos contra vecino 12
Resultado 9
31898.6
Jugando Partidos contra vecino 13
Resultado 9
33950.9
Jugando Partidos contra vecino 14
Resultado 7
30542.4
Jugando Partidos contra vecino 15
Resultado 9
34156.8
Jugando Partidos contra vecino 16
Resultado 5
18102.5
Jugando Partidos contra vecino 17
Resultado 7
34015
Jugando Partidos contra vecino 18
Resultado 5
20576.8
Jugando Partidos contra vecino 19
Resultado 11
38545.6
Yo soy: 
-20 91 82 18 74 15 -10 -1 -16 1 24 51 77 41 -54 90 -66 1 El mejor fue: 19
-40 91 82 18 74 15 -10 -1 -16 1 24 51 77 41 -54 90 -66 1 Generación 84
arranca 
Jugando Partidos contra vecino 0
Resultado 7
28527.7
Jugando Partidos contra vecino 1
Resultado 7
30742.1
Jugando Partidos contra vecino 2
Resultado 7
33903.5
Jugando Partidos contra vecino 3
Resultado 7
31458.3
Jugando Partidos contra vecino 4
Resultado 7
31945.2
Jugando Partidos contra vecino 5
Resultado 5
29368.1
Jugando Partidos contra vecino 6
Resultado 7
32865.2
Jugando Partidos contra vecino 7
Resultado 5
18083.9
Jugando Partidos contra vecino 8
Resultado 9
32423.6
Jugando Partidos contra vecino 9
Resultado 7
31618.5
Jugando Partidos contra vecino 10
Resultado 5
30552
Jugando Partidos contra vecino 11
Resultado 11
48973.2
Yo soy: 
-40 91 82 18 74 15 -10 -1 -16 1 24 51 77 41 -54 90 -66 1 El mejor fue: 11
-40 91 42 18 74 15 -10 -1 -16 1 24 51 77 41 -54 90 -66 1 Generación 83
arranca 
Jugando Partidos contra vecino 0
Resultado 11
35544.1
Yo soy: 
-40 91 42 18 74 15 -10 -1 -16 1 24 51 77 41 -54 90 -66 1 El mejor fue: 0
-40 91 42 18 74 15 -10 -1 -16 1 4 51 77 41 -54 90 -66 1 Generación 82
arranca 
Jugando Partidos contra vecino 0
Resultado 13
46001.7
Yo soy: 
-40 91 42 18 74 15 -10 -1 -16 1 4 51 77 41 -54 90 -66 1 El mejor fue: 0
-40 91 42 -2 74 15 -10 -1 -16 1 4 51 77 41 -54 90 -66 1 Generación 81
arranca 
Jugando Partidos contra vecino 0
Resultado 11
28409.8
Yo soy: 
-40 91 42 -2 74 15 -10 -1 -16 1 4 51 77 41 -54 90 -66 1 El mejor fue: 0
-40 91 42 18 74 15 -10 -1 -16 1 4 51 77 41 -54 90 -66 1 Generación 80
arranca 
Jugando Partidos contra vecino 0
Resultado 9
30610.7
Jugando Partidos contra vecino 1
Resultado 5
16011.8
Jugando Partidos contra vecino 2
Resultado 15
47417.4
Yo soy: 
-40 91 42 18 74 15 -10 -1 -16 1 4 51 77 41 -54 90 -66 1 El mejor fue: 2
-40 91 42 18 94 15 -10 -1 -16 1 4 51 77 41 -54 90 -66 1 Generación 79
arranca 
Jugando Partidos contra vecino 0
Resultado 9
32314.5
Jugando Partidos contra vecino 1
Resultado 13
36301.2
Yo soy: 
-40 91 42 18 94 15 -10 -1 -16 1 4 51 77 41 -54 90 -66 1 El mejor fue: 1
-40 91 42 18 94 15 -10 -1 -16 1 4 51 77 41 -54 90 -86 1 Generación 78
arranca 
Jugando Partidos contra vecino 0
Resultado 13
40169.8
Yo soy: 
-40 91 42 18 94 15 -10 -1 -16 1 4 51 77 41 -54 90 -86 1 El mejor fue: 0
-40 91 42 18 94 15 -10 -1 -16 1 4 51 77 41 -34 90 -86 1 Generación 77
arranca 
Jugando Partidos contra vecino 0
Resultado 9
33661.7
Jugando Partidos contra vecino 1
Resultado 13
47848.5
Yo soy: 
-40 91 42 18 94 15 -10 -1 -16 1 4 51 77 41 -34 90 -86 1 El mejor fue: 1
-40 91 42 18 94 15 -10 -1 -16 1 4 51 77 41 -34 90 -46 1 Generación 76
arranca 
Jugando Partidos contra vecino 0
Resultado 9
32329.1
Jugando Partidos contra vecino 1
Resultado 13
38546.4
Yo soy: 
-40 91 42 18 94 15 -10 -1 -16 1 4 51 77 41 -34 90 -46 1 El mejor fue: 1
-40 91 42 18 94 15 -10 -1 -16 1 -16 51 77 41 -34 90 -46 1 Generación 75
arranca 
Jugando Partidos contra vecino 0
Resultado 13
36722.8
Yo soy: 
-40 91 42 18 94 15 -10 -1 -16 1 -16 51 77 41 -34 90 -46 1 El mejor fue: 0
-40 91 42 18 94 15 -10 -1 4 1 -16 51 77 41 -34 90 -46 1 Generación 74
arranca 
Jugando Partidos contra vecino 0
Resultado 7
34054.5
Jugando Partidos contra vecino 1
Resultado 9
32535.6
Jugando Partidos contra vecino 2
Resultado 13
39709.4
Yo soy: 
-40 91 42 18 94 15 -10 -1 4 1 -16 51 77 41 -34 90 -46 1 El mejor fue: 2
-40 91 42 18 94 15 -10 -1 4 1 -36 51 77 41 -34 90 -46 1 Generación 73
arranca 
Jugando Partidos contra vecino 0
Resultado 5
24526.3
Jugando Partidos contra vecino 1
Resultado 7
25572.9
Jugando Partidos contra vecino 2
Resultado 7
31004.5
Jugando Partidos contra vecino 3
Resultado 5
22358.1
Jugando Partidos contra vecino 4
Resultado 7
30314.6
Jugando Partidos contra vecino 5
Resultado 5
14561.8
Jugando Partidos contra vecino 6
Resultado 11
38793.3
Yo soy: 
-40 91 42 18 94 15 -10 -1 4 1 -36 51 77 41 -34 90 -46 1 El mejor fue: 6
-40 91 42 18 94 15 -10 -1 4 1 -36 51 77 21 -34 90 -46 1 Generación 72
arranca 
Jugando Partidos contra vecino 0
Resultado 9
30211.4
Jugando Partidos contra vecino 1
Resultado 13
47861.6
Yo soy: 
-40 91 42 18 94 15 -10 -1 4 1 -36 51 77 21 -34 90 -46 1 El mejor fue: 1
-40 51 42 18 94 15 -10 -1 4 1 -36 51 77 21 -34 90 -46 1 Generación 71
arranca 
Jugando Partidos contra vecino 0
Resultado 15
38455.3
Yo soy: 
-40 51 42 18 94 15 -10 -1 4 1 -36 51 77 21 -34 90 -46 1 El mejor fue: 0
-40 51 42 -2 94 15 -10 -1 4 1 -36 51 77 21 -34 90 -46 1 Generación 70
arranca 
Jugando Partidos contra vecino 0
Resultado 15
28940.6
Yo soy: 
-40 51 42 -2 94 15 -10 -1 4 1 -36 51 77 21 -34 90 -46 1 El mejor fue: 0
-20 51 42 -2 94 15 -10 -1 4 1 -36 51 77 21 -34 90 -46 1 Generación 69
arranca 
Jugando Partidos contra vecino 0
Resultado 11
22800.6
Yo soy: 
-20 51 42 -2 94 15 -10 -1 4 1 -36 51 77 21 -34 90 -46 1 El mejor fue: 0
-20 51 42 -2 94 15 -10 -1 4 1 -16 51 77 21 -34 90 -46 1 Generación 68
arranca 
Jugando Partidos contra vecino 0
Resultado 9
22094.1
Jugando Partidos contra vecino 1
Resultado 7
16290.6
Jugando Partidos contra vecino 2
Resultado 9
20113.4
Jugando Partidos contra vecino 3
Resultado 13
25667.3
Yo soy: 
-20 51 42 -2 94 15 -10 -1 4 1 -16 51 77 21 -34 90 -46 1 El mejor fue: 3
-20 51 42 -2 94 15 -10 -1 4 1 -16 51 97 21 -34 90 -46 1 Generación 67
arranca 
Jugando Partidos contra vecino 0
Resultado 15
33424.1
Yo soy: 
-20 51 42 -2 94 15 -10 -1 4 1 -16 51 97 21 -34 90 -46 1 El mejor fue: 0
-20 51 42 -2 94 15 -10 -1 4 1 -36 51 97 21 -34 90 -46 1 Generación 66
arranca 
Jugando Partidos contra vecino 0
Resultado 15
25438.9
Yo soy: 
-20 51 42 -2 94 15 -10 -1 4 1 -36 51 97 21 -34 90 -46 1 El mejor fue: 0
-20 51 42 -2 94 15 -10 -1 4 -19 -36 51 97 21 -34 90 -46 1 Generación 65
arranca 
Jugando Partidos contra vecino 0
Resultado 15
24104.9
Yo soy: 
-20 51 42 -2 94 15 -10 -1 4 -19 -36 51 97 21 -34 90 -46 1 El mejor fue: 0
-20 51 42 -2 94 15 -30 -1 4 -19 -36 51 97 21 -34 90 -46 1 Generación 64
arranca 
Jugando Partidos contra vecino 0
Resultado 15
26170.5
Yo soy: 
-20 51 42 -2 94 15 -30 -1 4 -19 -36 51 97 21 -34 90 -46 1 El mejor fue: 0
-20 51 42 -2 94 15 -30 -1 4 -19 -36 51 97 21 -34 90 -46 21 Generación 63
arranca 
Jugando Partidos contra vecino 0
Resultado 13
25122.6
Yo soy: 
-20 51 42 -2 94 15 -30 -1 4 -19 -36 51 97 21 -34 90 -46 21 El mejor fue: 0
-20 51 42 -2 94 35 -30 -1 4 -19 -36 51 97 21 -34 90 -46 21 Generación 62
arranca 
Jugando Partidos contra vecino 0
Resultado 11
22559.2
Yo soy: 
-20 51 42 -2 94 35 -30 -1 4 -19 -36 51 97 21 -34 90 -46 21 El mejor fue: 0
-20 51 42 -2 94 35 -30 -1 4 -19 -56 51 97 21 -34 90 -46 21 Generación 61
arranca 
Jugando Partidos contra vecino 0
Resultado 8
24413.7
Jugando Partidos contra vecino 1
Resultado 1
16064.9
Jugando Partidos contra vecino 2
Resultado 5
28340.2
Jugando Partidos contra vecino 3
Resultado 7
28689.4
Jugando Partidos contra vecino 4
Resultado 7
27563
Jugando Partidos contra vecino 5
Resultado 5
26554.3
Jugando Partidos contra vecino 6
Resultado 7
27957.6
Jugando Partidos contra vecino 7
Resultado 1
15648.8
Jugando Partidos contra vecino 8
Resultado 6
24408.6
Jugando Partidos contra vecino 9
Resultado 7
22213.6
Jugando Partidos contra vecino 10
Resultado 2
15590.1
Jugando Partidos contra vecino 11
Resultado 2
14777.5
Jugando Partidos contra vecino 12
Resultado 4
12077.3
Jugando Partidos contra vecino 13
Resultado 7
27752.2
Jugando Partidos contra vecino 14
Resultado 0
15663.3
Jugando Partidos contra vecino 15
Resultado 5
25886.9
Jugando Partidos contra vecino 16
Resultado 5
27958.8
Jugando Partidos contra vecino 17
Resultado 7
28841.6
Jugando Partidos contra vecino 18
Resultado 4
24139.8
Jugando Partidos contra vecino 19
Resultado 5
24279.9
Jugando Partidos contra vecino 20
Resultado 7
28813.7
Jugando Partidos contra vecino 21
Resultado 15
44906.2
Yo soy: 
-20 51 42 -2 94 35 -30 -1 4 -19 -56 51 97 21 -34 90 -46 21 El mejor fue: 21
-20 51 42 -2 94 35 -10 -1 4 -19 -56 51 97 21 -34 90 -46 21 Generación 60
arranca 
Jugando Partidos contra vecino 0
Resultado 3
33637
Jugando Partidos contra vecino 1
Resultado 15
47697.5
Yo soy: 
-20 51 42 -2 94 35 -10 -1 4 -19 -56 51 97 21 -34 90 -46 21 El mejor fue: 1
-20 51 42 -2 94 35 -10 -1 4 -19 -56 51 97 21 -34 90 -46 41 Generación 59
arranca 
Jugando Partidos contra vecino 0
Resultado 15
46203.3
Yo soy: 
-20 51 42 -2 94 35 -10 -1 4 -19 -56 51 97 21 -34 90 -46 41 El mejor fue: 0
-20 51 42 18 94 35 -10 -1 4 -19 -56 51 97 21 -34 90 -46 41 Generación 58
arranca 
Jugando Partidos contra vecino 0
Resultado 6
34961.5
Jugando Partidos contra vecino 1
Resultado 13
37215.9
Yo soy: 
-20 51 42 18 94 35 -10 -1 4 -19 -56 51 97 21 -34 90 -46 41 El mejor fue: 1
-20 51 42 18 94 35 -10 -21 4 -19 -56 51 97 21 -34 90 -46 41 Generación 57
arranca 
Jugando Partidos contra vecino 0
Resultado 13
47652.7
Yo soy: 
-20 51 42 18 94 35 -10 -21 4 -19 -56 51 97 21 -34 90 -46 41 El mejor fue: 0
-40 51 42 18 94 35 -10 -21 4 -19 -56 51 97 21 -34 90 -46 41 Generación 56
arranca 
Jugando Partidos contra vecino 0
Resultado 15
45790.5
Yo soy: 
-40 51 42 18 94 35 -10 -21 4 -19 -56 51 97 21 -34 90 -46 41 El mejor fue: 0
-40 51 22 18 94 35 -10 -21 4 -19 -56 51 97 21 -34 90 -46 41 Generación 55
arranca 
Jugando Partidos contra vecino 0
Resultado 6
32186
Jugando Partidos contra vecino 1
Resultado 15
48138.5
Yo soy: 
-40 51 22 18 94 35 -10 -21 4 -19 -56 51 97 21 -34 90 -46 41 El mejor fue: 1
-40 51 22 18 54 35 -10 -21 4 -19 -56 51 97 21 -34 90 -46 41 Generación 54
arranca 
Jugando Partidos contra vecino 0
Resultado 15
35729.5
Yo soy: 
-40 51 22 18 54 35 -10 -21 4 -19 -56 51 97 21 -34 90 -46 41 El mejor fue: 0
-40 51 22 18 54 35 -10 -21 4 -19 -56 31 97 21 -34 90 -46 41 Generación 53
arranca 
Jugando Partidos contra vecino 0
Resultado 7
33717.6
Jugando Partidos contra vecino 1
Resultado 1
14563.8
Jugando Partidos contra vecino 2
Resultado 9
38887
Jugando Partidos contra vecino 3
Resultado 13
49658.2
Yo soy: 
-40 51 22 18 54 35 -10 -21 4 -19 -56 31 97 21 -34 90 -46 41 El mejor fue: 3
-40 51 22 18 54 35 -10 -21 -16 -19 -56 31 97 21 -34 90 -46 41 Generación 52
arranca 
Jugando Partidos contra vecino 0
Resultado 11
39702.7
Yo soy: 
-40 51 22 18 54 35 -10 -21 -16 -19 -56 31 97 21 -34 90 -46 41 El mejor fue: 0
-40 51 42 18 54 35 -10 -21 -16 -19 -56 31 97 21 -34 90 -46 41 Generación 51
arranca 
Jugando Partidos contra vecino 0
Resultado 6
26631.7
Jugando Partidos contra vecino 1
Resultado 7
33392
Jugando Partidos contra vecino 2
Resultado 1
30696
Jugando Partidos contra vecino 3
Resultado 13
49098
Yo soy: 
-40 51 42 18 54 35 -10 -21 -16 -19 -56 31 97 21 -34 90 -46 41 El mejor fue: 3
-40 51 42 18 54 35 -10 -21 -16 -19 -56 31 97 21 -34 90 -46 21 Generación 50
arranca 
Jugando Partidos contra vecino 0
Resultado 3
22266.9
Jugando Partidos contra vecino 1
Resultado 13
46981.2
Yo soy: 
-40 51 42 18 54 35 -10 -21 -16 -19 -56 31 97 21 -34 90 -46 21 El mejor fue: 1
-40 51 42 18 54 15 -10 -21 -16 -19 -56 31 97 21 -34 90 -46 21 Generación 49
arranca 
Jugando Partidos contra vecino 0
Resultado 15
51675.8
Yo soy: 
-40 51 42 18 54 15 -10 -21 -16 -19 -56 31 97 21 -34 90 -46 21 El mejor fue: 0
-40 51 42 18 54 15 -10 -21 -16 -19 -56 31 97 21 -34 90 -46 41 Generación 48
arranca 
Jugando Partidos contra vecino 0
Resultado 7
27417.1
Jugando Partidos contra vecino 1
Resultado 7
37120.4
Jugando Partidos contra vecino 2
Resultado 1
14777.3
Jugando Partidos contra vecino 3
Resultado 2
22861.6
Jugando Partidos contra vecino 4
Resultado 9
35214.3
Jugando Partidos contra vecino 5
Resultado 13
44940.5
Yo soy: 
-40 51 42 18 54 15 -10 -21 -16 -19 -56 31 97 21 -34 90 -46 41 El mejor fue: 5
-40 31 42 18 54 15 -10 -21 -16 -19 -56 31 97 21 -34 90 -46 41 Generación 47
arranca 
Jugando Partidos contra vecino 0
Resultado 13
40022.1
Yo soy: 
-40 31 42 18 54 15 -10 -21 -16 -19 -56 31 97 21 -34 90 -46 41 El mejor fue: 0
-40 31 42 18 54 15 -10 -21 -36 -19 -56 31 97 21 -34 90 -46 41 Generación 46
arranca 
Jugando Partidos contra vecino 0
Resultado 7
36879.1
Jugando Partidos contra vecino 1
Resultado 7
30356.9
Jugando Partidos contra vecino 2
Resultado 4
22043.2
Jugando Partidos contra vecino 3
Resultado 13
40369
Yo soy: 
-40 31 42 18 54 15 -10 -21 -36 -19 -56 31 97 21 -34 90 -46 41 El mejor fue: 3
-40 31 42 18 54 15 -10 -21 -36 -19 -56 31 97 21 -34 90 -46 61 Generación 45
arranca 
Jugando Partidos contra vecino 0
Resultado 15
51214.6
Yo soy: 
-40 31 42 18 54 15 -10 -21 -36 -19 -56 31 97 21 -34 90 -46 61 El mejor fue: 0
-40 31 42 18 54 15 -10 -21 -36 -19 -56 51 97 21 -34 90 -46 61 Generación 44
arranca 
Jugando Partidos contra vecino 0
Resultado 9
34696.8
Jugando Partidos contra vecino 1
Resultado 9
32904.1
Jugando Partidos contra vecino 2
Resultado 15
49682
Yo soy: 
-40 31 42 18 54 15 -10 -21 -36 -19 -56 51 97 21 -34 90 -46 61 El mejor fue: 2
-40 31 42 38 54 15 -10 -21 -36 -19 -56 51 97 21 -34 90 -46 61 Generación 43
arranca 
Jugando Partidos contra vecino 0
Resultado 15
51271.9
Yo soy: 
-40 31 42 38 54 15 -10 -21 -36 -19 -56 51 97 21 -34 90 -46 61 El mejor fue: 0
-40 31 42 18 54 15 -10 -21 -36 -19 -56 51 97 21 -34 90 -46 61 Generación 42
arranca 
Jugando Partidos contra vecino 0
Resultado 15
50751.2
Yo soy: 
-40 31 42 18 54 15 -10 -21 -36 -19 -56 51 97 21 -34 90 -46 61 El mejor fue: 0
-40 31 42 38 54 15 -10 -21 -36 -19 -56 51 97 21 -34 90 -46 61 Generación 41
arranca 
Jugando Partidos contra vecino 0
Resultado 5
42904.2
Jugando Partidos contra vecino 1
Resultado 15
50551.7
Yo soy: 
-40 31 42 38 54 15 -10 -21 -36 -19 -56 51 97 21 -34 90 -46 61 El mejor fue: 1
-40 31 42 38 54 15 -10 -21 -36 -19 -56 51 97 21 -34 90 -46 81 Generación 40
arranca 
Jugando Partidos contra vecino 0
Resultado 5
35985.9
Jugando Partidos contra vecino 1
Resultado 15
50804.3
Yo soy: 
-40 31 42 38 54 15 -10 -21 -36 -19 -56 51 97 21 -34 90 -46 81 El mejor fue: 1
-40 31 42 38 34 15 -10 -21 -36 -19 -56 51 97 21 -34 90 -46 81 Generación 39
arranca 
Jugando Partidos contra vecino 0
Resultado 5
53244.2
Jugando Partidos contra vecino 1
Resultado 15
49638.8
Yo soy: 
-40 31 42 38 34 15 -10 -21 -36 -19 -56 51 97 21 -34 90 -46 81 El mejor fue: 1
-40 31 42 38 34 15 -10 -21 -36 -19 -56 51 97 21 -34 90 -46 41 Generación 38
arranca 
Jugando Partidos contra vecino 0
Resultado 11
48962.6
Yo soy: 
-40 31 42 38 34 15 -10 -21 -36 -19 -56 51 97 21 -34 90 -46 41 El mejor fue: 0
-40 51 42 38 34 15 -10 -21 -36 -19 -56 51 97 21 -34 90 -46 41 Generación 37
arranca 
Jugando Partidos contra vecino 0
Resultado 15
50536.5
Yo soy: 
-40 51 42 38 34 15 -10 -21 -36 -19 -56 51 97 21 -34 90 -46 41 El mejor fue: 0
-40 51 42 38 14 15 -10 -21 -36 -19 -56 51 97 21 -34 90 -46 41 Generación 36
arranca 
Jugando Partidos contra vecino 0
Resultado 4
22652.8
Jugando Partidos contra vecino 1
Resultado 15
51151.6
Yo soy: 
-40 51 42 38 14 15 -10 -21 -36 -19 -56 51 97 21 -34 90 -46 41 El mejor fue: 1
-40 51 42 38 -6 15 -10 -21 -36 -19 -56 51 97 21 -34 90 -46 41 Generación 35
arranca 
Jugando Partidos contra vecino 0
Resultado 5
28784.5
Jugando Partidos contra vecino 1
Resultado 15
46598.2
Yo soy: 
-40 51 42 38 -6 15 -10 -21 -36 -19 -56 51 97 21 -34 90 -46 41 El mejor fue: 1
-40 51 42 38 -6 15 -10 -21 -56 -19 -56 51 97 21 -34 90 -46 41 Generación 34
arranca 
Jugando Partidos contra vecino 0
Resultado 15
49976.4
Yo soy: 
-40 51 42 38 -6 15 -10 -21 -56 -19 -56 51 97 21 -34 90 -46 41 El mejor fue: 0
-40 51 62 38 -6 15 -10 -21 -56 -19 -56 51 97 21 -34 90 -46 41 Generación 33
arranca 
Jugando Partidos contra vecino 0
Resultado 9
33032
Jugando Partidos contra vecino 1
Resultado 15
57885.8
Yo soy: 
-40 51 62 38 -6 15 -10 -21 -56 -19 -56 51 97 21 -34 90 -46 41 El mejor fue: 1
-60 51 62 38 -6 15 -10 -21 -56 -19 -56 51 97 21 -34 90 -46 41 Generación 32
arranca 
Jugando Partidos contra vecino 0
Resultado 15
48257
Yo soy: 
-60 51 62 38 -6 15 -10 -21 -56 -19 -56 51 97 21 -34 90 -46 41 El mejor fue: 0
-60 71 62 38 -6 15 -10 -21 -56 -19 -56 51 97 21 -34 90 -46 41 Generación 31
arranca 
Jugando Partidos contra vecino 0
Resultado 7
24995.3
Jugando Partidos contra vecino 1
Resultado 13
48667.1
Yo soy: 
-60 71 62 38 -6 15 -10 -21 -56 -19 -56 51 97 21 -34 90 -46 41 El mejor fue: 1
-60 71 62 38 -6 15 -10 -21 -56 -19 -56 51 97 21 -54 90 -46 41 Generación 30
arranca 
Jugando Partidos contra vecino 0
Resultado 15
56390.6
Yo soy: 
-60 71 62 38 -6 15 -10 -21 -56 -19 -56 51 97 21 -54 90 -46 41 El mejor fue: 0
-60 71 62 38 -6 15 -10 -21 -36 -19 -56 51 97 21 -54 90 -46 41 Generación 29
arranca 
Jugando Partidos contra vecino 0
Resultado 0
22029.6
Jugando Partidos contra vecino 1
Resultado 15
54253.7
Yo soy: 
-60 71 62 38 -6 15 -10 -21 -36 -19 -56 51 97 21 -54 90 -46 41 El mejor fue: 1
-60 71 62 38 -6 15 -10 -21 -36 -19 -36 51 97 21 -54 90 -46 41 Generación 28
arranca 
Jugando Partidos contra vecino 0
Resultado 15
58187.5
Yo soy: 
-60 71 62 38 -6 15 -10 -21 -36 -19 -36 51 97 21 -54 90 -46 41 El mejor fue: 0
-60 71 62 38 -6 15 -10 -1 -36 -19 -36 51 97 21 -54 90 -46 41 Generación 27
arranca 
Jugando Partidos contra vecino 0
Resultado 15
58495.6
Yo soy: 
-60 71 62 38 -6 15 -10 -1 -36 -19 -36 51 97 21 -54 90 -46 41 El mejor fue: 0
-80 71 62 38 -6 15 -10 -1 -36 -19 -36 51 97 21 -54 90 -46 41 Generación 26
arranca 
Jugando Partidos contra vecino 0
Resultado 15
57046.3
Yo soy: 
-80 71 62 38 -6 15 -10 -1 -36 -19 -36 51 97 21 -54 90 -46 41 El mejor fue: 0
-80 71 62 38 -6 15 -10 -1 -36 -19 -36 51 97 21 -54 90 -46 61 Generación 25
arranca 
Jugando Partidos contra vecino 0
Resultado 15
55795.7
Yo soy: 
-80 71 62 38 -6 15 -10 -1 -36 -19 -36 51 97 21 -54 90 -46 61 El mejor fue: 0
-80 71 62 38 -6 15 -10 -1 -36 -19 -36 51 57 21 -54 90 -46 61 Generación 24
arranca 
Jugando Partidos contra vecino 0
Resultado 13
50737
Yo soy: 
-80 71 62 38 -6 15 -10 -1 -36 -19 -36 51 57 21 -54 90 -46 61 El mejor fue: 0
-80 71 62 38 -6 15 -10 -1 -36 -19 -36 51 57 21 -54 90 -46 41 Generación 23
arranca 
Jugando Partidos contra vecino 0
Resultado 15
57443.3
Yo soy: 
-80 71 62 38 -6 15 -10 -1 -36 -19 -36 51 57 21 -54 90 -46 41 El mejor fue: 0
-80 71 62 38 14 15 -10 -1 -36 -19 -36 51 57 21 -54 90 -46 41 Generación 22
arranca 
Jugando Partidos contra vecino 0
Resultado 7
33447.6
Jugando Partidos contra vecino 1
Resultado 2
26933.7
Jugando Partidos contra vecino 2
Resultado 5
44733.6
Jugando Partidos contra vecino 3
Resultado 2
15566.5
Jugando Partidos contra vecino 4
Resultado 5
39117.5
Jugando Partidos contra vecino 5
Resultado 15
58457.2
Yo soy: 
-80 71 62 38 14 15 -10 -1 -36 -19 -36 51 57 21 -54 90 -46 41 El mejor fue: 5
-80 71 62 38 14 -5 -10 -1 -36 -19 -36 51 57 21 -54 90 -46 41 Generación 21
arranca 
Jugando Partidos contra vecino 0
Resultado 15
57097.4
Yo soy: 
-80 71 62 38 14 -5 -10 -1 -36 -19 -36 51 57 21 -54 90 -46 41 El mejor fue: 0
-80 71 62 38 34 -5 -10 -1 -36 -19 -36 51 57 21 -54 90 -46 41 Generación 20
arranca 
Jugando Partidos contra vecino 0
Resultado 15
56467.8
Yo soy: 
-80 71 62 38 34 -5 -10 -1 -36 -19 -36 51 57 21 -54 90 -46 41 El mejor fue: 0
-80 71 62 38 34 -5 -10 -1 -36 1 -36 51 57 21 -54 90 -46 41 Generación 19
arranca 
Jugando Partidos contra vecino 0
Resultado 9
35515
Jugando Partidos contra vecino 1
Resultado 9
40568.5
Jugando Partidos contra vecino 2
Resultado 13
51005.3
Yo soy: 
-80 71 62 38 34 -5 -10 -1 -36 1 -36 51 57 21 -54 90 -46 41 El mejor fue: 2
-80 71 62 38 34 -5 -10 -1 -56 1 -36 51 57 21 -54 90 -46 41 Generación 18
arranca 
Jugando Partidos contra vecino 0
Resultado 13
49741.2
Yo soy: 
-80 71 62 38 34 -5 -10 -1 -56 1 -36 51 57 21 -54 90 -46 41 El mejor fue: 0
-80 71 42 38 34 -5 -10 -1 -56 1 -36 51 57 21 -54 90 -46 41 Generación 17
arranca 
Jugando Partidos contra vecino 0
Resultado 9
42622.2
Jugando Partidos contra vecino 1
Resultado 8
34955.6
Jugando Partidos contra vecino 2
Resultado 3
41430
Jugando Partidos contra vecino 3
Resultado 9
38168.5
Jugando Partidos contra vecino 4
Resultado 11
45455.3
Yo soy: 
-80 71 42 38 34 -5 -10 -1 -56 1 -36 51 57 21 -54 90 -46 41 El mejor fue: 4
-80 71 42 38 34 -5 -10 -1 -76 1 -36 51 57 21 -54 90 -46 41 Generación 16
arranca 
Jugando Partidos contra vecino 0
Resultado 11
33788.2
Yo soy: 
-80 71 42 38 34 -5 -10 -1 -76 1 -36 51 57 21 -54 90 -46 41 El mejor fue: 0
-80 71 42 38 34 -5 -10 -1 -76 1 -36 31 57 21 -54 90 -46 41 Generación 15
arranca 
Jugando Partidos contra vecino 0
Resultado 7
28423.3
Jugando Partidos contra vecino 1
Resultado 9
31192.8
Jugando Partidos contra vecino 2
Resultado 15
53292.7
Yo soy: 
-80 71 42 38 34 -5 -10 -1 -76 1 -36 31 57 21 -54 90 -46 41 El mejor fue: 2
-80 71 42 38 34 -5 -10 -1 -76 1 -36 51 57 21 -54 90 -46 41 Generación 14
arranca 
Jugando Partidos contra vecino 0
Resultado 11
37166.6
Yo soy: 
-80 71 42 38 34 -5 -10 -1 -76 1 -36 51 57 21 -54 90 -46 41 El mejor fue: 0
-80 71 22 38 34 -5 -10 -1 -76 1 -36 51 57 21 -54 90 -46 41 Generación 13
arranca 
Jugando Partidos contra vecino 0
Resultado 13
37387.5
Yo soy: 
-80 71 22 38 34 -5 -10 -1 -76 1 -36 51 57 21 -54 90 -46 41 El mejor fue: 0
-80 71 22 38 34 -5 -10 -1 -76 1 -36 51 57 21 -54 90 -26 41 Generación 12
arranca 
Jugando Partidos contra vecino 0
Resultado 4
29138.1
Jugando Partidos contra vecino 1
Resultado 4
26496.7
Jugando Partidos contra vecino 2
Resultado 11
34768.5
Yo soy: 
-80 71 22 38 34 -5 -10 -1 -76 1 -36 51 57 21 -54 90 -26 41 El mejor fue: 2
-80 71 22 38 34 -5 -10 -1 -76 1 -36 31 57 21 -54 90 -26 41 Generación 11
arranca 
Jugando Partidos contra vecino 0
Resultado 7
34947
Jugando Partidos contra vecino 1
Resultado 7
29790.5
Jugando Partidos contra vecino 2
Resultado 9
32142
Jugando Partidos contra vecino 3
Resultado 7
27507.6
Jugando Partidos contra vecino 4
Resultado 9
39707.4
Jugando Partidos contra vecino 5
Resultado 9
30493.2
Jugando Partidos contra vecino 6
Resultado 9
38763.5
Jugando Partidos contra vecino 7
Resultado 11
40684.1
Yo soy: 
-80 71 22 38 34 -5 -10 -1 -76 1 -36 31 57 21 -54 90 -26 41 El mejor fue: 7
-80 71 22 38 34 -5 -10 -1 -76 1 -36 31 57 21 -54 90 -46 41 Generación 10
arranca 
Jugando Partidos contra vecino 0
Resultado 7
28168.1
Jugando Partidos contra vecino 1
Resultado 5
24661.2
Jugando Partidos contra vecino 2
Resultado 11
36994.9
Yo soy: 
-80 71 22 38 34 -5 -10 -1 -76 1 -36 31 57 21 -54 90 -46 41 El mejor fue: 2
-80 71 22 38 34 -5 -10 -1 -76 1 -36 31 57 21 -34 90 -46 41 Generación 9
arranca 
Jugando Partidos contra vecino 0
Resultado 7
29573.1
Jugando Partidos contra vecino 1
Resultado 9
33486.2
Jugando Partidos contra vecino 2
Resultado 11
35505
Yo soy: 
-80 71 22 38 34 -5 -10 -1 -76 1 -36 31 57 21 -34 90 -46 41 El mejor fue: 2
-80 71 22 38 34 -5 -10 -1 -76 1 -36 31 57 21 -34 90 -46 21 Generación 8
arranca 
Jugando Partidos contra vecino 0
Resultado 8
38812.8
Jugando Partidos contra vecino 1
Resultado 7
29461
Jugando Partidos contra vecino 2
Resultado 5
24845.5
Jugando Partidos contra vecino 3
Resultado 5
27844.2
Jugando Partidos contra vecino 4
Resultado 11
37292.4
Yo soy: 
-80 71 22 38 34 -5 -10 -1 -76 1 -36 31 57 21 -34 90 -46 21 El mejor fue: 4
-80 71 22 38 34 -5 -10 -1 -76 21 -36 31 57 21 -34 90 -46 21 Generación 7
arranca 
Jugando Partidos contra vecino 0
Resultado 9
29653.7
Jugando Partidos contra vecino 1
Resultado 5
34478.8
Jugando Partidos contra vecino 2
Resultado 6
26108.6
Jugando Partidos contra vecino 3
Resultado 5
28313.9
Jugando Partidos contra vecino 4
Resultado 9
40521.9
Jugando Partidos contra vecino 5
Resultado 9
32170.7
Jugando Partidos contra vecino 6
Resultado 9
28131.5
Jugando Partidos contra vecino 7
Resultado 11
39230.4
Yo soy: 
-80 71 22 38 34 -5 -10 -1 -76 21 -36 31 57 21 -34 90 -46 21 El mejor fue: 7
-80 71 22 38 34 -5 -10 -1 -76 21 -36 31 57 21 -14 90 -46 21 Generación 6
arranca 
Jugando Partidos contra vecino 0
Resultado 9
32720.3
Jugando Partidos contra vecino 1
Resultado 13
46678.5
Yo soy: 
-80 71 22 38 34 -5 -10 -1 -76 21 -36 31 57 21 -14 90 -46 21 El mejor fue: 1
-80 71 22 38 34 -5 -10 -1 -76 1 -36 31 57 21 -14 90 -46 21 Generación 5
arranca 
Jugando Partidos contra vecino 0
Resultado 11
40309.2
Yo soy: 
-80 71 22 38 34 -5 -10 -1 -76 1 -36 31 57 21 -14 90 -46 21 El mejor fue: 0
-80 71 22 38 34 -5 -10 -1 -76 1 -16 31 57 21 -14 90 -46 21 Generación 4
arranca 
Jugando Partidos contra vecino 0
Resultado 13
47094.6
Yo soy: 
-80 71 22 38 34 -5 -10 -1 -76 1 -16 31 57 21 -14 90 -46 21 El mejor fue: 0
-80 71 42 38 34 -5 -10 -1 -76 1 -16 31 57 21 -14 90 -46 21 Generación 3
arranca 
Jugando Partidos contra vecino 0
Resultado 11
39538.5
Yo soy: 
-80 71 42 38 34 -5 -10 -1 -76 1 -16 31 57 21 -14 90 -46 21 El mejor fue: 0
-80 71 42 38 34 -5 -10 -1 -76 1 -16 31 57 21 6 90 -46 21 Generación 2
arranca 
Jugando Partidos contra vecino 0
Resultado 11
41196.1
Yo soy: 
-80 71 42 38 34 -5 -10 -1 -76 1 -16 31 57 21 6 90 -46 21 El mejor fue: 0
-80 71 42 38 34 -25 -10 -1 -76 1 -16 31 57 21 6 90 -46 21 Generación 1
arranca 
Jugando Partidos contra vecino 0
Resultado 11
43719.7
Yo soy: 
-80 71 42 38 34 -25 -10 -1 -76 1 -16 31 57 21 6 90 -46 21 El mejor fue: 0
-80 71 42 38 34 -25 -10 -1 -76 1 -16 31 57 21 6 90 -46 41 Generación 0
1.80306e+07
