arranca 
Jugando Partidos contra vecino 0
Resultado 11
21059.8
Yo soy: 
14 93 31 74 75 99 20 87 91 72 15 25 50 39 35 El mejor fue: 0
14 93 31 74 75 99 20 87 81 72 15 25 50 39 35 Generación 99
arranca 
Jugando Partidos contra vecino 0
Resultado 13
23636.2
Yo soy: 
14 93 31 74 75 99 20 87 81 72 15 25 50 39 35 El mejor fue: 0
14 93 31 74 75 99 20 87 81 72 15 25 50 29 35 Generación 98
arranca 
Jugando Partidos contra vecino 0
Resultado 13
22146
Yo soy: 
14 93 31 74 75 99 20 87 81 72 15 25 50 29 35 El mejor fue: 0
14 93 31 74 75 99 20 87 81 72 25 25 50 29 35 Generación 97
arranca 
Jugando Partidos contra vecino 0
Resultado 5
16372.5
Jugando Partidos contra vecino 1
Resultado 7
19648
Jugando Partidos contra vecino 2
Resultado 9
33553.1
Jugando Partidos contra vecino 3
Resultado 13
24024.6
Yo soy: 
14 93 31 74 75 99 20 87 81 72 25 25 50 29 35 El mejor fue: 3
14 93 31 74 75 99 20 87 81 62 25 25 50 29 35 Generación 96
arranca 
Jugando Partidos contra vecino 0
Resultado 13
23483.2
Yo soy: 
14 93 31 74 75 99 20 87 81 62 25 25 50 29 35 El mejor fue: 0
14 93 31 64 75 99 20 87 81 62 25 25 50 29 35 Generación 95
arranca 
Jugando Partidos contra vecino 0
Resultado 13
33284
Yo soy: 
14 93 31 64 75 99 20 87 81 62 25 25 50 29 35 El mejor fue: 0
14 73 31 64 75 99 20 87 81 62 25 25 50 29 35 Generación 94
arranca 
Jugando Partidos contra vecino 0
Resultado 13
38828.7
Yo soy: 
14 73 31 64 75 99 20 87 81 62 25 25 50 29 35 El mejor fue: 0
14 73 31 64 75 99 20 87 81 62 25 25 60 29 35 Generación 93
arranca 
Jugando Partidos contra vecino 0
Resultado 11
34482.1
Yo soy: 
14 73 31 64 75 99 20 87 81 62 25 25 60 29 35 El mejor fue: 0
24 73 31 64 75 99 20 87 81 62 25 25 60 29 35 Generación 92
arranca 
Jugando Partidos contra vecino 0
Resultado 12
31176.7
Yo soy: 
24 73 31 64 75 99 20 87 81 62 25 25 60 29 35 El mejor fue: 0
24 73 31 64 75 99 20 87 81 62 25 25 60 29 25 Generación 91
arranca 
Jugando Partidos contra vecino 0
Resultado 9
30574.9
Jugando Partidos contra vecino 1
Resultado 7
40567.7
Jugando Partidos contra vecino 2
Resultado 13
28238.3
Yo soy: 
24 73 31 64 75 99 20 87 81 62 25 25 60 29 25 El mejor fue: 2
24 73 31 64 75 99 20 87 71 62 25 25 60 29 25 Generación 90
arranca 
Jugando Partidos contra vecino 0
Resultado 11
28446
Yo soy: 
24 73 31 64 75 99 20 87 71 62 25 25 60 29 25 El mejor fue: 0
24 73 31 64 75 99 20 87 81 62 25 25 60 29 25 Generación 89
arranca 
Jugando Partidos contra vecino 0
Resultado 13
29915
Yo soy: 
24 73 31 64 75 99 20 87 81 62 25 25 60 29 25 El mejor fue: 0
24 73 31 64 75 89 20 87 81 62 25 25 60 29 25 Generación 88
arranca 
Jugando Partidos contra vecino 0
Resultado 11
25080.8
Yo soy: 
24 73 31 64 75 89 20 87 81 62 25 25 60 29 25 El mejor fue: 0
24 73 31 64 75 89 20 87 81 62 25 15 60 29 25 Generación 87
arranca 
Jugando Partidos contra vecino 0
Resultado 11
20266.3
Yo soy: 
24 73 31 64 75 89 20 87 81 62 25 15 60 29 25 El mejor fue: 0
24 73 31 64 75 89 20 87 81 72 25 15 60 29 25 Generación 86
arranca 
Jugando Partidos contra vecino 0
Resultado 13
24152.9
Yo soy: 
24 73 31 64 75 89 20 87 81 72 25 15 60 29 25 El mejor fue: 0
24 73 31 64 75 89 20 87 81 72 25 15 60 39 25 Generación 85
arranca 
Jugando Partidos contra vecino 0
Resultado 5
14375.6
Jugando Partidos contra vecino 1
Resultado 15
22412.6
Yo soy: 
24 73 31 64 75 89 20 87 81 72 25 15 60 39 25 El mejor fue: 1
24 73 31 64 85 89 20 87 81 72 25 15 60 39 25 Generación 84
arranca 
Jugando Partidos contra vecino 0
Resultado 11
20493.7
Yo soy: 
24 73 31 64 85 89 20 87 81 72 25 15 60 39 25 El mejor fue: 0
34 73 31 64 85 89 20 87 81 72 25 15 60 39 25 Generación 83
arranca 
Jugando Partidos contra vecino 0
Resultado 11
20801.9
Yo soy: 
34 73 31 64 85 89 20 87 81 72 25 15 60 39 25 El mejor fue: 0
34 73 31 64 85 89 20 87 81 72 15 15 60 39 25 Generación 82
arranca 
Jugando Partidos contra vecino 0
Resultado 11
20460.6
Yo soy: 
34 73 31 64 85 89 20 87 81 72 15 15 60 39 25 El mejor fue: 0
34 73 31 64 85 89 20 77 81 72 15 15 60 39 25 Generación 81
arranca 
Jugando Partidos contra vecino 0
Resultado 7
18354.3
Jugando Partidos contra vecino 1
Resultado 11
20650.4
Yo soy: 
34 73 31 64 85 89 20 77 81 72 15 15 60 39 25 El mejor fue: 1
34 73 31 64 85 89 20 67 81 72 15 15 60 39 25 Generación 80
arranca 
Jugando Partidos contra vecino 0
Resultado 11
20097.1
Yo soy: 
34 73 31 64 85 89 20 67 81 72 15 15 60 39 25 El mejor fue: 0
34 83 31 64 85 89 20 67 81 72 15 15 60 39 25 Generación 79
arranca 
Jugando Partidos contra vecino 0
Resultado 9
18927
Jugando Partidos contra vecino 1
Resultado 13
23553.2
Yo soy: 
34 83 31 64 85 89 20 67 81 72 15 15 60 39 25 El mejor fue: 1
34 83 31 64 95 89 20 67 81 72 15 15 60 39 25 Generación 78
arranca 
Jugando Partidos contra vecino 0
Resultado 9
22610.3
Jugando Partidos contra vecino 1
Resultado 9
22062.1
Jugando Partidos contra vecino 2
Resultado 13
22977
Yo soy: 
34 83 31 64 95 89 20 67 81 72 15 15 60 39 25 El mejor fue: 2
34 83 31 64 95 89 20 67 81 72 15 15 60 29 25 Generación 77
arranca 
Jugando Partidos contra vecino 0
Resultado 13
23787.4
Yo soy: 
34 83 31 64 95 89 20 67 81 72 15 15 60 29 25 El mejor fue: 0
24 83 31 64 95 89 20 67 81 72 15 15 60 29 25 Generación 76
arranca 
Jugando Partidos contra vecino 0
Resultado 11
24016.2
Yo soy: 
24 83 31 64 95 89 20 67 81 72 15 15 60 29 25 El mejor fue: 0
24 83 31 64 95 89 20 67 81 72 15 15 60 29 15 Generación 75
arranca 
Jugando Partidos contra vecino 0
Resultado 5
19252.8
Jugando Partidos contra vecino 1
Resultado 11
21640.1
Yo soy: 
24 83 31 64 95 89 20 67 81 72 15 15 60 29 15 El mejor fue: 1
24 83 31 64 95 99 20 67 81 72 15 15 60 29 15 Generación 74
arranca 
Jugando Partidos contra vecino 0
Resultado 11
21572.9
Yo soy: 
24 83 31 64 95 99 20 67 81 72 15 15 60 29 15 El mejor fue: 0
14 83 31 64 95 99 20 67 81 72 15 15 60 29 15 Generación 73
arranca 
Jugando Partidos contra vecino 0
Resultado 7
19079.1
Jugando Partidos contra vecino 1
Resultado 11
21114.6
Yo soy: 
14 83 31 64 95 99 20 67 81 72 15 15 60 29 15 El mejor fue: 1
14 83 31 64 95 99 20 67 81 72 25 15 60 29 15 Generación 72
arranca 
Jugando Partidos contra vecino 0
Resultado 9
18876.4
Jugando Partidos contra vecino 1
Resultado 11
19782.8
Yo soy: 
14 83 31 64 95 99 20 67 81 72 25 15 60 29 15 El mejor fue: 1
14 83 31 64 95 89 20 67 81 72 25 15 60 29 15 Generación 71
arranca 
Jugando Partidos contra vecino 0
Resultado 5
14352.2
Jugando Partidos contra vecino 1
Resultado 13
19421.2
Yo soy: 
14 83 31 64 95 89 20 67 81 72 25 15 60 29 15 El mejor fue: 1
14 83 31 64 95 89 20 67 81 62 25 15 60 29 15 Generación 70
arranca 
Jugando Partidos contra vecino 0
Resultado 13
19868
Yo soy: 
14 83 31 64 95 89 20 67 81 62 25 15 60 29 15 El mejor fue: 0
14 83 31 64 95 89 20 67 81 52 25 15 60 29 15 Generación 69
arranca 
Jugando Partidos contra vecino 0
Resultado 13
21333.7
Yo soy: 
14 83 31 64 95 89 20 67 81 52 25 15 60 29 15 El mejor fue: 0
14 83 31 64 95 89 20 57 81 52 25 15 60 29 15 Generación 68
arranca 
Jugando Partidos contra vecino 0
Resultado 11
18855.3
Yo soy: 
14 83 31 64 95 89 20 57 81 52 25 15 60 29 15 El mejor fue: 0
4 83 31 64 95 89 20 57 81 52 25 15 60 29 15 Generación 67
arranca 
Jugando Partidos contra vecino 0
Resultado 13
19479.3
Yo soy: 
4 83 31 64 95 89 20 57 81 52 25 15 60 29 15 El mejor fue: 0
4 83 31 64 95 89 30 57 81 52 25 15 60 29 15 Generación 66
arranca 
Jugando Partidos contra vecino 0
Resultado 13
19814.5
Yo soy: 
4 83 31 64 95 89 30 57 81 52 25 15 60 29 15 El mejor fue: 0
4 83 41 64 95 89 30 57 81 52 25 15 60 29 15 Generación 65
arranca 
Jugando Partidos contra vecino 0
Resultado 13
19583.1
Yo soy: 
4 83 41 64 95 89 30 57 81 52 25 15 60 29 15 El mejor fue: 0
4 83 41 64 95 89 30 57 81 52 25 15 60 29 5 Generación 64
arranca 
Jugando Partidos contra vecino 0
Resultado 13
20455.2
Yo soy: 
4 83 41 64 95 89 30 57 81 52 25 15 60 29 5 El mejor fue: 0
4 83 41 64 95 89 20 57 81 52 25 15 60 29 5 Generación 63
arranca 
Jugando Partidos contra vecino 0
Resultado 15
18412.1
Yo soy: 
4 83 41 64 95 89 20 57 81 52 25 15 60 29 5 El mejor fue: 0
4 83 41 64 75 89 20 57 81 52 25 15 60 29 5 Generación 62
arranca 
Jugando Partidos contra vecino 0
Resultado 15
20509.9
Yo soy: 
4 83 41 64 75 89 20 57 81 52 25 15 60 29 5 El mejor fue: 0
4 83 41 64 75 89 20 57 81 52 25 15 60 19 5 Generación 61
arranca 
Jugando Partidos contra vecino 0
Resultado 15
22809.2
Yo soy: 
4 83 41 64 75 89 20 57 81 52 25 15 60 19 5 El mejor fue: 0
4 83 41 64 75 89 20 57 81 52 25 15 60 19 -5 Generación 60
arranca 
Jugando Partidos contra vecino 0
Resultado 13
21105.6
Yo soy: 
4 83 41 64 75 89 20 57 81 52 25 15 60 19 -5 El mejor fue: 0
4 83 41 64 75 89 20 57 81 42 25 15 60 19 -5 Generación 59
arranca 
Jugando Partidos contra vecino 0
Resultado 11
21054.8
Yo soy: 
4 83 41 64 75 89 20 57 81 42 25 15 60 19 -5 El mejor fue: 0
4 83 41 64 65 89 20 57 81 42 25 15 60 19 -5 Generación 58
arranca 
Jugando Partidos contra vecino 0
Resultado 7
23893.3
Jugando Partidos contra vecino 1
Resultado 11
20830.2
Yo soy: 
4 83 41 64 65 89 20 57 81 42 25 15 60 19 -5 El mejor fue: 1
-6 83 41 64 65 89 20 57 81 42 25 15 60 19 -5 Generación 57
arranca 
Jugando Partidos contra vecino 0
Resultado 13
18034
Yo soy: 
-6 83 41 64 65 89 20 57 81 42 25 15 60 19 -5 El mejor fue: 0
-6 83 41 64 65 89 30 57 81 42 25 15 60 19 -5 Generación 56
arranca 
Jugando Partidos contra vecino 0
Resultado 15
19365
Yo soy: 
-6 83 41 64 65 89 30 57 81 42 25 15 60 19 -5 El mejor fue: 0
-6 83 41 54 65 89 30 57 81 42 25 15 60 19 -5 Generación 55
arranca 
Jugando Partidos contra vecino 0
Resultado 9
14580.4
Jugando Partidos contra vecino 1
Resultado 15
20954.1
Yo soy: 
-6 83 41 54 65 89 30 57 81 42 25 15 60 19 -5 El mejor fue: 1
-6 73 41 54 65 89 30 57 81 42 25 15 60 19 -5 Generación 54
arranca 
Jugando Partidos contra vecino 0
Resultado 13
17094.3
Yo soy: 
-6 73 41 54 65 89 30 57 81 42 25 15 60 19 -5 El mejor fue: 0
-16 73 41 54 65 89 30 57 81 42 25 15 60 19 -5 Generación 53
arranca 
Jugando Partidos contra vecino 0
Resultado 13
19760.5
Yo soy: 
-16 73 41 54 65 89 30 57 81 42 25 15 60 19 -5 El mejor fue: 0
-16 73 41 54 65 89 30 57 81 42 35 15 60 19 -5 Generación 52
arranca 
Jugando Partidos contra vecino 0
Resultado 13
32070.5
Yo soy: 
-16 73 41 54 65 89 30 57 81 42 35 15 60 19 -5 El mejor fue: 0
-16 73 41 54 65 89 30 57 81 42 35 25 60 19 -5 Generación 51
arranca 
Jugando Partidos contra vecino 0
Resultado 11
38634.1
Yo soy: 
-16 73 41 54 65 89 30 57 81 42 35 25 60 19 -5 El mejor fue: 0
-16 73 41 54 65 89 30 57 81 32 35 25 60 19 -5 Generación 50
arranca 
Jugando Partidos contra vecino 0
Resultado 11
20757.5
Yo soy: 
-16 73 41 54 65 89 30 57 81 32 35 25 60 19 -5 El mejor fue: 0
-16 83 41 54 65 89 30 57 81 32 35 25 60 19 -5 Generación 49
arranca 
Jugando Partidos contra vecino 0
Resultado 13
23442.2
Yo soy: 
-16 83 41 54 65 89 30 57 81 32 35 25 60 19 -5 El mejor fue: 0
-16 83 41 54 65 89 30 57 91 32 35 25 60 19 -5 Generación 48
arranca 
Jugando Partidos contra vecino 0
Resultado 9
17692.1
Jugando Partidos contra vecino 1
Resultado 13
21434.4
Yo soy: 
-16 83 41 54 65 89 30 57 91 32 35 25 60 19 -5 El mejor fue: 1
-16 83 41 54 65 89 30 57 91 32 25 25 60 19 -5 Generación 47
arranca 
Jugando Partidos contra vecino 0
Resultado 11
18772.2
Yo soy: 
-16 83 41 54 65 89 30 57 91 32 25 25 60 19 -5 El mejor fue: 0
-16 83 41 54 65 89 30 57 91 42 25 25 60 19 -5 Generación 46
arranca 
Jugando Partidos contra vecino 0
Resultado 13
21452.8
Yo soy: 
-16 83 41 54 65 89 30 57 91 42 25 25 60 19 -5 El mejor fue: 0
-16 83 41 44 65 89 30 57 91 42 25 25 60 19 -5 Generación 45
arranca 
Jugando Partidos contra vecino 0
Resultado 11
27085.1
Yo soy: 
-16 83 41 44 65 89 30 57 91 42 25 25 60 19 -5 El mejor fue: 0
-16 83 41 44 55 89 30 57 91 42 25 25 60 19 -5 Generación 44
arranca 
Jugando Partidos contra vecino 0
Resultado 11
21819
Yo soy: 
-16 83 41 44 55 89 30 57 91 42 25 25 60 19 -5 El mejor fue: 0
-16 83 41 44 55 89 30 57 91 32 25 25 60 19 -5 Generación 43
arranca 
Jugando Partidos contra vecino 0
Resultado 13
23357.4
Yo soy: 
-16 83 41 44 55 89 30 57 91 32 25 25 60 19 -5 El mejor fue: 0
-16 83 41 44 65 89 30 57 91 32 25 25 60 19 -5 Generación 42
arranca 
Jugando Partidos contra vecino 0
Resultado 11
25002.8
Yo soy: 
-16 83 41 44 65 89 30 57 91 32 25 25 60 19 -5 El mejor fue: 0
-16 83 41 44 65 89 30 57 71 32 25 25 60 19 -5 Generación 41
arranca 
Jugando Partidos contra vecino 0
Resultado 11
22179.4
Yo soy: 
-16 83 41 44 65 89 30 57 71 32 25 25 60 19 -5 El mejor fue: 0
-16 83 41 44 65 89 30 57 71 32 25 15 60 19 -5 Generación 40
arranca 
Jugando Partidos contra vecino 0
Resultado 13
19505
Yo soy: 
-16 83 41 44 65 89 30 57 71 32 25 15 60 19 -5 El mejor fue: 0
-16 83 41 44 65 89 30 57 71 32 15 15 60 19 -5 Generación 39
arranca 
Jugando Partidos contra vecino 0
Resultado 15
19442.8
Yo soy: 
-16 83 41 44 65 89 30 57 71 32 15 15 60 19 -5 El mejor fue: 0
-16 83 41 44 65 89 30 57 71 32 15 15 70 19 -5 Generación 38
arranca 
Jugando Partidos contra vecino 0
Resultado 11
16364.5
Yo soy: 
-16 83 41 44 65 89 30 57 71 32 15 15 70 19 -5 El mejor fue: 0
-16 83 41 44 65 89 30 57 71 32 5 15 70 19 -5 Generación 37
arranca 
Jugando Partidos contra vecino 0
Resultado 11
15656.6
Yo soy: 
-16 83 41 44 65 89 30 57 71 32 5 15 70 19 -5 El mejor fue: 0
-16 83 41 44 65 89 30 47 71 32 5 15 70 19 -5 Generación 36
arranca 
Jugando Partidos contra vecino 0
Resultado 9
15113.4
Jugando Partidos contra vecino 1
Resultado 13
20321.5
Yo soy: 
-16 83 41 44 65 89 30 47 71 32 5 15 70 19 -5 El mejor fue: 1
-16 83 41 44 65 89 30 47 81 32 5 15 70 19 -5 Generación 35
arranca 
Jugando Partidos contra vecino 0
Resultado 11
14736.8
Yo soy: 
-16 83 41 44 65 89 30 47 81 32 5 15 70 19 -5 El mejor fue: 0
-16 83 41 44 65 89 30 47 81 32 5 15 70 29 -5 Generación 34
arranca 
Jugando Partidos contra vecino 0
Resultado 7
21903.2
Jugando Partidos contra vecino 1
Resultado 13
21455
Yo soy: 
-16 83 41 44 65 89 30 47 81 32 5 15 70 29 -5 El mejor fue: 1
-16 83 41 44 65 89 40 47 81 32 5 15 70 29 -5 Generación 33
arranca 
Jugando Partidos contra vecino 0
Resultado 7
22760.9
Jugando Partidos contra vecino 1
Resultado 11
16746.1
Yo soy: 
-16 83 41 44 65 89 40 47 81 32 5 15 70 29 -5 El mejor fue: 1
-26 83 41 44 65 89 40 47 81 32 5 15 70 29 -5 Generación 32
arranca 
Jugando Partidos contra vecino 0
Resultado 11
17565.9
Yo soy: 
-26 83 41 44 65 89 40 47 81 32 5 15 70 29 -5 El mejor fue: 0
-26 83 41 44 65 89 40 47 91 32 5 15 70 29 -5 Generación 31
arranca 
Jugando Partidos contra vecino 0
Resultado 11
18942.9
Yo soy: 
-26 83 41 44 65 89 40 47 91 32 5 15 70 29 -5 El mejor fue: 0
-26 83 41 44 65 89 30 47 91 32 5 15 70 29 -5 Generación 30
arranca 
Jugando Partidos contra vecino 0
Resultado 13
18083.1
Yo soy: 
-26 83 41 44 65 89 30 47 91 32 5 15 70 29 -5 El mejor fue: 0
-36 83 41 44 65 89 30 47 91 32 5 15 70 29 -5 Generación 29
arranca 
Jugando Partidos contra vecino 0
Resultado 9
19816.7
Jugando Partidos contra vecino 1
Resultado 13
16697.7
Yo soy: 
-36 83 41 44 65 89 30 47 91 32 5 15 70 29 -5 El mejor fue: 1
-36 83 41 44 65 89 30 47 71 32 5 15 70 29 -5 Generación 28
arranca 
Jugando Partidos contra vecino 0
Resultado 15
20460
Yo soy: 
-36 83 41 44 65 89 30 47 71 32 5 15 70 29 -5 El mejor fue: 0
-36 83 41 44 65 79 30 47 71 32 5 15 70 29 -5 Generación 27
arranca 
Jugando Partidos contra vecino 0
Resultado 5
22796
Jugando Partidos contra vecino 1
Resultado 15
18875.1
Yo soy: 
-36 83 41 44 65 79 30 47 71 32 5 15 70 29 -5 El mejor fue: 1
-36 83 41 44 65 79 30 47 71 42 5 15 70 29 -5 Generación 26
arranca 
Jugando Partidos contra vecino 0
Resultado 15
18815.9
Yo soy: 
-36 83 41 44 65 79 30 47 71 42 5 15 70 29 -5 El mejor fue: 0
-46 83 41 44 65 79 30 47 71 42 5 15 70 29 -5 Generación 25
arranca 
Jugando Partidos contra vecino 0
Resultado 11
17252.9
Yo soy: 
-46 83 41 44 65 79 30 47 71 42 5 15 70 29 -5 El mejor fue: 0
-46 83 41 44 65 79 30 57 71 42 5 15 70 29 -5 Generación 24
arranca 
Jugando Partidos contra vecino 0
Resultado 13
16566.2
Yo soy: 
-46 83 41 44 65 79 30 57 71 42 5 15 70 29 -5 El mejor fue: 0
-46 83 41 44 65 89 30 57 71 42 5 15 70 29 -5 Generación 23
arranca 
Jugando Partidos contra vecino 0
Resultado 13
19063.4
Yo soy: 
-46 83 41 44 65 89 30 57 71 42 5 15 70 29 -5 El mejor fue: 0
-46 73 41 44 65 89 30 57 71 42 5 15 70 29 -5 Generación 22
arranca 
Jugando Partidos contra vecino 0
Resultado 13
17058.1
Yo soy: 
-46 73 41 44 65 89 30 57 71 42 5 15 70 29 -5 El mejor fue: 0
-56 73 41 44 65 89 30 57 71 42 5 15 70 29 -5 Generación 21
arranca 
Jugando Partidos contra vecino 0
Resultado 13
34437.9
Yo soy: 
-56 73 41 44 65 89 30 57 71 42 5 15 70 29 -5 El mejor fue: 0
-56 73 41 44 65 89 30 57 71 42 5 25 70 29 -5 Generación 20
arranca 
Jugando Partidos contra vecino 0
Resultado 13
37395.1
Yo soy: 
-56 73 41 44 65 89 30 57 71 42 5 25 70 29 -5 El mejor fue: 0
-66 73 41 44 65 89 30 57 71 42 5 25 70 29 -5 Generación 19
arranca 
Jugando Partidos contra vecino 0
Resultado 11
35360.7
Yo soy: 
-66 73 41 44 65 89 30 57 71 42 5 25 70 29 -5 El mejor fue: 0
-66 73 41 44 65 89 30 57 71 42 5 25 70 39 -5 Generación 18
arranca 
Jugando Partidos contra vecino 0
Resultado 9
20186.4
Jugando Partidos contra vecino 1
Resultado 15
31761.4
Yo soy: 
-66 73 41 44 65 89 30 57 71 42 5 25 70 39 -5 El mejor fue: 1
-56 73 41 44 65 89 30 57 71 42 5 25 70 39 -5 Generación 17
arranca 
Jugando Partidos contra vecino 0
Resultado 13
27400.3
Yo soy: 
-56 73 41 44 65 89 30 57 71 42 5 25 70 39 -5 El mejor fue: 0
-56 73 41 44 65 89 30 57 81 42 5 25 70 39 -5 Generación 16
arranca 
Jugando Partidos contra vecino 0
Resultado 11
34514.5
Yo soy: 
-56 73 41 44 65 89 30 57 81 42 5 25 70 39 -5 El mejor fue: 0
-56 73 41 44 65 89 30 57 81 42 5 35 70 39 -5 Generación 15
arranca 
Jugando Partidos contra vecino 0
Resultado 11
37904.9
Yo soy: 
-56 73 41 44 65 89 30 57 81 42 5 35 70 39 -5 El mejor fue: 0
-56 73 41 44 65 89 30 47 81 42 5 35 70 39 -5 Generación 14
arranca 
Jugando Partidos contra vecino 0
Resultado 15
51168.3
Yo soy: 
-56 73 41 44 65 89 30 47 81 42 5 35 70 39 -5 El mejor fue: 0
-56 73 41 34 65 89 30 47 81 42 5 35 70 39 -5 Generación 13
arranca 
Jugando Partidos contra vecino 0
Resultado 13
34831.3
Yo soy: 
-56 73 41 34 65 89 30 47 81 42 5 35 70 39 -5 El mejor fue: 0
-56 73 41 34 65 89 30 47 81 42 5 35 70 29 -5 Generación 12
arranca 
Jugando Partidos contra vecino 0
Resultado 15
43474.1
Yo soy: 
-56 73 41 34 65 89 30 47 81 42 5 35 70 29 -5 El mejor fue: 0
-56 73 41 34 65 89 30 47 81 42 15 35 70 29 -5 Generación 11
arranca 
Jugando Partidos contra vecino 0
Resultado 13
42805.8
Yo soy: 
-56 73 41 34 65 89 30 47 81 42 15 35 70 29 -5 El mejor fue: 0
-56 73 41 34 55 89 30 47 81 42 15 35 70 29 -5 Generación 10
arranca 
Jugando Partidos contra vecino 0
Resultado 13
40787
Yo soy: 
-56 73 41 34 55 89 30 47 81 42 15 35 70 29 -5 El mejor fue: 0
-56 73 41 34 55 89 20 47 81 42 15 35 70 29 -5 Generación 9
arranca 
Jugando Partidos contra vecino 0
Resultado 5
35266.1
Jugando Partidos contra vecino 1
Resultado 11
38689.5
Yo soy: 
-56 73 41 34 55 89 20 47 81 42 15 35 70 29 -5 El mejor fue: 1
-56 73 41 34 45 89 20 47 81 42 15 35 70 29 -5 Generación 8
arranca 
Jugando Partidos contra vecino 0
Resultado 5
33730
Jugando Partidos contra vecino 1
Resultado 11
43034.5
Yo soy: 
-56 73 41 34 45 89 20 47 81 42 15 35 70 29 -5 El mejor fue: 1
-56 73 31 34 45 89 20 47 81 42 15 35 70 29 -5 Generación 7
arranca 
Jugando Partidos contra vecino 0
Resultado 11
51122.5
Yo soy: 
-56 73 31 34 45 89 20 47 81 42 15 35 70 29 -5 El mejor fue: 0
-56 73 31 34 35 89 20 47 81 42 15 35 70 29 -5 Generación 6
arranca 
Jugando Partidos contra vecino 0
Resultado 9
43598.7
Jugando Partidos contra vecino 1
Resultado 5
19248.4
Jugando Partidos contra vecino 2
Resultado 11
47352.1
Yo soy: 
-56 73 31 34 35 89 20 47 81 42 15 35 70 29 -5 El mejor fue: 2
-56 73 31 34 35 89 10 47 81 42 15 35 70 29 -5 Generación 5
arranca 
Jugando Partidos contra vecino 0
Resultado 13
52893.1
Yo soy: 
-56 73 31 34 35 89 10 47 81 42 15 35 70 29 -5 El mejor fue: 0
-56 73 31 34 35 89 10 47 81 52 15 35 70 29 -5 Generación 4
arranca 
Jugando Partidos contra vecino 0
Resultado 15
54150.2
Yo soy: 
-56 73 31 34 35 89 10 47 81 52 15 35 70 29 -5 El mejor fue: 0
-56 73 31 24 35 89 10 47 81 52 15 35 70 29 -5 Generación 3
arranca 
Jugando Partidos contra vecino 0
Resultado 13
44713
Yo soy: 
-56 73 31 24 35 89 10 47 81 52 15 35 70 29 -5 El mejor fue: 0
-56 73 31 24 35 89 10 57 81 52 15 35 70 29 -5 Generación 2
arranca 
Jugando Partidos contra vecino 0
Resultado 15
51016
Yo soy: 
-56 73 31 24 35 89 10 57 81 52 15 35 70 29 -5 El mejor fue: 0
-56 73 31 24 35 89 10 57 81 52 15 35 80 29 -5 Generación 1
arranca 
Jugando Partidos contra vecino 0
Resultado 15
48833
Yo soy: 
-56 73 31 24 35 89 10 57 81 52 15 35 80 29 -5 El mejor fue: 0
-66 73 31 24 35 89 10 57 81 52 15 35 80 29 -5 Generación 0
3.23278e+06
