arranca 
Jugando Partidos contra vecino 0
Resultado 11
80118.5
Yo soy: 
5 72 76 58 30 92 24 83 92 81 87 42 35 99 9 El mejor fue: 0
5 72 71 58 30 92 24 83 92 81 87 42 35 99 9 Generación 9
arranca 
Jugando Partidos contra vecino 0
Resultado 9
74161.4
Jugando Partidos contra vecino 1
Resultado 15
88893.1
Yo soy: 
5 72 71 58 30 92 24 83 92 81 87 42 35 99 9 El mejor fue: 1
5 77 71 58 30 92 24 83 92 81 87 42 35 99 9 Generación 8
arranca 
Jugando Partidos contra vecino 0
Resultado 15
94432.4
Yo soy: 
5 77 71 58 30 92 24 83 92 81 87 42 35 99 9 El mejor fue: 0
5 77 71 58 25 92 24 83 92 81 87 42 35 99 9 Generación 7
arranca 
Jugando Partidos contra vecino 0
Resultado 9
74941.7
Jugando Partidos contra vecino 1
Resultado 5
71122.3
Jugando Partidos contra vecino 2
Resultado 11
83075
Yo soy: 
5 77 71 58 25 92 24 83 92 81 87 42 35 99 9 El mejor fue: 2
5 77 71 58 25 92 24 88 92 81 87 42 35 99 9 Generación 6
arranca 
Jugando Partidos contra vecino 0
Resultado 11
72610.6
Yo soy: 
5 77 71 58 25 92 24 88 92 81 87 42 35 99 9 El mejor fue: 0
5 77 71 53 25 92 24 88 92 81 87 42 35 99 9 Generación 5
arranca 
Jugando Partidos contra vecino 0
Resultado 15
86735.7
Yo soy: 
5 77 71 53 25 92 24 88 92 81 87 42 35 99 9 El mejor fue: 0
5 77 71 53 25 87 24 88 92 81 87 42 35 99 9 Generación 4
arranca 
Jugando Partidos contra vecino 0
Resultado 7
76819.4
Jugando Partidos contra vecino 1
Resultado 11
80455.3
Yo soy: 
5 77 71 53 25 87 24 88 92 81 87 42 35 99 9 El mejor fue: 1
5 77 76 53 25 87 24 88 92 81 87 42 35 99 9 Generación 3
arranca 
Jugando Partidos contra vecino 0
Resultado 11
76109
Yo soy: 
5 77 76 53 25 87 24 88 92 81 87 42 35 99 9 El mejor fue: 0
5 77 76 53 30 87 24 88 92 81 87 42 35 99 9 Generación 2
arranca 
Jugando Partidos contra vecino 0
Resultado 11
79493.9
Yo soy: 
5 77 76 53 30 87 24 88 92 81 87 42 35 99 9 El mejor fue: 0
5 82 76 53 30 87 24 88 92 81 87 42 35 99 9 Generación 1
arranca 
Jugando Partidos contra vecino 0
Resultado 9
63601
Jugando Partidos contra vecino 1
Resultado 13
78270.7
Yo soy: 
5 82 76 53 30 87 24 88 92 81 87 42 35 99 9 El mejor fue: 1
5 82 76 53 25 87 24 88 92 81 87 42 35 99 9 Generación 0
1.18084e+06
