arranca 
Jugando Partidos contra vecino 0
Resultado 7
55828.4
Jugando Partidos contra vecino 1
Resultado 9
45353.2
Jugando Partidos contra vecino 2
Resultado 11
58261.2
Yo soy: 
55 79 52 83 73 46 88 73 40 100 21 81 83 33 68 El mejor fue: 2
55 79 62 83 73 46 88 73 40 100 21 81 83 33 68 Generación 99
arranca 
Jugando Partidos contra vecino 0
Resultado 5
36490.8
Jugando Partidos contra vecino 1
Resultado 5
41502.7
Jugando Partidos contra vecino 2
Resultado 9
57666.6
Jugando Partidos contra vecino 3
Resultado 5
35509.8
Jugando Partidos contra vecino 4
Resultado 5
38865.7
Jugando Partidos contra vecino 5
Resultado 9
38675.7
Jugando Partidos contra vecino 6
Resultado 9
46649.5
Jugando Partidos contra vecino 7
Resultado 5
57886.2
Jugando Partidos contra vecino 8
Resultado 7
54841.5
Jugando Partidos contra vecino 9
Resultado 13
53107.5
Yo soy: 
55 79 62 83 73 46 88 73 40 100 21 81 83 33 68 El mejor fue: 9
55 79 62 83 73 46 88 73 40 90 21 81 83 33 68 Generación 98
arranca 
Jugando Partidos contra vecino 0
Resultado 7
59848.7
Jugando Partidos contra vecino 1
Resultado 7
40174
Jugando Partidos contra vecino 2
Resultado 7
64099.1
Jugando Partidos contra vecino 3
Resultado 9
45234
Jugando Partidos contra vecino 4
Resultado 9
51273.2
Jugando Partidos contra vecino 5
Resultado 9
43284.6
Jugando Partidos contra vecino 6
Resultado 7
37414.3
Jugando Partidos contra vecino 7
Resultado 5
38235.2
Jugando Partidos contra vecino 8
Resultado 5
60817.5
Jugando Partidos contra vecino 9
Resultado 7
51637
Jugando Partidos contra vecino 10
Resultado 9
35163.9
Jugando Partidos contra vecino 11
Resultado 9
42874.7
Jugando Partidos contra vecino 12
Resultado 8
40120.7
Jugando Partidos contra vecino 13
Resultado 7
58122.8
Jugando Partidos contra vecino 14
Resultado 9
36829
Jugando Partidos contra vecino 15
Resultado 7
40115.1
Jugando Partidos contra vecino 16
Resultado 7
45264.7
Jugando Partidos contra vecino 17
Resultado 9
51765.8
Jugando Partidos contra vecino 18
Resultado 7
50739.6
Jugando Partidos contra vecino 19
Resultado 9
46356.5
Jugando Partidos contra vecino 20
Resultado 9
43726.7
Jugando Partidos contra vecino 21
Resultado 11
58656.2
Yo soy: 
55 79 62 83 73 46 88 73 40 90 21 81 83 33 68 El mejor fue: 21
55 79 62 83 83 46 88 73 40 90 21 81 83 33 68 Generación 97
arranca 
Jugando Partidos contra vecino 0
Resultado 9
54065.8
Jugando Partidos contra vecino 1
Resultado 9
49743.7
Jugando Partidos contra vecino 2
Resultado 7
54773.8
Jugando Partidos contra vecino 3
Resultado 11
45763.7
Yo soy: 
55 79 62 83 83 46 88 73 40 90 21 81 83 33 68 El mejor fue: 3
55 79 62 83 83 46 88 73 40 90 21 71 83 33 68 Generación 96
arranca 
Jugando Partidos contra vecino 0
Resultado 9
41762.9
Jugando Partidos contra vecino 1
Resultado 7
46741.9
Jugando Partidos contra vecino 2
Resultado 9
61038.1
Jugando Partidos contra vecino 3
Resultado 5
22531.4
Jugando Partidos contra vecino 4
Resultado 7
45275.4
Jugando Partidos contra vecino 5
Resultado 7
29102.3
Jugando Partidos contra vecino 6
Resultado 9
51539.2
Jugando Partidos contra vecino 7
Resultado 9
34129.4
Jugando Partidos contra vecino 8
Resultado 7
21182.2
Jugando Partidos contra vecino 9
Resultado 9
58375
Jugando Partidos contra vecino 10
Resultado 5
45447.5
Jugando Partidos contra vecino 11
Resultado 5
32076.7
Jugando Partidos contra vecino 12
Resultado 7
25016.9
Jugando Partidos contra vecino 13
Resultado 5
49583.2
Jugando Partidos contra vecino 14
Resultado 13
39495.3
Yo soy: 
55 79 62 83 83 46 88 73 40 90 21 71 83 33 68 El mejor fue: 14
55 79 62 83 83 46 88 73 40 90 21 71 83 33 58 Generación 95
arranca 
Jugando Partidos contra vecino 0
Resultado 7
38825.7
Jugando Partidos contra vecino 1
Resultado 11
41587.7
Yo soy: 
55 79 62 83 83 46 88 73 40 90 21 71 83 33 58 El mejor fue: 1
55 79 62 83 83 46 88 73 40 90 21 71 83 33 48 Generación 94
arranca 
Jugando Partidos contra vecino 0
Resultado 13
46427.7
Yo soy: 
55 79 62 83 83 46 88 73 40 90 21 71 83 33 48 El mejor fue: 0
55 79 52 83 83 46 88 73 40 90 21 71 83 33 48 Generación 93
arranca 
Jugando Partidos contra vecino 0
Resultado 9
37925.6
Jugando Partidos contra vecino 1
Resultado 10
39618.5
Yo soy: 
55 79 52 83 83 46 88 73 40 90 21 71 83 33 48 El mejor fue: 1
55 79 52 83 83 46 88 73 40 90 21 71 83 33 38 Generación 92
arranca 
Jugando Partidos contra vecino 0
Resultado 9
47690.9
Jugando Partidos contra vecino 1
Resultado 9
47635
Jugando Partidos contra vecino 2
Resultado 9
47705.4
Jugando Partidos contra vecino 3
Resultado 5
47028.6
Jugando Partidos contra vecino 4
Resultado 11
52728.6
Yo soy: 
55 79 52 83 83 46 88 73 40 90 21 71 83 33 38 El mejor fue: 4
55 79 42 83 83 46 88 73 40 90 21 71 83 33 38 Generación 91
arranca 
Jugando Partidos contra vecino 0
Resultado 7
61154.5
Jugando Partidos contra vecino 1
Resultado 7
47437.6
Jugando Partidos contra vecino 2
Resultado 9
40830.1
Jugando Partidos contra vecino 3
Resultado 9
35667.7
Jugando Partidos contra vecino 4
Resultado 5
36137
Jugando Partidos contra vecino 5
Resultado 5
53142.7
Jugando Partidos contra vecino 6
Resultado 9
42032
Jugando Partidos contra vecino 7
Resultado 9
48239.3
Jugando Partidos contra vecino 8
Resultado 7
49334.1
Jugando Partidos contra vecino 9
Resultado 5
53470.9
Jugando Partidos contra vecino 10
Resultado 7
49529.7
Jugando Partidos contra vecino 11
Resultado 7
46992.4
Jugando Partidos contra vecino 12
Resultado 13
41947.1
Yo soy: 
55 79 42 83 83 46 88 73 40 90 21 71 83 33 38 El mejor fue: 12
55 79 42 83 83 46 88 73 40 90 31 71 83 33 38 Generación 90
arranca 
Jugando Partidos contra vecino 0
Resultado 9
57798.6
Jugando Partidos contra vecino 1
Resultado 5
24463.6
Jugando Partidos contra vecino 2
Resultado 9
52160.5
Jugando Partidos contra vecino 3
Resultado 7
45938.7
Jugando Partidos contra vecino 4
Resultado 9
49311.6
Jugando Partidos contra vecino 5
Resultado 8
48168.9
Jugando Partidos contra vecino 6
Resultado 7
56636.1
Jugando Partidos contra vecino 7
Resultado 13
46495.1
Yo soy: 
55 79 42 83 83 46 88 73 40 90 31 71 83 33 38 El mejor fue: 7
55 79 52 83 83 46 88 73 40 90 31 71 83 33 38 Generación 89
arranca 
Jugando Partidos contra vecino 0
Resultado 9
47006.2
Jugando Partidos contra vecino 1
Resultado 5
46427.7
Jugando Partidos contra vecino 2
Resultado 9
60883.5
Jugando Partidos contra vecino 3
Resultado 7
34009.6
Jugando Partidos contra vecino 4
Resultado 9
46282.4
Jugando Partidos contra vecino 5
Resultado 5
46359.7
Jugando Partidos contra vecino 6
Resultado 9
56310.9
Jugando Partidos contra vecino 7
Resultado 13
50523
Yo soy: 
55 79 52 83 83 46 88 73 40 90 31 71 83 33 38 El mejor fue: 7
45 79 52 83 83 46 88 73 40 90 31 71 83 33 38 Generación 88
arranca 
Jugando Partidos contra vecino 0
Resultado 4
29050.9
Jugando Partidos contra vecino 1
Resultado 9
53065.8
Jugando Partidos contra vecino 2
Resultado 7
60505.2
Jugando Partidos contra vecino 3
Resultado 7
49840.6
Jugando Partidos contra vecino 4
Resultado 7
30137.1
Jugando Partidos contra vecino 5
Resultado 7
52257.8
Jugando Partidos contra vecino 6
Resultado 4
42258.3
Jugando Partidos contra vecino 7
Resultado 7
50729.4
Jugando Partidos contra vecino 8
Resultado 11
61764.3
Yo soy: 
45 79 52 83 83 46 88 73 40 90 31 71 83 33 38 El mejor fue: 8
45 69 52 83 83 46 88 73 40 90 31 71 83 33 38 Generación 87
arranca 
Jugando Partidos contra vecino 0
Resultado 9
38320.6
Jugando Partidos contra vecino 1
Resultado 7
53872.9
Jugando Partidos contra vecino 2
Resultado 5
58626.4
Jugando Partidos contra vecino 3
Resultado 9
37161.2
Jugando Partidos contra vecino 4
Resultado 9
58638.6
Jugando Partidos contra vecino 5
Resultado 13
47818.5
Yo soy: 
45 69 52 83 83 46 88 73 40 90 31 71 83 33 38 El mejor fue: 5
45 69 52 83 83 46 88 73 40 90 31 61 83 33 38 Generación 86
arranca 
Jugando Partidos contra vecino 0
Resultado 9
38418.2
Jugando Partidos contra vecino 1
Resultado 7
60976
Jugando Partidos contra vecino 2
Resultado 7
60233.2
Jugando Partidos contra vecino 3
Resultado 7
27559.6
Jugando Partidos contra vecino 4
Resultado 2
19033.5
Jugando Partidos contra vecino 5
Resultado 5
57024.4
Jugando Partidos contra vecino 6
Resultado 9
49557.5
Jugando Partidos contra vecino 7
Resultado 5
33957.3
Jugando Partidos contra vecino 8
Resultado 13
48284.7
Yo soy: 
45 69 52 83 83 46 88 73 40 90 31 61 83 33 38 El mejor fue: 8
45 69 52 83 83 36 88 73 40 90 31 61 83 33 38 Generación 85
arranca 
Jugando Partidos contra vecino 0
Resultado 7
49229.5
Jugando Partidos contra vecino 1
Resultado 11
46614.3
Yo soy: 
45 69 52 83 83 36 88 73 40 90 31 61 83 33 38 El mejor fue: 1
45 69 52 83 83 36 88 73 40 90 31 61 83 33 48 Generación 84
arranca 
Jugando Partidos contra vecino 0
Resultado 9
57588.7
Jugando Partidos contra vecino 1
Resultado 11
42254.4
Yo soy: 
45 69 52 83 83 36 88 73 40 90 31 61 83 33 48 El mejor fue: 1
45 69 52 83 83 36 88 73 40 90 31 61 93 33 48 Generación 83
arranca 
Jugando Partidos contra vecino 0
Resultado 9
45459.5
Jugando Partidos contra vecino 1
Resultado 5
38183.2
Jugando Partidos contra vecino 2
Resultado 9
60974.1
Jugando Partidos contra vecino 3
Resultado 5
62325.7
Jugando Partidos contra vecino 4
Resultado 9
53143.2
Jugando Partidos contra vecino 5
Resultado 11
58145.5
Yo soy: 
45 69 52 83 83 36 88 73 40 90 31 61 93 33 48 El mejor fue: 5
45 79 52 83 83 36 88 73 40 90 31 61 93 33 48 Generación 82
arranca 
Jugando Partidos contra vecino 0
Resultado 9
42599.4
Jugando Partidos contra vecino 1
Resultado 9
54995.2
Jugando Partidos contra vecino 2
Resultado 11
46097.1
Yo soy: 
45 79 52 83 83 36 88 73 40 90 31 61 93 33 48 El mejor fue: 2
45 79 62 83 83 36 88 73 40 90 31 61 93 33 48 Generación 81
arranca 
Jugando Partidos contra vecino 0
Resultado 11
37061.5
Yo soy: 
45 79 62 83 83 36 88 73 40 90 31 61 93 33 48 El mejor fue: 0
45 79 62 83 83 36 88 73 40 90 31 61 93 33 38 Generación 80
arranca 
Jugando Partidos contra vecino 0
Resultado 9
50754
Jugando Partidos contra vecino 1
Resultado 5
41122.2
Jugando Partidos contra vecino 2
Resultado 11
33016.8
Yo soy: 
45 79 62 83 83 36 88 73 40 90 31 61 93 33 38 El mejor fue: 2
45 79 72 83 83 36 88 73 40 90 31 61 93 33 38 Generación 79
arranca 
Jugando Partidos contra vecino 0
Resultado 7
27212.4
Jugando Partidos contra vecino 1
Resultado 5
23535.4
Jugando Partidos contra vecino 2
Resultado 7
34504.3
Jugando Partidos contra vecino 3
Resultado 4
21163.1
Jugando Partidos contra vecino 4
Resultado 9
36625.9
Jugando Partidos contra vecino 5
Resultado 11
33389.9
Yo soy: 
45 79 72 83 83 36 88 73 40 90 31 61 93 33 38 El mejor fue: 5
45 79 72 83 83 36 88 73 40 80 31 61 93 33 38 Generación 78
arranca 
Jugando Partidos contra vecino 0
Resultado 11
33785.6
Yo soy: 
45 79 72 83 83 36 88 73 40 80 31 61 93 33 38 El mejor fue: 0
45 79 72 83 83 36 88 73 30 80 31 61 93 33 38 Generación 77
arranca 
Jugando Partidos contra vecino 0
Resultado 11
32091
Yo soy: 
45 79 72 83 83 36 88 73 30 80 31 61 93 33 38 El mejor fue: 0
45 79 82 83 83 36 88 73 30 80 31 61 93 33 38 Generación 76
arranca 
Jugando Partidos contra vecino 0
Resultado 13
30595.9
Yo soy: 
45 79 82 83 83 36 88 73 30 80 31 61 93 33 38 El mejor fue: 0
45 79 82 83 83 36 88 83 30 80 31 61 93 33 38 Generación 75
arranca 
Jugando Partidos contra vecino 0
Resultado 13
34680.8
Yo soy: 
45 79 82 83 83 36 88 83 30 80 31 61 93 33 38 El mejor fue: 0
45 79 82 83 83 36 88 83 40 80 31 61 93 33 38 Generación 74
arranca 
Jugando Partidos contra vecino 0
Resultado 11
29517.3
Yo soy: 
45 79 82 83 83 36 88 83 40 80 31 61 93 33 38 El mejor fue: 0
55 79 82 83 83 36 88 83 40 80 31 61 93 33 38 Generación 73
arranca 
Jugando Partidos contra vecino 0
Resultado 9
22899.4
Jugando Partidos contra vecino 1
Resultado 4
19999.6
Jugando Partidos contra vecino 2
Resultado 13
26259
Yo soy: 
55 79 82 83 83 36 88 83 40 80 31 61 93 33 38 El mejor fue: 2
55 79 72 83 83 36 88 83 40 80 31 61 93 33 38 Generación 72
arranca 
Jugando Partidos contra vecino 0
Resultado 9
34501.6
Jugando Partidos contra vecino 1
Resultado 7
29751.9
Jugando Partidos contra vecino 2
Resultado 9
30062.7
Jugando Partidos contra vecino 3
Resultado 9
30050.5
Jugando Partidos contra vecino 4
Resultado 13
34759.6
Yo soy: 
55 79 72 83 83 36 88 83 40 80 31 61 93 33 38 El mejor fue: 4
55 79 72 83 83 36 88 83 40 80 31 61 93 33 28 Generación 71
arranca 
Jugando Partidos contra vecino 0
Resultado 11
34189.7
Yo soy: 
55 79 72 83 83 36 88 83 40 80 31 61 93 33 28 El mejor fue: 0
45 79 72 83 83 36 88 83 40 80 31 61 93 33 28 Generación 70
arranca 
Jugando Partidos contra vecino 0
Resultado 11
37756.5
Yo soy: 
45 79 72 83 83 36 88 83 40 80 31 61 93 33 28 El mejor fue: 0
45 79 72 83 83 36 88 83 40 80 31 61 93 23 28 Generación 69
arranca 
Jugando Partidos contra vecino 0
Resultado 11
28837.7
Yo soy: 
45 79 72 83 83 36 88 83 40 80 31 61 93 23 28 El mejor fue: 0
45 79 72 83 83 36 88 83 40 80 31 51 93 23 28 Generación 68
arranca 
Jugando Partidos contra vecino 0
Resultado 9
24771.3
Jugando Partidos contra vecino 1
Resultado 10
20839.6
Yo soy: 
45 79 72 83 83 36 88 83 40 80 31 51 93 23 28 El mejor fue: 1
45 79 72 83 93 36 88 83 40 80 31 51 93 23 28 Generación 67
arranca 
Jugando Partidos contra vecino 0
Resultado 8
29432.9
Jugando Partidos contra vecino 1
Resultado 10
30372
Yo soy: 
45 79 72 83 93 36 88 83 40 80 31 51 93 23 28 El mejor fue: 1
45 79 72 83 93 36 88 83 50 80 31 51 93 23 28 Generación 66
arranca 
Jugando Partidos contra vecino 0
Resultado 13
35511.3
Yo soy: 
45 79 72 83 93 36 88 83 50 80 31 51 93 23 28 El mejor fue: 0
45 79 72 83 93 36 88 83 60 80 31 51 93 23 28 Generación 65
arranca 
Jugando Partidos contra vecino 0
Resultado 9
23570.2
Jugando Partidos contra vecino 1
Resultado 11
30095.9
Yo soy: 
45 79 72 83 93 36 88 83 60 80 31 51 93 23 28 El mejor fue: 1
45 79 82 83 93 36 88 83 60 80 31 51 93 23 28 Generación 64
arranca 
Jugando Partidos contra vecino 0
Resultado 15
25614.3
Yo soy: 
45 79 82 83 93 36 88 83 60 80 31 51 93 23 28 El mejor fue: 0
45 79 82 93 93 36 88 83 60 80 31 51 93 23 28 Generación 63
arranca 
Jugando Partidos contra vecino 0
Resultado 9
26724.9
Jugando Partidos contra vecino 1
Resultado 13
26653.8
Yo soy: 
45 79 82 93 93 36 88 83 60 80 31 51 93 23 28 El mejor fue: 1
35 79 82 93 93 36 88 83 60 80 31 51 93 23 28 Generación 62
arranca 
Jugando Partidos contra vecino 0
Resultado 8
23927.9
Jugando Partidos contra vecino 1
Resultado 11
24548.7
Yo soy: 
35 79 82 93 93 36 88 83 60 80 31 51 93 23 28 El mejor fue: 1
25 79 82 93 93 36 88 83 60 80 31 51 93 23 28 Generación 61
arranca 
Jugando Partidos contra vecino 0
Resultado 9
27763.9
Jugando Partidos contra vecino 1
Resultado 13
27578.3
Yo soy: 
25 79 82 93 93 36 88 83 60 80 31 51 93 23 28 El mejor fue: 1
25 79 82 93 93 36 88 83 60 80 31 41 93 23 28 Generación 60
arranca 
Jugando Partidos contra vecino 0
Resultado 11
27033.5
Yo soy: 
25 79 82 93 93 36 88 83 60 80 31 41 93 23 28 El mejor fue: 0
25 79 82 93 73 36 88 83 60 80 31 41 93 23 28 Generación 59
arranca 
Jugando Partidos contra vecino 0
Resultado 15
32528.6
Yo soy: 
25 79 82 93 73 36 88 83 60 80 31 41 93 23 28 El mejor fue: 0
25 79 82 83 73 36 88 83 60 80 31 41 93 23 28 Generación 58
arranca 
Jugando Partidos contra vecino 0
Resultado 11
25921.1
Yo soy: 
25 79 82 83 73 36 88 83 60 80 31 41 93 23 28 El mejor fue: 0
25 79 82 83 73 36 88 83 60 80 31 31 93 23 28 Generación 57
arranca 
Jugando Partidos contra vecino 0
Resultado 13
30899.3
Yo soy: 
25 79 82 83 73 36 88 83 60 80 31 31 93 23 28 El mejor fue: 0
25 79 82 83 73 36 88 83 60 80 31 31 93 23 18 Generación 56
arranca 
Jugando Partidos contra vecino 0
Resultado 13
26185.6
Yo soy: 
25 79 82 83 73 36 88 83 60 80 31 31 93 23 18 El mejor fue: 0
25 79 82 83 73 36 88 83 60 80 31 41 93 23 18 Generación 55
arranca 
Jugando Partidos contra vecino 0
Resultado 11
28627.8
Yo soy: 
25 79 82 83 73 36 88 83 60 80 31 41 93 23 18 El mejor fue: 0
25 79 82 83 73 46 88 83 60 80 31 41 93 23 18 Generación 54
arranca 
Jugando Partidos contra vecino 0
Resultado 13
23635.2
Yo soy: 
25 79 82 83 73 46 88 83 60 80 31 41 93 23 18 El mejor fue: 0
25 89 82 83 73 46 88 83 60 80 31 41 93 23 18 Generación 53
arranca 
Jugando Partidos contra vecino 0
Resultado 11
30330.4
Yo soy: 
25 89 82 83 73 46 88 83 60 80 31 41 93 23 18 El mejor fue: 0
25 89 82 83 73 46 88 83 70 80 31 41 93 23 18 Generación 52
arranca 
Jugando Partidos contra vecino 0
Resultado 13
37936.7
Yo soy: 
25 89 82 83 73 46 88 83 70 80 31 41 93 23 18 El mejor fue: 0
25 89 72 83 73 46 88 83 70 80 31 41 93 23 18 Generación 51
arranca 
Jugando Partidos contra vecino 0
Resultado 11
29087.5
Yo soy: 
25 89 72 83 73 46 88 83 70 80 31 41 93 23 18 El mejor fue: 0
25 89 62 83 73 46 88 83 70 80 31 41 93 23 18 Generación 50
arranca 
Jugando Partidos contra vecino 0
Resultado 11
31047.6
Yo soy: 
25 89 62 83 73 46 88 83 70 80 31 41 93 23 18 El mejor fue: 0
35 89 62 83 73 46 88 83 70 80 31 41 93 23 18 Generación 49
arranca 
Jugando Partidos contra vecino 0
Resultado 11
31420
Yo soy: 
35 89 62 83 73 46 88 83 70 80 31 41 93 23 18 El mejor fue: 0
35 89 52 83 73 46 88 83 70 80 31 41 93 23 18 Generación 48
arranca 
Jugando Partidos contra vecino 0
Resultado 11
35902.2
Yo soy: 
35 89 52 83 73 46 88 83 70 80 31 41 93 23 18 El mejor fue: 0
35 89 52 83 73 36 88 83 70 80 31 41 93 23 18 Generación 47
arranca 
Jugando Partidos contra vecino 0
Resultado 11
31737
Yo soy: 
35 89 52 83 73 36 88 83 70 80 31 41 93 23 18 El mejor fue: 0
35 89 52 83 73 46 88 83 70 80 31 41 93 23 18 Generación 46
arranca 
Jugando Partidos contra vecino 0
Resultado 9
29607.6
Jugando Partidos contra vecino 1
Resultado 9
40472.2
Jugando Partidos contra vecino 2
Resultado 11
27630.5
Yo soy: 
35 89 52 83 73 46 88 83 70 80 31 41 93 23 18 El mejor fue: 2
35 89 52 73 73 46 88 83 70 80 31 41 93 23 18 Generación 45
arranca 
Jugando Partidos contra vecino 0
Resultado 13
31533.3
Yo soy: 
35 89 52 73 73 46 88 83 70 80 31 41 93 23 18 El mejor fue: 0
35 79 52 73 73 46 88 83 70 80 31 41 93 23 18 Generación 44
arranca 
Jugando Partidos contra vecino 0
Resultado 13
36003.1
Yo soy: 
35 79 52 73 73 46 88 83 70 80 31 41 93 23 18 El mejor fue: 0
35 69 52 73 73 46 88 83 70 80 31 41 93 23 18 Generación 43
arranca 
Jugando Partidos contra vecino 0
Resultado 11
29334.7
Yo soy: 
35 69 52 73 73 46 88 83 70 80 31 41 93 23 18 El mejor fue: 0
35 69 52 73 73 46 88 83 60 80 31 41 93 23 18 Generación 42
arranca 
Jugando Partidos contra vecino 0
Resultado 12
27154.2
Yo soy: 
35 69 52 73 73 46 88 83 60 80 31 41 93 23 18 El mejor fue: 0
35 69 52 73 73 46 88 83 60 80 31 41 93 13 18 Generación 41
arranca 
Jugando Partidos contra vecino 0
Resultado 9
28115.4
Jugando Partidos contra vecino 1
Resultado 9
29138.8
Jugando Partidos contra vecino 2
Resultado 11
21949.2
Yo soy: 
35 69 52 73 73 46 88 83 60 80 31 41 93 13 18 El mejor fue: 2
25 69 52 73 73 46 88 83 60 80 31 41 93 13 18 Generación 40
arranca 
Jugando Partidos contra vecino 0
Resultado 11
19760.1
Yo soy: 
25 69 52 73 73 46 88 83 60 80 31 41 93 13 18 El mejor fue: 0
25 69 52 73 73 46 88 83 60 80 31 31 93 13 18 Generación 39
arranca 
Jugando Partidos contra vecino 0
Resultado 13
30091.8
Yo soy: 
25 69 52 73 73 46 88 83 60 80 31 31 93 13 18 El mejor fue: 0
25 69 52 73 73 46 88 83 60 80 31 31 93 13 28 Generación 38
arranca 
Jugando Partidos contra vecino 0
Resultado 9
25388.4
Jugando Partidos contra vecino 1
Resultado 9
25225
Jugando Partidos contra vecino 2
Resultado 13
30655.1
Yo soy: 
25 69 52 73 73 46 88 83 60 80 31 31 93 13 28 El mejor fue: 2
25 69 52 73 73 46 88 83 60 80 31 41 93 13 28 Generación 37
arranca 
Jugando Partidos contra vecino 0
Resultado 11
33585.8
Yo soy: 
25 69 52 73 73 46 88 83 60 80 31 41 93 13 28 El mejor fue: 0
25 69 52 73 73 46 98 83 60 80 31 41 93 13 28 Generación 36
arranca 
Jugando Partidos contra vecino 0
Resultado 13
28178.5
Yo soy: 
25 69 52 73 73 46 98 83 60 80 31 41 93 13 28 El mejor fue: 0
25 69 52 73 73 46 98 83 60 70 31 41 93 13 28 Generación 35
arranca 
Jugando Partidos contra vecino 0
Resultado 10
28494.9
Yo soy: 
25 69 52 73 73 46 98 83 60 70 31 41 93 13 28 El mejor fue: 0
25 69 52 63 73 46 98 83 60 70 31 41 93 13 28 Generación 34
arranca 
Jugando Partidos contra vecino 0
Resultado 7
29159.8
Jugando Partidos contra vecino 1
Resultado 10
28316.1
Yo soy: 
25 69 52 63 73 46 98 83 60 70 31 41 93 13 28 El mejor fue: 1
25 69 52 63 73 46 98 73 60 70 31 41 93 13 28 Generación 33
arranca 
Jugando Partidos contra vecino 0
Resultado 11
35839.9
Yo soy: 
25 69 52 63 73 46 98 73 60 70 31 41 93 13 28 El mejor fue: 0
25 69 52 63 73 46 98 73 60 70 31 41 93 23 28 Generación 32
arranca 
Jugando Partidos contra vecino 0
Resultado 9
44260.5
Jugando Partidos contra vecino 1
Resultado 9
41716.5
Jugando Partidos contra vecino 2
Resultado 11
31996.3
Yo soy: 
25 69 52 63 73 46 98 73 60 70 31 41 93 23 28 El mejor fue: 2
25 69 52 63 73 46 78 73 60 70 31 41 93 23 28 Generación 31
arranca 
Jugando Partidos contra vecino 0
Resultado 13
37467.9
Yo soy: 
25 69 52 63 73 46 78 73 60 70 31 41 93 23 28 El mejor fue: 0
25 69 52 63 73 46 78 73 60 60 31 41 93 23 28 Generación 30
arranca 
Jugando Partidos contra vecino 0
Resultado 12
27954.7
Yo soy: 
25 69 52 63 73 46 78 73 60 60 31 41 93 23 28 El mejor fue: 0
25 69 52 63 73 46 78 73 60 50 31 41 93 23 28 Generación 29
arranca 
Jugando Partidos contra vecino 0
Resultado 7
33918.6
Jugando Partidos contra vecino 1
Resultado 12
39490.5
Yo soy: 
25 69 52 63 73 46 78 73 60 50 31 41 93 23 28 El mejor fue: 1
25 69 52 63 73 46 78 73 60 40 31 41 93 23 28 Generación 28
arranca 
Jugando Partidos contra vecino 0
Resultado 9
28904.9
Jugando Partidos contra vecino 1
Resultado 4
24455.4
Jugando Partidos contra vecino 2
Resultado 11
34823.7
Yo soy: 
25 69 52 63 73 46 78 73 60 40 31 41 93 23 28 El mejor fue: 2
25 69 52 63 73 46 68 73 60 40 31 41 93 23 28 Generación 27
arranca 
Jugando Partidos contra vecino 0
Resultado 13
22907.5
Yo soy: 
25 69 52 63 73 46 68 73 60 40 31 41 93 23 28 El mejor fue: 0
25 69 52 63 73 56 68 73 60 40 31 41 93 23 28 Generación 26
arranca 
Jugando Partidos contra vecino 0
Resultado 9
39077.8
Jugando Partidos contra vecino 1
Resultado 3
22161.6
Jugando Partidos contra vecino 2
Resultado 9
40346.9
Jugando Partidos contra vecino 3
Resultado 9
40101.6
Jugando Partidos contra vecino 4
Resultado 8
26670.9
Jugando Partidos contra vecino 5
Resultado 11
40176.4
Yo soy: 
25 69 52 63 73 56 68 73 60 40 31 41 93 23 28 El mejor fue: 5
25 69 52 63 73 56 68 73 60 50 31 41 93 23 28 Generación 25
arranca 
Jugando Partidos contra vecino 0
Resultado 13
42732.1
Yo soy: 
25 69 52 63 73 56 68 73 60 50 31 41 93 23 28 El mejor fue: 0
25 69 52 63 73 56 58 73 60 50 31 41 93 23 28 Generación 24
arranca 
Jugando Partidos contra vecino 0
Resultado 11
50166
Yo soy: 
25 69 52 63 73 56 58 73 60 50 31 41 93 23 28 El mejor fue: 0
25 69 52 63 73 56 58 73 60 50 41 41 93 23 28 Generación 23
arranca 
Jugando Partidos contra vecino 0
Resultado 5
54499
Jugando Partidos contra vecino 1
Resultado 5
69242.2
Jugando Partidos contra vecino 2
Resultado 9
58181.4
Jugando Partidos contra vecino 3
Resultado 5
59444.6
Jugando Partidos contra vecino 4
Resultado 5
52175.3
Jugando Partidos contra vecino 5
Resultado 5
49566.7
Jugando Partidos contra vecino 6
Resultado 5
50451.6
Jugando Partidos contra vecino 7
Resultado 5
63018.1
Jugando Partidos contra vecino 8
Resultado 7
54035.2
Jugando Partidos contra vecino 9
Resultado 9
61354.5
Jugando Partidos contra vecino 10
Resultado 5
59657.4
Jugando Partidos contra vecino 11
Resultado 5
60331.7
Jugando Partidos contra vecino 12
Resultado 5
60679.3
Jugando Partidos contra vecino 13
Resultado 5
43650.6
Jugando Partidos contra vecino 14
Resultado 5
40483.4
Jugando Partidos contra vecino 15
Resultado 5
51037.7
Jugando Partidos contra vecino 16
Resultado 11
59047.2
Yo soy: 
25 69 52 63 73 56 58 73 60 50 41 41 93 23 28 El mejor fue: 16
35 69 52 63 73 56 58 73 60 50 41 41 93 23 28 Generación 22
arranca 
Jugando Partidos contra vecino 0
Resultado 7
57876.9
Jugando Partidos contra vecino 1
Resultado 7
56494.5
Jugando Partidos contra vecino 2
Resultado 5
67002.6
Jugando Partidos contra vecino 3
Resultado 5
51874.2
Jugando Partidos contra vecino 4
Resultado 7
54962.4
Jugando Partidos contra vecino 5
Resultado 5
32126.7
Jugando Partidos contra vecino 6
Resultado 5
47296.2
Jugando Partidos contra vecino 7
Resultado 5
54585.7
Jugando Partidos contra vecino 8
Resultado 5
61052.4
Jugando Partidos contra vecino 9
Resultado 5
58417.6
Jugando Partidos contra vecino 10
Resultado 4
46405.8
Jugando Partidos contra vecino 11
Resultado 5
68364.8
Jugando Partidos contra vecino 12
Resultado 4
62620.7
Jugando Partidos contra vecino 13
Resultado 11
54933
Yo soy: 
35 69 52 63 73 56 58 73 60 50 41 41 93 23 28 El mejor fue: 13
35 69 52 63 73 56 58 73 60 50 41 41 93 13 28 Generación 21
arranca 
Jugando Partidos contra vecino 0
Resultado 13
61898.5
Yo soy: 
35 69 52 63 73 56 58 73 60 50 41 41 93 13 28 El mejor fue: 0
35 69 52 63 73 56 58 73 50 50 41 41 93 13 28 Generación 20
arranca 
Jugando Partidos contra vecino 0
Resultado 13
59444.4
Yo soy: 
35 69 52 63 73 56 58 73 50 50 41 41 93 13 28 El mejor fue: 0
35 69 52 63 73 56 68 73 50 50 41 41 93 13 28 Generación 19
arranca 
Jugando Partidos contra vecino 0
Resultado 9
51334
Jugando Partidos contra vecino 1
Resultado 3
21894.2
Jugando Partidos contra vecino 2
Resultado 7
42931.4
Jugando Partidos contra vecino 3
Resultado 7
47036.9
Jugando Partidos contra vecino 4
Resultado 9
34708.2
Jugando Partidos contra vecino 5
Resultado 9
48468.9
Jugando Partidos contra vecino 6
Resultado 9
40766.6
Jugando Partidos contra vecino 7
Resultado 11
51879
Yo soy: 
35 69 52 63 73 56 68 73 50 50 41 41 93 13 28 El mejor fue: 7
35 69 52 63 73 56 68 73 50 60 41 41 93 13 28 Generación 18
arranca 
Jugando Partidos contra vecino 0
Resultado 11
55403.9
Yo soy: 
35 69 52 63 73 56 68 73 50 60 41 41 93 13 28 El mejor fue: 0
35 69 52 63 73 46 68 73 50 60 41 41 93 13 28 Generación 17
arranca 
Jugando Partidos contra vecino 0
Resultado 11
58651.3
Yo soy: 
35 69 52 63 73 46 68 73 50 60 41 41 93 13 28 El mejor fue: 0
35 69 52 63 73 56 68 73 50 60 41 41 93 13 28 Generación 16
arranca 
Jugando Partidos contra vecino 0
Resultado 5
57368.8
Jugando Partidos contra vecino 1
Resultado 13
58914.6
Yo soy: 
35 69 52 63 73 56 68 73 50 60 41 41 93 13 28 El mejor fue: 1
35 69 52 63 83 56 68 73 50 60 41 41 93 13 28 Generación 15
arranca 
Jugando Partidos contra vecino 0
Resultado 11
50102.4
Yo soy: 
35 69 52 63 83 56 68 73 50 60 41 41 93 13 28 El mejor fue: 0
35 69 52 63 83 56 68 83 50 60 41 41 93 13 28 Generación 14
arranca 
Jugando Partidos contra vecino 0
Resultado 10
49748.1
Yo soy: 
35 69 52 63 83 56 68 83 50 60 41 41 93 13 28 El mejor fue: 0
35 69 52 63 93 56 68 83 50 60 41 41 93 13 28 Generación 13
arranca 
Jugando Partidos contra vecino 0
Resultado 11
45229.9
Yo soy: 
35 69 52 63 93 56 68 83 50 60 41 41 93 13 28 El mejor fue: 0
35 69 52 63 93 56 68 83 50 60 41 51 93 13 28 Generación 12
arranca 
Jugando Partidos contra vecino 0
Resultado 5
37754.9
Jugando Partidos contra vecino 1
Resultado 2
23319.5
Jugando Partidos contra vecino 2
Resultado 11
50160
Yo soy: 
35 69 52 63 93 56 68 83 50 60 41 51 93 13 28 El mejor fue: 2
35 69 52 63 93 56 58 83 50 60 41 51 93 13 28 Generación 11
arranca 
Jugando Partidos contra vecino 0
Resultado 11
54439.8
Yo soy: 
35 69 52 63 93 56 58 83 50 60 41 51 93 13 28 El mejor fue: 0
35 69 52 63 93 56 48 83 50 60 41 51 93 13 28 Generación 10
arranca 
Jugando Partidos contra vecino 0
Resultado 9
48459.6
Jugando Partidos contra vecino 1
Resultado 9
45873.3
Jugando Partidos contra vecino 2
Resultado 9
40426.9
Jugando Partidos contra vecino 3
Resultado 7
31545.7
Jugando Partidos contra vecino 4
Resultado 11
55419.8
Yo soy: 
35 69 52 63 93 56 48 83 50 60 41 51 93 13 28 El mejor fue: 4
35 69 52 63 93 56 48 93 50 60 41 51 93 13 28 Generación 9
arranca 
Jugando Partidos contra vecino 0
Resultado 9
45666.8
Jugando Partidos contra vecino 1
Resultado 7
35668
Jugando Partidos contra vecino 2
Resultado 5
31973.1
Jugando Partidos contra vecino 3
Resultado 11
52167.2
Yo soy: 
35 69 52 63 93 56 48 93 50 60 41 51 93 13 28 El mejor fue: 3
35 69 52 63 73 56 48 93 50 60 41 51 93 13 28 Generación 8
arranca 
Jugando Partidos contra vecino 0
Resultado 7
39156.9
Jugando Partidos contra vecino 1
Resultado 11
32427.6
Yo soy: 
35 69 52 63 73 56 48 93 50 60 41 51 93 13 28 El mejor fue: 1
35 69 52 63 73 56 48 93 50 60 31 51 93 13 28 Generación 7
arranca 
Jugando Partidos contra vecino 0
Resultado 4
26227.7
Jugando Partidos contra vecino 1
Resultado 13
63392.7
Yo soy: 
35 69 52 63 73 56 48 93 50 60 31 51 93 13 28 El mejor fue: 1
35 69 52 63 73 56 48 83 50 60 31 51 93 13 28 Generación 6
arranca 
Jugando Partidos contra vecino 0
Resultado 15
47211.5
Yo soy: 
35 69 52 63 73 56 48 83 50 60 31 51 93 13 28 El mejor fue: 0
35 69 52 63 73 56 58 83 50 60 31 51 93 13 28 Generación 5
arranca 
Jugando Partidos contra vecino 0
Resultado 4
35575.5
Jugando Partidos contra vecino 1
Resultado 13
58099.1
Yo soy: 
35 69 52 63 73 56 58 83 50 60 31 51 93 13 28 El mejor fue: 1
35 69 52 63 73 56 58 83 50 70 31 51 93 13 28 Generación 4
arranca 
Jugando Partidos contra vecino 0
Resultado 13
40572.2
Yo soy: 
35 69 52 63 73 56 58 83 50 70 31 51 93 13 28 El mejor fue: 0
35 69 52 63 73 56 58 83 50 80 31 51 93 13 28 Generación 3
arranca 
Jugando Partidos contra vecino 0
Resultado 13
62003.7
Yo soy: 
35 69 52 63 73 56 58 83 50 80 31 51 93 13 28 El mejor fue: 0
35 69 52 63 73 46 58 83 50 80 31 51 93 13 28 Generación 2
arranca 
Jugando Partidos contra vecino 0
Resultado 11
51798.2
Yo soy: 
35 69 52 63 73 46 58 83 50 80 31 51 93 13 28 El mejor fue: 0
35 69 52 63 83 46 58 83 50 80 31 51 93 13 28 Generación 1
arranca 
Jugando Partidos contra vecino 0
Resultado 7
48208
Jugando Partidos contra vecino 1
Resultado 11
55950.8
Yo soy: 
35 69 52 63 83 46 58 83 50 80 31 51 93 13 28 El mejor fue: 1
35 69 52 63 83 46 58 83 50 90 31 51 93 13 28 Generación 0
1.26516e+07
