arranca 
Jugando Partidos contra vecino 0
Resultado 5
47107.7
Jugando Partidos contra vecino 1
Resultado 5
42587.1
Jugando Partidos contra vecino 2
Resultado 5
45685.6
Jugando Partidos contra vecino 3
Resultado 5
43641.1
Jugando Partidos contra vecino 4
Resultado 5
48664.9
Jugando Partidos contra vecino 5
Resultado 5
48366.5
Jugando Partidos contra vecino 6
Resultado 5
42356.4
Jugando Partidos contra vecino 7
Resultado 5
49487.2
Jugando Partidos contra vecino 8
Resultado 5
35288.8
Jugando Partidos contra vecino 9
Resultado 5
42334.2
Jugando Partidos contra vecino 10
Resultado 5
44989.5
Jugando Partidos contra vecino 11
Resultado 5
46698
Jugando Partidos contra vecino 12
Resultado 13
46767.6
Yo soy: 
53 72 63 30 70 74 56 63 54 26 50 30 45 42 2 El mejor fue: 12
48 72 63 30 70 74 56 63 54 26 50 30 45 42 2 Generación 9
arranca 
Jugando Partidos contra vecino 0
Resultado 11
48268.9
Yo soy: 
48 72 63 30 70 74 56 63 54 26 50 30 45 42 2 El mejor fue: 0
48 72 63 30 70 74 56 63 54 31 50 30 45 42 2 Generación 8
arranca 
Jugando Partidos contra vecino 0
Resultado 11
48398.3
Yo soy: 
48 72 63 30 70 74 56 63 54 31 50 30 45 42 2 El mejor fue: 0
48 72 63 30 70 69 56 63 54 31 50 30 45 42 2 Generación 7
arranca 
Jugando Partidos contra vecino 0
Resultado 13
49458.4
Yo soy: 
48 72 63 30 70 69 56 63 54 31 50 30 45 42 2 El mejor fue: 0
48 67 63 30 70 69 56 63 54 31 50 30 45 42 2 Generación 6
arranca 
Jugando Partidos contra vecino 0
Resultado 5
45307
Jugando Partidos contra vecino 1
Resultado 5
48296.7
Jugando Partidos contra vecino 2
Resultado 7
44105.4
Jugando Partidos contra vecino 3
Resultado 9
38399.5
Jugando Partidos contra vecino 4
Resultado 9
47832.8
Jugando Partidos contra vecino 5
Resultado 11
46525.3
Yo soy: 
48 67 63 30 70 69 56 63 54 31 50 30 45 42 2 El mejor fue: 5
48 67 63 30 70 69 56 63 54 31 50 30 45 47 2 Generación 5
arranca 
Jugando Partidos contra vecino 0
Resultado 7
46993.8
Jugando Partidos contra vecino 1
Resultado 9
53055.7
Jugando Partidos contra vecino 2
Resultado 7
56689.5
Jugando Partidos contra vecino 3
Resultado 5
41899.1
Jugando Partidos contra vecino 4
Resultado 7
39364
Jugando Partidos contra vecino 5
Resultado 5
53357.5
Jugando Partidos contra vecino 6
Resultado 7
51262.2
Jugando Partidos contra vecino 7
Resultado 9
61384
Jugando Partidos contra vecino 8
Resultado 7
31425.1
Jugando Partidos contra vecino 9
Resultado 9
46165.1
Jugando Partidos contra vecino 10
Resultado 5
60431.3
Jugando Partidos contra vecino 11
Resultado 9
51130.1
Jugando Partidos contra vecino 12
Resultado 5
42452.8
Jugando Partidos contra vecino 13
Resultado 7
69640.2
Jugando Partidos contra vecino 14
Resultado 5
48186.4
Jugando Partidos contra vecino 15
Resultado 7
50027.9
Jugando Partidos contra vecino 16
Resultado 7
43903
Jugando Partidos contra vecino 17
Resultado 5
30582.6
Jugando Partidos contra vecino 18
Resultado 5
52498.3
Jugando Partidos contra vecino 19
Resultado 5
42346.2
Jugando Partidos contra vecino 20
Resultado 7
44997.1
Jugando Partidos contra vecino 21
Resultado 5
52534.7
Jugando Partidos contra vecino 22
Resultado 5
44186.5
Jugando Partidos contra vecino 23
Resultado 7
47524.3
Jugando Partidos contra vecino 24
Resultado 5
46174.5
Jugando Partidos contra vecino 25
Resultado 7
35978.9
Jugando Partidos contra vecino 26
Resultado 5
41616.3
Jugando Partidos contra vecino 27
Resultado 5
49092.6
Jugando Partidos contra vecino 28
Resultado 5
59305.7
Jugando Partidos contra vecino 29
Resultado 7
50118.2
2.44489e+06
