arranca 
Jugando Partidos contra vecino 0
Resultado 9
35435.5
Jugando Partidos contra vecino 1
Resultado 9
32271.4
Jugando Partidos contra vecino 2
Resultado 13
31890.7
Yo soy: 
93 65 26 22 42 24 79 78 39 16 9 88 73 45 81 El mejor fue: 2
93 65 26 22 42 24 99 78 39 16 9 88 73 45 81 Generación 19
arranca 
Jugando Partidos contra vecino 0
Resultado 7
28784.7
Jugando Partidos contra vecino 1
Resultado 11
30768.9
Yo soy: 
93 65 26 22 42 24 99 78 39 16 9 88 73 45 81 El mejor fue: 1
93 65 26 22 62 24 99 78 39 16 9 88 73 45 81 Generación 18
arranca 
Jugando Partidos contra vecino 0
Resultado 10
25614.7
Yo soy: 
93 65 26 22 62 24 99 78 39 16 9 88 73 45 81 El mejor fue: 0
93 65 26 22 62 24 99 58 39 16 9 88 73 45 81 Generación 17
arranca 
Jugando Partidos contra vecino 0
Resultado 11
24104
Yo soy: 
93 65 26 22 62 24 99 58 39 16 9 88 73 45 81 El mejor fue: 0
93 65 26 22 62 24 79 58 39 16 9 88 73 45 81 Generación 16
arranca 
Jugando Partidos contra vecino 0
Resultado 15
29556.6
Yo soy: 
93 65 26 22 62 24 79 58 39 16 9 88 73 45 81 El mejor fue: 0
93 65 26 22 62 24 79 58 39 16 9 88 73 65 81 Generación 15
arranca 
Jugando Partidos contra vecino 0
Resultado 13
31560
Yo soy: 
93 65 26 22 62 24 79 58 39 16 9 88 73 65 81 El mejor fue: 0
93 65 26 22 82 24 79 58 39 16 9 88 73 65 81 Generación 14
arranca 
Jugando Partidos contra vecino 0
Resultado 15
31948.6
Yo soy: 
93 65 26 22 82 24 79 58 39 16 9 88 73 65 81 El mejor fue: 0
93 65 26 22 82 24 79 38 39 16 9 88 73 65 81 Generación 13
arranca 
Jugando Partidos contra vecino 0
Resultado 6
34565.7
Jugando Partidos contra vecino 1
Resultado 15
36413.7
Yo soy: 
93 65 26 22 82 24 79 38 39 16 9 88 73 65 81 El mejor fue: 1
93 65 26 22 82 24 79 38 39 16 9 88 93 65 81 Generación 12
arranca 
Jugando Partidos contra vecino 0
Resultado 11
33193.9
Yo soy: 
93 65 26 22 82 24 79 38 39 16 9 88 93 65 81 El mejor fue: 0
93 65 26 22 82 24 79 38 39 16 9 88 93 45 81 Generación 11
arranca 
Jugando Partidos contra vecino 0
Resultado 7
29484.2
Jugando Partidos contra vecino 1
Resultado 13
44226
Yo soy: 
93 65 26 22 82 24 79 38 39 16 9 88 93 45 81 El mejor fue: 1
93 65 26 22 82 24 79 58 39 16 9 88 93 45 81 Generación 10
arranca 
Jugando Partidos contra vecino 0
Resultado 11
38842
Yo soy: 
93 65 26 22 82 24 79 58 39 16 9 88 93 45 81 El mejor fue: 0
53 65 26 22 82 24 79 58 39 16 9 88 93 45 81 Generación 9
arranca 
Jugando Partidos contra vecino 0
Resultado 5
30644
Jugando Partidos contra vecino 1
Resultado 5
32415.1
Jugando Partidos contra vecino 2
Resultado 2
18879
Jugando Partidos contra vecino 3
Resultado 6
37799.1
Jugando Partidos contra vecino 4
Resultado 11
34184.3
Yo soy: 
53 65 26 22 82 24 79 58 39 16 9 88 93 45 81 El mejor fue: 4
53 65 26 22 82 24 59 58 39 16 9 88 93 45 81 Generación 8
arranca 
Jugando Partidos contra vecino 0
Resultado 9
31829.9
Jugando Partidos contra vecino 1
Resultado 5
33199.1
Jugando Partidos contra vecino 2
Resultado 9
35099.4
Jugando Partidos contra vecino 3
Resultado 5
26645.3
Jugando Partidos contra vecino 4
Resultado 15
56690.2
Yo soy: 
53 65 26 22 82 24 59 58 39 16 9 88 93 45 81 El mejor fue: 4
53 65 26 22 82 24 59 58 39 16 9 88 93 45 61 Generación 7
arranca 
Jugando Partidos contra vecino 0
Resultado 11
35901.1
Yo soy: 
53 65 26 22 82 24 59 58 39 16 9 88 93 45 61 El mejor fue: 0
53 65 26 22 82 24 59 58 39 16 9 48 93 45 61 Generación 6
arranca 
Jugando Partidos contra vecino 0
Resultado 9
30488
Jugando Partidos contra vecino 1
Resultado 5
52893.1
Jugando Partidos contra vecino 2
Resultado 7
29216.4
Jugando Partidos contra vecino 3
Resultado 9
33786
Jugando Partidos contra vecino 4
Resultado 5
34776.6
Jugando Partidos contra vecino 5
Resultado 5
35266.5
Jugando Partidos contra vecino 6
Resultado 9
34682.7
Jugando Partidos contra vecino 7
Resultado 5
37334.9
Jugando Partidos contra vecino 8
Resultado 13
42717.1
Yo soy: 
53 65 26 22 82 24 59 58 39 16 9 48 93 45 61 El mejor fue: 8
53 65 26 22 82 24 59 58 39 16 9 48 93 65 61 Generación 5
arranca 
Jugando Partidos contra vecino 0
Resultado 7
36661.2
Jugando Partidos contra vecino 1
Resultado 5
16276.7
Jugando Partidos contra vecino 2
Resultado 9
34821.1
Jugando Partidos contra vecino 3
Resultado 9
37145.9
Jugando Partidos contra vecino 4
Resultado 11
37851.7
Yo soy: 
53 65 26 22 82 24 59 58 39 16 9 48 93 65 61 El mejor fue: 4
53 65 26 22 42 24 59 58 39 16 9 48 93 65 61 Generación 4
arranca 
Jugando Partidos contra vecino 0
Resultado 9
38213.2
Jugando Partidos contra vecino 1
Resultado 9
38913.1
Jugando Partidos contra vecino 2
Resultado 7
34067.3
Jugando Partidos contra vecino 3
Resultado 11
29641.5
Yo soy: 
53 65 26 22 42 24 59 58 39 16 9 48 93 65 61 El mejor fue: 3
53 65 26 22 42 24 59 58 39 16 9 48 93 45 61 Generación 3
arranca 
Jugando Partidos contra vecino 0
Resultado 9
32107.3
Jugando Partidos contra vecino 1
Resultado 6
40155
Jugando Partidos contra vecino 2
Resultado 9
31257
Jugando Partidos contra vecino 3
Resultado 7
33757.3
Jugando Partidos contra vecino 4
Resultado 9
35650.3
Jugando Partidos contra vecino 5
Resultado 11
35265.6
Yo soy: 
53 65 26 22 42 24 59 58 39 16 9 48 93 45 61 El mejor fue: 5
53 65 26 22 42 24 59 58 39 16 9 48 93 45 41 Generación 2
arranca 
Jugando Partidos contra vecino 0
Resultado 9
42574.3
Jugando Partidos contra vecino 1
Resultado 7
32511
Jugando Partidos contra vecino 2
Resultado 13
48039.4
Yo soy: 
53 65 26 22 42 24 59 58 39 16 9 48 93 45 41 El mejor fue: 2
53 65 26 22 42 4 59 58 39 16 9 48 93 45 41 Generación 1
arranca 
Jugando Partidos contra vecino 0
Resultado 9
39598.5
Jugando Partidos contra vecino 1
Resultado 9
37069.8
Jugando Partidos contra vecino 2
Resultado 7
32257.5
Jugando Partidos contra vecino 3
Resultado 10
43837.8
Yo soy: 
53 65 26 22 42 4 59 58 39 16 9 48 93 45 41 El mejor fue: 3
53 65 6 22 42 4 59 58 39 16 9 48 93 45 41 Generación 0
2.01078e+06
