arranca 
Jugando Partidos contra vecino 0
Resultado 5
76673.4
Jugando Partidos contra vecino 1
Resultado 5
72106.1
Jugando Partidos contra vecino 2
Resultado 5
77201.4
Jugando Partidos contra vecino 3
Resultado 5
75445.5
Jugando Partidos contra vecino 4
Resultado 5
80374.1
Jugando Partidos contra vecino 5
Resultado 5
78260.3
Jugando Partidos contra vecino 6
Resultado 5
76290.9
Jugando Partidos contra vecino 7
Resultado 5
80718.6
Jugando Partidos contra vecino 8
Resultado 5
81345.3
Jugando Partidos contra vecino 9
Resultado 5
82857.6
Jugando Partidos contra vecino 10
Resultado 5
77550.5
Jugando Partidos contra vecino 11
Resultado 5
81177.5
Jugando Partidos contra vecino 12
Resultado 5
83254.1
Jugando Partidos contra vecino 13
Resultado 5
81402.8
Jugando Partidos contra vecino 14
Resultado 5
80585.2
Jugando Partidos contra vecino 15
Resultado 5
74990
Jugando Partidos contra vecino 16
Resultado 5
76056.1
Jugando Partidos contra vecino 17
Resultado 5
82121.3
Jugando Partidos contra vecino 18
Resultado 5
74877.8
Jugando Partidos contra vecino 19
Resultado 5
77793.6
Jugando Partidos contra vecino 20
Resultado 5
76219.9
Jugando Partidos contra vecino 21
Resultado 5
78223.8
Jugando Partidos contra vecino 22
Resultado 5
72928.6
Jugando Partidos contra vecino 23
Resultado 5
74729.6
Jugando Partidos contra vecino 24
Resultado 5
78432.2
Jugando Partidos contra vecino 25
Resultado 5
74768.4
Jugando Partidos contra vecino 26
Resultado 5
76062.7
Jugando Partidos contra vecino 27
Resultado 5
79491
Jugando Partidos contra vecino 28
Resultado 5
76997.9
Jugando Partidos contra vecino 29
Resultado 5
72061.5
2.331e+06
