arranca 
Jugando Partidos contra vecino 0
Resultado 7
44722.8
Jugando Partidos contra vecino 1
Resultado 5
56174.2
Jugando Partidos contra vecino 2
Resultado 7
34288.1
Jugando Partidos contra vecino 3
Resultado 5
61670.4
Jugando Partidos contra vecino 4
Resultado 5
50612.4
Jugando Partidos contra vecino 5
Resultado 5
45506.8
Jugando Partidos contra vecino 6
Resultado 7
61746.5
Jugando Partidos contra vecino 7
Resultado 4
19356.8
Jugando Partidos contra vecino 8
Resultado 7
39789.4
Jugando Partidos contra vecino 9
Resultado 5
57312.9
Jugando Partidos contra vecino 10
Resultado 5
31627.4
Jugando Partidos contra vecino 11
Resultado 9
46418.5
Jugando Partidos contra vecino 12
Resultado 7
52750.3
Jugando Partidos contra vecino 13
Resultado 9
41389.7
Jugando Partidos contra vecino 14
Resultado 11
42196.5
Yo soy: 
41 37 97 34 26 30 79 77 50 51 98 95 63 31 70 77 40 39 El mejor fue: 14
41 37 97 34 26 30 39 77 50 51 98 95 63 31 70 77 40 39 Generación 199
arranca 
Jugando Partidos contra vecino 0
Resultado 9
42060.2
Jugando Partidos contra vecino 1
Resultado 9
58426.4
Jugando Partidos contra vecino 2
Resultado 7
57039.5
Jugando Partidos contra vecino 3
Resultado 5
52062.6
Jugando Partidos contra vecino 4
Resultado 11
31204.7
Yo soy: 
41 37 97 34 26 30 39 77 50 51 98 95 63 31 70 77 40 39 El mejor fue: 4
41 37 97 34 26 30 39 27 50 51 98 95 63 31 70 77 40 39 Generación 198
arranca 
Jugando Partidos contra vecino 0
Resultado 5
45086.7
Jugando Partidos contra vecino 1
Resultado 5
36345.1
Jugando Partidos contra vecino 2
Resultado 7
51439.2
Jugando Partidos contra vecino 3
Resultado 11
36996.8
Yo soy: 
41 37 97 34 26 30 39 27 50 51 98 95 63 31 70 77 40 39 El mejor fue: 3
41 37 97 34 26 30 39 27 10 51 98 95 63 31 70 77 40 39 Generación 197
arranca 
Jugando Partidos contra vecino 0
Resultado 7
28659.8
Jugando Partidos contra vecino 1
Resultado 5
24840.1
Jugando Partidos contra vecino 2
Resultado 5
35671.7
Jugando Partidos contra vecino 3
Resultado 9
33841.4
Jugando Partidos contra vecino 4
Resultado 9
33349
Jugando Partidos contra vecino 5
Resultado 9
30001.4
Jugando Partidos contra vecino 6
Resultado 5
28270.8
Jugando Partidos contra vecino 7
Resultado 7
31222.9
Jugando Partidos contra vecino 8
Resultado 7
34220.4
Jugando Partidos contra vecino 9
Resultado 9
30774.5
Jugando Partidos contra vecino 10
Resultado 9
29715.1
Jugando Partidos contra vecino 11
Resultado 9
40429.1
Jugando Partidos contra vecino 12
Resultado 8
30785.2
Jugando Partidos contra vecino 13
Resultado 7
31161.8
Jugando Partidos contra vecino 14
Resultado 15
29096.2
Yo soy: 
41 37 97 34 26 30 39 27 10 51 98 95 63 31 70 77 40 39 El mejor fue: 14
41 37 97 34 26 30 39 27 10 51 98 95 63 31 70 77 40 -1 Generación 196
arranca 
Jugando Partidos contra vecino 0
Resultado 7
34130.5
Jugando Partidos contra vecino 1
Resultado 9
28375.4
Jugando Partidos contra vecino 2
Resultado 7
26896.6
Jugando Partidos contra vecino 3
Resultado 9
30638.9
Jugando Partidos contra vecino 4
Resultado 11
31431.7
Yo soy: 
41 37 97 34 26 30 39 27 10 51 98 95 63 31 70 77 40 -1 El mejor fue: 4
41 37 47 34 26 30 39 27 10 51 98 95 63 31 70 77 40 -1 Generación 195
arranca 
Jugando Partidos contra vecino 0
Resultado 9
24263.4
Jugando Partidos contra vecino 1
Resultado 7
28375
Jugando Partidos contra vecino 2
Resultado 5
28206.2
Jugando Partidos contra vecino 3
Resultado 15
45679
Yo soy: 
41 37 47 34 26 30 39 27 10 51 98 95 63 31 70 77 40 -1 El mejor fue: 3
41 37 47 34 26 30 39 27 10 51 98 95 63 31 30 77 40 -1 Generación 194
arranca 
Jugando Partidos contra vecino 0
Resultado 15
55675.1
Yo soy: 
41 37 47 34 26 30 39 27 10 51 98 95 63 31 30 77 40 -1 El mejor fue: 0
41 37 47 34 26 30 39 -13 10 51 98 95 63 31 30 77 40 -1 Generación 193
arranca 
Jugando Partidos contra vecino 0
Resultado 13
46526.8
Yo soy: 
41 37 47 34 26 30 39 -13 10 51 98 95 63 31 30 77 40 -1 El mejor fue: 0
41 -3 47 34 26 30 39 -13 10 51 98 95 63 31 30 77 40 -1 Generación 192
arranca 
Jugando Partidos contra vecino 0
Resultado 13
46796.1
Yo soy: 
41 -3 47 34 26 30 39 -13 10 51 98 95 63 31 30 77 40 -1 El mejor fue: 0
41 -3 7 34 26 30 39 -13 10 51 98 95 63 31 30 77 40 -1 Generación 191
arranca 
Jugando Partidos contra vecino 0
Resultado 15
46202.8
Yo soy: 
41 -3 7 34 26 30 39 -13 10 51 98 95 63 31 30 77 40 -1 El mejor fue: 0
41 37 7 34 26 30 39 -13 10 51 98 95 63 31 30 77 40 -1 Generación 190
arranca 
Jugando Partidos contra vecino 0
Resultado 15
63316
Yo soy: 
41 37 7 34 26 30 39 -13 10 51 98 95 63 31 30 77 40 -1 El mejor fue: 0
41 37 -33 34 26 30 39 -13 10 51 98 95 63 31 30 77 40 -1 Generación 189
arranca 
Jugando Partidos contra vecino 0
Resultado 12
52687.9
Yo soy: 
41 37 -33 34 26 30 39 -13 10 51 98 95 63 31 30 77 40 -1 El mejor fue: 0
41 37 -33 34 26 -10 39 -13 10 51 98 95 63 31 30 77 40 -1 Generación 188
arranca 
Jugando Partidos contra vecino 0
Resultado 11
39105.6
Yo soy: 
41 37 -33 34 26 -10 39 -13 10 51 98 95 63 31 30 77 40 -1 El mejor fue: 0
41 37 -33 34 26 -10 39 -13 10 51 98 45 63 31 30 77 40 -1 Generación 187
arranca 
Jugando Partidos contra vecino 0
Resultado 13
44995.7
Yo soy: 
41 37 -33 34 26 -10 39 -13 10 51 98 45 63 31 30 77 40 -1 El mejor fue: 0
41 37 -33 34 26 -10 39 -13 10 51 98 45 63 31 30 77 80 -1 Generación 186
arranca 
Jugando Partidos contra vecino 0
Resultado 6
21209.6
Jugando Partidos contra vecino 1
Resultado 10
43415.1
Yo soy: 
41 37 -33 34 26 -10 39 -13 10 51 98 45 63 31 30 77 80 -1 El mejor fue: 1
41 37 -33 34 26 -10 39 -13 10 51 98 45 63 31 30 77 30 -1 Generación 185
arranca 
Jugando Partidos contra vecino 0
Resultado 9
31921.3
Jugando Partidos contra vecino 1
Resultado 9
34925.2
Jugando Partidos contra vecino 2
Resultado 15
58898.1
Yo soy: 
41 37 -33 34 26 -10 39 -13 10 51 98 45 63 31 30 77 30 -1 El mejor fue: 2
41 37 -33 34 26 -10 39 -13 10 51 98 85 63 31 30 77 30 -1 Generación 184
arranca 
Jugando Partidos contra vecino 0
Resultado 13
46206.8
Yo soy: 
41 37 -33 34 26 -10 39 -13 10 51 98 85 63 31 30 77 30 -1 El mejor fue: 0
41 37 -33 34 26 -10 79 -13 10 51 98 85 63 31 30 77 30 -1 Generación 183
arranca 
Jugando Partidos contra vecino 0
Resultado 15
58826.7
Yo soy: 
41 37 -33 34 26 -10 79 -13 10 51 98 85 63 31 30 77 30 -1 El mejor fue: 0
41 37 -33 34 26 -10 79 -13 10 51 98 85 63 31 30 77 -10 -1 Generación 182
arranca 
Jugando Partidos contra vecino 0
Resultado 9
32638
Jugando Partidos contra vecino 1
Resultado 15
54304.9
Yo soy: 
41 37 -33 34 26 -10 79 -13 10 51 98 85 63 31 30 77 -10 -1 El mejor fue: 1
1 37 -33 34 26 -10 79 -13 10 51 98 85 63 31 30 77 -10 -1 Generación 181
arranca 
Jugando Partidos contra vecino 0
Resultado 15
52739.9
Yo soy: 
1 37 -33 34 26 -10 79 -13 10 51 98 85 63 31 30 77 -10 -1 El mejor fue: 0
1 37 -33 34 26 -10 79 -13 10 51 98 85 63 71 30 77 -10 -1 Generación 180
arranca 
Jugando Partidos contra vecino 0
Resultado 15
55849.2
Yo soy: 
1 37 -33 34 26 -10 79 -13 10 51 98 85 63 71 30 77 -10 -1 El mejor fue: 0
1 37 -33 34 66 -10 79 -13 10 51 98 85 63 71 30 77 -10 -1 Generación 179
arranca 
Jugando Partidos contra vecino 0
Resultado 15
53151.6
Yo soy: 
1 37 -33 34 66 -10 79 -13 10 51 98 85 63 71 30 77 -10 -1 El mejor fue: 0
1 37 -33 34 66 30 79 -13 10 51 98 85 63 71 30 77 -10 -1 Generación 178
arranca 
Jugando Partidos contra vecino 0
Resultado 13
49311
Yo soy: 
1 37 -33 34 66 30 79 -13 10 51 98 85 63 71 30 77 -10 -1 El mejor fue: 0
1 37 -33 34 66 30 79 -13 10 11 98 85 63 71 30 77 -10 -1 Generación 177
arranca 
Jugando Partidos contra vecino 0
Resultado 15
56432.2
Yo soy: 
1 37 -33 34 66 30 79 -13 10 11 98 85 63 71 30 77 -10 -1 El mejor fue: 0
1 37 -33 34 66 30 79 27 10 11 98 85 63 71 30 77 -10 -1 Generación 176
arranca 
Jugando Partidos contra vecino 0
Resultado 13
44067.2
Yo soy: 
1 37 -33 34 66 30 79 27 10 11 98 85 63 71 30 77 -10 -1 El mejor fue: 0
1 37 7 34 66 30 79 27 10 11 98 85 63 71 30 77 -10 -1 Generación 175
arranca 
Jugando Partidos contra vecino 0
Resultado 15
49178.7
Yo soy: 
1 37 7 34 66 30 79 27 10 11 98 85 63 71 30 77 -10 -1 El mejor fue: 0
1 37 7 34 66 30 79 27 10 11 98 85 63 71 30 77 -10 39 Generación 174
arranca 
Jugando Partidos contra vecino 0
Resultado 13
36751.1
Yo soy: 
1 37 7 34 66 30 79 27 10 11 98 85 63 71 30 77 -10 39 El mejor fue: 0
1 37 7 74 66 30 79 27 10 11 98 85 63 71 30 77 -10 39 Generación 173
arranca 
Jugando Partidos contra vecino 0
Resultado 11
41422.6
Yo soy: 
1 37 7 74 66 30 79 27 10 11 98 85 63 71 30 77 -10 39 El mejor fue: 0
1 37 7 74 66 30 79 27 10 11 98 85 63 71 30 77 -50 39 Generación 172
arranca 
Jugando Partidos contra vecino 0
Resultado 13
52962.7
Yo soy: 
1 37 7 74 66 30 79 27 10 11 98 85 63 71 30 77 -50 39 El mejor fue: 0
1 37 -33 74 66 30 79 27 10 11 98 85 63 71 30 77 -50 39 Generación 171
arranca 
Jugando Partidos contra vecino 0
Resultado 11
44713.2
Yo soy: 
1 37 -33 74 66 30 79 27 10 11 98 85 63 71 30 77 -50 39 El mejor fue: 0
1 37 -33 74 66 30 79 27 10 11 48 85 63 71 30 77 -50 39 Generación 170
arranca 
Jugando Partidos contra vecino 0
Resultado 11
44267.1
Yo soy: 
1 37 -33 74 66 30 79 27 10 11 48 85 63 71 30 77 -50 39 El mejor fue: 0
1 37 -33 74 66 30 79 27 10 51 48 85 63 71 30 77 -50 39 Generación 169
arranca 
Jugando Partidos contra vecino 0
Resultado 10
46215
Yo soy: 
1 37 -33 74 66 30 79 27 10 51 48 85 63 71 30 77 -50 39 El mejor fue: 0
1 37 -33 74 66 30 79 27 10 51 48 85 63 71 70 77 -50 39 Generación 168
arranca 
Jugando Partidos contra vecino 0
Resultado 13
50027.2
Yo soy: 
1 37 -33 74 66 30 79 27 10 51 48 85 63 71 70 77 -50 39 El mejor fue: 0
1 37 -33 74 66 -10 79 27 10 51 48 85 63 71 70 77 -50 39 Generación 167
arranca 
Jugando Partidos contra vecino 0
Resultado 13
47781
Yo soy: 
1 37 -33 74 66 -10 79 27 10 51 48 85 63 71 70 77 -50 39 El mejor fue: 0
1 37 -33 74 66 -10 79 27 10 51 48 85 63 71 70 77 -90 39 Generación 166
arranca 
Jugando Partidos contra vecino 0
Resultado 12
37300.7
Yo soy: 
1 37 -33 74 66 -10 79 27 10 51 48 85 63 71 70 77 -90 39 El mejor fue: 0
1 37 -33 74 66 -10 79 27 10 11 48 85 63 71 70 77 -90 39 Generación 165
arranca 
Jugando Partidos contra vecino 0
Resultado 9
29847.7
Jugando Partidos contra vecino 1
Resultado 11
41113.6
Yo soy: 
1 37 -33 74 66 -10 79 27 10 11 48 85 63 71 70 77 -90 39 El mejor fue: 1
1 37 -33 74 26 -10 79 27 10 11 48 85 63 71 70 77 -90 39 Generación 164
arranca 
Jugando Partidos contra vecino 0
Resultado 15
49846.7
Yo soy: 
1 37 -33 74 26 -10 79 27 10 11 48 85 63 71 70 77 -90 39 El mejor fue: 0
1 37 -33 74 26 -10 79 27 10 51 48 85 63 71 70 77 -90 39 Generación 163
arranca 
Jugando Partidos contra vecino 0
Resultado 13
41808.5
Yo soy: 
1 37 -33 74 26 -10 79 27 10 51 48 85 63 71 70 77 -90 39 El mejor fue: 0
1 37 -33 74 26 -10 79 27 10 51 48 85 23 71 70 77 -90 39 Generación 162
arranca 
Jugando Partidos contra vecino 0
Resultado 10
40778.3
Yo soy: 
1 37 -33 74 26 -10 79 27 10 51 48 85 23 71 70 77 -90 39 El mejor fue: 0
1 37 -33 74 66 -10 79 27 10 51 48 85 23 71 70 77 -90 39 Generación 161
arranca 
Jugando Partidos contra vecino 0
Resultado 4
21541.4
Jugando Partidos contra vecino 1
Resultado 4
16964.6
Jugando Partidos contra vecino 2
Resultado 4
20360.4
Jugando Partidos contra vecino 3
Resultado 10
33258.8
Yo soy: 
1 37 -33 74 66 -10 79 27 10 51 48 85 23 71 70 77 -90 39 El mejor fue: 3
1 37 -33 74 66 -10 79 27 10 51 48 85 23 71 70 77 -50 39 Generación 160
arranca 
Jugando Partidos contra vecino 0
Resultado 8
33927.6
Jugando Partidos contra vecino 1
Resultado 15
46572.7
Yo soy: 
1 37 -33 74 66 -10 79 27 10 51 48 85 23 71 70 77 -50 39 El mejor fue: 1
1 37 -33 74 66 -10 79 67 10 51 48 85 23 71 70 77 -50 39 Generación 159
arranca 
Jugando Partidos contra vecino 0
Resultado 13
44823.8
Yo soy: 
1 37 -33 74 66 -10 79 67 10 51 48 85 23 71 70 77 -50 39 El mejor fue: 0
1 37 -33 74 66 -10 79 67 10 51 8 85 23 71 70 77 -50 39 Generación 158
arranca 
Jugando Partidos contra vecino 0
Resultado 15
46656.4
Yo soy: 
1 37 -33 74 66 -10 79 67 10 51 8 85 23 71 70 77 -50 39 El mejor fue: 0
41 37 -33 74 66 -10 79 67 10 51 8 85 23 71 70 77 -50 39 Generación 157
arranca 
Jugando Partidos contra vecino 0
Resultado 11
39583.9
Yo soy: 
41 37 -33 74 66 -10 79 67 10 51 8 85 23 71 70 77 -50 39 El mejor fue: 0
41 37 -33 24 66 -10 79 67 10 51 8 85 23 71 70 77 -50 39 Generación 156
arranca 
Jugando Partidos contra vecino 0
Resultado 13
44069.5
Yo soy: 
41 37 -33 24 66 -10 79 67 10 51 8 85 23 71 70 77 -50 39 El mejor fue: 0
41 37 -33 24 66 30 79 67 10 51 8 85 23 71 70 77 -50 39 Generación 155
arranca 
Jugando Partidos contra vecino 0
Resultado 7
31796.1
Jugando Partidos contra vecino 1
Resultado 2
18235.7
Jugando Partidos contra vecino 2
Resultado 11
30855.3
Yo soy: 
41 37 -33 24 66 30 79 67 10 51 8 85 23 71 70 77 -50 39 El mejor fue: 2
41 37 -33 24 66 30 29 67 10 51 8 85 23 71 70 77 -50 39 Generación 154
arranca 
Jugando Partidos contra vecino 0
Resultado 11
36623
Yo soy: 
41 37 -33 24 66 30 29 67 10 51 8 85 23 71 70 77 -50 39 El mejor fue: 0
41 37 -33 24 66 30 29 27 10 51 8 85 23 71 70 77 -50 39 Generación 153
arranca 
Jugando Partidos contra vecino 0
Resultado 7
32119
Jugando Partidos contra vecino 1
Resultado 13
32555.5
Yo soy: 
41 37 -33 24 66 30 29 27 10 51 8 85 23 71 70 77 -50 39 El mejor fue: 1
41 37 -33 -16 66 30 29 27 10 51 8 85 23 71 70 77 -50 39 Generación 152
arranca 
Jugando Partidos contra vecino 0
Resultado 4
21849.7
Jugando Partidos contra vecino 1
Resultado 10
31121.7
Yo soy: 
41 37 -33 -16 66 30 29 27 10 51 8 85 23 71 70 77 -50 39 El mejor fue: 1
41 37 -33 -16 66 30 29 27 10 51 8 85 23 71 20 77 -50 39 Generación 151
arranca 
Jugando Partidos contra vecino 0
Resultado 15
39592.8
Yo soy: 
41 37 -33 -16 66 30 29 27 10 51 8 85 23 71 20 77 -50 39 El mejor fue: 0
1 37 -33 -16 66 30 29 27 10 51 8 85 23 71 20 77 -50 39 Generación 150
arranca 
Jugando Partidos contra vecino 0
Resultado 15
40235.2
Yo soy: 
1 37 -33 -16 66 30 29 27 10 51 8 85 23 71 20 77 -50 39 El mejor fue: 0
1 37 -33 -16 66 30 29 27 10 51 8 85 63 71 20 77 -50 39 Generación 149
arranca 
Jugando Partidos contra vecino 0
Resultado 15
39779.9
Yo soy: 
1 37 -33 -16 66 30 29 27 10 51 8 85 63 71 20 77 -50 39 El mejor fue: 0
1 37 -33 -16 66 30 29 27 10 51 8 85 63 31 20 77 -50 39 Generación 148
arranca 
Jugando Partidos contra vecino 0
Resultado 11
35454.7
Yo soy: 
1 37 -33 -16 66 30 29 27 10 51 8 85 63 31 20 77 -50 39 El mejor fue: 0
1 37 -33 -16 66 30 29 27 10 51 8 85 63 31 20 77 -90 39 Generación 147
arranca 
Jugando Partidos contra vecino 0
Resultado 8
24542.8
Jugando Partidos contra vecino 1
Resultado 3
24045.2
Jugando Partidos contra vecino 2
Resultado 0
17842.4
Jugando Partidos contra vecino 3
Resultado 1
19852
Jugando Partidos contra vecino 4
Resultado 6
28202.3
Jugando Partidos contra vecino 5
Resultado 6
27449
Jugando Partidos contra vecino 6
Resultado 7
31137.5
Jugando Partidos contra vecino 7
Resultado 3
18319.5
Jugando Partidos contra vecino 8
Resultado 13
38835.3
Yo soy: 
1 37 -33 -16 66 30 29 27 10 51 8 85 63 31 20 77 -90 39 El mejor fue: 8
1 37 -33 -16 66 30 29 27 10 51 8 85 63 71 20 77 -90 39 Generación 146
arranca 
Jugando Partidos contra vecino 0
Resultado 13
40942
Yo soy: 
1 37 -33 -16 66 30 29 27 10 51 8 85 63 71 20 77 -90 39 El mejor fue: 0
1 37 7 -16 66 30 29 27 10 51 8 85 63 71 20 77 -90 39 Generación 145
arranca 
Jugando Partidos contra vecino 0
Resultado 4
39438.1
Jugando Partidos contra vecino 1
Resultado 15
41194.2
Yo soy: 
1 37 7 -16 66 30 29 27 10 51 8 85 63 71 20 77 -90 39 El mejor fue: 1
1 37 7 -16 66 30 29 27 10 11 8 85 63 71 20 77 -90 39 Generación 144
arranca 
Jugando Partidos contra vecino 0
Resultado 11
32936.3
Yo soy: 
1 37 7 -16 66 30 29 27 10 11 8 85 63 71 20 77 -90 39 El mejor fue: 0
1 37 7 -16 66 30 29 27 10 11 8 45 63 71 20 77 -90 39 Generación 143
arranca 
Jugando Partidos contra vecino 0
Resultado 13
37705.9
Yo soy: 
1 37 7 -16 66 30 29 27 10 11 8 45 63 71 20 77 -90 39 El mejor fue: 0
1 37 7 -16 66 30 29 27 10 11 8 85 63 71 20 77 -90 39 Generación 142
arranca 
Jugando Partidos contra vecino 0
Resultado 15
41285.3
Yo soy: 
1 37 7 -16 66 30 29 27 10 11 8 85 63 71 20 77 -90 39 El mejor fue: 0
1 37 7 -16 66 30 29 27 10 51 8 85 63 71 20 77 -90 39 Generación 141
arranca 
Jugando Partidos contra vecino 0
Resultado 15
41497.4
Yo soy: 
1 37 7 -16 66 30 29 27 10 51 8 85 63 71 20 77 -90 39 El mejor fue: 0
1 37 7 -16 66 30 29 27 10 51 8 85 63 71 20 77 -90 79 Generación 140
arranca 
Jugando Partidos contra vecino 0
Resultado 13
36971.9
Yo soy: 
1 37 7 -16 66 30 29 27 10 51 8 85 63 71 20 77 -90 79 El mejor fue: 0
1 37 7 -16 66 30 29 -13 10 51 8 85 63 71 20 77 -90 79 Generación 139
arranca 
Jugando Partidos contra vecino 0
Resultado 15
44990.2
Yo soy: 
1 37 7 -16 66 30 29 -13 10 51 8 85 63 71 20 77 -90 79 El mejor fue: 0
1 37 47 -16 66 30 29 -13 10 51 8 85 63 71 20 77 -90 79 Generación 138
arranca 
Jugando Partidos contra vecino 0
Resultado 2
15049.2
Jugando Partidos contra vecino 1
Resultado 13
38778.9
Yo soy: 
1 37 47 -16 66 30 29 -13 10 51 8 85 63 71 20 77 -90 79 El mejor fue: 1
1 37 47 -16 66 70 29 -13 10 51 8 85 63 71 20 77 -90 79 Generación 137
arranca 
Jugando Partidos contra vecino 0
Resultado 5
22518.1
Jugando Partidos contra vecino 1
Resultado 9
34152.8
Jugando Partidos contra vecino 2
Resultado 13
39403.5
Yo soy: 
1 37 47 -16 66 70 29 -13 10 51 8 85 63 71 20 77 -90 79 El mejor fue: 2
1 37 47 -16 66 70 29 -13 10 51 48 85 63 71 20 77 -90 79 Generación 136
arranca 
Jugando Partidos contra vecino 0
Resultado 10
33008.6
Yo soy: 
1 37 47 -16 66 70 29 -13 10 51 48 85 63 71 20 77 -90 79 El mejor fue: 0
1 37 47 -16 66 70 29 -13 10 51 48 85 63 71 20 77 -90 39 Generación 135
arranca 
Jugando Partidos contra vecino 0
Resultado 12
39072.4
Yo soy: 
1 37 47 -16 66 70 29 -13 10 51 48 85 63 71 20 77 -90 39 El mejor fue: 0
1 37 47 -16 66 30 29 -13 10 51 48 85 63 71 20 77 -90 39 Generación 134
arranca 
Jugando Partidos contra vecino 0
Resultado 12
41208.6
Yo soy: 
1 37 47 -16 66 30 29 -13 10 51 48 85 63 71 20 77 -90 39 El mejor fue: 0
1 37 47 -16 26 30 29 -13 10 51 48 85 63 71 20 77 -90 39 Generación 133
arranca 
Jugando Partidos contra vecino 0
Resultado 7
31316.6
Jugando Partidos contra vecino 1
Resultado 6
28435.5
Jugando Partidos contra vecino 2
Resultado 12
37761
Yo soy: 
1 37 47 -16 26 30 29 -13 10 51 48 85 63 71 20 77 -90 39 El mejor fue: 2
1 77 47 -16 26 30 29 -13 10 51 48 85 63 71 20 77 -90 39 Generación 132
arranca 
Jugando Partidos contra vecino 0
Resultado 12
38184.2
Yo soy: 
1 77 47 -16 26 30 29 -13 10 51 48 85 63 71 20 77 -90 39 El mejor fue: 0
1 77 47 -16 26 -10 29 -13 10 51 48 85 63 71 20 77 -90 39 Generación 131
arranca 
Jugando Partidos contra vecino 0
Resultado 7
28560.1
Jugando Partidos contra vecino 1
Resultado 7
28129.3
Jugando Partidos contra vecino 2
Resultado 10
32179
Yo soy: 
1 77 47 -16 26 -10 29 -13 10 51 48 85 63 71 20 77 -90 39 El mejor fue: 2
1 77 47 -16 26 -10 29 -13 10 51 48 85 63 71 20 77 -90 -1 Generación 130
arranca 
Jugando Partidos contra vecino 0
Resultado 13
36450.3
Yo soy: 
1 77 47 -16 26 -10 29 -13 10 51 48 85 63 71 20 77 -90 -1 El mejor fue: 0
1 77 47 -16 26 -10 29 -13 -30 51 48 85 63 71 20 77 -90 -1 Generación 129
arranca 
Jugando Partidos contra vecino 0
Resultado 3
21313.6
Jugando Partidos contra vecino 1
Resultado 8
24546
Jugando Partidos contra vecino 2
Resultado 9
30392.6
Jugando Partidos contra vecino 3
Resultado 6
25833.1
Jugando Partidos contra vecino 4
Resultado 11
33658.3
Yo soy: 
1 77 47 -16 26 -10 29 -13 -30 51 48 85 63 71 20 77 -90 -1 El mejor fue: 4
1 77 47 -16 26 -10 29 -13 -30 51 8 85 63 71 20 77 -90 -1 Generación 128
arranca 
Jugando Partidos contra vecino 0
Resultado 5
22187.5
Jugando Partidos contra vecino 1
Resultado 2
18673.6
Jugando Partidos contra vecino 2
Resultado 13
41605.1
Yo soy: 
1 77 47 -16 26 -10 29 -13 -30 51 8 85 63 71 20 77 -90 -1 El mejor fue: 2
1 77 47 24 26 -10 29 -13 -30 51 8 85 63 71 20 77 -90 -1 Generación 127
arranca 
Jugando Partidos contra vecino 0
Resultado 11
43192.3
Yo soy: 
1 77 47 24 26 -10 29 -13 -30 51 8 85 63 71 20 77 -90 -1 El mejor fue: 0
41 77 47 24 26 -10 29 -13 -30 51 8 85 63 71 20 77 -90 -1 Generación 126
arranca 
Jugando Partidos contra vecino 0
Resultado 7
25138
Jugando Partidos contra vecino 1
Resultado 11
40064.8
Yo soy: 
41 77 47 24 26 -10 29 -13 -30 51 8 85 63 71 20 77 -90 -1 El mejor fue: 1
41 77 47 24 66 -10 29 -13 -30 51 8 85 63 71 20 77 -90 -1 Generación 125
arranca 
Jugando Partidos contra vecino 0
Resultado 11
34448.5
Yo soy: 
41 77 47 24 66 -10 29 -13 -30 51 8 85 63 71 20 77 -90 -1 El mejor fue: 0
41 77 47 24 66 -10 29 -13 -30 51 8 85 63 71 20 77 -90 -41 Generación 124
arranca 
Jugando Partidos contra vecino 0
Resultado 11
47436.7
Yo soy: 
41 77 47 24 66 -10 29 -13 -30 51 8 85 63 71 20 77 -90 -41 El mejor fue: 0
41 77 47 24 66 -50 29 -13 -30 51 8 85 63 71 20 77 -90 -41 Generación 123
arranca 
Jugando Partidos contra vecino 0
Resultado 5
23070.7
Jugando Partidos contra vecino 1
Resultado 7
36963
Jugando Partidos contra vecino 2
Resultado 7
28088.1
Jugando Partidos contra vecino 3
Resultado 8
25767.1
Jugando Partidos contra vecino 4
Resultado 13
49048.3
Yo soy: 
41 77 47 24 66 -50 29 -13 -30 51 8 85 63 71 20 77 -90 -41 El mejor fue: 4
41 37 47 24 66 -50 29 -13 -30 51 8 85 63 71 20 77 -90 -41 Generación 122
arranca 
Jugando Partidos contra vecino 0
Resultado 7
35251.5
Jugando Partidos contra vecino 1
Resultado 11
45995.5
Yo soy: 
41 37 47 24 66 -50 29 -13 -30 51 8 85 63 71 20 77 -90 -41 El mejor fue: 1
41 37 47 24 66 -50 29 -13 -30 11 8 85 63 71 20 77 -90 -41 Generación 121
arranca 
Jugando Partidos contra vecino 0
Resultado 8
34983.7
Jugando Partidos contra vecino 1
Resultado 1
17817.6
Jugando Partidos contra vecino 2
Resultado 4
30395
Jugando Partidos contra vecino 3
Resultado 3
16378.3
Jugando Partidos contra vecino 4
Resultado 3
15310.4
Jugando Partidos contra vecino 5
Resultado 9
27429.6
Jugando Partidos contra vecino 6
Resultado 13
55087.3
Yo soy: 
41 37 47 24 66 -50 29 -13 -30 11 8 85 63 71 20 77 -90 -41 El mejor fue: 6
41 37 47 24 66 -50 29 -53 -30 11 8 85 63 71 20 77 -90 -41 Generación 120
arranca 
Jugando Partidos contra vecino 0
Resultado 9
30745.4
Jugando Partidos contra vecino 1
Resultado 15
45271.7
Yo soy: 
41 37 47 24 66 -50 29 -53 -30 11 8 85 63 71 20 77 -90 -41 El mejor fue: 1
41 37 47 24 66 -50 29 -53 10 11 8 85 63 71 20 77 -90 -41 Generación 119
arranca 
Jugando Partidos contra vecino 0
Resultado 11
46832.9
Yo soy: 
41 37 47 24 66 -50 29 -53 10 11 8 85 63 71 20 77 -90 -41 El mejor fue: 0
41 37 47 24 66 -10 29 -53 10 11 8 85 63 71 20 77 -90 -41 Generación 118
arranca 
Jugando Partidos contra vecino 0
Resultado 2
16258.2
Jugando Partidos contra vecino 1
Resultado 8
32690.2
Jugando Partidos contra vecino 2
Resultado 15
56714.1
Yo soy: 
41 37 47 24 66 -10 29 -53 10 11 8 85 63 71 20 77 -90 -41 El mejor fue: 2
41 37 47 24 66 -10 29 -53 50 11 8 85 63 71 20 77 -90 -41 Generación 117
arranca 
Jugando Partidos contra vecino 0
Resultado 4
25940.5
Jugando Partidos contra vecino 1
Resultado 11
31563.7
Yo soy: 
41 37 47 24 66 -10 29 -53 50 11 8 85 63 71 20 77 -90 -41 El mejor fue: 1
41 37 47 24 66 -10 29 -53 50 51 8 85 63 71 20 77 -90 -41 Generación 116
arranca 
Jugando Partidos contra vecino 0
Resultado 9
44958
Jugando Partidos contra vecino 1
Resultado 13
52919.1
Yo soy: 
41 37 47 24 66 -10 29 -53 50 51 8 85 63 71 20 77 -90 -41 El mejor fue: 1
41 37 47 24 66 -10 29 -93 50 51 8 85 63 71 20 77 -90 -41 Generación 115
arranca 
Jugando Partidos contra vecino 0
Resultado 13
51125.8
Yo soy: 
41 37 47 24 66 -10 29 -93 50 51 8 85 63 71 20 77 -90 -41 El mejor fue: 0
41 37 47 24 26 -10 29 -93 50 51 8 85 63 71 20 77 -90 -41 Generación 114
arranca 
Jugando Partidos contra vecino 0
Resultado 3
17723.1
Jugando Partidos contra vecino 1
Resultado 15
63813
Yo soy: 
41 37 47 24 26 -10 29 -93 50 51 8 85 63 71 20 77 -90 -41 El mejor fue: 1
41 -3 47 24 26 -10 29 -93 50 51 8 85 63 71 20 77 -90 -41 Generación 113
arranca 
Jugando Partidos contra vecino 0
Resultado 13
53365.8
Yo soy: 
41 -3 47 24 26 -10 29 -93 50 51 8 85 63 71 20 77 -90 -41 El mejor fue: 0
41 -3 47 24 26 -10 29 -93 50 11 8 85 63 71 20 77 -90 -41 Generación 112
arranca 
Jugando Partidos contra vecino 0
Resultado 6
23071.7
Jugando Partidos contra vecino 1
Resultado 12
50314
Yo soy: 
41 -3 47 24 26 -10 29 -93 50 11 8 85 63 71 20 77 -90 -41 El mejor fue: 1
41 -43 47 24 26 -10 29 -93 50 11 8 85 63 71 20 77 -90 -41 Generación 111
arranca 
Jugando Partidos contra vecino 0
Resultado 13
53825.5
Yo soy: 
41 -43 47 24 26 -10 29 -93 50 11 8 85 63 71 20 77 -90 -41 El mejor fue: 0
41 -43 87 24 26 -10 29 -93 50 11 8 85 63 71 20 77 -90 -41 Generación 110
arranca 
Jugando Partidos contra vecino 0
Resultado 5
25423.2
Jugando Partidos contra vecino 1
Resultado 13
48735.3
Yo soy: 
41 -43 87 24 26 -10 29 -93 50 11 8 85 63 71 20 77 -90 -41 El mejor fue: 1
41 -43 87 24 26 -10 29 -93 50 11 8 85 63 71 20 77 -90 -1 Generación 109
arranca 
Jugando Partidos contra vecino 0
Resultado 13
42454.3
Yo soy: 
41 -43 87 24 26 -10 29 -93 50 11 8 85 63 71 20 77 -90 -1 El mejor fue: 0
41 -43 87 -16 26 -10 29 -93 50 11 8 85 63 71 20 77 -90 -1 Generación 108
arranca 
Jugando Partidos contra vecino 0
Resultado 13
37809.8
Yo soy: 
41 -43 87 -16 26 -10 29 -93 50 11 8 85 63 71 20 77 -90 -1 El mejor fue: 0
41 -43 87 -16 26 -10 29 -93 50 11 8 85 13 71 20 77 -90 -1 Generación 107
arranca 
Jugando Partidos contra vecino 0
Resultado 6
26975
Jugando Partidos contra vecino 1
Resultado 6
32875.2
Jugando Partidos contra vecino 2
Resultado 6
28453.6
Jugando Partidos contra vecino 3
Resultado 5
31486
Jugando Partidos contra vecino 4
Resultado 10
38775.8
Yo soy: 
41 -43 87 -16 26 -10 29 -93 50 11 8 85 13 71 20 77 -90 -1 El mejor fue: 4
41 -43 87 -56 26 -10 29 -93 50 11 8 85 13 71 20 77 -90 -1 Generación 106
arranca 
Jugando Partidos contra vecino 0
Resultado 5
35971.4
Jugando Partidos contra vecino 1
Resultado 6
31699.8
Jugando Partidos contra vecino 2
Resultado 9
28365.6
Jugando Partidos contra vecino 3
Resultado 5
45912.9
Jugando Partidos contra vecino 4
Resultado 5
32318
Jugando Partidos contra vecino 5
Resultado 9
35664.9
Jugando Partidos contra vecino 6
Resultado 4
36009.8
Jugando Partidos contra vecino 7
Resultado 5
30278.5
Jugando Partidos contra vecino 8
Resultado 10
40272.9
Yo soy: 
41 -43 87 -56 26 -10 29 -93 50 11 8 85 13 71 20 77 -90 -1 El mejor fue: 8
41 -43 87 -56 26 -10 69 -93 50 11 8 85 13 71 20 77 -90 -1 Generación 105
arranca 
Jugando Partidos contra vecino 0
Resultado 8
34673.9
Jugando Partidos contra vecino 1
Resultado 6
27381.6
Jugando Partidos contra vecino 2
Resultado 7
33685.1
Jugando Partidos contra vecino 3
Resultado 7
31320.7
Jugando Partidos contra vecino 4
Resultado 5
28974.9
Jugando Partidos contra vecino 5
Resultado 1
19013
Jugando Partidos contra vecino 6
Resultado 7
20377.7
Jugando Partidos contra vecino 7
Resultado 7
32021.5
Jugando Partidos contra vecino 8
Resultado 10
35865.3
Yo soy: 
41 -43 87 -56 26 -10 69 -93 50 11 8 85 13 71 20 77 -90 -1 El mejor fue: 8
41 -43 87 -56 26 -10 69 -93 50 11 8 85 13 71 20 77 -90 39 Generación 104
arranca 
Jugando Partidos contra vecino 0
Resultado 5
29046.9
Jugando Partidos contra vecino 1
Resultado 4
24381.5
Jugando Partidos contra vecino 2
Resultado 6
26246.4
Jugando Partidos contra vecino 3
Resultado 4
33695.6
Jugando Partidos contra vecino 4
Resultado 3
34012.3
Jugando Partidos contra vecino 5
Resultado 5
36991.4
Jugando Partidos contra vecino 6
Resultado 5
29768.7
Jugando Partidos contra vecino 7
Resultado 7
38934.6
Jugando Partidos contra vecino 8
Resultado 4
22295.1
Jugando Partidos contra vecino 9
Resultado 5
17878.8
Jugando Partidos contra vecino 10
Resultado 3
37609
Jugando Partidos contra vecino 11
Resultado 7
28144.3
Jugando Partidos contra vecino 12
Resultado 1
23472.4
Jugando Partidos contra vecino 13
Resultado 6
36911.3
Jugando Partidos contra vecino 14
Resultado 4
33101.8
Jugando Partidos contra vecino 15
Resultado 6
30226
Jugando Partidos contra vecino 16
Resultado 3
20792.1
Jugando Partidos contra vecino 17
Resultado 6
30066.9
Jugando Partidos contra vecino 18
Resultado 1
19712.4
Jugando Partidos contra vecino 19
Resultado 4
28423.1
Jugando Partidos contra vecino 20
Resultado 7
25377.7
Jugando Partidos contra vecino 21
Resultado 10
29767.6
Yo soy: 
41 -43 87 -56 26 -10 69 -93 50 11 8 85 13 71 20 77 -90 39 El mejor fue: 21
41 -43 87 -56 26 -10 19 -93 50 11 8 85 13 71 20 77 -90 39 Generación 103
arranca 
Jugando Partidos contra vecino 0
Resultado 13
40532.2
Yo soy: 
41 -43 87 -56 26 -10 19 -93 50 11 8 85 13 71 20 77 -90 39 El mejor fue: 0
41 -43 87 -56 26 -10 19 -93 90 11 8 85 13 71 20 77 -90 39 Generación 102
arranca 
Jugando Partidos contra vecino 0
Resultado 11
42454.9
Yo soy: 
41 -43 87 -56 26 -10 19 -93 90 11 8 85 13 71 20 77 -90 39 El mejor fue: 0
41 -43 87 -56 26 -10 19 -43 90 11 8 85 13 71 20 77 -90 39 Generación 101
arranca 
Jugando Partidos contra vecino 0
Resultado 7
67602.5
Jugando Partidos contra vecino 1
Resultado 5
32500
Jugando Partidos contra vecino 2
Resultado 0
18703.1
Jugando Partidos contra vecino 3
Resultado 3
59524.1
Jugando Partidos contra vecino 4
Resultado 9
38699.4
Jugando Partidos contra vecino 5
Resultado 11
46465.1
Yo soy: 
41 -43 87 -56 26 -10 19 -43 90 11 8 85 13 71 20 77 -90 39 El mejor fue: 5
41 -43 87 -56 26 -10 19 -3 90 11 8 85 13 71 20 77 -90 39 Generación 100
arranca 
Jugando Partidos contra vecino 0
Resultado 7
34317.6
Jugando Partidos contra vecino 1
Resultado 6
40698.1
Jugando Partidos contra vecino 2
Resultado 4
44881
Jugando Partidos contra vecino 3
Resultado 4
48259.7
Jugando Partidos contra vecino 4
Resultado 8
45868
Jugando Partidos contra vecino 5
Resultado 13
44292.3
Yo soy: 
41 -43 87 -56 26 -10 19 -3 90 11 8 85 13 71 20 77 -90 39 El mejor fue: 5
41 -43 87 -56 26 -10 19 37 90 11 8 85 13 71 20 77 -90 39 Generación 99
arranca 
Jugando Partidos contra vecino 0
Resultado 5
59739.7
Jugando Partidos contra vecino 1
Resultado 4
34394.9
Jugando Partidos contra vecino 2
Resultado 4
58568.6
Jugando Partidos contra vecino 3
Resultado 6
37636.7
Jugando Partidos contra vecino 4
Resultado 2
38591.9
Jugando Partidos contra vecino 5
Resultado 4
34682.3
Jugando Partidos contra vecino 6
Resultado 6
43560.9
Jugando Partidos contra vecino 7
Resultado 3
24774.6
Jugando Partidos contra vecino 8
Resultado 3
51408.8
Jugando Partidos contra vecino 9
Resultado 8
42949.2
Jugando Partidos contra vecino 10
Resultado 11
45464
Yo soy: 
41 -43 87 -56 26 -10 19 37 90 11 8 85 13 71 20 77 -90 39 El mejor fue: 10
41 -83 87 -56 26 -10 19 37 90 11 8 85 13 71 20 77 -90 39 Generación 98
arranca 
Jugando Partidos contra vecino 0
Resultado 5
55163.2
Jugando Partidos contra vecino 1
Resultado 9
57970.4
Jugando Partidos contra vecino 2
Resultado 7
53934.1
Jugando Partidos contra vecino 3
Resultado 12
38116.4
Yo soy: 
41 -83 87 -56 26 -10 19 37 90 11 8 85 13 71 20 77 -90 39 El mejor fue: 3
41 -83 87 -56 26 -10 19 37 90 11 8 85 13 71 20 77 -50 39 Generación 97
arranca 
Jugando Partidos contra vecino 0
Resultado 13
38343.1
Yo soy: 
41 -83 87 -56 26 -10 19 37 90 11 8 85 13 71 20 77 -50 39 El mejor fue: 0
41 -83 87 -56 26 -10 19 37 40 11 8 85 13 71 20 77 -50 39 Generación 96
arranca 
Jugando Partidos contra vecino 0
Resultado 13
39164.5
Yo soy: 
41 -83 87 -56 26 -10 19 37 40 11 8 85 13 71 20 77 -50 39 El mejor fue: 0
41 -83 87 -56 26 -10 19 -3 40 11 8 85 13 71 20 77 -50 39 Generación 95
arranca 
Jugando Partidos contra vecino 0
Resultado 13
38282.7
Yo soy: 
41 -83 87 -56 26 -10 19 -3 40 11 8 85 13 71 20 77 -50 39 El mejor fue: 0
41 -83 87 -96 26 -10 19 -3 40 11 8 85 13 71 20 77 -50 39 Generación 94
arranca 
Jugando Partidos contra vecino 0
Resultado 4
24113.9
Jugando Partidos contra vecino 1
Resultado 13
42227.4
Yo soy: 
41 -83 87 -96 26 -10 19 -3 40 11 8 85 13 71 20 77 -50 39 El mejor fue: 1
41 -83 87 -96 26 -50 19 -3 40 11 8 85 13 71 20 77 -50 39 Generación 93
arranca 
Jugando Partidos contra vecino 0
Resultado 9
26540.8
Jugando Partidos contra vecino 1
Resultado 11
35840.7
Yo soy: 
41 -83 87 -96 26 -50 19 -3 40 11 8 85 13 71 20 77 -50 39 El mejor fue: 1
41 -83 87 -96 26 -50 59 -3 40 11 8 85 13 71 20 77 -50 39 Generación 92
arranca 
Jugando Partidos contra vecino 0
Resultado 5
54316.8
Jugando Partidos contra vecino 1
Resultado 9
35348.7
Jugando Partidos contra vecino 2
Resultado 9
54011.4
Jugando Partidos contra vecino 3
Resultado 9
33187.5
Jugando Partidos contra vecino 4
Resultado 11
45337.4
Yo soy: 
41 -83 87 -96 26 -50 59 -3 40 11 8 85 13 71 20 77 -50 39 El mejor fue: 4
41 -83 87 -96 26 -50 59 -3 40 51 8 85 13 71 20 77 -50 39 Generación 91
arranca 
Jugando Partidos contra vecino 0
Resultado 13
33197.1
Yo soy: 
41 -83 87 -96 26 -50 59 -3 40 51 8 85 13 71 20 77 -50 39 El mejor fue: 0
41 -83 37 -96 26 -50 59 -3 40 51 8 85 13 71 20 77 -50 39 Generación 90
arranca 
Jugando Partidos contra vecino 0
Resultado 15
40482.6
Yo soy: 
41 -83 37 -96 26 -50 59 -3 40 51 8 85 13 71 20 77 -50 39 El mejor fue: 0
41 -83 37 -96 26 -50 19 -3 40 51 8 85 13 71 20 77 -50 39 Generación 89
arranca 
Jugando Partidos contra vecino 0
Resultado 11
30282.1
Yo soy: 
41 -83 37 -96 26 -50 19 -3 40 51 8 85 13 71 20 77 -50 39 El mejor fue: 0
41 -83 37 -96 26 -50 19 -3 40 51 8 85 13 71 20 77 -50 -1 Generación 88
arranca 
Jugando Partidos contra vecino 0
Resultado 15
37963.7
Yo soy: 
41 -83 37 -96 26 -50 19 -3 40 51 8 85 13 71 20 77 -50 -1 El mejor fue: 0
41 -83 37 -96 26 -50 19 -3 40 51 8 85 13 71 20 77 -90 -1 Generación 87
arranca 
Jugando Partidos contra vecino 0
Resultado 7
22918.1
Jugando Partidos contra vecino 1
Resultado 2
21839
Jugando Partidos contra vecino 2
Resultado 9
28352.7
Jugando Partidos contra vecino 3
Resultado 8
30474.3
Jugando Partidos contra vecino 4
Resultado 10
31909.8
Yo soy: 
41 -83 37 -96 26 -50 19 -3 40 51 8 85 13 71 20 77 -90 -1 El mejor fue: 4
41 -83 37 -96 26 -50 19 -3 40 51 8 85 13 71 20 77 -50 -1 Generación 86
arranca 
Jugando Partidos contra vecino 0
Resultado 10
40261.9
Yo soy: 
41 -83 37 -96 26 -50 19 -3 40 51 8 85 13 71 20 77 -50 -1 El mejor fue: 0
41 -83 37 -96 26 -50 19 -3 40 51 8 85 13 71 20 77 -90 -1 Generación 85
arranca 
Jugando Partidos contra vecino 0
Resultado 6
25953.9
Jugando Partidos contra vecino 1
Resultado 9
22309.2
Jugando Partidos contra vecino 2
Resultado 9
27861
Jugando Partidos contra vecino 3
Resultado 2
19186
Jugando Partidos contra vecino 4
Resultado 8
35326.5
Jugando Partidos contra vecino 5
Resultado 6
27170.3
Jugando Partidos contra vecino 6
Resultado 1
16241.8
Jugando Partidos contra vecino 7
Resultado 7
27930.3
Jugando Partidos contra vecino 8
Resultado 8
24656
Jugando Partidos contra vecino 9
Resultado 8
35087.3
Jugando Partidos contra vecino 10
Resultado 6
24609.6
Jugando Partidos contra vecino 11
Resultado 9
31861.6
Jugando Partidos contra vecino 12
Resultado 9
30376.1
Jugando Partidos contra vecino 13
Resultado 8
27746.5
Jugando Partidos contra vecino 14
Resultado 3
19900.7
Jugando Partidos contra vecino 15
Resultado 7
27298.2
Jugando Partidos contra vecino 16
Resultado 13
34785.6
Yo soy: 
41 -83 37 -96 26 -50 19 -3 40 51 8 85 13 71 20 77 -90 -1 El mejor fue: 16
41 -83 37 -96 66 -50 19 -3 40 51 8 85 13 71 20 77 -90 -1 Generación 84
arranca 
Jugando Partidos contra vecino 0
Resultado 4
18130.1
Jugando Partidos contra vecino 1
Resultado 9
29903.6
Jugando Partidos contra vecino 2
Resultado 4
17571
Jugando Partidos contra vecino 3
Resultado 8
29629.7
Jugando Partidos contra vecino 4
Resultado 9
32752.9
Jugando Partidos contra vecino 5
Resultado 4
21930.9
Jugando Partidos contra vecino 6
Resultado 9
26857
Jugando Partidos contra vecino 7
Resultado 9
31313.3
Jugando Partidos contra vecino 8
Resultado 9
36257.7
Jugando Partidos contra vecino 9
Resultado 6
21164.5
Jugando Partidos contra vecino 10
Resultado 4
24488.1
Jugando Partidos contra vecino 11
Resultado 1
16325.9
Jugando Partidos contra vecino 12
Resultado 5
34695.3
Jugando Partidos contra vecino 13
Resultado 5
23747.2
Jugando Partidos contra vecino 14
Resultado 13
42097.5
Yo soy: 
41 -83 37 -96 66 -50 19 -3 40 51 8 85 13 71 20 77 -90 -1 El mejor fue: 14
41 -83 37 -96 66 -50 19 -3 40 51 8 85 13 31 20 77 -90 -1 Generación 83
arranca 
Jugando Partidos contra vecino 0
Resultado 7
36507.2
Jugando Partidos contra vecino 1
Resultado 2
37716.3
Jugando Partidos contra vecino 2
Resultado 3
54455.9
Jugando Partidos contra vecino 3
Resultado 10
39523.6
Yo soy: 
41 -83 37 -96 66 -50 19 -3 40 51 8 85 13 31 20 77 -90 -1 El mejor fue: 3
41 -83 37 -96 66 -50 19 -3 40 51 8 85 13 31 20 77 -40 -1 Generación 82
arranca 
Jugando Partidos contra vecino 0
Resultado 7
49404.3
Jugando Partidos contra vecino 1
Resultado 9
43694.9
Jugando Partidos contra vecino 2
Resultado 6
29083.5
Jugando Partidos contra vecino 3
Resultado 5
57055.1
Jugando Partidos contra vecino 4
Resultado 15
36522.6
Yo soy: 
41 -83 37 -96 66 -50 19 -3 40 51 8 85 13 31 20 77 -40 -1 El mejor fue: 4
41 -83 37 -96 66 -50 19 -3 0 51 8 85 13 31 20 77 -40 -1 Generación 81
arranca 
Jugando Partidos contra vecino 0
Resultado 15
40556.2
Yo soy: 
41 -83 37 -96 66 -50 19 -3 0 51 8 85 13 31 20 77 -40 -1 El mejor fue: 0
41 -83 37 -96 66 -50 19 -3 0 11 8 85 13 31 20 77 -40 -1 Generación 80
arranca 
Jugando Partidos contra vecino 0
Resultado 11
29921.5
Yo soy: 
41 -83 37 -96 66 -50 19 -3 0 11 8 85 13 31 20 77 -40 -1 El mejor fue: 0
81 -83 37 -96 66 -50 19 -3 0 11 8 85 13 31 20 77 -40 -1 Generación 79
arranca 
Jugando Partidos contra vecino 0
Resultado 9
29394.5
Jugando Partidos contra vecino 1
Resultado 7
29559.5
Jugando Partidos contra vecino 2
Resultado 9
30694.6
Jugando Partidos contra vecino 3
Resultado 7
24202.4
Jugando Partidos contra vecino 4
Resultado 13
37935
Yo soy: 
81 -83 37 -96 66 -50 19 -3 0 11 8 85 13 31 20 77 -40 -1 El mejor fue: 4
81 -83 -3 -96 66 -50 19 -3 0 11 8 85 13 31 20 77 -40 -1 Generación 78
arranca 
Jugando Partidos contra vecino 0
Resultado 13
34940.4
Yo soy: 
81 -83 -3 -96 66 -50 19 -3 0 11 8 85 13 31 20 77 -40 -1 El mejor fue: 0
81 -83 -3 -96 26 -50 19 -3 0 11 8 85 13 31 20 77 -40 -1 Generación 77
arranca 
Jugando Partidos contra vecino 0
Resultado 15
37562.3
Yo soy: 
81 -83 -3 -96 26 -50 19 -3 0 11 8 85 13 31 20 77 -40 -1 El mejor fue: 0
81 -83 -3 -96 26 -90 19 -3 0 11 8 85 13 31 20 77 -40 -1 Generación 76
arranca 
Jugando Partidos contra vecino 0
Resultado 11
28381.8
Yo soy: 
81 -83 -3 -96 26 -90 19 -3 0 11 8 85 13 31 20 77 -40 -1 El mejor fue: 0
81 -83 -3 -96 26 -90 19 -3 0 51 8 85 13 31 20 77 -40 -1 Generación 75
arranca 
Jugando Partidos contra vecino 0
Resultado 11
35511.1
Yo soy: 
81 -83 -3 -96 26 -90 19 -3 0 51 8 85 13 31 20 77 -40 -1 El mejor fue: 0
81 -83 -3 -96 26 -90 19 -3 0 51 8 45 13 31 20 77 -40 -1 Generación 74
arranca 
Jugando Partidos contra vecino 0
Resultado 9
30929.8
Jugando Partidos contra vecino 1
Resultado 5
18564.3
Jugando Partidos contra vecino 2
Resultado 11
28061.3
Yo soy: 
81 -83 -3 -96 26 -90 19 -3 0 51 8 45 13 31 20 77 -40 -1 El mejor fue: 2
81 -83 -3 -96 66 -90 19 -3 0 51 8 45 13 31 20 77 -40 -1 Generación 73
arranca 
Jugando Partidos contra vecino 0
Resultado 13
31275.2
Yo soy: 
81 -83 -3 -96 66 -90 19 -3 0 51 8 45 13 31 20 77 -40 -1 El mejor fue: 0
81 -83 -43 -96 66 -90 19 -3 0 51 8 45 13 31 20 77 -40 -1 Generación 72
arranca 
Jugando Partidos contra vecino 0
Resultado 11
28058.1
Yo soy: 
81 -83 -43 -96 66 -90 19 -3 0 51 8 45 13 31 20 77 -40 -1 El mejor fue: 0
81 -83 -43 -96 66 -90 19 -3 0 51 8 85 13 31 20 77 -40 -1 Generación 71
arranca 
Jugando Partidos contra vecino 0
Resultado 13
30108.4
Yo soy: 
81 -83 -43 -96 66 -90 19 -3 0 51 8 85 13 31 20 77 -40 -1 El mejor fue: 0
81 -83 -43 -96 66 -90 19 -3 0 51 8 85 13 31 20 77 -40 -41 Generación 70
arranca 
Jugando Partidos contra vecino 0
Resultado 11
27549.8
Yo soy: 
81 -83 -43 -96 66 -90 19 -3 0 51 8 85 13 31 20 77 -40 -41 El mejor fue: 0
81 -83 -43 -96 66 -90 19 -3 0 51 8 85 13 31 20 77 -40 -81 Generación 69
arranca 
Jugando Partidos contra vecino 0
Resultado 15
40335
Yo soy: 
81 -83 -43 -96 66 -90 19 -3 0 51 8 85 13 31 20 77 -40 -81 El mejor fue: 0
81 -83 -43 -96 66 -90 19 -3 0 51 8 85 -27 31 20 77 -40 -81 Generación 68
arranca 
Jugando Partidos contra vecino 0
Resultado 9
25110.3
Jugando Partidos contra vecino 1
Resultado 4
27373.2
Jugando Partidos contra vecino 2
Resultado 10
29115.7
Yo soy: 
81 -83 -43 -96 66 -90 19 -3 0 51 8 85 -27 31 20 77 -40 -81 El mejor fue: 2
81 -83 -3 -96 66 -90 19 -3 0 51 8 85 -27 31 20 77 -40 -81 Generación 67
arranca 
Jugando Partidos contra vecino 0
Resultado 6
25144.1
Jugando Partidos contra vecino 1
Resultado 11
28188.7
Yo soy: 
81 -83 -3 -96 66 -90 19 -3 0 51 8 85 -27 31 20 77 -40 -81 El mejor fue: 1
81 -83 -3 -96 66 -90 19 -3 0 51 8 85 -27 31 20 77 -40 -31 Generación 66
arranca 
Jugando Partidos contra vecino 0
Resultado 13
29652.1
Yo soy: 
81 -83 -3 -96 66 -90 19 -3 0 51 8 85 -27 31 20 77 -40 -31 El mejor fue: 0
81 -83 -3 -96 66 -90 19 -3 0 51 8 85 -27 31 -20 77 -40 -31 Generación 65
arranca 
Jugando Partidos contra vecino 0
Resultado 13
35426.2
Yo soy: 
81 -83 -3 -96 66 -90 19 -3 0 51 8 85 -27 31 -20 77 -40 -31 El mejor fue: 0
81 -83 -43 -96 66 -90 19 -3 0 51 8 85 -27 31 -20 77 -40 -31 Generación 64
arranca 
Jugando Partidos contra vecino 0
Resultado 12
36882.8
Yo soy: 
81 -83 -43 -96 66 -90 19 -3 0 51 8 85 -27 31 -20 77 -40 -31 El mejor fue: 0
81 -83 -43 -96 66 -90 19 -3 0 51 8 85 -27 31 -60 77 -40 -31 Generación 63
arranca 
Jugando Partidos contra vecino 0
Resultado 8
27434.1
Jugando Partidos contra vecino 1
Resultado 15
39587.8
Yo soy: 
81 -83 -43 -96 66 -90 19 -3 0 51 8 85 -27 31 -60 77 -40 -31 El mejor fue: 1
81 -83 -43 -96 66 -90 19 -3 0 51 8 85 -27 71 -60 77 -40 -31 Generación 62
arranca 
Jugando Partidos contra vecino 0
Resultado 6
19856.3
Jugando Partidos contra vecino 1
Resultado 13
37261.7
Yo soy: 
81 -83 -43 -96 66 -90 19 -3 0 51 8 85 -27 71 -60 77 -40 -31 El mejor fue: 1
41 -83 -43 -96 66 -90 19 -3 0 51 8 85 -27 71 -60 77 -40 -31 Generación 61
arranca 
Jugando Partidos contra vecino 0
Resultado 15
39783.4
Yo soy: 
41 -83 -43 -96 66 -90 19 -3 0 51 8 85 -27 71 -60 77 -40 -31 El mejor fue: 0
1 -83 -43 -96 66 -90 19 -3 0 51 8 85 -27 71 -60 77 -40 -31 Generación 60
arranca 
Jugando Partidos contra vecino 0
Resultado 13
36518.3
Yo soy: 
1 -83 -43 -96 66 -90 19 -3 0 51 8 85 -27 71 -60 77 -40 -31 El mejor fue: 0
1 -83 -43 -96 66 -90 19 -3 0 51 -32 85 -27 71 -60 77 -40 -31 Generación 59
arranca 
Jugando Partidos contra vecino 0
Resultado 13
33922.4
Yo soy: 
1 -83 -43 -96 66 -90 19 -3 0 51 -32 85 -27 71 -60 77 -40 -31 El mejor fue: 0
1 -83 -3 -96 66 -90 19 -3 0 51 -32 85 -27 71 -60 77 -40 -31 Generación 58
arranca 
Jugando Partidos contra vecino 0
Resultado 13
35954
Yo soy: 
1 -83 -3 -96 66 -90 19 -3 0 51 -32 85 -27 71 -60 77 -40 -31 El mejor fue: 0
1 -83 -3 -96 66 -90 19 -3 0 51 -32 85 -27 71 -60 77 0 -31 Generación 57
arranca 
Jugando Partidos contra vecino 0
Resultado 8
28417.6
Jugando Partidos contra vecino 1
Resultado 12
35615.6
Yo soy: 
1 -83 -3 -96 66 -90 19 -3 0 51 -32 85 -27 71 -60 77 0 -31 El mejor fue: 1
1 -83 -3 -96 66 -90 19 -43 0 51 -32 85 -27 71 -60 77 0 -31 Generación 56
arranca 
Jugando Partidos contra vecino 0
Resultado 12
35187.6
Yo soy: 
1 -83 -3 -96 66 -90 19 -43 0 51 -32 85 -27 71 -60 77 0 -31 El mejor fue: 0
1 -83 -3 -96 66 -90 19 -3 0 51 -32 85 -27 71 -60 77 0 -31 Generación 55
arranca 
Jugando Partidos contra vecino 0
Resultado 15
40266.6
Yo soy: 
1 -83 -3 -96 66 -90 19 -3 0 51 -32 85 -27 71 -60 77 0 -31 El mejor fue: 0
1 -83 -3 -96 66 -90 19 -3 40 51 -32 85 -27 71 -60 77 0 -31 Generación 54
arranca 
Jugando Partidos contra vecino 0
Resultado 9
37301.1
Jugando Partidos contra vecino 1
Resultado 11
38041.9
Yo soy: 
1 -83 -3 -96 66 -90 19 -3 40 51 -32 85 -27 71 -60 77 0 -31 El mejor fue: 1
1 -83 -3 -56 66 -90 19 -3 40 51 -32 85 -27 71 -60 77 0 -31 Generación 53
arranca 
Jugando Partidos contra vecino 0
Resultado 15
38907.6
Yo soy: 
1 -83 -3 -56 66 -90 19 -3 40 51 -32 85 -27 71 -60 77 0 -31 El mejor fue: 0
1 -83 -3 -56 66 -40 19 -3 40 51 -32 85 -27 71 -60 77 0 -31 Generación 52
arranca 
Jugando Partidos contra vecino 0
Resultado 12
34204.2
Yo soy: 
1 -83 -3 -56 66 -40 19 -3 40 51 -32 85 -27 71 -60 77 0 -31 El mejor fue: 0
1 -43 -3 -56 66 -40 19 -3 40 51 -32 85 -27 71 -60 77 0 -31 Generación 51
arranca 
Jugando Partidos contra vecino 0
Resultado 15
47040
Yo soy: 
1 -43 -3 -56 66 -40 19 -3 40 51 -32 85 -27 71 -60 77 0 -31 El mejor fue: 0
1 -43 -3 -56 66 -40 59 -3 40 51 -32 85 -27 71 -60 77 0 -31 Generación 50
arranca 
Jugando Partidos contra vecino 0
Resultado 13
35998.4
Yo soy: 
1 -43 -3 -56 66 -40 59 -3 40 51 -32 85 -27 71 -60 77 0 -31 El mejor fue: 0
1 -83 -3 -56 66 -40 59 -3 40 51 -32 85 -27 71 -60 77 0 -31 Generación 49
arranca 
Jugando Partidos contra vecino 0
Resultado 12
41460.3
Yo soy: 
1 -83 -3 -56 66 -40 59 -3 40 51 -32 85 -27 71 -60 77 0 -31 El mejor fue: 0
1 -83 -3 -56 66 -40 19 -3 40 51 -32 85 -27 71 -60 77 0 -31 Generación 48
arranca 
Jugando Partidos contra vecino 0
Resultado 7
34761.6
Jugando Partidos contra vecino 1
Resultado 10
33891
Yo soy: 
1 -83 -3 -56 66 -40 19 -3 40 51 -32 85 -27 71 -60 77 0 -31 El mejor fue: 1
1 -83 -3 -56 66 -40 19 -3 40 51 -72 85 -27 71 -60 77 0 -31 Generación 47
arranca 
Jugando Partidos contra vecino 0
Resultado 13
42260.8
Yo soy: 
1 -83 -3 -56 66 -40 19 -3 40 51 -72 85 -27 71 -60 77 0 -31 El mejor fue: 0
1 -83 -3 -56 66 -40 19 -3 40 51 -72 85 -27 21 -60 77 0 -31 Generación 46
arranca 
Jugando Partidos contra vecino 0
Resultado 11
39586.6
Yo soy: 
1 -83 -3 -56 66 -40 19 -3 40 51 -72 85 -27 21 -60 77 0 -31 El mejor fue: 0
1 -43 -3 -56 66 -40 19 -3 40 51 -72 85 -27 21 -60 77 0 -31 Generación 45
arranca 
Jugando Partidos contra vecino 0
Resultado 7
50342
Jugando Partidos contra vecino 1
Resultado 7
44046.5
Jugando Partidos contra vecino 2
Resultado 2
26296.9
Jugando Partidos contra vecino 3
Resultado 6
50010.8
Jugando Partidos contra vecino 4
Resultado 7
45200
Jugando Partidos contra vecino 5
Resultado 6
27125.8
Jugando Partidos contra vecino 6
Resultado 7
47671.8
Jugando Partidos contra vecino 7
Resultado 4
54213.3
Jugando Partidos contra vecino 8
Resultado 5
55609.4
Jugando Partidos contra vecino 9
Resultado 9
44731.9
Jugando Partidos contra vecino 10
Resultado 7
58854.6
Jugando Partidos contra vecino 11
Resultado 7
32979.5
Jugando Partidos contra vecino 12
Resultado 8
29490.7
Jugando Partidos contra vecino 13
Resultado 7
29007.4
Jugando Partidos contra vecino 14
Resultado 4
36970.9
Jugando Partidos contra vecino 15
Resultado 5
43008.9
Jugando Partidos contra vecino 16
Resultado 15
33248.9
Yo soy: 
1 -43 -3 -56 66 -40 19 -3 40 51 -72 85 -27 21 -60 77 0 -31 El mejor fue: 16
1 -43 -3 -56 66 -40 19 -3 0 51 -72 85 -27 21 -60 77 0 -31 Generación 44
arranca 
Jugando Partidos contra vecino 0
Resultado 10
36584.3
Yo soy: 
1 -43 -3 -56 66 -40 19 -3 0 51 -72 85 -27 21 -60 77 0 -31 El mejor fue: 0
1 -83 -3 -56 66 -40 19 -3 0 51 -72 85 -27 21 -60 77 0 -31 Generación 43
arranca 
Jugando Partidos contra vecino 0
Resultado 10
30427.1
Yo soy: 
1 -83 -3 -56 66 -40 19 -3 0 51 -72 85 -27 21 -60 77 0 -31 El mejor fue: 0
1 -83 -3 -56 66 -40 19 -3 0 51 -72 85 -27 21 -60 77 0 -71 Generación 42
arranca 
Jugando Partidos contra vecino 0
Resultado 12
35814.4
Yo soy: 
1 -83 -3 -56 66 -40 19 -3 0 51 -72 85 -27 21 -60 77 0 -71 El mejor fue: 0
1 -83 -3 -56 66 -40 19 -3 0 51 -72 85 -67 21 -60 77 0 -71 Generación 41
arranca 
Jugando Partidos contra vecino 0
Resultado 2
25452.5
Jugando Partidos contra vecino 1
Resultado 7
32121.6
Jugando Partidos contra vecino 2
Resultado 7
29339.5
Jugando Partidos contra vecino 3
Resultado 15
29487.2
Yo soy: 
1 -83 -3 -56 66 -40 19 -3 0 51 -72 85 -67 21 -60 77 0 -71 El mejor fue: 3
1 -83 -3 -56 26 -40 19 -3 0 51 -72 85 -67 21 -60 77 0 -71 Generación 40
arranca 
Jugando Partidos contra vecino 0
Resultado 13
35507.2
Yo soy: 
1 -83 -3 -56 26 -40 19 -3 0 51 -72 85 -67 21 -60 77 0 -71 El mejor fue: 0
1 -83 -3 -56 26 -40 19 -3 0 51 -72 85 -67 21 -10 77 0 -71 Generación 39
arranca 
Jugando Partidos contra vecino 0
Resultado 6
28760.8
Jugando Partidos contra vecino 1
Resultado 9
29667.2
Jugando Partidos contra vecino 2
Resultado 13
32940.4
Yo soy: 
1 -83 -3 -56 26 -40 19 -3 0 51 -72 85 -67 21 -10 77 0 -71 El mejor fue: 2
1 -83 -43 -56 26 -40 19 -3 0 51 -72 85 -67 21 -10 77 0 -71 Generación 38
arranca 
Jugando Partidos contra vecino 0
Resultado 10
30858.2
Yo soy: 
1 -83 -43 -56 26 -40 19 -3 0 51 -72 85 -67 21 -10 77 0 -71 El mejor fue: 0
1 -83 -3 -56 26 -40 19 -3 0 51 -72 85 -67 21 -10 77 0 -71 Generación 37
arranca 
Jugando Partidos contra vecino 0
Resultado 9
37956.5
Jugando Partidos contra vecino 1
Resultado 0
20610.5
Jugando Partidos contra vecino 2
Resultado 12
36273.1
Yo soy: 
1 -83 -3 -56 26 -40 19 -3 0 51 -72 85 -67 21 -10 77 0 -71 El mejor fue: 2
1 -83 -3 -56 66 -40 19 -3 0 51 -72 85 -67 21 -10 77 0 -71 Generación 36
arranca 
Jugando Partidos contra vecino 0
Resultado 9
31020.1
Jugando Partidos contra vecino 1
Resultado 7
26482
Jugando Partidos contra vecino 2
Resultado 7
39494.4
Jugando Partidos contra vecino 3
Resultado 9
23301.4
Jugando Partidos contra vecino 4
Resultado 1
19041.4
Jugando Partidos contra vecino 5
Resultado 13
33631.7
Yo soy: 
1 -83 -3 -56 66 -40 19 -3 0 51 -72 85 -67 21 -10 77 0 -71 El mejor fue: 5
1 -83 -3 -56 66 -40 19 37 0 51 -72 85 -67 21 -10 77 0 -71 Generación 35
arranca 
Jugando Partidos contra vecino 0
Resultado 3
25893
Jugando Partidos contra vecino 1
Resultado 1
20044.5
Jugando Partidos contra vecino 2
Resultado 12
37247
Yo soy: 
1 -83 -3 -56 66 -40 19 37 0 51 -72 85 -67 21 -10 77 0 -71 El mejor fue: 2
-39 -83 -3 -56 66 -40 19 37 0 51 -72 85 -67 21 -10 77 0 -71 Generación 34
arranca 
Jugando Partidos contra vecino 0
Resultado 10
38270.3
Yo soy: 
-39 -83 -3 -56 66 -40 19 37 0 51 -72 85 -67 21 -10 77 0 -71 El mejor fue: 0
-39 -83 -3 -56 66 -40 19 37 0 51 -72 85 -67 61 -10 77 0 -71 Generación 33
arranca 
Jugando Partidos contra vecino 0
Resultado 10
36582.6
Yo soy: 
-39 -83 -3 -56 66 -40 19 37 0 51 -72 85 -67 61 -10 77 0 -71 El mejor fue: 0
-39 -83 -3 -56 66 -40 19 37 0 51 -72 85 -67 61 -10 77 0 -31 Generación 32
arranca 
Jugando Partidos contra vecino 0
Resultado 6
35980.5
Jugando Partidos contra vecino 1
Resultado 13
33856.3
Yo soy: 
-39 -83 -3 -56 66 -40 19 37 0 51 -72 85 -67 61 -10 77 0 -31 El mejor fue: 1
-39 -83 -3 -56 26 -40 19 37 0 51 -72 85 -67 61 -10 77 0 -31 Generación 31
arranca 
Jugando Partidos contra vecino 0
Resultado 10
34894.5
Yo soy: 
-39 -83 -3 -56 26 -40 19 37 0 51 -72 85 -67 61 -10 77 0 -31 El mejor fue: 0
-39 -83 -3 -56 26 -40 19 37 0 51 -72 85 -67 21 -10 77 0 -31 Generación 30
arranca 
Jugando Partidos contra vecino 0
Resultado 10
34970.6
Yo soy: 
-39 -83 -3 -56 26 -40 19 37 0 51 -72 85 -67 21 -10 77 0 -31 El mejor fue: 0
-39 -83 -3 -16 26 -40 19 37 0 51 -72 85 -67 21 -10 77 0 -31 Generación 29
arranca 
Jugando Partidos contra vecino 0
Resultado 5
23630.6
Jugando Partidos contra vecino 1
Resultado 11
33101
Yo soy: 
-39 -83 -3 -16 26 -40 19 37 0 51 -72 85 -67 21 -10 77 0 -31 El mejor fue: 1
-39 -83 -3 -16 26 -40 19 37 0 51 -72 85 -67 61 -10 77 0 -31 Generación 28
arranca 
Jugando Partidos contra vecino 0
Resultado 10
34412.3
Yo soy: 
-39 -83 -3 -16 26 -40 19 37 0 51 -72 85 -67 61 -10 77 0 -31 El mejor fue: 0
-39 -83 37 -16 26 -40 19 37 0 51 -72 85 -67 61 -10 77 0 -31 Generación 27
arranca 
Jugando Partidos contra vecino 0
Resultado 3
24354.2
Jugando Partidos contra vecino 1
Resultado 10
32677.4
Yo soy: 
-39 -83 37 -16 26 -40 19 37 0 51 -72 85 -67 61 -10 77 0 -31 El mejor fue: 1
-39 -83 37 -16 26 -40 19 37 -40 51 -72 85 -67 61 -10 77 0 -31 Generación 26
arranca 
Jugando Partidos contra vecino 0
Resultado 7
27332.1
Jugando Partidos contra vecino 1
Resultado 5
25205.6
Jugando Partidos contra vecino 2
Resultado 13
37607.6
Yo soy: 
-39 -83 37 -16 26 -40 19 37 -40 51 -72 85 -67 61 -10 77 0 -31 El mejor fue: 2
-39 -83 37 -16 26 -40 19 77 -40 51 -72 85 -67 61 -10 77 0 -31 Generación 25
arranca 
Jugando Partidos contra vecino 0
Resultado 3
18043.7
Jugando Partidos contra vecino 1
Resultado 7
16580.4
Jugando Partidos contra vecino 2
Resultado 11
33002.2
Yo soy: 
-39 -83 37 -16 26 -40 19 77 -40 51 -72 85 -67 61 -10 77 0 -31 El mejor fue: 2
-39 -83 37 -16 26 -40 19 77 -40 51 -72 85 -67 61 -10 77 0 9 Generación 24
arranca 
Jugando Partidos contra vecino 0
Resultado 11
27806.1
Yo soy: 
-39 -83 37 -16 26 -40 19 77 -40 51 -72 85 -67 61 -10 77 0 9 El mejor fue: 0
-39 -83 -3 -16 26 -40 19 77 -40 51 -72 85 -67 61 -10 77 0 9 Generación 23
arranca 
Jugando Partidos contra vecino 0
Resultado 12
37513.8
Yo soy: 
-39 -83 -3 -16 26 -40 19 77 -40 51 -72 85 -67 61 -10 77 0 9 El mejor fue: 0
-39 -83 -3 -16 -14 -40 19 77 -40 51 -72 85 -67 61 -10 77 0 9 Generación 22
arranca 
Jugando Partidos contra vecino 0
Resultado 15
44479.1
Yo soy: 
-39 -83 -3 -16 -14 -40 19 77 -40 51 -72 85 -67 61 -10 77 0 9 El mejor fue: 0
-39 -83 -3 -16 -14 -40 19 77 -40 51 -72 85 -67 21 -10 77 0 9 Generación 21
arranca 
Jugando Partidos contra vecino 0
Resultado 9
34363.3
Jugando Partidos contra vecino 1
Resultado 9
34274.5
Jugando Partidos contra vecino 2
Resultado 12
40370
Yo soy: 
-39 -83 -3 -16 -14 -40 19 77 -40 51 -72 85 -67 21 -10 77 0 9 El mejor fue: 2
-39 -83 -3 -16 -14 -40 19 27 -40 51 -72 85 -67 21 -10 77 0 9 Generación 20
arranca 
Jugando Partidos contra vecino 0
Resultado 0
15385.8
Jugando Partidos contra vecino 1
Resultado 6
28675.1
Jugando Partidos contra vecino 2
Resultado 10
32887.6
Yo soy: 
-39 -83 -3 -16 -14 -40 19 27 -40 51 -72 85 -67 21 -10 77 0 9 El mejor fue: 2
-39 -83 -3 -16 -14 -40 19 27 -40 51 -32 85 -67 21 -10 77 0 9 Generación 19
arranca 
Jugando Partidos contra vecino 0
Resultado 9
42449
Jugando Partidos contra vecino 1
Resultado 5
22292.2
Jugando Partidos contra vecino 2
Resultado 12
49483.9
Yo soy: 
-39 -83 -3 -16 -14 -40 19 27 -40 51 -32 85 -67 21 -10 77 0 9 El mejor fue: 2
-39 -83 -3 24 -14 -40 19 27 -40 51 -32 85 -67 21 -10 77 0 9 Generación 18
arranca 
Jugando Partidos contra vecino 0
Resultado 13
52386
Yo soy: 
-39 -83 -3 24 -14 -40 19 27 -40 51 -32 85 -67 21 -10 77 0 9 El mejor fue: 0
-39 -83 -3 24 -14 -40 19 27 -40 11 -32 85 -67 21 -10 77 0 9 Generación 17
arranca 
Jugando Partidos contra vecino 0
Resultado 11
41180.8
Yo soy: 
-39 -83 -3 24 -14 -40 19 27 -40 11 -32 85 -67 21 -10 77 0 9 El mejor fue: 0
-39 -83 -3 24 26 -40 19 27 -40 11 -32 85 -67 21 -10 77 0 9 Generación 16
arranca 
Jugando Partidos contra vecino 0
Resultado 15
58784.8
Yo soy: 
-39 -83 -3 24 26 -40 19 27 -40 11 -32 85 -67 21 -10 77 0 9 El mejor fue: 0
-39 -83 -3 24 26 -40 19 27 -80 11 -32 85 -67 21 -10 77 0 9 Generación 15
arranca 
Jugando Partidos contra vecino 0
Resultado 13
49270.1
Yo soy: 
-39 -83 -3 24 26 -40 19 27 -80 11 -32 85 -67 21 -10 77 0 9 El mejor fue: 0
-39 -83 -3 24 26 -40 19 27 -80 11 -32 85 -17 21 -10 77 0 9 Generación 14
arranca 
Jugando Partidos contra vecino 0
Resultado 13
52242.3
Yo soy: 
-39 -83 -3 24 26 -40 19 27 -80 11 -32 85 -17 21 -10 77 0 9 El mejor fue: 0
-39 -83 -3 24 26 -40 19 27 -80 51 -32 85 -17 21 -10 77 0 9 Generación 13
arranca 
Jugando Partidos contra vecino 0
Resultado 15
65201.1
Yo soy: 
-39 -83 -3 24 26 -40 19 27 -80 51 -32 85 -17 21 -10 77 0 9 El mejor fue: 0
-79 -83 -3 24 26 -40 19 27 -80 51 -32 85 -17 21 -10 77 0 9 Generación 12
arranca 
Jugando Partidos contra vecino 0
Resultado 13
57122.2
Yo soy: 
-79 -83 -3 24 26 -40 19 27 -80 51 -32 85 -17 21 -10 77 0 9 El mejor fue: 0
-79 -83 -3 24 26 -40 19 27 -80 51 -32 85 -17 21 -10 77 40 9 Generación 11
arranca 
Jugando Partidos contra vecino 0
Resultado 15
35232.5
Yo soy: 
-79 -83 -3 24 26 -40 19 27 -80 51 -32 85 -17 21 -10 77 40 9 El mejor fue: 0
-79 -83 -3 24 26 -40 19 27 -80 51 -32 85 -17 -19 -10 77 40 9 Generación 10
arranca 
Jugando Partidos contra vecino 0
Resultado 9
62979.2
Jugando Partidos contra vecino 1
Resultado 15
62723.9
Yo soy: 
-79 -83 -3 24 26 -40 19 27 -80 51 -32 85 -17 -19 -10 77 40 9 El mejor fue: 1
-79 -83 -3 24 26 -40 19 27 -80 51 -32 85 23 -19 -10 77 40 9 Generación 9
arranca 
Jugando Partidos contra vecino 0
Resultado 15
62899.1
Yo soy: 
-79 -83 -3 24 26 -40 19 27 -80 51 -32 85 23 -19 -10 77 40 9 El mejor fue: 0
-39 -83 -3 24 26 -40 19 27 -80 51 -32 85 23 -19 -10 77 40 9 Generación 8
arranca 
Jugando Partidos contra vecino 0
Resultado 15
51338.1
Yo soy: 
-39 -83 -3 24 26 -40 19 27 -80 51 -32 85 23 -19 -10 77 40 9 El mejor fue: 0
-39 -83 -3 24 26 -40 19 27 -80 51 -32 85 23 -19 -10 77 40 -31 Generación 7
arranca 
Jugando Partidos contra vecino 0
Resultado 5
49349.2
Jugando Partidos contra vecino 1
Resultado 13
44412.8
Yo soy: 
-39 -83 -3 24 26 -40 19 27 -80 51 -32 85 23 -19 -10 77 40 -31 El mejor fue: 1
-39 -83 -3 -16 26 -40 19 27 -80 51 -32 85 23 -19 -10 77 40 -31 Generación 6
arranca 
Jugando Partidos contra vecino 0
Resultado 15
48102
Yo soy: 
-39 -83 -3 -16 26 -40 19 27 -80 51 -32 85 23 -19 -10 77 40 -31 El mejor fue: 0
-39 -43 -3 -16 26 -40 19 27 -80 51 -32 85 23 -19 -10 77 40 -31 Generación 5
arranca 
Jugando Partidos contra vecino 0
Resultado 15
41614.8
Yo soy: 
-39 -43 -3 -16 26 -40 19 27 -80 51 -32 85 23 -19 -10 77 40 -31 El mejor fue: 0
-39 -43 -3 -16 26 -40 19 27 -80 51 -32 85 23 21 -10 77 40 -31 Generación 4
arranca 
Jugando Partidos contra vecino 0
Resultado 0
18583.9
Jugando Partidos contra vecino 1
Resultado 13
34938.7
Yo soy: 
-39 -43 -3 -16 26 -40 19 27 -80 51 -32 85 23 21 -10 77 40 -31 El mejor fue: 1
-39 -43 -43 -16 26 -40 19 27 -80 51 -32 85 23 21 -10 77 40 -31 Generación 3
arranca 
Jugando Partidos contra vecino 0
Resultado 13
35424.7
Yo soy: 
-39 -43 -43 -16 26 -40 19 27 -80 51 -32 85 23 21 -10 77 40 -31 El mejor fue: 0
-39 -43 -43 -16 26 -40 19 27 -80 51 8 85 23 21 -10 77 40 -31 Generación 2
arranca 
Jugando Partidos contra vecino 0
Resultado 13
34863.2
Yo soy: 
-39 -43 -43 -16 26 -40 19 27 -80 51 8 85 23 21 -10 77 40 -31 El mejor fue: 0
-39 -43 -43 -16 26 -40 19 -13 -80 51 8 85 23 21 -10 77 40 -31 Generación 1
arranca 
Jugando Partidos contra vecino 0
Resultado 0
18199.3
Jugando Partidos contra vecino 1
Resultado 13
38550.2
Yo soy: 
-39 -43 -43 -16 26 -40 19 -13 -80 51 8 85 23 21 -10 77 40 -31 El mejor fue: 1
-39 -43 -43 -16 26 -40 19 -13 -80 91 8 85 23 21 -10 77 40 -31 Generación 0
1.68773e+07
