arranca 
Jugando Partidos contra vecino 0
Resultado 3
21122.5
Jugando Partidos contra vecino 1
Resultado 5
16644
Jugando Partidos contra vecino 2
Resultado 13
33319.5
Yo soy: 
70 94 2 42 99 41 56 1 11 19 52 52 89 96 95 77 48 66 El mejor fue: 2
70 94 2 42 99 41 56 41 11 19 52 52 89 96 95 77 48 66 Generación 199
arranca 
Jugando Partidos contra vecino 0
Resultado 7
36902.8
Jugando Partidos contra vecino 1
Resultado 5
31413.9
Jugando Partidos contra vecino 2
Resultado 5
29062.1
Jugando Partidos contra vecino 3
Resultado 9
34170.2
Jugando Partidos contra vecino 4
Resultado 3
15764.1
Jugando Partidos contra vecino 5
Resultado 9
24177.7
Jugando Partidos contra vecino 6
Resultado 5
33815.9
Jugando Partidos contra vecino 7
Resultado 9
28863.4
Jugando Partidos contra vecino 8
Resultado 11
32608.8
Yo soy: 
70 94 2 42 99 41 56 41 11 19 52 52 89 96 95 77 48 66 El mejor fue: 8
70 94 2 42 99 41 56 41 11 19 52 12 89 96 95 77 48 66 Generación 198
arranca 
Jugando Partidos contra vecino 0
Resultado 5
40491.5
Jugando Partidos contra vecino 1
Resultado 5
33750.1
Jugando Partidos contra vecino 2
Resultado 9
42866.3
Jugando Partidos contra vecino 3
Resultado 5
39000.5
Jugando Partidos contra vecino 4
Resultado 5
42628.2
Jugando Partidos contra vecino 5
Resultado 7
35646.2
Jugando Partidos contra vecino 6
Resultado 11
38586.9
Yo soy: 
70 94 2 42 99 41 56 41 11 19 52 12 89 96 95 77 48 66 El mejor fue: 6
70 94 2 42 99 81 56 41 11 19 52 12 89 96 95 77 48 66 Generación 197
arranca 
Jugando Partidos contra vecino 0
Resultado 5
31562
Jugando Partidos contra vecino 1
Resultado 9
32652.1
Jugando Partidos contra vecino 2
Resultado 9
42492.2
Jugando Partidos contra vecino 3
Resultado 7
34203
Jugando Partidos contra vecino 4
Resultado 5
29724.9
Jugando Partidos contra vecino 5
Resultado 5
28750.8
Jugando Partidos contra vecino 6
Resultado 5
37100.6
Jugando Partidos contra vecino 7
Resultado 5
35003.2
Jugando Partidos contra vecino 8
Resultado 5
34408.5
Jugando Partidos contra vecino 9
Resultado 9
39682.3
Jugando Partidos contra vecino 10
Resultado 5
35891.8
Jugando Partidos contra vecino 11
Resultado 5
41495
Jugando Partidos contra vecino 12
Resultado 5
24747.8
Jugando Partidos contra vecino 13
Resultado 5
36860.9
Jugando Partidos contra vecino 14
Resultado 7
32740.6
Jugando Partidos contra vecino 15
Resultado 5
30860.1
Jugando Partidos contra vecino 16
Resultado 5
41492.8
Jugando Partidos contra vecino 17
Resultado 5
29397.9
Jugando Partidos contra vecino 18
Resultado 5
35458.5
Jugando Partidos contra vecino 19
Resultado 5
38714.6
Jugando Partidos contra vecino 20
Resultado 7
32650.6
Jugando Partidos contra vecino 21
Resultado 7
38919
Jugando Partidos contra vecino 22
Resultado 5
41510.5
Jugando Partidos contra vecino 23
Resultado 9
34028.8
Jugando Partidos contra vecino 24
Resultado 9
30251
Jugando Partidos contra vecino 25
Resultado 7
37473.2
Jugando Partidos contra vecino 26
Resultado 5
40720.9
Jugando Partidos contra vecino 27
Resultado 5
44188.4
Jugando Partidos contra vecino 28
Resultado 5
35318.9
Jugando Partidos contra vecino 29
Resultado 9
48773.4
Jugando Partidos contra vecino 30
Resultado 9
35872.2
Jugando Partidos contra vecino 31
Resultado 5
38674.3
Jugando Partidos contra vecino 32
Resultado 5
33205.2
Jugando Partidos contra vecino 33
Resultado 4
37361.9
Jugando Partidos contra vecino 34
Resultado 5
39899.9
Jugando Partidos contra vecino 35
Resultado 5
37595.3
1.91052e+06
arranca 
Jugando Partidos contra vecino 0
Resultado 12
32152.2
Yo soy: 
25 2 32 42 51 75 95 77 20 25 61 55 29 66 31 62 12 100 El mejor fue: 0
25 2 32 42 51 75 95 77 20 25 61 55 29 66 71 62 12 100 Generación 199
arranca 
Jugando Partidos contra vecino 0
Resultado 9
23864.1
Jugando Partidos contra vecino 1
Resultado 4
19467.8
Jugando Partidos contra vecino 2
Resultado 8
28590.9
Jugando Partidos contra vecino 3
Resultado 11
24103.9
Yo soy: 
25 2 32 42 51 75 95 77 20 25 61 55 29 66 71 62 12 100 El mejor fue: 3
25 2 32 82 51 75 95 77 20 25 61 55 29 66 71 62 12 100 Generación 198
arranca 
Jugando Partidos contra vecino 0
Resultado 7
27811.4
Jugando Partidos contra vecino 1
Resultado 10
27925.2
Yo soy: 
25 2 32 82 51 75 95 77 20 25 61 55 29 66 71 62 12 100 El mejor fue: 1
25 2 32 82 51 75 95 77 20 25 11 55 29 66 71 62 12 100 Generación 197
arranca 
Jugando Partidos contra vecino 0
Resultado 7
25333.2
Jugando Partidos contra vecino 1
Resultado 9
28925.5
Jugando Partidos contra vecino 2
Resultado 8
25505.8
Jugando Partidos contra vecino 3
Resultado 7
24449.2
Jugando Partidos contra vecino 4
Resultado 4
27118.1
Jugando Partidos contra vecino 5
Resultado 5
25836
Jugando Partidos contra vecino 6
Resultado 10
28634.8
Yo soy: 
25 2 32 82 51 75 95 77 20 25 11 55 29 66 71 62 12 100 El mejor fue: 6
25 2 32 82 51 25 95 77 20 25 11 55 29 66 71 62 12 100 Generación 196
arranca 
Jugando Partidos contra vecino 0
Resultado 5
28290.8
Jugando Partidos contra vecino 1
Resultado 8
32944.1
Jugando Partidos contra vecino 2
Resultado 13
29083
Yo soy: 
25 2 32 82 51 25 95 77 20 25 11 55 29 66 71 62 12 100 El mejor fue: 2
25 2 32 82 51 25 55 77 20 25 11 55 29 66 71 62 12 100 Generación 195
arranca 
Jugando Partidos contra vecino 0
Resultado 11
25756.7
Yo soy: 
25 2 32 82 51 25 55 77 20 25 11 55 29 66 71 62 12 100 El mejor fue: 0
25 2 32 82 51 25 55 77 20 25 11 55 29 66 31 62 12 100 Generación 194
arranca 
Jugando Partidos contra vecino 0
Resultado 5
26735.5
Jugando Partidos contra vecino 1
Resultado 5
31143
Jugando Partidos contra vecino 2
Resultado 4
30582.4
Jugando Partidos contra vecino 3
Resultado 8
25374.3
Jugando Partidos contra vecino 4
Resultado 13
37509
Yo soy: 
25 2 32 82 51 25 55 77 20 25 11 55 29 66 31 62 12 100 El mejor fue: 4
25 2 32 82 51 65 55 77 20 25 11 55 29 66 31 62 12 100 Generación 193
arranca 
Jugando Partidos contra vecino 0
Resultado 11
39713.4
Yo soy: 
25 2 32 82 51 65 55 77 20 25 11 55 29 66 31 62 12 100 El mejor fue: 0
25 2 32 82 51 25 55 77 20 25 11 55 29 66 31 62 12 100 Generación 192
arranca 
Jugando Partidos contra vecino 0
Resultado 13
35664.7
Yo soy: 
25 2 32 82 51 25 55 77 20 25 11 55 29 66 31 62 12 100 El mejor fue: 0
25 2 32 82 51 25 55 77 20 25 11 55 69 66 31 62 12 100 Generación 191
arranca 
Jugando Partidos contra vecino 0
Resultado 9
30851.3
Jugando Partidos contra vecino 1
Resultado 12
37568.8
Yo soy: 
25 2 32 82 51 25 55 77 20 25 11 55 69 66 31 62 12 100 El mejor fue: 1
25 2 32 82 51 25 55 77 60 25 11 55 69 66 31 62 12 100 Generación 190
arranca 
Jugando Partidos contra vecino 0
Resultado 6
30443.5
Jugando Partidos contra vecino 1
Resultado 4
54688.2
Jugando Partidos contra vecino 2
Resultado 7
30399
Jugando Partidos contra vecino 3
Resultado 9
34369.1
Jugando Partidos contra vecino 4
Resultado 9
32707.4
Jugando Partidos contra vecino 5
Resultado 11
41897
Yo soy: 
25 2 32 82 51 25 55 77 60 25 11 55 69 66 31 62 12 100 El mejor fue: 5
25 42 32 82 51 25 55 77 60 25 11 55 69 66 31 62 12 100 Generación 189
arranca 
Jugando Partidos contra vecino 0
Resultado 7
37856.5
Jugando Partidos contra vecino 1
Resultado 5
19359
Jugando Partidos contra vecino 2
Resultado 13
37149
Yo soy: 
25 42 32 82 51 25 55 77 60 25 11 55 69 66 31 62 12 100 El mejor fue: 2
25 42 32 82 51 25 55 27 60 25 11 55 69 66 31 62 12 100 Generación 188
arranca 
Jugando Partidos contra vecino 0
Resultado 11
45922.5
Yo soy: 
25 42 32 82 51 25 55 27 60 25 11 55 69 66 31 62 12 100 El mejor fue: 0
25 42 32 82 11 25 55 27 60 25 11 55 69 66 31 62 12 100 Generación 187
arranca 
Jugando Partidos contra vecino 0
Resultado 6
29223
Jugando Partidos contra vecino 1
Resultado 10
30598.5
Yo soy: 
25 42 32 82 11 25 55 27 60 25 11 55 69 66 31 62 12 100 El mejor fue: 1
25 42 32 82 11 25 55 27 60 25 51 55 69 66 31 62 12 100 Generación 186
arranca 
Jugando Partidos contra vecino 0
Resultado 9
30740.3
Jugando Partidos contra vecino 1
Resultado 7
39050.1
Jugando Partidos contra vecino 2
Resultado 9
30181.9
Jugando Partidos contra vecino 3
Resultado 9
32085.3
Jugando Partidos contra vecino 4
Resultado 15
48753.4
Yo soy: 
25 42 32 82 11 25 55 27 60 25 51 55 69 66 31 62 12 100 El mejor fue: 4
25 42 32 82 11 25 55 27 60 25 51 95 69 66 31 62 12 100 Generación 185
arranca 
Jugando Partidos contra vecino 0
Resultado 9
29164.3
Jugando Partidos contra vecino 1
Resultado 15
53777.2
Yo soy: 
25 42 32 82 11 25 55 27 60 25 51 95 69 66 31 62 12 100 El mejor fue: 1
25 42 -8 82 11 25 55 27 60 25 51 95 69 66 31 62 12 100 Generación 184
arranca 
Jugando Partidos contra vecino 0
Resultado 15
47765.7
Yo soy: 
25 42 -8 82 11 25 55 27 60 25 51 95 69 66 31 62 12 100 El mejor fue: 0
25 42 -8 82 11 65 55 27 60 25 51 95 69 66 31 62 12 100 Generación 183
arranca 
Jugando Partidos contra vecino 0
Resultado 6
35132.1
Jugando Partidos contra vecino 1
Resultado 13
43721
Yo soy: 
25 42 -8 82 11 65 55 27 60 25 51 95 69 66 31 62 12 100 El mejor fue: 1
25 42 -8 82 11 65 55 27 60 -15 51 95 69 66 31 62 12 100 Generación 182
arranca 
Jugando Partidos contra vecino 0
Resultado 15
39109.4
Yo soy: 
25 42 -8 82 11 65 55 27 60 -15 51 95 69 66 31 62 12 100 El mejor fue: 0
25 42 -8 82 11 65 55 67 60 -15 51 95 69 66 31 62 12 100 Generación 181
arranca 
Jugando Partidos contra vecino 0
Resultado 15
43512.4
Yo soy: 
25 42 -8 82 11 65 55 67 60 -15 51 95 69 66 31 62 12 100 El mejor fue: 0
25 42 -8 82 11 65 55 67 60 -15 51 95 29 66 31 62 12 100 Generación 180
arranca 
Jugando Partidos contra vecino 0
Resultado 15
43119.7
Yo soy: 
25 42 -8 82 11 65 55 67 60 -15 51 95 29 66 31 62 12 100 El mejor fue: 0
25 42 -8 82 11 65 55 67 60 -15 51 95 29 66 31 62 52 100 Generación 179
arranca 
Jugando Partidos contra vecino 0
Resultado 11
29938.4
Yo soy: 
25 42 -8 82 11 65 55 67 60 -15 51 95 29 66 31 62 52 100 El mejor fue: 0
25 42 -8 82 11 65 55 67 60 -15 51 95 29 66 31 62 52 50 Generación 178
arranca 
Jugando Partidos contra vecino 0
Resultado 11
35653.3
Yo soy: 
25 42 -8 82 11 65 55 67 60 -15 51 95 29 66 31 62 52 50 El mejor fue: 0
25 42 -8 82 11 65 55 67 60 -15 51 95 29 66 31 62 52 10 Generación 177
arranca 
Jugando Partidos contra vecino 0
Resultado 12
48862.8
Yo soy: 
25 42 -8 82 11 65 55 67 60 -15 51 95 29 66 31 62 52 10 El mejor fue: 0
25 42 -8 32 11 65 55 67 60 -15 51 95 29 66 31 62 52 10 Generación 176
arranca 
Jugando Partidos contra vecino 0
Resultado 15
32958.6
Yo soy: 
25 42 -8 32 11 65 55 67 60 -15 51 95 29 66 31 62 52 10 El mejor fue: 0
25 42 -8 32 11 65 55 67 60 -15 51 45 29 66 31 62 52 10 Generación 175
arranca 
Jugando Partidos contra vecino 0
Resultado 13
33528
Yo soy: 
25 42 -8 32 11 65 55 67 60 -15 51 45 29 66 31 62 52 10 El mejor fue: 0
25 42 -8 32 11 15 55 67 60 -15 51 45 29 66 31 62 52 10 Generación 174
arranca 
Jugando Partidos contra vecino 0
Resultado 13
33930.9
Yo soy: 
25 42 -8 32 11 15 55 67 60 -15 51 45 29 66 31 62 52 10 El mejor fue: 0
25 42 -8 32 11 15 55 67 60 -15 11 45 29 66 31 62 52 10 Generación 173
arranca 
Jugando Partidos contra vecino 0
Resultado 5
60054
Jugando Partidos contra vecino 1
Resultado 5
29404.9
Jugando Partidos contra vecino 2
Resultado 15
33410.4
Yo soy: 
25 42 -8 32 11 15 55 67 60 -15 11 45 29 66 31 62 52 10 El mejor fue: 2
25 42 -8 32 11 15 55 67 60 -15 51 45 29 66 31 62 52 10 Generación 172
arranca 
Jugando Partidos contra vecino 0
Resultado 5
47664.2
Jugando Partidos contra vecino 1
Resultado 5
23520.8
Jugando Partidos contra vecino 2
Resultado 5
14826.6
Jugando Partidos contra vecino 3
Resultado 13
23687.5
Yo soy: 
25 42 -8 32 11 15 55 67 60 -15 51 45 29 66 31 62 52 10 El mejor fue: 3
25 42 -48 32 11 15 55 67 60 -15 51 45 29 66 31 62 52 10 Generación 171
arranca 
Jugando Partidos contra vecino 0
Resultado 15
28081.5
Yo soy: 
25 42 -48 32 11 15 55 67 60 -15 51 45 29 66 31 62 52 10 El mejor fue: 0
25 42 -48 32 11 15 55 67 60 -15 51 45 29 66 31 62 92 10 Generación 170
arranca 
Jugando Partidos contra vecino 0
Resultado 12
40985.6
Yo soy: 
25 42 -48 32 11 15 55 67 60 -15 51 45 29 66 31 62 92 10 El mejor fue: 0
-15 42 -48 32 11 15 55 67 60 -15 51 45 29 66 31 62 92 10 Generación 169
arranca 
Jugando Partidos contra vecino 0
Resultado 7
33034.8
Jugando Partidos contra vecino 1
Resultado 11
46880.8
Yo soy: 
-15 42 -48 32 11 15 55 67 60 -15 51 45 29 66 31 62 92 10 El mejor fue: 1
-15 42 -48 32 11 15 55 67 60 -15 51 45 69 66 31 62 92 10 Generación 168
arranca 
Jugando Partidos contra vecino 0
Resultado 7
31868.7
Jugando Partidos contra vecino 1
Resultado 10
40066.4
Yo soy: 
-15 42 -48 32 11 15 55 67 60 -15 51 45 69 66 31 62 92 10 El mejor fue: 1
-15 42 -48 32 11 15 55 67 60 -15 51 45 69 66 31 62 42 10 Generación 167
arranca 
Jugando Partidos contra vecino 0
Resultado 15
56041.4
Yo soy: 
-15 42 -48 32 11 15 55 67 60 -15 51 45 69 66 31 62 42 10 El mejor fue: 0
-55 42 -48 32 11 15 55 67 60 -15 51 45 69 66 31 62 42 10 Generación 166
arranca 
Jugando Partidos contra vecino 0
Resultado 9
38934
Jugando Partidos contra vecino 1
Resultado 15
51899.1
Yo soy: 
-55 42 -48 32 11 15 55 67 60 -15 51 45 69 66 31 62 42 10 El mejor fue: 1
-55 42 -48 32 11 15 55 67 60 25 51 45 69 66 31 62 42 10 Generación 165
arranca 
Jugando Partidos contra vecino 0
Resultado 15
56644.3
Yo soy: 
-55 42 -48 32 11 15 55 67 60 25 51 45 69 66 31 62 42 10 El mejor fue: 0
-55 42 -48 32 11 15 55 67 60 25 51 45 69 66 31 62 42 50 Generación 164
arranca 
Jugando Partidos contra vecino 0
Resultado 13
50764.2
Yo soy: 
-55 42 -48 32 11 15 55 67 60 25 51 45 69 66 31 62 42 50 El mejor fue: 0
-55 42 -48 32 11 15 55 67 60 25 51 45 29 66 31 62 42 50 Generación 163
arranca 
Jugando Partidos contra vecino 0
Resultado 13
49998.1
Yo soy: 
-55 42 -48 32 11 15 55 67 60 25 51 45 29 66 31 62 42 50 El mejor fue: 0
-55 42 -48 32 11 15 55 17 60 25 51 45 29 66 31 62 42 50 Generación 162
arranca 
Jugando Partidos contra vecino 0
Resultado 13
50021.2
Yo soy: 
-55 42 -48 32 11 15 55 17 60 25 51 45 29 66 31 62 42 50 El mejor fue: 0
-15 42 -48 32 11 15 55 17 60 25 51 45 29 66 31 62 42 50 Generación 161
arranca 
Jugando Partidos contra vecino 0
Resultado 15
56377.1
Yo soy: 
-15 42 -48 32 11 15 55 17 60 25 51 45 29 66 31 62 42 50 El mejor fue: 0
-15 42 -48 32 11 15 55 17 60 25 11 45 29 66 31 62 42 50 Generación 160
arranca 
Jugando Partidos contra vecino 0
Resultado 15
54327.5
Yo soy: 
-15 42 -48 32 11 15 55 17 60 25 11 45 29 66 31 62 42 50 El mejor fue: 0
-15 42 -48 32 11 -25 55 17 60 25 11 45 29 66 31 62 42 50 Generación 159
arranca 
Jugando Partidos contra vecino 0
Resultado 13
46187.2
Yo soy: 
-15 42 -48 32 11 -25 55 17 60 25 11 45 29 66 31 62 42 50 El mejor fue: 0
-15 42 -48 32 11 -25 95 17 60 25 11 45 29 66 31 62 42 50 Generación 158
arranca 
Jugando Partidos contra vecino 0
Resultado 15
51558.4
Yo soy: 
-15 42 -48 32 11 -25 95 17 60 25 11 45 29 66 31 62 42 50 El mejor fue: 0
-15 42 -48 32 11 -25 95 17 20 25 11 45 29 66 31 62 42 50 Generación 157
arranca 
Jugando Partidos contra vecino 0
Resultado 13
50009.9
Yo soy: 
-15 42 -48 32 11 -25 95 17 20 25 11 45 29 66 31 62 42 50 El mejor fue: 0
-15 42 -48 32 11 -25 95 17 20 -15 11 45 29 66 31 62 42 50 Generación 156
arranca 
Jugando Partidos contra vecino 0
Resultado 11
39428.1
Yo soy: 
-15 42 -48 32 11 -25 95 17 20 -15 11 45 29 66 31 62 42 50 El mejor fue: 0
-15 2 -48 32 11 -25 95 17 20 -15 11 45 29 66 31 62 42 50 Generación 155
arranca 
Jugando Partidos contra vecino 0
Resultado 12
44315
Yo soy: 
-15 2 -48 32 11 -25 95 17 20 -15 11 45 29 66 31 62 42 50 El mejor fue: 0
-15 -38 -48 32 11 -25 95 17 20 -15 11 45 29 66 31 62 42 50 Generación 154
arranca 
Jugando Partidos contra vecino 0
Resultado 13
43254
Yo soy: 
-15 -38 -48 32 11 -25 95 17 20 -15 11 45 29 66 31 62 42 50 El mejor fue: 0
-15 -38 -48 32 11 15 95 17 20 -15 11 45 29 66 31 62 42 50 Generación 153
arranca 
Jugando Partidos contra vecino 0
Resultado 15
53443.7
Yo soy: 
-15 -38 -48 32 11 15 95 17 20 -15 11 45 29 66 31 62 42 50 El mejor fue: 0
-15 -38 -48 32 11 15 95 17 20 -15 11 45 29 66 31 62 42 10 Generación 152
arranca 
Jugando Partidos contra vecino 0
Resultado 11
40079.7
Yo soy: 
-15 -38 -48 32 11 15 95 17 20 -15 11 45 29 66 31 62 42 10 El mejor fue: 0
-15 -38 -48 32 11 15 95 -23 20 -15 11 45 29 66 31 62 42 10 Generación 151
arranca 
Jugando Partidos contra vecino 0
Resultado 11
40787
Yo soy: 
-15 -38 -48 32 11 15 95 -23 20 -15 11 45 29 66 31 62 42 10 El mejor fue: 0
-15 -38 -48 32 11 15 95 -23 20 -15 51 45 29 66 31 62 42 10 Generación 150
arranca 
Jugando Partidos contra vecino 0
Resultado 15
46311.8
Yo soy: 
-15 -38 -48 32 11 15 95 -23 20 -15 51 45 29 66 31 62 42 10 El mejor fue: 0
-15 -38 -48 32 11 15 95 -23 20 -15 51 45 29 66 31 62 42 -30 Generación 149
arranca 
Jugando Partidos contra vecino 0
Resultado 15
54733.6
Yo soy: 
-15 -38 -48 32 11 15 95 -23 20 -15 51 45 29 66 31 62 42 -30 El mejor fue: 0
-15 -38 -48 32 11 15 95 -23 20 -15 51 45 29 66 31 62 2 -30 Generación 148
arranca 
Jugando Partidos contra vecino 0
Resultado 15
53383.3
Yo soy: 
-15 -38 -48 32 11 15 95 -23 20 -15 51 45 29 66 31 62 2 -30 El mejor fue: 0
-15 -38 -48 32 11 15 95 -23 20 -15 51 45 29 66 31 62 -38 -30 Generación 147
arranca 
Jugando Partidos contra vecino 0
Resultado 13
46238.5
Yo soy: 
-15 -38 -48 32 11 15 95 -23 20 -15 51 45 29 66 31 62 -38 -30 El mejor fue: 0
-15 -38 -48 32 11 15 95 -23 20 -15 51 85 29 66 31 62 -38 -30 Generación 146
arranca 
Jugando Partidos contra vecino 0
Resultado 11
39761.5
Yo soy: 
-15 -38 -48 32 11 15 95 -23 20 -15 51 85 29 66 31 62 -38 -30 El mejor fue: 0
-15 -38 -48 32 11 15 95 -23 -20 -15 51 85 29 66 31 62 -38 -30 Generación 145
arranca 
Jugando Partidos contra vecino 0
Resultado 15
57627
Yo soy: 
-15 -38 -48 32 11 15 95 -23 -20 -15 51 85 29 66 31 62 -38 -30 El mejor fue: 0
-15 -38 -48 32 -29 15 95 -23 -20 -15 51 85 29 66 31 62 -38 -30 Generación 144
arranca 
Jugando Partidos contra vecino 0
Resultado 8
22639
Jugando Partidos contra vecino 1
Resultado 13
41807.5
Yo soy: 
-15 -38 -48 32 -29 15 95 -23 -20 -15 51 85 29 66 31 62 -38 -30 El mejor fue: 1
-15 -38 -48 32 -29 15 95 -23 -20 -15 51 35 29 66 31 62 -38 -30 Generación 143
arranca 
Jugando Partidos contra vecino 0
Resultado 13
44965
Yo soy: 
-15 -38 -48 32 -29 15 95 -23 -20 -15 51 35 29 66 31 62 -38 -30 El mejor fue: 0
-15 -38 -48 32 -29 15 95 -23 -20 -15 51 35 29 66 71 62 -38 -30 Generación 142
arranca 
Jugando Partidos contra vecino 0
Resultado 15
53092
Yo soy: 
-15 -38 -48 32 -29 15 95 -23 -20 -15 51 35 29 66 71 62 -38 -30 El mejor fue: 0
-15 -38 -48 32 -29 15 95 -23 20 -15 51 35 29 66 71 62 -38 -30 Generación 141
arranca 
Jugando Partidos contra vecino 0
Resultado 13
45244.7
Yo soy: 
-15 -38 -48 32 -29 15 95 -23 20 -15 51 35 29 66 71 62 -38 -30 El mejor fue: 0
-15 -38 -48 32 -29 15 95 -23 60 -15 51 35 29 66 71 62 -38 -30 Generación 140
arranca 
Jugando Partidos contra vecino 0
Resultado 13
44199.1
Yo soy: 
-15 -38 -48 32 -29 15 95 -23 60 -15 51 35 29 66 71 62 -38 -30 El mejor fue: 0
-15 -38 -48 32 -29 15 95 -23 60 -15 51 35 29 66 71 62 -38 -70 Generación 139
arranca 
Jugando Partidos contra vecino 0
Resultado 4
26219.2
Jugando Partidos contra vecino 1
Resultado 15
55168.1
Yo soy: 
-15 -38 -48 32 -29 15 95 -23 60 -15 51 35 29 66 71 62 -38 -70 El mejor fue: 1
-15 -38 -88 32 -29 15 95 -23 60 -15 51 35 29 66 71 62 -38 -70 Generación 138
arranca 
Jugando Partidos contra vecino 0
Resultado 12
47398.3
Yo soy: 
-15 -38 -88 32 -29 15 95 -23 60 -15 51 35 29 66 71 62 -38 -70 El mejor fue: 0
-15 -38 -88 32 -29 15 95 -23 60 25 51 35 29 66 71 62 -38 -70 Generación 137
arranca 
Jugando Partidos contra vecino 0
Resultado 8
33856.3
Jugando Partidos contra vecino 1
Resultado 15
56083.1
Yo soy: 
-15 -38 -88 32 -29 15 95 -23 60 25 51 35 29 66 71 62 -38 -70 El mejor fue: 1
-15 -38 -88 32 -29 15 95 -23 60 -15 51 35 29 66 71 62 -38 -70 Generación 136
arranca 
Jugando Partidos contra vecino 0
Resultado 13
47036.8
Yo soy: 
-15 -38 -88 32 -29 15 95 -23 60 -15 51 35 29 66 71 62 -38 -70 El mejor fue: 0
-15 -38 -88 32 -29 15 95 -23 60 -15 51 -5 29 66 71 62 -38 -70 Generación 135
arranca 
Jugando Partidos contra vecino 0
Resultado 4
25292.2
Jugando Partidos contra vecino 1
Resultado 5
21579.7
Jugando Partidos contra vecino 2
Resultado 6
25508.5
Jugando Partidos contra vecino 3
Resultado 4
26366.2
Jugando Partidos contra vecino 4
Resultado 4
24396.2
Jugando Partidos contra vecino 5
Resultado 9
28868.4
Jugando Partidos contra vecino 6
Resultado 3
34647.3
Jugando Partidos contra vecino 7
Resultado 5
36612.8
Jugando Partidos contra vecino 8
Resultado 7
35152
Jugando Partidos contra vecino 9
Resultado 5
22605.7
Jugando Partidos contra vecino 10
Resultado 5
27975.2
Jugando Partidos contra vecino 11
Resultado 2
34948.9
Jugando Partidos contra vecino 12
Resultado 8
24352.5
Jugando Partidos contra vecino 13
Resultado 5
30934.4
Jugando Partidos contra vecino 14
Resultado 4
20687.1
Jugando Partidos contra vecino 15
Resultado 5
29604.9
Jugando Partidos contra vecino 16
Resultado 3
25661.9
Jugando Partidos contra vecino 17
Resultado 8
24373.9
Jugando Partidos contra vecino 18
Resultado 11
31398.7
Yo soy: 
-15 -38 -88 32 -29 15 95 -23 60 -15 51 -5 29 66 71 62 -38 -70 El mejor fue: 18
-55 -38 -88 32 -29 15 95 -23 60 -15 51 -5 29 66 71 62 -38 -70 Generación 134
arranca 
Jugando Partidos contra vecino 0
Resultado 9
38189.1
Jugando Partidos contra vecino 1
Resultado 15
45486.9
Yo soy: 
-55 -38 -88 32 -29 15 95 -23 60 -15 51 -5 29 66 71 62 -38 -70 El mejor fue: 1
-55 -38 -88 32 -29 15 95 -23 20 -15 51 -5 29 66 71 62 -38 -70 Generación 133
arranca 
Jugando Partidos contra vecino 0
Resultado 12
44025.8
Yo soy: 
-55 -38 -88 32 -29 15 95 -23 20 -15 51 -5 29 66 71 62 -38 -70 El mejor fue: 0
-55 -38 -88 32 -29 15 95 -23 20 -15 51 -5 -11 66 71 62 -38 -70 Generación 132
arranca 
Jugando Partidos contra vecino 0
Resultado 4
22233.5
Jugando Partidos contra vecino 1
Resultado 6
28104.3
Jugando Partidos contra vecino 2
Resultado 3
22403.7
Jugando Partidos contra vecino 3
Resultado 5
23969.4
Jugando Partidos contra vecino 4
Resultado 6
25246.9
Jugando Partidos contra vecino 5
Resultado 7
32732.5
Jugando Partidos contra vecino 6
Resultado 5
28386.7
Jugando Partidos contra vecino 7
Resultado 3
23195.2
Jugando Partidos contra vecino 8
Resultado 7
27057.6
Jugando Partidos contra vecino 9
Resultado 7
24040.9
Jugando Partidos contra vecino 10
Resultado 8
22423.2
Jugando Partidos contra vecino 11
Resultado 7
23467.3
Jugando Partidos contra vecino 12
Resultado 7
27719.5
Jugando Partidos contra vecino 13
Resultado 9
25058.6
Jugando Partidos contra vecino 14
Resultado 4
44704.1
Jugando Partidos contra vecino 15
Resultado 11
30649.9
Yo soy: 
-55 -38 -88 32 -29 15 95 -23 20 -15 51 -5 -11 66 71 62 -38 -70 El mejor fue: 15
-55 -38 -88 32 -29 15 95 -23 20 -15 51 -5 -11 66 71 62 -78 -70 Generación 131
arranca 
Jugando Partidos contra vecino 0
Resultado 1
20240.7
Jugando Partidos contra vecino 1
Resultado 2
22649.9
Jugando Partidos contra vecino 2
Resultado 3
19671
Jugando Partidos contra vecino 3
Resultado 3
23348.5
Jugando Partidos contra vecino 4
Resultado 4
23499
Jugando Partidos contra vecino 5
Resultado 7
23066
Jugando Partidos contra vecino 6
Resultado 1
20191.5
Jugando Partidos contra vecino 7
Resultado 3
20388.8
Jugando Partidos contra vecino 8
Resultado 2
22567.1
Jugando Partidos contra vecino 9
Resultado 2
21705.5
Jugando Partidos contra vecino 10
Resultado 8
24308
Jugando Partidos contra vecino 11
Resultado 3
23327.7
Jugando Partidos contra vecino 12
Resultado 3
23638.6
Jugando Partidos contra vecino 13
Resultado 2
22185.9
Jugando Partidos contra vecino 14
Resultado 3
22092
Jugando Partidos contra vecino 15
Resultado 2
19547.2
Jugando Partidos contra vecino 16
Resultado 8
31124.5
Jugando Partidos contra vecino 17
Resultado 1
19217.9
Jugando Partidos contra vecino 18
Resultado 3
20540.1
Jugando Partidos contra vecino 19
Resultado 2
22057.5
Jugando Partidos contra vecino 20
Resultado 5
42396.5
Jugando Partidos contra vecino 21
Resultado 4
22263.6
Jugando Partidos contra vecino 22
Resultado 0
18298.6
Jugando Partidos contra vecino 23
Resultado 3
25101.7
Jugando Partidos contra vecino 24
Resultado 3
22999.3
Jugando Partidos contra vecino 25
Resultado 2
22773.7
Jugando Partidos contra vecino 26
Resultado 4
26511
Jugando Partidos contra vecino 27
Resultado 3
30035
Jugando Partidos contra vecino 28
Resultado 5
24375
Jugando Partidos contra vecino 29
Resultado 7
29021.8
Jugando Partidos contra vecino 30
Resultado 1
21001
Jugando Partidos contra vecino 31
Resultado 1
20787
Jugando Partidos contra vecino 32
Resultado 4
21912.3
Jugando Partidos contra vecino 33
Resultado 6
22735.3
Jugando Partidos contra vecino 34
Resultado 4
22053.7
Jugando Partidos contra vecino 35
Resultado 3
22248.1
6.00981e+06
arranca 
Jugando Partidos contra vecino 0
Resultado 13
23667.8
Yo soy: 
35 90 99 38 56 15 91 35 50 17 44 31 44 49 92 79 10 94 El mejor fue: 0
35 50 99 38 56 15 91 35 50 17 44 31 44 49 92 79 10 94 Generación 199
arranca 
Jugando Partidos contra vecino 0
Resultado 5
18171
Jugando Partidos contra vecino 1
Resultado 10
27897.9
Yo soy: 
35 50 99 38 56 15 91 35 50 17 44 31 44 49 92 79 10 94 El mejor fue: 1
35 50 99 38 96 15 91 35 50 17 44 31 44 49 92 79 10 94 Generación 198
arranca 
Jugando Partidos contra vecino 0
Resultado 7
25833.3
Jugando Partidos contra vecino 1
Resultado 7
19016.9
Jugando Partidos contra vecino 2
Resultado 5
20841
Jugando Partidos contra vecino 3
Resultado 4
22900.1
Jugando Partidos contra vecino 4
Resultado 13
26708.3
Yo soy: 
35 50 99 38 96 15 91 35 50 17 44 31 44 49 92 79 10 94 El mejor fue: 4
35 50 99 38 96 15 91 35 50 -23 44 31 44 49 92 79 10 94 Generación 197
arranca 
Jugando Partidos contra vecino 0
Resultado 11
27372.5
Yo soy: 
35 50 99 38 96 15 91 35 50 -23 44 31 44 49 92 79 10 94 El mejor fue: 0
35 50 49 38 96 15 91 35 50 -23 44 31 44 49 92 79 10 94 Generación 196
arranca 
Jugando Partidos contra vecino 0
Resultado 13
45708
Yo soy: 
35 50 49 38 96 15 91 35 50 -23 44 31 44 49 92 79 10 94 El mejor fue: 0
35 50 9 38 96 15 91 35 50 -23 44 31 44 49 92 79 10 94 Generación 195
arranca 
Jugando Partidos contra vecino 0
Resultado 10
35551
Yo soy: 
35 50 9 38 96 15 91 35 50 -23 44 31 44 49 92 79 10 94 El mejor fue: 0
35 50 9 38 96 15 91 35 50 -23 44 31 44 49 52 79 10 94 Generación 194
arranca 
Jugando Partidos contra vecino 0
Resultado 5
36366.3
Jugando Partidos contra vecino 1
Resultado 10
38154.8
Yo soy: 
35 50 9 38 96 15 91 35 50 -23 44 31 44 49 52 79 10 94 El mejor fue: 1
35 50 9 38 96 15 91 75 50 -23 44 31 44 49 52 79 10 94 Generación 193
arranca 
Jugando Partidos contra vecino 0
Resultado 13
46551.8
Yo soy: 
35 50 9 38 96 15 91 75 50 -23 44 31 44 49 52 79 10 94 El mejor fue: 0
35 50 9 38 96 55 91 75 50 -23 44 31 44 49 52 79 10 94 Generación 192
arranca 
Jugando Partidos contra vecino 0
Resultado 7
25925.3
Jugando Partidos contra vecino 1
Resultado 11
37723.1
Yo soy: 
35 50 9 38 96 55 91 75 50 -23 44 31 44 49 52 79 10 94 El mejor fue: 1
35 10 9 38 96 55 91 75 50 -23 44 31 44 49 52 79 10 94 Generación 191
arranca 
Jugando Partidos contra vecino 0
Resultado 7
25674
Jugando Partidos contra vecino 1
Resultado 7
24286.1
Jugando Partidos contra vecino 2
Resultado 7
26615.3
Jugando Partidos contra vecino 3
Resultado 9
39136.6
Jugando Partidos contra vecino 4
Resultado 13
46098.2
Yo soy: 
35 10 9 38 96 55 91 75 50 -23 44 31 44 49 52 79 10 94 El mejor fue: 4
35 10 9 38 96 55 91 75 50 -23 44 31 44 49 52 79 50 94 Generación 190
arranca 
Jugando Partidos contra vecino 0
Resultado 11
35322.1
Yo soy: 
35 10 9 38 96 55 91 75 50 -23 44 31 44 49 52 79 50 94 El mejor fue: 0
35 10 9 38 96 55 91 75 50 -23 84 31 44 49 52 79 50 94 Generación 189
arranca 
Jugando Partidos contra vecino 0
Resultado 13
42117.5
Yo soy: 
35 10 9 38 96 55 91 75 50 -23 84 31 44 49 52 79 50 94 El mejor fue: 0
35 10 9 38 96 55 91 75 50 -23 34 31 44 49 52 79 50 94 Generación 188
arranca 
Jugando Partidos contra vecino 0
Resultado 5
56928.3
Jugando Partidos contra vecino 1
Resultado 11
39674.8
Yo soy: 
35 10 9 38 96 55 91 75 50 -23 34 31 44 49 52 79 50 94 El mejor fue: 1
35 10 9 38 96 55 91 75 50 -23 34 31 44 49 52 79 90 94 Generación 187
arranca 
Jugando Partidos contra vecino 0
Resultado 10
36951
Yo soy: 
35 10 9 38 96 55 91 75 50 -23 34 31 44 49 52 79 90 94 El mejor fue: 0
35 10 9 38 96 55 91 75 50 -63 34 31 44 49 52 79 90 94 Generación 186
arranca 
Jugando Partidos contra vecino 0
Resultado 7
24341.9
Jugando Partidos contra vecino 1
Resultado 11
37882.6
Yo soy: 
35 10 9 38 96 55 91 75 50 -63 34 31 44 49 52 79 90 94 El mejor fue: 1
35 10 9 38 96 55 91 75 50 -63 34 31 44 49 92 79 90 94 Generación 185
arranca 
Jugando Partidos contra vecino 0
Resultado 7
32008.7
Jugando Partidos contra vecino 1
Resultado 9
34037.3
Jugando Partidos contra vecino 2
Resultado 11
36259.6
Yo soy: 
35 10 9 38 96 55 91 75 50 -63 34 31 44 49 92 79 90 94 El mejor fue: 2
35 10 9 78 96 55 91 75 50 -63 34 31 44 49 92 79 90 94 Generación 184
arranca 
Jugando Partidos contra vecino 0
Resultado 5
24953.7
Jugando Partidos contra vecino 1
Resultado 6
25907.3
Jugando Partidos contra vecino 2
Resultado 7
30734.2
Jugando Partidos contra vecino 3
Resultado 13
46464.3
Yo soy: 
35 10 9 78 96 55 91 75 50 -63 34 31 44 49 92 79 90 94 El mejor fue: 3
35 10 9 38 96 55 91 75 50 -63 34 31 44 49 92 79 90 94 Generación 183
arranca 
Jugando Partidos contra vecino 0
Resultado 5
25993.2
Jugando Partidos contra vecino 1
Resultado 5
25789
Jugando Partidos contra vecino 2
Resultado 1
21660.1
Jugando Partidos contra vecino 3
Resultado 4
19812.8
Jugando Partidos contra vecino 4
Resultado 10
31405.8
Yo soy: 
35 10 9 38 96 55 91 75 50 -63 34 31 44 49 92 79 90 94 El mejor fue: 4
35 50 9 38 96 55 91 75 50 -63 34 31 44 49 92 79 90 94 Generación 182
arranca 
Jugando Partidos contra vecino 0
Resultado 3
21950.4
Jugando Partidos contra vecino 1
Resultado 7
24630.4
Jugando Partidos contra vecino 2
Resultado 8
34939.2
Jugando Partidos contra vecino 3
Resultado 4
17417
Jugando Partidos contra vecino 4
Resultado 10
36818.4
Yo soy: 
35 50 9 38 96 55 91 75 50 -63 34 31 44 49 92 79 90 94 El mejor fue: 4
35 50 9 38 96 55 91 75 50 -63 34 31 44 49 92 79 90 54 Generación 181
arranca 
Jugando Partidos contra vecino 0
Resultado 9
36209.5
Jugando Partidos contra vecino 1
Resultado 10
35056.9
Yo soy: 
35 50 9 38 96 55 91 75 50 -63 34 31 44 49 92 79 90 54 El mejor fue: 1
35 50 9 38 96 55 41 75 50 -63 34 31 44 49 92 79 90 54 Generación 180
arranca 
Jugando Partidos contra vecino 0
Resultado 6
16837.3
Jugando Partidos contra vecino 1
Resultado 6
27599.8
Jugando Partidos contra vecino 2
Resultado 11
31089.3
Yo soy: 
35 50 9 38 96 55 41 75 50 -63 34 31 44 49 92 79 90 54 El mejor fue: 2
35 50 9 38 96 55 41 75 50 -63 34 31 44 49 92 79 50 54 Generación 179
arranca 
Jugando Partidos contra vecino 0
Resultado 8
25578.1
Jugando Partidos contra vecino 1
Resultado 15
45150
Yo soy: 
35 50 9 38 96 55 41 75 50 -63 34 31 44 49 92 79 50 54 El mejor fue: 1
35 50 9 38 96 55 41 75 50 -13 34 31 44 49 92 79 50 54 Generación 178
arranca 
Jugando Partidos contra vecino 0
Resultado 15
38136.3
Yo soy: 
35 50 9 38 96 55 41 75 50 -13 34 31 44 49 92 79 50 54 El mejor fue: 0
35 50 9 78 96 55 41 75 50 -13 34 31 44 49 92 79 50 54 Generación 177
arranca 
Jugando Partidos contra vecino 0
Resultado 5
45067.5
Jugando Partidos contra vecino 1
Resultado 4
24066.3
Jugando Partidos contra vecino 2
Resultado 4
26010.8
Jugando Partidos contra vecino 3
Resultado 13
48224.3
Yo soy: 
35 50 9 78 96 55 41 75 50 -13 34 31 44 49 92 79 50 54 El mejor fue: 3
35 50 9 78 96 55 41 75 50 -13 34 31 84 49 92 79 50 54 Generación 176
arranca 
Jugando Partidos contra vecino 0
Resultado 9
30968.4
Jugando Partidos contra vecino 1
Resultado 15
47553.4
Yo soy: 
35 50 9 78 96 55 41 75 50 -13 34 31 84 49 92 79 50 54 El mejor fue: 1
35 50 9 78 96 55 41 75 50 -13 34 31 84 49 92 79 10 54 Generación 175
arranca 
Jugando Partidos contra vecino 0
Resultado 9
23812.6
Jugando Partidos contra vecino 1
Resultado 13
42044.1
Yo soy: 
35 50 9 78 96 55 41 75 50 -13 34 31 84 49 92 79 10 54 El mejor fue: 1
35 50 9 28 96 55 41 75 50 -13 34 31 84 49 92 79 10 54 Generación 174
arranca 
Jugando Partidos contra vecino 0
Resultado 15
44069.4
Yo soy: 
35 50 9 28 96 55 41 75 50 -13 34 31 84 49 92 79 10 54 El mejor fue: 0
75 50 9 28 96 55 41 75 50 -13 34 31 84 49 92 79 10 54 Generación 173
arranca 
Jugando Partidos contra vecino 0
Resultado 9
27435.3
Jugando Partidos contra vecino 1
Resultado 5
22349.1
Jugando Partidos contra vecino 2
Resultado 13
33744.4
Yo soy: 
75 50 9 28 96 55 41 75 50 -13 34 31 84 49 92 79 10 54 El mejor fue: 2
75 50 9 28 96 55 41 35 50 -13 34 31 84 49 92 79 10 54 Generación 172
arranca 
Jugando Partidos contra vecino 0
Resultado 5
47591.6
Jugando Partidos contra vecino 1
Resultado 11
49181.5
Yo soy: 
75 50 9 28 96 55 41 35 50 -13 34 31 84 49 92 79 10 54 El mejor fue: 1
75 50 9 28 96 55 41 35 50 -13 34 31 84 9 92 79 10 54 Generación 171
arranca 
Jugando Partidos contra vecino 0
Resultado 11
54347.5
Yo soy: 
75 50 9 28 96 55 41 35 50 -13 34 31 84 9 92 79 10 54 El mejor fue: 0
75 50 9 28 96 15 41 35 50 -13 34 31 84 9 92 79 10 54 Generación 170
arranca 
Jugando Partidos contra vecino 0
Resultado 9
48658
Jugando Partidos contra vecino 1
Resultado 9
44960
Jugando Partidos contra vecino 2
Resultado 5
49394.8
Jugando Partidos contra vecino 3
Resultado 11
43511.6
Yo soy: 
75 50 9 28 96 15 41 35 50 -13 34 31 84 9 92 79 10 54 El mejor fue: 3
75 10 9 28 96 15 41 35 50 -13 34 31 84 9 92 79 10 54 Generación 169
arranca 
Jugando Partidos contra vecino 0
Resultado 9
58186.2
Jugando Partidos contra vecino 1
Resultado 9
53201.5
Jugando Partidos contra vecino 2
Resultado 5
53404.9
Jugando Partidos contra vecino 3
Resultado 4
18279.7
Jugando Partidos contra vecino 4
Resultado 11
44439.4
Yo soy: 
75 10 9 28 96 15 41 35 50 -13 34 31 84 9 92 79 10 54 El mejor fue: 4
25 10 9 28 96 15 41 35 50 -13 34 31 84 9 92 79 10 54 Generación 168
arranca 
Jugando Partidos contra vecino 0
Resultado 13
35803.1
Yo soy: 
25 10 9 28 96 15 41 35 50 -13 34 31 84 9 92 79 10 54 El mejor fue: 0
25 10 9 28 96 15 41 35 50 27 34 31 84 9 92 79 10 54 Generación 167
arranca 
Jugando Partidos contra vecino 0
Resultado 7
35739.1
Jugando Partidos contra vecino 1
Resultado 9
33044.1
Jugando Partidos contra vecino 2
Resultado 7
30301.5
Jugando Partidos contra vecino 3
Resultado 13
31228.3
Yo soy: 
25 10 9 28 96 15 41 35 50 27 34 31 84 9 92 79 10 54 El mejor fue: 3
25 10 9 28 96 15 41 35 10 27 34 31 84 9 92 79 10 54 Generación 166
arranca 
Jugando Partidos contra vecino 0
Resultado 13
39731
Yo soy: 
25 10 9 28 96 15 41 35 10 27 34 31 84 9 92 79 10 54 El mejor fue: 0
25 10 9 28 96 15 41 35 10 27 34 71 84 9 92 79 10 54 Generación 165
arranca 
Jugando Partidos contra vecino 0
Resultado 15
53613.8
Yo soy: 
25 10 9 28 96 15 41 35 10 27 34 71 84 9 92 79 10 54 El mejor fue: 0
25 10 9 28 96 15 41 35 10 27 -6 71 84 9 92 79 10 54 Generación 164
arranca 
Jugando Partidos contra vecino 0
Resultado 11
36514.4
Yo soy: 
25 10 9 28 96 15 41 35 10 27 -6 71 84 9 92 79 10 54 El mejor fue: 0
25 50 9 28 96 15 41 35 10 27 -6 71 84 9 92 79 10 54 Generación 163
arranca 
Jugando Partidos contra vecino 0
Resultado 7
30280.1
Jugando Partidos contra vecino 1
Resultado 11
40482.7
Yo soy: 
25 50 9 28 96 15 41 35 10 27 -6 71 84 9 92 79 10 54 El mejor fue: 1
25 50 9 28 96 15 41 35 10 27 -6 71 84 9 92 79 50 54 Generación 162
arranca 
Jugando Partidos contra vecino 0
Resultado 9
28763.5
Jugando Partidos contra vecino 1
Resultado 11
37993.1
Yo soy: 
25 50 9 28 96 15 41 35 10 27 -6 71 84 9 92 79 50 54 El mejor fue: 1
25 50 9 -12 96 15 41 35 10 27 -6 71 84 9 92 79 50 54 Generación 161
arranca 
Jugando Partidos contra vecino 0
Resultado 9
30142.5
Jugando Partidos contra vecino 1
Resultado 15
38830.2
Yo soy: 
25 50 9 -12 96 15 41 35 10 27 -6 71 84 9 92 79 50 54 El mejor fue: 1
25 50 9 -12 96 15 41 35 10 27 -6 71 84 9 42 79 50 54 Generación 160
arranca 
Jugando Partidos contra vecino 0
Resultado 9
29284.5
Jugando Partidos contra vecino 1
Resultado 11
33210.2
Yo soy: 
25 50 9 -12 96 15 41 35 10 27 -6 71 84 9 42 79 50 54 El mejor fue: 1
25 50 9 -12 96 55 41 35 10 27 -6 71 84 9 42 79 50 54 Generación 159
arranca 
Jugando Partidos contra vecino 0
Resultado 13
36179.3
Yo soy: 
25 50 9 -12 96 55 41 35 10 27 -6 71 84 9 42 79 50 54 El mejor fue: 0
25 10 9 -12 96 55 41 35 10 27 -6 71 84 9 42 79 50 54 Generación 158
arranca 
Jugando Partidos contra vecino 0
Resultado 3
44215.3
Jugando Partidos contra vecino 1
Resultado 11
30984.4
Yo soy: 
25 10 9 -12 96 55 41 35 10 27 -6 71 84 9 42 79 50 54 El mejor fue: 1
25 10 -31 -12 96 55 41 35 10 27 -6 71 84 9 42 79 50 54 Generación 157
arranca 
Jugando Partidos contra vecino 0
Resultado 9
27608.7
Jugando Partidos contra vecino 1
Resultado 11
33941.7
Yo soy: 
25 10 -31 -12 96 55 41 35 10 27 -6 71 84 9 42 79 50 54 El mejor fue: 1
25 10 -31 -12 96 95 41 35 10 27 -6 71 84 9 42 79 50 54 Generación 156
arranca 
Jugando Partidos contra vecino 0
Resultado 13
34812.6
Yo soy: 
25 10 -31 -12 96 95 41 35 10 27 -6 71 84 9 42 79 50 54 El mejor fue: 0
25 10 -31 -12 96 95 41 35 10 27 -6 71 84 9 42 79 90 54 Generación 155
arranca 
Jugando Partidos contra vecino 0
Resultado 15
40896.3
Yo soy: 
25 10 -31 -12 96 95 41 35 10 27 -6 71 84 9 42 79 90 54 El mejor fue: 0
-15 10 -31 -12 96 95 41 35 10 27 -6 71 84 9 42 79 90 54 Generación 154
arranca 
Jugando Partidos contra vecino 0
Resultado 15
42350.4
Yo soy: 
-15 10 -31 -12 96 95 41 35 10 27 -6 71 84 9 42 79 90 54 El mejor fue: 0
-15 10 -31 -12 46 95 41 35 10 27 -6 71 84 9 42 79 90 54 Generación 153
arranca 
Jugando Partidos contra vecino 0
Resultado 15
40916.5
Yo soy: 
-15 10 -31 -12 46 95 41 35 10 27 -6 71 84 9 42 79 90 54 El mejor fue: 0
-15 -30 -31 -12 46 95 41 35 10 27 -6 71 84 9 42 79 90 54 Generación 152
arranca 
Jugando Partidos contra vecino 0
Resultado 11
40708.4
Yo soy: 
-15 -30 -31 -12 46 95 41 35 10 27 -6 71 84 9 42 79 90 54 El mejor fue: 0
-15 -30 -31 -12 46 95 41 35 10 -13 -6 71 84 9 42 79 90 54 Generación 151
arranca 
Jugando Partidos contra vecino 0
Resultado 9
42633.4
Jugando Partidos contra vecino 1
Resultado 11
42563
Yo soy: 
-15 -30 -31 -12 46 95 41 35 10 -13 -6 71 84 9 42 79 90 54 El mejor fue: 1
-15 -30 -31 -12 46 95 41 35 10 -13 -6 71 84 9 2 79 90 54 Generación 150
arranca 
Jugando Partidos contra vecino 0
Resultado 11
43173.3
Yo soy: 
-15 -30 -31 -12 46 95 41 35 10 -13 -6 71 84 9 2 79 90 54 El mejor fue: 0
-15 -30 -31 -12 46 95 41 35 10 -13 -6 31 84 9 2 79 90 54 Generación 149
arranca 
Jugando Partidos contra vecino 0
Resultado 4
34304.4
Jugando Partidos contra vecino 1
Resultado 1
19726.1
Jugando Partidos contra vecino 2
Resultado 5
32227.1
Jugando Partidos contra vecino 3
Resultado 12
37808.8
Yo soy: 
-15 -30 -31 -12 46 95 41 35 10 -13 -6 31 84 9 2 79 90 54 El mejor fue: 3
-15 -30 -31 -12 46 95 41 35 10 -13 -6 31 84 9 -38 79 90 54 Generación 148
arranca 
Jugando Partidos contra vecino 0
Resultado 15
44580.5
Yo soy: 
-15 -30 -31 -12 46 95 41 35 10 -13 -6 31 84 9 -38 79 90 54 El mejor fue: 0
-15 -30 -31 -52 46 95 41 35 10 -13 -6 31 84 9 -38 79 90 54 Generación 147
arranca 
Jugando Partidos contra vecino 0
Resultado 15
50116.4
Yo soy: 
-15 -30 -31 -52 46 95 41 35 10 -13 -6 31 84 9 -38 79 90 54 El mejor fue: 0
-15 -30 -31 -52 46 95 41 35 10 -13 -46 31 84 9 -38 79 90 54 Generación 146
arranca 
Jugando Partidos contra vecino 0
Resultado 6
27837.1
Jugando Partidos contra vecino 1
Resultado 10
35438.3
Yo soy: 
-15 -30 -31 -52 46 95 41 35 10 -13 -46 31 84 9 -38 79 90 54 El mejor fue: 1
-15 -30 -31 -52 46 95 41 35 10 -13 -46 31 34 9 -38 79 90 54 Generación 145
arranca 
Jugando Partidos contra vecino 0
Resultado 9
37026.1
Jugando Partidos contra vecino 1
Resultado 1
24151.2
Jugando Partidos contra vecino 2
Resultado 7
31540.1
Jugando Partidos contra vecino 3
Resultado 15
48715.1
Yo soy: 
-15 -30 -31 -52 46 95 41 35 10 -13 -46 31 34 9 -38 79 90 54 El mejor fue: 3
-55 -30 -31 -52 46 95 41 35 10 -13 -46 31 34 9 -38 79 90 54 Generación 144
arranca 
Jugando Partidos contra vecino 0
Resultado 10
38607.8
Yo soy: 
-55 -30 -31 -52 46 95 41 35 10 -13 -46 31 34 9 -38 79 90 54 El mejor fue: 0
-55 -30 -31 -52 46 95 41 35 10 -13 -46 31 -6 9 -38 79 90 54 Generación 143
arranca 
Jugando Partidos contra vecino 0
Resultado 6
34485.3
Jugando Partidos contra vecino 1
Resultado 1
21164
Jugando Partidos contra vecino 2
Resultado 12
45506.9
Yo soy: 
-55 -30 -31 -52 46 95 41 35 10 -13 -46 31 -6 9 -38 79 90 54 El mejor fue: 2
-55 -30 -31 -52 46 95 41 35 50 -13 -46 31 -6 9 -38 79 90 54 Generación 142
arranca 
Jugando Partidos contra vecino 0
Resultado 5
33186
Jugando Partidos contra vecino 1
Resultado 13
46324.5
Yo soy: 
-55 -30 -31 -52 46 95 41 35 50 -13 -46 31 -6 9 -38 79 90 54 El mejor fue: 1
-55 -30 -31 -52 46 95 41 35 50 -13 -46 31 34 9 -38 79 90 54 Generación 141
arranca 
Jugando Partidos contra vecino 0
Resultado 11
43782.1
Yo soy: 
-55 -30 -31 -52 46 95 41 35 50 -13 -46 31 34 9 -38 79 90 54 El mejor fue: 0
-55 -30 -31 -52 46 95 41 35 50 27 -46 31 34 9 -38 79 90 54 Generación 140
arranca 
Jugando Partidos contra vecino 0
Resultado 15
43629.1
Yo soy: 
-55 -30 -31 -52 46 95 41 35 50 27 -46 31 34 9 -38 79 90 54 El mejor fue: 0
-55 -30 -31 -52 46 95 41 35 50 27 -86 31 34 9 -38 79 90 54 Generación 139
arranca 
Jugando Partidos contra vecino 0
Resultado 13
42854.6
Yo soy: 
-55 -30 -31 -52 46 95 41 35 50 27 -86 31 34 9 -38 79 90 54 El mejor fue: 0
-55 -30 -31 -52 46 95 41 35 50 27 -36 31 34 9 -38 79 90 54 Generación 138
arranca 
Jugando Partidos contra vecino 0
Resultado 13
44785
Yo soy: 
-55 -30 -31 -52 46 95 41 35 50 27 -36 31 34 9 -38 79 90 54 El mejor fue: 0
-55 -30 -31 -52 46 95 41 35 50 27 -36 31 34 9 -38 79 50 54 Generación 137
arranca 
Jugando Partidos contra vecino 0
Resultado 13
41963.3
Yo soy: 
-55 -30 -31 -52 46 95 41 35 50 27 -36 31 34 9 -38 79 50 54 El mejor fue: 0
-55 -30 -31 -52 46 95 81 35 50 27 -36 31 34 9 -38 79 50 54 Generación 136
arranca 
Jugando Partidos contra vecino 0
Resultado 13
43195
Yo soy: 
-55 -30 -31 -52 46 95 81 35 50 27 -36 31 34 9 -38 79 50 54 El mejor fue: 0
-55 -30 -31 -52 46 95 81 35 50 27 -36 31 -6 9 -38 79 50 54 Generación 135
arranca 
Jugando Partidos contra vecino 0
Resultado 13
28680.3
Yo soy: 
-55 -30 -31 -52 46 95 81 35 50 27 -36 31 -6 9 -38 79 50 54 El mejor fue: 0
-55 -30 9 -52 46 95 81 35 50 27 -36 31 -6 9 -38 79 50 54 Generación 134
arranca 
Jugando Partidos contra vecino 0
Resultado 15
38377.5
Yo soy: 
-55 -30 9 -52 46 95 81 35 50 27 -36 31 -6 9 -38 79 50 54 El mejor fue: 0
-55 -30 9 -52 46 45 81 35 50 27 -36 31 -6 9 -38 79 50 54 Generación 133
arranca 
Jugando Partidos contra vecino 0
Resultado 15
29505
Yo soy: 
-55 -30 9 -52 46 45 81 35 50 27 -36 31 -6 9 -38 79 50 54 El mejor fue: 0
-55 -30 9 -52 46 5 81 35 50 27 -36 31 -6 9 -38 79 50 54 Generación 132
arranca 
Jugando Partidos contra vecino 0
Resultado 15
37734.1
Yo soy: 
-55 -30 9 -52 46 5 81 35 50 27 -36 31 -6 9 -38 79 50 54 El mejor fue: 0
-55 -30 9 -52 46 5 81 35 50 27 -36 31 -6 9 -38 79 50 94 Generación 131
arranca 
Jugando Partidos contra vecino 0
Resultado 10
30355.6
Yo soy: 
-55 -30 9 -52 46 5 81 35 50 27 -36 31 -6 9 -38 79 50 94 El mejor fue: 0
-55 -30 9 -52 46 -35 81 35 50 27 -36 31 -6 9 -38 79 50 94 Generación 130
arranca 
Jugando Partidos contra vecino 0
Resultado 11
27303.9
Yo soy: 
-55 -30 9 -52 46 -35 81 35 50 27 -36 31 -6 9 -38 79 50 94 El mejor fue: 0
-55 -30 9 -52 6 -35 81 35 50 27 -36 31 -6 9 -38 79 50 94 Generación 129
arranca 
Jugando Partidos contra vecino 0
Resultado 11
29463.4
Yo soy: 
-55 -30 9 -52 6 -35 81 35 50 27 -36 31 -6 9 -38 79 50 94 El mejor fue: 0
-55 -30 9 -52 6 -35 81 35 50 27 -36 31 -6 9 -38 79 10 94 Generación 128
arranca 
Jugando Partidos contra vecino 0
Resultado 13
32425.4
Yo soy: 
-55 -30 9 -52 6 -35 81 35 50 27 -36 31 -6 9 -38 79 10 94 El mejor fue: 0
-55 -30 9 -52 6 -35 81 35 50 27 -36 31 -6 -31 -38 79 10 94 Generación 127
arranca 
Jugando Partidos contra vecino 0
Resultado 5
30016.1
Jugando Partidos contra vecino 1
Resultado 15
18046.8
Yo soy: 
-55 -30 9 -52 6 -35 81 35 50 27 -36 31 -6 -31 -38 79 10 94 El mejor fue: 1
-55 -30 9 -92 6 -35 81 35 50 27 -36 31 -6 -31 -38 79 10 94 Generación 126
arranca 
Jugando Partidos contra vecino 0
Resultado 13
31761.6
Yo soy: 
-55 -30 9 -92 6 -35 81 35 50 27 -36 31 -6 -31 -38 79 10 94 El mejor fue: 0
-55 -30 9 -92 6 -35 81 35 90 27 -36 31 -6 -31 -38 79 10 94 Generación 125
arranca 
Jugando Partidos contra vecino 0
Resultado 15
36121.7
Yo soy: 
-55 -30 9 -92 6 -35 81 35 90 27 -36 31 -6 -31 -38 79 10 94 El mejor fue: 0
-55 -30 9 -92 6 -35 81 35 90 27 -76 31 -6 -31 -38 79 10 94 Generación 124
arranca 
Jugando Partidos contra vecino 0
Resultado 15
24750.3
Yo soy: 
-55 -30 9 -92 6 -35 81 35 90 27 -76 31 -6 -31 -38 79 10 94 El mejor fue: 0
-55 -30 9 -92 6 -35 81 35 90 27 -76 31 -6 -31 -38 79 10 54 Generación 123
arranca 
Jugando Partidos contra vecino 0
Resultado 15
39756.5
Yo soy: 
-55 -30 9 -92 6 -35 81 35 90 27 -76 31 -6 -31 -38 79 10 54 El mejor fue: 0
-55 -30 9 -92 6 -35 81 35 90 27 -76 31 34 -31 -38 79 10 54 Generación 122
arranca 
Jugando Partidos contra vecino 0
Resultado 15
39342
Yo soy: 
-55 -30 9 -92 6 -35 81 35 90 27 -76 31 34 -31 -38 79 10 54 El mejor fue: 0
-55 -30 9 -92 6 -35 81 35 90 27 -76 31 74 -31 -38 79 10 54 Generación 121
arranca 
Jugando Partidos contra vecino 0
Resultado 15
40088.3
Yo soy: 
-55 -30 9 -92 6 -35 81 35 90 27 -76 31 74 -31 -38 79 10 54 El mejor fue: 0
-55 -30 9 -92 6 -35 81 35 90 27 -76 31 74 -31 -38 79 50 54 Generación 120
arranca 
Jugando Partidos contra vecino 0
Resultado 15
38768.7
Yo soy: 
-55 -30 9 -92 6 -35 81 35 90 27 -76 31 74 -31 -38 79 50 54 El mejor fue: 0
-55 -30 49 -92 6 -35 81 35 90 27 -76 31 74 -31 -38 79 50 54 Generación 119
arranca 
Jugando Partidos contra vecino 0
Resultado 15
33952.5
Yo soy: 
-55 -30 49 -92 6 -35 81 35 90 27 -76 31 74 -31 -38 79 50 54 El mejor fue: 0
-55 -30 49 -92 6 -35 81 -5 90 27 -76 31 74 -31 -38 79 50 54 Generación 118
arranca 
Jugando Partidos contra vecino 0
Resultado 15
35320.9
Yo soy: 
-55 -30 49 -92 6 -35 81 -5 90 27 -76 31 74 -31 -38 79 50 54 El mejor fue: 0
-55 -30 49 -92 6 -35 81 -5 90 27 -76 31 74 -31 -38 79 50 14 Generación 117
arranca 
Jugando Partidos contra vecino 0
Resultado 5
33699
Jugando Partidos contra vecino 1
Resultado 5
34129.1
Jugando Partidos contra vecino 2
Resultado 15
32774.8
Yo soy: 
-55 -30 49 -92 6 -35 81 -5 90 27 -76 31 74 -31 -38 79 50 14 El mejor fue: 2
-55 -30 49 -92 6 -35 81 -5 90 67 -76 31 74 -31 -38 79 50 14 Generación 116
arranca 
Jugando Partidos contra vecino 0
Resultado 15
30864.5
Yo soy: 
-55 -30 49 -92 6 -35 81 -5 90 67 -76 31 74 -31 -38 79 50 14 El mejor fue: 0
-55 -30 49 -92 6 -35 81 -5 40 67 -76 31 74 -31 -38 79 50 14 Generación 115
arranca 
Jugando Partidos contra vecino 0
Resultado 15
32592.8
Yo soy: 
-55 -30 49 -92 6 -35 81 -5 40 67 -76 31 74 -31 -38 79 50 14 El mejor fue: 0
-55 -30 49 -92 6 -35 81 -45 40 67 -76 31 74 -31 -38 79 50 14 Generación 114
arranca 
Jugando Partidos contra vecino 0
Resultado 11
30979.8
Yo soy: 
-55 -30 49 -92 6 -35 81 -45 40 67 -76 31 74 -31 -38 79 50 14 El mejor fue: 0
-55 -30 49 -92 6 -35 81 -45 40 67 -76 31 74 9 -38 79 50 14 Generación 113
arranca 
Jugando Partidos contra vecino 0
Resultado 7
33308.8
Jugando Partidos contra vecino 1
Resultado 13
29906.7
Yo soy: 
-55 -30 49 -92 6 -35 81 -45 40 67 -76 31 74 9 -38 79 50 14 El mejor fue: 1
-55 -30 49 -92 6 -35 81 -45 40 27 -76 31 74 9 -38 79 50 14 Generación 112
arranca 
Jugando Partidos contra vecino 0
Resultado 15
33434.7
Yo soy: 
-55 -30 49 -92 6 -35 81 -45 40 27 -76 31 74 9 -38 79 50 14 El mejor fue: 0
-55 -30 49 -92 6 -35 81 -45 0 27 -76 31 74 9 -38 79 50 14 Generación 111
arranca 
Jugando Partidos contra vecino 0
Resultado 15
33111.4
Yo soy: 
-55 -30 49 -92 6 -35 81 -45 0 27 -76 31 74 9 -38 79 50 14 El mejor fue: 0
-55 -30 49 -92 6 -75 81 -45 0 27 -76 31 74 9 -38 79 50 14 Generación 110
arranca 
Jugando Partidos contra vecino 0
Resultado 15
34605.8
Yo soy: 
-55 -30 49 -92 6 -75 81 -45 0 27 -76 31 74 9 -38 79 50 14 El mejor fue: 0
-55 -30 49 -92 6 -75 41 -45 0 27 -76 31 74 9 -38 79 50 14 Generación 109
arranca 
Jugando Partidos contra vecino 0
Resultado 13
31243.7
Yo soy: 
-55 -30 49 -92 6 -75 41 -45 0 27 -76 31 74 9 -38 79 50 14 El mejor fue: 0
-55 -30 49 -92 6 -75 1 -45 0 27 -76 31 74 9 -38 79 50 14 Generación 108
arranca 
Jugando Partidos contra vecino 0
Resultado 7
24193.2
Jugando Partidos contra vecino 1
Resultado 9
27328.2
Jugando Partidos contra vecino 2
Resultado 9
22103.2
Jugando Partidos contra vecino 3
Resultado 7
37255.1
Jugando Partidos contra vecino 4
Resultado 9
32790.6
Jugando Partidos contra vecino 5
Resultado 11
30795.9
Yo soy: 
-55 -30 49 -92 6 -75 1 -45 0 27 -76 31 74 9 -38 79 50 14 El mejor fue: 5
-55 -30 49 -92 6 -75 1 -45 0 67 -76 31 74 9 -38 79 50 14 Generación 107
arranca 
Jugando Partidos contra vecino 0
Resultado 7
26520.3
Jugando Partidos contra vecino 1
Resultado 11
30780.3
Yo soy: 
-55 -30 49 -92 6 -75 1 -45 0 67 -76 31 74 9 -38 79 50 14 El mejor fue: 1
-55 -30 49 -92 6 -75 1 -45 0 67 -76 71 74 9 -38 79 50 14 Generación 106
arranca 
Jugando Partidos contra vecino 0
Resultado 2
30597.5
Jugando Partidos contra vecino 1
Resultado 11
45705.3
Yo soy: 
-55 -30 49 -92 6 -75 1 -45 0 67 -76 71 74 9 -38 79 50 14 El mejor fue: 1
-55 -30 49 -92 6 -75 1 -45 0 67 -76 71 74 9 -38 79 50 54 Generación 105
arranca 
Jugando Partidos contra vecino 0
Resultado 7
32145.5
Jugando Partidos contra vecino 1
Resultado 15
42144.1
Yo soy: 
-55 -30 49 -92 6 -75 1 -45 0 67 -76 71 74 9 -38 79 50 54 El mejor fue: 1
-55 -30 49 -92 6 -75 1 -45 0 67 -76 71 74 -31 -38 79 50 54 Generación 104
arranca 
Jugando Partidos contra vecino 0
Resultado 0
14239.9
Jugando Partidos contra vecino 1
Resultado 15
26742.2
Yo soy: 
-55 -30 49 -92 6 -75 1 -45 0 67 -76 71 74 -31 -38 79 50 54 El mejor fue: 1
-55 -30 49 -92 6 -75 1 -45 40 67 -76 71 74 -31 -38 79 50 54 Generación 103
arranca 
Jugando Partidos contra vecino 0
Resultado 15
30104.1
Yo soy: 
-55 -30 49 -92 6 -75 1 -45 40 67 -76 71 74 -31 -38 79 50 54 El mejor fue: 0
-55 -30 49 -92 6 -75 1 -45 40 67 -76 71 74 -31 -78 79 50 54 Generación 102
arranca 
Jugando Partidos contra vecino 0
Resultado 15
26279.5
Yo soy: 
-55 -30 49 -92 6 -75 1 -45 40 67 -76 71 74 -31 -78 79 50 54 El mejor fue: 0
-55 -30 49 -92 6 -75 1 -45 40 67 -36 71 74 -31 -78 79 50 54 Generación 101
arranca 
Jugando Partidos contra vecino 0
Resultado 15
39059.6
Yo soy: 
-55 -30 49 -92 6 -75 1 -45 40 67 -36 71 74 -31 -78 79 50 54 El mejor fue: 0
-55 -30 49 -92 6 -75 41 -45 40 67 -36 71 74 -31 -78 79 50 54 Generación 100
arranca 
Jugando Partidos contra vecino 0
Resultado 15
39216.7
Yo soy: 
-55 -30 49 -92 6 -75 41 -45 40 67 -36 71 74 -31 -78 79 50 54 El mejor fue: 0
-55 -30 49 -92 6 -75 41 -85 40 67 -36 71 74 -31 -78 79 50 54 Generación 99
arranca 
Jugando Partidos contra vecino 0
Resultado 15
39218.6
Yo soy: 
-55 -30 49 -92 6 -75 41 -85 40 67 -36 71 74 -31 -78 79 50 54 El mejor fue: 0
-55 10 49 -92 6 -75 41 -85 40 67 -36 71 74 -31 -78 79 50 54 Generación 98
arranca 
Jugando Partidos contra vecino 0
Resultado 15
37642.1
Yo soy: 
-55 10 49 -92 6 -75 41 -85 40 67 -36 71 74 -31 -78 79 50 54 El mejor fue: 0
-55 10 49 -92 6 -75 41 -85 40 67 -36 71 74 -31 -28 79 50 54 Generación 97
arranca 
Jugando Partidos contra vecino 0
Resultado 15
39710.9
Yo soy: 
-55 10 49 -92 6 -75 41 -85 40 67 -36 71 74 -31 -28 79 50 54 El mejor fue: 0
-55 10 49 -92 6 -75 41 -85 40 67 -36 71 74 -31 -28 79 50 14 Generación 96
arranca 
Jugando Partidos contra vecino 0
Resultado 15
36083.4
Yo soy: 
-55 10 49 -92 6 -75 41 -85 40 67 -36 71 74 -31 -28 79 50 14 El mejor fue: 0
-55 10 49 -92 6 -75 41 -85 40 67 -36 71 74 -71 -28 79 50 14 Generación 95
arranca 
Jugando Partidos contra vecino 0
Resultado 15
38192.2
Yo soy: 
-55 10 49 -92 6 -75 41 -85 40 67 -36 71 74 -71 -28 79 50 14 El mejor fue: 0
-55 10 49 -92 6 -75 41 -85 40 67 -36 71 24 -71 -28 79 50 14 Generación 94
arranca 
Jugando Partidos contra vecino 0
Resultado 15
40451.6
Yo soy: 
-55 10 49 -92 6 -75 41 -85 40 67 -36 71 24 -71 -28 79 50 14 El mejor fue: 0
-55 10 49 -52 6 -75 41 -85 40 67 -36 71 24 -71 -28 79 50 14 Generación 93
arranca 
Jugando Partidos contra vecino 0
Resultado 15
37685.5
Yo soy: 
-55 10 49 -52 6 -75 41 -85 40 67 -36 71 24 -71 -28 79 50 14 El mejor fue: 0
-55 10 49 -52 -34 -75 41 -85 40 67 -36 71 24 -71 -28 79 50 14 Generación 92
arranca 
Jugando Partidos contra vecino 0
Resultado 15
40545.6
Yo soy: 
-55 10 49 -52 -34 -75 41 -85 40 67 -36 71 24 -71 -28 79 50 14 El mejor fue: 0
-55 10 49 -52 -34 -75 41 -85 40 67 -36 71 24 -71 -28 79 50 54 Generación 91
arranca 
Jugando Partidos contra vecino 0
Resultado 2
25367.5
Jugando Partidos contra vecino 1
Resultado 15
38432.9
Yo soy: 
-55 10 49 -52 -34 -75 41 -85 40 67 -36 71 24 -71 -28 79 50 54 El mejor fue: 1
-55 10 49 -52 -34 -75 1 -85 40 67 -36 71 24 -71 -28 79 50 54 Generación 90
arranca 
Jugando Partidos contra vecino 0
Resultado 15
25951.5
Yo soy: 
-55 10 49 -52 -34 -75 1 -85 40 67 -36 71 24 -71 -28 79 50 54 El mejor fue: 0
-15 10 49 -52 -34 -75 1 -85 40 67 -36 71 24 -71 -28 79 50 54 Generación 89
arranca 
Jugando Partidos contra vecino 0
Resultado 0
14784.8
Jugando Partidos contra vecino 1
Resultado 15
23256
Yo soy: 
-15 10 49 -52 -34 -75 1 -85 40 67 -36 71 24 -71 -28 79 50 54 El mejor fue: 1
-15 10 49 -52 -34 -75 1 -85 80 67 -36 71 24 -71 -28 79 50 54 Generación 88
arranca 
Jugando Partidos contra vecino 0
Resultado 15
23610.5
Yo soy: 
-15 10 49 -52 -34 -75 1 -85 80 67 -36 71 24 -71 -28 79 50 54 El mejor fue: 0
-15 10 49 -52 -34 -75 1 -85 80 67 -36 21 24 -71 -28 79 50 54 Generación 87
arranca 
Jugando Partidos contra vecino 0
Resultado 0
16099.3
Jugando Partidos contra vecino 1
Resultado 15
28787.5
Yo soy: 
-15 10 49 -52 -34 -75 1 -85 80 67 -36 21 24 -71 -28 79 50 54 El mejor fue: 1
-15 10 49 -52 -74 -75 1 -85 80 67 -36 21 24 -71 -28 79 50 54 Generación 86
arranca 
Jugando Partidos contra vecino 0
Resultado 13
31333.5
Yo soy: 
-15 10 49 -52 -74 -75 1 -85 80 67 -36 21 24 -71 -28 79 50 54 El mejor fue: 0
-15 10 49 -52 -74 -75 1 -85 80 17 -36 21 24 -71 -28 79 50 54 Generación 85
arranca 
Jugando Partidos contra vecino 0
Resultado 15
33670.1
Yo soy: 
-15 10 49 -52 -74 -75 1 -85 80 17 -36 21 24 -71 -28 79 50 54 El mejor fue: 0
-15 10 49 -52 -74 -75 1 -85 80 17 -36 21 64 -71 -28 79 50 54 Generación 84
arranca 
Jugando Partidos contra vecino 0
Resultado 2
20540.7
Jugando Partidos contra vecino 1
Resultado 15
30400
Yo soy: 
-15 10 49 -52 -74 -75 1 -85 80 17 -36 21 64 -71 -28 79 50 54 El mejor fue: 1
-15 10 49 -52 -74 -75 1 -85 80 57 -36 21 64 -71 -28 79 50 54 Generación 83
arranca 
Jugando Partidos contra vecino 0
Resultado 15
28301.7
Yo soy: 
-15 10 49 -52 -74 -75 1 -85 80 57 -36 21 64 -71 -28 79 50 54 El mejor fue: 0
-15 10 49 -52 -24 -75 1 -85 80 57 -36 21 64 -71 -28 79 50 54 Generación 82
arranca 
Jugando Partidos contra vecino 0
Resultado 15
30467.2
Yo soy: 
-15 10 49 -52 -24 -75 1 -85 80 57 -36 21 64 -71 -28 79 50 54 El mejor fue: 0
-15 10 49 -52 -24 -75 1 -85 80 57 -36 21 64 -31 -28 79 50 54 Generación 81
arranca 
Jugando Partidos contra vecino 0
Resultado 0
19641.2
Jugando Partidos contra vecino 1
Resultado 15
27994.9
Yo soy: 
-15 10 49 -52 -24 -75 1 -85 80 57 -36 21 64 -31 -28 79 50 54 El mejor fue: 1
-15 10 49 -52 -24 -75 1 -85 80 97 -36 21 64 -31 -28 79 50 54 Generación 80
arranca 
Jugando Partidos contra vecino 0
Resultado 1
19818.3
Jugando Partidos contra vecino 1
Resultado 15
33679.5
Yo soy: 
-15 10 49 -52 -24 -75 1 -85 80 97 -36 21 64 -31 -28 79 50 54 El mejor fue: 1
-15 10 49 -52 -24 -75 1 -85 80 97 -36 21 64 -31 -28 79 90 54 Generación 79
arranca 
Jugando Partidos contra vecino 0
Resultado 11
22081.9
Yo soy: 
-15 10 49 -52 -24 -75 1 -85 80 97 -36 21 64 -31 -28 79 90 54 El mejor fue: 0
-15 10 49 -52 -24 -75 1 -85 80 97 -36 61 64 -31 -28 79 90 54 Generación 78
arranca 
Jugando Partidos contra vecino 0
Resultado 13
20756.9
Yo soy: 
-15 10 49 -52 -24 -75 1 -85 80 97 -36 61 64 -31 -28 79 90 54 El mejor fue: 0
-15 10 49 -52 -24 -25 1 -85 80 97 -36 61 64 -31 -28 79 90 54 Generación 77
arranca 
Jugando Partidos contra vecino 0
Resultado 1
17249.6
Jugando Partidos contra vecino 1
Resultado 13
20090.2
Yo soy: 
-15 10 49 -52 -24 -25 1 -85 80 97 -36 61 64 -31 -28 79 90 54 El mejor fue: 1
25 10 49 -52 -24 -25 1 -85 80 97 -36 61 64 -31 -28 79 90 54 Generación 76
arranca 
Jugando Partidos contra vecino 0
Resultado 2
22831.6
Jugando Partidos contra vecino 1
Resultado 8
22573
Jugando Partidos contra vecino 2
Resultado 11
18909.8
Yo soy: 
25 10 49 -52 -24 -25 1 -85 80 97 -36 61 64 -31 -28 79 90 54 El mejor fue: 2
25 10 49 -52 -24 -25 1 -85 80 47 -36 61 64 -31 -28 79 90 54 Generación 75
arranca 
Jugando Partidos contra vecino 0
Resultado 11
21648.8
Yo soy: 
25 10 49 -52 -24 -25 1 -85 80 47 -36 61 64 -31 -28 79 90 54 El mejor fue: 0
25 10 49 -52 -24 -25 1 -85 80 47 -36 61 14 -31 -28 79 90 54 Generación 74
arranca 
Jugando Partidos contra vecino 0
Resultado 10
19524.4
Yo soy: 
25 10 49 -52 -24 -25 1 -85 80 47 -36 61 14 -31 -28 79 90 54 El mejor fue: 0
25 10 49 -52 -24 -25 1 -85 30 47 -36 61 14 -31 -28 79 90 54 Generación 73
arranca 
Jugando Partidos contra vecino 0
Resultado 7
22158.2
Jugando Partidos contra vecino 1
Resultado 3
22516.9
Jugando Partidos contra vecino 2
Resultado 9
21423.9
Jugando Partidos contra vecino 3
Resultado 11
24138.3
Yo soy: 
25 10 49 -52 -24 -25 1 -85 30 47 -36 61 14 -31 -28 79 90 54 El mejor fue: 3
25 10 49 -12 -24 -25 1 -85 30 47 -36 61 14 -31 -28 79 90 54 Generación 72
arranca 
Jugando Partidos contra vecino 0
Resultado 8
19993.5
Jugando Partidos contra vecino 1
Resultado 6
19178.3
Jugando Partidos contra vecino 2
Resultado 10
21145.8
Yo soy: 
25 10 49 -12 -24 -25 1 -85 30 47 -36 61 14 -31 -28 79 90 54 El mejor fue: 2
25 10 49 -12 -24 -25 1 -85 30 47 -36 61 54 -31 -28 79 90 54 Generación 71
arranca 
Jugando Partidos contra vecino 0
Resultado 0
19582.1
Jugando Partidos contra vecino 1
Resultado 10
21002.9
Yo soy: 
25 10 49 -12 -24 -25 1 -85 30 47 -36 61 54 -31 -28 79 90 54 El mejor fue: 1
25 -30 49 -12 -24 -25 1 -85 30 47 -36 61 54 -31 -28 79 90 54 Generación 70
arranca 
Jugando Partidos contra vecino 0
Resultado 15
16980.8
Yo soy: 
25 -30 49 -12 -24 -25 1 -85 30 47 -36 61 54 -31 -28 79 90 54 El mejor fue: 0
25 -30 49 -12 -24 15 1 -85 30 47 -36 61 54 -31 -28 79 90 54 Generación 69
arranca 
Jugando Partidos contra vecino 0
Resultado 5
24936.6
Jugando Partidos contra vecino 1
Resultado 11
31157.8
Yo soy: 
25 -30 49 -12 -24 15 1 -85 30 47 -36 61 54 -31 -28 79 90 54 El mejor fue: 1
25 -30 49 -12 -24 15 1 -85 30 47 -36 61 54 9 -28 79 90 54 Generación 68
arranca 
Jugando Partidos contra vecino 0
Resultado 7
15949.6
Jugando Partidos contra vecino 1
Resultado 3
15800.9
Jugando Partidos contra vecino 2
Resultado 11
21483.9
Yo soy: 
25 -30 49 -12 -24 15 1 -85 30 47 -36 61 54 9 -28 79 90 54 El mejor fue: 2
25 -30 49 -12 -24 15 1 -85 70 47 -36 61 54 9 -28 79 90 54 Generación 67
arranca 
Jugando Partidos contra vecino 0
Resultado 3
17171.3
Jugando Partidos contra vecino 1
Resultado 13
24732.2
Yo soy: 
25 -30 49 -12 -24 15 1 -85 70 47 -36 61 54 9 -28 79 90 54 El mejor fue: 1
25 -30 49 28 -24 15 1 -85 70 47 -36 61 54 9 -28 79 90 54 Generación 66
arranca 
Jugando Partidos contra vecino 0
Resultado 8
17412.7
Jugando Partidos contra vecino 1
Resultado 9
18662.9
Jugando Partidos contra vecino 2
Resultado 7
15025.9
Jugando Partidos contra vecino 3
Resultado 5
12210.6
Jugando Partidos contra vecino 4
Resultado 6
14102.2
Jugando Partidos contra vecino 5
Resultado 13
29303.3
Yo soy: 
25 -30 49 28 -24 15 1 -85 70 47 -36 61 54 9 -28 79 90 54 El mejor fue: 5
25 -30 49 28 -24 15 1 -85 70 47 4 61 54 9 -28 79 90 54 Generación 65
arranca 
Jugando Partidos contra vecino 0
Resultado 11
39862.9
Yo soy: 
25 -30 49 28 -24 15 1 -85 70 47 4 61 54 9 -28 79 90 54 El mejor fue: 0
25 -30 49 28 -24 15 1 -85 70 87 4 61 54 9 -28 79 90 54 Generación 64
arranca 
Jugando Partidos contra vecino 0
Resultado 9
42420
Jugando Partidos contra vecino 1
Resultado 9
37931.1
Jugando Partidos contra vecino 2
Resultado 5
15408.2
Jugando Partidos contra vecino 3
Resultado 13
51455.8
Yo soy: 
25 -30 49 28 -24 15 1 -85 70 87 4 61 54 9 -28 79 90 54 El mejor fue: 3
25 -30 49 28 -24 -25 1 -85 70 87 4 61 54 9 -28 79 90 54 Generación 63
arranca 
Jugando Partidos contra vecino 0
Resultado 15
49632.8
Yo soy: 
25 -30 49 28 -24 -25 1 -85 70 87 4 61 54 9 -28 79 90 54 El mejor fue: 0
25 -30 49 28 -24 -25 1 -85 70 87 4 61 54 9 12 79 90 54 Generación 62
arranca 
Jugando Partidos contra vecino 0
Resultado 9
33094.1
Jugando Partidos contra vecino 1
Resultado 13
22758.2
Yo soy: 
25 -30 49 28 -24 -25 1 -85 70 87 4 61 54 9 12 79 90 54 El mejor fue: 1
25 -30 49 28 -24 -25 1 -85 70 87 4 11 54 9 12 79 90 54 Generación 61
arranca 
Jugando Partidos contra vecino 0
Resultado 9
29944.9
Jugando Partidos contra vecino 1
Resultado 15
30344.7
Yo soy: 
25 -30 49 28 -24 -25 1 -85 70 87 4 11 54 9 12 79 90 54 El mejor fue: 1
25 -70 49 28 -24 -25 1 -85 70 87 4 11 54 9 12 79 90 54 Generación 60
arranca 
Jugando Partidos contra vecino 0
Resultado 7
18469.9
Jugando Partidos contra vecino 1
Resultado 7
31797.9
Jugando Partidos contra vecino 2
Resultado 11
23023.2
Yo soy: 
25 -70 49 28 -24 -25 1 -85 70 87 4 11 54 9 12 79 90 54 El mejor fue: 2
25 -70 49 28 -24 -25 1 -85 70 87 4 11 54 9 52 79 90 54 Generación 59
arranca 
Jugando Partidos contra vecino 0
Resultado 5
15564.4
Jugando Partidos contra vecino 1
Resultado 1
16903.6
Jugando Partidos contra vecino 2
Resultado 5
14800.5
Jugando Partidos contra vecino 3
Resultado 7
21107.8
Jugando Partidos contra vecino 4
Resultado 4
13562.4
Jugando Partidos contra vecino 5
Resultado 5
18537.1
Jugando Partidos contra vecino 6
Resultado 8
21567.5
Jugando Partidos contra vecino 7
Resultado 11
28935.4
Yo soy: 
25 -70 49 28 -24 -25 1 -85 70 87 4 11 54 9 52 79 90 54 El mejor fue: 7
25 -70 49 28 -64 -25 1 -85 70 87 4 11 54 9 52 79 90 54 Generación 58
arranca 
Jugando Partidos contra vecino 0
Resultado 4
15133.8
Jugando Partidos contra vecino 1
Resultado 6
20933.3
Jugando Partidos contra vecino 2
Resultado 7
18861
Jugando Partidos contra vecino 3
Resultado 11
30546.3
Yo soy: 
25 -70 49 28 -64 -25 1 -85 70 87 4 11 54 9 52 79 90 54 El mejor fue: 3
25 -70 49 28 -64 -25 1 -85 70 87 4 11 94 9 52 79 90 54 Generación 57
arranca 
Jugando Partidos contra vecino 0
Resultado 13
31840.2
Yo soy: 
25 -70 49 28 -64 -25 1 -85 70 87 4 11 94 9 52 79 90 54 El mejor fue: 0
65 -70 49 28 -64 -25 1 -85 70 87 4 11 94 9 52 79 90 54 Generación 56
arranca 
Jugando Partidos contra vecino 0
Resultado 5
26095.8
Jugando Partidos contra vecino 1
Resultado 7
23637.8
Jugando Partidos contra vecino 2
Resultado 5
21952.4
Jugando Partidos contra vecino 3
Resultado 5
22736.6
Jugando Partidos contra vecino 4
Resultado 5
28533.4
Jugando Partidos contra vecino 5
Resultado 13
23953.2
Yo soy: 
65 -70 49 28 -64 -25 1 -85 70 87 4 11 94 9 52 79 90 54 El mejor fue: 5
65 -70 49 28 -64 -25 41 -85 70 87 4 11 94 9 52 79 90 54 Generación 55
arranca 
Jugando Partidos contra vecino 0
Resultado 6
24006.6
Jugando Partidos contra vecino 1
Resultado 9
23385.7
Jugando Partidos contra vecino 2
Resultado 11
19065.7
Yo soy: 
65 -70 49 28 -64 -25 41 -85 70 87 4 11 94 9 52 79 90 54 El mejor fue: 2
65 -70 49 28 -64 -25 41 -85 70 87 -36 11 94 9 52 79 90 54 Generación 54
arranca 
Jugando Partidos contra vecino 0
Resultado 7
23782.3
Jugando Partidos contra vecino 1
Resultado 11
22353.1
Yo soy: 
65 -70 49 28 -64 -25 41 -85 70 87 -36 11 94 9 52 79 90 54 El mejor fue: 1
65 -70 49 28 -64 -25 41 -85 70 87 -36 11 94 9 52 79 90 94 Generación 53
arranca 
Jugando Partidos contra vecino 0
Resultado 5
12137
Jugando Partidos contra vecino 1
Resultado 5
10792.9
Jugando Partidos contra vecino 2
Resultado 8
16600.6
Jugando Partidos contra vecino 3
Resultado 8
16006.7
Jugando Partidos contra vecino 4
Resultado 9
15410.3
Jugando Partidos contra vecino 5
Resultado 7
13679.3
Jugando Partidos contra vecino 6
Resultado 7
14823.6
Jugando Partidos contra vecino 7
Resultado 12
29235.9
Yo soy: 
65 -70 49 28 -64 -25 41 -85 70 87 -36 11 94 9 52 79 90 94 El mejor fue: 7
65 -70 49 28 -64 -25 41 -85 70 87 -36 11 94 9 92 79 90 94 Generación 52
arranca 
Jugando Partidos contra vecino 0
Resultado 4
20036.2
Jugando Partidos contra vecino 1
Resultado 6
15211.5
Jugando Partidos contra vecino 2
Resultado 5
20425.4
Jugando Partidos contra vecino 3
Resultado 4
19429.6
Jugando Partidos contra vecino 4
Resultado 6
20396.5
Jugando Partidos contra vecino 5
Resultado 6
16403.1
Jugando Partidos contra vecino 6
Resultado 5
19597.1
Jugando Partidos contra vecino 7
Resultado 2
16530.8
Jugando Partidos contra vecino 8
Resultado 6
18313.1
Jugando Partidos contra vecino 9
Resultado 4
17679.3
Jugando Partidos contra vecino 10
Resultado 5
14930.3
Jugando Partidos contra vecino 11
Resultado 9
20102.9
Jugando Partidos contra vecino 12
Resultado 8
21995.1
Jugando Partidos contra vecino 13
Resultado 6
18742.4
Jugando Partidos contra vecino 14
Resultado 5
18273
Jugando Partidos contra vecino 15
Resultado 7
25051.4
Jugando Partidos contra vecino 16
Resultado 10
23968.6
Yo soy: 
65 -70 49 28 -64 -25 41 -85 70 87 -36 11 94 9 92 79 90 94 El mejor fue: 16
65 -70 49 28 -64 -25 81 -85 70 87 -36 11 94 9 92 79 90 94 Generación 51
arranca 
Jugando Partidos contra vecino 0
Resultado 5
14053.3
Jugando Partidos contra vecino 1
Resultado 8
23846.4
Jugando Partidos contra vecino 2
Resultado 8
24096.8
Jugando Partidos contra vecino 3
Resultado 12
22229.4
Yo soy: 
65 -70 49 28 -64 -25 81 -85 70 87 -36 11 94 9 92 79 90 94 El mejor fue: 3
65 -70 49 28 -64 -65 81 -85 70 87 -36 11 94 9 92 79 90 94 Generación 50
arranca 
Jugando Partidos contra vecino 0
Resultado 5
20979.7
Jugando Partidos contra vecino 1
Resultado 4
18026.8
Jugando Partidos contra vecino 2
Resultado 4
15022.8
Jugando Partidos contra vecino 3
Resultado 7
21033.8
Jugando Partidos contra vecino 4
Resultado 5
19256.6
Jugando Partidos contra vecino 5
Resultado 11
22644.1
Yo soy: 
65 -70 49 28 -64 -65 81 -85 70 87 -36 11 94 9 92 79 90 94 El mejor fue: 5
65 -70 49 28 -64 -65 81 -85 70 87 -36 11 44 9 92 79 90 94 Generación 49
arranca 
Jugando Partidos contra vecino 0
Resultado 9
22941.8
Jugando Partidos contra vecino 1
Resultado 5
17625.8
Jugando Partidos contra vecino 2
Resultado 7
17992.6
Jugando Partidos contra vecino 3
Resultado 8
22188.8
Jugando Partidos contra vecino 4
Resultado 6
23947.7
Jugando Partidos contra vecino 5
Resultado 5
20728.3
Jugando Partidos contra vecino 6
Resultado 6
22551.5
Jugando Partidos contra vecino 7
Resultado 6
17638
Jugando Partidos contra vecino 8
Resultado 3
24456.5
Jugando Partidos contra vecino 9
Resultado 9
21675.4
Jugando Partidos contra vecino 10
Resultado 5
22372.8
Jugando Partidos contra vecino 11
Resultado 6
26208.9
Jugando Partidos contra vecino 12
Resultado 7
21454.4
Jugando Partidos contra vecino 13
Resultado 4
20860.7
Jugando Partidos contra vecino 14
Resultado 8
25059.2
Jugando Partidos contra vecino 15
Resultado 10
25216.8
Yo soy: 
65 -70 49 28 -64 -65 81 -85 70 87 -36 11 44 9 92 79 90 94 El mejor fue: 15
65 -70 49 28 -64 -65 81 -85 70 87 -36 11 84 9 92 79 90 94 Generación 48
arranca 
Jugando Partidos contra vecino 0
Resultado 6
19938
Jugando Partidos contra vecino 1
Resultado 7
20170.7
Jugando Partidos contra vecino 2
Resultado 5
18300.2
Jugando Partidos contra vecino 3
Resultado 8
20985.3
Jugando Partidos contra vecino 4
Resultado 8
21395.1
Jugando Partidos contra vecino 5
Resultado 8
23465.3
Jugando Partidos contra vecino 6
Resultado 8
15536.1
Jugando Partidos contra vecino 7
Resultado 11
20206.2
Yo soy: 
65 -70 49 28 -64 -65 81 -85 70 87 -36 11 84 9 92 79 90 94 El mejor fue: 7
65 -70 49 28 -64 -65 81 -85 70 87 -36 11 34 9 92 79 90 94 Generación 47
arranca 
Jugando Partidos contra vecino 0
Resultado 11
22947.8
Yo soy: 
65 -70 49 28 -64 -65 81 -85 70 87 -36 11 34 9 92 79 90 94 El mejor fue: 0
65 -70 49 28 -64 -65 81 -85 30 87 -36 11 34 9 92 79 90 94 Generación 46
arranca 
Jugando Partidos contra vecino 0
Resultado 5
15516
Jugando Partidos contra vecino 1
Resultado 11
21038.7
Yo soy: 
65 -70 49 28 -64 -65 81 -85 30 87 -36 11 34 9 92 79 90 94 El mejor fue: 1
65 -70 49 28 -64 -65 81 -85 30 87 -36 11 34 9 92 79 40 94 Generación 45
arranca 
Jugando Partidos contra vecino 0
Resultado 5
17877.1
Jugando Partidos contra vecino 1
Resultado 9
26367
Jugando Partidos contra vecino 2
Resultado 9
35471
Jugando Partidos contra vecino 3
Resultado 5
19245.2
Jugando Partidos contra vecino 4
Resultado 7
16490.6
Jugando Partidos contra vecino 5
Resultado 7
26085.3
Jugando Partidos contra vecino 6
Resultado 6
19844
Jugando Partidos contra vecino 7
Resultado 5
18803.7
Jugando Partidos contra vecino 8
Resultado 10
20001.5
Yo soy: 
65 -70 49 28 -64 -65 81 -85 30 87 -36 11 34 9 92 79 40 94 El mejor fue: 8
65 -70 49 28 -64 -15 81 -85 30 87 -36 11 34 9 92 79 40 94 Generación 44
arranca 
Jugando Partidos contra vecino 0
Resultado 9
26264.2
Jugando Partidos contra vecino 1
Resultado 10
26679.6
Yo soy: 
65 -70 49 28 -64 -15 81 -85 30 87 -36 11 34 9 92 79 40 94 El mejor fue: 1
65 -70 49 28 -64 -15 81 -45 30 87 -36 11 34 9 92 79 40 94 Generación 43
arranca 
Jugando Partidos contra vecino 0
Resultado 3
17586.4
Jugando Partidos contra vecino 1
Resultado 5
19291.8
Jugando Partidos contra vecino 2
Resultado 9
18992.3
Jugando Partidos contra vecino 3
Resultado 5
15490.2
Jugando Partidos contra vecino 4
Resultado 9
19927.1
Jugando Partidos contra vecino 5
Resultado 9
23180.3
Jugando Partidos contra vecino 6
Resultado 11
22471.6
Yo soy: 
65 -70 49 28 -64 -15 81 -45 30 87 -36 11 34 9 92 79 40 94 El mejor fue: 6
65 -70 49 28 -14 -15 81 -45 30 87 -36 11 34 9 92 79 40 94 Generación 42
arranca 
Jugando Partidos contra vecino 0
Resultado 9
20811.7
Jugando Partidos contra vecino 1
Resultado 4
11747.7
Jugando Partidos contra vecino 2
Resultado 9
20758.3
Jugando Partidos contra vecino 3
Resultado 13
26469.7
Yo soy: 
65 -70 49 28 -14 -15 81 -45 30 87 -36 11 34 9 92 79 40 94 El mejor fue: 3
15 -70 49 28 -14 -15 81 -45 30 87 -36 11 34 9 92 79 40 94 Generación 41
arranca 
Jugando Partidos contra vecino 0
Resultado 9
19677.7
Jugando Partidos contra vecino 1
Resultado 11
25202.2
Yo soy: 
15 -70 49 28 -14 -15 81 -45 30 87 -36 11 34 9 92 79 40 94 El mejor fue: 1
-25 -70 49 28 -14 -15 81 -45 30 87 -36 11 34 9 92 79 40 94 Generación 40
arranca 
Jugando Partidos contra vecino 0
Resultado 8
23341.4
Jugando Partidos contra vecino 1
Resultado 9
23825.6
Jugando Partidos contra vecino 2
Resultado 9
26475.3
Jugando Partidos contra vecino 3
Resultado 9
21035.7
Jugando Partidos contra vecino 4
Resultado 10
24621.8
Yo soy: 
-25 -70 49 28 -14 -15 81 -45 30 87 -36 11 34 9 92 79 40 94 El mejor fue: 4
-25 -70 49 28 -14 -15 81 -45 30 37 -36 11 34 9 92 79 40 94 Generación 39
arranca 
Jugando Partidos contra vecino 0
Resultado 9
19589.5
Jugando Partidos contra vecino 1
Resultado 4
18199.8
Jugando Partidos contra vecino 2
Resultado 8
22029.8
Jugando Partidos contra vecino 3
Resultado 11
23155.8
Yo soy: 
-25 -70 49 28 -14 -15 81 -45 30 37 -36 11 34 9 92 79 40 94 El mejor fue: 3
-25 -70 49 28 -14 -55 81 -45 30 37 -36 11 34 9 92 79 40 94 Generación 38
arranca 
Jugando Partidos contra vecino 0
Resultado 6
18165.8
Jugando Partidos contra vecino 1
Resultado 10
23645.9
Yo soy: 
-25 -70 49 28 -14 -55 81 -45 30 37 -36 11 34 9 92 79 40 94 El mejor fue: 1
-25 -70 49 28 -14 -55 41 -45 30 37 -36 11 34 9 92 79 40 94 Generación 37
arranca 
Jugando Partidos contra vecino 0
Resultado 13
26096.8
Yo soy: 
-25 -70 49 28 -14 -55 41 -45 30 37 -36 11 34 9 92 79 40 94 El mejor fue: 0
-25 -70 49 28 -14 -55 41 -45 70 37 -36 11 34 9 92 79 40 94 Generación 36
arranca 
Jugando Partidos contra vecino 0
Resultado 9
20917.1
Jugando Partidos contra vecino 1
Resultado 13
28490.3
Yo soy: 
-25 -70 49 28 -14 -55 41 -45 70 37 -36 11 34 9 92 79 40 94 El mejor fue: 1
-25 -70 49 28 -14 -55 41 -45 70 37 -36 11 34 9 92 79 80 94 Generación 35
arranca 
Jugando Partidos contra vecino 0
Resultado 3
11853.5
Jugando Partidos contra vecino 1
Resultado 7
20510
Jugando Partidos contra vecino 2
Resultado 6
15520
Jugando Partidos contra vecino 3
Resultado 5
14252.9
Jugando Partidos contra vecino 4
Resultado 6
14598.9
Jugando Partidos contra vecino 5
Resultado 11
26088.9
Yo soy: 
-25 -70 49 28 -14 -55 41 -45 70 37 -36 11 34 9 92 79 80 94 El mejor fue: 5
-25 -70 49 28 -14 -55 41 -45 70 37 -36 51 34 9 92 79 80 94 Generación 34
arranca 
Jugando Partidos contra vecino 0
Resultado 9
35007.1
Jugando Partidos contra vecino 1
Resultado 11
29285.3
Yo soy: 
-25 -70 49 28 -14 -55 41 -45 70 37 -36 51 34 9 92 79 80 94 El mejor fue: 1
-25 -70 49 28 -14 -55 41 -45 20 37 -36 51 34 9 92 79 80 94 Generación 33
arranca 
Jugando Partidos contra vecino 0
Resultado 7
16153.5
Jugando Partidos contra vecino 1
Resultado 4
22982.5
Jugando Partidos contra vecino 2
Resultado 5
28756.5
Jugando Partidos contra vecino 3
Resultado 5
27574
Jugando Partidos contra vecino 4
Resultado 9
22953.5
Jugando Partidos contra vecino 5
Resultado 7
30531.9
Jugando Partidos contra vecino 6
Resultado 7
27448.8
Jugando Partidos contra vecino 7
Resultado 7
26209
Jugando Partidos contra vecino 8
Resultado 15
35136.4
Yo soy: 
-25 -70 49 28 -14 -55 41 -45 20 37 -36 51 34 9 92 79 80 94 El mejor fue: 8
-25 -70 49 28 -14 -55 41 -45 20 37 -36 51 34 9 92 79 80 44 Generación 32
arranca 
Jugando Partidos contra vecino 0
Resultado 6
29437.2
Jugando Partidos contra vecino 1
Resultado 9
31578.7
Jugando Partidos contra vecino 2
Resultado 11
28909.1
Yo soy: 
-25 -70 49 28 -14 -55 41 -45 20 37 -36 51 34 9 92 79 80 44 El mejor fue: 2
-25 -70 49 28 -14 -55 41 -45 20 77 -36 51 34 9 92 79 80 44 Generación 31
arranca 
Jugando Partidos contra vecino 0
Resultado 12
32591.6
Yo soy: 
-25 -70 49 28 -14 -55 41 -45 20 77 -36 51 34 9 92 79 80 44 El mejor fue: 0
-25 -70 49 28 26 -55 41 -45 20 77 -36 51 34 9 92 79 80 44 Generación 30
arranca 
Jugando Partidos contra vecino 0
Resultado 9
34962
Jugando Partidos contra vecino 1
Resultado 9
29689.6
Jugando Partidos contra vecino 2
Resultado 7
29641.9
Jugando Partidos contra vecino 3
Resultado 8
40047.7
Jugando Partidos contra vecino 4
Resultado 7
35122.9
Jugando Partidos contra vecino 5
Resultado 11
27315.4
Yo soy: 
-25 -70 49 28 26 -55 41 -45 20 77 -36 51 34 9 92 79 80 44 El mejor fue: 5
-25 -70 49 28 26 -55 41 -45 20 77 -36 51 34 9 52 79 80 44 Generación 29
arranca 
Jugando Partidos contra vecino 0
Resultado 7
24661.6
Jugando Partidos contra vecino 1
Resultado 13
35944.6
Yo soy: 
-25 -70 49 28 26 -55 41 -45 20 77 -36 51 34 9 52 79 80 44 El mejor fue: 1
-25 -70 9 28 26 -55 41 -45 20 77 -36 51 34 9 52 79 80 44 Generación 28
arranca 
Jugando Partidos contra vecino 0
Resultado 8
34415.1
Jugando Partidos contra vecino 1
Resultado 9
35440.2
Jugando Partidos contra vecino 2
Resultado 5
30969.1
Jugando Partidos contra vecino 3
Resultado 11
46226.9
Yo soy: 
-25 -70 9 28 26 -55 41 -45 20 77 -36 51 34 9 52 79 80 44 El mejor fue: 3
-25 -70 9 28 26 -55 41 -45 20 77 -36 51 34 9 52 79 30 44 Generación 27
arranca 
Jugando Partidos contra vecino 0
Resultado 5
22442.6
Jugando Partidos contra vecino 1
Resultado 5
48676.4
Jugando Partidos contra vecino 2
Resultado 5
40174.5
Jugando Partidos contra vecino 3
Resultado 11
39608.6
Yo soy: 
-25 -70 9 28 26 -55 41 -45 20 77 -36 51 34 9 52 79 30 44 El mejor fue: 3
-25 -70 9 28 26 -55 41 -45 20 77 -36 51 34 -31 52 79 30 44 Generación 26
arranca 
Jugando Partidos contra vecino 0
Resultado 11
66507.6
Yo soy: 
-25 -70 9 28 26 -55 41 -45 20 77 -36 51 34 -31 52 79 30 44 El mejor fue: 0
-25 -70 9 28 66 -55 41 -45 20 77 -36 51 34 -31 52 79 30 44 Generación 25
arranca 
Jugando Partidos contra vecino 0
Resultado 15
52830.3
Yo soy: 
-25 -70 9 28 66 -55 41 -45 20 77 -36 51 34 -31 52 79 30 44 El mejor fue: 0
-25 -70 9 68 66 -55 41 -45 20 77 -36 51 34 -31 52 79 30 44 Generación 24
arranca 
Jugando Partidos contra vecino 0
Resultado 15
64154.9
Yo soy: 
-25 -70 9 68 66 -55 41 -45 20 77 -36 51 34 -31 52 79 30 44 El mejor fue: 0
-25 -70 9 18 66 -55 41 -45 20 77 -36 51 34 -31 52 79 30 44 Generación 23
arranca 
Jugando Partidos contra vecino 0
Resultado 15
59312.8
Yo soy: 
-25 -70 9 18 66 -55 41 -45 20 77 -36 51 34 -31 52 79 30 44 El mejor fue: 0
-25 -70 9 -22 66 -55 41 -45 20 77 -36 51 34 -31 52 79 30 44 Generación 22
arranca 
Jugando Partidos contra vecino 0
Resultado 9
63927.1
Jugando Partidos contra vecino 1
Resultado 0
34634.4
Jugando Partidos contra vecino 2
Resultado 11
47142.6
Yo soy: 
-25 -70 9 -22 66 -55 41 -45 20 77 -36 51 34 -31 52 79 30 44 El mejor fue: 2
-25 -20 9 -22 66 -55 41 -45 20 77 -36 51 34 -31 52 79 30 44 Generación 21
arranca 
Jugando Partidos contra vecino 0
Resultado 5
34674.3
Jugando Partidos contra vecino 1
Resultado 5
34590.2
Jugando Partidos contra vecino 2
Resultado 13
50979
Yo soy: 
-25 -20 9 -22 66 -55 41 -45 20 77 -36 51 34 -31 52 79 30 44 El mejor fue: 2
-25 -20 9 -62 66 -55 41 -45 20 77 -36 51 34 -31 52 79 30 44 Generación 20
arranca 
Jugando Partidos contra vecino 0
Resultado 11
43118.8
Yo soy: 
-25 -20 9 -62 66 -55 41 -45 20 77 -36 51 34 -31 52 79 30 44 El mejor fue: 0
-25 -20 9 -62 66 -55 41 -5 20 77 -36 51 34 -31 52 79 30 44 Generación 19
arranca 
Jugando Partidos contra vecino 0
Resultado 13
45256.6
Yo soy: 
-25 -20 9 -62 66 -55 41 -5 20 77 -36 51 34 -31 52 79 30 44 El mejor fue: 0
-25 -20 9 -62 66 -55 41 -5 20 77 -36 51 34 -31 52 79 30 84 Generación 18
arranca 
Jugando Partidos contra vecino 0
Resultado 5
33521.5
Jugando Partidos contra vecino 1
Resultado 13
47157.7
Yo soy: 
-25 -20 9 -62 66 -55 41 -5 20 77 -36 51 34 -31 52 79 30 84 El mejor fue: 1
-25 -20 9 -62 66 -55 41 35 20 77 -36 51 34 -31 52 79 30 84 Generación 17
arranca 
Jugando Partidos contra vecino 0
Resultado 9
41682.5
Jugando Partidos contra vecino 1
Resultado 5
41172.4
Jugando Partidos contra vecino 2
Resultado 7
36184.3
Jugando Partidos contra vecino 3
Resultado 1
34602.6
Jugando Partidos contra vecino 4
Resultado 5
34433.8
Jugando Partidos contra vecino 5
Resultado 15
50891.6
Yo soy: 
-25 -20 9 -62 66 -55 41 35 20 77 -36 51 34 -31 52 79 30 84 El mejor fue: 5
-25 -20 9 -62 66 -55 41 35 20 77 -36 51 34 -71 52 79 30 84 Generación 16
arranca 
Jugando Partidos contra vecino 0
Resultado 7
40927.7
Jugando Partidos contra vecino 1
Resultado 9
44293.3
Jugando Partidos contra vecino 2
Resultado 9
40712
Jugando Partidos contra vecino 3
Resultado 9
41888.2
Jugando Partidos contra vecino 4
Resultado 3
38277.4
Jugando Partidos contra vecino 5
Resultado 9
41978.5
Jugando Partidos contra vecino 6
Resultado 7
43011.3
Jugando Partidos contra vecino 7
Resultado 9
41716.4
Jugando Partidos contra vecino 8
Resultado 7
37557.7
Jugando Partidos contra vecino 9
Resultado 9
39232.4
Jugando Partidos contra vecino 10
Resultado 11
43174.5
Yo soy: 
-25 -20 9 -62 66 -55 41 35 20 77 -36 51 34 -71 52 79 30 84 El mejor fue: 10
-25 -20 9 -62 16 -55 41 35 20 77 -36 51 34 -71 52 79 30 84 Generación 15
arranca 
Jugando Partidos contra vecino 0
Resultado 9
47514.6
Jugando Partidos contra vecino 1
Resultado 11
44763.5
Yo soy: 
-25 -20 9 -62 16 -55 41 35 20 77 -36 51 34 -71 52 79 30 84 El mejor fue: 1
-25 -20 9 -62 16 -55 41 35 20 27 -36 51 34 -71 52 79 30 84 Generación 14
arranca 
Jugando Partidos contra vecino 0
Resultado 7
39690.8
Jugando Partidos contra vecino 1
Resultado 5
34062.8
Jugando Partidos contra vecino 2
Resultado 1
35484.3
Jugando Partidos contra vecino 3
Resultado 13
42773.2
Yo soy: 
-25 -20 9 -62 16 -55 41 35 20 27 -36 51 34 -71 52 79 30 84 El mejor fue: 3
-25 -20 9 -62 16 -55 41 35 20 27 -36 51 34 -71 12 79 30 84 Generación 13
arranca 
Jugando Partidos contra vecino 0
Resultado 10
46425.1
Yo soy: 
-25 -20 9 -62 16 -55 41 35 20 27 -36 51 34 -71 12 79 30 84 El mejor fue: 0
-25 -20 9 -62 16 -55 41 35 20 27 -36 51 34 -71 12 79 70 84 Generación 12
arranca 
Jugando Partidos contra vecino 0
Resultado 11
43782.4
Yo soy: 
-25 -20 9 -62 16 -55 41 35 20 27 -36 51 34 -71 12 79 70 84 El mejor fue: 0
-25 -20 9 -62 16 -55 41 35 20 27 4 51 34 -71 12 79 70 84 Generación 11
arranca 
Jugando Partidos contra vecino 0
Resultado 9
51122.8
Jugando Partidos contra vecino 1
Resultado 11
45741
Yo soy: 
-25 -20 9 -62 16 -55 41 35 20 27 4 51 34 -71 12 79 70 84 El mejor fue: 1
-25 -20 9 -62 16 -55 41 35 20 27 4 11 34 -71 12 79 70 84 Generación 10
arranca 
Jugando Partidos contra vecino 0
Resultado 13
54613.7
Yo soy: 
-25 -20 9 -62 16 -55 41 35 20 27 4 11 34 -71 12 79 70 84 El mejor fue: 0
15 -20 9 -62 16 -55 41 35 20 27 4 11 34 -71 12 79 70 84 Generación 9
arranca 
Jugando Partidos contra vecino 0
Resultado 13
44573.8
Yo soy: 
15 -20 9 -62 16 -55 41 35 20 27 4 11 34 -71 12 79 70 84 El mejor fue: 0
15 -20 9 -62 16 -55 41 35 20 27 4 11 34 -21 12 79 70 84 Generación 8
arranca 
Jugando Partidos contra vecino 0
Resultado 11
45238
Yo soy: 
15 -20 9 -62 16 -55 41 35 20 27 4 11 34 -21 12 79 70 84 El mejor fue: 0
15 -20 9 -62 -24 -55 41 35 20 27 4 11 34 -21 12 79 70 84 Generación 7
arranca 
Jugando Partidos contra vecino 0
Resultado 7
37578.4
Jugando Partidos contra vecino 1
Resultado 5
50014.1
Jugando Partidos contra vecino 2
Resultado 9
43728.8
Jugando Partidos contra vecino 3
Resultado 9
45740.9
Jugando Partidos contra vecino 4
Resultado 8
50438.7
Jugando Partidos contra vecino 5
Resultado 10
47028.7
Yo soy: 
15 -20 9 -62 -24 -55 41 35 20 27 4 11 34 -21 12 79 70 84 El mejor fue: 5
15 -20 9 -12 -24 -55 41 35 20 27 4 11 34 -21 12 79 70 84 Generación 6
arranca 
Jugando Partidos contra vecino 0
Resultado 2
40584.7
Jugando Partidos contra vecino 1
Resultado 11
49444.2
Yo soy: 
15 -20 9 -12 -24 -55 41 35 20 27 4 11 34 -21 12 79 70 84 El mejor fue: 1
15 -20 9 -12 -24 -55 41 35 20 27 4 11 34 -21 52 79 70 84 Generación 5
arranca 
Jugando Partidos contra vecino 0
Resultado 11
44910.1
Yo soy: 
15 -20 9 -12 -24 -55 41 35 20 27 4 11 34 -21 52 79 70 84 El mejor fue: 0
15 -20 9 -52 -24 -55 41 35 20 27 4 11 34 -21 52 79 70 84 Generación 4
arranca 
Jugando Partidos contra vecino 0
Resultado 13
40846.4
Yo soy: 
15 -20 9 -52 -24 -55 41 35 20 27 4 11 34 -21 52 79 70 84 El mejor fue: 0
-25 -20 9 -52 -24 -55 41 35 20 27 4 11 34 -21 52 79 70 84 Generación 3
arranca 
Jugando Partidos contra vecino 0
Resultado 13
52767.9
Yo soy: 
-25 -20 9 -52 -24 -55 41 35 20 27 4 11 34 -21 52 79 70 84 El mejor fue: 0
-25 -20 9 -52 -24 -55 41 35 -20 27 4 11 34 -21 52 79 70 84 Generación 2
arranca 
Jugando Partidos contra vecino 0
Resultado 10
39525.3
Yo soy: 
-25 -20 9 -52 -24 -55 41 35 -20 27 4 11 34 -21 52 79 70 84 El mejor fue: 0
-25 -20 9 -52 -24 -55 41 -5 -20 27 4 11 34 -21 52 79 70 84 Generación 1
arranca 
Jugando Partidos contra vecino 0
Resultado 8
39234.6
Jugando Partidos contra vecino 1
Resultado 15
44597.9
Yo soy: 
-25 -20 9 -52 -24 -55 41 -5 -20 27 4 11 34 -21 52 79 70 84 El mejor fue: 1
-25 -20 9 -92 -24 -55 41 -5 -20 27 4 11 34 -21 52 79 70 84 Generación 0
1.42852e+07
