arranca 
Jugando Partidos contra vecino 0
Resultado 9
36634.9
Jugando Partidos contra vecino 1
Resultado 5
53351.6
Jugando Partidos contra vecino 2
Resultado 6
20607.9
Jugando Partidos contra vecino 3
Resultado 9
51544.5
Jugando Partidos contra vecino 4
Resultado 9
37719.4
Jugando Partidos contra vecino 5
Resultado 11
33894.8
Yo soy: 
30 75 84 65 32 52 61 70 30 93 93 17 79 66 88 15 100 17 El mejor fue: 5
30 75 84 65 32 52 61 70 30 93 93 17 79 66 88 25 100 17 Generación 199
arranca 
Jugando Partidos contra vecino 0
Resultado 9
39355.1
Jugando Partidos contra vecino 1
Resultado 4
45823.8
Jugando Partidos contra vecino 2
Resultado 8
31528.5
Jugando Partidos contra vecino 3
Resultado 13
26513.5
Yo soy: 
30 75 84 65 32 52 61 70 30 93 93 17 79 66 88 25 100 17 El mejor fue: 3
30 85 84 65 32 52 61 70 30 93 93 17 79 66 88 25 100 17 Generación 198
arranca 
Jugando Partidos contra vecino 0
Resultado 9
21757.8
Jugando Partidos contra vecino 1
Resultado 7
21155.4
Jugando Partidos contra vecino 2
Resultado 9
21393.3
Jugando Partidos contra vecino 3
Resultado 11
28179
Yo soy: 
30 85 84 65 32 52 61 70 30 93 93 17 79 66 88 25 100 17 El mejor fue: 3
30 85 84 65 32 52 61 70 30 83 93 17 79 66 88 25 100 17 Generación 197
arranca 
Jugando Partidos contra vecino 0
Resultado 7
20667
Jugando Partidos contra vecino 1
Resultado 5
26136.4
Jugando Partidos contra vecino 2
Resultado 7
20136.7
Jugando Partidos contra vecino 3
Resultado 7
23725.7
Jugando Partidos contra vecino 4
Resultado 5
16924.7
Jugando Partidos contra vecino 5
Resultado 7
18627.3
Jugando Partidos contra vecino 6
Resultado 8
29685.1
Jugando Partidos contra vecino 7
Resultado 7
20540.4
Jugando Partidos contra vecino 8
Resultado 11
19420.4
Yo soy: 
30 85 84 65 32 52 61 70 30 83 93 17 79 66 88 25 100 17 El mejor fue: 8
30 85 84 65 32 52 71 70 30 83 93 17 79 66 88 25 100 17 Generación 196
arranca 
Jugando Partidos contra vecino 0
Resultado 9
30314.6
Jugando Partidos contra vecino 1
Resultado 9
20896
Jugando Partidos contra vecino 2
Resultado 9
23150.3
Jugando Partidos contra vecino 3
Resultado 9
22400
Jugando Partidos contra vecino 4
Resultado 9
20766.5
Jugando Partidos contra vecino 5
Resultado 11
21557.6
Yo soy: 
30 85 84 65 32 52 71 70 30 83 93 17 79 66 88 25 100 17 El mejor fue: 5
30 85 84 65 32 52 71 70 30 83 93 17 79 66 98 25 100 17 Generación 195
arranca 
Jugando Partidos contra vecino 0
Resultado 9
22577.5
Jugando Partidos contra vecino 1
Resultado 7
23905.6
Jugando Partidos contra vecino 2
Resultado 5
24988.5
Jugando Partidos contra vecino 3
Resultado 11
23988.6
Yo soy: 
30 85 84 65 32 52 71 70 30 83 93 17 79 66 98 25 100 17 El mejor fue: 3
30 85 84 65 32 52 71 70 30 83 93 17 79 66 98 25 90 17 Generación 194
arranca 
Jugando Partidos contra vecino 0
Resultado 11
25697.5
Yo soy: 
30 85 84 65 32 52 71 70 30 83 93 17 79 66 98 25 90 17 El mejor fue: 0
30 85 84 65 32 52 71 70 30 83 93 7 79 66 98 25 90 17 Generación 193
arranca 
Jugando Partidos contra vecino 0
Resultado 9
21434.3
Jugando Partidos contra vecino 1
Resultado 7
20611.8
Jugando Partidos contra vecino 2
Resultado 9
23484.8
Jugando Partidos contra vecino 3
Resultado 7
18142
Jugando Partidos contra vecino 4
Resultado 7
19536.8
Jugando Partidos contra vecino 5
Resultado 7
21540.6
Jugando Partidos contra vecino 6
Resultado 5
18674
Jugando Partidos contra vecino 7
Resultado 7
16549.9
Jugando Partidos contra vecino 8
Resultado 5
15608.6
Jugando Partidos contra vecino 9
Resultado 7
21121.4
Jugando Partidos contra vecino 10
Resultado 5
17709
Jugando Partidos contra vecino 11
Resultado 9
19097.4
Jugando Partidos contra vecino 12
Resultado 9
18965.3
Jugando Partidos contra vecino 13
Resultado 5
19438.1
Jugando Partidos contra vecino 14
Resultado 5
19525.8
Jugando Partidos contra vecino 15
Resultado 7
19666.1
Jugando Partidos contra vecino 16
Resultado 9
21444.5
Jugando Partidos contra vecino 17
Resultado 5
21039.7
Jugando Partidos contra vecino 18
Resultado 7
18796.1
Jugando Partidos contra vecino 19
Resultado 7
16804.4
Jugando Partidos contra vecino 20
Resultado 5
14033.3
Jugando Partidos contra vecino 21
Resultado 5
15737.9
Jugando Partidos contra vecino 22
Resultado 7
18962.7
Jugando Partidos contra vecino 23
Resultado 11
21520.4
Yo soy: 
30 85 84 65 32 52 71 70 30 83 93 7 79 66 98 25 90 17 El mejor fue: 23
30 85 84 65 32 52 71 70 30 83 93 7 69 66 98 25 90 17 Generación 192
arranca 
Jugando Partidos contra vecino 0
Resultado 11
18037.1
Yo soy: 
30 85 84 65 32 52 71 70 30 83 93 7 69 66 98 25 90 17 El mejor fue: 0
30 85 84 65 32 52 71 70 30 83 93 7 69 66 98 25 70 17 Generación 191
arranca 
Jugando Partidos contra vecino 0
Resultado 9
19758.4
Jugando Partidos contra vecino 1
Resultado 9
21073.5
Jugando Partidos contra vecino 2
Resultado 5
17004.4
Jugando Partidos contra vecino 3
Resultado 9
18947.7
Jugando Partidos contra vecino 4
Resultado 5
18037.3
Jugando Partidos contra vecino 5
Resultado 5
21228.9
Jugando Partidos contra vecino 6
Resultado 5
15979.6
Jugando Partidos contra vecino 7
Resultado 9
22832.9
Jugando Partidos contra vecino 8
Resultado 5
15894.1
Jugando Partidos contra vecino 9
Resultado 9
18343.4
Jugando Partidos contra vecino 10
Resultado 9
21004.4
Jugando Partidos contra vecino 11
Resultado 7
16540.7
Jugando Partidos contra vecino 12
Resultado 5
15305.9
Jugando Partidos contra vecino 13
Resultado 5
19666.5
Jugando Partidos contra vecino 14
Resultado 7
15731.7
Jugando Partidos contra vecino 15
Resultado 5
20445.7
Jugando Partidos contra vecino 16
Resultado 7
20674.5
Jugando Partidos contra vecino 17
Resultado 5
18153.5
Jugando Partidos contra vecino 18
Resultado 5
19199.4
Jugando Partidos contra vecino 19
Resultado 7
21727.1
Jugando Partidos contra vecino 20
Resultado 13
22900.9
Yo soy: 
30 85 84 65 32 52 71 70 30 83 93 7 69 66 98 25 70 17 El mejor fue: 20
30 75 84 65 32 52 71 70 30 83 93 7 69 66 98 25 70 17 Generación 190
arranca 
Jugando Partidos contra vecino 0
Resultado 5
17699
Jugando Partidos contra vecino 1
Resultado 9
20092
Jugando Partidos contra vecino 2
Resultado 7
21393.1
Jugando Partidos contra vecino 3
Resultado 7
16459.4
Jugando Partidos contra vecino 4
Resultado 7
19694.7
Jugando Partidos contra vecino 5
Resultado 7
18523.3
Jugando Partidos contra vecino 6
Resultado 7
18519.3
Jugando Partidos contra vecino 7
Resultado 5
23156.1
Jugando Partidos contra vecino 8
Resultado 9
18247.3
Jugando Partidos contra vecino 9
Resultado 7
18267.1
Jugando Partidos contra vecino 10
Resultado 11
20894.9
Yo soy: 
30 75 84 65 32 52 71 70 30 83 93 7 69 66 98 25 70 17 El mejor fue: 10
30 75 84 65 32 52 71 70 30 83 93 7 69 66 98 35 70 17 Generación 189
arranca 
Jugando Partidos contra vecino 0
Resultado 7
21854.4
Jugando Partidos contra vecino 1
Resultado 7
18927.9
Jugando Partidos contra vecino 2
Resultado 5
19269.5
Jugando Partidos contra vecino 3
Resultado 5
13493.1
Jugando Partidos contra vecino 4
Resultado 7
17125.5
Jugando Partidos contra vecino 5
Resultado 9
21240.1
Jugando Partidos contra vecino 6
Resultado 11
26060.4
Yo soy: 
30 75 84 65 32 52 71 70 30 83 93 7 69 66 98 35 70 17 El mejor fue: 6
30 75 84 65 32 52 71 70 30 83 93 17 69 66 98 35 70 17 Generación 188
arranca 
Jugando Partidos contra vecino 0
Resultado 7
32591.5
Jugando Partidos contra vecino 1
Resultado 9
28622.1
Jugando Partidos contra vecino 2
Resultado 9
25942.4
Jugando Partidos contra vecino 3
Resultado 5
31513.5
Jugando Partidos contra vecino 4
Resultado 9
26029.6
Jugando Partidos contra vecino 5
Resultado 4
48887.2
Jugando Partidos contra vecino 6
Resultado 7
27953.7
Jugando Partidos contra vecino 7
Resultado 5
38195.6
Jugando Partidos contra vecino 8
Resultado 5
30665.1
Jugando Partidos contra vecino 9
Resultado 5
40452.5
Jugando Partidos contra vecino 10
Resultado 6
31556.5
Jugando Partidos contra vecino 11
Resultado 4
35080.5
Jugando Partidos contra vecino 12
Resultado 5
38767.7
Jugando Partidos contra vecino 13
Resultado 6
44193.8
Jugando Partidos contra vecino 14
Resultado 7
33838.2
Jugando Partidos contra vecino 15
Resultado 5
41220
Jugando Partidos contra vecino 16
Resultado 8
30580.4
Jugando Partidos contra vecino 17
Resultado 9
39059.6
Jugando Partidos contra vecino 18
Resultado 7
40076.1
Jugando Partidos contra vecino 19
Resultado 7
32071.3
Jugando Partidos contra vecino 20
Resultado 8
30520.7
Jugando Partidos contra vecino 21
Resultado 5
20177
Jugando Partidos contra vecino 22
Resultado 12
36866.7
Yo soy: 
30 75 84 65 32 52 71 70 30 83 93 17 69 66 98 35 70 17 El mejor fue: 22
30 75 84 65 32 52 71 70 30 83 93 17 69 76 98 35 70 17 Generación 187
arranca 
Jugando Partidos contra vecino 0
Resultado 9
26391
Jugando Partidos contra vecino 1
Resultado 7
47440.6
Jugando Partidos contra vecino 2
Resultado 6
31077.5
Jugando Partidos contra vecino 3
Resultado 7
27333.2
Jugando Partidos contra vecino 4
Resultado 9
31310.5
Jugando Partidos contra vecino 5
Resultado 9
28216.9
Jugando Partidos contra vecino 6
Resultado 5
41962.4
Jugando Partidos contra vecino 7
Resultado 9
36457.1
Jugando Partidos contra vecino 8
Resultado 9
48652
Jugando Partidos contra vecino 9
Resultado 6
30610.7
Jugando Partidos contra vecino 10
Resultado 5
34418.7
Jugando Partidos contra vecino 11
Resultado 10
31210.5
Yo soy: 
30 75 84 65 32 52 71 70 30 83 93 17 69 76 98 35 70 17 El mejor fue: 11
30 85 84 65 32 52 71 70 30 83 93 17 69 76 98 35 70 17 Generación 186
arranca 
Jugando Partidos contra vecino 0
Resultado 9
24739.7
Jugando Partidos contra vecino 1
Resultado 7
26400.6
Jugando Partidos contra vecino 2
Resultado 7
20299.9
Jugando Partidos contra vecino 3
Resultado 7
19697.7
Jugando Partidos contra vecino 4
Resultado 7
19136
Jugando Partidos contra vecino 5
Resultado 7
18439.7
Jugando Partidos contra vecino 6
Resultado 7
18397.3
Jugando Partidos contra vecino 7
Resultado 7
24041.2
Jugando Partidos contra vecino 8
Resultado 5
31965.7
Jugando Partidos contra vecino 9
Resultado 7
20692.7
Jugando Partidos contra vecino 10
Resultado 9
20496.7
Jugando Partidos contra vecino 11
Resultado 5
19494.1
Jugando Partidos contra vecino 12
Resultado 9
23550.4
Jugando Partidos contra vecino 13
Resultado 9
23235.1
Jugando Partidos contra vecino 14
Resultado 9
18826.4
Jugando Partidos contra vecino 15
Resultado 9
23490.2
Jugando Partidos contra vecino 16
Resultado 11
24160.4
Yo soy: 
30 85 84 65 32 52 71 70 30 83 93 17 69 76 98 35 70 17 El mejor fue: 16
20 85 84 65 32 52 71 70 30 83 93 17 69 76 98 35 70 17 Generación 185
arranca 
Jugando Partidos contra vecino 0
Resultado 7
20890.3
Jugando Partidos contra vecino 1
Resultado 9
21717.5
Jugando Partidos contra vecino 2
Resultado 9
24568
Jugando Partidos contra vecino 3
Resultado 7
25755.1
Jugando Partidos contra vecino 4
Resultado 7
23516.1
Jugando Partidos contra vecino 5
Resultado 11
22578.5
Yo soy: 
20 85 84 65 32 52 71 70 30 83 93 17 69 76 98 35 70 17 El mejor fue: 5
20 85 84 65 32 52 71 70 30 83 83 17 69 76 98 35 70 17 Generación 184
arranca 
Jugando Partidos contra vecino 0
Resultado 9
19839.4
Jugando Partidos contra vecino 1
Resultado 9
20664.2
Jugando Partidos contra vecino 2
Resultado 7
21700.8
Jugando Partidos contra vecino 3
Resultado 11
23379.5
Yo soy: 
20 85 84 65 32 52 71 70 30 83 83 17 69 76 98 35 70 17 El mejor fue: 3
20 85 84 65 32 52 71 70 30 73 83 17 69 76 98 35 70 17 Generación 183
arranca 
Jugando Partidos contra vecino 0
Resultado 11
24689.6
Yo soy: 
20 85 84 65 32 52 71 70 30 73 83 17 69 76 98 35 70 17 El mejor fue: 0
20 85 84 65 32 52 71 70 30 73 83 17 69 86 98 35 70 17 Generación 182
arranca 
Jugando Partidos contra vecino 0
Resultado 9
32452.3
Jugando Partidos contra vecino 1
Resultado 11
22949.8
Yo soy: 
20 85 84 65 32 52 71 70 30 73 83 17 69 86 98 35 70 17 El mejor fue: 1
20 85 84 65 32 52 71 70 30 73 73 17 69 86 98 35 70 17 Generación 181
arranca 
Jugando Partidos contra vecino 0
Resultado 7
17779.6
Jugando Partidos contra vecino 1
Resultado 7
27530.6
Jugando Partidos contra vecino 2
Resultado 5
24498.2
Jugando Partidos contra vecino 3
Resultado 7
25421.3
Jugando Partidos contra vecino 4
Resultado 5
19864.5
Jugando Partidos contra vecino 5
Resultado 11
25384.1
Yo soy: 
20 85 84 65 32 52 71 70 30 73 73 17 69 86 98 35 70 17 El mejor fue: 5
20 85 84 65 32 52 71 70 30 73 73 17 69 86 98 45 70 17 Generación 180
arranca 
Jugando Partidos contra vecino 0
Resultado 9
25591.8
Jugando Partidos contra vecino 1
Resultado 5
21333.3
Jugando Partidos contra vecino 2
Resultado 7
27260.4
Jugando Partidos contra vecino 3
Resultado 9
28003.3
Jugando Partidos contra vecino 4
Resultado 7
20621
Jugando Partidos contra vecino 5
Resultado 7
27617
Jugando Partidos contra vecino 6
Resultado 9
22487.5
Jugando Partidos contra vecino 7
Resultado 13
24119.2
Yo soy: 
20 85 84 65 32 52 71 70 30 73 73 17 69 86 98 45 70 17 El mejor fue: 7
20 85 84 65 32 62 71 70 30 73 73 17 69 86 98 45 70 17 Generación 179
arranca 
Jugando Partidos contra vecino 0
Resultado 9
26445.7
Jugando Partidos contra vecino 1
Resultado 7
21209.3
Jugando Partidos contra vecino 2
Resultado 5
20976.6
Jugando Partidos contra vecino 3
Resultado 7
23171.4
Jugando Partidos contra vecino 4
Resultado 5
18790.7
Jugando Partidos contra vecino 5
Resultado 9
19878.9
Jugando Partidos contra vecino 6
Resultado 7
22547.9
Jugando Partidos contra vecino 7
Resultado 9
24666.3
Jugando Partidos contra vecino 8
Resultado 7
24918.7
Jugando Partidos contra vecino 9
Resultado 7
27877.1
Jugando Partidos contra vecino 10
Resultado 5
29981.6
Jugando Partidos contra vecino 11
Resultado 7
23091.9
Jugando Partidos contra vecino 12
Resultado 7
24484.4
Jugando Partidos contra vecino 13
Resultado 9
20586.3
Jugando Partidos contra vecino 14
Resultado 7
24182.4
Jugando Partidos contra vecino 15
Resultado 9
22466.3
Jugando Partidos contra vecino 16
Resultado 9
21416.2
Jugando Partidos contra vecino 17
Resultado 5
25311.1
Jugando Partidos contra vecino 18
Resultado 7
19220
Jugando Partidos contra vecino 19
Resultado 5
13248.1
Jugando Partidos contra vecino 20
Resultado 9
30496.8
Jugando Partidos contra vecino 21
Resultado 7
21214.6
Jugando Partidos contra vecino 22
Resultado 11
31848
Yo soy: 
20 85 84 65 32 62 71 70 30 73 73 17 69 86 98 45 70 17 El mejor fue: 22
20 85 84 65 32 62 71 70 30 73 73 27 69 86 98 45 70 17 Generación 178
arranca 
Jugando Partidos contra vecino 0
Resultado 5
40632.9
Jugando Partidos contra vecino 1
Resultado 5
23536.2
Jugando Partidos contra vecino 2
Resultado 5
35709
Jugando Partidos contra vecino 3
Resultado 7
38213.8
Jugando Partidos contra vecino 4
Resultado 9
34264.1
Jugando Partidos contra vecino 5
Resultado 5
32138.8
Jugando Partidos contra vecino 6
Resultado 5
37223.7
Jugando Partidos contra vecino 7
Resultado 9
27977.7
Jugando Partidos contra vecino 8
Resultado 5
32406.5
Jugando Partidos contra vecino 9
Resultado 7
34185.8
Jugando Partidos contra vecino 10
Resultado 9
23757.2
Jugando Partidos contra vecino 11
Resultado 5
32269.5
Jugando Partidos contra vecino 12
Resultado 9
25806.5
Jugando Partidos contra vecino 13
Resultado 5
15201.5
Jugando Partidos contra vecino 14
Resultado 5
44408.6
Jugando Partidos contra vecino 15
Resultado 5
25528.2
Jugando Partidos contra vecino 16
Resultado 5
25058.2
Jugando Partidos contra vecino 17
Resultado 5
33687
Jugando Partidos contra vecino 18
Resultado 5
37609.9
Jugando Partidos contra vecino 19
Resultado 7
30531.6
Jugando Partidos contra vecino 20
Resultado 5
38013.4
Jugando Partidos contra vecino 21
Resultado 5
31093
Jugando Partidos contra vecino 22
Resultado 7
31537.4
Jugando Partidos contra vecino 23
Resultado 5
35963.2
Jugando Partidos contra vecino 24
Resultado 7
38830.2
Jugando Partidos contra vecino 25
Resultado 5
22458.3
Jugando Partidos contra vecino 26
Resultado 7
33321.3
Jugando Partidos contra vecino 27
Resultado 5
39651
Jugando Partidos contra vecino 28
Resultado 7
25801.6
Jugando Partidos contra vecino 29
Resultado 7
26720.3
Jugando Partidos contra vecino 30
Resultado 7
23944.8
Jugando Partidos contra vecino 31
Resultado 5
40415.5
Jugando Partidos contra vecino 32
Resultado 11
24141.3
Yo soy: 
20 85 84 65 32 62 71 70 30 73 73 27 69 86 98 45 70 17 El mejor fue: 32
20 85 84 65 32 62 71 70 30 73 73 37 69 86 98 45 70 17 Generación 177
arranca 
Jugando Partidos contra vecino 0
Resultado 9
30961.5
Jugando Partidos contra vecino 1
Resultado 9
30933.8
Jugando Partidos contra vecino 2
Resultado 4
32200.2
Jugando Partidos contra vecino 3
Resultado 7
25652
Jugando Partidos contra vecino 4
Resultado 5
25740
Jugando Partidos contra vecino 5
Resultado 9
32877.6
Jugando Partidos contra vecino 6
Resultado 6
27503
Jugando Partidos contra vecino 7
Resultado 7
26205.5
Jugando Partidos contra vecino 8
Resultado 7
23566.7
Jugando Partidos contra vecino 9
Resultado 7
28464.3
Jugando Partidos contra vecino 10
Resultado 7
29605
Jugando Partidos contra vecino 11
Resultado 11
36100.8
Yo soy: 
20 85 84 65 32 62 71 70 30 73 73 37 69 86 98 45 70 17 El mejor fue: 11
20 85 84 65 32 62 61 70 30 73 73 37 69 86 98 45 70 17 Generación 176
arranca 
Jugando Partidos contra vecino 0
Resultado 7
31964
Jugando Partidos contra vecino 1
Resultado 5
26752.8
Jugando Partidos contra vecino 2
Resultado 7
27795
Jugando Partidos contra vecino 3
Resultado 7
25889.8
Jugando Partidos contra vecino 4
Resultado 7
28996.1
Jugando Partidos contra vecino 5
Resultado 7
36054
Jugando Partidos contra vecino 6
Resultado 5
21762
Jugando Partidos contra vecino 7
Resultado 7
31840.5
Jugando Partidos contra vecino 8
Resultado 5
28051.6
Jugando Partidos contra vecino 9
Resultado 5
25013.9
Jugando Partidos contra vecino 10
Resultado 5
26053.9
Jugando Partidos contra vecino 11
Resultado 9
34522.8
Jugando Partidos contra vecino 12
Resultado 5
27899.2
Jugando Partidos contra vecino 13
Resultado 5
35917.7
Jugando Partidos contra vecino 14
Resultado 9
32029.4
Jugando Partidos contra vecino 15
Resultado 5
25913.4
Jugando Partidos contra vecino 16
Resultado 7
30743.7
Jugando Partidos contra vecino 17
Resultado 5
27178.8
Jugando Partidos contra vecino 18
Resultado 5
24214.6
Jugando Partidos contra vecino 19
Resultado 6
34347.4
Jugando Partidos contra vecino 20
Resultado 7
27889.1
Jugando Partidos contra vecino 21
Resultado 5
20405.2
Jugando Partidos contra vecino 22
Resultado 7
27320.4
Jugando Partidos contra vecino 23
Resultado 7
27702.6
Jugando Partidos contra vecino 24
Resultado 9
30436
Jugando Partidos contra vecino 25
Resultado 5
23258
Jugando Partidos contra vecino 26
Resultado 5
25716.3
Jugando Partidos contra vecino 27
Resultado 7
32196
Jugando Partidos contra vecino 28
Resultado 5
32172.7
Jugando Partidos contra vecino 29
Resultado 5
26179.6
Jugando Partidos contra vecino 30
Resultado 11
35401.2
Yo soy: 
20 85 84 65 32 62 61 70 30 73 73 37 69 86 98 45 70 17 El mejor fue: 30
20 85 84 65 32 62 61 70 40 73 73 37 69 86 98 45 70 17 Generación 175
arranca 
Jugando Partidos contra vecino 0
Resultado 7
25603.5
Jugando Partidos contra vecino 1
Resultado 5
25425.9
Jugando Partidos contra vecino 2
Resultado 7
27718.9
Jugando Partidos contra vecino 3
Resultado 5
16463.7
Jugando Partidos contra vecino 4
Resultado 4
28872.2
Jugando Partidos contra vecino 5
Resultado 5
22789.7
Jugando Partidos contra vecino 6
Resultado 5
22538.5
Jugando Partidos contra vecino 7
Resultado 7
23008.8
Jugando Partidos contra vecino 8
Resultado 7
25694.4
Jugando Partidos contra vecino 9
Resultado 5
26769.1
Jugando Partidos contra vecino 10
Resultado 9
39424.6
Jugando Partidos contra vecino 11
Resultado 7
30862.8
Jugando Partidos contra vecino 12
Resultado 5
32513.7
Jugando Partidos contra vecino 13
Resultado 7
32198.8
Jugando Partidos contra vecino 14
Resultado 7
26608.3
Jugando Partidos contra vecino 15
Resultado 7
23176.3
Jugando Partidos contra vecino 16
Resultado 9
36515.7
Jugando Partidos contra vecino 17
Resultado 9
33717.8
Jugando Partidos contra vecino 18
Resultado 6
28756.1
Jugando Partidos contra vecino 19
Resultado 5
22525.7
Jugando Partidos contra vecino 20
Resultado 11
35136.8
Yo soy: 
20 85 84 65 32 62 61 70 40 73 73 37 69 86 98 45 70 17 El mejor fue: 20
20 85 84 65 32 62 61 70 40 73 73 37 69 86 98 45 70 7 Generación 174
arranca 
Jugando Partidos contra vecino 0
Resultado 5
27006.9
Jugando Partidos contra vecino 1
Resultado 9
32204.3
Jugando Partidos contra vecino 2
Resultado 5
27576.6
Jugando Partidos contra vecino 3
Resultado 9
32600.2
Jugando Partidos contra vecino 4
Resultado 7
27828.5
Jugando Partidos contra vecino 5
Resultado 11
35108
Yo soy: 
20 85 84 65 32 62 61 70 40 73 73 37 69 86 98 45 70 7 El mejor fue: 5
20 85 84 65 32 62 61 70 40 73 83 37 69 86 98 45 70 7 Generación 173
arranca 
Jugando Partidos contra vecino 0
Resultado 7
37732.2
Jugando Partidos contra vecino 1
Resultado 13
42006.4
Yo soy: 
20 85 84 65 32 62 61 70 40 73 83 37 69 86 98 45 70 7 El mejor fue: 1
20 85 84 55 32 62 61 70 40 73 83 37 69 86 98 45 70 7 Generación 172
arranca 
Jugando Partidos contra vecino 0
Resultado 11
39323.5
Yo soy: 
20 85 84 55 32 62 61 70 40 73 83 37 69 86 98 45 70 7 El mejor fue: 0
20 85 84 55 22 62 61 70 40 73 83 37 69 86 98 45 70 7 Generación 171
arranca 
Jugando Partidos contra vecino 0
Resultado 8
39421.3
Jugando Partidos contra vecino 1
Resultado 10
37245.2
Yo soy: 
20 85 84 55 22 62 61 70 40 73 83 37 69 86 98 45 70 7 El mejor fue: 1
20 85 84 55 22 62 61 70 40 73 83 37 69 86 98 45 80 7 Generación 170
arranca 
Jugando Partidos contra vecino 0
Resultado 8
32722.6
Jugando Partidos contra vecino 1
Resultado 6
34114.4
Jugando Partidos contra vecino 2
Resultado 8
37452
Jugando Partidos contra vecino 3
Resultado 11
42155.5
Yo soy: 
20 85 84 55 22 62 61 70 40 73 83 37 69 86 98 45 80 7 El mejor fue: 3
20 85 84 55 22 62 61 70 40 73 83 37 69 86 98 45 70 7 Generación 169
arranca 
Jugando Partidos contra vecino 0
Resultado 4
31069.9
Jugando Partidos contra vecino 1
Resultado 4
26561.1
Jugando Partidos contra vecino 2
Resultado 9
42052.6
Jugando Partidos contra vecino 3
Resultado 5
37166.7
Jugando Partidos contra vecino 4
Resultado 11
36487.4
Yo soy: 
20 85 84 55 22 62 61 70 40 73 83 37 69 86 98 45 70 7 El mejor fue: 4
20 95 84 55 22 62 61 70 40 73 83 37 69 86 98 45 70 7 Generación 168
arranca 
Jugando Partidos contra vecino 0
Resultado 11
37416.6
Yo soy: 
20 95 84 55 22 62 61 70 40 73 83 37 69 86 98 45 70 7 El mejor fue: 0
20 95 84 55 22 62 61 70 40 73 83 37 69 86 98 45 70 -3 Generación 167
arranca 
Jugando Partidos contra vecino 0
Resultado 7
35836.7
Jugando Partidos contra vecino 1
Resultado 10
35936.5
Yo soy: 
20 95 84 55 22 62 61 70 40 73 83 37 69 86 98 45 70 -3 El mejor fue: 1
20 95 84 55 22 62 61 70 40 73 83 37 69 86 98 45 70 7 Generación 166
arranca 
Jugando Partidos contra vecino 0
Resultado 5
30863.4
Jugando Partidos contra vecino 1
Resultado 15
43830.1
Yo soy: 
20 95 84 55 22 62 61 70 40 73 83 37 69 86 98 45 70 7 El mejor fue: 1
20 95 84 55 22 62 51 70 40 73 83 37 69 86 98 45 70 7 Generación 165
arranca 
Jugando Partidos contra vecino 0
Resultado 12
40814.2
Yo soy: 
20 95 84 55 22 62 51 70 40 73 83 37 69 86 98 45 70 7 El mejor fue: 0
20 95 84 55 22 62 51 60 40 73 83 37 69 86 98 45 70 7 Generación 164
arranca 
Jugando Partidos contra vecino 0
Resultado 7
31184
Jugando Partidos contra vecino 1
Resultado 11
38867
Yo soy: 
20 95 84 55 22 62 51 60 40 73 83 37 69 86 98 45 70 7 El mejor fue: 1
20 95 84 55 22 62 61 60 40 73 83 37 69 86 98 45 70 7 Generación 163
arranca 
Jugando Partidos contra vecino 0
Resultado 6
39382.7
Jugando Partidos contra vecino 1
Resultado 8
34239.8
Jugando Partidos contra vecino 2
Resultado 8
35678.6
Jugando Partidos contra vecino 3
Resultado 9
33807.7
Jugando Partidos contra vecino 4
Resultado 9
37520.7
Jugando Partidos contra vecino 5
Resultado 7
29783.8
Jugando Partidos contra vecino 6
Resultado 6
34096.5
Jugando Partidos contra vecino 7
Resultado 4
22144.7
Jugando Partidos contra vecino 8
Resultado 5
35484.5
Jugando Partidos contra vecino 9
Resultado 9
35933.2
Jugando Partidos contra vecino 10
Resultado 7
33501.7
Jugando Partidos contra vecino 11
Resultado 9
35835
Jugando Partidos contra vecino 12
Resultado 11
36617.5
Yo soy: 
20 95 84 55 22 62 61 60 40 73 83 37 69 86 98 45 70 7 El mejor fue: 12
20 95 84 55 22 62 61 60 40 73 83 37 69 86 98 45 70 -3 Generación 162
arranca 
Jugando Partidos contra vecino 0
Resultado 11
38450
Yo soy: 
20 95 84 55 22 62 61 60 40 73 83 37 69 86 98 45 70 -3 El mejor fue: 0
20 95 84 55 22 62 61 50 40 73 83 37 69 86 98 45 70 -3 Generación 161
arranca 
Jugando Partidos contra vecino 0
Resultado 11
40452
Yo soy: 
20 95 84 55 22 62 61 50 40 73 83 37 69 86 98 45 70 -3 El mejor fue: 0
20 75 84 55 22 62 61 50 40 73 83 37 69 86 98 45 70 -3 Generación 160
arranca 
Jugando Partidos contra vecino 0
Resultado 6
36266.8
Jugando Partidos contra vecino 1
Resultado 11
46976.7
Yo soy: 
20 75 84 55 22 62 61 50 40 73 83 37 69 86 98 45 70 -3 El mejor fue: 1
20 75 84 55 22 62 61 50 40 73 83 37 69 86 98 45 70 -13 Generación 159
arranca 
Jugando Partidos contra vecino 0
Resultado 13
38484.2
Yo soy: 
20 75 84 55 22 62 61 50 40 73 83 37 69 86 98 45 70 -13 El mejor fue: 0
20 75 84 55 22 62 61 40 40 73 83 37 69 86 98 45 70 -13 Generación 158
arranca 
Jugando Partidos contra vecino 0
Resultado 9
42608.4
Jugando Partidos contra vecino 1
Resultado 13
40111.1
Yo soy: 
20 75 84 55 22 62 61 40 40 73 83 37 69 86 98 45 70 -13 El mejor fue: 1
20 75 84 55 22 62 61 40 40 73 83 37 69 86 98 45 70 -23 Generación 157
arranca 
Jugando Partidos contra vecino 0
Resultado 9
34086.9
Jugando Partidos contra vecino 1
Resultado 8
37433.1
Jugando Partidos contra vecino 2
Resultado 10
37521.2
Yo soy: 
20 75 84 55 22 62 61 40 40 73 83 37 69 86 98 45 70 -23 El mejor fue: 2
20 75 74 55 22 62 61 40 40 73 83 37 69 86 98 45 70 -23 Generación 156
arranca 
Jugando Partidos contra vecino 0
Resultado 7
35733.8
Jugando Partidos contra vecino 1
Resultado 10
33898.1
Yo soy: 
20 75 74 55 22 62 61 40 40 73 83 37 69 86 98 45 70 -23 El mejor fue: 1
20 75 74 55 22 62 61 40 40 73 83 47 69 86 98 45 70 -23 Generación 155
arranca 
Jugando Partidos contra vecino 0
Resultado 8
29809.8
Jugando Partidos contra vecino 1
Resultado 5
31335.1
Jugando Partidos contra vecino 2
Resultado 6
29193.1
Jugando Partidos contra vecino 3
Resultado 8
34577.2
Jugando Partidos contra vecino 4
Resultado 5
19928.3
Jugando Partidos contra vecino 5
Resultado 6
32512.9
Jugando Partidos contra vecino 6
Resultado 8
22399.7
Jugando Partidos contra vecino 7
Resultado 9
37705.4
Jugando Partidos contra vecino 8
Resultado 6
28568.3
Jugando Partidos contra vecino 9
Resultado 7
26971
Jugando Partidos contra vecino 10
Resultado 6
27933.8
Jugando Partidos contra vecino 11
Resultado 5
35074.1
Jugando Partidos contra vecino 12
Resultado 6
33304.1
Jugando Partidos contra vecino 13
Resultado 4
27948.1
Jugando Partidos contra vecino 14
Resultado 8
29683.6
Jugando Partidos contra vecino 15
Resultado 6
38081.1
Jugando Partidos contra vecino 16
Resultado 5
23822.5
Jugando Partidos contra vecino 17
Resultado 3
19838.6
Jugando Partidos contra vecino 18
Resultado 9
31416.4
Jugando Partidos contra vecino 19
Resultado 3
22081.2
Jugando Partidos contra vecino 20
Resultado 7
27054
Jugando Partidos contra vecino 21
Resultado 11
30872.3
Yo soy: 
20 75 74 55 22 62 61 40 40 73 83 47 69 86 98 45 70 -23 El mejor fue: 21
20 75 74 55 22 62 61 30 40 73 83 47 69 86 98 45 70 -23 Generación 154
arranca 
Jugando Partidos contra vecino 0
Resultado 6
31010.9
Jugando Partidos contra vecino 1
Resultado 8
28752.4
Jugando Partidos contra vecino 2
Resultado 6
26351.3
Jugando Partidos contra vecino 3
Resultado 4
19767.3
Jugando Partidos contra vecino 4
Resultado 6
23553.4
Jugando Partidos contra vecino 5
Resultado 7
35626.8
Jugando Partidos contra vecino 6
Resultado 7
28151.9
Jugando Partidos contra vecino 7
Resultado 5
20733.4
Jugando Partidos contra vecino 8
Resultado 6
19860.2
Jugando Partidos contra vecino 9
Resultado 12
34494.3
Yo soy: 
20 75 74 55 22 62 61 30 40 73 83 47 69 86 98 45 70 -23 El mejor fue: 9
20 75 74 55 22 62 61 40 40 73 83 47 69 86 98 45 70 -23 Generación 153
arranca 
Jugando Partidos contra vecino 0
Resultado 4
24923
Jugando Partidos contra vecino 1
Resultado 10
26276.2
Yo soy: 
20 75 74 55 22 62 61 40 40 73 83 47 69 86 98 45 70 -23 El mejor fue: 1
20 75 74 55 22 62 61 40 40 73 83 57 69 86 98 45 70 -23 Generación 152
arranca 
Jugando Partidos contra vecino 0
Resultado 4
24777.8
Jugando Partidos contra vecino 1
Resultado 6
26696.6
Jugando Partidos contra vecino 2
Resultado 5
30316.7
Jugando Partidos contra vecino 3
Resultado 9
30365.4
Jugando Partidos contra vecino 4
Resultado 6
24526.2
Jugando Partidos contra vecino 5
Resultado 2
15868.2
Jugando Partidos contra vecino 6
Resultado 5
20082.7
Jugando Partidos contra vecino 7
Resultado 5
23367.6
Jugando Partidos contra vecino 8
Resultado 5
27259.5
Jugando Partidos contra vecino 9
Resultado 5
21795.2
Jugando Partidos contra vecino 10
Resultado 4
21846.6
Jugando Partidos contra vecino 11
Resultado 7
34847.7
Jugando Partidos contra vecino 12
Resultado 7
17401.3
Jugando Partidos contra vecino 13
Resultado 6
19573.4
Jugando Partidos contra vecino 14
Resultado 5
25304.1
Jugando Partidos contra vecino 15
Resultado 6
31040.4
Jugando Partidos contra vecino 16
Resultado 4
20046.4
Jugando Partidos contra vecino 17
Resultado 5
36855.2
Jugando Partidos contra vecino 18
Resultado 6
34051.3
Jugando Partidos contra vecino 19
Resultado 4
17145.2
Jugando Partidos contra vecino 20
Resultado 7
30218.7
Jugando Partidos contra vecino 21
Resultado 3
28096
Jugando Partidos contra vecino 22
Resultado 8
25774.1
Jugando Partidos contra vecino 23
Resultado 4
26458.4
Jugando Partidos contra vecino 24
Resultado 7
28817.9
Jugando Partidos contra vecino 25
Resultado 8
27389.3
Jugando Partidos contra vecino 26
Resultado 7
31295.4
Jugando Partidos contra vecino 27
Resultado 7
29318
Jugando Partidos contra vecino 28
Resultado 9
28403.1
Jugando Partidos contra vecino 29
Resultado 3
19315.4
Jugando Partidos contra vecino 30
Resultado 9
30598.2
Jugando Partidos contra vecino 31
Resultado 8
30589.3
Jugando Partidos contra vecino 32
Resultado 6
30408.3
Jugando Partidos contra vecino 33
Resultado 6
29626
Jugando Partidos contra vecino 34
Resultado 5
28374.2
Jugando Partidos contra vecino 35
Resultado 7
29217.5
1.15968e+07
arranca 
Jugando Partidos contra vecino 0
Resultado 11
29099.4
Yo soy: 
58 55 82 22 49 76 65 37 5 74 36 97 62 11 64 80 59 54 El mejor fue: 0
58 55 82 22 49 76 65 47 5 74 36 97 62 11 64 80 59 54 Generación 199
arranca 
Jugando Partidos contra vecino 0
Resultado 5
23897.1
Jugando Partidos contra vecino 1
Resultado 5
32642.7
Jugando Partidos contra vecino 2
Resultado 7
25949.1
Jugando Partidos contra vecino 3
Resultado 9
29077.2
Jugando Partidos contra vecino 4
Resultado 9
31155.8
Jugando Partidos contra vecino 5
Resultado 11
39583.8
Yo soy: 
58 55 82 22 49 76 65 47 5 74 36 97 62 11 64 80 59 54 El mejor fue: 5
48 55 82 22 49 76 65 47 5 74 36 97 62 11 64 80 59 54 Generación 198
arranca 
Jugando Partidos contra vecino 0
Resultado 13
41048.3
Yo soy: 
48 55 82 22 49 76 65 47 5 74 36 97 62 11 64 80 59 54 El mejor fue: 0
48 55 82 22 49 86 65 47 5 74 36 97 62 11 64 80 59 54 Generación 197
arranca 
Jugando Partidos contra vecino 0
Resultado 8
31700.8
Jugando Partidos contra vecino 1
Resultado 11
42561.7
Yo soy: 
48 55 82 22 49 86 65 47 5 74 36 97 62 11 64 80 59 54 El mejor fue: 1
48 55 82 22 49 86 65 47 5 74 36 97 62 11 54 80 59 54 Generación 196
arranca 
Jugando Partidos contra vecino 0
Resultado 13
55132.5
Yo soy: 
48 55 82 22 49 86 65 47 5 74 36 97 62 11 54 80 59 54 El mejor fue: 0
48 55 82 12 49 86 65 47 5 74 36 97 62 11 54 80 59 54 Generación 195
arranca 
Jugando Partidos contra vecino 0
Resultado 8
37452.9
Jugando Partidos contra vecino 1
Resultado 9
36128.6
Jugando Partidos contra vecino 2
Resultado 10
40142.3
Yo soy: 
48 55 82 12 49 86 65 47 5 74 36 97 62 11 54 80 59 54 El mejor fue: 2
48 55 82 12 49 86 65 47 5 74 46 97 62 11 54 80 59 54 Generación 194
arranca 
Jugando Partidos contra vecino 0
Resultado 13
32361.6
Yo soy: 
48 55 82 12 49 86 65 47 5 74 46 97 62 11 54 80 59 54 El mejor fue: 0
48 55 82 12 49 86 65 47 5 74 46 97 52 11 54 80 59 54 Generación 193
arranca 
Jugando Partidos contra vecino 0
Resultado 5
20972.7
Jugando Partidos contra vecino 1
Resultado 11
44323.5
Yo soy: 
48 55 82 12 49 86 65 47 5 74 46 97 52 11 54 80 59 54 El mejor fue: 1
38 55 82 12 49 86 65 47 5 74 46 97 52 11 54 80 59 54 Generación 192
arranca 
Jugando Partidos contra vecino 0
Resultado 7
26377.5
Jugando Partidos contra vecino 1
Resultado 8
38435
Jugando Partidos contra vecino 2
Resultado 11
44253.4
Yo soy: 
38 55 82 12 49 86 65 47 5 74 46 97 52 11 54 80 59 54 El mejor fue: 2
38 55 82 22 49 86 65 47 5 74 46 97 52 11 54 80 59 54 Generación 191
arranca 
Jugando Partidos contra vecino 0
Resultado 10
50418.4
Yo soy: 
38 55 82 22 49 86 65 47 5 74 46 97 52 11 54 80 59 54 El mejor fue: 0
38 55 82 32 49 86 65 47 5 74 46 97 52 11 54 80 59 54 Generación 190
arranca 
Jugando Partidos contra vecino 0
Resultado 9
33999.9
Jugando Partidos contra vecino 1
Resultado 9
31956.1
Jugando Partidos contra vecino 2
Resultado 10
43699
Yo soy: 
38 55 82 32 49 86 65 47 5 74 46 97 52 11 54 80 59 54 El mejor fue: 2
38 55 82 32 49 86 65 47 5 74 46 97 52 11 54 80 59 64 Generación 189
arranca 
Jugando Partidos contra vecino 0
Resultado 5
19742
Jugando Partidos contra vecino 1
Resultado 7
28742.8
Jugando Partidos contra vecino 2
Resultado 11
46952.1
Yo soy: 
38 55 82 32 49 86 65 47 5 74 46 97 52 11 54 80 59 64 El mejor fue: 2
38 55 82 32 49 76 65 47 5 74 46 97 52 11 54 80 59 64 Generación 188
arranca 
Jugando Partidos contra vecino 0
Resultado 11
42872.1
Yo soy: 
38 55 82 32 49 76 65 47 5 74 46 97 52 11 54 80 59 64 El mejor fue: 0
38 55 82 32 59 76 65 47 5 74 46 97 52 11 54 80 59 64 Generación 187
arranca 
Jugando Partidos contra vecino 0
Resultado 5
28507.1
Jugando Partidos contra vecino 1
Resultado 9
25526.7
Jugando Partidos contra vecino 2
Resultado 8
30584.9
Jugando Partidos contra vecino 3
Resultado 3
19791.9
Jugando Partidos contra vecino 4
Resultado 2
22516.5
Jugando Partidos contra vecino 5
Resultado 13
49868.4
Yo soy: 
38 55 82 32 59 76 65 47 5 74 46 97 52 11 54 80 59 64 El mejor fue: 5
38 55 82 32 59 76 65 47 5 74 46 97 62 11 54 80 59 64 Generación 186
arranca 
Jugando Partidos contra vecino 0
Resultado 9
31527.6
Jugando Partidos contra vecino 1
Resultado 5
27149.7
Jugando Partidos contra vecino 2
Resultado 6
31435.4
Jugando Partidos contra vecino 3
Resultado 11
38793.5
Yo soy: 
38 55 82 32 59 76 65 47 5 74 46 97 62 11 54 80 59 64 El mejor fue: 3
38 45 82 32 59 76 65 47 5 74 46 97 62 11 54 80 59 64 Generación 185
arranca 
Jugando Partidos contra vecino 0
Resultado 11
45936.7
Yo soy: 
38 45 82 32 59 76 65 47 5 74 46 97 62 11 54 80 59 64 El mejor fue: 0
38 45 82 32 59 76 65 47 5 74 46 97 72 11 54 80 59 64 Generación 184
arranca 
Jugando Partidos contra vecino 0
Resultado 9
36891.8
Jugando Partidos contra vecino 1
Resultado 11
42409.2
Yo soy: 
38 45 82 32 59 76 65 47 5 74 46 97 72 11 54 80 59 64 El mejor fue: 1
38 45 82 32 59 76 65 47 5 74 46 97 72 21 54 80 59 64 Generación 183
arranca 
Jugando Partidos contra vecino 0
Resultado 9
45577.3
Jugando Partidos contra vecino 1
Resultado 6
42164
Jugando Partidos contra vecino 2
Resultado 9
37079.2
Jugando Partidos contra vecino 3
Resultado 9
46419
Jugando Partidos contra vecino 4
Resultado 7
29504.5
Jugando Partidos contra vecino 5
Resultado 5
35093.9
Jugando Partidos contra vecino 6
Resultado 9
49153.1
Jugando Partidos contra vecino 7
Resultado 9
37629.8
Jugando Partidos contra vecino 8
Resultado 7
38128.4
Jugando Partidos contra vecino 9
Resultado 7
38247
Jugando Partidos contra vecino 10
Resultado 6
40050.9
Jugando Partidos contra vecino 11
Resultado 11
48076.8
Yo soy: 
38 45 82 32 59 76 65 47 5 74 46 97 72 21 54 80 59 64 El mejor fue: 11
38 45 82 32 59 76 75 47 5 74 46 97 72 21 54 80 59 64 Generación 182
arranca 
Jugando Partidos contra vecino 0
Resultado 11
46998.3
Yo soy: 
38 45 82 32 59 76 75 47 5 74 46 97 72 21 54 80 59 64 El mejor fue: 0
48 45 82 32 59 76 75 47 5 74 46 97 72 21 54 80 59 64 Generación 181
arranca 
Jugando Partidos contra vecino 0
Resultado 9
47652
Jugando Partidos contra vecino 1
Resultado 9
41473.3
Jugando Partidos contra vecino 2
Resultado 13
55329.6
Yo soy: 
48 45 82 32 59 76 75 47 5 74 46 97 72 21 54 80 59 64 El mejor fue: 2
48 45 82 32 59 76 85 47 5 74 46 97 72 21 54 80 59 64 Generación 180
arranca 
Jugando Partidos contra vecino 0
Resultado 5
33610.7
Jugando Partidos contra vecino 1
Resultado 7
41413.2
Jugando Partidos contra vecino 2
Resultado 11
51221.4
Yo soy: 
48 45 82 32 59 76 85 47 5 74 46 97 72 21 54 80 59 64 El mejor fue: 2
48 45 82 32 59 76 75 47 5 74 46 97 72 21 54 80 59 64 Generación 179
arranca 
Jugando Partidos contra vecino 0
Resultado 8
45298.3
Jugando Partidos contra vecino 1
Resultado 2
14872.5
Jugando Partidos contra vecino 2
Resultado 6
24646.4
Jugando Partidos contra vecino 3
Resultado 9
48928.9
Jugando Partidos contra vecino 4
Resultado 13
44325.6
Yo soy: 
48 45 82 32 59 76 75 47 5 74 46 97 72 21 54 80 59 64 El mejor fue: 4
48 45 72 32 59 76 75 47 5 74 46 97 72 21 54 80 59 64 Generación 178
arranca 
Jugando Partidos contra vecino 0
Resultado 9
39159.3
Jugando Partidos contra vecino 1
Resultado 7
37991
Jugando Partidos contra vecino 2
Resultado 9
44499.4
Jugando Partidos contra vecino 3
Resultado 11
44756.1
Yo soy: 
48 45 72 32 59 76 75 47 5 74 46 97 72 21 54 80 59 64 El mejor fue: 3
48 45 72 32 59 76 75 47 5 74 46 97 72 11 54 80 59 64 Generación 177
arranca 
Jugando Partidos contra vecino 0
Resultado 7
21699.1
Jugando Partidos contra vecino 1
Resultado 11
40002.5
Yo soy: 
48 45 72 32 59 76 75 47 5 74 46 97 72 11 54 80 59 64 El mejor fue: 1
48 45 72 32 59 76 75 47 5 74 46 97 72 11 54 80 59 74 Generación 176
arranca 
Jugando Partidos contra vecino 0
Resultado 11
43969.7
Yo soy: 
48 45 72 32 59 76 75 47 5 74 46 97 72 11 54 80 59 74 El mejor fue: 0
48 45 72 32 59 86 75 47 5 74 46 97 72 11 54 80 59 74 Generación 175
arranca 
Jugando Partidos contra vecino 0
Resultado 11
48747.9
Yo soy: 
48 45 72 32 59 86 75 47 5 74 46 97 72 11 54 80 59 74 El mejor fue: 0
48 45 72 32 59 86 75 47 5 74 46 97 72 11 54 80 49 74 Generación 174
arranca 
Jugando Partidos contra vecino 0
Resultado 9
33785.4
Jugando Partidos contra vecino 1
Resultado 13
51636.1
Yo soy: 
48 45 72 32 59 86 75 47 5 74 46 97 72 11 54 80 49 74 El mejor fue: 1
48 45 72 32 59 86 75 47 5 74 46 97 72 11 54 80 59 74 Generación 173
arranca 
Jugando Partidos contra vecino 0
Resultado 11
35919.4
Yo soy: 
48 45 72 32 59 86 75 47 5 74 46 97 72 11 54 80 59 74 El mejor fue: 0
48 45 72 32 59 86 65 47 5 74 46 97 72 11 54 80 59 74 Generación 172
arranca 
Jugando Partidos contra vecino 0
Resultado 13
49210.2
Yo soy: 
48 45 72 32 59 86 65 47 5 74 46 97 72 11 54 80 59 74 El mejor fue: 0
48 45 72 32 59 86 65 47 5 74 56 97 72 11 54 80 59 74 Generación 171
arranca 
Jugando Partidos contra vecino 0
Resultado 11
38199
Yo soy: 
48 45 72 32 59 86 65 47 5 74 56 97 72 11 54 80 59 74 El mejor fue: 0
48 35 72 32 59 86 65 47 5 74 56 97 72 11 54 80 59 74 Generación 170
arranca 
Jugando Partidos contra vecino 0
Resultado 8
33954.3
Jugando Partidos contra vecino 1
Resultado 11
39506.5
Yo soy: 
48 35 72 32 59 86 65 47 5 74 56 97 72 11 54 80 59 74 El mejor fue: 1
48 35 72 32 59 86 65 47 -5 74 56 97 72 11 54 80 59 74 Generación 169
arranca 
Jugando Partidos contra vecino 0
Resultado 13
38135.1
Yo soy: 
48 35 72 32 59 86 65 47 -5 74 56 97 72 11 54 80 59 74 El mejor fue: 0
48 35 72 42 59 86 65 47 -5 74 56 97 72 11 54 80 59 74 Generación 168
arranca 
Jugando Partidos contra vecino 0
Resultado 15
56867.7
Yo soy: 
48 35 72 42 59 86 65 47 -5 74 56 97 72 11 54 80 59 74 El mejor fue: 0
48 35 72 42 59 86 65 47 -5 74 56 97 72 11 44 80 59 74 Generación 167
arranca 
Jugando Partidos contra vecino 0
Resultado 11
41594
Yo soy: 
48 35 72 42 59 86 65 47 -5 74 56 97 72 11 44 80 59 74 El mejor fue: 0
38 35 72 42 59 86 65 47 -5 74 56 97 72 11 44 80 59 74 Generación 166
arranca 
Jugando Partidos contra vecino 0
Resultado 13
51578.9
Yo soy: 
38 35 72 42 59 86 65 47 -5 74 56 97 72 11 44 80 59 74 El mejor fue: 0
48 35 72 42 59 86 65 47 -5 74 56 97 72 11 44 80 59 74 Generación 165
arranca 
Jugando Partidos contra vecino 0
Resultado 9
31039.4
Jugando Partidos contra vecino 1
Resultado 13
47952.8
Yo soy: 
48 35 72 42 59 86 65 47 -5 74 56 97 72 11 44 80 59 74 El mejor fue: 1
48 35 72 42 59 86 65 47 -5 74 56 97 72 11 44 80 49 74 Generación 164
arranca 
Jugando Partidos contra vecino 0
Resultado 9
31496.8
Jugando Partidos contra vecino 1
Resultado 11
43271.3
Yo soy: 
48 35 72 42 59 86 65 47 -5 74 56 97 72 11 44 80 49 74 El mejor fue: 1
48 35 72 42 59 86 65 47 5 74 56 97 72 11 44 80 49 74 Generación 163
arranca 
Jugando Partidos contra vecino 0
Resultado 11
48577.9
Yo soy: 
48 35 72 42 59 86 65 47 5 74 56 97 72 11 44 80 49 74 El mejor fue: 0
48 35 72 42 59 86 65 37 5 74 56 97 72 11 44 80 49 74 Generación 162
arranca 
Jugando Partidos contra vecino 0
Resultado 9
41403.5
Jugando Partidos contra vecino 1
Resultado 13
42107.4
Yo soy: 
48 35 72 42 59 86 65 37 5 74 56 97 72 11 44 80 49 74 El mejor fue: 1
48 35 72 42 59 86 55 37 5 74 56 97 72 11 44 80 49 74 Generación 161
arranca 
Jugando Partidos contra vecino 0
Resultado 5
26338.8
Jugando Partidos contra vecino 1
Resultado 7
32309.6
Jugando Partidos contra vecino 2
Resultado 11
42956.1
Yo soy: 
48 35 72 42 59 86 55 37 5 74 56 97 72 11 44 80 49 74 El mejor fue: 2
48 35 72 42 59 86 55 47 5 74 56 97 72 11 44 80 49 74 Generación 160
arranca 
Jugando Partidos contra vecino 0
Resultado 9
33303.5
Jugando Partidos contra vecino 1
Resultado 13
51294.2
Yo soy: 
48 35 72 42 59 86 55 47 5 74 56 97 72 11 44 80 49 74 El mejor fue: 1
48 35 72 42 59 96 55 47 5 74 56 97 72 11 44 80 49 74 Generación 159
arranca 
Jugando Partidos contra vecino 0
Resultado 11
36659.6
Yo soy: 
48 35 72 42 59 96 55 47 5 74 56 97 72 11 44 80 49 74 El mejor fue: 0
48 25 72 42 59 96 55 47 5 74 56 97 72 11 44 80 49 74 Generación 158
arranca 
Jugando Partidos contra vecino 0
Resultado 11
34304
Yo soy: 
48 25 72 42 59 96 55 47 5 74 56 97 72 11 44 80 49 74 El mejor fue: 0
38 25 72 42 59 96 55 47 5 74 56 97 72 11 44 80 49 74 Generación 157
arranca 
Jugando Partidos contra vecino 0
Resultado 13
49949.6
Yo soy: 
38 25 72 42 59 96 55 47 5 74 56 97 72 11 44 80 49 74 El mejor fue: 0
38 25 72 42 69 96 55 47 5 74 56 97 72 11 44 80 49 74 Generación 156
arranca 
Jugando Partidos contra vecino 0
Resultado 8
37841
Jugando Partidos contra vecino 1
Resultado 11
42202.1
Yo soy: 
38 25 72 42 69 96 55 47 5 74 56 97 72 11 44 80 49 74 El mejor fue: 1
38 25 72 42 69 96 55 47 5 74 56 97 72 11 44 80 59 74 Generación 155
arranca 
Jugando Partidos contra vecino 0
Resultado 8
36010.6
Jugando Partidos contra vecino 1
Resultado 11
36602.8
Yo soy: 
38 25 72 42 69 96 55 47 5 74 56 97 72 11 44 80 59 74 El mejor fue: 1
38 35 72 42 69 96 55 47 5 74 56 97 72 11 44 80 59 74 Generación 154
arranca 
Jugando Partidos contra vecino 0
Resultado 7
26484.1
Jugando Partidos contra vecino 1
Resultado 11
43716
Yo soy: 
38 35 72 42 69 96 55 47 5 74 56 97 72 11 44 80 59 74 El mejor fue: 1
38 35 72 42 69 96 55 47 5 74 46 97 72 11 44 80 59 74 Generación 153
arranca 
Jugando Partidos contra vecino 0
Resultado 9
39276.4
Jugando Partidos contra vecino 1
Resultado 11
33379.7
Yo soy: 
38 35 72 42 69 96 55 47 5 74 46 97 72 11 44 80 59 74 El mejor fue: 1
38 35 82 42 69 96 55 47 5 74 46 97 72 11 44 80 59 74 Generación 152
arranca 
Jugando Partidos contra vecino 0
Resultado 15
55770.5
Yo soy: 
38 35 82 42 69 96 55 47 5 74 46 97 72 11 44 80 59 74 El mejor fue: 0
38 35 82 42 69 96 55 47 5 74 46 97 72 11 44 90 59 74 Generación 151
arranca 
Jugando Partidos contra vecino 0
Resultado 5
33548.1
Jugando Partidos contra vecino 1
Resultado 11
41145.3
Yo soy: 
38 35 82 42 69 96 55 47 5 74 46 97 72 11 44 90 59 74 El mejor fue: 1
38 35 72 42 69 96 55 47 5 74 46 97 72 11 44 90 59 74 Generación 150
arranca 
Jugando Partidos contra vecino 0
Resultado 4
26021.5
Jugando Partidos contra vecino 1
Resultado 13
54039.1
Yo soy: 
38 35 72 42 69 96 55 47 5 74 46 97 72 11 44 90 59 74 El mejor fue: 1
38 35 72 42 69 96 55 47 5 74 46 97 82 11 44 90 59 74 Generación 149
arranca 
Jugando Partidos contra vecino 0
Resultado 7
36103.5
Jugando Partidos contra vecino 1
Resultado 9
33927.4
Jugando Partidos contra vecino 2
Resultado 7
31723.2
Jugando Partidos contra vecino 3
Resultado 15
58173.1
Yo soy: 
38 35 72 42 69 96 55 47 5 74 46 97 82 11 44 90 59 74 El mejor fue: 3
38 35 72 42 69 96 55 47 -5 74 46 97 82 11 44 90 59 74 Generación 148
arranca 
Jugando Partidos contra vecino 0
Resultado 11
49755.8
Yo soy: 
38 35 72 42 69 96 55 47 -5 74 46 97 82 11 44 90 59 74 El mejor fue: 0
38 35 72 42 69 96 55 47 -5 74 46 97 92 11 44 90 59 74 Generación 147
arranca 
Jugando Partidos contra vecino 0
Resultado 11
51502.7
Yo soy: 
38 35 72 42 69 96 55 47 -5 74 46 97 92 11 44 90 59 74 El mejor fue: 0
38 35 72 42 69 96 55 47 -5 74 46 87 92 11 44 90 59 74 Generación 146
arranca 
Jugando Partidos contra vecino 0
Resultado 8
37150.4
Jugando Partidos contra vecino 1
Resultado 13
54153.4
Yo soy: 
38 35 72 42 69 96 55 47 -5 74 46 87 92 11 44 90 59 74 El mejor fue: 1
38 45 72 42 69 96 55 47 -5 74 46 87 92 11 44 90 59 74 Generación 145
arranca 
Jugando Partidos contra vecino 0
Resultado 11
37977.6
Yo soy: 
38 45 72 42 69 96 55 47 -5 74 46 87 92 11 44 90 59 74 El mejor fue: 0
38 45 72 42 69 96 45 47 -5 74 46 87 92 11 44 90 59 74 Generación 144
arranca 
Jugando Partidos contra vecino 0
Resultado 9
26430.9
Jugando Partidos contra vecino 1
Resultado 11
41876.2
Yo soy: 
38 45 72 42 69 96 45 47 -5 74 46 87 92 11 44 90 59 74 El mejor fue: 1
28 45 72 42 69 96 45 47 -5 74 46 87 92 11 44 90 59 74 Generación 143
arranca 
Jugando Partidos contra vecino 0
Resultado 13
49441.2
Yo soy: 
28 45 72 42 69 96 45 47 -5 74 46 87 92 11 44 90 59 74 El mejor fue: 0
28 45 72 42 69 96 45 37 -5 74 46 87 92 11 44 90 59 74 Generación 142
arranca 
Jugando Partidos contra vecino 0
Resultado 6
38461
Jugando Partidos contra vecino 1
Resultado 9
36557.6
Jugando Partidos contra vecino 2
Resultado 9
46693.3
Jugando Partidos contra vecino 3
Resultado 11
39699.3
Yo soy: 
28 45 72 42 69 96 45 37 -5 74 46 87 92 11 44 90 59 74 El mejor fue: 3
28 35 72 42 69 96 45 37 -5 74 46 87 92 11 44 90 59 74 Generación 141
arranca 
Jugando Partidos contra vecino 0
Resultado 13
55805.7
Yo soy: 
28 35 72 42 69 96 45 37 -5 74 46 87 92 11 44 90 59 74 El mejor fue: 0
28 35 72 42 69 76 45 37 -5 74 46 87 92 11 44 90 59 74 Generación 140
arranca 
Jugando Partidos contra vecino 0
Resultado 13
58797.6
Yo soy: 
28 35 72 42 69 76 45 37 -5 74 46 87 92 11 44 90 59 74 El mejor fue: 0
28 35 72 42 69 76 45 37 -5 64 46 87 92 11 44 90 59 74 Generación 139
arranca 
Jugando Partidos contra vecino 0
Resultado 15
58421.7
Yo soy: 
28 35 72 42 69 76 45 37 -5 64 46 87 92 11 44 90 59 74 El mejor fue: 0
28 35 72 42 69 76 45 37 -5 64 46 87 92 11 44 90 59 84 Generación 138
arranca 
Jugando Partidos contra vecino 0
Resultado 9
29348.1
Jugando Partidos contra vecino 1
Resultado 7
26654.1
Jugando Partidos contra vecino 2
Resultado 1
44004.5
Jugando Partidos contra vecino 3
Resultado 13
50285.1
Yo soy: 
28 35 72 42 69 76 45 37 -5 64 46 87 92 11 44 90 59 84 El mejor fue: 3
28 35 72 42 79 76 45 37 -5 64 46 87 92 11 44 90 59 84 Generación 137
arranca 
Jugando Partidos contra vecino 0
Resultado 11
55276.9
Yo soy: 
28 35 72 42 79 76 45 37 -5 64 46 87 92 11 44 90 59 84 El mejor fue: 0
28 35 72 42 79 76 45 37 -5 54 46 87 92 11 44 90 59 84 Generación 136
arranca 
Jugando Partidos contra vecino 0
Resultado 6
46046.2
Jugando Partidos contra vecino 1
Resultado 9
43510.8
Jugando Partidos contra vecino 2
Resultado 11
47668.1
Yo soy: 
28 35 72 42 79 76 45 37 -5 54 46 87 92 11 44 90 59 84 El mejor fue: 2
28 35 72 42 79 76 45 37 -5 54 46 87 92 11 54 90 59 84 Generación 135
arranca 
Jugando Partidos contra vecino 0
Resultado 2
45326.4
Jugando Partidos contra vecino 1
Resultado 13
56937.9
Yo soy: 
28 35 72 42 79 76 45 37 -5 54 46 87 92 11 54 90 59 84 El mejor fue: 1
28 35 62 42 79 76 45 37 -5 54 46 87 92 11 54 90 59 84 Generación 134
arranca 
Jugando Partidos contra vecino 0
Resultado 9
44438.5
Jugando Partidos contra vecino 1
Resultado 2
39137.4
Jugando Partidos contra vecino 2
Resultado 9
47037.5
Jugando Partidos contra vecino 3
Resultado 9
33654.6
Jugando Partidos contra vecino 4
Resultado 11
44674.6
Yo soy: 
28 35 62 42 79 76 45 37 -5 54 46 87 92 11 54 90 59 84 El mejor fue: 4
28 35 62 42 79 76 45 37 -5 54 46 87 92 21 54 90 59 84 Generación 133
arranca 
Jugando Partidos contra vecino 0
Resultado 13
44007.3
Yo soy: 
28 35 62 42 79 76 45 37 -5 54 46 87 92 21 54 90 59 84 El mejor fue: 0
28 35 62 42 79 86 45 37 -5 54 46 87 92 21 54 90 59 84 Generación 132
arranca 
Jugando Partidos contra vecino 0
Resultado 11
46990.6
Yo soy: 
28 35 62 42 79 86 45 37 -5 54 46 87 92 21 54 90 59 84 El mejor fue: 0
28 35 62 42 79 86 45 47 -5 54 46 87 92 21 54 90 59 84 Generación 131
arranca 
Jugando Partidos contra vecino 0
Resultado 9
44364.8
Jugando Partidos contra vecino 1
Resultado 13
52536.5
Yo soy: 
28 35 62 42 79 86 45 47 -5 54 46 87 92 21 54 90 59 84 El mejor fue: 1
28 35 62 42 79 86 45 47 -5 54 46 87 92 21 54 90 69 84 Generación 130
arranca 
Jugando Partidos contra vecino 0
Resultado 11
44650.7
Yo soy: 
28 35 62 42 79 86 45 47 -5 54 46 87 92 21 54 90 69 84 El mejor fue: 0
28 35 62 42 79 86 45 47 -5 54 36 87 92 21 54 90 69 84 Generación 129
arranca 
Jugando Partidos contra vecino 0
Resultado 15
66259.3
Yo soy: 
28 35 62 42 79 86 45 47 -5 54 36 87 92 21 54 90 69 84 El mejor fue: 0
28 25 62 42 79 86 45 47 -5 54 36 87 92 21 54 90 69 84 Generación 128
arranca 
Jugando Partidos contra vecino 0
Resultado 11
56609.9
Yo soy: 
28 25 62 42 79 86 45 47 -5 54 36 87 92 21 54 90 69 84 El mejor fue: 0
28 25 62 52 79 86 45 47 -5 54 36 87 92 21 54 90 69 84 Generación 127
arranca 
Jugando Partidos contra vecino 0
Resultado 11
53231.3
Yo soy: 
28 25 62 52 79 86 45 47 -5 54 36 87 92 21 54 90 69 84 El mejor fue: 0
28 25 62 52 79 86 45 47 -5 64 36 87 92 21 54 90 69 84 Generación 126
arranca 
Jugando Partidos contra vecino 0
Resultado 11
51472.4
Yo soy: 
28 25 62 52 79 86 45 47 -5 64 36 87 92 21 54 90 69 84 El mejor fue: 0
28 25 62 52 79 86 45 47 5 64 36 87 92 21 54 90 69 84 Generación 125
arranca 
Jugando Partidos contra vecino 0
Resultado 11
37419.3
Yo soy: 
28 25 62 52 79 86 45 47 5 64 36 87 92 21 54 90 69 84 El mejor fue: 0
28 25 52 52 79 86 45 47 5 64 36 87 92 21 54 90 69 84 Generación 124
arranca 
Jugando Partidos contra vecino 0
Resultado 13
52936.3
Yo soy: 
28 25 52 52 79 86 45 47 5 64 36 87 92 21 54 90 69 84 El mejor fue: 0
28 25 52 52 79 86 45 47 -5 64 36 87 92 21 54 90 69 84 Generación 123
arranca 
Jugando Partidos contra vecino 0
Resultado 7
27283.2
Jugando Partidos contra vecino 1
Resultado 13
50232.4
Yo soy: 
28 25 52 52 79 86 45 47 -5 64 36 87 92 21 54 90 69 84 El mejor fue: 1
28 25 52 52 79 86 35 47 -5 64 36 87 92 21 54 90 69 84 Generación 122
arranca 
Jugando Partidos contra vecino 0
Resultado 13
53894.8
Yo soy: 
28 25 52 52 79 86 35 47 -5 64 36 87 92 21 54 90 69 84 El mejor fue: 0
28 25 62 52 79 86 35 47 -5 64 36 87 92 21 54 90 69 84 Generación 121
arranca 
Jugando Partidos contra vecino 0
Resultado 13
53040.4
Yo soy: 
28 25 62 52 79 86 35 47 -5 64 36 87 92 21 54 90 69 84 El mejor fue: 0
28 25 62 52 79 86 35 47 -5 74 36 87 92 21 54 90 69 84 Generación 120
arranca 
Jugando Partidos contra vecino 0
Resultado 1
16572
Jugando Partidos contra vecino 1
Resultado 9
42618.4
Jugando Partidos contra vecino 2
Resultado 7
29466.1
Jugando Partidos contra vecino 3
Resultado 9
37641.5
Jugando Partidos contra vecino 4
Resultado 15
71098
Yo soy: 
28 25 62 52 79 86 35 47 -5 74 36 87 92 21 54 90 69 84 El mejor fue: 4
28 25 62 52 79 86 25 47 -5 74 36 87 92 21 54 90 69 84 Generación 119
arranca 
Jugando Partidos contra vecino 0
Resultado 13
55192.5
Yo soy: 
28 25 62 52 79 86 25 47 -5 74 36 87 92 21 54 90 69 84 El mejor fue: 0
28 25 62 52 79 86 15 47 -5 74 36 87 92 21 54 90 69 84 Generación 118
arranca 
Jugando Partidos contra vecino 0
Resultado 11
48105.7
Yo soy: 
28 25 62 52 79 86 15 47 -5 74 36 87 92 21 54 90 69 84 El mejor fue: 0
18 25 62 52 79 86 15 47 -5 74 36 87 92 21 54 90 69 84 Generación 117
arranca 
Jugando Partidos contra vecino 0
Resultado 9
32228.8
Jugando Partidos contra vecino 1
Resultado 15
69979.5
Yo soy: 
18 25 62 52 79 86 15 47 -5 74 36 87 92 21 54 90 69 84 El mejor fue: 1
18 25 62 52 79 86 15 47 -5 74 36 87 92 31 54 90 69 84 Generación 116
arranca 
Jugando Partidos contra vecino 0
Resultado 2
16996.9
Jugando Partidos contra vecino 1
Resultado 9
33733.3
Jugando Partidos contra vecino 2
Resultado 5
10740.8
Jugando Partidos contra vecino 3
Resultado 13
51227.3
Yo soy: 
18 25 62 52 79 86 15 47 -5 74 36 87 92 31 54 90 69 84 El mejor fue: 3
18 25 62 52 79 86 15 57 -5 74 36 87 92 31 54 90 69 84 Generación 115
arranca 
Jugando Partidos contra vecino 0
Resultado 9
33727.3
Jugando Partidos contra vecino 1
Resultado 9
27690.8
Jugando Partidos contra vecino 2
Resultado 9
35132.5
Jugando Partidos contra vecino 3
Resultado 15
68659.3
Yo soy: 
18 25 62 52 79 86 15 57 -5 74 36 87 92 31 54 90 69 84 El mejor fue: 3
18 25 62 52 79 86 15 57 -5 74 36 87 92 31 54 90 69 94 Generación 114
arranca 
Jugando Partidos contra vecino 0
Resultado 13
57864.5
Yo soy: 
18 25 62 52 79 86 15 57 -5 74 36 87 92 31 54 90 69 94 El mejor fue: 0
18 25 62 52 79 86 15 57 5 74 36 87 92 31 54 90 69 94 Generación 113
arranca 
Jugando Partidos contra vecino 0
Resultado 13
57140.5
Yo soy: 
18 25 62 52 79 86 15 57 5 74 36 87 92 31 54 90 69 94 El mejor fue: 0
18 25 62 52 79 86 15 57 5 74 36 87 92 31 54 90 69 84 Generación 112
arranca 
Jugando Partidos contra vecino 0
Resultado 11
46311.4
Yo soy: 
18 25 62 52 79 86 15 57 5 74 36 87 92 31 54 90 69 84 El mejor fue: 0
18 25 62 52 79 86 15 57 5 74 36 87 82 31 54 90 69 84 Generación 111
arranca 
Jugando Partidos contra vecino 0
Resultado 13
56322.6
Yo soy: 
18 25 62 52 79 86 15 57 5 74 36 87 82 31 54 90 69 84 El mejor fue: 0
18 25 72 52 79 86 15 57 5 74 36 87 82 31 54 90 69 84 Generación 110
arranca 
Jugando Partidos contra vecino 0
Resultado 11
45601.9
Yo soy: 
18 25 72 52 79 86 15 57 5 74 36 87 82 31 54 90 69 84 El mejor fue: 0
18 25 72 52 79 86 15 57 15 74 36 87 82 31 54 90 69 84 Generación 109
arranca 
Jugando Partidos contra vecino 0
Resultado 9
34697.3
Jugando Partidos contra vecino 1
Resultado 11
45958.3
Yo soy: 
18 25 72 52 79 86 15 57 15 74 36 87 82 31 54 90 69 84 El mejor fue: 1
18 25 72 52 79 86 15 57 15 74 36 97 82 31 54 90 69 84 Generación 108
arranca 
Jugando Partidos contra vecino 0
Resultado 13
57174.3
Yo soy: 
18 25 72 52 79 86 15 57 15 74 36 97 82 31 54 90 69 84 El mejor fue: 0
18 25 72 52 79 96 15 57 15 74 36 97 82 31 54 90 69 84 Generación 107
arranca 
Jugando Partidos contra vecino 0
Resultado 11
47314
Yo soy: 
18 25 72 52 79 96 15 57 15 74 36 97 82 31 54 90 69 84 El mejor fue: 0
18 25 72 52 79 96 15 57 15 74 36 87 82 31 54 90 69 84 Generación 106
arranca 
Jugando Partidos contra vecino 0
Resultado 11
46346.8
Yo soy: 
18 25 72 52 79 96 15 57 15 74 36 87 82 31 54 90 69 84 El mejor fue: 0
18 35 72 52 79 96 15 57 15 74 36 87 82 31 54 90 69 84 Generación 105
arranca 
Jugando Partidos contra vecino 0
Resultado 13
57083.2
Yo soy: 
18 35 72 52 79 96 15 57 15 74 36 87 82 31 54 90 69 84 El mejor fue: 0
18 25 72 52 79 96 15 57 15 74 36 87 82 31 54 90 69 84 Generación 104
arranca 
Jugando Partidos contra vecino 0
Resultado 1
17367.5
Jugando Partidos contra vecino 1
Resultado 11
46489.3
Yo soy: 
18 25 72 52 79 96 15 57 15 74 36 87 82 31 54 90 69 84 El mejor fue: 1
18 25 72 52 79 96 25 57 15 74 36 87 82 31 54 90 69 84 Generación 103
arranca 
Jugando Partidos contra vecino 0
Resultado 13
52808.9
Yo soy: 
18 25 72 52 79 96 25 57 15 74 36 87 82 31 54 90 69 84 El mejor fue: 0
18 25 72 52 79 96 25 57 15 74 36 87 82 31 54 90 79 84 Generación 102
arranca 
Jugando Partidos contra vecino 0
Resultado 13
46781.7
Yo soy: 
18 25 72 52 79 96 25 57 15 74 36 87 82 31 54 90 79 84 El mejor fue: 0
18 25 72 52 79 96 25 57 5 74 36 87 82 31 54 90 79 84 Generación 101
arranca 
Jugando Partidos contra vecino 0
Resultado 9
30255.8
Jugando Partidos contra vecino 1
Resultado 15
53844.4
Yo soy: 
18 25 72 52 79 96 25 57 5 74 36 87 82 31 54 90 79 84 El mejor fue: 1
18 25 72 52 79 96 25 57 5 74 26 87 82 31 54 90 79 84 Generación 100
arranca 
Jugando Partidos contra vecino 0
Resultado 15
63308.8
Yo soy: 
18 25 72 52 79 96 25 57 5 74 26 87 82 31 54 90 79 84 El mejor fue: 0
18 25 72 52 79 96 25 57 -5 74 26 87 82 31 54 90 79 84 Generación 99
arranca 
Jugando Partidos contra vecino 0
Resultado 15
63960
Yo soy: 
18 25 72 52 79 96 25 57 -5 74 26 87 82 31 54 90 79 84 El mejor fue: 0
18 25 72 52 79 96 25 57 -5 74 26 87 82 31 44 90 79 84 Generación 98
arranca 
Jugando Partidos contra vecino 0
Resultado 13
49339.1
Yo soy: 
18 25 72 52 79 96 25 57 -5 74 26 87 82 31 44 90 79 84 El mejor fue: 0
18 25 72 62 79 96 25 57 -5 74 26 87 82 31 44 90 79 84 Generación 97
arranca 
Jugando Partidos contra vecino 0
Resultado 15
58561.7
Yo soy: 
18 25 72 62 79 96 25 57 -5 74 26 87 82 31 44 90 79 84 El mejor fue: 0
18 25 72 62 79 96 25 57 -5 74 26 77 82 31 44 90 79 84 Generación 96
arranca 
Jugando Partidos contra vecino 0
Resultado 15
60104.1
Yo soy: 
18 25 72 62 79 96 25 57 -5 74 26 77 82 31 44 90 79 84 El mejor fue: 0
18 25 72 62 79 96 25 57 -5 74 26 77 82 41 44 90 79 84 Generación 95
arranca 
Jugando Partidos contra vecino 0
Resultado 12
36139
Yo soy: 
18 25 72 62 79 96 25 57 -5 74 26 77 82 41 44 90 79 84 El mejor fue: 0
18 25 72 62 79 76 25 57 -5 74 26 77 82 41 44 90 79 84 Generación 94
arranca 
Jugando Partidos contra vecino 0
Resultado 2
16546.9
Jugando Partidos contra vecino 1
Resultado 15
59471.2
Yo soy: 
18 25 72 62 79 76 25 57 -5 74 26 77 82 41 44 90 79 84 El mejor fue: 1
18 25 72 62 79 76 25 57 -5 74 36 77 82 41 44 90 79 84 Generación 93
arranca 
Jugando Partidos contra vecino 0
Resultado 13
48406.6
Yo soy: 
18 25 72 62 79 76 25 57 -5 74 36 77 82 41 44 90 79 84 El mejor fue: 0
18 25 82 62 79 76 25 57 -5 74 36 77 82 41 44 90 79 84 Generación 92
arranca 
Jugando Partidos contra vecino 0
Resultado 12
57359
Yo soy: 
18 25 82 62 79 76 25 57 -5 74 36 77 82 41 44 90 79 84 El mejor fue: 0
18 25 82 52 79 76 25 57 -5 74 36 77 82 41 44 90 79 84 Generación 91
arranca 
Jugando Partidos contra vecino 0
Resultado 15
62426.1
Yo soy: 
18 25 82 52 79 76 25 57 -5 74 36 77 82 41 44 90 79 84 El mejor fue: 0
18 25 82 52 79 76 25 57 -5 74 36 77 82 41 44 90 79 94 Generación 90
arranca 
Jugando Partidos contra vecino 0
Resultado 13
53166.4
Yo soy: 
18 25 82 52 79 76 25 57 -5 74 36 77 82 41 44 90 79 94 El mejor fue: 0
28 25 82 52 79 76 25 57 -5 74 36 77 82 41 44 90 79 94 Generación 89
arranca 
Jugando Partidos contra vecino 0
Resultado 13
56972.4
Yo soy: 
28 25 82 52 79 76 25 57 -5 74 36 77 82 41 44 90 79 94 El mejor fue: 0
28 35 82 52 79 76 25 57 -5 74 36 77 82 41 44 90 79 94 Generación 88
arranca 
Jugando Partidos contra vecino 0
Resultado 10
48264
Yo soy: 
28 35 82 52 79 76 25 57 -5 74 36 77 82 41 44 90 79 94 El mejor fue: 0
28 35 82 52 79 76 35 57 -5 74 36 77 82 41 44 90 79 94 Generación 87
arranca 
Jugando Partidos contra vecino 0
Resultado 5
23838.4
Jugando Partidos contra vecino 1
Resultado 11
46184.4
Yo soy: 
28 35 82 52 79 76 35 57 -5 74 36 77 82 41 44 90 79 94 El mejor fue: 1
28 35 82 52 79 76 35 57 -5 74 36 77 82 41 44 90 69 94 Generación 86
arranca 
Jugando Partidos contra vecino 0
Resultado 7
29487.9
Jugando Partidos contra vecino 1
Resultado 8
39154.5
Jugando Partidos contra vecino 2
Resultado 7
35540.2
Jugando Partidos contra vecino 3
Resultado 13
59952.8
Yo soy: 
28 35 82 52 79 76 35 57 -5 74 36 77 82 41 44 90 69 94 El mejor fue: 3
28 35 82 52 79 76 35 57 -5 74 36 77 92 41 44 90 69 94 Generación 85
arranca 
Jugando Partidos contra vecino 0
Resultado 13
44464.8
Yo soy: 
28 35 82 52 79 76 35 57 -5 74 36 77 92 41 44 90 69 94 El mejor fue: 0
28 35 82 52 79 76 35 57 -5 74 36 77 92 41 54 90 69 94 Generación 84
arranca 
Jugando Partidos contra vecino 0
Resultado 11
45377.3
Yo soy: 
28 35 82 52 79 76 35 57 -5 74 36 77 92 41 54 90 69 94 El mejor fue: 0
28 35 82 52 79 76 35 57 -5 74 36 87 92 41 54 90 69 94 Generación 83
arranca 
Jugando Partidos contra vecino 0
Resultado 10
44444.9
Yo soy: 
28 35 82 52 79 76 35 57 -5 74 36 87 92 41 54 90 69 94 El mejor fue: 0
28 35 82 52 79 76 35 57 -5 74 36 87 92 51 54 90 69 94 Generación 82
arranca 
Jugando Partidos contra vecino 0
Resultado 13
49232.8
Yo soy: 
28 35 82 52 79 76 35 57 -5 74 36 87 92 51 54 90 69 94 El mejor fue: 0
28 35 82 52 79 76 35 57 -5 74 36 87 82 51 54 90 69 94 Generación 81
arranca 
Jugando Partidos contra vecino 0
Resultado 13
50631.5
Yo soy: 
28 35 82 52 79 76 35 57 -5 74 36 87 82 51 54 90 69 94 El mejor fue: 0
28 35 82 52 79 76 35 57 -5 64 36 87 82 51 54 90 69 94 Generación 80
arranca 
Jugando Partidos contra vecino 0
Resultado 12
47897.6
Yo soy: 
28 35 82 52 79 76 35 57 -5 64 36 87 82 51 54 90 69 94 El mejor fue: 0
28 35 82 52 79 76 35 57 -5 64 36 87 82 51 54 90 69 84 Generación 79
arranca 
Jugando Partidos contra vecino 0
Resultado 9
33949.9
Jugando Partidos contra vecino 1
Resultado 15
58585.6
Yo soy: 
28 35 82 52 79 76 35 57 -5 64 36 87 82 51 54 90 69 84 El mejor fue: 1
28 35 82 52 79 76 35 47 -5 64 36 87 82 51 54 90 69 84 Generación 78
arranca 
Jugando Partidos contra vecino 0
Resultado 9
36748.4
Jugando Partidos contra vecino 1
Resultado 13
53118.1
Yo soy: 
28 35 82 52 79 76 35 47 -5 64 36 87 82 51 54 90 69 84 El mejor fue: 1
38 35 82 52 79 76 35 47 -5 64 36 87 82 51 54 90 69 84 Generación 77
arranca 
Jugando Partidos contra vecino 0
Resultado 11
46887.4
Yo soy: 
38 35 82 52 79 76 35 47 -5 64 36 87 82 51 54 90 69 84 El mejor fue: 0
28 35 82 52 79 76 35 47 -5 64 36 87 82 51 54 90 69 84 Generación 76
arranca 
Jugando Partidos contra vecino 0
Resultado 13
49579.3
Yo soy: 
28 35 82 52 79 76 35 47 -5 64 36 87 82 51 54 90 69 84 El mejor fue: 0
28 35 82 52 79 86 35 47 -5 64 36 87 82 51 54 90 69 84 Generación 75
arranca 
Jugando Partidos contra vecino 0
Resultado 15
55082.8
Yo soy: 
28 35 82 52 79 86 35 47 -5 64 36 87 82 51 54 90 69 84 El mejor fue: 0
28 35 82 52 79 86 35 47 -5 64 36 87 82 51 64 90 69 84 Generación 74
arranca 
Jugando Partidos contra vecino 0
Resultado 15
56661.6
Yo soy: 
28 35 82 52 79 86 35 47 -5 64 36 87 82 51 64 90 69 84 El mejor fue: 0
28 35 82 52 79 86 35 47 -5 64 36 87 82 51 64 90 69 94 Generación 73
arranca 
Jugando Partidos contra vecino 0
Resultado 8
37466.6
Jugando Partidos contra vecino 1
Resultado 11
32343
Yo soy: 
28 35 82 52 79 86 35 47 -5 64 36 87 82 51 64 90 69 94 El mejor fue: 1
18 35 82 52 79 86 35 47 -5 64 36 87 82 51 64 90 69 94 Generación 72
arranca 
Jugando Partidos contra vecino 0
Resultado 11
31560.9
Yo soy: 
18 35 82 52 79 86 35 47 -5 64 36 87 82 51 64 90 69 94 El mejor fue: 0
18 35 82 52 79 86 35 47 -5 64 36 87 72 51 64 90 69 94 Generación 71
arranca 
Jugando Partidos contra vecino 0
Resultado 15
53125.9
Yo soy: 
18 35 82 52 79 86 35 47 -5 64 36 87 72 51 64 90 69 94 El mejor fue: 0
18 35 82 52 89 86 35 47 -5 64 36 87 72 51 64 90 69 94 Generación 70
arranca 
Jugando Partidos contra vecino 0
Resultado 15
54994.8
Yo soy: 
18 35 82 52 89 86 35 47 -5 64 36 87 72 51 64 90 69 94 El mejor fue: 0
18 35 82 52 89 86 35 47 -15 64 36 87 72 51 64 90 69 94 Generación 69
arranca 
Jugando Partidos contra vecino 0
Resultado 15
58907.4
Yo soy: 
18 35 82 52 89 86 35 47 -15 64 36 87 72 51 64 90 69 94 El mejor fue: 0
18 45 82 52 89 86 35 47 -15 64 36 87 72 51 64 90 69 94 Generación 68
arranca 
Jugando Partidos contra vecino 0
Resultado 9
34675.6
Jugando Partidos contra vecino 1
Resultado 15
42628.2
Yo soy: 
18 45 82 52 89 86 35 47 -15 64 36 87 72 51 64 90 69 94 El mejor fue: 1
18 45 82 52 89 86 35 47 -15 64 36 87 62 51 64 90 69 94 Generación 67
arranca 
Jugando Partidos contra vecino 0
Resultado 15
57957.4
Yo soy: 
18 45 82 52 89 86 35 47 -15 64 36 87 62 51 64 90 69 94 El mejor fue: 0
18 45 82 52 89 86 35 47 -15 54 36 87 62 51 64 90 69 94 Generación 66
arranca 
Jugando Partidos contra vecino 0
Resultado 4
23517.3
Jugando Partidos contra vecino 1
Resultado 9
42015.1
Jugando Partidos contra vecino 2
Resultado 6
27819.7
Jugando Partidos contra vecino 3
Resultado 3
18746.1
Jugando Partidos contra vecino 4
Resultado 8
29882.9
Jugando Partidos contra vecino 5
Resultado 11
42890.9
Yo soy: 
18 45 82 52 89 86 35 47 -15 54 36 87 62 51 64 90 69 94 El mejor fue: 5
18 45 82 52 89 86 35 47 -15 54 36 77 62 51 64 90 69 94 Generación 65
arranca 
Jugando Partidos contra vecino 0
Resultado 13
51531.9
Yo soy: 
18 45 82 52 89 86 35 47 -15 54 36 77 62 51 64 90 69 94 El mejor fue: 0
18 45 82 52 89 86 35 47 -15 54 36 77 62 51 64 90 69 84 Generación 64
arranca 
Jugando Partidos contra vecino 0
Resultado 12
51998.9
Yo soy: 
18 45 82 52 89 86 35 47 -15 54 36 77 62 51 64 90 69 84 El mejor fue: 0
28 45 82 52 89 86 35 47 -15 54 36 77 62 51 64 90 69 84 Generación 63
arranca 
Jugando Partidos contra vecino 0
Resultado 3
23985.8
Jugando Partidos contra vecino 1
Resultado 15
60316.8
Yo soy: 
28 45 82 52 89 86 35 47 -15 54 36 77 62 51 64 90 69 84 El mejor fue: 1
28 35 82 52 89 86 35 47 -15 54 36 77 62 51 64 90 69 84 Generación 62
arranca 
Jugando Partidos contra vecino 0
Resultado 13
58564.9
Yo soy: 
28 35 82 52 89 86 35 47 -15 54 36 77 62 51 64 90 69 84 El mejor fue: 0
28 35 82 52 99 86 35 47 -15 54 36 77 62 51 64 90 69 84 Generación 61
arranca 
Jugando Partidos contra vecino 0
Resultado 13
45064.4
Yo soy: 
28 35 82 52 99 86 35 47 -15 54 36 77 62 51 64 90 69 84 El mejor fue: 0
28 35 82 52 99 86 35 47 -15 54 46 77 62 51 64 90 69 84 Generación 60
arranca 
Jugando Partidos contra vecino 0
Resultado 11
41646.2
Yo soy: 
28 35 82 52 99 86 35 47 -15 54 46 77 62 51 64 90 69 84 El mejor fue: 0
28 35 82 52 99 86 35 47 -15 54 36 77 62 51 64 90 69 84 Generación 59
arranca 
Jugando Partidos contra vecino 0
Resultado 8
34953.6
Jugando Partidos contra vecino 1
Resultado 13
47063.3
Yo soy: 
28 35 82 52 99 86 35 47 -15 54 36 77 62 51 64 90 69 84 El mejor fue: 1
28 25 82 52 99 86 35 47 -15 54 36 77 62 51 64 90 69 84 Generación 58
arranca 
Jugando Partidos contra vecino 0
Resultado 9
39506.7
Jugando Partidos contra vecino 1
Resultado 13
43932.4
Yo soy: 
28 25 82 52 99 86 35 47 -15 54 36 77 62 51 64 90 69 84 El mejor fue: 1
28 25 82 52 99 86 35 47 -15 54 26 77 62 51 64 90 69 84 Generación 57
arranca 
Jugando Partidos contra vecino 0
Resultado 13
47073.5
Yo soy: 
28 25 82 52 99 86 35 47 -15 54 26 77 62 51 64 90 69 84 El mejor fue: 0
28 25 82 52 99 86 35 57 -15 54 26 77 62 51 64 90 69 84 Generación 56
arranca 
Jugando Partidos contra vecino 0
Resultado 15
49219.5
Yo soy: 
28 25 82 52 99 86 35 57 -15 54 26 77 62 51 64 90 69 84 El mejor fue: 0
28 25 82 52 99 86 35 57 -15 54 26 77 52 51 64 90 69 84 Generación 55
arranca 
Jugando Partidos contra vecino 0
Resultado 10
43276.2
Yo soy: 
28 25 82 52 99 86 35 57 -15 54 26 77 52 51 64 90 69 84 El mejor fue: 0
28 25 82 52 99 86 25 57 -15 54 26 77 52 51 64 90 69 84 Generación 54
arranca 
Jugando Partidos contra vecino 0
Resultado 15
38140.5
Yo soy: 
28 25 82 52 99 86 25 57 -15 54 26 77 52 51 64 90 69 84 El mejor fue: 0
28 25 82 52 99 86 25 57 -15 54 16 77 52 51 64 90 69 84 Generación 53
arranca 
Jugando Partidos contra vecino 0
Resultado 13
29669.4
Yo soy: 
28 25 82 52 99 86 25 57 -15 54 16 77 52 51 64 90 69 84 El mejor fue: 0
28 25 82 52 99 86 25 57 -15 44 16 77 52 51 64 90 69 84 Generación 52
arranca 
Jugando Partidos contra vecino 0
Resultado 15
41662
Yo soy: 
28 25 82 52 99 86 25 57 -15 44 16 77 52 51 64 90 69 84 El mejor fue: 0
28 25 82 52 99 76 25 57 -15 44 16 77 52 51 64 90 69 84 Generación 51
arranca 
Jugando Partidos contra vecino 0
Resultado 11
24806.9
Yo soy: 
28 25 82 52 99 76 25 57 -15 44 16 77 52 51 64 90 69 84 El mejor fue: 0
28 25 82 52 99 76 25 57 -5 44 16 77 52 51 64 90 69 84 Generación 50
arranca 
Jugando Partidos contra vecino 0
Resultado 15
37459.9
Yo soy: 
28 25 82 52 99 76 25 57 -5 44 16 77 52 51 64 90 69 84 El mejor fue: 0
28 25 82 52 99 76 25 57 -5 44 16 77 42 51 64 90 69 84 Generación 49
arranca 
Jugando Partidos contra vecino 0
Resultado 7
16131.4
Jugando Partidos contra vecino 1
Resultado 15
49978.4
Yo soy: 
28 25 82 52 99 76 25 57 -5 44 16 77 42 51 64 90 69 84 El mejor fue: 1
28 25 82 52 99 76 25 67 -5 44 16 77 42 51 64 90 69 84 Generación 48
arranca 
Jugando Partidos contra vecino 0
Resultado 11
31291.2
Yo soy: 
28 25 82 52 99 76 25 67 -5 44 16 77 42 51 64 90 69 84 El mejor fue: 0
28 25 82 52 99 76 35 67 -5 44 16 77 42 51 64 90 69 84 Generación 47
arranca 
Jugando Partidos contra vecino 0
Resultado 11
27174.2
Yo soy: 
28 25 82 52 99 76 35 67 -5 44 16 77 42 51 64 90 69 84 El mejor fue: 0
28 25 82 52 89 76 35 67 -5 44 16 77 42 51 64 90 69 84 Generación 46
arranca 
Jugando Partidos contra vecino 0
Resultado 15
35476
Yo soy: 
28 25 82 52 89 76 35 67 -5 44 16 77 42 51 64 90 69 84 El mejor fue: 0
28 25 82 52 89 76 35 67 -5 44 16 77 42 51 54 90 69 84 Generación 45
arranca 
Jugando Partidos contra vecino 0
Resultado 4
16752.8
Jugando Partidos contra vecino 1
Resultado 7
21758.2
Jugando Partidos contra vecino 2
Resultado 13
34562.5
Yo soy: 
28 25 82 52 89 76 35 67 -5 44 16 77 42 51 54 90 69 84 El mejor fue: 2
28 25 82 52 89 76 35 57 -5 44 16 77 42 51 54 90 69 84 Generación 44
arranca 
Jugando Partidos contra vecino 0
Resultado 13
38063.8
Yo soy: 
28 25 82 52 89 76 35 57 -5 44 16 77 42 51 54 90 69 84 El mejor fue: 0
28 25 82 52 89 76 35 57 -5 44 16 87 42 51 54 90 69 84 Generación 43
arranca 
Jugando Partidos contra vecino 0
Resultado 13
41108.6
Yo soy: 
28 25 82 52 89 76 35 57 -5 44 16 87 42 51 54 90 69 84 El mejor fue: 0
28 25 82 52 89 76 35 57 -5 44 16 87 32 51 54 90 69 84 Generación 42
arranca 
Jugando Partidos contra vecino 0
Resultado 9
21392.1
Jugando Partidos contra vecino 1
Resultado 7
26456.5
Jugando Partidos contra vecino 2
Resultado 13
47944.2
Yo soy: 
28 25 82 52 89 76 35 57 -5 44 16 87 32 51 54 90 69 84 El mejor fue: 2
28 25 82 52 89 76 35 57 -5 44 16 87 32 51 54 90 79 84 Generación 41
arranca 
Jugando Partidos contra vecino 0
Resultado 15
42931.2
Yo soy: 
28 25 82 52 89 76 35 57 -5 44 16 87 32 51 54 90 79 84 El mejor fue: 0
28 25 82 52 89 76 25 57 -5 44 16 87 32 51 54 90 79 84 Generación 40
arranca 
Jugando Partidos contra vecino 0
Resultado 15
36269
Yo soy: 
28 25 82 52 89 76 25 57 -5 44 16 87 32 51 54 90 79 84 El mejor fue: 0
28 25 82 52 89 76 35 57 -5 44 16 87 32 51 54 90 79 84 Generación 39
arranca 
Jugando Partidos contra vecino 0
Resultado 11
24889.6
Yo soy: 
28 25 82 52 89 76 35 57 -5 44 16 87 32 51 54 90 79 84 El mejor fue: 0
28 25 82 52 89 76 35 57 -5 34 16 87 32 51 54 90 79 84 Generación 38
arranca 
Jugando Partidos contra vecino 0
Resultado 13
46436
Yo soy: 
28 25 82 52 89 76 35 57 -5 34 16 87 32 51 54 90 79 84 El mejor fue: 0
28 25 82 52 89 76 35 57 -5 34 16 87 32 51 54 90 89 84 Generación 37
arranca 
Jugando Partidos contra vecino 0
Resultado 9
24528.9
Jugando Partidos contra vecino 1
Resultado 5
23371.7
Jugando Partidos contra vecino 2
Resultado 8
32167.3
Jugando Partidos contra vecino 3
Resultado 9
23835.5
Jugando Partidos contra vecino 4
Resultado 9
23841.3
Jugando Partidos contra vecino 5
Resultado 6
23521
Jugando Partidos contra vecino 6
Resultado 10
32799.3
Yo soy: 
28 25 82 52 89 76 35 57 -5 34 16 87 32 51 54 90 89 84 El mejor fue: 6
28 25 92 52 89 76 35 57 -5 34 16 87 32 51 54 90 89 84 Generación 36
arranca 
Jugando Partidos contra vecino 0
Resultado 7
24436.1
Jugando Partidos contra vecino 1
Resultado 8
22661.1
Jugando Partidos contra vecino 2
Resultado 8
28288.2
Jugando Partidos contra vecino 3
Resultado 9
24839.5
Jugando Partidos contra vecino 4
Resultado 7
21541.8
Jugando Partidos contra vecino 5
Resultado 9
33555.7
Jugando Partidos contra vecino 6
Resultado 9
29447.5
Jugando Partidos contra vecino 7
Resultado 9
27597.7
Jugando Partidos contra vecino 8
Resultado 6
27445.1
Jugando Partidos contra vecino 9
Resultado 7
21100.6
Jugando Partidos contra vecino 10
Resultado 7
16568.8
Jugando Partidos contra vecino 11
Resultado 6
24150.3
Jugando Partidos contra vecino 12
Resultado 7
22693.6
Jugando Partidos contra vecino 13
Resultado 7
20836.2
Jugando Partidos contra vecino 14
Resultado 4
16585.4
Jugando Partidos contra vecino 15
Resultado 11
32017.3
Yo soy: 
28 25 92 52 89 76 35 57 -5 34 16 87 32 51 54 90 89 84 El mejor fue: 15
28 25 92 52 89 76 35 57 -5 34 26 87 32 51 54 90 89 84 Generación 35
arranca 
Jugando Partidos contra vecino 0
Resultado 5
22942
Jugando Partidos contra vecino 1
Resultado 11
33775.2
Yo soy: 
28 25 92 52 89 76 35 57 -5 34 26 87 32 51 54 90 89 84 El mejor fue: 1
28 25 92 52 89 76 35 57 -5 34 26 87 22 51 54 90 89 84 Generación 34
arranca 
Jugando Partidos contra vecino 0
Resultado 7
27050.7
Jugando Partidos contra vecino 1
Resultado 7
20275.1
Jugando Partidos contra vecino 2
Resultado 12
30857.7
Yo soy: 
28 25 92 52 89 76 35 57 -5 34 26 87 22 51 54 90 89 84 El mejor fue: 2
28 25 92 52 89 76 35 57 -5 34 26 87 22 61 54 90 89 84 Generación 33
arranca 
Jugando Partidos contra vecino 0
Resultado 5
21228.6
Jugando Partidos contra vecino 1
Resultado 13
43623.7
Yo soy: 
28 25 92 52 89 76 35 57 -5 34 26 87 22 61 54 90 89 84 El mejor fue: 1
28 25 92 52 89 76 35 57 -5 34 26 87 22 61 64 90 89 84 Generación 32
arranca 
Jugando Partidos contra vecino 0
Resultado 10
31993.8
Yo soy: 
28 25 92 52 89 76 35 57 -5 34 26 87 22 61 64 90 89 84 El mejor fue: 0
28 35 92 52 89 76 35 57 -5 34 26 87 22 61 64 90 89 84 Generación 31
arranca 
Jugando Partidos contra vecino 0
Resultado 9
35119.5
Jugando Partidos contra vecino 1
Resultado 6
25167.9
Jugando Partidos contra vecino 2
Resultado 10
25613.4
Yo soy: 
28 35 92 52 89 76 35 57 -5 34 26 87 22 61 64 90 89 84 El mejor fue: 2
28 35 92 52 89 76 35 57 -15 34 26 87 22 61 64 90 89 84 Generación 30
arranca 
Jugando Partidos contra vecino 0
Resultado 8
23471.8
Jugando Partidos contra vecino 1
Resultado 11
27208.9
Yo soy: 
28 35 92 52 89 76 35 57 -15 34 26 87 22 61 64 90 89 84 El mejor fue: 1
28 35 92 52 89 76 35 57 -15 34 26 87 22 61 64 90 99 84 Generación 29
arranca 
Jugando Partidos contra vecino 0
Resultado 2
19414
Jugando Partidos contra vecino 1
Resultado 10
37015.6
Yo soy: 
28 35 92 52 89 76 35 57 -15 34 26 87 22 61 64 90 99 84 El mejor fue: 1
28 35 92 52 89 76 35 57 -5 34 26 87 22 61 64 90 99 84 Generación 28
arranca 
Jugando Partidos contra vecino 0
Resultado 8
26314
Jugando Partidos contra vecino 1
Resultado 7
23200
Jugando Partidos contra vecino 2
Resultado 8
27325.2
Jugando Partidos contra vecino 3
Resultado 5
29486.1
Jugando Partidos contra vecino 4
Resultado 7
28331.9
Jugando Partidos contra vecino 5
Resultado 8
30365.3
Jugando Partidos contra vecino 6
Resultado 9
28295.1
Jugando Partidos contra vecino 7
Resultado 7
28670.2
Jugando Partidos contra vecino 8
Resultado 8
25142.3
Jugando Partidos contra vecino 9
Resultado 4
25019.9
Jugando Partidos contra vecino 10
Resultado 7
20544.5
Jugando Partidos contra vecino 11
Resultado 4
22046.4
Jugando Partidos contra vecino 12
Resultado 13
34372.1
Yo soy: 
28 35 92 52 89 76 35 57 -5 34 26 87 22 61 64 90 99 84 El mejor fue: 12
28 35 92 52 89 76 35 57 -5 34 26 97 22 61 64 90 99 84 Generación 27
arranca 
Jugando Partidos contra vecino 0
Resultado 8
29908.3
Jugando Partidos contra vecino 1
Resultado 2
19992.1
Jugando Partidos contra vecino 2
Resultado 5
18724.8
Jugando Partidos contra vecino 3
Resultado 8
31319.9
Jugando Partidos contra vecino 4
Resultado 8
32974.2
Jugando Partidos contra vecino 5
Resultado 9
24688.4
Jugando Partidos contra vecino 6
Resultado 2
15535.9
Jugando Partidos contra vecino 7
Resultado 4
17274.8
Jugando Partidos contra vecino 8
Resultado 9
26905.1
Jugando Partidos contra vecino 9
Resultado 6
21984.9
Jugando Partidos contra vecino 10
Resultado 6
22714.3
Jugando Partidos contra vecino 11
Resultado 5
18325.9
Jugando Partidos contra vecino 12
Resultado 9
30003.9
Jugando Partidos contra vecino 13
Resultado 5
26965.7
Jugando Partidos contra vecino 14
Resultado 4
15476.8
Jugando Partidos contra vecino 15
Resultado 10
42393.5
Yo soy: 
28 35 92 52 89 76 35 57 -5 34 26 97 22 61 64 90 99 84 El mejor fue: 15
28 35 92 52 89 76 35 47 -5 34 26 97 22 61 64 90 99 84 Generación 26
arranca 
Jugando Partidos contra vecino 0
Resultado 13
38754.8
Yo soy: 
28 35 92 52 89 76 35 47 -5 34 26 97 22 61 64 90 99 84 El mejor fue: 0
28 35 92 52 89 76 35 47 -5 34 16 97 22 61 64 90 99 84 Generación 25
arranca 
Jugando Partidos contra vecino 0
Resultado 9
21263
Jugando Partidos contra vecino 1
Resultado 10
36520.5
Yo soy: 
28 35 92 52 89 76 35 47 -5 34 16 97 22 61 64 90 99 84 El mejor fue: 1
28 35 92 42 89 76 35 47 -5 34 16 97 22 61 64 90 99 84 Generación 24
arranca 
Jugando Partidos contra vecino 0
Resultado 3
17980.4
Jugando Partidos contra vecino 1
Resultado 9
39290.1
Jugando Partidos contra vecino 2
Resultado 11
34663.7
Yo soy: 
28 35 92 42 89 76 35 47 -5 34 16 97 22 61 64 90 99 84 El mejor fue: 2
28 35 92 42 99 76 35 47 -5 34 16 97 22 61 64 90 99 84 Generación 23
arranca 
Jugando Partidos contra vecino 0
Resultado 6
23427.7
Jugando Partidos contra vecino 1
Resultado 6
20103.5
Jugando Partidos contra vecino 2
Resultado 12
34181.3
Yo soy: 
28 35 92 42 99 76 35 47 -5 34 16 97 22 61 64 90 99 84 El mejor fue: 2
28 45 92 42 99 76 35 47 -5 34 16 97 22 61 64 90 99 84 Generación 22
arranca 
Jugando Partidos contra vecino 0
Resultado 0
22010.2
Jugando Partidos contra vecino 1
Resultado 4
19689.9
Jugando Partidos contra vecino 2
Resultado 11
29999.8
Yo soy: 
28 45 92 42 99 76 35 47 -5 34 16 97 22 61 64 90 99 84 El mejor fue: 2
28 45 92 42 99 76 35 47 -5 34 16 97 22 61 64 90 89 84 Generación 21
arranca 
Jugando Partidos contra vecino 0
Resultado 7
21902.9
Jugando Partidos contra vecino 1
Resultado 8
25874.8
Jugando Partidos contra vecino 2
Resultado 13
41567.1
Yo soy: 
28 45 92 42 99 76 35 47 -5 34 16 97 22 61 64 90 89 84 El mejor fue: 2
28 45 92 32 99 76 35 47 -5 34 16 97 22 61 64 90 89 84 Generación 20
arranca 
Jugando Partidos contra vecino 0
Resultado 13
42479.9
Yo soy: 
28 45 92 32 99 76 35 47 -5 34 16 97 22 61 64 90 89 84 El mejor fue: 0
28 45 92 32 99 76 35 57 -5 34 16 97 22 61 64 90 89 84 Generación 19
arranca 
Jugando Partidos contra vecino 0
Resultado 5
13952.6
Jugando Partidos contra vecino 1
Resultado 1
19627.6
Jugando Partidos contra vecino 2
Resultado 5
26851.3
Jugando Partidos contra vecino 3
Resultado 6
19769.7
Jugando Partidos contra vecino 4
Resultado 6
28642.2
Jugando Partidos contra vecino 5
Resultado 8
21603.6
Jugando Partidos contra vecino 6
Resultado 6
22054.8
Jugando Partidos contra vecino 7
Resultado 7
23929.2
Jugando Partidos contra vecino 8
Resultado 12
37795.8
Yo soy: 
28 45 92 32 99 76 35 57 -5 34 16 97 22 61 64 90 89 84 El mejor fue: 8
28 45 92 32 99 76 35 57 -5 34 16 97 32 61 64 90 89 84 Generación 18
arranca 
Jugando Partidos contra vecino 0
Resultado 9
21897.1
Jugando Partidos contra vecino 1
Resultado 5
21992
Jugando Partidos contra vecino 2
Resultado 6
28864.6
Jugando Partidos contra vecino 3
Resultado 6
24335.8
Jugando Partidos contra vecino 4
Resultado 8
25817.9
Jugando Partidos contra vecino 5
Resultado 5
19880.7
Jugando Partidos contra vecino 6
Resultado 8
22090.6
Jugando Partidos contra vecino 7
Resultado 1
23119.1
Jugando Partidos contra vecino 8
Resultado 10
28687.6
Yo soy: 
28 45 92 32 99 76 35 57 -5 34 16 97 32 61 64 90 89 84 El mejor fue: 8
28 45 92 22 99 76 35 57 -5 34 16 97 32 61 64 90 89 84 Generación 17
arranca 
Jugando Partidos contra vecino 0
Resultado 7
17584.4
Jugando Partidos contra vecino 1
Resultado 8
25865.7
Jugando Partidos contra vecino 2
Resultado 5
22182.7
Jugando Partidos contra vecino 3
Resultado 10
31373.4
Yo soy: 
28 45 92 22 99 76 35 57 -5 34 16 97 32 61 64 90 89 84 El mejor fue: 3
28 45 92 12 99 76 35 57 -5 34 16 97 32 61 64 90 89 84 Generación 16
arranca 
Jugando Partidos contra vecino 0
Resultado 5
24685
Jugando Partidos contra vecino 1
Resultado 4
16387.3
Jugando Partidos contra vecino 2
Resultado 4
18042.8
Jugando Partidos contra vecino 3
Resultado 6
19231.2
Jugando Partidos contra vecino 4
Resultado 9
28176.7
Jugando Partidos contra vecino 5
Resultado 9
21366.3
Jugando Partidos contra vecino 6
Resultado 9
32480.8
Jugando Partidos contra vecino 7
Resultado 3
15113.8
Jugando Partidos contra vecino 8
Resultado 7
19242.1
Jugando Partidos contra vecino 9
Resultado 6
20858.8
Jugando Partidos contra vecino 10
Resultado 10
28837.1
Yo soy: 
28 45 92 12 99 76 35 57 -5 34 16 97 32 61 64 90 89 84 El mejor fue: 10
28 45 92 12 99 76 35 57 -15 34 16 97 32 61 64 90 89 84 Generación 15
arranca 
Jugando Partidos contra vecino 0
Resultado 6
24702.5
Jugando Partidos contra vecino 1
Resultado 2
18547
Jugando Partidos contra vecino 2
Resultado 9
27477.6
Jugando Partidos contra vecino 3
Resultado 4
21369.8
Jugando Partidos contra vecino 4
Resultado 5
19818.5
Jugando Partidos contra vecino 5
Resultado 6
21733.9
Jugando Partidos contra vecino 6
Resultado 9
18258.2
Jugando Partidos contra vecino 7
Resultado 4
20626.1
Jugando Partidos contra vecino 8
Resultado 7
22263.5
Jugando Partidos contra vecino 9
Resultado 10
30506.2
Yo soy: 
28 45 92 12 99 76 35 57 -15 34 16 97 32 61 64 90 89 84 El mejor fue: 9
28 45 92 2 99 76 35 57 -15 34 16 97 32 61 64 90 89 84 Generación 14
arranca 
Jugando Partidos contra vecino 0
Resultado 4
22291.9
Jugando Partidos contra vecino 1
Resultado 4
17595.5
Jugando Partidos contra vecino 2
Resultado 12
31907.2
Yo soy: 
28 45 92 2 99 76 35 57 -15 34 16 97 32 61 64 90 89 84 El mejor fue: 2
28 45 92 2 99 76 35 57 -15 34 16 97 32 61 64 90 89 94 Generación 13
arranca 
Jugando Partidos contra vecino 0
Resultado 6
20831.4
Jugando Partidos contra vecino 1
Resultado 9
27508.5
Jugando Partidos contra vecino 2
Resultado 3
18934.6
Jugando Partidos contra vecino 3
Resultado 10
26280.6
Yo soy: 
28 45 92 2 99 76 35 57 -15 34 16 97 32 61 64 90 89 94 El mejor fue: 3
28 45 92 2 99 76 25 57 -15 34 16 97 32 61 64 90 89 94 Generación 12
arranca 
Jugando Partidos contra vecino 0
Resultado 12
40937.7
Yo soy: 
28 45 92 2 99 76 25 57 -15 34 16 97 32 61 64 90 89 94 El mejor fue: 0
18 45 92 2 99 76 25 57 -15 34 16 97 32 61 64 90 89 94 Generación 11
arranca 
Jugando Partidos contra vecino 0
Resultado 12
48014.7
Yo soy: 
18 45 92 2 99 76 25 57 -15 34 16 97 32 61 64 90 89 94 El mejor fue: 0
18 45 92 2 99 76 25 57 -25 34 16 97 32 61 64 90 89 94 Generación 10
arranca 
Jugando Partidos contra vecino 0
Resultado 3
21975.7
Jugando Partidos contra vecino 1
Resultado 5
26770.2
Jugando Partidos contra vecino 2
Resultado 8
27852.8
Jugando Partidos contra vecino 3
Resultado 7
32089.4
Jugando Partidos contra vecino 4
Resultado 15
45995.2
Yo soy: 
18 45 92 2 99 76 25 57 -25 34 16 97 32 61 64 90 89 94 El mejor fue: 4
18 45 92 2 99 76 25 57 -25 34 16 97 32 61 64 90 89 74 Generación 9
arranca 
Jugando Partidos contra vecino 0
Resultado 8
23682.1
Jugando Partidos contra vecino 1
Resultado 6
22558.4
Jugando Partidos contra vecino 2
Resultado 7
21588.7
Jugando Partidos contra vecino 3
Resultado 10
39681.9
Yo soy: 
18 45 92 2 99 76 25 57 -25 34 16 97 32 61 64 90 89 74 El mejor fue: 3
18 45 92 2 99 76 25 57 -25 34 16 97 32 71 64 90 89 74 Generación 8
arranca 
Jugando Partidos contra vecino 0
Resultado 5
14969.9
Jugando Partidos contra vecino 1
Resultado 10
32594.2
Yo soy: 
18 45 92 2 99 76 25 57 -25 34 16 97 32 71 64 90 89 74 El mejor fue: 1
18 45 92 2 99 76 25 57 -35 34 16 97 32 71 64 90 89 74 Generación 7
arranca 
Jugando Partidos contra vecino 0
Resultado 11
38436.9
Yo soy: 
18 45 92 2 99 76 25 57 -35 34 16 97 32 71 64 90 89 74 El mejor fue: 0
18 45 92 2 99 66 25 57 -35 34 16 97 32 71 64 90 89 74 Generación 6
arranca 
Jugando Partidos contra vecino 0
Resultado 9
25353.3
Jugando Partidos contra vecino 1
Resultado 8
25873.1
Jugando Partidos contra vecino 2
Resultado 12
38409.8
Yo soy: 
18 45 92 2 99 66 25 57 -35 34 16 97 32 71 64 90 89 74 El mejor fue: 2
18 45 92 2 99 66 25 57 -35 34 16 97 32 71 64 90 79 74 Generación 5
arranca 
Jugando Partidos contra vecino 0
Resultado 15
46467.9
Yo soy: 
18 45 92 2 99 66 25 57 -35 34 16 97 32 71 64 90 79 74 El mejor fue: 0
18 45 92 2 99 66 25 57 -35 34 16 97 32 71 64 90 69 74 Generación 4
arranca 
Jugando Partidos contra vecino 0
Resultado 10
42081.1
Yo soy: 
18 45 92 2 99 66 25 57 -35 34 16 97 32 71 64 90 69 74 El mejor fue: 0
18 45 92 2 99 66 25 57 -35 34 26 97 32 71 64 90 69 74 Generación 3
arranca 
Jugando Partidos contra vecino 0
Resultado 15
42967.6
Yo soy: 
18 45 92 2 99 66 25 57 -35 34 26 97 32 71 64 90 69 74 El mejor fue: 0
18 45 92 2 99 66 25 57 -25 34 26 97 32 71 64 90 69 74 Generación 2
arranca 
Jugando Partidos contra vecino 0
Resultado 11
37947.3
Yo soy: 
18 45 92 2 99 66 25 57 -25 34 26 97 32 71 64 90 69 74 El mejor fue: 0
18 45 92 2 99 66 25 57 -25 34 26 97 32 71 54 90 69 74 Generación 1
arranca 
Jugando Partidos contra vecino 0
Resultado 13
38816.1
Yo soy: 
18 45 92 2 99 66 25 57 -25 34 26 97 32 71 54 90 69 74 El mejor fue: 0
18 45 92 2 99 76 25 57 -25 34 26 97 32 71 54 90 69 74 Generación 0
1.5729e+07
