arranca 
Jugando Partidos contra vecino 0
Resultado 9
45881.9
Jugando Partidos contra vecino 1
Resultado 11
40135.2
Yo soy: 
7 35 61 62 82 45 27 59 94 0 47 70 44 88 46 80 21 25 El mejor fue: 1
7 35 61 62 82 45 27 59 94 0 47 70 44 78 46 80 21 25 Generación 199
arranca 
Jugando Partidos contra vecino 0
Resultado 5
33913.8
Jugando Partidos contra vecino 1
Resultado 7
63920.6
Jugando Partidos contra vecino 2
Resultado 9
64523.7
Jugando Partidos contra vecino 3
Resultado 10
53457.6
Yo soy: 
7 35 61 62 82 45 27 59 94 0 47 70 44 78 46 80 21 25 El mejor fue: 3
7 35 61 62 82 45 27 59 94 0 47 70 44 88 46 80 21 25 Generación 198
arranca 
Jugando Partidos contra vecino 0
Resultado 11
53989.2
Yo soy: 
7 35 61 62 82 45 27 59 94 0 47 70 44 88 46 80 21 25 El mejor fue: 0
7 35 61 62 82 45 27 59 94 0 47 70 54 88 46 80 21 25 Generación 197
arranca 
Jugando Partidos contra vecino 0
Resultado 15
60023.5
Yo soy: 
7 35 61 62 82 45 27 59 94 0 47 70 54 88 46 80 21 25 El mejor fue: 0
7 35 61 62 82 45 27 59 94 0 47 70 54 88 56 80 21 25 Generación 196
arranca 
Jugando Partidos contra vecino 0
Resultado 9
44834.7
Jugando Partidos contra vecino 1
Resultado 13
40724.7
Yo soy: 
7 35 61 62 82 45 27 59 94 0 47 70 54 88 56 80 21 25 El mejor fue: 1
7 35 61 62 82 45 27 59 94 0 47 70 54 88 56 80 31 25 Generación 195
arranca 
Jugando Partidos contra vecino 0
Resultado 11
31635.1
Yo soy: 
7 35 61 62 82 45 27 59 94 0 47 70 54 88 56 80 31 25 El mejor fue: 0
7 35 61 62 82 45 27 59 74 0 47 70 54 88 56 80 31 25 Generación 194
arranca 
Jugando Partidos contra vecino 0
Resultado 15
63323.5
Yo soy: 
7 35 61 62 82 45 27 59 74 0 47 70 54 88 56 80 31 25 El mejor fue: 0
7 35 61 62 82 45 27 59 74 0 47 80 54 88 56 80 31 25 Generación 193
arranca 
Jugando Partidos contra vecino 0
Resultado 15
57501.8
Yo soy: 
7 35 61 62 82 45 27 59 74 0 47 80 54 88 56 80 31 25 El mejor fue: 0
7 35 61 62 82 45 27 59 74 0 47 80 54 98 56 80 31 25 Generación 192
arranca 
Jugando Partidos contra vecino 0
Resultado 13
46824.3
Yo soy: 
7 35 61 62 82 45 27 59 74 0 47 80 54 98 56 80 31 25 El mejor fue: 0
-3 35 61 62 82 45 27 59 74 0 47 80 54 98 56 80 31 25 Generación 191
arranca 
Jugando Partidos contra vecino 0
Resultado 15
42178.8
Yo soy: 
-3 35 61 62 82 45 27 59 74 0 47 80 54 98 56 80 31 25 El mejor fue: 0
-3 35 51 62 82 45 27 59 74 0 47 80 54 98 56 80 31 25 Generación 190
arranca 
Jugando Partidos contra vecino 0
Resultado 13
46336.8
Yo soy: 
-3 35 51 62 82 45 27 59 74 0 47 80 54 98 56 80 31 25 El mejor fue: 0
-3 35 51 62 82 45 27 59 74 10 47 80 54 98 56 80 31 25 Generación 189
arranca 
Jugando Partidos contra vecino 0
Resultado 15
46481.5
Yo soy: 
-3 35 51 62 82 45 27 59 74 10 47 80 54 98 56 80 31 25 El mejor fue: 0
7 35 51 62 82 45 27 59 74 10 47 80 54 98 56 80 31 25 Generación 188
arranca 
Jugando Partidos contra vecino 0
Resultado 11
38655.6
Yo soy: 
7 35 51 62 82 45 27 59 74 10 47 80 54 98 56 80 31 25 El mejor fue: 0
7 35 51 62 82 45 27 59 74 10 47 70 54 98 56 80 31 25 Generación 187
arranca 
Jugando Partidos contra vecino 0
Resultado 11
39994.5
Yo soy: 
7 35 51 62 82 45 27 59 74 10 47 70 54 98 56 80 31 25 El mejor fue: 0
7 35 51 62 82 55 27 59 74 10 47 70 54 98 56 80 31 25 Generación 186
arranca 
Jugando Partidos contra vecino 0
Resultado 15
63318.9
Yo soy: 
7 35 51 62 82 55 27 59 74 10 47 70 54 98 56 80 31 25 El mejor fue: 0
7 35 51 62 82 55 27 59 74 10 47 70 54 98 56 80 21 25 Generación 185
arranca 
Jugando Partidos contra vecino 0
Resultado 13
33589.3
Yo soy: 
7 35 51 62 82 55 27 59 74 10 47 70 54 98 56 80 21 25 El mejor fue: 0
7 35 61 62 82 55 27 59 74 10 47 70 54 98 56 80 21 25 Generación 184
arranca 
Jugando Partidos contra vecino 0
Resultado 15
51422.7
Yo soy: 
7 35 61 62 82 55 27 59 74 10 47 70 54 98 56 80 21 25 El mejor fue: 0
7 35 61 62 82 65 27 59 74 10 47 70 54 98 56 80 21 25 Generación 183
arranca 
Jugando Partidos contra vecino 0
Resultado 13
47423.7
Yo soy: 
7 35 61 62 82 65 27 59 74 10 47 70 54 98 56 80 21 25 El mejor fue: 0
7 35 61 62 82 65 27 49 74 10 47 70 54 98 56 80 21 25 Generación 182
arranca 
Jugando Partidos contra vecino 0
Resultado 13
42250.7
Yo soy: 
7 35 61 62 82 65 27 49 74 10 47 70 54 98 56 80 21 25 El mejor fue: 0
7 35 61 62 82 65 27 49 74 10 47 60 54 98 56 80 21 25 Generación 181
arranca 
Jugando Partidos contra vecino 0
Resultado 13
42722.7
Yo soy: 
7 35 61 62 82 65 27 49 74 10 47 60 54 98 56 80 21 25 El mejor fue: 0
7 35 61 62 82 65 27 49 74 10 47 60 54 98 56 80 11 25 Generación 180
arranca 
Jugando Partidos contra vecino 0
Resultado 9
38221.1
Jugando Partidos contra vecino 1
Resultado 11
29103
Yo soy: 
7 35 61 62 82 65 27 49 74 10 47 60 54 98 56 80 11 25 El mejor fue: 1
-3 35 61 62 82 65 27 49 74 10 47 60 54 98 56 80 11 25 Generación 179
arranca 
Jugando Partidos contra vecino 0
Resultado 13
44848.9
Yo soy: 
-3 35 61 62 82 65 27 49 74 10 47 60 54 98 56 80 11 25 El mejor fue: 0
-3 35 61 72 82 65 27 49 74 10 47 60 54 98 56 80 11 25 Generación 178
arranca 
Jugando Partidos contra vecino 0
Resultado 9
34556.4
Jugando Partidos contra vecino 1
Resultado 11
32659
Yo soy: 
-3 35 61 72 82 65 27 49 74 10 47 60 54 98 56 80 11 25 El mejor fue: 1
-3 35 61 72 82 65 27 49 74 10 47 60 64 98 56 80 11 25 Generación 177
arranca 
Jugando Partidos contra vecino 0
Resultado 15
34880.2
Yo soy: 
-3 35 61 72 82 65 27 49 74 10 47 60 64 98 56 80 11 25 El mejor fue: 0
-13 35 61 72 82 65 27 49 74 10 47 60 64 98 56 80 11 25 Generación 176
arranca 
Jugando Partidos contra vecino 0
Resultado 13
37630.6
Yo soy: 
-13 35 61 72 82 65 27 49 74 10 47 60 64 98 56 80 11 25 El mejor fue: 0
-13 35 61 72 82 55 27 49 74 10 47 60 64 98 56 80 11 25 Generación 175
arranca 
Jugando Partidos contra vecino 0
Resultado 13
40320.3
Yo soy: 
-13 35 61 72 82 55 27 49 74 10 47 60 64 98 56 80 11 25 El mejor fue: 0
-13 35 61 72 82 55 27 49 74 10 47 70 64 98 56 80 11 25 Generación 174
arranca 
Jugando Partidos contra vecino 0
Resultado 13
62481.5
Yo soy: 
-13 35 61 72 82 55 27 49 74 10 47 70 64 98 56 80 11 25 El mejor fue: 0
-13 35 61 72 82 55 27 49 64 10 47 70 64 98 56 80 11 25 Generación 173
arranca 
Jugando Partidos contra vecino 0
Resultado 15
63362.5
Yo soy: 
-13 35 61 72 82 55 27 49 64 10 47 70 64 98 56 80 11 25 El mejor fue: 0
-13 35 61 72 82 55 27 39 64 10 47 70 64 98 56 80 11 25 Generación 172
arranca 
Jugando Partidos contra vecino 0
Resultado 13
46941.7
Yo soy: 
-13 35 61 72 82 55 27 39 64 10 47 70 64 98 56 80 11 25 El mejor fue: 0
-13 35 61 72 82 55 27 39 64 10 47 70 64 98 66 80 11 25 Generación 171
arranca 
Jugando Partidos contra vecino 0
Resultado 3
23392.3
Jugando Partidos contra vecino 1
Resultado 13
36606.5
Yo soy: 
-13 35 61 72 82 55 27 39 64 10 47 70 64 98 66 80 11 25 El mejor fue: 1
-13 35 61 72 82 55 27 39 64 10 47 60 64 98 66 80 11 25 Generación 170
arranca 
Jugando Partidos contra vecino 0
Resultado 11
33784.5
Yo soy: 
-13 35 61 72 82 55 27 39 64 10 47 60 64 98 66 80 11 25 El mejor fue: 0
-13 35 61 82 82 55 27 39 64 10 47 60 64 98 66 80 11 25 Generación 169
arranca 
Jugando Partidos contra vecino 0
Resultado 11
34564.3
Yo soy: 
-13 35 61 82 82 55 27 39 64 10 47 60 64 98 66 80 11 25 El mejor fue: 0
-13 35 61 82 92 55 27 39 64 10 47 60 64 98 66 80 11 25 Generación 168
arranca 
Jugando Partidos contra vecino 0
Resultado 13
52730.6
Yo soy: 
-13 35 61 82 92 55 27 39 64 10 47 60 64 98 66 80 11 25 El mejor fue: 0
-13 35 61 82 92 55 27 39 64 10 47 60 64 98 66 90 11 25 Generación 167
arranca 
Jugando Partidos contra vecino 0
Resultado 15
40393.4
Yo soy: 
-13 35 61 82 92 55 27 39 64 10 47 60 64 98 66 90 11 25 El mejor fue: 0
-13 35 61 82 92 55 27 39 64 10 47 60 64 98 66 90 1 25 Generación 166
arranca 
Jugando Partidos contra vecino 0
Resultado 13
37879.3
Yo soy: 
-13 35 61 82 92 55 27 39 64 10 47 60 64 98 66 90 1 25 El mejor fue: 0
-13 35 61 82 92 55 27 39 64 10 47 60 74 98 66 90 1 25 Generación 165
arranca 
Jugando Partidos contra vecino 0
Resultado 11
35386.4
Yo soy: 
-13 35 61 82 92 55 27 39 64 10 47 60 74 98 66 90 1 25 El mejor fue: 0
-13 35 61 82 92 55 27 39 74 10 47 60 74 98 66 90 1 25 Generación 164
arranca 
Jugando Partidos contra vecino 0
Resultado 13
37745
Yo soy: 
-13 35 61 82 92 55 27 39 74 10 47 60 74 98 66 90 1 25 El mejor fue: 0
-13 35 61 82 92 55 27 39 74 10 47 60 74 98 76 90 1 25 Generación 163
arranca 
Jugando Partidos contra vecino 0
Resultado 5
19516.5
Jugando Partidos contra vecino 1
Resultado 13
40922
Yo soy: 
-13 35 61 82 92 55 27 39 74 10 47 60 74 98 76 90 1 25 El mejor fue: 1
-13 35 61 82 82 55 27 39 74 10 47 60 74 98 76 90 1 25 Generación 162
arranca 
Jugando Partidos contra vecino 0
Resultado 15
59651.3
Yo soy: 
-13 35 61 82 82 55 27 39 74 10 47 60 74 98 76 90 1 25 El mejor fue: 0
-13 35 51 82 82 55 27 39 74 10 47 60 74 98 76 90 1 25 Generación 161
arranca 
Jugando Partidos contra vecino 0
Resultado 11
47531.3
Yo soy: 
-13 35 51 82 82 55 27 39 74 10 47 60 74 98 76 90 1 25 El mejor fue: 0
-13 35 51 82 82 55 27 39 74 10 47 60 74 98 86 90 1 25 Generación 160
arranca 
Jugando Partidos contra vecino 0
Resultado 13
45540.8
Yo soy: 
-13 35 51 82 82 55 27 39 74 10 47 60 74 98 86 90 1 25 El mejor fue: 0
-3 35 51 82 82 55 27 39 74 10 47 60 74 98 86 90 1 25 Generación 159
arranca 
Jugando Partidos contra vecino 0
Resultado 13
29967.3
Yo soy: 
-3 35 51 82 82 55 27 39 74 10 47 60 74 98 86 90 1 25 El mejor fue: 0
-3 35 51 82 82 55 27 39 74 10 57 60 74 98 86 90 1 25 Generación 158
arranca 
Jugando Partidos contra vecino 0
Resultado 15
49929.3
Yo soy: 
-3 35 51 82 82 55 27 39 74 10 57 60 74 98 86 90 1 25 El mejor fue: 0
-3 35 51 82 82 55 27 29 74 10 57 60 74 98 86 90 1 25 Generación 157
arranca 
Jugando Partidos contra vecino 0
Resultado 15
48338.6
Yo soy: 
-3 35 51 82 82 55 27 29 74 10 57 60 74 98 86 90 1 25 El mejor fue: 0
-3 35 61 82 82 55 27 29 74 10 57 60 74 98 86 90 1 25 Generación 156
arranca 
Jugando Partidos contra vecino 0
Resultado 15
41822.3
Yo soy: 
-3 35 61 82 82 55 27 29 74 10 57 60 74 98 86 90 1 25 El mejor fue: 0
-3 35 61 82 82 55 27 19 74 10 57 60 74 98 86 90 1 25 Generación 155
arranca 
Jugando Partidos contra vecino 0
Resultado 15
40790.2
Yo soy: 
-3 35 61 82 82 55 27 19 74 10 57 60 74 98 86 90 1 25 El mejor fue: 0
-3 35 61 82 72 55 27 19 74 10 57 60 74 98 86 90 1 25 Generación 154
arranca 
Jugando Partidos contra vecino 0
Resultado 3
17266.9
Jugando Partidos contra vecino 1
Resultado 15
44133.5
Yo soy: 
-3 35 61 82 72 55 27 19 74 10 57 60 74 98 86 90 1 25 El mejor fue: 1
-3 35 61 82 72 55 27 9 74 10 57 60 74 98 86 90 1 25 Generación 153
arranca 
Jugando Partidos contra vecino 0
Resultado 13
37703.4
Yo soy: 
-3 35 61 82 72 55 27 9 74 10 57 60 74 98 86 90 1 25 El mejor fue: 0
-3 35 61 92 72 55 27 9 74 10 57 60 74 98 86 90 1 25 Generación 152
arranca 
Jugando Partidos contra vecino 0
Resultado 15
46110.3
Yo soy: 
-3 35 61 92 72 55 27 9 74 10 57 60 74 98 86 90 1 25 El mejor fue: 0
-3 35 61 92 72 55 27 9 74 10 57 60 74 98 86 90 1 35 Generación 151
arranca 
Jugando Partidos contra vecino 0
Resultado 7
36097.5
Jugando Partidos contra vecino 1
Resultado 9
31470.4
Jugando Partidos contra vecino 2
Resultado 9
23482.8
Jugando Partidos contra vecino 3
Resultado 9
34988.4
Jugando Partidos contra vecino 4
Resultado 13
38549.3
Yo soy: 
-3 35 61 92 72 55 27 9 74 10 57 60 74 98 86 90 1 35 El mejor fue: 4
-3 35 61 82 72 55 27 9 74 10 57 60 74 98 86 90 1 35 Generación 150
arranca 
Jugando Partidos contra vecino 0
Resultado 13
38871.1
Yo soy: 
-3 35 61 82 72 55 27 9 74 10 57 60 74 98 86 90 1 35 El mejor fue: 0
-3 45 61 82 72 55 27 9 74 10 57 60 74 98 86 90 1 35 Generación 149
arranca 
Jugando Partidos contra vecino 0
Resultado 9
28851.5
Jugando Partidos contra vecino 1
Resultado 13
39085.6
Yo soy: 
-3 45 61 82 72 55 27 9 74 10 57 60 74 98 86 90 1 35 El mejor fue: 1
-3 45 61 92 72 55 27 9 74 10 57 60 74 98 86 90 1 35 Generación 148
arranca 
Jugando Partidos contra vecino 0
Resultado 15
48717.8
Yo soy: 
-3 45 61 92 72 55 27 9 74 10 57 60 74 98 86 90 1 35 El mejor fue: 0
-3 45 61 92 72 55 27 9 64 10 57 60 74 98 86 90 1 35 Generación 147
arranca 
Jugando Partidos contra vecino 0
Resultado 13
49212.3
Yo soy: 
-3 45 61 92 72 55 27 9 64 10 57 60 74 98 86 90 1 35 El mejor fue: 0
-3 45 51 92 72 55 27 9 64 10 57 60 74 98 86 90 1 35 Generación 146
arranca 
Jugando Partidos contra vecino 0
Resultado 7
21698.2
Jugando Partidos contra vecino 1
Resultado 7
26899.8
Jugando Partidos contra vecino 2
Resultado 2
17588.8
Jugando Partidos contra vecino 3
Resultado 13
36041.2
Yo soy: 
-3 45 51 92 72 55 27 9 64 10 57 60 74 98 86 90 1 35 El mejor fue: 3
-3 45 51 92 72 55 27 9 64 10 67 60 74 98 86 90 1 35 Generación 145
arranca 
Jugando Partidos contra vecino 0
Resultado 11
38557.1
Yo soy: 
-3 45 51 92 72 55 27 9 64 10 67 60 74 98 86 90 1 35 El mejor fue: 0
-3 35 51 92 72 55 27 9 64 10 67 60 74 98 86 90 1 35 Generación 144
arranca 
Jugando Partidos contra vecino 0
Resultado 7
27042.7
Jugando Partidos contra vecino 1
Resultado 13
37590.1
Yo soy: 
-3 35 51 92 72 55 27 9 64 10 67 60 74 98 86 90 1 35 El mejor fue: 1
-3 35 51 92 72 45 27 9 64 10 67 60 74 98 86 90 1 35 Generación 143
arranca 
Jugando Partidos contra vecino 0
Resultado 9
27191.3
Jugando Partidos contra vecino 1
Resultado 13
32085.7
Yo soy: 
-3 35 51 92 72 45 27 9 64 10 67 60 74 98 86 90 1 35 El mejor fue: 1
-3 35 51 92 82 45 27 9 64 10 67 60 74 98 86 90 1 35 Generación 142
arranca 
Jugando Partidos contra vecino 0
Resultado 7
23915.3
Jugando Partidos contra vecino 1
Resultado 15
47145.8
Yo soy: 
-3 35 51 92 82 45 27 9 64 10 67 60 74 98 86 90 1 35 El mejor fue: 1
-3 45 51 92 82 45 27 9 64 10 67 60 74 98 86 90 1 35 Generación 141
arranca 
Jugando Partidos contra vecino 0
Resultado 11
35356
Yo soy: 
-3 45 51 92 82 45 27 9 64 10 67 60 74 98 86 90 1 35 El mejor fue: 0
-3 45 41 92 82 45 27 9 64 10 67 60 74 98 86 90 1 35 Generación 140
arranca 
Jugando Partidos contra vecino 0
Resultado 11
40000.5
Yo soy: 
-3 45 41 92 82 45 27 9 64 10 67 60 74 98 86 90 1 35 El mejor fue: 0
-3 45 41 92 72 45 27 9 64 10 67 60 74 98 86 90 1 35 Generación 139
arranca 
Jugando Partidos contra vecino 0
Resultado 4
18313.8
Jugando Partidos contra vecino 1
Resultado 13
38191.8
Yo soy: 
-3 45 41 92 72 45 27 9 64 10 67 60 74 98 86 90 1 35 El mejor fue: 1
-3 45 41 92 72 45 37 9 64 10 67 60 74 98 86 90 1 35 Generación 138
arranca 
Jugando Partidos contra vecino 0
Resultado 7
31513.3
Jugando Partidos contra vecino 1
Resultado 9
28053.2
Jugando Partidos contra vecino 2
Resultado 13
37618.6
Yo soy: 
-3 45 41 92 72 45 37 9 64 10 67 60 74 98 86 90 1 35 El mejor fue: 2
-13 45 41 92 72 45 37 9 64 10 67 60 74 98 86 90 1 35 Generación 137
arranca 
Jugando Partidos contra vecino 0
Resultado 15
43871.4
Yo soy: 
-13 45 41 92 72 45 37 9 64 10 67 60 74 98 86 90 1 35 El mejor fue: 0
-13 45 41 92 72 45 37 9 74 10 67 60 74 98 86 90 1 35 Generación 136
arranca 
Jugando Partidos contra vecino 0
Resultado 15
54130.1
Yo soy: 
-13 45 41 92 72 45 37 9 74 10 67 60 74 98 86 90 1 35 El mejor fue: 0
-13 45 41 92 72 45 37 9 74 0 67 60 74 98 86 90 1 35 Generación 135
arranca 
Jugando Partidos contra vecino 0
Resultado 15
55090.1
Yo soy: 
-13 45 41 92 72 45 37 9 74 0 67 60 74 98 86 90 1 35 El mejor fue: 0
-13 45 31 92 72 45 37 9 74 0 67 60 74 98 86 90 1 35 Generación 134
arranca 
Jugando Partidos contra vecino 0
Resultado 15
45733.7
Yo soy: 
-13 45 31 92 72 45 37 9 74 0 67 60 74 98 86 90 1 35 El mejor fue: 0
-13 45 31 92 72 45 37 9 74 0 67 60 74 98 86 90 11 35 Generación 133
arranca 
Jugando Partidos contra vecino 0
Resultado 13
40028.5
Yo soy: 
-13 45 31 92 72 45 37 9 74 0 67 60 74 98 86 90 11 35 El mejor fue: 0
-13 45 31 92 72 45 47 9 74 0 67 60 74 98 86 90 11 35 Generación 132
arranca 
Jugando Partidos contra vecino 0
Resultado 3
15433.7
Jugando Partidos contra vecino 1
Resultado 15
51606.5
Yo soy: 
-13 45 31 92 72 45 47 9 74 0 67 60 74 98 86 90 11 35 El mejor fue: 1
-13 45 31 92 72 45 47 9 74 0 67 60 74 98 86 90 1 35 Generación 131
arranca 
Jugando Partidos contra vecino 0
Resultado 15
46455.6
Yo soy: 
-13 45 31 92 72 45 47 9 74 0 67 60 74 98 86 90 1 35 El mejor fue: 0
-13 45 31 92 82 45 47 9 74 0 67 60 74 98 86 90 1 35 Generación 130
arranca 
Jugando Partidos contra vecino 0
Resultado 15
55114.1
Yo soy: 
-13 45 31 92 82 45 47 9 74 0 67 60 74 98 86 90 1 35 El mejor fue: 0
-13 45 31 92 82 45 47 9 74 0 67 60 74 88 86 90 1 35 Generación 129
arranca 
Jugando Partidos contra vecino 0
Resultado 15
48245.1
Yo soy: 
-13 45 31 92 82 45 47 9 74 0 67 60 74 88 86 90 1 35 El mejor fue: 0
-13 55 31 92 82 45 47 9 74 0 67 60 74 88 86 90 1 35 Generación 128
arranca 
Jugando Partidos contra vecino 0
Resultado 15
47656.9
Yo soy: 
-13 55 31 92 82 45 47 9 74 0 67 60 74 88 86 90 1 35 El mejor fue: 0
-13 55 31 92 82 45 47 9 74 10 67 60 74 88 86 90 1 35 Generación 127
arranca 
Jugando Partidos contra vecino 0
Resultado 9
27207.3
Jugando Partidos contra vecino 1
Resultado 9
24878.4
Jugando Partidos contra vecino 2
Resultado 15
45484.5
Yo soy: 
-13 55 31 92 82 45 47 9 74 10 67 60 74 88 86 90 1 35 El mejor fue: 2
-13 55 21 92 82 45 47 9 74 10 67 60 74 88 86 90 1 35 Generación 126
arranca 
Jugando Partidos contra vecino 0
Resultado 13
47138.2
Yo soy: 
-13 55 21 92 82 45 47 9 74 10 67 60 74 88 86 90 1 35 El mejor fue: 0
-13 55 11 92 82 45 47 9 74 10 67 60 74 88 86 90 1 35 Generación 125
arranca 
Jugando Partidos contra vecino 0
Resultado 5
21080.2
Jugando Partidos contra vecino 1
Resultado 13
40795.5
Yo soy: 
-13 55 11 92 82 45 47 9 74 10 67 60 74 88 86 90 1 35 El mejor fue: 1
-13 55 11 92 82 45 47 -1 74 10 67 60 74 88 86 90 1 35 Generación 124
arranca 
Jugando Partidos contra vecino 0
Resultado 15
44606.7
Yo soy: 
-13 55 11 92 82 45 47 -1 74 10 67 60 74 88 86 90 1 35 El mejor fue: 0
-13 55 11 72 82 45 47 -1 74 10 67 60 74 88 86 90 1 35 Generación 123
arranca 
Jugando Partidos contra vecino 0
Resultado 13
37716.8
Yo soy: 
-13 55 11 72 82 45 47 -1 74 10 67 60 74 88 86 90 1 35 El mejor fue: 0
-13 55 11 72 82 45 47 -1 74 10 67 50 74 88 86 90 1 35 Generación 122
arranca 
Jugando Partidos contra vecino 0
Resultado 15
38239.6
Yo soy: 
-13 55 11 72 82 45 47 -1 74 10 67 50 74 88 86 90 1 35 El mejor fue: 0
-13 55 11 72 92 45 47 -1 74 10 67 50 74 88 86 90 1 35 Generación 121
arranca 
Jugando Partidos contra vecino 0
Resultado 15
39567.2
Yo soy: 
-13 55 11 72 92 45 47 -1 74 10 67 50 74 88 86 90 1 35 El mejor fue: 0
-13 55 11 72 92 45 57 -1 74 10 67 50 74 88 86 90 1 35 Generación 120
arranca 
Jugando Partidos contra vecino 0
Resultado 15
49965.5
Yo soy: 
-13 55 11 72 92 45 57 -1 74 10 67 50 74 88 86 90 1 35 El mejor fue: 0
-13 55 11 72 92 45 57 -1 74 10 67 50 74 98 86 90 1 35 Generación 119
arranca 
Jugando Partidos contra vecino 0
Resultado 13
34614.9
Yo soy: 
-13 55 11 72 92 45 57 -1 74 10 67 50 74 98 86 90 1 35 El mejor fue: 0
-13 55 21 72 92 45 57 -1 74 10 67 50 74 98 86 90 1 35 Generación 118
arranca 
Jugando Partidos contra vecino 0
Resultado 15
54611.9
Yo soy: 
-13 55 21 72 92 45 57 -1 74 10 67 50 74 98 86 90 1 35 El mejor fue: 0
-13 55 21 72 92 45 57 -1 74 10 67 50 74 98 86 90 -9 35 Generación 117
arranca 
Jugando Partidos contra vecino 0
Resultado 13
35844.9
Yo soy: 
-13 55 21 72 92 45 57 -1 74 10 67 50 74 98 86 90 -9 35 El mejor fue: 0
-13 55 21 72 92 45 57 -1 74 0 67 50 74 98 86 90 -9 35 Generación 116
arranca 
Jugando Partidos contra vecino 0
Resultado 15
51090.3
Yo soy: 
-13 55 21 72 92 45 57 -1 74 0 67 50 74 98 86 90 -9 35 El mejor fue: 0
-13 55 21 72 92 45 57 -1 74 0 67 50 74 98 86 90 -9 25 Generación 115
arranca 
Jugando Partidos contra vecino 0
Resultado 13
42203.7
Yo soy: 
-13 55 21 72 92 45 57 -1 74 0 67 50 74 98 86 90 -9 25 El mejor fue: 0
-13 55 21 72 92 45 57 -1 74 -10 67 50 74 98 86 90 -9 25 Generación 114
arranca 
Jugando Partidos contra vecino 0
Resultado 13
38192.7
Yo soy: 
-13 55 21 72 92 45 57 -1 74 -10 67 50 74 98 86 90 -9 25 El mejor fue: 0
-13 55 21 72 92 45 57 -1 74 -10 67 50 74 78 86 90 -9 25 Generación 113
arranca 
Jugando Partidos contra vecino 0
Resultado 15
43787.5
Yo soy: 
-13 55 21 72 92 45 57 -1 74 -10 67 50 74 78 86 90 -9 25 El mejor fue: 0
-13 55 21 72 92 55 57 -1 74 -10 67 50 74 78 86 90 -9 25 Generación 112
arranca 
Jugando Partidos contra vecino 0
Resultado 9
51616
Jugando Partidos contra vecino 1
Resultado 12
30408.3
Yo soy: 
-13 55 21 72 92 55 57 -1 74 -10 67 50 74 78 86 90 -9 25 El mejor fue: 1
-23 55 21 72 92 55 57 -1 74 -10 67 50 74 78 86 90 -9 25 Generación 111
arranca 
Jugando Partidos contra vecino 0
Resultado 15
48567.9
Yo soy: 
-23 55 21 72 92 55 57 -1 74 -10 67 50 74 78 86 90 -9 25 El mejor fue: 0
-23 55 21 72 92 55 57 -1 74 -10 67 60 74 78 86 90 -9 25 Generación 110
arranca 
Jugando Partidos contra vecino 0
Resultado 15
45840.6
Yo soy: 
-23 55 21 72 92 55 57 -1 74 -10 67 60 74 78 86 90 -9 25 El mejor fue: 0
-23 55 21 72 92 55 57 -1 74 -20 67 60 74 78 86 90 -9 25 Generación 109
arranca 
Jugando Partidos contra vecino 0
Resultado 15
44623.6
Yo soy: 
-23 55 21 72 92 55 57 -1 74 -20 67 60 74 78 86 90 -9 25 El mejor fue: 0
-23 45 21 72 92 55 57 -1 74 -20 67 60 74 78 86 90 -9 25 Generación 108
arranca 
Jugando Partidos contra vecino 0
Resultado 15
51240.2
Yo soy: 
-23 45 21 72 92 55 57 -1 74 -20 67 60 74 78 86 90 -9 25 El mejor fue: 0
-23 45 21 72 92 55 57 -1 74 -20 57 60 74 78 86 90 -9 25 Generación 107
arranca 
Jugando Partidos contra vecino 0
Resultado 15
47050.9
Yo soy: 
-23 45 21 72 92 55 57 -1 74 -20 57 60 74 78 86 90 -9 25 El mejor fue: 0
-23 45 21 72 92 55 57 -1 74 -20 57 60 74 78 86 90 1 25 Generación 106
arranca 
Jugando Partidos contra vecino 0
Resultado 12
39216.8
Yo soy: 
-23 45 21 72 92 55 57 -1 74 -20 57 60 74 78 86 90 1 25 El mejor fue: 0
-23 45 31 72 92 55 57 -1 74 -20 57 60 74 78 86 90 1 25 Generación 105
arranca 
Jugando Partidos contra vecino 0
Resultado 15
48174.2
Yo soy: 
-23 45 31 72 92 55 57 -1 74 -20 57 60 74 78 86 90 1 25 El mejor fue: 0
-23 45 31 72 92 55 67 -1 74 -20 57 60 74 78 86 90 1 25 Generación 104
arranca 
Jugando Partidos contra vecino 0
Resultado 15
48828.8
Yo soy: 
-23 45 31 72 92 55 67 -1 74 -20 57 60 74 78 86 90 1 25 El mejor fue: 0
-23 45 31 72 92 65 67 -1 74 -20 57 60 74 78 86 90 1 25 Generación 103
arranca 
Jugando Partidos contra vecino 0
Resultado 15
42426.3
Yo soy: 
-23 45 31 72 92 65 67 -1 74 -20 57 60 74 78 86 90 1 25 El mejor fue: 0
-23 45 31 72 92 65 67 -1 74 -20 57 60 74 78 96 90 1 25 Generación 102
arranca 
Jugando Partidos contra vecino 0
Resultado 15
48141.7
Yo soy: 
-23 45 31 72 92 65 67 -1 74 -20 57 60 74 78 96 90 1 25 El mejor fue: 0
-23 45 31 72 92 65 67 -1 74 -20 57 60 74 78 96 90 -9 25 Generación 101
arranca 
Jugando Partidos contra vecino 0
Resultado 4
23128.5
Jugando Partidos contra vecino 1
Resultado 15
55169.9
Yo soy: 
-23 45 31 72 92 65 67 -1 74 -20 57 60 74 78 96 90 -9 25 El mejor fue: 1
-13 45 31 72 92 65 67 -1 74 -20 57 60 74 78 96 90 -9 25 Generación 100
arranca 
Jugando Partidos contra vecino 0
Resultado 13
43747.5
Yo soy: 
-13 45 31 72 92 65 67 -1 74 -20 57 60 74 78 96 90 -9 25 El mejor fue: 0
-13 45 31 72 92 65 67 -1 64 -20 57 60 74 78 96 90 -9 25 Generación 99
arranca 
Jugando Partidos contra vecino 0
Resultado 11
38376.9
Yo soy: 
-13 45 31 72 92 65 67 -1 64 -20 57 60 74 78 96 90 -9 25 El mejor fue: 0
-3 45 31 72 92 65 67 -1 64 -20 57 60 74 78 96 90 -9 25 Generación 98
arranca 
Jugando Partidos contra vecino 0
Resultado 15
38594.8
Yo soy: 
-3 45 31 72 92 65 67 -1 64 -20 57 60 74 78 96 90 -9 25 El mejor fue: 0
-3 55 31 72 92 65 67 -1 64 -20 57 60 74 78 96 90 -9 25 Generación 97
arranca 
Jugando Partidos contra vecino 0
Resultado 15
41485.7
Yo soy: 
-3 55 31 72 92 65 67 -1 64 -20 57 60 74 78 96 90 -9 25 El mejor fue: 0
-3 55 31 72 82 65 67 -1 64 -20 57 60 74 78 96 90 -9 25 Generación 96
arranca 
Jugando Partidos contra vecino 0
Resultado 11
31531.3
Yo soy: 
-3 55 31 72 82 65 67 -1 64 -20 57 60 74 78 96 90 -9 25 El mejor fue: 0
-3 55 31 72 72 65 67 -1 64 -20 57 60 74 78 96 90 -9 25 Generación 95
arranca 
Jugando Partidos contra vecino 0
Resultado 13
25655.6
Yo soy: 
-3 55 31 72 72 65 67 -1 64 -20 57 60 74 78 96 90 -9 25 El mejor fue: 0
-3 55 31 72 72 65 67 -1 64 -20 57 60 74 78 76 90 -9 25 Generación 94
arranca 
Jugando Partidos contra vecino 0
Resultado 15
41620.7
Yo soy: 
-3 55 31 72 72 65 67 -1 64 -20 57 60 74 78 76 90 -9 25 El mejor fue: 0
-3 55 31 72 72 65 67 9 64 -20 57 60 74 78 76 90 -9 25 Generación 93
arranca 
Jugando Partidos contra vecino 0
Resultado 15
42971.4
Yo soy: 
-3 55 31 72 72 65 67 9 64 -20 57 60 74 78 76 90 -9 25 El mejor fue: 0
-3 55 31 72 72 65 67 9 64 -20 57 70 74 78 76 90 -9 25 Generación 92
arranca 
Jugando Partidos contra vecino 0
Resultado 15
46202.8
Yo soy: 
-3 55 31 72 72 65 67 9 64 -20 57 70 74 78 76 90 -9 25 El mejor fue: 0
-3 55 31 72 72 65 67 9 64 -20 57 70 74 78 76 90 -19 25 Generación 91
arranca 
Jugando Partidos contra vecino 0
Resultado 15
45687.7
Yo soy: 
-3 55 31 72 72 65 67 9 64 -20 57 70 74 78 76 90 -19 25 El mejor fue: 0
-3 55 31 72 72 65 67 9 64 -20 57 70 74 78 66 90 -19 25 Generación 90
arranca 
Jugando Partidos contra vecino 0
Resultado 15
58503.2
Yo soy: 
-3 55 31 72 72 65 67 9 64 -20 57 70 74 78 66 90 -19 25 El mejor fue: 0
-3 55 31 72 72 65 77 9 64 -20 57 70 74 78 66 90 -19 25 Generación 89
arranca 
Jugando Partidos contra vecino 0
Resultado 15
47980
Yo soy: 
-3 55 31 72 72 65 77 9 64 -20 57 70 74 78 66 90 -19 25 El mejor fue: 0
-3 55 41 72 72 65 77 9 64 -20 57 70 74 78 66 90 -19 25 Generación 88
arranca 
Jugando Partidos contra vecino 0
Resultado 15
43627.5
Yo soy: 
-3 55 41 72 72 65 77 9 64 -20 57 70 74 78 66 90 -19 25 El mejor fue: 0
-3 55 41 72 72 65 77 9 64 -20 67 70 74 78 66 90 -19 25 Generación 87
arranca 
Jugando Partidos contra vecino 0
Resultado 15
43942.7
Yo soy: 
-3 55 41 72 72 65 77 9 64 -20 67 70 74 78 66 90 -19 25 El mejor fue: 0
-3 55 41 72 72 65 77 9 64 -20 77 70 74 78 66 90 -19 25 Generación 86
arranca 
Jugando Partidos contra vecino 0
Resultado 15
48442
Yo soy: 
-3 55 41 72 72 65 77 9 64 -20 77 70 74 78 66 90 -19 25 El mejor fue: 0
-3 55 31 72 72 65 77 9 64 -20 77 70 74 78 66 90 -19 25 Generación 85
arranca 
Jugando Partidos contra vecino 0
Resultado 15
46931.8
Yo soy: 
-3 55 31 72 72 65 77 9 64 -20 77 70 74 78 66 90 -19 25 El mejor fue: 0
-3 55 31 72 72 65 77 19 64 -20 77 70 74 78 66 90 -19 25 Generación 84
arranca 
Jugando Partidos contra vecino 0
Resultado 15
48146.7
Yo soy: 
-3 55 31 72 72 65 77 19 64 -20 77 70 74 78 66 90 -19 25 El mejor fue: 0
-3 55 31 72 72 65 77 19 64 -20 87 70 74 78 66 90 -19 25 Generación 83
arranca 
Jugando Partidos contra vecino 0
Resultado 15
54513.5
Yo soy: 
-3 55 31 72 72 65 77 19 64 -20 87 70 74 78 66 90 -19 25 El mejor fue: 0
-3 55 31 72 72 75 77 19 64 -20 87 70 74 78 66 90 -19 25 Generación 82
arranca 
Jugando Partidos contra vecino 0
Resultado 15
50183.3
Yo soy: 
-3 55 31 72 72 75 77 19 64 -20 87 70 74 78 66 90 -19 25 El mejor fue: 0
-3 55 31 72 72 65 77 19 64 -20 87 70 74 78 66 90 -19 25 Generación 81
arranca 
Jugando Partidos contra vecino 0
Resultado 15
48975.6
Yo soy: 
-3 55 31 72 72 65 77 19 64 -20 87 70 74 78 66 90 -19 25 El mejor fue: 0
-3 55 31 72 72 65 77 29 64 -20 87 70 74 78 66 90 -19 25 Generación 80
arranca 
Jugando Partidos contra vecino 0
Resultado 15
43255.7
Yo soy: 
-3 55 31 72 72 65 77 29 64 -20 87 70 74 78 66 90 -19 25 El mejor fue: 0
-3 55 31 72 72 65 77 29 64 -30 87 70 74 78 66 90 -19 25 Generación 79
arranca 
Jugando Partidos contra vecino 0
Resultado 15
49981.5
Yo soy: 
-3 55 31 72 72 65 77 29 64 -30 87 70 74 78 66 90 -19 25 El mejor fue: 0
7 55 31 72 72 65 77 29 64 -30 87 70 74 78 66 90 -19 25 Generación 78
arranca 
Jugando Partidos contra vecino 0
Resultado 13
40054.4
Yo soy: 
7 55 31 72 72 65 77 29 64 -30 87 70 74 78 66 90 -19 25 El mejor fue: 0
7 55 31 72 72 65 77 29 54 -30 87 70 74 78 66 90 -19 25 Generación 77
arranca 
Jugando Partidos contra vecino 0
Resultado 15
48111.4
Yo soy: 
7 55 31 72 72 65 77 29 54 -30 87 70 74 78 66 90 -19 25 El mejor fue: 0
7 55 31 72 72 65 77 29 54 -30 87 70 74 78 66 90 -9 25 Generación 76
arranca 
Jugando Partidos contra vecino 0
Resultado 13
37980.5
Yo soy: 
7 55 31 72 72 65 77 29 54 -30 87 70 74 78 66 90 -9 25 El mejor fue: 0
7 45 31 72 72 65 77 29 54 -30 87 70 74 78 66 90 -9 25 Generación 75
arranca 
Jugando Partidos contra vecino 0
Resultado 4
24050.5
Jugando Partidos contra vecino 1
Resultado 4
22185.1
Jugando Partidos contra vecino 2
Resultado 15
48539.8
Yo soy: 
7 45 31 72 72 65 77 29 54 -30 87 70 74 78 66 90 -9 25 El mejor fue: 2
7 45 31 72 72 65 77 29 54 -30 87 70 74 78 56 90 -9 25 Generación 74
arranca 
Jugando Partidos contra vecino 0
Resultado 13
33865.1
Yo soy: 
7 45 31 72 72 65 77 29 54 -30 87 70 74 78 56 90 -9 25 El mejor fue: 0
7 45 31 82 72 65 77 29 54 -30 87 70 74 78 56 90 -9 25 Generación 73
arranca 
Jugando Partidos contra vecino 0
Resultado 13
48605.9
Yo soy: 
7 45 31 82 72 65 77 29 54 -30 87 70 74 78 56 90 -9 25 El mejor fue: 0
7 45 31 82 72 65 87 29 54 -30 87 70 74 78 56 90 -9 25 Generación 72
arranca 
Jugando Partidos contra vecino 0
Resultado 11
37354.9
Yo soy: 
7 45 31 82 72 65 87 29 54 -30 87 70 74 78 56 90 -9 25 El mejor fue: 0
7 45 31 92 72 65 87 29 54 -30 87 70 74 78 56 90 -9 25 Generación 71
arranca 
Jugando Partidos contra vecino 0
Resultado 13
40547.2
Yo soy: 
7 45 31 92 72 65 87 29 54 -30 87 70 74 78 56 90 -9 25 El mejor fue: 0
7 45 31 92 72 65 87 29 54 -30 87 70 74 78 56 90 -9 35 Generación 70
arranca 
Jugando Partidos contra vecino 0
Resultado 15
53412.9
Yo soy: 
7 45 31 92 72 65 87 29 54 -30 87 70 74 78 56 90 -9 35 El mejor fue: 0
7 45 31 92 72 65 87 29 54 -30 87 70 74 78 46 90 -9 35 Generación 69
arranca 
Jugando Partidos contra vecino 0
Resultado 15
50166.3
Yo soy: 
7 45 31 92 72 65 87 29 54 -30 87 70 74 78 46 90 -9 35 El mejor fue: 0
7 45 31 92 72 75 87 29 54 -30 87 70 74 78 46 90 -9 35 Generación 68
arranca 
Jugando Partidos contra vecino 0
Resultado 15
55268.7
Yo soy: 
7 45 31 92 72 75 87 29 54 -30 87 70 74 78 46 90 -9 35 El mejor fue: 0
7 45 31 92 72 75 87 39 54 -30 87 70 74 78 46 90 -9 35 Generación 67
arranca 
Jugando Partidos contra vecino 0
Resultado 15
53135
Yo soy: 
7 45 31 92 72 75 87 39 54 -30 87 70 74 78 46 90 -9 35 El mejor fue: 0
7 45 31 92 72 75 87 39 64 -30 87 70 74 78 46 90 -9 35 Generación 66
arranca 
Jugando Partidos contra vecino 0
Resultado 15
47983.2
Yo soy: 
7 45 31 92 72 75 87 39 64 -30 87 70 74 78 46 90 -9 35 El mejor fue: 0
7 45 31 92 72 75 87 39 64 -30 87 70 74 78 46 90 -19 35 Generación 65
arranca 
Jugando Partidos contra vecino 0
Resultado 15
50648.3
Yo soy: 
7 45 31 92 72 75 87 39 64 -30 87 70 74 78 46 90 -19 35 El mejor fue: 0
7 45 31 72 72 75 87 39 64 -30 87 70 74 78 46 90 -19 35 Generación 64
arranca 
Jugando Partidos contra vecino 0
Resultado 11
38615.9
Yo soy: 
7 45 31 72 72 75 87 39 64 -30 87 70 74 78 46 90 -19 35 El mejor fue: 0
7 45 31 72 72 75 87 39 64 -30 87 60 74 78 46 90 -19 35 Generación 63
arranca 
Jugando Partidos contra vecino 0
Resultado 13
40628.6
Yo soy: 
7 45 31 72 72 75 87 39 64 -30 87 60 74 78 46 90 -19 35 El mejor fue: 0
7 45 31 72 72 75 87 29 64 -30 87 60 74 78 46 90 -19 35 Generación 62
arranca 
Jugando Partidos contra vecino 0
Resultado 13
41690.5
Yo soy: 
7 45 31 72 72 75 87 29 64 -30 87 60 74 78 46 90 -19 35 El mejor fue: 0
7 45 31 72 72 75 87 29 64 -30 87 60 74 78 46 90 -9 35 Generación 61
arranca 
Jugando Partidos contra vecino 0
Resultado 13
43434.1
Yo soy: 
7 45 31 72 72 75 87 29 64 -30 87 60 74 78 46 90 -9 35 El mejor fue: 0
7 45 31 72 72 75 87 29 64 -30 87 60 74 78 46 90 1 35 Generación 60
arranca 
Jugando Partidos contra vecino 0
Resultado 15
50137.3
Yo soy: 
7 45 31 72 72 75 87 29 64 -30 87 60 74 78 46 90 1 35 El mejor fue: 0
7 45 31 72 72 75 87 29 64 -30 87 60 84 78 46 90 1 35 Generación 59
arranca 
Jugando Partidos contra vecino 0
Resultado 13
50535.1
Yo soy: 
7 45 31 72 72 75 87 29 64 -30 87 60 84 78 46 90 1 35 El mejor fue: 0
7 45 31 72 72 75 87 29 64 -30 87 50 84 78 46 90 1 35 Generación 58
arranca 
Jugando Partidos contra vecino 0
Resultado 13
39281
Yo soy: 
7 45 31 72 72 75 87 29 64 -30 87 50 84 78 46 90 1 35 El mejor fue: 0
7 45 31 72 72 75 87 29 64 -30 87 50 74 78 46 90 1 35 Generación 57
arranca 
Jugando Partidos contra vecino 0
Resultado 13
40516.7
Yo soy: 
7 45 31 72 72 75 87 29 64 -30 87 50 74 78 46 90 1 35 El mejor fue: 0
7 45 31 72 72 75 87 29 64 -30 87 50 74 78 46 90 -9 35 Generación 56
arranca 
Jugando Partidos contra vecino 0
Resultado 11
32075.3
Yo soy: 
7 45 31 72 72 75 87 29 64 -30 87 50 74 78 46 90 -9 35 El mejor fue: 0
7 45 31 82 72 75 87 29 64 -30 87 50 74 78 46 90 -9 35 Generación 55
arranca 
Jugando Partidos contra vecino 0
Resultado 13
52841
Yo soy: 
7 45 31 82 72 75 87 29 64 -30 87 50 74 78 46 90 -9 35 El mejor fue: 0
7 45 31 82 72 75 87 29 64 -30 87 60 74 78 46 90 -9 35 Generación 54
arranca 
Jugando Partidos contra vecino 0
Resultado 11
28276.4
Yo soy: 
7 45 31 82 72 75 87 29 64 -30 87 60 74 78 46 90 -9 35 El mejor fue: 0
17 45 31 82 72 75 87 29 64 -30 87 60 74 78 46 90 -9 35 Generación 53
arranca 
Jugando Partidos contra vecino 0
Resultado 9
38977.6
Jugando Partidos contra vecino 1
Resultado 13
43215.5
Yo soy: 
17 45 31 82 72 75 87 29 64 -30 87 60 74 78 46 90 -9 35 El mejor fue: 1
17 45 31 82 72 75 87 29 64 -30 87 60 74 78 46 90 -19 35 Generación 52
arranca 
Jugando Partidos contra vecino 0
Resultado 6
26319.3
Jugando Partidos contra vecino 1
Resultado 9
34865.1
Jugando Partidos contra vecino 2
Resultado 13
34393.9
Yo soy: 
17 45 31 82 72 75 87 29 64 -30 87 60 74 78 46 90 -19 35 El mejor fue: 2
17 35 31 82 72 75 87 29 64 -30 87 60 74 78 46 90 -19 35 Generación 51
arranca 
Jugando Partidos contra vecino 0
Resultado 13
44179.9
Yo soy: 
17 35 31 82 72 75 87 29 64 -30 87 60 74 78 46 90 -19 35 El mejor fue: 0
17 35 31 82 72 75 87 29 64 -30 87 70 74 78 46 90 -19 35 Generación 50
arranca 
Jugando Partidos contra vecino 0
Resultado 13
44363.5
Yo soy: 
17 35 31 82 72 75 87 29 64 -30 87 70 74 78 46 90 -19 35 El mejor fue: 0
17 35 31 82 72 75 87 29 64 -30 87 70 74 78 36 90 -19 35 Generación 49
arranca 
Jugando Partidos contra vecino 0
Resultado 15
55196.3
Yo soy: 
17 35 31 82 72 75 87 29 64 -30 87 70 74 78 36 90 -19 35 El mejor fue: 0
17 35 31 82 62 75 87 29 64 -30 87 70 74 78 36 90 -19 35 Generación 48
arranca 
Jugando Partidos contra vecino 0
Resultado 13
48329.6
Yo soy: 
17 35 31 82 62 75 87 29 64 -30 87 70 74 78 36 90 -19 35 El mejor fue: 0
17 35 31 82 62 75 87 29 64 -30 87 70 74 88 36 90 -19 35 Generación 47
arranca 
Jugando Partidos contra vecino 0
Resultado 11
37059.9
Yo soy: 
17 35 31 82 62 75 87 29 64 -30 87 70 74 88 36 90 -19 35 El mejor fue: 0
17 35 31 82 62 75 87 29 64 -30 87 70 74 88 36 90 -19 45 Generación 46
arranca 
Jugando Partidos contra vecino 0
Resultado 15
50624.1
Yo soy: 
17 35 31 82 62 75 87 29 64 -30 87 70 74 88 36 90 -19 45 El mejor fue: 0
17 35 31 82 62 75 87 29 64 -30 87 70 74 98 36 90 -19 45 Generación 45
arranca 
Jugando Partidos contra vecino 0
Resultado 15
53489.1
Yo soy: 
17 35 31 82 62 75 87 29 64 -30 87 70 74 98 36 90 -19 45 El mejor fue: 0
7 35 31 82 62 75 87 29 64 -30 87 70 74 98 36 90 -19 45 Generación 44
arranca 
Jugando Partidos contra vecino 0
Resultado 13
39482.5
Yo soy: 
7 35 31 82 62 75 87 29 64 -30 87 70 74 98 36 90 -19 45 El mejor fue: 0
7 35 31 82 52 75 87 29 64 -30 87 70 74 98 36 90 -19 45 Generación 43
arranca 
Jugando Partidos contra vecino 0
Resultado 15
43510.5
Yo soy: 
7 35 31 82 52 75 87 29 64 -30 87 70 74 98 36 90 -19 45 El mejor fue: 0
7 35 31 82 52 75 87 19 64 -30 87 70 74 98 36 90 -19 45 Generación 42
arranca 
Jugando Partidos contra vecino 0
Resultado 15
48594.1
Yo soy: 
7 35 31 82 52 75 87 19 64 -30 87 70 74 98 36 90 -19 45 El mejor fue: 0
7 35 31 92 52 75 87 19 64 -30 87 70 74 98 36 90 -19 45 Generación 41
arranca 
Jugando Partidos contra vecino 0
Resultado 11
33665.1
Yo soy: 
7 35 31 92 52 75 87 19 64 -30 87 70 74 98 36 90 -19 45 El mejor fue: 0
7 35 31 92 52 75 87 19 64 -30 87 70 74 98 36 90 -19 35 Generación 40
arranca 
Jugando Partidos contra vecino 0
Resultado 13
38577.7
Yo soy: 
7 35 31 92 52 75 87 19 64 -30 87 70 74 98 36 90 -19 35 El mejor fue: 0
7 35 31 92 62 75 87 19 64 -30 87 70 74 98 36 90 -19 35 Generación 39
arranca 
Jugando Partidos contra vecino 0
Resultado 13
43670.1
Yo soy: 
7 35 31 92 62 75 87 19 64 -30 87 70 74 98 36 90 -19 35 El mejor fue: 0
7 25 31 92 62 75 87 19 64 -30 87 70 74 98 36 90 -19 35 Generación 38
arranca 
Jugando Partidos contra vecino 0
Resultado 13
41690.7
Yo soy: 
7 25 31 92 62 75 87 19 64 -30 87 70 74 98 36 90 -19 35 El mejor fue: 0
7 25 31 92 62 75 87 19 64 -30 87 60 74 98 36 90 -19 35 Generación 37
arranca 
Jugando Partidos contra vecino 0
Resultado 13
38545.1
Yo soy: 
7 25 31 92 62 75 87 19 64 -30 87 60 74 98 36 90 -19 35 El mejor fue: 0
7 25 31 92 62 75 87 19 64 -30 87 70 74 98 36 90 -19 35 Generación 36
arranca 
Jugando Partidos contra vecino 0
Resultado 9
33471.3
Jugando Partidos contra vecino 1
Resultado 15
43242
Yo soy: 
7 25 31 92 62 75 87 19 64 -30 87 70 74 98 36 90 -19 35 El mejor fue: 1
7 25 31 92 62 75 87 19 64 -30 77 70 74 98 36 90 -19 35 Generación 35
arranca 
Jugando Partidos contra vecino 0
Resultado 13
35583.1
Yo soy: 
7 25 31 92 62 75 87 19 64 -30 77 70 74 98 36 90 -19 35 El mejor fue: 0
7 25 21 92 62 75 87 19 64 -30 77 70 74 98 36 90 -19 35 Generación 34
arranca 
Jugando Partidos contra vecino 0
Resultado 13
37463.4
Yo soy: 
7 25 21 92 62 75 87 19 64 -30 77 70 74 98 36 90 -19 35 El mejor fue: 0
7 25 31 92 62 75 87 19 64 -30 77 70 74 98 36 90 -19 35 Generación 33
arranca 
Jugando Partidos contra vecino 0
Resultado 13
43727.3
Yo soy: 
7 25 31 92 62 75 87 19 64 -30 77 70 74 98 36 90 -19 35 El mejor fue: 0
7 25 31 92 62 75 87 19 64 -30 77 70 74 98 36 90 -19 45 Generación 32
arranca 
Jugando Partidos contra vecino 0
Resultado 15
49807.6
Yo soy: 
7 25 31 92 62 75 87 19 64 -30 77 70 74 98 36 90 -19 45 El mejor fue: 0
-3 25 31 92 62 75 87 19 64 -30 77 70 74 98 36 90 -19 45 Generación 31
arranca 
Jugando Partidos contra vecino 0
Resultado 13
33734.7
Yo soy: 
-3 25 31 92 62 75 87 19 64 -30 77 70 74 98 36 90 -19 45 El mejor fue: 0
-3 25 31 92 62 75 97 19 64 -30 77 70 74 98 36 90 -19 45 Generación 30
arranca 
Jugando Partidos contra vecino 0
Resultado 15
48817
Yo soy: 
-3 25 31 92 62 75 97 19 64 -30 77 70 74 98 36 90 -19 45 El mejor fue: 0
-3 25 31 92 62 75 97 19 64 -30 77 80 74 98 36 90 -19 45 Generación 29
arranca 
Jugando Partidos contra vecino 0
Resultado 13
44995.1
Yo soy: 
-3 25 31 92 62 75 97 19 64 -30 77 80 74 98 36 90 -19 45 El mejor fue: 0
-3 25 31 92 62 75 97 19 64 -30 77 80 74 88 36 90 -19 45 Generación 28
arranca 
Jugando Partidos contra vecino 0
Resultado 13
45408
Yo soy: 
-3 25 31 92 62 75 97 19 64 -30 77 80 74 88 36 90 -19 45 El mejor fue: 0
-3 25 31 92 62 75 97 19 64 -30 67 80 74 88 36 90 -19 45 Generación 27
arranca 
Jugando Partidos contra vecino 0
Resultado 13
50181.7
Yo soy: 
-3 25 31 92 62 75 97 19 64 -30 67 80 74 88 36 90 -19 45 El mejor fue: 0
-3 25 31 92 62 75 97 19 64 -30 67 80 74 88 36 90 -19 55 Generación 26
arranca 
Jugando Partidos contra vecino 0
Resultado 11
40071.7
Yo soy: 
-3 25 31 92 62 75 97 19 64 -30 67 80 74 88 36 90 -19 55 El mejor fue: 0
7 25 31 92 62 75 97 19 64 -30 67 80 74 88 36 90 -19 55 Generación 25
arranca 
Jugando Partidos contra vecino 0
Resultado 13
44541.7
Yo soy: 
7 25 31 92 62 75 97 19 64 -30 67 80 74 88 36 90 -19 55 El mejor fue: 0
7 25 31 92 62 75 97 19 64 -40 67 80 74 88 36 90 -19 55 Generación 24
arranca 
Jugando Partidos contra vecino 0
Resultado 5
20613.9
Jugando Partidos contra vecino 1
Resultado 11
33025.9
Yo soy: 
7 25 31 92 62 75 97 19 64 -40 67 80 74 88 36 90 -19 55 El mejor fue: 1
7 25 31 92 62 75 97 29 64 -40 67 80 74 88 36 90 -19 55 Generación 23
arranca 
Jugando Partidos contra vecino 0
Resultado 13
36373.3
Yo soy: 
7 25 31 92 62 75 97 29 64 -40 67 80 74 88 36 90 -19 55 El mejor fue: 0
7 25 31 92 62 75 97 29 64 -40 67 80 74 98 36 90 -19 55 Generación 22
arranca 
Jugando Partidos contra vecino 0
Resultado 13
43670.8
Yo soy: 
7 25 31 92 62 75 97 29 64 -40 67 80 74 98 36 90 -19 55 El mejor fue: 0
-3 25 31 92 62 75 97 29 64 -40 67 80 74 98 36 90 -19 55 Generación 21
arranca 
Jugando Partidos contra vecino 0
Resultado 15
53463
Yo soy: 
-3 25 31 92 62 75 97 29 64 -40 67 80 74 98 36 90 -19 55 El mejor fue: 0
-3 25 31 92 62 75 97 39 64 -40 67 80 74 98 36 90 -19 55 Generación 20
arranca 
Jugando Partidos contra vecino 0
Resultado 15
48059.2
Yo soy: 
-3 25 31 92 62 75 97 39 64 -40 67 80 74 98 36 90 -19 55 El mejor fue: 0
-3 25 31 92 62 85 97 39 64 -40 67 80 74 98 36 90 -19 55 Generación 19
arranca 
Jugando Partidos contra vecino 0
Resultado 15
50527.4
Yo soy: 
-3 25 31 92 62 85 97 39 64 -40 67 80 74 98 36 90 -19 55 El mejor fue: 0
7 25 31 92 62 85 97 39 64 -40 67 80 74 98 36 90 -19 55 Generación 18
arranca 
Jugando Partidos contra vecino 0
Resultado 11
32576
Yo soy: 
7 25 31 92 62 85 97 39 64 -40 67 80 74 98 36 90 -19 55 El mejor fue: 0
7 25 31 92 62 85 97 39 64 -40 67 80 74 98 36 90 -29 55 Generación 17
arranca 
Jugando Partidos contra vecino 0
Resultado 15
54939.8
Yo soy: 
7 25 31 92 62 85 97 39 64 -40 67 80 74 98 36 90 -29 55 El mejor fue: 0
7 25 31 92 62 85 97 39 64 -40 67 80 74 88 36 90 -29 55 Generación 16
arranca 
Jugando Partidos contra vecino 0
Resultado 15
41343.3
Yo soy: 
7 25 31 92 62 85 97 39 64 -40 67 80 74 88 36 90 -29 55 El mejor fue: 0
7 25 31 92 62 85 87 39 64 -40 67 80 74 88 36 90 -29 55 Generación 15
arranca 
Jugando Partidos contra vecino 0
Resultado 5
24226.7
Jugando Partidos contra vecino 1
Resultado 13
38586.2
Yo soy: 
7 25 31 92 62 85 87 39 64 -40 67 80 74 88 36 90 -29 55 El mejor fue: 1
7 25 31 92 62 85 87 39 64 -40 67 90 74 88 36 90 -29 55 Generación 14
arranca 
Jugando Partidos contra vecino 0
Resultado 15
47939.8
Yo soy: 
7 25 31 92 62 85 87 39 64 -40 67 90 74 88 36 90 -29 55 El mejor fue: 0
7 25 31 92 62 85 87 39 64 -40 77 90 74 88 36 90 -29 55 Generación 13
arranca 
Jugando Partidos contra vecino 0
Resultado 15
50272.6
Yo soy: 
7 25 31 92 62 85 87 39 64 -40 77 90 74 88 36 90 -29 55 El mejor fue: 0
7 25 31 92 62 85 87 39 64 -40 77 90 74 78 36 90 -29 55 Generación 12
arranca 
Jugando Partidos contra vecino 0
Resultado 15
51639.6
Yo soy: 
7 25 31 92 62 85 87 39 64 -40 77 90 74 78 36 90 -29 55 El mejor fue: 0
7 25 31 92 62 85 87 39 64 -40 67 90 74 78 36 90 -29 55 Generación 11
arranca 
Jugando Partidos contra vecino 0
Resultado 13
46342
Yo soy: 
7 25 31 92 62 85 87 39 64 -40 67 90 74 78 36 90 -29 55 El mejor fue: 0
7 25 31 92 62 85 87 39 64 -40 67 90 74 68 36 90 -29 55 Generación 10
arranca 
Jugando Partidos contra vecino 0
Resultado 4
27599.1
Jugando Partidos contra vecino 1
Resultado 15
58206.8
Yo soy: 
7 25 31 92 62 85 87 39 64 -40 67 90 74 68 36 90 -29 55 El mejor fue: 1
7 25 31 82 62 85 87 39 64 -40 67 90 74 68 36 90 -29 55 Generación 9
arranca 
Jugando Partidos contra vecino 0
Resultado 15
54821.5
Yo soy: 
7 25 31 82 62 85 87 39 64 -40 67 90 74 68 36 90 -29 55 El mejor fue: 0
7 25 31 82 62 85 87 39 64 -40 67 90 74 68 36 90 -19 55 Generación 8
arranca 
Jugando Partidos contra vecino 0
Resultado 3
23300.8
Jugando Partidos contra vecino 1
Resultado 15
55955.6
Yo soy: 
7 25 31 82 62 85 87 39 64 -40 67 90 74 68 36 90 -19 55 El mejor fue: 1
7 25 31 82 62 85 87 49 64 -40 67 90 74 68 36 90 -19 55 Generación 7
arranca 
Jugando Partidos contra vecino 0
Resultado 11
38265.5
Yo soy: 
7 25 31 82 62 85 87 49 64 -40 67 90 74 68 36 90 -19 55 El mejor fue: 0
7 25 31 82 62 85 87 49 54 -40 67 90 74 68 36 90 -19 55 Generación 6
arranca 
Jugando Partidos contra vecino 0
Resultado 13
46276.1
Yo soy: 
7 25 31 82 62 85 87 49 54 -40 67 90 74 68 36 90 -19 55 El mejor fue: 0
7 25 31 82 62 85 87 49 54 -50 67 90 74 68 36 90 -19 55 Generación 5
arranca 
Jugando Partidos contra vecino 0
Resultado 15
53863
Yo soy: 
7 25 31 82 62 85 87 49 54 -50 67 90 74 68 36 90 -19 55 El mejor fue: 0
7 25 31 82 62 85 87 59 54 -50 67 90 74 68 36 90 -19 55 Generación 4
arranca 
Jugando Partidos contra vecino 0
Resultado 13
45703
Yo soy: 
7 25 31 82 62 85 87 59 54 -50 67 90 74 68 36 90 -19 55 El mejor fue: 0
7 25 31 82 62 85 87 59 54 -50 67 90 74 58 36 90 -19 55 Generación 3
arranca 
Jugando Partidos contra vecino 0
Resultado 13
46130.1
Yo soy: 
7 25 31 82 62 85 87 59 54 -50 67 90 74 58 36 90 -19 55 El mejor fue: 0
7 25 31 82 62 85 87 69 54 -50 67 90 74 58 36 90 -19 55 Generación 2
arranca 
Jugando Partidos contra vecino 0
Resultado 11
41435.3
Yo soy: 
7 25 31 82 62 85 87 69 54 -50 67 90 74 58 36 90 -19 55 El mejor fue: 0
7 25 31 82 62 85 87 69 54 -50 67 90 74 58 36 90 -9 55 Generación 1
arranca 
Jugando Partidos contra vecino 0
Resultado 13
48166.4
Yo soy: 
7 25 31 82 62 85 87 69 54 -50 67 90 74 58 36 90 -9 55 El mejor fue: 0
7 25 31 82 62 85 87 69 54 -50 67 90 74 58 36 90 1 55 Generación 0
1.00742e+07
