arranca 
Jugando Partidos contra vecino 0
Resultado 7
23664.5
Jugando Partidos contra vecino 1
Resultado 5
19255.1
Jugando Partidos contra vecino 2
Resultado 5
18466.4
Jugando Partidos contra vecino 3
Resultado 5
16748.6
Jugando Partidos contra vecino 4
Resultado 5
22238
Jugando Partidos contra vecino 5
Resultado 5
18198.2
Jugando Partidos contra vecino 6
Resultado 5
15524.1
Jugando Partidos contra vecino 7
Resultado 5
16207.9
Jugando Partidos contra vecino 8
Resultado 5
16377.2
Jugando Partidos contra vecino 9
Resultado 5
14221.6
Jugando Partidos contra vecino 10
Resultado 5
14813.6
Jugando Partidos contra vecino 11
Resultado 5
15646.5
Jugando Partidos contra vecino 12
Resultado 5
15014.5
Jugando Partidos contra vecino 13
Resultado 5
28220.6
Jugando Partidos contra vecino 14
Resultado 5
25626.2
Jugando Partidos contra vecino 15
Resultado 5
21075.6
Jugando Partidos contra vecino 16
Resultado 5
22533
Jugando Partidos contra vecino 17
Resultado 5
27665.1
Jugando Partidos contra vecino 18
Resultado 5
14490.4
Jugando Partidos contra vecino 19
Resultado 5
28788.2
Jugando Partidos contra vecino 20
Resultado 5
30281.6
Jugando Partidos contra vecino 21
Resultado 7
13913.4
Jugando Partidos contra vecino 22
Resultado 5
19527.9
Jugando Partidos contra vecino 23
Resultado 5
18896.4
Jugando Partidos contra vecino 24
Resultado 5
13682
Jugando Partidos contra vecino 25
Resultado 5
23175.3
Jugando Partidos contra vecino 26
Resultado 5
18399.7
Jugando Partidos contra vecino 27
Resultado 5
13017.2
Jugando Partidos contra vecino 28
Resultado 5
16624.3
Jugando Partidos contra vecino 29
Resultado 7
20826.5
583120
arranca 
Jugando Partidos contra vecino 0
Resultado 5
26358.4
Jugando Partidos contra vecino 1
Resultado 5
16242
Jugando Partidos contra vecino 2
Resultado 5
18447.9
Jugando Partidos contra vecino 3
Resultado 5
21822.1
Jugando Partidos contra vecino 4
Resultado 5
30408.9
Jugando Partidos contra vecino 5
Resultado 5
20691.5
Jugando Partidos contra vecino 6
Resultado 5
25468.5
Jugando Partidos contra vecino 7
Resultado 5
24954.4
Jugando Partidos contra vecino 8
Resultado 5
28568.9
Jugando Partidos contra vecino 9
Resultado 5
20282.2
Jugando Partidos contra vecino 10
Resultado 5
24026.9
Jugando Partidos contra vecino 11
Resultado 5
29479.7
Jugando Partidos contra vecino 12
Resultado 5
25391.4
Jugando Partidos contra vecino 13
Resultado 5
25145.4
Jugando Partidos contra vecino 14
Resultado 5
25554
Jugando Partidos contra vecino 15
Resultado 5
31016.6
Jugando Partidos contra vecino 16
Resultado 5
24309.9
Jugando Partidos contra vecino 17
Resultado 5
21284.5
Jugando Partidos contra vecino 18
Resultado 5
27774.9
Jugando Partidos contra vecino 19
Resultado 5
18309.5
Jugando Partidos contra vecino 20
Resultado 5
27554.9
Jugando Partidos contra vecino 21
Resultado 5
31719
Jugando Partidos contra vecino 22
Resultado 5
21786.5
Jugando Partidos contra vecino 23
Resultado 5
12879.2
Jugando Partidos contra vecino 24
Resultado 5
33615.5
Jugando Partidos contra vecino 25
Resultado 5
26906.1
Jugando Partidos contra vecino 26
Resultado 5
23147.5
Jugando Partidos contra vecino 27
Resultado 5
28198.7
Jugando Partidos contra vecino 28
Resultado 5
21252.4
Jugando Partidos contra vecino 29
Resultado 5
25644.6
738243
arranca 
Jugando Partidos contra vecino 0
Resultado 7
17697.8
Jugando Partidos contra vecino 1
Resultado 5
15401.2
Jugando Partidos contra vecino 2
Resultado 5
16400.6
Jugando Partidos contra vecino 3
Resultado 11
19010.4
Yo soy: 
12 87 39 94 34 39 71 2 69 8 39 8 46 51 17 El mejor fue: 3
12 87 39 94 34 39 71 2 69 8 39 8 66 51 17 Generación 19
arranca 
Jugando Partidos contra vecino 0
Resultado 13
17972.9
Yo soy: 
12 87 39 94 34 39 71 2 69 8 39 8 66 51 17 El mejor fue: 0
12 87 39 94 34 39 71 2 69 8 39 8 66 31 17 Generación 18
arranca 
Jugando Partidos contra vecino 0
Resultado 9
17010.8
Jugando Partidos contra vecino 1
Resultado 15
20274.2
Yo soy: 
12 87 39 94 34 39 71 2 69 8 39 8 66 31 17 El mejor fue: 1
12 87 39 94 34 39 71 2 69 8 39 8 66 31 -3 Generación 17
arranca 
Jugando Partidos contra vecino 0
Resultado 11
21063.8
Yo soy: 
12 87 39 94 34 39 71 2 69 8 39 8 66 31 -3 El mejor fue: 0
12 87 39 94 14 39 71 2 69 8 39 8 66 31 -3 Generación 16
arranca 
Jugando Partidos contra vecino 0
Resultado 11
19277.6
Yo soy: 
12 87 39 94 14 39 71 2 69 8 39 8 66 31 -3 El mejor fue: 0
12 87 39 94 14 39 71 2 69 8 39 -12 66 31 -3 Generación 15
arranca 
Jugando Partidos contra vecino 0
Resultado 5
15376.4
Jugando Partidos contra vecino 1
Resultado 11
18557.2
Yo soy: 
12 87 39 94 14 39 71 2 69 8 39 -12 66 31 -3 El mejor fue: 1
12 87 39 94 14 39 71 2 69 8 39 -12 66 31 17 Generación 14
arranca 
Jugando Partidos contra vecino 0
Resultado 11
19660.8
Yo soy: 
12 87 39 94 14 39 71 2 69 8 39 -12 66 31 17 El mejor fue: 0
12 87 39 94 14 39 71 22 69 8 39 -12 66 31 17 Generación 13
arranca 
Jugando Partidos contra vecino 0
Resultado 13
21027
Yo soy: 
12 87 39 94 14 39 71 22 69 8 39 -12 66 31 17 El mejor fue: 0
12 87 39 94 14 39 71 2 69 8 39 -12 66 31 17 Generación 12
arranca 
Jugando Partidos contra vecino 0
Resultado 7
17285.9
Jugando Partidos contra vecino 1
Resultado 5
17841
Jugando Partidos contra vecino 2
Resultado 5
19266.2
Jugando Partidos contra vecino 3
Resultado 13
21221.9
Yo soy: 
12 87 39 94 14 39 71 2 69 8 39 -12 66 31 17 El mejor fue: 3
12 47 39 94 14 39 71 2 69 8 39 -12 66 31 17 Generación 11
arranca 
Jugando Partidos contra vecino 0
Resultado 9
17763
Jugando Partidos contra vecino 1
Resultado 11
18863.8
Yo soy: 
12 47 39 94 14 39 71 2 69 8 39 -12 66 31 17 El mejor fue: 1
32 47 39 94 14 39 71 2 69 8 39 -12 66 31 17 Generación 10
arranca 
Jugando Partidos contra vecino 0
Resultado 5
19406.9
Jugando Partidos contra vecino 1
Resultado 7
18539.3
Jugando Partidos contra vecino 2
Resultado 5
22017.1
Jugando Partidos contra vecino 3
Resultado 5
17054.3
Jugando Partidos contra vecino 4
Resultado 5
17491.5
Jugando Partidos contra vecino 5
Resultado 5
16373.6
Jugando Partidos contra vecino 6
Resultado 5
16749.9
Jugando Partidos contra vecino 7
Resultado 7
17750.1
Jugando Partidos contra vecino 8
Resultado 5
17099.1
Jugando Partidos contra vecino 9
Resultado 7
18509.5
Jugando Partidos contra vecino 10
Resultado 5
17671.7
Jugando Partidos contra vecino 11
Resultado 7
18392.1
Jugando Partidos contra vecino 12
Resultado 13
24456.1
Yo soy: 
32 47 39 94 14 39 71 2 69 8 39 -12 66 31 17 El mejor fue: 12
32 47 39 94 14 39 71 2 69 8 39 -12 86 31 17 Generación 9
arranca 
Jugando Partidos contra vecino 0
Resultado 15
22833.7
Yo soy: 
32 47 39 94 14 39 71 2 69 8 39 -12 86 31 17 El mejor fue: 0
32 27 39 94 14 39 71 2 69 8 39 -12 86 31 17 Generación 8
arranca 
Jugando Partidos contra vecino 0
Resultado 15
20088.5
Yo soy: 
32 27 39 94 14 39 71 2 69 8 39 -12 86 31 17 El mejor fue: 0
32 47 39 94 14 39 71 2 69 8 39 -12 86 31 17 Generación 7
arranca 
Jugando Partidos contra vecino 0
Resultado 13
19293.9
Yo soy: 
32 47 39 94 14 39 71 2 69 8 39 -12 86 31 17 El mejor fue: 0
32 47 39 94 14 39 71 2 69 8 39 -12 86 31 -3 Generación 6
arranca 
Jugando Partidos contra vecino 0
Resultado 11
17100.5
Yo soy: 
32 47 39 94 14 39 71 2 69 8 39 -12 86 31 -3 El mejor fue: 0
32 47 39 94 14 39 71 2 69 8 39 -12 86 51 -3 Generación 5
arranca 
Jugando Partidos contra vecino 0
Resultado 11
19389
Yo soy: 
32 47 39 94 14 39 71 2 69 8 39 -12 86 51 -3 El mejor fue: 0
32 47 39 94 -6 39 71 2 69 8 39 -12 86 51 -3 Generación 4
arranca 
Jugando Partidos contra vecino 0
Resultado 15
20181.7
Yo soy: 
32 47 39 94 -6 39 71 2 69 8 39 -12 86 51 -3 El mejor fue: 0
32 47 39 94 -6 39 71 2 69 8 39 -12 86 31 -3 Generación 3
arranca 
Jugando Partidos contra vecino 0
Resultado 13
18710.3
Yo soy: 
32 47 39 94 -6 39 71 2 69 8 39 -12 86 31 -3 El mejor fue: 0
32 47 39 94 -6 39 71 -18 69 8 39 -12 86 31 -3 Generación 2
arranca 
Jugando Partidos contra vecino 0
Resultado 11
22015.6
Yo soy: 
32 47 39 94 -6 39 71 -18 69 8 39 -12 86 31 -3 El mejor fue: 0
32 47 39 94 -6 39 71 -38 69 8 39 -12 86 31 -3 Generación 1
arranca 
Jugando Partidos contra vecino 0
Resultado 15
22380.8
Yo soy: 
32 47 39 94 -6 39 71 -38 69 8 39 -12 86 31 -3 El mejor fue: 0
32 67 39 94 -6 39 71 -38 69 8 39 -12 86 31 -3 Generación 0
774479
