arranca 
Jugando Partidos contra vecino 0
Resultado 15
50776.9
Yo soy: 
27 23 43 1 47 0 29 56 61 38 9 75 99 89 98 El mejor fue: 0
27 23 43 1 47 0 29 76 61 38 9 75 99 89 98 Generación 19
arranca 
Jugando Partidos contra vecino 0
Resultado 15
50784.5
Yo soy: 
27 23 43 1 47 0 29 76 61 38 9 75 99 89 98 El mejor fue: 0
27 23 43 1 47 0 29 76 61 38 9 95 99 89 98 Generación 18
arranca 
Jugando Partidos contra vecino 0
Resultado 4
20640.1
Jugando Partidos contra vecino 1
Resultado 13
39090.3
Yo soy: 
27 23 43 1 47 0 29 76 61 38 9 95 99 89 98 El mejor fue: 1
27 23 43 1 47 0 29 96 61 38 9 95 99 89 98 Generación 17
arranca 
Jugando Partidos contra vecino 0
Resultado 12
43850.7
Yo soy: 
27 23 43 1 47 0 29 96 61 38 9 95 99 89 98 El mejor fue: 0
27 23 43 1 27 0 29 96 61 38 9 95 99 89 98 Generación 16
arranca 
Jugando Partidos contra vecino 0
Resultado 15
44478.6
Yo soy: 
27 23 43 1 27 0 29 96 61 38 9 95 99 89 98 El mejor fue: 0
27 23 43 -19 27 0 29 96 61 38 9 95 99 89 98 Generación 15
arranca 
Jugando Partidos contra vecino 0
Resultado 6
29417.1
Jugando Partidos contra vecino 1
Resultado 11
33880
Yo soy: 
27 23 43 -19 27 0 29 96 61 38 9 95 99 89 98 El mejor fue: 1
27 23 63 -19 27 0 29 96 61 38 9 95 99 89 98 Generación 14
arranca 
Jugando Partidos contra vecino 0
Resultado 13
41974.3
Yo soy: 
27 23 63 -19 27 0 29 96 61 38 9 95 99 89 98 El mejor fue: 0
27 23 63 -19 27 0 29 96 61 38 -11 95 99 89 98 Generación 13
arranca 
Jugando Partidos contra vecino 0
Resultado 8
37426.9
Jugando Partidos contra vecino 1
Resultado 13
30741.1
Yo soy: 
27 23 63 -19 27 0 29 96 61 38 -11 95 99 89 98 El mejor fue: 1
27 23 63 -19 27 0 29 96 61 38 9 95 99 89 98 Generación 12
arranca 
Jugando Partidos contra vecino 0
Resultado 13
37714.9
Yo soy: 
27 23 63 -19 27 0 29 96 61 38 9 95 99 89 98 El mejor fue: 0
27 23 43 -19 27 0 29 96 61 38 9 95 99 89 98 Generación 11
arranca 
Jugando Partidos contra vecino 0
Resultado 15
44153.7
Yo soy: 
27 23 43 -19 27 0 29 96 61 38 9 95 99 89 98 El mejor fue: 0
7 23 43 -19 27 0 29 96 61 38 9 95 99 89 98 Generación 10
arranca 
Jugando Partidos contra vecino 0
Resultado 13
35582
Yo soy: 
7 23 43 -19 27 0 29 96 61 38 9 95 99 89 98 El mejor fue: 0
7 23 43 -19 27 0 29 96 61 38 9 95 99 89 78 Generación 9
arranca 
Jugando Partidos contra vecino 0
Resultado 13
35744.4
Yo soy: 
7 23 43 -19 27 0 29 96 61 38 9 95 99 89 78 El mejor fue: 0
7 23 43 -19 27 0 29 96 61 18 9 95 99 89 78 Generación 8
arranca 
Jugando Partidos contra vecino 0
Resultado 15
37671
Yo soy: 
7 23 43 -19 27 0 29 96 61 18 9 95 99 89 78 El mejor fue: 0
7 23 43 -19 7 0 29 96 61 18 9 95 99 89 78 Generación 7
arranca 
Jugando Partidos contra vecino 0
Resultado 15
40553.9
Yo soy: 
7 23 43 -19 7 0 29 96 61 18 9 95 99 89 78 El mejor fue: 0
7 23 43 -19 7 0 29 96 81 18 9 95 99 89 78 Generación 6
arranca 
Jugando Partidos contra vecino 0
Resultado 15
44537.8
Yo soy: 
7 23 43 -19 7 0 29 96 81 18 9 95 99 89 78 El mejor fue: 0
7 23 43 -19 7 0 29 96 81 18 9 75 99 89 78 Generación 5
arranca 
Jugando Partidos contra vecino 0
Resultado 15
43616.7
Yo soy: 
7 23 43 -19 7 0 29 96 81 18 9 75 99 89 78 El mejor fue: 0
7 3 43 -19 7 0 29 96 81 18 9 75 99 89 78 Generación 4
arranca 
Jugando Partidos contra vecino 0
Resultado 15
39067.5
Yo soy: 
7 3 43 -19 7 0 29 96 81 18 9 75 99 89 78 El mejor fue: 0
7 3 43 -19 7 0 29 96 81 18 -11 75 99 89 78 Generación 3
arranca 
Jugando Partidos contra vecino 0
Resultado 11
50691
Yo soy: 
7 3 43 -19 7 0 29 96 81 18 -11 75 99 89 78 El mejor fue: 0
7 3 43 -19 7 0 29 96 81 18 -11 75 99 69 78 Generación 2
arranca 
Jugando Partidos contra vecino 0
Resultado 9
49417.5
Jugando Partidos contra vecino 1
Resultado 9
42277.9
Jugando Partidos contra vecino 2
Resultado 11
51126.9
Yo soy: 
7 3 43 -19 7 0 29 96 81 18 -11 75 99 69 78 El mejor fue: 2
7 3 23 -19 7 0 29 96 81 18 -11 75 99 69 78 Generación 1
arranca 
Jugando Partidos contra vecino 0
Resultado 13
39423.5
Yo soy: 
7 3 23 -19 7 0 29 96 81 18 -11 75 99 69 78 El mejor fue: 0
7 -17 23 -19 7 0 29 96 81 18 -11 75 99 69 78 Generación 0
1.01464e+06
