arranca 
Jugando Partidos contra vecino 0
Resultado 4
17746.6
Jugando Partidos contra vecino 1
Resultado 11
31814.2
Yo soy: 
87 31 59 13 52 92 63 55 23 50 18 79 88 83 80 El mejor fue: 1
87 31 59 13 52 92 63 55 23 50 18 59 88 83 80 Generación 19
arranca 
Jugando Partidos contra vecino 0
Resultado 9
28823.4
Jugando Partidos contra vecino 1
Resultado 7
36118.7
Jugando Partidos contra vecino 2
Resultado 11
30026.3
Yo soy: 
87 31 59 13 52 92 63 55 23 50 18 59 88 83 80 El mejor fue: 2
87 31 59 13 52 92 63 55 23 50 18 59 88 63 80 Generación 18
arranca 
Jugando Partidos contra vecino 0
Resultado 9
31100.6
Jugando Partidos contra vecino 1
Resultado 7
34172.5
Jugando Partidos contra vecino 2
Resultado 7
33897.3
Jugando Partidos contra vecino 3
Resultado 9
35921.7
Jugando Partidos contra vecino 4
Resultado 11
28568.8
Yo soy: 
87 31 59 13 52 92 63 55 23 50 18 59 88 63 80 El mejor fue: 4
87 31 59 13 52 92 63 55 23 50 18 39 88 63 80 Generación 17
arranca 
Jugando Partidos contra vecino 0
Resultado 9
21329
Jugando Partidos contra vecino 1
Resultado 9
24559.2
Jugando Partidos contra vecino 2
Resultado 11
31918.5
Yo soy: 
87 31 59 13 52 92 63 55 23 50 18 39 88 63 80 El mejor fue: 2
87 31 59 13 52 92 63 35 23 50 18 39 88 63 80 Generación 16
arranca 
Jugando Partidos contra vecino 0
Resultado 13
26204.4
Yo soy: 
87 31 59 13 52 92 63 35 23 50 18 39 88 63 80 El mejor fue: 0
87 11 59 13 52 92 63 35 23 50 18 39 88 63 80 Generación 15
arranca 
Jugando Partidos contra vecino 0
Resultado 13
35760
Yo soy: 
87 11 59 13 52 92 63 35 23 50 18 39 88 63 80 El mejor fue: 0
87 11 59 13 52 92 63 35 23 50 18 39 88 63 60 Generación 14
arranca 
Jugando Partidos contra vecino 0
Resultado 13
31594.8
Yo soy: 
87 11 59 13 52 92 63 35 23 50 18 39 88 63 60 El mejor fue: 0
87 11 59 13 32 92 63 35 23 50 18 39 88 63 60 Generación 13
arranca 
Jugando Partidos contra vecino 0
Resultado 9
36134
Jugando Partidos contra vecino 1
Resultado 7
19169.5
Jugando Partidos contra vecino 2
Resultado 9
31567.8
Jugando Partidos contra vecino 3
Resultado 5
20244.7
Jugando Partidos contra vecino 4
Resultado 9
39526.7
Jugando Partidos contra vecino 5
Resultado 13
36046
Yo soy: 
87 11 59 13 32 92 63 35 23 50 18 39 88 63 60 El mejor fue: 5
87 11 59 33 32 92 63 35 23 50 18 39 88 63 60 Generación 12
arranca 
Jugando Partidos contra vecino 0
Resultado 5
33382.4
Jugando Partidos contra vecino 1
Resultado 7
24423.9
Jugando Partidos contra vecino 2
Resultado 11
35253
Yo soy: 
87 11 59 33 32 92 63 35 23 50 18 39 88 63 60 El mejor fue: 2
87 11 59 33 52 92 63 35 23 50 18 39 88 63 60 Generación 11
arranca 
Jugando Partidos contra vecino 0
Resultado 7
29559.1
Jugando Partidos contra vecino 1
Resultado 7
19871.5
Jugando Partidos contra vecino 2
Resultado 7
22230.8
Jugando Partidos contra vecino 3
Resultado 7
36444.2
Jugando Partidos contra vecino 4
Resultado 11
33811.7
Yo soy: 
87 11 59 33 52 92 63 35 23 50 18 39 88 63 60 El mejor fue: 4
87 11 59 33 52 92 63 35 23 50 18 39 88 63 80 Generación 10
arranca 
Jugando Partidos contra vecino 0
Resultado 7
31627.2
Jugando Partidos contra vecino 1
Resultado 9
16369.9
Jugando Partidos contra vecino 2
Resultado 9
27513.2
Jugando Partidos contra vecino 3
Resultado 13
29005.5
Yo soy: 
87 11 59 33 52 92 63 35 23 50 18 39 88 63 80 El mejor fue: 3
87 11 39 33 52 92 63 35 23 50 18 39 88 63 80 Generación 9
arranca 
Jugando Partidos contra vecino 0
Resultado 15
30750.6
Yo soy: 
87 11 39 33 52 92 63 35 23 50 18 39 88 63 80 El mejor fue: 0
87 11 39 33 52 92 63 35 23 50 38 39 88 63 80 Generación 8
arranca 
Jugando Partidos contra vecino 0
Resultado 13
34017.9
Yo soy: 
87 11 39 33 52 92 63 35 23 50 38 39 88 63 80 El mejor fue: 0
87 11 39 33 52 92 63 15 23 50 38 39 88 63 80 Generación 7
arranca 
Jugando Partidos contra vecino 0
Resultado 9
33069
Jugando Partidos contra vecino 1
Resultado 9
37121.7
Jugando Partidos contra vecino 2
Resultado 2
24013.4
Jugando Partidos contra vecino 3
Resultado 3
18307.4
Jugando Partidos contra vecino 4
Resultado 9
30624.2
Jugando Partidos contra vecino 5
Resultado 9
31911.4
Jugando Partidos contra vecino 6
Resultado 5
27123.6
Jugando Partidos contra vecino 7
Resultado 13
33284.6
Yo soy: 
87 11 39 33 52 92 63 15 23 50 38 39 88 63 80 El mejor fue: 7
87 11 39 33 52 92 43 15 23 50 38 39 88 63 80 Generación 6
arranca 
Jugando Partidos contra vecino 0
Resultado 11
36127.1
Yo soy: 
87 11 39 33 52 92 43 15 23 50 38 39 88 63 80 El mejor fue: 0
87 11 39 33 52 92 43 15 23 30 38 39 88 63 80 Generación 5
arranca 
Jugando Partidos contra vecino 0
Resultado 11
29530.3
Yo soy: 
87 11 39 33 52 92 43 15 23 30 38 39 88 63 80 El mejor fue: 0
87 11 39 33 52 92 43 15 23 30 38 19 88 63 80 Generación 4
arranca 
Jugando Partidos contra vecino 0
Resultado 9
37021.8
Jugando Partidos contra vecino 1
Resultado 5
18606
Jugando Partidos contra vecino 2
Resultado 7
33659.2
Jugando Partidos contra vecino 3
Resultado 7
36396.6
Jugando Partidos contra vecino 4
Resultado 13
34269.8
Yo soy: 
87 11 39 33 52 92 43 15 23 30 38 19 88 63 80 El mejor fue: 4
87 11 39 33 52 92 23 15 23 30 38 19 88 63 80 Generación 3
arranca 
Jugando Partidos contra vecino 0
Resultado 7
29600.3
Jugando Partidos contra vecino 1
Resultado 11
31883.4
Yo soy: 
87 11 39 33 52 92 23 15 23 30 38 19 88 63 80 El mejor fue: 1
87 11 39 33 52 92 23 15 43 30 38 19 88 63 80 Generación 2
arranca 
Jugando Partidos contra vecino 0
Resultado 13
39830.7
Yo soy: 
87 11 39 33 52 92 23 15 43 30 38 19 88 63 80 El mejor fue: 0
87 11 39 33 72 92 23 15 43 30 38 19 88 63 80 Generación 1
arranca 
Jugando Partidos contra vecino 0
Resultado 7
30551.8
Jugando Partidos contra vecino 1
Resultado 7
31931
Jugando Partidos contra vecino 2
Resultado 9
32678.6
Jugando Partidos contra vecino 3
Resultado 11
36937.9
Yo soy: 
87 11 39 33 72 92 23 15 43 30 38 19 88 63 80 El mejor fue: 3
87 11 39 33 72 92 23 15 43 30 38 19 88 83 80 Generación 0
1.76099e+06
