arranca 
Jugando Partidos contra vecino 0
Resultado 5
83032.9
Jugando Partidos contra vecino 1
Resultado 5
86516.8
Jugando Partidos contra vecino 2
Resultado 4
72741.7
Jugando Partidos contra vecino 3
Resultado 4
68693.3
Jugando Partidos contra vecino 4
Resultado 4
72652.7
Jugando Partidos contra vecino 5
Resultado 5
79985.5
Jugando Partidos contra vecino 6
Resultado 9
72231.4
Jugando Partidos contra vecino 7
Resultado 5
98897.3
Jugando Partidos contra vecino 8
Resultado 4
70091.1
Jugando Partidos contra vecino 9
Resultado 9
72013.2
Jugando Partidos contra vecino 10
Resultado 7
75085.3
Jugando Partidos contra vecino 11
Resultado 6
68802.6
Jugando Partidos contra vecino 12
Resultado 5
83501.6
Jugando Partidos contra vecino 13
Resultado 9
76174.1
Jugando Partidos contra vecino 14
Resultado 5
85991.6
Jugando Partidos contra vecino 15
Resultado 5
69776.7
Jugando Partidos contra vecino 16
Resultado 6
72260
Jugando Partidos contra vecino 17
Resultado 6
72495.7
Jugando Partidos contra vecino 18
Resultado 5
80568.5
Jugando Partidos contra vecino 19
Resultado 7
83907.8
Jugando Partidos contra vecino 20
Resultado 7
59829
Jugando Partidos contra vecino 21
Resultado 9
71214.5
Jugando Partidos contra vecino 22
Resultado 9
78219.3
Jugando Partidos contra vecino 23
Resultado 5
65205.7
Jugando Partidos contra vecino 24
Resultado 7
60212.2
Jugando Partidos contra vecino 25
Resultado 6
55864
Jugando Partidos contra vecino 26
Resultado 4
74248.2
Jugando Partidos contra vecino 27
Resultado 7
67771.4
Jugando Partidos contra vecino 28
Resultado 4
67461.5
Jugando Partidos contra vecino 29
Resultado 5
85111.1
2.23056e+06
