arranca 
Jugando Partidos contra vecino 0
Resultado 7
42727.3
Jugando Partidos contra vecino 1
Resultado 5
67114.1
Jugando Partidos contra vecino 2
Resultado 5
52322.2
Jugando Partidos contra vecino 3
Resultado 5
61635.6
Jugando Partidos contra vecino 4
Resultado 9
51681.2
Jugando Partidos contra vecino 5
Resultado 9
47288
Jugando Partidos contra vecino 6
Resultado 5
61814.6
Jugando Partidos contra vecino 7
Resultado 9
57974.2
Jugando Partidos contra vecino 8
Resultado 5
65553
Jugando Partidos contra vecino 9
Resultado 7
60093.9
Jugando Partidos contra vecino 10
Resultado 9
45938.1
Jugando Partidos contra vecino 11
Resultado 9
51461.8
Jugando Partidos contra vecino 12
Resultado 13
42357.1
Yo soy: 
16 23 62 81 95 46 71 59 82 28 99 86 92 70 86 70 10 95 El mejor fue: 12
16 23 62 81 95 46 71 59 82 28 99 86 92 80 86 70 10 95 Generación 199
arranca 
Jugando Partidos contra vecino 0
Resultado 15
40563.6
Yo soy: 
16 23 62 81 95 46 71 59 82 28 99 86 92 80 86 70 10 95 El mejor fue: 0
16 23 52 81 95 46 71 59 82 28 99 86 92 80 86 70 10 95 Generación 198
arranca 
Jugando Partidos contra vecino 0
Resultado 13
39233.4
Yo soy: 
16 23 52 81 95 46 71 59 82 28 99 86 92 80 86 70 10 95 El mejor fue: 0
16 23 52 81 95 46 71 59 82 18 99 86 92 80 86 70 10 95 Generación 197
arranca 
Jugando Partidos contra vecino 0
Resultado 13
39406.4
Yo soy: 
16 23 52 81 95 46 71 59 82 18 99 86 92 80 86 70 10 95 El mejor fue: 0
16 23 52 81 95 46 71 59 82 18 99 86 92 90 86 70 10 95 Generación 196
arranca 
Jugando Partidos contra vecino 0
Resultado 12
37807.1
Yo soy: 
16 23 52 81 95 46 71 59 82 18 99 86 92 90 86 70 10 95 El mejor fue: 0
16 23 52 81 95 46 71 59 82 18 89 86 92 90 86 70 10 95 Generación 195
arranca 
Jugando Partidos contra vecino 0
Resultado 10
33543.8
Yo soy: 
16 23 52 81 95 46 71 59 82 18 89 86 92 90 86 70 10 95 El mejor fue: 0
16 23 52 81 95 46 71 59 82 18 89 86 92 90 76 70 10 95 Generación 194
arranca 
Jugando Partidos contra vecino 0
Resultado 7
30707.4
Jugando Partidos contra vecino 1
Resultado 6
25676.4
Jugando Partidos contra vecino 2
Resultado 13
40294.3
Yo soy: 
16 23 52 81 95 46 71 59 82 18 89 86 92 90 76 70 10 95 El mejor fue: 2
16 23 52 81 95 36 71 59 82 18 89 86 92 90 76 70 10 95 Generación 193
arranca 
Jugando Partidos contra vecino 0
Resultado 11
35210.4
Yo soy: 
16 23 52 81 95 36 71 59 82 18 89 86 92 90 76 70 10 95 El mejor fue: 0
16 23 62 81 95 36 71 59 82 18 89 86 92 90 76 70 10 95 Generación 192
arranca 
Jugando Partidos contra vecino 0
Resultado 12
35009.7
Yo soy: 
16 23 62 81 95 36 71 59 82 18 89 86 92 90 76 70 10 95 El mejor fue: 0
16 23 62 81 95 36 71 59 82 28 89 86 92 90 76 70 10 95 Generación 191
arranca 
Jugando Partidos contra vecino 0
Resultado 3
23297
Jugando Partidos contra vecino 1
Resultado 11
26265.1
Yo soy: 
16 23 62 81 95 36 71 59 82 28 89 86 92 90 76 70 10 95 El mejor fue: 1
16 23 62 81 95 36 71 59 82 28 89 86 92 90 66 70 10 95 Generación 190
arranca 
Jugando Partidos contra vecino 0
Resultado 15
41824.5
Yo soy: 
16 23 62 81 95 36 71 59 82 28 89 86 92 90 66 70 10 95 El mejor fue: 0
16 23 62 81 95 36 71 59 92 28 89 86 92 90 66 70 10 95 Generación 189
arranca 
Jugando Partidos contra vecino 0
Resultado 11
34284.4
Yo soy: 
16 23 62 81 95 36 71 59 92 28 89 86 92 90 66 70 10 95 El mejor fue: 0
16 23 62 81 95 36 71 59 92 28 89 96 92 90 66 70 10 95 Generación 188
arranca 
Jugando Partidos contra vecino 0
Resultado 10
40214.9
Yo soy: 
16 23 62 81 95 36 71 59 92 28 89 96 92 90 66 70 10 95 El mejor fue: 0
16 23 62 81 95 46 71 59 92 28 89 96 92 90 66 70 10 95 Generación 187
arranca 
Jugando Partidos contra vecino 0
Resultado 4
20191.6
Jugando Partidos contra vecino 1
Resultado 13
42270.3
Yo soy: 
16 23 62 81 95 46 71 59 92 28 89 96 92 90 66 70 10 95 El mejor fue: 1
16 23 62 81 95 46 71 59 92 18 89 96 92 90 66 70 10 95 Generación 186
arranca 
Jugando Partidos contra vecino 0
Resultado 15
47639.4
Yo soy: 
16 23 62 81 95 46 71 59 92 18 89 96 92 90 66 70 10 95 El mejor fue: 0
16 33 62 81 95 46 71 59 92 18 89 96 92 90 66 70 10 95 Generación 185
arranca 
Jugando Partidos contra vecino 0
Resultado 15
48635.3
Yo soy: 
16 33 62 81 95 46 71 59 92 18 89 96 92 90 66 70 10 95 El mejor fue: 0
16 33 62 81 95 46 71 59 92 18 99 96 92 90 66 70 10 95 Generación 184
arranca 
Jugando Partidos contra vecino 0
Resultado 15
48846.9
Yo soy: 
16 33 62 81 95 46 71 59 92 18 99 96 92 90 66 70 10 95 El mejor fue: 0
16 33 62 81 95 46 71 59 92 18 99 96 92 90 66 80 10 95 Generación 183
arranca 
Jugando Partidos contra vecino 0
Resultado 15
41897.5
Yo soy: 
16 33 62 81 95 46 71 59 92 18 99 96 92 90 66 80 10 95 El mejor fue: 0
16 33 62 81 95 46 81 59 92 18 99 96 92 90 66 80 10 95 Generación 182
arranca 
Jugando Partidos contra vecino 0
Resultado 4
58478.1
Jugando Partidos contra vecino 1
Resultado 15
44129.4
Yo soy: 
16 33 62 81 95 46 81 59 92 18 99 96 92 90 66 80 10 95 El mejor fue: 1
16 33 62 81 95 46 71 59 92 18 99 96 92 90 66 80 10 95 Generación 181
arranca 
Jugando Partidos contra vecino 0
Resultado 15
46666.7
Yo soy: 
16 33 62 81 95 46 71 59 92 18 99 96 92 90 66 80 10 95 El mejor fue: 0
6 33 62 81 95 46 71 59 92 18 99 96 92 90 66 80 10 95 Generación 180
arranca 
Jugando Partidos contra vecino 0
Resultado 15
54436.1
Yo soy: 
6 33 62 81 95 46 71 59 92 18 99 96 92 90 66 80 10 95 El mejor fue: 0
6 33 62 71 95 46 71 59 92 18 99 96 92 90 66 80 10 95 Generación 179
arranca 
Jugando Partidos contra vecino 0
Resultado 15
44843.9
Yo soy: 
6 33 62 71 95 46 71 59 92 18 99 96 92 90 66 80 10 95 El mejor fue: 0
6 33 62 71 95 46 71 49 92 18 99 96 92 90 66 80 10 95 Generación 178
arranca 
Jugando Partidos contra vecino 0
Resultado 13
40322.6
Yo soy: 
6 33 62 71 95 46 71 49 92 18 99 96 92 90 66 80 10 95 El mejor fue: 0
16 33 62 71 95 46 71 49 92 18 99 96 92 90 66 80 10 95 Generación 177
arranca 
Jugando Partidos contra vecino 0
Resultado 15
39606.1
Yo soy: 
16 33 62 71 95 46 71 49 92 18 99 96 92 90 66 80 10 95 El mejor fue: 0
26 33 62 71 95 46 71 49 92 18 99 96 92 90 66 80 10 95 Generación 176
arranca 
Jugando Partidos contra vecino 0
Resultado 15
42204.5
Yo soy: 
26 33 62 71 95 46 71 49 92 18 99 96 92 90 66 80 10 95 El mejor fue: 0
16 33 62 71 95 46 71 49 92 18 99 96 92 90 66 80 10 95 Generación 175
arranca 
Jugando Partidos contra vecino 0
Resultado 12
41540.7
Yo soy: 
16 33 62 71 95 46 71 49 92 18 99 96 92 90 66 80 10 95 El mejor fue: 0
16 33 62 71 95 46 71 49 82 18 99 96 92 90 66 80 10 95 Generación 174
arranca 
Jugando Partidos contra vecino 0
Resultado 15
50554
Yo soy: 
16 33 62 71 95 46 71 49 82 18 99 96 92 90 66 80 10 95 El mejor fue: 0
16 33 62 71 95 46 71 49 82 18 99 96 92 90 76 80 10 95 Generación 173
arranca 
Jugando Partidos contra vecino 0
Resultado 13
37755
Yo soy: 
16 33 62 71 95 46 71 49 82 18 99 96 92 90 76 80 10 95 El mejor fue: 0
16 33 62 61 95 46 71 49 82 18 99 96 92 90 76 80 10 95 Generación 172
arranca 
Jugando Partidos contra vecino 0
Resultado 13
38417.5
Yo soy: 
16 33 62 61 95 46 71 49 82 18 99 96 92 90 76 80 10 95 El mejor fue: 0
16 33 62 61 95 46 71 49 82 18 99 96 72 90 76 80 10 95 Generación 171
arranca 
Jugando Partidos contra vecino 0
Resultado 8
38089.3
Jugando Partidos contra vecino 1
Resultado 15
35281.8
Yo soy: 
16 33 62 61 95 46 71 49 82 18 99 96 72 90 76 80 10 95 El mejor fue: 1
16 33 62 61 95 46 71 49 82 18 99 96 72 90 76 80 20 95 Generación 170
arranca 
Jugando Partidos contra vecino 0
Resultado 9
32214.5
Jugando Partidos contra vecino 1
Resultado 11
36825.2
Yo soy: 
16 33 62 61 95 46 71 49 82 18 99 96 72 90 76 80 20 95 El mejor fue: 1
16 33 62 61 95 46 71 49 82 18 99 96 72 90 76 80 10 95 Generación 169
arranca 
Jugando Partidos contra vecino 0
Resultado 5
29234.2
Jugando Partidos contra vecino 1
Resultado 13
40168.2
Yo soy: 
16 33 62 61 95 46 71 49 82 18 99 96 72 90 76 80 10 95 El mejor fue: 1
16 33 62 61 95 46 71 49 82 18 99 96 72 90 76 90 10 95 Generación 168
arranca 
Jugando Partidos contra vecino 0
Resultado 11
37168.5
Yo soy: 
16 33 62 61 95 46 71 49 82 18 99 96 72 90 76 90 10 95 El mejor fue: 0
16 33 62 61 95 46 71 49 82 18 99 96 62 90 76 90 10 95 Generación 167
arranca 
Jugando Partidos contra vecino 0
Resultado 6
24180.7
Jugando Partidos contra vecino 1
Resultado 15
42894.3
Yo soy: 
16 33 62 61 95 46 71 49 82 18 99 96 62 90 76 90 10 95 El mejor fue: 1
16 33 62 61 95 46 71 49 82 18 99 96 62 90 66 90 10 95 Generación 166
arranca 
Jugando Partidos contra vecino 0
Resultado 12
37598.7
Yo soy: 
16 33 62 61 95 46 71 49 82 18 99 96 62 90 66 90 10 95 El mejor fue: 0
16 33 62 61 95 46 71 49 82 18 79 96 62 90 66 90 10 95 Generación 165
arranca 
Jugando Partidos contra vecino 0
Resultado 12
33379.3
Yo soy: 
16 33 62 61 95 46 71 49 82 18 79 96 62 90 66 90 10 95 El mejor fue: 0
16 33 62 61 95 46 71 49 82 18 79 96 62 80 66 90 10 95 Generación 164
arranca 
Jugando Partidos contra vecino 0
Resultado 6
36519
Jugando Partidos contra vecino 1
Resultado 15
38159.6
Yo soy: 
16 33 62 61 95 46 71 49 82 18 79 96 62 80 66 90 10 95 El mejor fue: 1
16 33 62 61 95 46 71 49 82 8 79 96 62 80 66 90 10 95 Generación 163
arranca 
Jugando Partidos contra vecino 0
Resultado 13
32264.9
Yo soy: 
16 33 62 61 95 46 71 49 82 8 79 96 62 80 66 90 10 95 El mejor fue: 0
16 33 62 61 95 46 71 49 82 8 89 96 62 80 66 90 10 95 Generación 162
arranca 
Jugando Partidos contra vecino 0
Resultado 12
42470
Yo soy: 
16 33 62 61 95 46 71 49 82 8 89 96 62 80 66 90 10 95 El mejor fue: 0
16 33 62 61 95 46 71 49 82 -2 89 96 62 80 66 90 10 95 Generación 161
arranca 
Jugando Partidos contra vecino 0
Resultado 15
46679
Yo soy: 
16 33 62 61 95 46 71 49 82 -2 89 96 62 80 66 90 10 95 El mejor fue: 0
16 33 62 61 95 36 71 49 82 -2 89 96 62 80 66 90 10 95 Generación 160
arranca 
Jugando Partidos contra vecino 0
Resultado 8
30225.9
Jugando Partidos contra vecino 1
Resultado 9
30920.4
Jugando Partidos contra vecino 2
Resultado 4
26414.5
Jugando Partidos contra vecino 3
Resultado 9
30672.9
Jugando Partidos contra vecino 4
Resultado 9
31242.8
Jugando Partidos contra vecino 5
Resultado 15
41773.6
Yo soy: 
16 33 62 61 95 36 71 49 82 -2 89 96 62 80 66 90 10 95 El mejor fue: 5
16 33 62 61 95 36 61 49 82 -2 89 96 62 80 66 90 10 95 Generación 159
arranca 
Jugando Partidos contra vecino 0
Resultado 15
54076.2
Yo soy: 
16 33 62 61 95 36 61 49 82 -2 89 96 62 80 66 90 10 95 El mejor fue: 0
16 33 52 61 95 36 61 49 82 -2 89 96 62 80 66 90 10 95 Generación 158
arranca 
Jugando Partidos contra vecino 0
Resultado 5
24668.4
Jugando Partidos contra vecino 1
Resultado 15
46392.3
Yo soy: 
16 33 52 61 95 36 61 49 82 -2 89 96 62 80 66 90 10 95 El mejor fue: 1
16 33 52 51 95 36 61 49 82 -2 89 96 62 80 66 90 10 95 Generación 157
arranca 
Jugando Partidos contra vecino 0
Resultado 15
47123.6
Yo soy: 
16 33 52 51 95 36 61 49 82 -2 89 96 62 80 66 90 10 95 El mejor fue: 0
16 33 52 51 95 26 61 49 82 -2 89 96 62 80 66 90 10 95 Generación 156
arranca 
Jugando Partidos contra vecino 0
Resultado 13
46888.2
Yo soy: 
16 33 52 51 95 26 61 49 82 -2 89 96 62 80 66 90 10 95 El mejor fue: 0
16 33 52 51 95 26 61 49 82 -2 99 96 62 80 66 90 10 95 Generación 155
arranca 
Jugando Partidos contra vecino 0
Resultado 12
42691.8
Yo soy: 
16 33 52 51 95 26 61 49 82 -2 99 96 62 80 66 90 10 95 El mejor fue: 0
16 33 52 61 95 26 61 49 82 -2 99 96 62 80 66 90 10 95 Generación 154
arranca 
Jugando Partidos contra vecino 0
Resultado 12
40902.6
Yo soy: 
16 33 52 61 95 26 61 49 82 -2 99 96 62 80 66 90 10 95 El mejor fue: 0
16 33 52 61 95 26 61 49 82 -2 99 96 62 80 66 90 10 85 Generación 153
arranca 
Jugando Partidos contra vecino 0
Resultado 15
48197.7
Yo soy: 
16 33 52 61 95 26 61 49 82 -2 99 96 62 80 66 90 10 85 El mejor fue: 0
16 33 52 61 95 16 61 49 82 -2 99 96 62 80 66 90 10 85 Generación 152
arranca 
Jugando Partidos contra vecino 0
Resultado 13
41396.7
Yo soy: 
16 33 52 61 95 16 61 49 82 -2 99 96 62 80 66 90 10 85 El mejor fue: 0
16 33 52 61 95 16 61 49 82 -2 89 96 62 80 66 90 10 85 Generación 151
arranca 
Jugando Partidos contra vecino 0
Resultado 11
35506.9
Yo soy: 
16 33 52 61 95 16 61 49 82 -2 89 96 62 80 66 90 10 85 El mejor fue: 0
16 33 52 61 95 16 61 49 82 -2 89 96 62 80 66 90 10 75 Generación 150
arranca 
Jugando Partidos contra vecino 0
Resultado 15
34119.3
Yo soy: 
16 33 52 61 95 16 61 49 82 -2 89 96 62 80 66 90 10 75 El mejor fue: 0
16 33 52 61 95 26 61 49 82 -2 89 96 62 80 66 90 10 75 Generación 149
arranca 
Jugando Partidos contra vecino 0
Resultado 11
34609.7
Yo soy: 
16 33 52 61 95 26 61 49 82 -2 89 96 62 80 66 90 10 75 El mejor fue: 0
16 33 52 61 95 26 61 49 82 -2 89 96 62 80 56 90 10 75 Generación 148
arranca 
Jugando Partidos contra vecino 0
Resultado 13
37026.7
Yo soy: 
16 33 52 61 95 26 61 49 82 -2 89 96 62 80 56 90 10 75 El mejor fue: 0
16 33 52 61 95 26 61 49 82 -2 89 96 62 80 46 90 10 75 Generación 147
arranca 
Jugando Partidos contra vecino 0
Resultado 15
43685.5
Yo soy: 
16 33 52 61 95 26 61 49 82 -2 89 96 62 80 46 90 10 75 El mejor fue: 0
16 33 52 61 95 26 61 49 82 -2 89 96 62 80 46 90 0 75 Generación 146
arranca 
Jugando Partidos contra vecino 0
Resultado 13
40009.8
Yo soy: 
16 33 52 61 95 26 61 49 82 -2 89 96 62 80 46 90 0 75 El mejor fue: 0
16 33 52 61 95 26 61 49 82 8 89 96 62 80 46 90 0 75 Generación 145
arranca 
Jugando Partidos contra vecino 0
Resultado 10
31512.7
Yo soy: 
16 33 52 61 95 26 61 49 82 8 89 96 62 80 46 90 0 75 El mejor fue: 0
16 33 52 61 95 26 61 49 82 8 79 96 62 80 46 90 0 75 Generación 144
arranca 
Jugando Partidos contra vecino 0
Resultado 10
36787
Yo soy: 
16 33 52 61 95 26 61 49 82 8 79 96 62 80 46 90 0 75 El mejor fue: 0
16 33 52 61 95 26 61 49 82 8 79 96 72 80 46 90 0 75 Generación 143
arranca 
Jugando Partidos contra vecino 0
Resultado 11
32738.7
Yo soy: 
16 33 52 61 95 26 61 49 82 8 79 96 72 80 46 90 0 75 El mejor fue: 0
16 33 52 61 95 26 61 49 82 8 79 86 72 80 46 90 0 75 Generación 142
arranca 
Jugando Partidos contra vecino 0
Resultado 6
53940.6
Jugando Partidos contra vecino 1
Resultado 13
43899.6
Yo soy: 
16 33 52 61 95 26 61 49 82 8 79 86 72 80 46 90 0 75 El mejor fue: 1
16 33 52 61 95 36 61 49 82 8 79 86 72 80 46 90 0 75 Generación 141
arranca 
Jugando Partidos contra vecino 0
Resultado 12
42468.7
Yo soy: 
16 33 52 61 95 36 61 49 82 8 79 86 72 80 46 90 0 75 El mejor fue: 0
6 33 52 61 95 36 61 49 82 8 79 86 72 80 46 90 0 75 Generación 140
arranca 
Jugando Partidos contra vecino 0
Resultado 3
19756.3
Jugando Partidos contra vecino 1
Resultado 15
45605.2
Yo soy: 
6 33 52 61 95 36 61 49 82 8 79 86 72 80 46 90 0 75 El mejor fue: 1
6 33 52 61 95 36 61 49 82 8 79 96 72 80 46 90 0 75 Generación 139
arranca 
Jugando Partidos contra vecino 0
Resultado 15
50903.7
Yo soy: 
6 33 52 61 95 36 61 49 82 8 79 96 72 80 46 90 0 75 El mejor fue: 0
6 33 52 61 95 36 61 49 82 8 79 96 72 80 46 90 -10 75 Generación 138
arranca 
Jugando Partidos contra vecino 0
Resultado 15
52448.1
Yo soy: 
6 33 52 61 95 36 61 49 82 8 79 96 72 80 46 90 -10 75 El mejor fue: 0
6 33 52 61 95 36 61 49 82 8 79 96 72 80 46 90 -10 85 Generación 137
arranca 
Jugando Partidos contra vecino 0
Resultado 15
42281.3
Yo soy: 
6 33 52 61 95 36 61 49 82 8 79 96 72 80 46 90 -10 85 El mejor fue: 0
6 33 52 61 95 36 61 49 82 18 79 96 72 80 46 90 -10 85 Generación 136
arranca 
Jugando Partidos contra vecino 0
Resultado 15
37191.5
Yo soy: 
6 33 52 61 95 36 61 49 82 18 79 96 72 80 46 90 -10 85 El mejor fue: 0
6 33 52 61 95 36 61 49 92 18 79 96 72 80 46 90 -10 85 Generación 135
arranca 
Jugando Partidos contra vecino 0
Resultado 11
54972.6
Yo soy: 
6 33 52 61 95 36 61 49 92 18 79 96 72 80 46 90 -10 85 El mejor fue: 0
6 33 52 61 95 26 61 49 92 18 79 96 72 80 46 90 -10 85 Generación 134
arranca 
Jugando Partidos contra vecino 0
Resultado 7
52635.6
Jugando Partidos contra vecino 1
Resultado 9
57158.8
Jugando Partidos contra vecino 2
Resultado 13
45222.1
Yo soy: 
6 33 52 61 95 26 61 49 92 18 79 96 72 80 46 90 -10 85 El mejor fue: 2
6 33 52 61 95 36 61 49 92 18 79 96 72 80 46 90 -10 85 Generación 133
arranca 
Jugando Partidos contra vecino 0
Resultado 15
44451.1
Yo soy: 
6 33 52 61 95 36 61 49 92 18 79 96 72 80 46 90 -10 85 El mejor fue: 0
6 33 52 61 95 36 61 49 92 18 79 96 72 80 46 90 0 85 Generación 132
arranca 
Jugando Partidos contra vecino 0
Resultado 13
45756.6
Yo soy: 
6 33 52 61 95 36 61 49 92 18 79 96 72 80 46 90 0 85 El mejor fue: 0
6 33 52 61 95 36 61 49 92 18 79 96 72 80 46 90 0 95 Generación 131
arranca 
Jugando Partidos contra vecino 0
Resultado 13
49601.6
Yo soy: 
6 33 52 61 95 36 61 49 92 18 79 96 72 80 46 90 0 95 El mejor fue: 0
6 33 52 61 95 36 51 49 92 18 79 96 72 80 46 90 0 95 Generación 130
arranca 
Jugando Partidos contra vecino 0
Resultado 13
38040.7
Yo soy: 
6 33 52 61 95 36 51 49 92 18 79 96 72 80 46 90 0 95 El mejor fue: 0
6 33 52 61 85 36 51 49 92 18 79 96 72 80 46 90 0 95 Generación 129
arranca 
Jugando Partidos contra vecino 0
Resultado 12
45353.3
Yo soy: 
6 33 52 61 85 36 51 49 92 18 79 96 72 80 46 90 0 95 El mejor fue: 0
6 23 52 61 85 36 51 49 92 18 79 96 72 80 46 90 0 95 Generación 128
arranca 
Jugando Partidos contra vecino 0
Resultado 7
44769.1
Jugando Partidos contra vecino 1
Resultado 11
40343.4
Yo soy: 
6 23 52 61 85 36 51 49 92 18 79 96 72 80 46 90 0 95 El mejor fue: 1
6 23 52 61 85 26 51 49 92 18 79 96 72 80 46 90 0 95 Generación 127
arranca 
Jugando Partidos contra vecino 0
Resultado 7
61065.2
Jugando Partidos contra vecino 1
Resultado 9
52897.2
Jugando Partidos contra vecino 2
Resultado 3
36055.2
Jugando Partidos contra vecino 3
Resultado 13
46694.1
Yo soy: 
6 23 52 61 85 26 51 49 92 18 79 96 72 80 46 90 0 95 El mejor fue: 3
6 23 52 61 85 26 51 49 72 18 79 96 72 80 46 90 0 95 Generación 126
arranca 
Jugando Partidos contra vecino 0
Resultado 15
56870.9
Yo soy: 
6 23 52 61 85 26 51 49 72 18 79 96 72 80 46 90 0 95 El mejor fue: 0
6 23 52 61 85 26 51 49 72 18 79 96 72 80 46 90 10 95 Generación 125
arranca 
Jugando Partidos contra vecino 0
Resultado 15
47267.6
Yo soy: 
6 23 52 61 85 26 51 49 72 18 79 96 72 80 46 90 10 95 El mejor fue: 0
6 23 52 61 85 26 51 49 72 18 79 96 62 80 46 90 10 95 Generación 124
arranca 
Jugando Partidos contra vecino 0
Resultado 8
33990.2
Jugando Partidos contra vecino 1
Resultado 15
45887.5
Yo soy: 
6 23 52 61 85 26 51 49 72 18 79 96 62 80 46 90 10 95 El mejor fue: 1
6 23 52 61 85 36 51 49 72 18 79 96 62 80 46 90 10 95 Generación 123
arranca 
Jugando Partidos contra vecino 0
Resultado 15
33080.2
Yo soy: 
6 23 52 61 85 36 51 49 72 18 79 96 62 80 46 90 10 95 El mejor fue: 0
6 23 52 61 85 36 51 59 72 18 79 96 62 80 46 90 10 95 Generación 122
arranca 
Jugando Partidos contra vecino 0
Resultado 12
37461.3
Yo soy: 
6 23 52 61 85 36 51 59 72 18 79 96 62 80 46 90 10 95 El mejor fue: 0
6 23 52 61 85 36 41 59 72 18 79 96 62 80 46 90 10 95 Generación 121
arranca 
Jugando Partidos contra vecino 0
Resultado 13
43818.5
Yo soy: 
6 23 52 61 85 36 41 59 72 18 79 96 62 80 46 90 10 95 El mejor fue: 0
6 23 52 61 85 26 41 59 72 18 79 96 62 80 46 90 10 95 Generación 120
arranca 
Jugando Partidos contra vecino 0
Resultado 10
38342.5
Yo soy: 
6 23 52 61 85 26 41 59 72 18 79 96 62 80 46 90 10 95 El mejor fue: 0
6 23 52 71 85 26 41 59 72 18 79 96 62 80 46 90 10 95 Generación 119
arranca 
Jugando Partidos contra vecino 0
Resultado 13
44704.6
Yo soy: 
6 23 52 71 85 26 41 59 72 18 79 96 62 80 46 90 10 95 El mejor fue: 0
6 23 52 71 85 26 41 59 72 18 79 96 62 80 46 90 20 95 Generación 118
arranca 
Jugando Partidos contra vecino 0
Resultado 13
42867
Yo soy: 
6 23 52 71 85 26 41 59 72 18 79 96 62 80 46 90 20 95 El mejor fue: 0
6 23 52 71 85 26 41 59 72 18 79 96 62 80 36 90 20 95 Generación 117
arranca 
Jugando Partidos contra vecino 0
Resultado 3
17764.2
Jugando Partidos contra vecino 1
Resultado 13
32749.3
Yo soy: 
6 23 52 71 85 26 41 59 72 18 79 96 62 80 36 90 20 95 El mejor fue: 1
6 23 52 71 85 26 41 59 82 18 79 96 62 80 36 90 20 95 Generación 116
arranca 
Jugando Partidos contra vecino 0
Resultado 15
41841.7
Yo soy: 
6 23 52 71 85 26 41 59 82 18 79 96 62 80 36 90 20 95 El mejor fue: 0
6 33 52 71 85 26 41 59 82 18 79 96 62 80 36 90 20 95 Generación 115
arranca 
Jugando Partidos contra vecino 0
Resultado 13
39554
Yo soy: 
6 33 52 71 85 26 41 59 82 18 79 96 62 80 36 90 20 95 El mejor fue: 0
6 33 52 71 85 26 41 59 82 18 79 86 62 80 36 90 20 95 Generación 114
arranca 
Jugando Partidos contra vecino 0
Resultado 10
37335.9
Yo soy: 
6 33 52 71 85 26 41 59 82 18 79 86 62 80 36 90 20 95 El mejor fue: 0
6 33 52 71 85 26 41 59 82 18 79 86 62 90 36 90 20 95 Generación 113
arranca 
Jugando Partidos contra vecino 0
Resultado 12
42840.3
Yo soy: 
6 33 52 71 85 26 41 59 82 18 79 86 62 90 36 90 20 95 El mejor fue: 0
6 33 52 71 85 26 41 59 82 18 79 86 62 90 36 90 20 75 Generación 112
arranca 
Jugando Partidos contra vecino 0
Resultado 15
49673.4
Yo soy: 
6 33 52 71 85 26 41 59 82 18 79 86 62 90 36 90 20 75 El mejor fue: 0
6 33 52 71 95 26 41 59 82 18 79 86 62 90 36 90 20 75 Generación 111
arranca 
Jugando Partidos contra vecino 0
Resultado 15
38658.8
Yo soy: 
6 33 52 71 95 26 41 59 82 18 79 86 62 90 36 90 20 75 El mejor fue: 0
6 33 52 71 95 26 41 59 82 18 79 86 62 90 36 90 30 75 Generación 110
arranca 
Jugando Partidos contra vecino 0
Resultado 5
19781.4
Jugando Partidos contra vecino 1
Resultado 13
40551.6
Yo soy: 
6 33 52 71 95 26 41 59 82 18 79 86 62 90 36 90 30 75 El mejor fue: 1
6 33 52 71 95 26 41 59 82 18 79 86 62 90 46 90 30 75 Generación 109
arranca 
Jugando Partidos contra vecino 0
Resultado 13
42827.8
Yo soy: 
6 33 52 71 95 26 41 59 82 18 79 86 62 90 46 90 30 75 El mejor fue: 0
6 33 52 71 95 26 41 59 82 18 79 86 62 90 46 90 40 75 Generación 108
arranca 
Jugando Partidos contra vecino 0
Resultado 9
25742.3
Jugando Partidos contra vecino 1
Resultado 15
43256.8
Yo soy: 
6 33 52 71 95 26 41 59 82 18 79 86 62 90 46 90 40 75 El mejor fue: 1
6 33 52 71 95 26 41 59 92 18 79 86 62 90 46 90 40 75 Generación 107
arranca 
Jugando Partidos contra vecino 0
Resultado 15
51768.4
Yo soy: 
6 33 52 71 95 26 41 59 92 18 79 86 62 90 46 90 40 75 El mejor fue: 0
6 33 52 61 95 26 41 59 92 18 79 86 62 90 46 90 40 75 Generación 106
arranca 
Jugando Partidos contra vecino 0
Resultado 15
55778.3
Yo soy: 
6 33 52 61 95 26 41 59 92 18 79 86 62 90 46 90 40 75 El mejor fue: 0
6 33 52 61 95 26 41 59 92 18 79 86 52 90 46 90 40 75 Generación 105
arranca 
Jugando Partidos contra vecino 0
Resultado 13
39284.1
Yo soy: 
6 33 52 61 95 26 41 59 92 18 79 86 52 90 46 90 40 75 El mejor fue: 0
6 33 52 61 95 26 41 59 92 18 69 86 52 90 46 90 40 75 Generación 104
arranca 
Jugando Partidos contra vecino 0
Resultado 7
28506.8
Jugando Partidos contra vecino 1
Resultado 7
30812
Jugando Partidos contra vecino 2
Resultado 15
51960
Yo soy: 
6 33 52 61 95 26 41 59 92 18 69 86 52 90 46 90 40 75 El mejor fue: 2
6 33 52 61 95 26 41 59 92 18 69 86 52 90 56 90 40 75 Generación 103
arranca 
Jugando Partidos contra vecino 0
Resultado 2
20473.1
Jugando Partidos contra vecino 1
Resultado 15
43974.6
Yo soy: 
6 33 52 61 95 26 41 59 92 18 69 86 52 90 56 90 40 75 El mejor fue: 1
6 33 52 61 95 26 41 59 82 18 69 86 52 90 56 90 40 75 Generación 102
arranca 
Jugando Partidos contra vecino 0
Resultado 13
39554.1
Yo soy: 
6 33 52 61 95 26 41 59 82 18 69 86 52 90 56 90 40 75 El mejor fue: 0
6 33 52 61 95 26 51 59 82 18 69 86 52 90 56 90 40 75 Generación 101
arranca 
Jugando Partidos contra vecino 0
Resultado 13
38950
Yo soy: 
6 33 52 61 95 26 51 59 82 18 69 86 52 90 56 90 40 75 El mejor fue: 0
6 33 52 61 95 36 51 59 82 18 69 86 52 90 56 90 40 75 Generación 100
arranca 
Jugando Partidos contra vecino 0
Resultado 15
40403.1
Yo soy: 
6 33 52 61 95 36 51 59 82 18 69 86 52 90 56 90 40 75 El mejor fue: 0
6 33 52 61 95 36 51 59 82 18 69 86 52 90 56 90 40 85 Generación 99
arranca 
Jugando Partidos contra vecino 0
Resultado 15
48757.7
Yo soy: 
6 33 52 61 95 36 51 59 82 18 69 86 52 90 56 90 40 85 El mejor fue: 0
6 33 52 51 95 36 51 59 82 18 69 86 52 90 56 90 40 85 Generación 98
arranca 
Jugando Partidos contra vecino 0
Resultado 15
40877.1
Yo soy: 
6 33 52 51 95 36 51 59 82 18 69 86 52 90 56 90 40 85 El mejor fue: 0
6 33 52 51 95 36 51 59 82 18 69 86 42 90 56 90 40 85 Generación 97
arranca 
Jugando Partidos contra vecino 0
Resultado 9
33912.6
Jugando Partidos contra vecino 1
Resultado 3
22303.7
Jugando Partidos contra vecino 2
Resultado 13
36758.5
Yo soy: 
6 33 52 51 95 36 51 59 82 18 69 86 42 90 56 90 40 85 El mejor fue: 2
6 33 52 51 95 36 61 59 82 18 69 86 42 90 56 90 40 85 Generación 96
arranca 
Jugando Partidos contra vecino 0
Resultado 1
17727.2
Jugando Partidos contra vecino 1
Resultado 13
38246.1
Yo soy: 
6 33 52 51 95 36 61 59 82 18 69 86 42 90 56 90 40 85 El mejor fue: 1
6 33 52 51 95 36 61 59 72 18 69 86 42 90 56 90 40 85 Generación 95
arranca 
Jugando Partidos contra vecino 0
Resultado 15
43914.2
Yo soy: 
6 33 52 51 95 36 61 59 72 18 69 86 42 90 56 90 40 85 El mejor fue: 0
6 33 52 51 95 36 61 59 82 18 69 86 42 90 56 90 40 85 Generación 94
arranca 
Jugando Partidos contra vecino 0
Resultado 13
43504.6
Yo soy: 
6 33 52 51 95 36 61 59 82 18 69 86 42 90 56 90 40 85 El mejor fue: 0
6 33 52 51 95 36 61 59 82 18 69 86 42 90 56 90 50 85 Generación 93
arranca 
Jugando Partidos contra vecino 0
Resultado 11
35086.4
Yo soy: 
6 33 52 51 95 36 61 59 82 18 69 86 42 90 56 90 50 85 El mejor fue: 0
6 33 52 51 85 36 61 59 82 18 69 86 42 90 56 90 50 85 Generación 92
arranca 
Jugando Partidos contra vecino 0
Resultado 15
39245.9
Yo soy: 
6 33 52 51 85 36 61 59 82 18 69 86 42 90 56 90 50 85 El mejor fue: 0
-4 33 52 51 85 36 61 59 82 18 69 86 42 90 56 90 50 85 Generación 91
arranca 
Jugando Partidos contra vecino 0
Resultado 13
32003.8
Yo soy: 
-4 33 52 51 85 36 61 59 82 18 69 86 42 90 56 90 50 85 El mejor fue: 0
6 33 52 51 85 36 61 59 82 18 69 86 42 90 56 90 50 85 Generación 90
arranca 
Jugando Partidos contra vecino 0
Resultado 15
33198.3
Yo soy: 
6 33 52 51 85 36 61 59 82 18 69 86 42 90 56 90 50 85 El mejor fue: 0
-4 33 52 51 85 36 61 59 82 18 69 86 42 90 56 90 50 85 Generación 89
arranca 
Jugando Partidos contra vecino 0
Resultado 7
63446.4
Jugando Partidos contra vecino 1
Resultado 15
38766.3
Yo soy: 
-4 33 52 51 85 36 61 59 82 18 69 86 42 90 56 90 50 85 El mejor fue: 1
-4 33 52 51 75 36 61 59 82 18 69 86 42 90 56 90 50 85 Generación 88
arranca 
Jugando Partidos contra vecino 0
Resultado 15
46593.2
Yo soy: 
-4 33 52 51 75 36 61 59 82 18 69 86 42 90 56 90 50 85 El mejor fue: 0
-4 33 52 61 75 36 61 59 82 18 69 86 42 90 56 90 50 85 Generación 87
arranca 
Jugando Partidos contra vecino 0
Resultado 9
58538.1
Jugando Partidos contra vecino 1
Resultado 13
38105.8
Yo soy: 
-4 33 52 61 75 36 61 59 82 18 69 86 42 90 56 90 50 85 El mejor fue: 1
-4 33 52 61 75 36 61 59 82 18 59 86 42 90 56 90 50 85 Generación 86
arranca 
Jugando Partidos contra vecino 0
Resultado 15
43945.4
Yo soy: 
-4 33 52 61 75 36 61 59 82 18 59 86 42 90 56 90 50 85 El mejor fue: 0
-4 33 52 61 65 36 61 59 82 18 59 86 42 90 56 90 50 85 Generación 85
arranca 
Jugando Partidos contra vecino 0
Resultado 15
56361.3
Yo soy: 
-4 33 52 61 65 36 61 59 82 18 59 86 42 90 56 90 50 85 El mejor fue: 0
-4 33 52 61 65 36 51 59 82 18 59 86 42 90 56 90 50 85 Generación 84
arranca 
Jugando Partidos contra vecino 0
Resultado 15
47709.2
Yo soy: 
-4 33 52 61 65 36 51 59 82 18 59 86 42 90 56 90 50 85 El mejor fue: 0
-4 43 52 61 65 36 51 59 82 18 59 86 42 90 56 90 50 85 Generación 83
arranca 
Jugando Partidos contra vecino 0
Resultado 15
40195.1
Yo soy: 
-4 43 52 61 65 36 51 59 82 18 59 86 42 90 56 90 50 85 El mejor fue: 0
-14 43 52 61 65 36 51 59 82 18 59 86 42 90 56 90 50 85 Generación 82
arranca 
Jugando Partidos contra vecino 0
Resultado 15
46230.8
Yo soy: 
-14 43 52 61 65 36 51 59 82 18 59 86 42 90 56 90 50 85 El mejor fue: 0
-14 43 52 51 65 36 51 59 82 18 59 86 42 90 56 90 50 85 Generación 81
arranca 
Jugando Partidos contra vecino 0
Resultado 13
39312.2
Yo soy: 
-14 43 52 51 65 36 51 59 82 18 59 86 42 90 56 90 50 85 El mejor fue: 0
-14 43 52 51 65 46 51 59 82 18 59 86 42 90 56 90 50 85 Generación 80
arranca 
Jugando Partidos contra vecino 0
Resultado 15
46120.1
Yo soy: 
-14 43 52 51 65 46 51 59 82 18 59 86 42 90 56 90 50 85 El mejor fue: 0
-14 43 52 51 65 46 51 49 82 18 59 86 42 90 56 90 50 85 Generación 79
arranca 
Jugando Partidos contra vecino 0
Resultado 15
44102.8
Yo soy: 
-14 43 52 51 65 46 51 49 82 18 59 86 42 90 56 90 50 85 El mejor fue: 0
-14 43 52 51 65 46 51 49 92 18 59 86 42 90 56 90 50 85 Generación 78
arranca 
Jugando Partidos contra vecino 0
Resultado 5
68709.8
Jugando Partidos contra vecino 1
Resultado 15
53297.5
Yo soy: 
-14 43 52 51 65 46 51 49 92 18 59 86 42 90 56 90 50 85 El mejor fue: 1
-14 43 52 41 65 46 51 49 92 18 59 86 42 90 56 90 50 85 Generación 77
arranca 
Jugando Partidos contra vecino 0
Resultado 1
17964.3
Jugando Partidos contra vecino 1
Resultado 7
60490.7
Jugando Partidos contra vecino 2
Resultado 13
41082.7
Yo soy: 
-14 43 52 41 65 46 51 49 92 18 59 86 42 90 56 90 50 85 El mejor fue: 2
-14 43 52 41 65 46 61 49 92 18 59 86 42 90 56 90 50 85 Generación 76
arranca 
Jugando Partidos contra vecino 0
Resultado 7
62836.1
Jugando Partidos contra vecino 1
Resultado 15
50196.1
Yo soy: 
-14 43 52 41 65 46 61 49 92 18 59 86 42 90 56 90 50 85 El mejor fue: 1
-14 43 52 41 65 46 61 49 92 18 59 86 32 90 56 90 50 85 Generación 75
arranca 
Jugando Partidos contra vecino 0
Resultado 15
55386.4
Yo soy: 
-14 43 52 41 65 46 61 49 92 18 59 86 32 90 56 90 50 85 El mejor fue: 0
-24 43 52 41 65 46 61 49 92 18 59 86 32 90 56 90 50 85 Generación 74
arranca 
Jugando Partidos contra vecino 0
Resultado 5
63308.8
Jugando Partidos contra vecino 1
Resultado 11
38360.3
Yo soy: 
-24 43 52 41 65 46 61 49 92 18 59 86 32 90 56 90 50 85 El mejor fue: 1
-14 43 52 41 65 46 61 49 92 18 59 86 32 90 56 90 50 85 Generación 73
arranca 
Jugando Partidos contra vecino 0
Resultado 15
53627
Yo soy: 
-14 43 52 41 65 46 61 49 92 18 59 86 32 90 56 90 50 85 El mejor fue: 0
-14 43 52 41 65 46 61 49 92 28 59 86 32 90 56 90 50 85 Generación 72
arranca 
Jugando Partidos contra vecino 0
Resultado 13
51618.9
Yo soy: 
-14 43 52 41 65 46 61 49 92 28 59 86 32 90 56 90 50 85 El mejor fue: 0
-14 43 52 31 65 46 61 49 92 28 59 86 32 90 56 90 50 85 Generación 71
arranca 
Jugando Partidos contra vecino 0
Resultado 11
47367
Yo soy: 
-14 43 52 31 65 46 61 49 92 28 59 86 32 90 56 90 50 85 El mejor fue: 0
-14 43 52 31 65 46 61 39 92 28 59 86 32 90 56 90 50 85 Generación 70
arranca 
Jugando Partidos contra vecino 0
Resultado 9
32351.3
Jugando Partidos contra vecino 1
Resultado 13
42155.9
Yo soy: 
-14 43 52 31 65 46 61 39 92 28 59 86 32 90 56 90 50 85 El mejor fue: 1
-14 43 52 31 65 46 61 39 92 18 59 86 32 90 56 90 50 85 Generación 69
arranca 
Jugando Partidos contra vecino 0
Resultado 13
49150.5
Yo soy: 
-14 43 52 31 65 46 61 39 92 18 59 86 32 90 56 90 50 85 El mejor fue: 0
-14 43 52 31 65 46 61 39 92 8 59 86 32 90 56 90 50 85 Generación 68
arranca 
Jugando Partidos contra vecino 0
Resultado 15
48131.4
Yo soy: 
-14 43 52 31 65 46 61 39 92 8 59 86 32 90 56 90 50 85 El mejor fue: 0
-14 43 52 31 65 46 61 39 82 8 59 86 32 90 56 90 50 85 Generación 67
arranca 
Jugando Partidos contra vecino 0
Resultado 15
53146.8
Yo soy: 
-14 43 52 31 65 46 61 39 82 8 59 86 32 90 56 90 50 85 El mejor fue: 0
-14 43 42 31 65 46 61 39 82 8 59 86 32 90 56 90 50 85 Generación 66
arranca 
Jugando Partidos contra vecino 0
Resultado 15
54810.9
Yo soy: 
-14 43 42 31 65 46 61 39 82 8 59 86 32 90 56 90 50 85 El mejor fue: 0
-14 43 42 31 55 46 61 39 82 8 59 86 32 90 56 90 50 85 Generación 65
arranca 
Jugando Partidos contra vecino 0
Resultado 15
52395
Yo soy: 
-14 43 42 31 55 46 61 39 82 8 59 86 32 90 56 90 50 85 El mejor fue: 0
-14 43 42 31 55 46 61 49 82 8 59 86 32 90 56 90 50 85 Generación 64
arranca 
Jugando Partidos contra vecino 0
Resultado 15
55416.4
Yo soy: 
-14 43 42 31 55 46 61 49 82 8 59 86 32 90 56 90 50 85 El mejor fue: 0
-14 43 42 31 55 46 61 49 72 8 59 86 32 90 56 90 50 85 Generación 63
arranca 
Jugando Partidos contra vecino 0
Resultado 13
46781.5
Yo soy: 
-14 43 42 31 55 46 61 49 72 8 59 86 32 90 56 90 50 85 El mejor fue: 0
-14 43 42 31 65 46 61 49 72 8 59 86 32 90 56 90 50 85 Generación 62
arranca 
Jugando Partidos contra vecino 0
Resultado 13
44710
Yo soy: 
-14 43 42 31 65 46 61 49 72 8 59 86 32 90 56 90 50 85 El mejor fue: 0
-14 43 42 31 65 46 61 49 72 8 59 96 32 90 56 90 50 85 Generación 61
arranca 
Jugando Partidos contra vecino 0
Resultado 15
45288.1
Yo soy: 
-14 43 42 31 65 46 61 49 72 8 59 96 32 90 56 90 50 85 El mejor fue: 0
-14 43 42 31 65 46 61 49 72 8 59 96 32 90 46 90 50 85 Generación 60
arranca 
Jugando Partidos contra vecino 0
Resultado 12
49034.1
Yo soy: 
-14 43 42 31 65 46 61 49 72 8 59 96 32 90 46 90 50 85 El mejor fue: 0
-14 43 42 31 65 46 61 49 72 8 59 96 32 80 46 90 50 85 Generación 59
arranca 
Jugando Partidos contra vecino 0
Resultado 10
34820.4
Yo soy: 
-14 43 42 31 65 46 61 49 72 8 59 96 32 80 46 90 50 85 El mejor fue: 0
-14 43 42 31 65 46 61 49 72 8 49 96 32 80 46 90 50 85 Generación 58
arranca 
Jugando Partidos contra vecino 0
Resultado 15
44474.5
Yo soy: 
-14 43 42 31 65 46 61 49 72 8 49 96 32 80 46 90 50 85 El mejor fue: 0
-14 43 42 31 65 46 61 49 72 8 49 96 32 80 46 90 40 85 Generación 57
arranca 
Jugando Partidos contra vecino 0
Resultado 13
46939.4
Yo soy: 
-14 43 42 31 65 46 61 49 72 8 49 96 32 80 46 90 40 85 El mejor fue: 0
-14 43 42 31 65 46 61 49 72 8 59 96 32 80 46 90 40 85 Generación 56
arranca 
Jugando Partidos contra vecino 0
Resultado 13
43850.5
Yo soy: 
-14 43 42 31 65 46 61 49 72 8 59 96 32 80 46 90 40 85 El mejor fue: 0
-14 43 42 31 65 46 61 49 72 8 59 96 32 90 46 90 40 85 Generación 55
arranca 
Jugando Partidos contra vecino 0
Resultado 15
53489.6
Yo soy: 
-14 43 42 31 65 46 61 49 72 8 59 96 32 90 46 90 40 85 El mejor fue: 0
-14 43 42 41 65 46 61 49 72 8 59 96 32 90 46 90 40 85 Generación 54
arranca 
Jugando Partidos contra vecino 0
Resultado 15
53993.7
Yo soy: 
-14 43 42 41 65 46 61 49 72 8 59 96 32 90 46 90 40 85 El mejor fue: 0
-14 43 42 41 65 46 61 49 72 8 59 96 32 90 56 90 40 85 Generación 53
arranca 
Jugando Partidos contra vecino 0
Resultado 15
54932.4
Yo soy: 
-14 43 42 41 65 46 61 49 72 8 59 96 32 90 56 90 40 85 El mejor fue: 0
-14 43 42 41 65 46 61 49 72 8 59 96 32 90 56 90 30 85 Generación 52
arranca 
Jugando Partidos contra vecino 0
Resultado 15
53262.8
Yo soy: 
-14 43 42 41 65 46 61 49 72 8 59 96 32 90 56 90 30 85 El mejor fue: 0
-14 43 42 41 65 46 61 49 72 8 59 96 32 90 56 90 30 75 Generación 51
arranca 
Jugando Partidos contra vecino 0
Resultado 13
48332.5
Yo soy: 
-14 43 42 41 65 46 61 49 72 8 59 96 32 90 56 90 30 75 El mejor fue: 0
-14 43 42 41 65 46 61 49 72 8 49 96 32 90 56 90 30 75 Generación 50
arranca 
Jugando Partidos contra vecino 0
Resultado 15
50700.6
Yo soy: 
-14 43 42 41 65 46 61 49 72 8 49 96 32 90 56 90 30 75 El mejor fue: 0
-14 43 42 41 65 46 61 49 72 8 49 96 32 90 56 90 40 75 Generación 49
arranca 
Jugando Partidos contra vecino 0
Resultado 15
56679.6
Yo soy: 
-14 43 42 41 65 46 61 49 72 8 49 96 32 90 56 90 40 75 El mejor fue: 0
-14 33 42 41 65 46 61 49 72 8 49 96 32 90 56 90 40 75 Generación 48
arranca 
Jugando Partidos contra vecino 0
Resultado 15
45923.6
Yo soy: 
-14 33 42 41 65 46 61 49 72 8 49 96 32 90 56 90 40 75 El mejor fue: 0
-14 33 42 41 65 46 61 49 72 8 49 96 42 90 56 90 40 75 Generación 47
arranca 
Jugando Partidos contra vecino 0
Resultado 15
51915.6
Yo soy: 
-14 33 42 41 65 46 61 49 72 8 49 96 42 90 56 90 40 75 El mejor fue: 0
-14 33 42 41 65 46 61 49 72 8 49 76 42 90 56 90 40 75 Generación 46
arranca 
Jugando Partidos contra vecino 0
Resultado 15
49737.7
Yo soy: 
-14 33 42 41 65 46 61 49 72 8 49 76 42 90 56 90 40 75 El mejor fue: 0
-14 33 42 41 65 46 61 49 72 8 49 76 32 90 56 90 40 75 Generación 45
arranca 
Jugando Partidos contra vecino 0
Resultado 13
39223.9
Yo soy: 
-14 33 42 41 65 46 61 49 72 8 49 76 32 90 56 90 40 75 El mejor fue: 0
-4 33 42 41 65 46 61 49 72 8 49 76 32 90 56 90 40 75 Generación 44
arranca 
Jugando Partidos contra vecino 0
Resultado 7
31706.7
Jugando Partidos contra vecino 1
Resultado 15
40667.5
Yo soy: 
-4 33 42 41 65 46 61 49 72 8 49 76 32 90 56 90 40 75 El mejor fue: 1
-4 33 42 41 65 46 61 49 72 8 39 76 32 90 56 90 40 75 Generación 43
arranca 
Jugando Partidos contra vecino 0
Resultado 11
38094.1
Yo soy: 
-4 33 42 41 65 46 61 49 72 8 39 76 32 90 56 90 40 75 El mejor fue: 0
-4 33 42 41 65 46 61 49 72 18 39 76 32 90 56 90 40 75 Generación 42
arranca 
Jugando Partidos contra vecino 0
Resultado 15
39991.4
Yo soy: 
-4 33 42 41 65 46 61 49 72 18 39 76 32 90 56 90 40 75 El mejor fue: 0
-4 33 42 41 65 46 61 59 72 18 39 76 32 90 56 90 40 75 Generación 41
arranca 
Jugando Partidos contra vecino 0
Resultado 15
47006
Yo soy: 
-4 33 42 41 65 46 61 59 72 18 39 76 32 90 56 90 40 75 El mejor fue: 0
-4 33 42 41 65 46 61 59 72 18 39 76 32 90 46 90 40 75 Generación 40
arranca 
Jugando Partidos contra vecino 0
Resultado 13
36159.8
Yo soy: 
-4 33 42 41 65 46 61 59 72 18 39 76 32 90 46 90 40 75 El mejor fue: 0
-4 33 42 41 65 46 61 59 72 18 39 76 32 70 46 90 40 75 Generación 39
arranca 
Jugando Partidos contra vecino 0
Resultado 13
47741.8
Yo soy: 
-4 33 42 41 65 46 61 59 72 18 39 76 32 70 46 90 40 75 El mejor fue: 0
-4 33 42 41 65 46 61 59 72 18 39 76 42 70 46 90 40 75 Generación 38
arranca 
Jugando Partidos contra vecino 0
Resultado 12
36875.1
Yo soy: 
-4 33 42 41 65 46 61 59 72 18 39 76 42 70 46 90 40 75 El mejor fue: 0
-4 33 42 41 65 46 61 59 72 18 39 76 42 70 56 90 40 75 Generación 37
arranca 
Jugando Partidos contra vecino 0
Resultado 15
48129
Yo soy: 
-4 33 42 41 65 46 61 59 72 18 39 76 42 70 56 90 40 75 El mejor fue: 0
-4 43 42 41 65 46 61 59 72 18 39 76 42 70 56 90 40 75 Generación 36
arranca 
Jugando Partidos contra vecino 0
Resultado 5
34016.1
Jugando Partidos contra vecino 1
Resultado 2
19521.8
Jugando Partidos contra vecino 2
Resultado 15
53437.6
Yo soy: 
-4 43 42 41 65 46 61 59 72 18 39 76 42 70 56 90 40 75 El mejor fue: 2
-4 43 42 31 65 46 61 59 72 18 39 76 42 70 56 90 40 75 Generación 35
arranca 
Jugando Partidos contra vecino 0
Resultado 15
48593.1
Yo soy: 
-4 43 42 31 65 46 61 59 72 18 39 76 42 70 56 90 40 75 El mejor fue: 0
-4 43 42 31 65 46 61 59 72 8 39 76 42 70 56 90 40 75 Generación 34
arranca 
Jugando Partidos contra vecino 0
Resultado 5
57588.5
Jugando Partidos contra vecino 1
Resultado 15
44521.8
Yo soy: 
-4 43 42 31 65 46 61 59 72 8 39 76 42 70 56 90 40 75 El mejor fue: 1
-4 43 42 31 65 46 61 69 72 8 39 76 42 70 56 90 40 75 Generación 33
arranca 
Jugando Partidos contra vecino 0
Resultado 13
42950.9
Yo soy: 
-4 43 42 31 65 46 61 69 72 8 39 76 42 70 56 90 40 75 El mejor fue: 0
-4 43 42 21 65 46 61 69 72 8 39 76 42 70 56 90 40 75 Generación 32
arranca 
Jugando Partidos contra vecino 0
Resultado 9
63743.8
Jugando Partidos contra vecino 1
Resultado 13
47364.4
Yo soy: 
-4 43 42 21 65 46 61 69 72 8 39 76 42 70 56 90 40 75 El mejor fue: 1
-4 43 42 11 65 46 61 69 72 8 39 76 42 70 56 90 40 75 Generación 31
arranca 
Jugando Partidos contra vecino 0
Resultado 5
28237.6
Jugando Partidos contra vecino 1
Resultado 5
48382.5
Jugando Partidos contra vecino 2
Resultado 7
30907.7
Jugando Partidos contra vecino 3
Resultado 15
54613.7
Yo soy: 
-4 43 42 11 65 46 61 69 72 8 39 76 42 70 56 90 40 75 El mejor fue: 3
-4 43 42 11 65 46 61 69 72 8 39 86 42 70 56 90 40 75 Generación 30
arranca 
Jugando Partidos contra vecino 0
Resultado 15
45311.6
Yo soy: 
-4 43 42 11 65 46 61 69 72 8 39 86 42 70 56 90 40 75 El mejor fue: 0
-4 43 42 1 65 46 61 69 72 8 39 86 42 70 56 90 40 75 Generación 29
arranca 
Jugando Partidos contra vecino 0
Resultado 11
57567.3
Yo soy: 
-4 43 42 1 65 46 61 69 72 8 39 86 42 70 56 90 40 75 El mejor fue: 0
-4 43 52 1 65 46 61 69 72 8 39 86 42 70 56 90 40 75 Generación 28
arranca 
Jugando Partidos contra vecino 0
Resultado 5
66752.3
Jugando Partidos contra vecino 1
Resultado 5
44517.3
Jugando Partidos contra vecino 2
Resultado 15
49409
Yo soy: 
-4 43 52 1 65 46 61 69 72 8 39 86 42 70 56 90 40 75 El mejor fue: 2
-4 43 52 1 65 46 61 69 72 8 39 86 42 80 56 90 40 75 Generación 27
arranca 
Jugando Partidos contra vecino 0
Resultado 11
29509.2
Yo soy: 
-4 43 52 1 65 46 61 69 72 8 39 86 42 80 56 90 40 75 El mejor fue: 0
-14 43 52 1 65 46 61 69 72 8 39 86 42 80 56 90 40 75 Generación 26
arranca 
Jugando Partidos contra vecino 0
Resultado 13
43587.8
Yo soy: 
-14 43 52 1 65 46 61 69 72 8 39 86 42 80 56 90 40 75 El mejor fue: 0
-14 43 52 1 65 46 71 69 72 8 39 86 42 80 56 90 40 75 Generación 25
arranca 
Jugando Partidos contra vecino 0
Resultado 11
57743.3
Yo soy: 
-14 43 52 1 65 46 71 69 72 8 39 86 42 80 56 90 40 75 El mejor fue: 0
-14 43 52 1 65 46 71 69 82 8 39 86 42 80 56 90 40 75 Generación 24
arranca 
Jugando Partidos contra vecino 0
Resultado 7
64845.8
Jugando Partidos contra vecino 1
Resultado 15
54104.7
Yo soy: 
-14 43 52 1 65 46 71 69 82 8 39 86 42 80 56 90 40 75 El mejor fue: 1
-14 43 52 1 65 46 71 69 82 8 29 86 42 80 56 90 40 75 Generación 23
arranca 
Jugando Partidos contra vecino 0
Resultado 11
61703.6
Yo soy: 
-14 43 52 1 65 46 71 69 82 8 29 86 42 80 56 90 40 75 El mejor fue: 0
-14 43 52 1 65 46 71 69 82 8 29 86 42 80 66 90 40 75 Generación 22
arranca 
Jugando Partidos contra vecino 0
Resultado 7
68502.7
Jugando Partidos contra vecino 1
Resultado 9
33992.8
Jugando Partidos contra vecino 2
Resultado 9
58398.5
Jugando Partidos contra vecino 3
Resultado 5
70980.8
Jugando Partidos contra vecino 4
Resultado 1
20593.6
Jugando Partidos contra vecino 5
Resultado 9
49354.8
Jugando Partidos contra vecino 6
Resultado 7
55790.8
Jugando Partidos contra vecino 7
Resultado 11
53531.9
Yo soy: 
-14 43 52 1 65 46 71 69 82 8 29 86 42 80 66 90 40 75 El mejor fue: 7
-14 43 52 1 65 46 61 69 82 8 29 86 42 80 66 90 40 75 Generación 21
arranca 
Jugando Partidos contra vecino 0
Resultado 15
40312.9
Yo soy: 
-14 43 52 1 65 46 61 69 82 8 29 86 42 80 66 90 40 75 El mejor fue: 0
-14 43 52 1 65 46 61 69 82 8 29 96 42 80 66 90 40 75 Generación 20
arranca 
Jugando Partidos contra vecino 0
Resultado 1
20648.1
Jugando Partidos contra vecino 1
Resultado 15
47817.8
Yo soy: 
-14 43 52 1 65 46 61 69 82 8 29 96 42 80 66 90 40 75 El mejor fue: 1
-4 43 52 1 65 46 61 69 82 8 29 96 42 80 66 90 40 75 Generación 19
arranca 
Jugando Partidos contra vecino 0
Resultado 15
48840.2
Yo soy: 
-4 43 52 1 65 46 61 69 82 8 29 96 42 80 66 90 40 75 El mejor fue: 0
-4 43 52 11 65 46 61 69 82 8 29 96 42 80 66 90 40 75 Generación 18
arranca 
Jugando Partidos contra vecino 0
Resultado 4
21555.6
Jugando Partidos contra vecino 1
Resultado 13
54750.4
Yo soy: 
-4 43 52 11 65 46 61 69 82 8 29 96 42 80 66 90 40 75 El mejor fue: 1
-4 43 52 11 65 46 61 69 72 8 29 96 42 80 66 90 40 75 Generación 17
arranca 
Jugando Partidos contra vecino 0
Resultado 15
57755.3
Yo soy: 
-4 43 52 11 65 46 61 69 72 8 29 96 42 80 66 90 40 75 El mejor fue: 0
-4 43 52 21 65 46 61 69 72 8 29 96 42 80 66 90 40 75 Generación 16
arranca 
Jugando Partidos contra vecino 0
Resultado 15
48190.4
Yo soy: 
-4 43 52 21 65 46 61 69 72 8 29 96 42 80 66 90 40 75 El mejor fue: 0
-4 43 52 21 65 46 61 69 72 8 29 96 42 80 66 90 50 75 Generación 15
arranca 
Jugando Partidos contra vecino 0
Resultado 15
56598.3
Yo soy: 
-4 43 52 21 65 46 61 69 72 8 29 96 42 80 66 90 50 75 El mejor fue: 0
-4 43 52 21 65 46 61 69 62 8 29 96 42 80 66 90 50 75 Generación 14
arranca 
Jugando Partidos contra vecino 0
Resultado 15
57369.2
Yo soy: 
-4 43 52 21 65 46 61 69 62 8 29 96 42 80 66 90 50 75 El mejor fue: 0
-4 43 52 21 65 46 61 69 62 -2 29 96 42 80 66 90 50 75 Generación 13
arranca 
Jugando Partidos contra vecino 0
Resultado 10
37211.1
Yo soy: 
-4 43 52 21 65 46 61 69 62 -2 29 96 42 80 66 90 50 75 El mejor fue: 0
-4 33 52 21 65 46 61 69 62 -2 29 96 42 80 66 90 50 75 Generación 12
arranca 
Jugando Partidos contra vecino 0
Resultado 13
50614
Yo soy: 
-4 33 52 21 65 46 61 69 62 -2 29 96 42 80 66 90 50 75 El mejor fue: 0
-4 33 52 21 65 46 61 69 62 -2 29 96 42 80 66 90 50 65 Generación 11
arranca 
Jugando Partidos contra vecino 0
Resultado 13
44211.4
Yo soy: 
-4 33 52 21 65 46 61 69 62 -2 29 96 42 80 66 90 50 65 El mejor fue: 0
-4 33 52 21 65 46 61 69 62 -2 39 96 42 80 66 90 50 65 Generación 10
arranca 
Jugando Partidos contra vecino 0
Resultado 3
19103.6
Jugando Partidos contra vecino 1
Resultado 13
41700.8
Yo soy: 
-4 33 52 21 65 46 61 69 62 -2 39 96 42 80 66 90 50 65 El mejor fue: 1
-4 33 52 21 65 46 51 69 62 -2 39 96 42 80 66 90 50 65 Generación 9
arranca 
Jugando Partidos contra vecino 0
Resultado 15
45567.1
Yo soy: 
-4 33 52 21 65 46 51 69 62 -2 39 96 42 80 66 90 50 65 El mejor fue: 0
-4 33 52 21 65 46 51 69 62 -2 39 96 42 80 56 90 50 65 Generación 8
arranca 
Jugando Partidos contra vecino 0
Resultado 15
46383.7
Yo soy: 
-4 33 52 21 65 46 51 69 62 -2 39 96 42 80 56 90 50 65 El mejor fue: 0
-4 33 52 21 65 46 51 69 62 -2 39 96 52 80 56 90 50 65 Generación 7
arranca 
Jugando Partidos contra vecino 0
Resultado 15
51721.5
Yo soy: 
-4 33 52 21 65 46 51 69 62 -2 39 96 52 80 56 90 50 65 El mejor fue: 0
-4 33 52 21 65 46 51 69 62 -2 39 96 52 80 46 90 50 65 Generación 6
arranca 
Jugando Partidos contra vecino 0
Resultado 15
44568.9
Yo soy: 
-4 33 52 21 65 46 51 69 62 -2 39 96 52 80 46 90 50 65 El mejor fue: 0
-4 23 52 21 65 46 51 69 62 -2 39 96 52 80 46 90 50 65 Generación 5
arranca 
Jugando Partidos contra vecino 0
Resultado 15
48755.3
Yo soy: 
-4 23 52 21 65 46 51 69 62 -2 39 96 52 80 46 90 50 65 El mejor fue: 0
-4 23 52 21 65 46 51 69 62 -2 39 86 52 80 46 90 50 65 Generación 4
arranca 
Jugando Partidos contra vecino 0
Resultado 15
54032.5
Yo soy: 
-4 23 52 21 65 46 51 69 62 -2 39 86 52 80 46 90 50 65 El mejor fue: 0
-4 23 52 21 65 46 51 59 62 -2 39 86 52 80 46 90 50 65 Generación 3
arranca 
Jugando Partidos contra vecino 0
Resultado 13
42297.1
Yo soy: 
-4 23 52 21 65 46 51 59 62 -2 39 86 52 80 46 90 50 65 El mejor fue: 0
-4 23 52 21 65 46 51 59 62 -2 39 86 52 90 46 90 50 65 Generación 2
arranca 
Jugando Partidos contra vecino 0
Resultado 15
53077.6
Yo soy: 
-4 23 52 21 65 46 51 59 62 -2 39 86 52 90 46 90 50 65 El mejor fue: 0
-4 23 52 21 65 36 51 59 62 -2 39 86 52 90 46 90 50 65 Generación 1
arranca 
Jugando Partidos contra vecino 0
Resultado 13
52396.7
Yo soy: 
-4 23 52 21 65 36 51 59 62 -2 39 86 52 90 46 90 50 65 El mejor fue: 0
-4 23 62 21 65 36 51 59 62 -2 39 86 52 90 46 90 50 65 Generación 0
1.20071e+07
