arranca 
Jugando Partidos contra vecino 0
Resultado 11
74693.8
Yo soy: 
14 89 13 22 0 52 10 31 63 89 94 55 27 94 11 El mejor fue: 0
14 89 13 22 0 52 10 31 63 94 94 55 27 94 11 Generación 59
arranca 
Jugando Partidos contra vecino 0
Resultado 11
89923.4
Yo soy: 
14 89 13 22 0 52 10 31 63 94 94 55 27 94 11 El mejor fue: 0
14 89 13 22 0 52 10 31 63 94 94 55 27 94 16 Generación 58
arranca 
Jugando Partidos contra vecino 0
Resultado 15
79835.2
Yo soy: 
14 89 13 22 0 52 10 31 63 94 94 55 27 94 16 El mejor fue: 0
14 89 13 22 0 52 10 36 63 94 94 55 27 94 16 Generación 57
arranca 
Jugando Partidos contra vecino 0
Resultado 11
86932
Yo soy: 
14 89 13 22 0 52 10 36 63 94 94 55 27 94 16 El mejor fue: 0
14 94 13 22 0 52 10 36 63 94 94 55 27 94 16 Generación 56
arranca 
Jugando Partidos contra vecino 0
Resultado 12
72967.6
Yo soy: 
14 94 13 22 0 52 10 36 63 94 94 55 27 94 16 El mejor fue: 0
14 94 13 22 5 52 10 36 63 94 94 55 27 94 16 Generación 55
arranca 
Jugando Partidos contra vecino 0
Resultado 11
70189.5
Yo soy: 
14 94 13 22 5 52 10 36 63 94 94 55 27 94 16 El mejor fue: 0
14 94 13 22 5 52 15 36 63 94 94 55 27 94 16 Generación 54
arranca 
Jugando Partidos contra vecino 0
Resultado 11
70445.3
Yo soy: 
14 94 13 22 5 52 15 36 63 94 94 55 27 94 16 El mejor fue: 0
14 94 13 22 10 52 15 36 63 94 94 55 27 94 16 Generación 53
arranca 
Jugando Partidos contra vecino 0
Resultado 11
83351.8
Yo soy: 
14 94 13 22 10 52 15 36 63 94 94 55 27 94 16 El mejor fue: 0
14 99 13 22 10 52 15 36 63 94 94 55 27 94 16 Generación 52
arranca 
Jugando Partidos contra vecino 0
Resultado 6
84427.7
Jugando Partidos contra vecino 1
Resultado 2
48859.4
Jugando Partidos contra vecino 2
Resultado 5
52548.4
Jugando Partidos contra vecino 3
Resultado 9
70524.1
Jugando Partidos contra vecino 4
Resultado 7
59697.4
Jugando Partidos contra vecino 5
Resultado 11
59931.4
Yo soy: 
14 99 13 22 10 52 15 36 63 94 94 55 27 94 16 El mejor fue: 5
14 99 13 22 10 57 15 36 63 94 94 55 27 94 16 Generación 51
arranca 
Jugando Partidos contra vecino 0
Resultado 9
61117.3
Jugando Partidos contra vecino 1
Resultado 13
68278.4
Yo soy: 
14 99 13 22 10 57 15 36 63 94 94 55 27 94 16 El mejor fue: 1
14 94 13 22 10 57 15 36 63 94 94 55 27 94 16 Generación 50
arranca 
Jugando Partidos contra vecino 0
Resultado 12
56947.5
Yo soy: 
14 94 13 22 10 57 15 36 63 94 94 55 27 94 16 El mejor fue: 0
14 94 13 22 10 57 15 36 63 94 94 55 27 94 11 Generación 49
arranca 
Jugando Partidos contra vecino 0
Resultado 10
60673.9
Yo soy: 
14 94 13 22 10 57 15 36 63 94 94 55 27 94 11 El mejor fue: 0
14 94 13 22 10 57 15 36 63 94 94 55 27 89 11 Generación 48
arranca 
Jugando Partidos contra vecino 0
Resultado 11
63599.2
Yo soy: 
14 94 13 22 10 57 15 36 63 94 94 55 27 89 11 El mejor fue: 0
14 94 13 22 10 57 15 36 63 89 94 55 27 89 11 Generación 47
arranca 
Jugando Partidos contra vecino 0
Resultado 7
44670.2
Jugando Partidos contra vecino 1
Resultado 11
60853.5
Yo soy: 
14 94 13 22 10 57 15 36 63 89 94 55 27 89 11 El mejor fue: 1
14 94 13 17 10 57 15 36 63 89 94 55 27 89 11 Generación 46
arranca 
Jugando Partidos contra vecino 0
Resultado 7
43905.2
Jugando Partidos contra vecino 1
Resultado 13
61278.8
Yo soy: 
14 94 13 17 10 57 15 36 63 89 94 55 27 89 11 El mejor fue: 1
14 94 13 17 10 57 20 36 63 89 94 55 27 89 11 Generación 45
arranca 
Jugando Partidos contra vecino 0
Resultado 13
46909.8
Yo soy: 
14 94 13 17 10 57 20 36 63 89 94 55 27 89 11 El mejor fue: 0
14 94 13 17 10 57 20 36 63 89 94 55 27 84 11 Generación 44
arranca 
Jugando Partidos contra vecino 0
Resultado 10
48865.1
Yo soy: 
14 94 13 17 10 57 20 36 63 89 94 55 27 84 11 El mejor fue: 0
9 94 13 17 10 57 20 36 63 89 94 55 27 84 11 Generación 43
arranca 
Jugando Partidos contra vecino 0
Resultado 11
61114.1
Yo soy: 
9 94 13 17 10 57 20 36 63 89 94 55 27 84 11 El mejor fue: 0
14 94 13 17 10 57 20 36 63 89 94 55 27 84 11 Generación 42
arranca 
Jugando Partidos contra vecino 0
Resultado 11
69206.9
Yo soy: 
14 94 13 17 10 57 20 36 63 89 94 55 27 84 11 El mejor fue: 0
14 94 13 17 10 57 20 36 63 89 94 55 27 79 11 Generación 41
arranca 
Jugando Partidos contra vecino 0
Resultado 13
63320.6
Yo soy: 
14 94 13 17 10 57 20 36 63 89 94 55 27 79 11 El mejor fue: 0
14 94 13 17 5 57 20 36 63 89 94 55 27 79 11 Generación 40
arranca 
Jugando Partidos contra vecino 0
Resultado 11
60632.7
Yo soy: 
14 94 13 17 5 57 20 36 63 89 94 55 27 79 11 El mejor fue: 0
14 89 13 17 5 57 20 36 63 89 94 55 27 79 11 Generación 39
arranca 
Jugando Partidos contra vecino 0
Resultado 9
73042.5
Jugando Partidos contra vecino 1
Resultado 8
52038.5
Jugando Partidos contra vecino 2
Resultado 13
54808.3
Yo soy: 
14 89 13 17 5 57 20 36 63 89 94 55 27 79 11 El mejor fue: 2
14 89 13 17 5 57 15 36 63 89 94 55 27 79 11 Generación 38
arranca 
Jugando Partidos contra vecino 0
Resultado 8
57720.2
Jugando Partidos contra vecino 1
Resultado 9
82836.6
Jugando Partidos contra vecino 2
Resultado 7
65110.2
Jugando Partidos contra vecino 3
Resultado 13
71782.7
Yo soy: 
14 89 13 17 5 57 15 36 63 89 94 55 27 79 11 El mejor fue: 3
14 89 13 17 5 57 15 36 63 89 94 55 32 79 11 Generación 37
arranca 
Jugando Partidos contra vecino 0
Resultado 8
60469.6
Jugando Partidos contra vecino 1
Resultado 15
64622.4
Yo soy: 
14 89 13 17 5 57 15 36 63 89 94 55 32 79 11 El mejor fue: 1
14 89 18 17 5 57 15 36 63 89 94 55 32 79 11 Generación 36
arranca 
Jugando Partidos contra vecino 0
Resultado 9
71865
Jugando Partidos contra vecino 1
Resultado 11
58708.8
Yo soy: 
14 89 18 17 5 57 15 36 63 89 94 55 32 79 11 El mejor fue: 1
14 89 18 17 5 62 15 36 63 89 94 55 32 79 11 Generación 35
arranca 
Jugando Partidos contra vecino 0
Resultado 13
67566.5
Yo soy: 
14 89 18 17 5 62 15 36 63 89 94 55 32 79 11 El mejor fue: 0
14 89 18 17 5 62 15 36 63 94 94 55 32 79 11 Generación 34
arranca 
Jugando Partidos contra vecino 0
Resultado 11
81256.3
Yo soy: 
14 89 18 17 5 62 15 36 63 94 94 55 32 79 11 El mejor fue: 0
9 89 18 17 5 62 15 36 63 94 94 55 32 79 11 Generación 33
arranca 
Jugando Partidos contra vecino 0
Resultado 10
76726.2
Yo soy: 
9 89 18 17 5 62 15 36 63 94 94 55 32 79 11 El mejor fue: 0
9 89 18 17 5 62 15 36 68 94 94 55 32 79 11 Generación 32
arranca 
Jugando Partidos contra vecino 0
Resultado 12
78159.6
Yo soy: 
9 89 18 17 5 62 15 36 68 94 94 55 32 79 11 El mejor fue: 0
9 89 18 17 5 62 15 36 68 99 94 55 32 79 11 Generación 31
arranca 
Jugando Partidos contra vecino 0
Resultado 13
83784.9
Yo soy: 
9 89 18 17 5 62 15 36 68 99 94 55 32 79 11 El mejor fue: 0
9 89 18 17 5 62 15 36 68 99 94 55 37 79 11 Generación 30
arranca 
Jugando Partidos contra vecino 0
Resultado 6
68042.5
Jugando Partidos contra vecino 1
Resultado 9
71519.5
Jugando Partidos contra vecino 2
Resultado 7
73316.2
Jugando Partidos contra vecino 3
Resultado 11
83755.2
Yo soy: 
9 89 18 17 5 62 15 36 68 99 94 55 37 79 11 El mejor fue: 3
9 89 18 17 5 62 15 41 68 99 94 55 37 79 11 Generación 29
arranca 
Jugando Partidos contra vecino 0
Resultado 9
69955.1
Jugando Partidos contra vecino 1
Resultado 13
80782.5
Yo soy: 
9 89 18 17 5 62 15 41 68 99 94 55 37 79 11 El mejor fue: 1
9 89 18 17 5 62 15 41 68 99 94 55 37 84 11 Generación 28
arranca 
Jugando Partidos contra vecino 0
Resultado 13
82223.2
Yo soy: 
9 89 18 17 5 62 15 41 68 99 94 55 37 84 11 El mejor fue: 0
9 89 18 17 5 62 15 41 68 99 89 55 37 84 11 Generación 27
arranca 
Jugando Partidos contra vecino 0
Resultado 13
81926.5
Yo soy: 
9 89 18 17 5 62 15 41 68 99 89 55 37 84 11 El mejor fue: 0
9 89 18 17 5 62 15 41 68 99 89 50 37 84 11 Generación 26
arranca 
Jugando Partidos contra vecino 0
Resultado 2
32467.7
Jugando Partidos contra vecino 1
Resultado 8
70421.7
Jugando Partidos contra vecino 2
Resultado 13
76904.6
Yo soy: 
9 89 18 17 5 62 15 41 68 99 89 50 37 84 11 El mejor fue: 2
9 89 18 17 5 57 15 41 68 99 89 50 37 84 11 Generación 25
arranca 
Jugando Partidos contra vecino 0
Resultado 11
74875.1
Yo soy: 
9 89 18 17 5 57 15 41 68 99 89 50 37 84 11 El mejor fue: 0
9 89 18 17 5 57 15 41 68 99 89 50 37 84 6 Generación 24
arranca 
Jugando Partidos contra vecino 0
Resultado 11
53974
Yo soy: 
9 89 18 17 5 57 15 41 68 99 89 50 37 84 6 El mejor fue: 0
14 89 18 17 5 57 15 41 68 99 89 50 37 84 6 Generación 23
arranca 
Jugando Partidos contra vecino 0
Resultado 15
48258.1
Yo soy: 
14 89 18 17 5 57 15 41 68 99 89 50 37 84 6 El mejor fue: 0
19 89 18 17 5 57 15 41 68 99 89 50 37 84 6 Generación 22
arranca 
Jugando Partidos contra vecino 0
Resultado 11
51607.8
Yo soy: 
19 89 18 17 5 57 15 41 68 99 89 50 37 84 6 El mejor fue: 0
19 89 18 17 5 57 15 41 68 99 94 50 37 84 6 Generación 21
arranca 
Jugando Partidos contra vecino 0
Resultado 13
47099.3
Yo soy: 
19 89 18 17 5 57 15 41 68 99 94 50 37 84 6 El mejor fue: 0
19 89 18 17 5 57 15 41 68 99 94 50 37 79 6 Generación 20
arranca 
Jugando Partidos contra vecino 0
Resultado 8
55848.4
Jugando Partidos contra vecino 1
Resultado 8
52389.5
Jugando Partidos contra vecino 2
Resultado 11
52687.1
Yo soy: 
19 89 18 17 5 57 15 41 68 99 94 50 37 79 6 El mejor fue: 2
19 89 18 17 5 57 15 41 68 99 99 50 37 79 6 Generación 19
arranca 
Jugando Partidos contra vecino 0
Resultado 11
53067.2
Yo soy: 
19 89 18 17 5 57 15 41 68 99 99 50 37 79 6 El mejor fue: 0
24 89 18 17 5 57 15 41 68 99 99 50 37 79 6 Generación 18
arranca 
Jugando Partidos contra vecino 0
Resultado 0
33186.4
Jugando Partidos contra vecino 1
Resultado 11
58130.7
Yo soy: 
24 89 18 17 5 57 15 41 68 99 99 50 37 79 6 El mejor fue: 1
24 89 18 17 5 57 10 41 68 99 99 50 37 79 6 Generación 17
arranca 
Jugando Partidos contra vecino 0
Resultado 11
56085.9
Yo soy: 
24 89 18 17 5 57 10 41 68 99 99 50 37 79 6 El mejor fue: 0
24 94 18 17 5 57 10 41 68 99 99 50 37 79 6 Generación 16
arranca 
Jugando Partidos contra vecino 0
Resultado 2
56458.6
Jugando Partidos contra vecino 1
Resultado 7
68411.8
Jugando Partidos contra vecino 2
Resultado 11
65268.1
Yo soy: 
24 94 18 17 5 57 10 41 68 99 99 50 37 79 6 El mejor fue: 2
24 94 18 17 5 57 10 41 68 99 99 45 37 79 6 Generación 15
arranca 
Jugando Partidos contra vecino 0
Resultado 15
52010
Yo soy: 
24 94 18 17 5 57 10 41 68 99 99 45 37 79 6 El mejor fue: 0
24 94 18 17 5 57 10 41 68 89 99 45 37 79 6 Generación 14
arranca 
Jugando Partidos contra vecino 0
Resultado 11
59090.8
Yo soy: 
24 94 18 17 5 57 10 41 68 89 99 45 37 79 6 El mejor fue: 0
24 94 18 17 5 57 5 41 68 89 99 45 37 79 6 Generación 13
arranca 
Jugando Partidos contra vecino 0
Resultado 13
61465.7
Yo soy: 
24 94 18 17 5 57 5 41 68 89 99 45 37 79 6 El mejor fue: 0
24 94 18 17 10 57 5 41 68 89 99 45 37 79 6 Generación 12
arranca 
Jugando Partidos contra vecino 0
Resultado 13
54769.6
Yo soy: 
24 94 18 17 10 57 5 41 68 89 99 45 37 79 6 El mejor fue: 0
24 94 18 17 10 57 5 46 68 89 99 45 37 79 6 Generación 11
arranca 
Jugando Partidos contra vecino 0
Resultado 11
60460
Yo soy: 
24 94 18 17 10 57 5 46 68 89 99 45 37 79 6 El mejor fue: 0
19 94 18 17 10 57 5 46 68 89 99 45 37 79 6 Generación 10
arranca 
Jugando Partidos contra vecino 0
Resultado 13
64021
Yo soy: 
19 94 18 17 10 57 5 46 68 89 99 45 37 79 6 El mejor fue: 0
24 94 18 17 10 57 5 46 68 89 99 45 37 79 6 Generación 9
arranca 
Jugando Partidos contra vecino 0
Resultado 15
51583
Yo soy: 
24 94 18 17 10 57 5 46 68 89 99 45 37 79 6 El mejor fue: 0
24 94 18 17 10 57 5 46 68 89 99 45 37 79 1 Generación 8
arranca 
Jugando Partidos contra vecino 0
Resultado 13
55639.3
Yo soy: 
24 94 18 17 10 57 5 46 68 89 99 45 37 79 1 El mejor fue: 0
24 94 18 17 10 57 5 46 68 94 99 45 37 79 1 Generación 7
arranca 
Jugando Partidos contra vecino 0
Resultado 13
66163.2
Yo soy: 
24 94 18 17 10 57 5 46 68 94 99 45 37 79 1 El mejor fue: 0
24 94 18 17 10 57 5 46 68 94 89 45 37 79 1 Generación 6
arranca 
Jugando Partidos contra vecino 0
Resultado 13
56852.8
Yo soy: 
24 94 18 17 10 57 5 46 68 94 89 45 37 79 1 El mejor fue: 0
24 94 23 17 10 57 5 46 68 94 89 45 37 79 1 Generación 5
arranca 
Jugando Partidos contra vecino 0
Resultado 11
54907.9
Yo soy: 
24 94 23 17 10 57 5 46 68 94 89 45 37 79 1 El mejor fue: 0
24 94 23 17 10 57 5 46 68 94 89 40 37 79 1 Generación 4
arranca 
Jugando Partidos contra vecino 0
Resultado 7
74563.8
Jugando Partidos contra vecino 1
Resultado 4
55561.8
Jugando Partidos contra vecino 2
Resultado 9
64463.6
Jugando Partidos contra vecino 3
Resultado 5
65395.9
Jugando Partidos contra vecino 4
Resultado 9
59562.6
Jugando Partidos contra vecino 5
Resultado 10
48905.6
Yo soy: 
24 94 23 17 10 57 5 46 68 94 89 40 37 79 1 El mejor fue: 5
24 94 23 17 10 62 5 46 68 94 89 40 37 79 1 Generación 3
arranca 
Jugando Partidos contra vecino 0
Resultado 13
56319.8
Yo soy: 
24 94 23 17 10 62 5 46 68 94 89 40 37 79 1 El mejor fue: 0
24 94 23 17 10 62 5 46 68 89 89 40 37 79 1 Generación 2
arranca 
Jugando Partidos contra vecino 0
Resultado 10
53977.9
Yo soy: 
24 94 23 17 10 62 5 46 68 89 89 40 37 79 1 El mejor fue: 0
24 94 18 17 10 62 5 46 68 89 89 40 37 79 1 Generación 1
arranca 
Jugando Partidos contra vecino 0
Resultado 11
53676.1
Yo soy: 
24 94 18 17 10 62 5 46 68 89 89 40 37 79 1 El mejor fue: 0
24 94 18 17 10 62 5 46 68 94 89 40 37 79 1 Generación 0
5.76426e+06
