arranca 
Jugando Partidos contra vecino 0
Resultado 5
45113.8
Jugando Partidos contra vecino 1
Resultado 5
51627.5
Jugando Partidos contra vecino 2
Resultado 7
45102.8
Jugando Partidos contra vecino 3
Resultado 5
46176.6
Jugando Partidos contra vecino 4
Resultado 5
44384.5
Jugando Partidos contra vecino 5
Resultado 5
44585.5
Jugando Partidos contra vecino 6
Resultado 5
45929.2
Jugando Partidos contra vecino 7
Resultado 5
46260.6
Jugando Partidos contra vecino 8
Resultado 5
51050.2
Jugando Partidos contra vecino 9
Resultado 7
36736.8
Jugando Partidos contra vecino 10
Resultado 5
48325.3
Jugando Partidos contra vecino 11
Resultado 5
48595.1
Jugando Partidos contra vecino 12
Resultado 5
48729.1
Jugando Partidos contra vecino 13
Resultado 5
37542.6
Jugando Partidos contra vecino 14
Resultado 5
52419
Jugando Partidos contra vecino 15
Resultado 5
45102.3
Jugando Partidos contra vecino 16
Resultado 5
37757.7
Jugando Partidos contra vecino 17
Resultado 5
43677.5
Jugando Partidos contra vecino 18
Resultado 5
55227.5
Jugando Partidos contra vecino 19
Resultado 5
51989.6
Jugando Partidos contra vecino 20
Resultado 5
47561
Jugando Partidos contra vecino 21
Resultado 5
52099.1
Jugando Partidos contra vecino 22
Resultado 5
56634.2
Jugando Partidos contra vecino 23
Resultado 5
51560.8
Jugando Partidos contra vecino 24
Resultado 5
54151.3
Jugando Partidos contra vecino 25
Resultado 5
49679.2
Jugando Partidos contra vecino 26
Resultado 5
48915.3
Jugando Partidos contra vecino 27
Resultado 7
46764
Jugando Partidos contra vecino 28
Resultado 5
52553
Jugando Partidos contra vecino 29
Resultado 5
46624.1
1.43288e+06
arranca 
Jugando Partidos contra vecino 0
