arranca 
Jugando Partidos contra vecino 0
Resultado 9
41136.1
Jugando Partidos contra vecino 1
Resultado 11
38549.2
Yo soy: 
29 92 22 54 39 33 90 47 56 28 10 93 63 97 47 El mejor fue: 1
29 92 22 54 39 33 90 47 56 28 10 93 63 97 37 Generación 99
arranca 
Jugando Partidos contra vecino 0
Resultado 6
32539.9
Jugando Partidos contra vecino 1
Resultado 8
29455.6
Jugando Partidos contra vecino 2
Resultado 10
32535.5
Yo soy: 
29 92 22 54 39 33 90 47 56 28 10 93 63 97 37 El mejor fue: 2
29 92 22 54 29 33 90 47 56 28 10 93 63 97 37 Generación 98
arranca 
Jugando Partidos contra vecino 0
Resultado 3
19700.5
Jugando Partidos contra vecino 1
Resultado 8
33274.1
Jugando Partidos contra vecino 2
Resultado 10
34952.5
Yo soy: 
29 92 22 54 29 33 90 47 56 28 10 93 63 97 37 El mejor fue: 2
29 92 22 54 29 33 90 47 46 28 10 93 63 97 37 Generación 97
arranca 
Jugando Partidos contra vecino 0
Resultado 7
30954
Jugando Partidos contra vecino 1
Resultado 8
30131.7
Jugando Partidos contra vecino 2
Resultado 13
43418
Yo soy: 
29 92 22 54 29 33 90 47 46 28 10 93 63 97 37 El mejor fue: 2
29 92 22 54 29 33 90 47 46 28 10 83 63 97 37 Generación 96
arranca 
Jugando Partidos contra vecino 0
Resultado 8
32674.7
Jugando Partidos contra vecino 1
Resultado 15
48311.1
Yo soy: 
29 92 22 54 29 33 90 47 46 28 10 83 63 97 37 El mejor fue: 1
29 92 22 54 29 33 90 47 46 28 10 83 73 97 37 Generación 95
arranca 
Jugando Partidos contra vecino 0
Resultado 13
42819.8
Yo soy: 
29 92 22 54 29 33 90 47 46 28 10 83 73 97 37 El mejor fue: 0
29 92 22 54 29 33 90 47 46 28 10 83 73 87 37 Generación 94
arranca 
Jugando Partidos contra vecino 0
Resultado 3
18812.4
Jugando Partidos contra vecino 1
Resultado 10
39630.8
Yo soy: 
29 92 22 54 29 33 90 47 46 28 10 83 73 87 37 El mejor fue: 1
29 92 22 64 29 33 90 47 46 28 10 83 73 87 37 Generación 93
arranca 
Jugando Partidos contra vecino 0
Resultado 12
50206.6
Yo soy: 
29 92 22 64 29 33 90 47 46 28 10 83 73 87 37 El mejor fue: 0
29 92 22 64 29 33 90 37 46 28 10 83 73 87 37 Generación 92
arranca 
Jugando Partidos contra vecino 0
Resultado 9
40598.5
Jugando Partidos contra vecino 1
Resultado 6
25522.3
Jugando Partidos contra vecino 2
Resultado 6
27670
Jugando Partidos contra vecino 3
Resultado 9
34162.5
Jugando Partidos contra vecino 4
Resultado 9
39936
Jugando Partidos contra vecino 5
Resultado 3
19154.6
Jugando Partidos contra vecino 6
Resultado 12
48449.9
Yo soy: 
29 92 22 64 29 33 90 37 46 28 10 83 73 87 37 El mejor fue: 6
19 92 22 64 29 33 90 37 46 28 10 83 73 87 37 Generación 91
arranca 
Jugando Partidos contra vecino 0
Resultado 2
19210
Jugando Partidos contra vecino 1
Resultado 13
40807.9
Yo soy: 
19 92 22 64 29 33 90 37 46 28 10 83 73 87 37 El mejor fue: 1
19 92 22 64 19 33 90 37 46 28 10 83 73 87 37 Generación 90
arranca 
Jugando Partidos contra vecino 0
Resultado 13
44008.9
Yo soy: 
19 92 22 64 19 33 90 37 46 28 10 83 73 87 37 El mejor fue: 0
19 92 22 64 19 23 90 37 46 28 10 83 73 87 37 Generación 89
arranca 
Jugando Partidos contra vecino 0
Resultado 13
49494.4
Yo soy: 
19 92 22 64 19 23 90 37 46 28 10 83 73 87 37 El mejor fue: 0
19 92 22 64 19 23 90 37 46 28 10 83 83 87 37 Generación 88
arranca 
Jugando Partidos contra vecino 0
Resultado 10
45208.1
Yo soy: 
19 92 22 64 19 23 90 37 46 28 10 83 83 87 37 El mejor fue: 0
19 92 22 64 19 23 90 37 46 28 0 83 83 87 37 Generación 87
arranca 
Jugando Partidos contra vecino 0
Resultado 4
26284.1
Jugando Partidos contra vecino 1
Resultado 8
37073.6
Jugando Partidos contra vecino 2
Resultado 4
26115.6
Jugando Partidos contra vecino 3
Resultado 13
50668.4
Yo soy: 
19 92 22 64 19 23 90 37 46 28 0 83 83 87 37 El mejor fue: 3
19 92 22 74 19 23 90 37 46 28 0 83 83 87 37 Generación 86
arranca 
Jugando Partidos contra vecino 0
Resultado 7
38327.9
Jugando Partidos contra vecino 1
Resultado 5
27579.6
Jugando Partidos contra vecino 2
Resultado 9
36595
Jugando Partidos contra vecino 3
Resultado 13
51074.9
Yo soy: 
19 92 22 74 19 23 90 37 46 28 0 83 83 87 37 El mejor fue: 3
29 92 22 74 19 23 90 37 46 28 0 83 83 87 37 Generación 85
arranca 
Jugando Partidos contra vecino 0
Resultado 10
40236.6
Yo soy: 
29 92 22 74 19 23 90 37 46 28 0 83 83 87 37 El mejor fue: 0
29 92 22 74 19 23 90 37 36 28 0 83 83 87 37 Generación 84
arranca 
Jugando Partidos contra vecino 0
Resultado 3
21982.7
Jugando Partidos contra vecino 1
Resultado 10
32518.7
Yo soy: 
29 92 22 74 19 23 90 37 36 28 0 83 83 87 37 El mejor fue: 1
29 92 22 74 19 23 90 37 46 28 0 83 83 87 37 Generación 83
arranca 
Jugando Partidos contra vecino 0
Resultado 4
27441.9
Jugando Partidos contra vecino 1
Resultado 6
26603.4
Jugando Partidos contra vecino 2
Resultado 6
34779.6
Jugando Partidos contra vecino 3
Resultado 12
44336
Yo soy: 
29 92 22 74 19 23 90 37 46 28 0 83 83 87 37 El mejor fue: 3
29 92 22 74 19 23 90 37 36 28 0 83 83 87 37 Generación 82
arranca 
Jugando Partidos contra vecino 0
Resultado 7
36667.9
Jugando Partidos contra vecino 1
Resultado 5
32847.6
Jugando Partidos contra vecino 2
Resultado 11
45789.3
Yo soy: 
29 92 22 74 19 23 90 37 36 28 0 83 83 87 37 El mejor fue: 2
29 92 22 74 19 23 90 37 36 28 0 83 93 87 37 Generación 81
arranca 
Jugando Partidos contra vecino 0
Resultado 13
40610
Yo soy: 
29 92 22 74 19 23 90 37 36 28 0 83 93 87 37 El mejor fue: 0
29 92 22 74 19 23 90 37 36 28 10 83 93 87 37 Generación 80
arranca 
Jugando Partidos contra vecino 0
Resultado 11
35716
Yo soy: 
29 92 22 74 19 23 90 37 36 28 10 83 93 87 37 El mejor fue: 0
19 92 22 74 19 23 90 37 36 28 10 83 93 87 37 Generación 79
arranca 
Jugando Partidos contra vecino 0
Resultado 15
45731.6
Yo soy: 
19 92 22 74 19 23 90 37 36 28 10 83 93 87 37 El mejor fue: 0
19 92 22 74 19 33 90 37 36 28 10 83 93 87 37 Generación 78
arranca 
Jugando Partidos contra vecino 0
Resultado 13
48472.3
Yo soy: 
19 92 22 74 19 33 90 37 36 28 10 83 93 87 37 El mejor fue: 0
19 92 22 74 19 23 90 37 36 28 10 83 93 87 37 Generación 77
arranca 
Jugando Partidos contra vecino 0
Resultado 15
46066.4
Yo soy: 
19 92 22 74 19 23 90 37 36 28 10 83 93 87 37 El mejor fue: 0
19 92 32 74 19 23 90 37 36 28 10 83 93 87 37 Generación 76
arranca 
Jugando Partidos contra vecino 0
Resultado 15
55433
Yo soy: 
19 92 32 74 19 23 90 37 36 28 10 83 93 87 37 El mejor fue: 0
19 92 32 74 9 23 90 37 36 28 10 83 93 87 37 Generación 75
arranca 
Jugando Partidos contra vecino 0
Resultado 11
50329.2
Yo soy: 
19 92 32 74 9 23 90 37 36 28 10 83 93 87 37 El mejor fue: 0
19 82 32 74 9 23 90 37 36 28 10 83 93 87 37 Generación 74
arranca 
Jugando Partidos contra vecino 0
Resultado 11
30856.8
Yo soy: 
19 82 32 74 9 23 90 37 36 28 10 83 93 87 37 El mejor fue: 0
19 82 32 74 9 23 80 37 36 28 10 83 93 87 37 Generación 73
arranca 
Jugando Partidos contra vecino 0
Resultado 13
49628.7
Yo soy: 
19 82 32 74 9 23 80 37 36 28 10 83 93 87 37 El mejor fue: 0
19 72 32 74 9 23 80 37 36 28 10 83 93 87 37 Generación 72
arranca 
Jugando Partidos contra vecino 0
Resultado 15
50422.3
Yo soy: 
19 72 32 74 9 23 80 37 36 28 10 83 93 87 37 El mejor fue: 0
9 72 32 74 9 23 80 37 36 28 10 83 93 87 37 Generación 71
arranca 
Jugando Partidos contra vecino 0
Resultado 11
33753.1
Yo soy: 
9 72 32 74 9 23 80 37 36 28 10 83 93 87 37 El mejor fue: 0
9 72 32 74 9 33 80 37 36 28 10 83 93 87 37 Generación 70
arranca 
Jugando Partidos contra vecino 0
Resultado 15
51294
Yo soy: 
9 72 32 74 9 33 80 37 36 28 10 83 93 87 37 El mejor fue: 0
9 72 32 74 9 33 80 37 36 28 10 83 93 87 47 Generación 69
arranca 
Jugando Partidos contra vecino 0
Resultado 11
36056.6
Yo soy: 
9 72 32 74 9 33 80 37 36 28 10 83 93 87 47 El mejor fue: 0
9 72 32 74 9 33 80 37 36 38 10 83 93 87 47 Generación 68
arranca 
Jugando Partidos contra vecino 0
Resultado 11
47096.2
Yo soy: 
9 72 32 74 9 33 80 37 36 38 10 83 93 87 47 El mejor fue: 0
9 72 32 74 9 33 70 37 36 38 10 83 93 87 47 Generación 67
arranca 
Jugando Partidos contra vecino 0
Resultado 5
19177.7
Jugando Partidos contra vecino 1
Resultado 11
38712.9
Yo soy: 
9 72 32 74 9 33 70 37 36 38 10 83 93 87 47 El mejor fue: 1
9 72 42 74 9 33 70 37 36 38 10 83 93 87 47 Generación 66
arranca 
Jugando Partidos contra vecino 0
Resultado 15
52986.4
Yo soy: 
9 72 42 74 9 33 70 37 36 38 10 83 93 87 47 El mejor fue: 0
9 82 42 74 9 33 70 37 36 38 10 83 93 87 47 Generación 65
arranca 
Jugando Partidos contra vecino 0
Resultado 15
53156.2
Yo soy: 
9 82 42 74 9 33 70 37 36 38 10 83 93 87 47 El mejor fue: 0
19 82 42 74 9 33 70 37 36 38 10 83 93 87 47 Generación 64
arranca 
Jugando Partidos contra vecino 0
Resultado 13
51092.2
Yo soy: 
19 82 42 74 9 33 70 37 36 38 10 83 93 87 47 El mejor fue: 0
19 82 42 74 9 33 70 37 36 38 10 83 93 87 57 Generación 63
arranca 
Jugando Partidos contra vecino 0
Resultado 11
41572.5
Yo soy: 
19 82 42 74 9 33 70 37 36 38 10 83 93 87 57 El mejor fue: 0
9 82 42 74 9 33 70 37 36 38 10 83 93 87 57 Generación 62
arranca 
Jugando Partidos contra vecino 0
Resultado 9
39987.6
Jugando Partidos contra vecino 1
Resultado 11
45430.5
Yo soy: 
9 82 42 74 9 33 70 37 36 38 10 83 93 87 57 El mejor fue: 1
9 82 42 74 9 33 60 37 36 38 10 83 93 87 57 Generación 61
arranca 
Jugando Partidos contra vecino 0
Resultado 7
31088.7
Jugando Partidos contra vecino 1
Resultado 15
48866.5
Yo soy: 
9 82 42 74 9 33 60 37 36 38 10 83 93 87 57 El mejor fue: 1
9 82 42 74 9 33 60 27 36 38 10 83 93 87 57 Generación 60
arranca 
Jugando Partidos contra vecino 0
Resultado 11
43574.5
Yo soy: 
9 82 42 74 9 33 60 27 36 38 10 83 93 87 57 El mejor fue: 0
9 82 42 74 9 33 60 27 36 38 10 83 93 77 57 Generación 59
arranca 
Jugando Partidos contra vecino 0
Resultado 11
46402.3
Yo soy: 
9 82 42 74 9 33 60 27 36 38 10 83 93 77 57 El mejor fue: 0
9 82 42 74 9 33 60 27 26 38 10 83 93 77 57 Generación 58
arranca 
Jugando Partidos contra vecino 0
Resultado 13
46016.9
Yo soy: 
9 82 42 74 9 33 60 27 26 38 10 83 93 77 57 El mejor fue: 0
9 82 42 74 9 23 60 27 26 38 10 83 93 77 57 Generación 57
arranca 
Jugando Partidos contra vecino 0
Resultado 9
45651.6
Jugando Partidos contra vecino 1
Resultado 15
49528.9
Yo soy: 
9 82 42 74 9 23 60 27 26 38 10 83 93 77 57 El mejor fue: 1
9 82 42 74 9 23 60 27 26 38 20 83 93 77 57 Generación 56
arranca 
Jugando Partidos contra vecino 0
Resultado 1
18065.5
Jugando Partidos contra vecino 1
Resultado 13
50874.6
Yo soy: 
9 82 42 74 9 23 60 27 26 38 20 83 93 77 57 El mejor fue: 1
9 92 42 74 9 23 60 27 26 38 20 83 93 77 57 Generación 55
arranca 
Jugando Partidos contra vecino 0
Resultado 13
44325.8
Yo soy: 
9 92 42 74 9 23 60 27 26 38 20 83 93 77 57 El mejor fue: 0
9 92 42 74 9 23 60 27 26 38 30 83 93 77 57 Generación 54
arranca 
Jugando Partidos contra vecino 0
Resultado 11
35612.6
Yo soy: 
9 92 42 74 9 23 60 27 26 38 30 83 93 77 57 El mejor fue: 0
9 92 42 74 9 23 70 27 26 38 30 83 93 77 57 Generación 53
arranca 
Jugando Partidos contra vecino 0
Resultado 11
35199.7
Yo soy: 
9 92 42 74 9 23 70 27 26 38 30 83 93 77 57 El mejor fue: 0
9 92 52 74 9 23 70 27 26 38 30 83 93 77 57 Generación 52
arranca 
Jugando Partidos contra vecino 0
Resultado 9
35396.3
Jugando Partidos contra vecino 1
Resultado 5
31553.3
Jugando Partidos contra vecino 2
Resultado 15
40278.4
Yo soy: 
9 92 52 74 9 23 70 27 26 38 30 83 93 77 57 El mejor fue: 2
9 92 52 74 9 23 70 27 26 38 20 83 93 77 57 Generación 51
arranca 
Jugando Partidos contra vecino 0
Resultado 15
50688.7
Yo soy: 
9 92 52 74 9 23 70 27 26 38 20 83 93 77 57 El mejor fue: 0
-1 92 52 74 9 23 70 27 26 38 20 83 93 77 57 Generación 50
arranca 
Jugando Partidos contra vecino 0
Resultado 11
33396.1
Yo soy: 
-1 92 52 74 9 23 70 27 26 38 20 83 93 77 57 El mejor fue: 0
-1 92 52 74 9 23 70 27 16 38 20 83 93 77 57 Generación 49
arranca 
Jugando Partidos contra vecino 0
Resultado 11
46908.6
Yo soy: 
-1 92 52 74 9 23 70 27 16 38 20 83 93 77 57 El mejor fue: 0
-1 92 52 64 9 23 70 27 16 38 20 83 93 77 57 Generación 48
arranca 
Jugando Partidos contra vecino 0
Resultado 11
48523.1
Yo soy: 
-1 92 52 64 9 23 70 27 16 38 20 83 93 77 57 El mejor fue: 0
-1 92 52 64 9 23 70 27 16 38 20 83 93 67 57 Generación 47
arranca 
Jugando Partidos contra vecino 0
Resultado 10
36837.7
Yo soy: 
-1 92 52 64 9 23 70 27 16 38 20 83 93 67 57 El mejor fue: 0
-1 92 52 64 9 23 60 27 16 38 20 83 93 67 57 Generación 46
arranca 
Jugando Partidos contra vecino 0
Resultado 15
60151.3
Yo soy: 
-1 92 52 64 9 23 60 27 16 38 20 83 93 67 57 El mejor fue: 0
-1 92 52 64 9 23 60 37 16 38 20 83 93 67 57 Generación 45
arranca 
Jugando Partidos contra vecino 0
Resultado 9
41540.4
Jugando Partidos contra vecino 1
Resultado 9
41717.5
Jugando Partidos contra vecino 2
Resultado 11
44394.5
Yo soy: 
-1 92 52 64 9 23 60 37 16 38 20 83 93 67 57 El mejor fue: 2
-1 92 52 64 9 33 60 37 16 38 20 83 93 67 57 Generación 44
arranca 
Jugando Partidos contra vecino 0
Resultado 13
51530.1
Yo soy: 
-1 92 52 64 9 33 60 37 16 38 20 83 93 67 57 El mejor fue: 0
-1 92 52 64 9 33 60 47 16 38 20 83 93 67 57 Generación 43
arranca 
Jugando Partidos contra vecino 0
Resultado 13
55840.9
Yo soy: 
-1 92 52 64 9 33 60 47 16 38 20 83 93 67 57 El mejor fue: 0
-1 92 52 64 9 33 60 47 26 38 20 83 93 67 57 Generación 42
arranca 
Jugando Partidos contra vecino 0
Resultado 8
37968.9
Jugando Partidos contra vecino 1
Resultado 9
41824.8
Jugando Partidos contra vecino 2
Resultado 7
31313.5
Jugando Partidos contra vecino 3
Resultado 13
49348.1
Yo soy: 
-1 92 52 64 9 33 60 47 26 38 20 83 93 67 57 El mejor fue: 3
-1 92 52 64 9 33 60 47 26 48 20 83 93 67 57 Generación 41
arranca 
Jugando Partidos contra vecino 0
Resultado 13
50191.8
Yo soy: 
-1 92 52 64 9 33 60 47 26 48 20 83 93 67 57 El mejor fue: 0
-1 92 52 64 19 33 60 47 26 48 20 83 93 67 57 Generación 40
arranca 
Jugando Partidos contra vecino 0
Resultado 15
48685.2
Yo soy: 
-1 92 52 64 19 33 60 47 26 48 20 83 93 67 57 El mejor fue: 0
-1 92 52 64 19 23 60 47 26 48 20 83 93 67 57 Generación 39
arranca 
Jugando Partidos contra vecino 0
Resultado 9
42674.6
Jugando Partidos contra vecino 1
Resultado 13
49057.1
Yo soy: 
-1 92 52 64 19 23 60 47 26 48 20 83 93 67 57 El mejor fue: 1
-1 92 52 64 19 23 50 47 26 48 20 83 93 67 57 Generación 38
arranca 
Jugando Partidos contra vecino 0
Resultado 2
18409.1
Jugando Partidos contra vecino 1
Resultado 15
44344.3
Yo soy: 
-1 92 52 64 19 23 50 47 26 48 20 83 93 67 57 El mejor fue: 1
-1 92 52 64 9 23 50 47 26 48 20 83 93 67 57 Generación 37
arranca 
Jugando Partidos contra vecino 0
Resultado 10
44694.6
Yo soy: 
-1 92 52 64 9 23 50 47 26 48 20 83 93 67 57 El mejor fue: 0
-1 92 52 64 9 23 60 47 26 48 20 83 93 67 57 Generación 36
arranca 
Jugando Partidos contra vecino 0
Resultado 9
40914.8
Jugando Partidos contra vecino 1
Resultado 12
57909.2
Yo soy: 
-1 92 52 64 9 23 60 47 26 48 20 83 93 67 57 El mejor fue: 1
-1 92 52 64 9 23 60 47 26 48 20 93 93 67 57 Generación 35
arranca 
Jugando Partidos contra vecino 0
Resultado 10
49307.6
Yo soy: 
-1 92 52 64 9 23 60 47 26 48 20 93 93 67 57 El mejor fue: 0
-1 92 52 64 9 23 50 47 26 48 20 93 93 67 57 Generación 34
arranca 
Jugando Partidos contra vecino 0
Resultado 15
56941.1
Yo soy: 
-1 92 52 64 9 23 50 47 26 48 20 93 93 67 57 El mejor fue: 0
-1 92 52 64 9 23 50 47 26 58 20 93 93 67 57 Generación 33
arranca 
Jugando Partidos contra vecino 0
Resultado 15
63303.7
Yo soy: 
-1 92 52 64 9 23 50 47 26 58 20 93 93 67 57 El mejor fue: 0
-1 92 52 64 9 23 50 47 26 58 30 93 93 67 57 Generación 32
arranca 
Jugando Partidos contra vecino 0
Resultado 13
54447.9
Yo soy: 
-1 92 52 64 9 23 50 47 26 58 30 93 93 67 57 El mejor fue: 0
-1 92 52 64 9 23 50 47 26 58 30 93 93 77 57 Generación 31
arranca 
Jugando Partidos contra vecino 0
Resultado 13
55666.2
Yo soy: 
-1 92 52 64 9 23 50 47 26 58 30 93 93 77 57 El mejor fue: 0
-1 92 52 64 19 23 50 47 26 58 30 93 93 77 57 Generación 30
arranca 
Jugando Partidos contra vecino 0
Resultado 11
54796.8
Yo soy: 
-1 92 52 64 19 23 50 47 26 58 30 93 93 77 57 El mejor fue: 0
-1 92 52 64 19 23 50 47 26 58 30 83 93 77 57 Generación 29
arranca 
Jugando Partidos contra vecino 0
Resultado 10
46515.6
Yo soy: 
-1 92 52 64 19 23 50 47 26 58 30 83 93 77 57 El mejor fue: 0
-1 92 52 64 19 23 50 47 26 58 30 83 93 77 67 Generación 28
arranca 
Jugando Partidos contra vecino 0
Resultado 15
65290.1
Yo soy: 
-1 92 52 64 19 23 50 47 26 58 30 83 93 77 67 El mejor fue: 0
-1 92 52 64 9 23 50 47 26 58 30 83 93 77 67 Generación 27
arranca 
Jugando Partidos contra vecino 0
Resultado 15
58044.9
Yo soy: 
-1 92 52 64 9 23 50 47 26 58 30 83 93 77 67 El mejor fue: 0
-1 92 52 64 9 23 50 47 26 58 30 83 93 87 67 Generación 26
arranca 
Jugando Partidos contra vecino 0
Resultado 9
37080.2
Jugando Partidos contra vecino 1
Resultado 9
40680.9
Jugando Partidos contra vecino 2
Resultado 15
52851
Yo soy: 
-1 92 52 64 9 23 50 47 26 58 30 83 93 87 67 El mejor fue: 2
-1 92 52 64 9 23 50 47 26 58 30 93 93 87 67 Generación 25
arranca 
Jugando Partidos contra vecino 0
Resultado 15
59598.9
Yo soy: 
-1 92 52 64 9 23 50 47 26 58 30 93 93 87 67 El mejor fue: 0
-1 92 52 64 9 23 50 47 26 68 30 93 93 87 67 Generación 24
arranca 
Jugando Partidos contra vecino 0
Resultado 13
55412.6
Yo soy: 
-1 92 52 64 9 23 50 47 26 68 30 93 93 87 67 El mejor fue: 0
-1 72 52 64 9 23 50 47 26 68 30 93 93 87 67 Generación 23
arranca 
Jugando Partidos contra vecino 0
Resultado 15
61038.9
Yo soy: 
-1 72 52 64 9 23 50 47 26 68 30 93 93 87 67 El mejor fue: 0
-1 72 52 64 9 23 50 47 26 68 40 93 93 87 67 Generación 22
arranca 
Jugando Partidos contra vecino 0
Resultado 9
39031.2
Jugando Partidos contra vecino 1
Resultado 15
60044.8
Yo soy: 
-1 72 52 64 9 23 50 47 26 68 40 93 93 87 67 El mejor fue: 1
-1 72 52 74 9 23 50 47 26 68 40 93 93 87 67 Generación 21
arranca 
Jugando Partidos contra vecino 0
Resultado 15
62649.1
Yo soy: 
-1 72 52 74 9 23 50 47 26 68 40 93 93 87 67 El mejor fue: 0
-1 72 52 74 -1 23 50 47 26 68 40 93 93 87 67 Generación 20
arranca 
Jugando Partidos contra vecino 0
Resultado 5
23611.2
Jugando Partidos contra vecino 1
Resultado 13
47663.7
Yo soy: 
-1 72 52 74 -1 23 50 47 26 68 40 93 93 87 67 El mejor fue: 1
-1 72 52 74 -1 33 50 47 26 68 40 93 93 87 67 Generación 19
arranca 
Jugando Partidos contra vecino 0
Resultado 11
47589.9
Yo soy: 
-1 72 52 74 -1 33 50 47 26 68 40 93 93 87 67 El mejor fue: 0
-1 72 52 74 9 33 50 47 26 68 40 93 93 87 67 Generación 18
arranca 
Jugando Partidos contra vecino 0
Resultado 13
52884.7
Yo soy: 
-1 72 52 74 9 33 50 47 26 68 40 93 93 87 67 El mejor fue: 0
-1 72 52 74 9 33 50 37 26 68 40 93 93 87 67 Generación 17
arranca 
Jugando Partidos contra vecino 0
Resultado 13
50708.2
Yo soy: 
-1 72 52 74 9 33 50 37 26 68 40 93 93 87 67 El mejor fue: 0
-1 72 52 74 9 23 50 37 26 68 40 93 93 87 67 Generación 16
arranca 
Jugando Partidos contra vecino 0
Resultado 13
58448.4
Yo soy: 
-1 72 52 74 9 23 50 37 26 68 40 93 93 87 67 El mejor fue: 0
9 72 52 74 9 23 50 37 26 68 40 93 93 87 67 Generación 15
arranca 
Jugando Partidos contra vecino 0
Resultado 15
58283.8
Yo soy: 
9 72 52 74 9 23 50 37 26 68 40 93 93 87 67 El mejor fue: 0
9 72 52 74 9 23 50 37 26 68 40 83 93 87 67 Generación 14
arranca 
Jugando Partidos contra vecino 0
Resultado 15
64975.1
Yo soy: 
9 72 52 74 9 23 50 37 26 68 40 83 93 87 67 El mejor fue: 0
9 72 52 74 9 23 50 37 26 68 40 83 93 87 77 Generación 13
arranca 
Jugando Partidos contra vecino 0
Resultado 2
16746.4
Jugando Partidos contra vecino 1
Resultado 15
63532.4
Yo soy: 
9 72 52 74 9 23 50 37 26 68 40 83 93 87 77 El mejor fue: 1
9 82 52 74 9 23 50 37 26 68 40 83 93 87 77 Generación 12
arranca 
Jugando Partidos contra vecino 0
Resultado 13
44091
Yo soy: 
9 82 52 74 9 23 50 37 26 68 40 83 93 87 77 El mejor fue: 0
9 92 52 74 9 23 50 37 26 68 40 83 93 87 77 Generación 11
arranca 
Jugando Partidos contra vecino 0
Resultado 2
19468.7
Jugando Partidos contra vecino 1
Resultado 9
33844.8
Jugando Partidos contra vecino 2
Resultado 11
52298.5
Yo soy: 
9 92 52 74 9 23 50 37 26 68 40 83 93 87 77 El mejor fue: 2
9 92 52 74 9 23 50 37 16 68 40 83 93 87 77 Generación 10
arranca 
Jugando Partidos contra vecino 0
Resultado 15
64254.6
Yo soy: 
9 92 52 74 9 23 50 37 16 68 40 83 93 87 77 El mejor fue: 0
9 92 52 74 9 33 50 37 16 68 40 83 93 87 77 Generación 9
arranca 
Jugando Partidos contra vecino 0
Resultado 9
38466
Jugando Partidos contra vecino 1
Resultado 13
53238.3
Yo soy: 
9 92 52 74 9 33 50 37 16 68 40 83 93 87 77 El mejor fue: 1
9 92 52 74 9 33 50 37 16 68 40 83 93 77 77 Generación 8
arranca 
Jugando Partidos contra vecino 0
Resultado 15
59964.6
Yo soy: 
9 92 52 74 9 33 50 37 16 68 40 83 93 77 77 El mejor fue: 0
9 92 52 74 9 33 50 37 16 58 40 83 93 77 77 Generación 7
arranca 
Jugando Partidos contra vecino 0
Resultado 11
35443.4
Yo soy: 
9 92 52 74 9 33 50 37 16 58 40 83 93 77 77 El mejor fue: 0
19 92 52 74 9 33 50 37 16 58 40 83 93 77 77 Generación 6
arranca 
Jugando Partidos contra vecino 0
Resultado 13
47634.1
Yo soy: 
19 92 52 74 9 33 50 37 16 58 40 83 93 77 77 El mejor fue: 0
29 92 52 74 9 33 50 37 16 58 40 83 93 77 77 Generación 5
arranca 
Jugando Partidos contra vecino 0
Resultado 13
48593.2
Yo soy: 
29 92 52 74 9 33 50 37 16 58 40 83 93 77 77 El mejor fue: 0
29 92 52 64 9 33 50 37 16 58 40 83 93 77 77 Generación 4
arranca 
Jugando Partidos contra vecino 0
Resultado 11
34572.1
Yo soy: 
29 92 52 64 9 33 50 37 16 58 40 83 93 77 77 El mejor fue: 0
29 92 52 64 9 33 50 37 26 58 40 83 93 77 77 Generación 3
arranca 
Jugando Partidos contra vecino 0
Resultado 15
57064.5
Yo soy: 
29 92 52 64 9 33 50 37 26 58 40 83 93 77 77 El mejor fue: 0
19 92 52 64 9 33 50 37 26 58 40 83 93 77 77 Generación 2
arranca 
Jugando Partidos contra vecino 0
Resultado 15
48494.3
Yo soy: 
19 92 52 64 9 33 50 37 26 58 40 83 93 77 77 El mejor fue: 0
19 92 52 64 9 33 50 37 26 58 40 93 93 77 77 Generación 1
arranca 
Jugando Partidos contra vecino 0
Resultado 13
56609.2
Yo soy: 
19 92 52 64 9 33 50 37 26 58 40 93 93 77 77 El mejor fue: 0
19 92 52 64 9 33 50 37 26 58 40 73 93 77 77 Generación 0
6.45632e+06
