arranca 
Jugando Partidos contra vecino 0
Resultado 15
94968.1
Yo soy: 
12 41 33 67 28 88 64 84 0 44 54 93 97 32 57 El mejor fue: 0
12 41 33 67 28 88 69 84 0 44 54 93 97 32 57 Generación 9
arranca 
Jugando Partidos contra vecino 0
Resultado 15
93932.3
Yo soy: 
12 41 33 67 28 88 69 84 0 44 54 93 97 32 57 El mejor fue: 0
12 41 33 67 28 88 69 84 0 49 54 93 97 32 57 Generación 8
arranca 
Jugando Partidos contra vecino 0
Resultado 15
97588.5
Yo soy: 
12 41 33 67 28 88 69 84 0 49 54 93 97 32 57 El mejor fue: 0
12 41 33 67 28 88 69 84 0 49 54 93 97 32 52 Generación 7
arranca 
Jugando Partidos contra vecino 0
Resultado 15
100592
Yo soy: 
12 41 33 67 28 88 69 84 0 49 54 93 97 32 52 El mejor fue: 0
7 41 33 67 28 88 69 84 0 49 54 93 97 32 52 Generación 6
arranca 
Jugando Partidos contra vecino 0
Resultado 15
100264
Yo soy: 
7 41 33 67 28 88 69 84 0 49 54 93 97 32 52 El mejor fue: 0
7 41 33 67 28 88 74 84 0 49 54 93 97 32 52 Generación 5
arranca 
Jugando Partidos contra vecino 0
Resultado 15
99314.3
Yo soy: 
7 41 33 67 28 88 74 84 0 49 54 93 97 32 52 El mejor fue: 0
7 36 33 67 28 88 74 84 0 49 54 93 97 32 52 Generación 4
arranca 
Jugando Partidos contra vecino 0
Resultado 15
100645
Yo soy: 
7 36 33 67 28 88 74 84 0 49 54 93 97 32 52 El mejor fue: 0
7 36 33 67 28 88 74 79 0 49 54 93 97 32 52 Generación 3
arranca 
Jugando Partidos contra vecino 0
Resultado 15
101234
Yo soy: 
7 36 33 67 28 88 74 79 0 49 54 93 97 32 52 El mejor fue: 0
7 36 33 67 28 83 74 79 0 49 54 93 97 32 52 Generación 2
arranca 
Jugando Partidos contra vecino 0
Resultado 15
97145.2
Yo soy: 
7 36 33 67 28 83 74 79 0 49 54 93 97 32 52 El mejor fue: 0
2 36 33 67 28 83 74 79 0 49 54 93 97 32 52 Generación 1
arranca 
Jugando Partidos contra vecino 0
Resultado 15
100857
Yo soy: 
2 36 33 67 28 83 74 79 0 49 54 93 97 32 52 El mejor fue: 0
2 36 33 67 28 83 74 79 0 49 59 93 97 32 52 Generación 0
986542
