arranca 
Jugando Partidos contra vecino 0
Resultado 15
83584.9
Yo soy: 
12 66 83 61 33 49 9 65 72 42 51 49 75 35 31 El mejor fue: 0
12 66 83 61 33 49 9 65 67 42 51 49 75 35 31 Generación 59
arranca 
Jugando Partidos contra vecino 0
Resultado 15
76989
Yo soy: 
12 66 83 61 33 49 9 65 67 42 51 49 75 35 31 El mejor fue: 0
12 66 83 61 33 49 9 65 67 42 51 49 75 30 31 Generación 58
arranca 
Jugando Partidos contra vecino 0
Resultado 15
114171
Yo soy: 
12 66 83 61 33 49 9 65 67 42 51 49 75 30 31 El mejor fue: 0
12 66 83 61 33 49 9 65 67 42 51 49 75 25 31 Generación 57
arranca 
Jugando Partidos contra vecino 0
Resultado 15
123453
Yo soy: 
12 66 83 61 33 49 9 65 67 42 51 49 75 25 31 El mejor fue: 0
12 66 78 61 33 49 9 65 67 42 51 49 75 25 31 Generación 56
arranca 
Jugando Partidos contra vecino 0
Resultado 15
122637
Yo soy: 
12 66 78 61 33 49 9 65 67 42 51 49 75 25 31 El mejor fue: 0
12 66 78 61 33 44 9 65 67 42 51 49 75 25 31 Generación 55
arranca 
Jugando Partidos contra vecino 0
Resultado 15
143156
Yo soy: 
12 66 78 61 33 44 9 65 67 42 51 49 75 25 31 El mejor fue: 0
12 66 78 61 33 44 9 65 67 42 51 49 75 25 26 Generación 54
arranca 
Jugando Partidos contra vecino 0
Resultado 15
124126
Yo soy: 
12 66 78 61 33 44 9 65 67 42 51 49 75 25 26 El mejor fue: 0
12 66 78 66 33 44 9 65 67 42 51 49 75 25 26 Generación 53
arranca 
Jugando Partidos contra vecino 0
Resultado 15
100283
Yo soy: 
12 66 78 66 33 44 9 65 67 42 51 49 75 25 26 El mejor fue: 0
12 66 78 66 33 44 9 65 72 42 51 49 75 25 26 Generación 52
arranca 
Jugando Partidos contra vecino 0
Resultado 15
99627.3
Yo soy: 
12 66 78 66 33 44 9 65 72 42 51 49 75 25 26 El mejor fue: 0
12 66 78 61 33 44 9 65 72 42 51 49 75 25 26 Generación 51
arranca 
Jugando Partidos contra vecino 0
Resultado 15
110600
Yo soy: 
12 66 78 61 33 44 9 65 72 42 51 49 75 25 26 El mejor fue: 0
12 66 78 61 33 44 9 65 72 37 51 49 75 25 26 Generación 50
arranca 
Jugando Partidos contra vecino 0
Resultado 15
108769
Yo soy: 
12 66 78 61 33 44 9 65 72 37 51 49 75 25 26 El mejor fue: 0
12 66 78 61 33 49 9 65 72 37 51 49 75 25 26 Generación 49
arranca 
Jugando Partidos contra vecino 0
Resultado 15
107798
Yo soy: 
12 66 78 61 33 49 9 65 72 37 51 49 75 25 26 El mejor fue: 0
12 66 78 61 28 49 9 65 72 37 51 49 75 25 26 Generación 48
arranca 
Jugando Partidos contra vecino 0
Resultado 15
114127
Yo soy: 
12 66 78 61 28 49 9 65 72 37 51 49 75 25 26 El mejor fue: 0
12 66 78 61 28 49 9 65 72 37 56 49 75 25 26 Generación 47
arranca 
Jugando Partidos contra vecino 0
Resultado 15
116189
Yo soy: 
12 66 78 61 28 49 9 65 72 37 56 49 75 25 26 El mejor fue: 0
12 66 78 66 28 49 9 65 72 37 56 49 75 25 26 Generación 46
arranca 
Jugando Partidos contra vecino 0
Resultado 15
97800
Yo soy: 
12 66 78 66 28 49 9 65 72 37 56 49 75 25 26 El mejor fue: 0
7 66 78 66 28 49 9 65 72 37 56 49 75 25 26 Generación 45
arranca 
Jugando Partidos contra vecino 0
Resultado 15
114859
Yo soy: 
7 66 78 66 28 49 9 65 72 37 56 49 75 25 26 El mejor fue: 0
7 66 78 66 28 49 9 65 72 37 56 49 75 30 26 Generación 44
arranca 
Jugando Partidos contra vecino 0
Resultado 15
109614
Yo soy: 
7 66 78 66 28 49 9 65 72 37 56 49 75 30 26 El mejor fue: 0
7 66 83 66 28 49 9 65 72 37 56 49 75 30 26 Generación 43
arranca 
Jugando Partidos contra vecino 0
Resultado 15
113899
Yo soy: 
7 66 83 66 28 49 9 65 72 37 56 49 75 30 26 El mejor fue: 0
7 66 83 66 28 49 9 65 72 42 56 49 75 30 26 Generación 42
arranca 
Jugando Partidos contra vecino 0
Resultado 15
105680
Yo soy: 
7 66 83 66 28 49 9 65 72 42 56 49 75 30 26 El mejor fue: 0
7 66 83 66 28 49 9 65 72 47 56 49 75 30 26 Generación 41
arranca 
Jugando Partidos contra vecino 0
Resultado 15
99659.2
Yo soy: 
7 66 83 66 28 49 9 65 72 47 56 49 75 30 26 El mejor fue: 0
7 71 83 66 28 49 9 65 72 47 56 49 75 30 26 Generación 40
arranca 
Jugando Partidos contra vecino 0
Resultado 15
100108
Yo soy: 
7 71 83 66 28 49 9 65 72 47 56 49 75 30 26 El mejor fue: 0
7 71 83 66 28 49 9 65 77 47 56 49 75 30 26 Generación 39
arranca 
Jugando Partidos contra vecino 0
Resultado 15
110917
Yo soy: 
7 71 83 66 28 49 9 65 77 47 56 49 75 30 26 El mejor fue: 0
7 71 78 66 28 49 9 65 77 47 56 49 75 30 26 Generación 38
arranca 
Jugando Partidos contra vecino 0
Resultado 15
118451
Yo soy: 
7 71 78 66 28 49 9 65 77 47 56 49 75 30 26 El mejor fue: 0
7 71 78 66 28 49 9 65 77 47 56 49 75 30 21 Generación 37
arranca 
Jugando Partidos contra vecino 0
Resultado 15
113680
Yo soy: 
7 71 78 66 28 49 9 65 77 47 56 49 75 30 21 El mejor fue: 0
7 71 78 66 28 49 9 65 77 47 56 54 75 30 21 Generación 36
arranca 
Jugando Partidos contra vecino 0
Resultado 15
108145
Yo soy: 
7 71 78 66 28 49 9 65 77 47 56 54 75 30 21 El mejor fue: 0
7 71 78 66 28 49 9 65 77 47 56 54 75 25 21 Generación 35
arranca 
Jugando Partidos contra vecino 0
Resultado 15
116966
Yo soy: 
7 71 78 66 28 49 9 65 77 47 56 54 75 25 21 El mejor fue: 0
7 71 78 66 23 49 9 65 77 47 56 54 75 25 21 Generación 34
arranca 
Jugando Partidos contra vecino 0
Resultado 15
123740
Yo soy: 
7 71 78 66 23 49 9 65 77 47 56 54 75 25 21 El mejor fue: 0
7 71 78 66 23 49 9 65 77 47 51 54 75 25 21 Generación 33
arranca 
Jugando Partidos contra vecino 0
Resultado 15
113294
Yo soy: 
7 71 78 66 23 49 9 65 77 47 51 54 75 25 21 El mejor fue: 0
7 71 78 66 23 49 9 65 77 47 51 54 75 25 26 Generación 32
arranca 
Jugando Partidos contra vecino 0
Resultado 15
104936
Yo soy: 
7 71 78 66 23 49 9 65 77 47 51 54 75 25 26 El mejor fue: 0
7 71 78 66 23 49 9 65 77 47 51 54 75 25 21 Generación 31
arranca 
Jugando Partidos contra vecino 0
Resultado 15
109610
Yo soy: 
7 71 78 66 23 49 9 65 77 47 51 54 75 25 21 El mejor fue: 0
7 71 78 66 23 49 9 65 77 47 51 54 80 25 21 Generación 30
arranca 
Jugando Partidos contra vecino 0
Resultado 15
108158
Yo soy: 
7 71 78 66 23 49 9 65 77 47 51 54 80 25 21 El mejor fue: 0
7 71 78 66 23 49 9 65 77 47 51 59 80 25 21 Generación 29
arranca 
Jugando Partidos contra vecino 0
Resultado 15
109584
Yo soy: 
7 71 78 66 23 49 9 65 77 47 51 59 80 25 21 El mejor fue: 0
7 71 78 71 23 49 9 65 77 47 51 59 80 25 21 Generación 28
arranca 
Jugando Partidos contra vecino 0
Resultado 15
104552
Yo soy: 
7 71 78 71 23 49 9 65 77 47 51 59 80 25 21 El mejor fue: 0
7 71 78 71 23 49 9 65 77 47 51 59 80 20 21 Generación 27
arranca 
Jugando Partidos contra vecino 0
Resultado 15
107197
Yo soy: 
7 71 78 71 23 49 9 65 77 47 51 59 80 20 21 El mejor fue: 0
7 71 73 71 23 49 9 65 77 47 51 59 80 20 21 Generación 26
arranca 
Jugando Partidos contra vecino 0
Resultado 15
102812
Yo soy: 
7 71 73 71 23 49 9 65 77 47 51 59 80 20 21 El mejor fue: 0
7 71 73 71 23 49 9 65 77 47 51 59 80 15 21 Generación 25
arranca 
Jugando Partidos contra vecino 0
Resultado 15
112319
Yo soy: 
7 71 73 71 23 49 9 65 77 47 51 59 80 15 21 El mejor fue: 0
7 71 73 71 23 54 9 65 77 47 51 59 80 15 21 Generación 24
arranca 
Jugando Partidos contra vecino 0
Resultado 15
100965
Yo soy: 
7 71 73 71 23 54 9 65 77 47 51 59 80 15 21 El mejor fue: 0
7 66 73 71 23 54 9 65 77 47 51 59 80 15 21 Generación 23
arranca 
Jugando Partidos contra vecino 0
Resultado 15
106733
Yo soy: 
7 66 73 71 23 54 9 65 77 47 51 59 80 15 21 El mejor fue: 0
7 66 73 71 23 54 9 65 77 47 56 59 80 15 21 Generación 22
arranca 
Jugando Partidos contra vecino 0
Resultado 15
113940
Yo soy: 
7 66 73 71 23 54 9 65 77 47 56 59 80 15 21 El mejor fue: 0
7 66 68 71 23 54 9 65 77 47 56 59 80 15 21 Generación 21
arranca 
Jugando Partidos contra vecino 0
Resultado 15
113626
Yo soy: 
7 66 68 71 23 54 9 65 77 47 56 59 80 15 21 El mejor fue: 0
7 66 68 76 23 54 9 65 77 47 56 59 80 15 21 Generación 20
arranca 
Jugando Partidos contra vecino 0
Resultado 15
104401
Yo soy: 
7 66 68 76 23 54 9 65 77 47 56 59 80 15 21 El mejor fue: 0
12 66 68 76 23 54 9 65 77 47 56 59 80 15 21 Generación 19
arranca 
Jugando Partidos contra vecino 0
Resultado 15
114670
Yo soy: 
12 66 68 76 23 54 9 65 77 47 56 59 80 15 21 El mejor fue: 0
12 66 68 76 23 54 9 65 77 42 56 59 80 15 21 Generación 18
arranca 
Jugando Partidos contra vecino 0
Resultado 15
113266
Yo soy: 
12 66 68 76 23 54 9 65 77 42 56 59 80 15 21 El mejor fue: 0
12 66 63 76 23 54 9 65 77 42 56 59 80 15 21 Generación 17
arranca 
Jugando Partidos contra vecino 0
Resultado 15
112785
Yo soy: 
12 66 63 76 23 54 9 65 77 42 56 59 80 15 21 El mejor fue: 0
12 66 58 76 23 54 9 65 77 42 56 59 80 15 21 Generación 16
arranca 
Jugando Partidos contra vecino 0
Resultado 15
110827
Yo soy: 
12 66 58 76 23 54 9 65 77 42 56 59 80 15 21 El mejor fue: 0
7 66 58 76 23 54 9 65 77 42 56 59 80 15 21 Generación 15
arranca 
Jugando Partidos contra vecino 0
Resultado 15
112124
Yo soy: 
7 66 58 76 23 54 9 65 77 42 56 59 80 15 21 El mejor fue: 0
7 66 58 76 23 54 9 65 77 42 61 59 80 15 21 Generación 14
arranca 
Jugando Partidos contra vecino 0
Resultado 15
106619
Yo soy: 
7 66 58 76 23 54 9 65 77 42 61 59 80 15 21 El mejor fue: 0
7 66 58 76 28 54 9 65 77 42 61 59 80 15 21 Generación 13
arranca 
Jugando Partidos contra vecino 0
Resultado 15
115550
Yo soy: 
7 66 58 76 28 54 9 65 77 42 61 59 80 15 21 El mejor fue: 0
12 66 58 76 28 54 9 65 77 42 61 59 80 15 21 Generación 12
arranca 
Jugando Partidos contra vecino 0
Resultado 15
109624
Yo soy: 
12 66 58 76 28 54 9 65 77 42 61 59 80 15 21 El mejor fue: 0
12 66 58 76 28 59 9 65 77 42 61 59 80 15 21 Generación 11
arranca 
Jugando Partidos contra vecino 0
Resultado 15
114042
Yo soy: 
12 66 58 76 28 59 9 65 77 42 61 59 80 15 21 El mejor fue: 0
12 66 58 76 28 59 9 65 77 42 61 59 80 15 26 Generación 10
arranca 
Jugando Partidos contra vecino 0
Resultado 15
108811
Yo soy: 
12 66 58 76 28 59 9 65 77 42 61 59 80 15 26 El mejor fue: 0
12 61 58 76 28 59 9 65 77 42 61 59 80 15 26 Generación 9
arranca 
Jugando Partidos contra vecino 0
Resultado 15
116416
Yo soy: 
12 61 58 76 28 59 9 65 77 42 61 59 80 15 26 El mejor fue: 0
12 61 58 76 28 54 9 65 77 42 61 59 80 15 26 Generación 8
arranca 
Jugando Partidos contra vecino 0
Resultado 15
115457
Yo soy: 
12 61 58 76 28 54 9 65 77 42 61 59 80 15 26 El mejor fue: 0
12 56 58 76 28 54 9 65 77 42 61 59 80 15 26 Generación 7
arranca 
Jugando Partidos contra vecino 0
Resultado 15
111036
Yo soy: 
12 56 58 76 28 54 9 65 77 42 61 59 80 15 26 El mejor fue: 0
12 56 58 76 28 54 9 70 77 42 61 59 80 15 26 Generación 6
arranca 
Jugando Partidos contra vecino 0
Resultado 15
110198
Yo soy: 
12 56 58 76 28 54 9 70 77 42 61 59 80 15 26 El mejor fue: 0
12 51 58 76 28 54 9 70 77 42 61 59 80 15 26 Generación 5
arranca 
Jugando Partidos contra vecino 0
Resultado 15
113675
Yo soy: 
12 51 58 76 28 54 9 70 77 42 61 59 80 15 26 El mejor fue: 0
12 51 58 76 28 54 9 65 77 42 61 59 80 15 26 Generación 4
arranca 
Jugando Partidos contra vecino 0
Resultado 15
113903
Yo soy: 
12 51 58 76 28 54 9 65 77 42 61 59 80 15 26 El mejor fue: 0
12 51 58 76 28 54 9 70 77 42 61 59 80 15 26 Generación 3
arranca 
Jugando Partidos contra vecino 0
Resultado 15
109440
Yo soy: 
12 51 58 76 28 54 9 70 77 42 61 59 80 15 26 El mejor fue: 0
12 51 58 81 28 54 9 70 77 42 61 59 80 15 26 Generación 2
arranca 
Jugando Partidos contra vecino 0
Resultado 15
113067
Yo soy: 
12 51 58 81 28 54 9 70 77 42 61 59 80 15 26 El mejor fue: 0
12 56 58 81 28 54 9 70 77 42 61 59 80 15 26 Generación 1
arranca 
Jugando Partidos contra vecino 0
Resultado 15
113745
Yo soy: 
12 56 58 81 28 54 9 70 77 42 61 59 80 15 26 El mejor fue: 0
12 56 58 86 28 54 9 70 77 42 61 59 80 15 26 Generación 0
6.62642e+06
