arranca 
Jugando Partidos contra vecino 0
Resultado 5
26819.9
Jugando Partidos contra vecino 1
Resultado 5
24607
Jugando Partidos contra vecino 2
Resultado 5
32386.9
Jugando Partidos contra vecino 3
Resultado 5
29243
Jugando Partidos contra vecino 4
Resultado 5
28076.4
Jugando Partidos contra vecino 5
Resultado 7
36726.6
Jugando Partidos contra vecino 6
Resultado 5
29811.6
Jugando Partidos contra vecino 7
Resultado 7
28805.8
Jugando Partidos contra vecino 8
Resultado 5
26178.3
Jugando Partidos contra vecino 9
Resultado 7
32029.9
Jugando Partidos contra vecino 10
Resultado 5
29324.1
Jugando Partidos contra vecino 11
Resultado 11
32692
Yo soy: 
92 11 62 71 46 17 27 18 36 81 1 53 44 43 68 0 99 94 El mejor fue: 11
92 11 42 71 46 17 27 18 36 81 1 53 44 43 68 0 99 94 Generación 199
arranca 
Jugando Partidos contra vecino 0
Resultado 5
45948.3
Jugando Partidos contra vecino 1
Resultado 5
41264.7
Jugando Partidos contra vecino 2
Resultado 13
41408.4
Yo soy: 
92 11 42 71 46 17 27 18 36 81 1 53 44 43 68 0 99 94 El mejor fue: 2
92 11 42 71 46 -3 27 18 36 81 1 53 44 43 68 0 99 94 Generación 198
arranca 
Jugando Partidos contra vecino 0
Resultado 5
47106.8
Jugando Partidos contra vecino 1
Resultado 5
51391.8
Jugando Partidos contra vecino 2
Resultado 9
44911
Jugando Partidos contra vecino 3
Resultado 5
57475.8
Jugando Partidos contra vecino 4
Resultado 8
35533
Jugando Partidos contra vecino 5
Resultado 4
42773
Jugando Partidos contra vecino 6
Resultado 11
41732.1
Yo soy: 
92 11 42 71 46 -3 27 18 36 81 1 53 44 43 68 0 99 94 El mejor fue: 6
52 11 42 71 46 -3 27 18 36 81 1 53 44 43 68 0 99 94 Generación 197
arranca 
Jugando Partidos contra vecino 0
Resultado 5
32653.2
Jugando Partidos contra vecino 1
Resultado 3
25290.2
Jugando Partidos contra vecino 2
Resultado 6
29957.3
Jugando Partidos contra vecino 3
Resultado 5
40180.7
Jugando Partidos contra vecino 4
Resultado 4
29009.1
Jugando Partidos contra vecino 5
Resultado 10
41576.1
Yo soy: 
52 11 42 71 46 -3 27 18 36 81 1 53 44 43 68 0 99 94 El mejor fue: 5
52 11 42 71 46 -3 27 38 36 81 1 53 44 43 68 0 99 94 Generación 196
arranca 
Jugando Partidos contra vecino 0
Resultado 5
26114.4
Jugando Partidos contra vecino 1
Resultado 4
35052.6
Jugando Partidos contra vecino 2
Resultado 7
31434.7
Jugando Partidos contra vecino 3
Resultado 6
31759.1
Jugando Partidos contra vecino 4
Resultado 4
32920.2
Jugando Partidos contra vecino 5
Resultado 7
33413.4
Jugando Partidos contra vecino 6
Resultado 9
37760.5
Jugando Partidos contra vecino 7
Resultado 6
26111.1
Jugando Partidos contra vecino 8
Resultado 5
38403.9
Jugando Partidos contra vecino 9
Resultado 5
30601.2
Jugando Partidos contra vecino 10
Resultado 9
41236.2
Jugando Partidos contra vecino 11
Resultado 11
37660.3
Yo soy: 
52 11 42 71 46 -3 27 38 36 81 1 53 44 43 68 0 99 94 El mejor fue: 11
52 11 42 71 46 -3 27 38 36 41 1 53 44 43 68 0 99 94 Generación 195
arranca 
Jugando Partidos contra vecino 0
Resultado 13
36691.6
Yo soy: 
52 11 42 71 46 -3 27 38 36 41 1 53 44 43 68 0 99 94 El mejor fue: 0
52 11 42 71 46 -3 27 38 36 41 1 53 64 43 68 0 99 94 Generación 194
arranca 
Jugando Partidos contra vecino 0
Resultado 13
42080.9
Yo soy: 
52 11 42 71 46 -3 27 38 36 41 1 53 64 43 68 0 99 94 El mejor fue: 0
52 11 42 71 46 -3 27 58 36 41 1 53 64 43 68 0 99 94 Generación 193
arranca 
Jugando Partidos contra vecino 0
Resultado 15
43814.3
Yo soy: 
52 11 42 71 46 -3 27 58 36 41 1 53 64 43 68 0 99 94 El mejor fue: 0
52 11 42 71 46 -3 27 58 36 61 1 53 64 43 68 0 99 94 Generación 192
arranca 
Jugando Partidos contra vecino 0
Resultado 6
27533.7
Jugando Partidos contra vecino 1
Resultado 5
27157.7
Jugando Partidos contra vecino 2
Resultado 7
27875.5
Jugando Partidos contra vecino 3
Resultado 9
36167.9
Jugando Partidos contra vecino 4
Resultado 6
34319.5
Jugando Partidos contra vecino 5
Resultado 6
24231.8
Jugando Partidos contra vecino 6
Resultado 11
33214
Yo soy: 
52 11 42 71 46 -3 27 58 36 61 1 53 64 43 68 0 99 94 El mejor fue: 6
52 11 42 71 26 -3 27 58 36 61 1 53 64 43 68 0 99 94 Generación 191
arranca 
Jugando Partidos contra vecino 0
Resultado 4
23173.4
Jugando Partidos contra vecino 1
Resultado 3
25375.6
Jugando Partidos contra vecino 2
Resultado 12
29970.3
Yo soy: 
52 11 42 71 26 -3 27 58 36 61 1 53 64 43 68 0 99 94 El mejor fue: 2
52 11 42 71 26 -3 27 58 36 61 1 53 64 43 68 0 79 94 Generación 190
arranca 
Jugando Partidos contra vecino 0
Resultado 7
43807.7
Jugando Partidos contra vecino 1
Resultado 11
32604.3
Yo soy: 
52 11 42 71 26 -3 27 58 36 61 1 53 64 43 68 0 79 94 El mejor fue: 1
52 11 42 71 26 -3 27 58 36 61 1 53 44 43 68 0 79 94 Generación 189
arranca 
Jugando Partidos contra vecino 0
Resultado 4
28003.7
Jugando Partidos contra vecino 1
Resultado 5
23301.8
Jugando Partidos contra vecino 2
Resultado 7
36056.7
Jugando Partidos contra vecino 3
Resultado 7
44999.9
Jugando Partidos contra vecino 4
Resultado 5
26832.9
Jugando Partidos contra vecino 5
Resultado 6
37676.7
Jugando Partidos contra vecino 6
Resultado 7
31698
Jugando Partidos contra vecino 7
Resultado 7
27845.7
Jugando Partidos contra vecino 8
Resultado 5
29798.5
Jugando Partidos contra vecino 9
Resultado 9
35263.7
Jugando Partidos contra vecino 10
Resultado 9
30925.5
Jugando Partidos contra vecino 11
Resultado 6
29774.3
Jugando Partidos contra vecino 12
Resultado 4
40631.9
Jugando Partidos contra vecino 13
Resultado 5
36299.7
Jugando Partidos contra vecino 14
Resultado 11
37027.6
Yo soy: 
52 11 42 71 26 -3 27 58 36 61 1 53 44 43 68 0 79 94 El mejor fue: 14
52 11 42 71 26 -3 27 58 36 61 1 53 24 43 68 0 79 94 Generación 188
arranca 
Jugando Partidos contra vecino 0
Resultado 9
37918
Jugando Partidos contra vecino 1
Resultado 6
23294.5
Jugando Partidos contra vecino 2
Resultado 4
35420.9
Jugando Partidos contra vecino 3
Resultado 9
38126.6
Jugando Partidos contra vecino 4
Resultado 11
38410.2
Yo soy: 
52 11 42 71 26 -3 27 58 36 61 1 53 24 43 68 0 79 94 El mejor fue: 4
52 11 42 71 26 -3 27 58 36 61 1 53 24 43 88 0 79 94 Generación 187
arranca 
Jugando Partidos contra vecino 0
Resultado 6
32668
Jugando Partidos contra vecino 1
Resultado 7
28420.2
Jugando Partidos contra vecino 2
Resultado 9
34879
Jugando Partidos contra vecino 3
Resultado 7
29887.6
Jugando Partidos contra vecino 4
Resultado 7
29013.7
Jugando Partidos contra vecino 5
Resultado 5
45139
Jugando Partidos contra vecino 6
Resultado 7
29838.6
Jugando Partidos contra vecino 7
Resultado 8
29015.2
Jugando Partidos contra vecino 8
Resultado 8
32608.2
Jugando Partidos contra vecino 9
Resultado 9
36220.7
Jugando Partidos contra vecino 10
Resultado 9
33460.8
Jugando Partidos contra vecino 11
Resultado 7
28928.3
Jugando Partidos contra vecino 12
Resultado 5
28515.8
Jugando Partidos contra vecino 13
Resultado 5
33049.3
Jugando Partidos contra vecino 14
Resultado 11
37568.2
Yo soy: 
52 11 42 71 26 -3 27 58 36 61 1 53 24 43 88 0 79 94 El mejor fue: 14
52 11 42 71 26 -3 27 58 36 61 1 53 24 43 48 0 79 94 Generación 186
arranca 
Jugando Partidos contra vecino 0
Resultado 9
38932.1
Jugando Partidos contra vecino 1
Resultado 6
34744
Jugando Partidos contra vecino 2
Resultado 9
34962.4
Jugando Partidos contra vecino 3
Resultado 4
35099.9
Jugando Partidos contra vecino 4
Resultado 4
23152
Jugando Partidos contra vecino 5
Resultado 9
33103.1
Jugando Partidos contra vecino 6
Resultado 7
44152.4
Jugando Partidos contra vecino 7
Resultado 9
44521.1
Jugando Partidos contra vecino 8
Resultado 8
29792.5
Jugando Partidos contra vecino 9
Resultado 7
43033
Jugando Partidos contra vecino 10
Resultado 5
24986.3
Jugando Partidos contra vecino 11
Resultado 4
29371.4
Jugando Partidos contra vecino 12
Resultado 7
34305.1
Jugando Partidos contra vecino 13
Resultado 9
45961.1
Jugando Partidos contra vecino 14
Resultado 9
39550.4
Jugando Partidos contra vecino 15
Resultado 11
42873.5
Yo soy: 
52 11 42 71 26 -3 27 58 36 61 1 53 24 43 48 0 79 94 El mejor fue: 15
52 11 42 71 26 -3 27 58 36 41 1 53 24 43 48 0 79 94 Generación 185
arranca 
Jugando Partidos contra vecino 0
Resultado 7
38595
Jugando Partidos contra vecino 1
Resultado 7
33195.6
Jugando Partidos contra vecino 2
Resultado 4
26519.3
Jugando Partidos contra vecino 3
Resultado 11
29850.6
Yo soy: 
52 11 42 71 26 -3 27 58 36 41 1 53 24 43 48 0 79 94 El mejor fue: 3
52 11 42 71 6 -3 27 58 36 41 1 53 24 43 48 0 79 94 Generación 184
arranca 
Jugando Partidos contra vecino 0
Resultado 5
39532.9
Jugando Partidos contra vecino 1
Resultado 9
39726.4
Jugando Partidos contra vecino 2
Resultado 4
38324
Jugando Partidos contra vecino 3
Resultado 5
40332.2
Jugando Partidos contra vecino 4
Resultado 7
36374.4
Jugando Partidos contra vecino 5
Resultado 4
38432.1
Jugando Partidos contra vecino 6
Resultado 5
28115
Jugando Partidos contra vecino 7
Resultado 5
30475
Jugando Partidos contra vecino 8
Resultado 5
38694.1
Jugando Partidos contra vecino 9
Resultado 5
47589.9
Jugando Partidos contra vecino 10
Resultado 4
25703.9
Jugando Partidos contra vecino 11
Resultado 5
28058.7
Jugando Partidos contra vecino 12
Resultado 7
35514.5
Jugando Partidos contra vecino 13
Resultado 7
40395.5
Jugando Partidos contra vecino 14
Resultado 7
40752.6
Jugando Partidos contra vecino 15
Resultado 5
36360.7
Jugando Partidos contra vecino 16
Resultado 5
27707.9
Jugando Partidos contra vecino 17
Resultado 9
29686.1
Jugando Partidos contra vecino 18
Resultado 9
40440.2
Jugando Partidos contra vecino 19
Resultado 7
40845.8
Jugando Partidos contra vecino 20
Resultado 5
29584.4
Jugando Partidos contra vecino 21
Resultado 9
40243.6
Jugando Partidos contra vecino 22
Resultado 5
37338.2
Jugando Partidos contra vecino 23
Resultado 5
38695.1
Jugando Partidos contra vecino 24
Resultado 7
32047.5
Jugando Partidos contra vecino 25
Resultado 6
31708.9
Jugando Partidos contra vecino 26
Resultado 5
38120.2
Jugando Partidos contra vecino 27
Resultado 7
38111.9
Jugando Partidos contra vecino 28
Resultado 9
46119
Jugando Partidos contra vecino 29
Resultado 5
43105.4
Jugando Partidos contra vecino 30
Resultado 5
27858.1
Jugando Partidos contra vecino 31
Resultado 5
41539.3
Jugando Partidos contra vecino 32
Resultado 9
43347.1
Jugando Partidos contra vecino 33
Resultado 5
41436.8
Jugando Partidos contra vecino 34
Resultado 7
33508.8
Jugando Partidos contra vecino 35
Resultado 7
53456.2
5.09991e+06
arranca 
Jugando Partidos contra vecino 0
Resultado 5
58147.8
Jugando Partidos contra vecino 1
Resultado 5
55944.4
Jugando Partidos contra vecino 2
Resultado 5
58601.8
Jugando Partidos contra vecino 3
Resultado 5
52474.1
Jugando Partidos contra vecino 4
Resultado 5
55707
Jugando Partidos contra vecino 5
Resultado 5
62231.5
Jugando Partidos contra vecino 6
Resultado 5
51156
Jugando Partidos contra vecino 7
Resultado 5
60292.7
Jugando Partidos contra vecino 8
Resultado 5
58536.7
Jugando Partidos contra vecino 9
Resultado 5
63412.8
Jugando Partidos contra vecino 10
Resultado 5
59008.7
Jugando Partidos contra vecino 11
Resultado 5
55330.6
Jugando Partidos contra vecino 12
Resultado 5
59360.9
Jugando Partidos contra vecino 13
Resultado 5
58046
Jugando Partidos contra vecino 14
Resultado 5
48609
Jugando Partidos contra vecino 15
Resultado 5
50818.4
Jugando Partidos contra vecino 16
Resultado 5
57348.7
Jugando Partidos contra vecino 17
Resultado 5
56559.4
Jugando Partidos contra vecino 18
Resultado 5
52668.8
Jugando Partidos contra vecino 19
Resultado 5
51338
Jugando Partidos contra vecino 20
Resultado 5
43357
Jugando Partidos contra vecino 21
Resultado 5
59277.7
Jugando Partidos contra vecino 22
Resultado 5
55316
Jugando Partidos contra vecino 23
Resultado 5
61130.7
Jugando Partidos contra vecino 24
Resultado 5
51631.7
Jugando Partidos contra vecino 25
Resultado 5
55715.1
Jugando Partidos contra vecino 26
Resultado 5
62316.7
Jugando Partidos contra vecino 27
Resultado 5
55458
Jugando Partidos contra vecino 28
Resultado 5
60026.2
Jugando Partidos contra vecino 29
Resultado 5
59330.4
Jugando Partidos contra vecino 30
Resultado 5
51701.4
Jugando Partidos contra vecino 31
Resultado 5
51020.8
Jugando Partidos contra vecino 32
Resultado 5
60230.9
Jugando Partidos contra vecino 33
Resultado 5
62896.1
Jugando Partidos contra vecino 34
Resultado 5
62572.6
Jugando Partidos contra vecino 35
Resultado 5
59184.1
2.03676e+06
arranca 
Jugando Partidos contra vecino 0
Resultado 5
36639.7
Jugando Partidos contra vecino 1
Resultado 5
33384.3
Jugando Partidos contra vecino 2
Resultado 5
36785.3
Jugando Partidos contra vecino 3
Resultado 5
37516.6
Jugando Partidos contra vecino 4
Resultado 5
35143.1
Jugando Partidos contra vecino 5
Resultado 5
35532.8
Jugando Partidos contra vecino 6
Resultado 5
36074.9
Jugando Partidos contra vecino 7
Resultado 5
38316.6
Jugando Partidos contra vecino 8
Resultado 5
37561.4
Jugando Partidos contra vecino 9
Resultado 5
34496.6
Jugando Partidos contra vecino 10
Resultado 5
39725
Jugando Partidos contra vecino 11
Resultado 5
37980.9
Jugando Partidos contra vecino 12
Resultado 5
38184.4
Jugando Partidos contra vecino 13
Resultado 5
35385
Jugando Partidos contra vecino 14
Resultado 5
34837.4
Jugando Partidos contra vecino 15
Resultado 5
39057.9
Jugando Partidos contra vecino 16
Resultado 5
32650.2
Jugando Partidos contra vecino 17
Resultado 5
44181.3
Jugando Partidos contra vecino 18
Resultado 5
35912.8
Jugando Partidos contra vecino 19
Resultado 5
40425.5
Jugando Partidos contra vecino 20
Resultado 5
34061.3
Jugando Partidos contra vecino 21
Resultado 5
33849.9
Jugando Partidos contra vecino 22
Resultado 5
37712.3
Jugando Partidos contra vecino 23
Resultado 5
36045.1
Jugando Partidos contra vecino 24
Resultado 5
36791.3
Jugando Partidos contra vecino 25
Resultado 5
31344.9
Jugando Partidos contra vecino 26
Resultado 5
37942.6
Jugando Partidos contra vecino 27
Resultado 5
35807.7
Jugando Partidos contra vecino 28
Resultado 5
34444.6
Jugando Partidos contra vecino 29
Resultado 15
41326.5
Yo soy: 
13 13 9 84 39 16 96 17 61 22 46 77 43 3 54 75 50 80 El mejor fue: 29
13 13 9 84 39 16 96 17 61 22 46 77 43 -17 54 75 50 80 Generación 199
arranca 
Jugando Partidos contra vecino 0
Resultado 9
54956.5
Jugando Partidos contra vecino 1
Resultado 13
68241.4
Yo soy: 
13 13 9 84 39 16 96 17 61 22 46 77 43 -17 54 75 50 80 El mejor fue: 1
13 13 9 84 39 16 96 17 81 22 46 77 43 -17 54 75 50 80 Generación 198
arranca 
Jugando Partidos contra vecino 0
Resultado 13
59203.2
Yo soy: 
13 13 9 84 39 16 96 17 81 22 46 77 43 -17 54 75 50 80 El mejor fue: 0
13 -7 9 84 39 16 96 17 81 22 46 77 43 -17 54 75 50 80 Generación 197
arranca 
Jugando Partidos contra vecino 0
Resultado 5
47615.4
Jugando Partidos contra vecino 1
Resultado 13
74583.7
Yo soy: 
13 -7 9 84 39 16 96 17 81 22 46 77 43 -17 54 75 50 80 El mejor fue: 1
13 -7 9 84 39 16 76 17 81 22 46 77 43 -17 54 75 50 80 Generación 196
arranca 
Jugando Partidos contra vecino 0
Resultado 11
72190.2
Yo soy: 
13 -7 9 84 39 16 76 17 81 22 46 77 43 -17 54 75 50 80 El mejor fue: 0
13 -7 9 84 39 16 76 17 81 22 46 77 43 -17 54 95 50 80 Generación 195
arranca 
Jugando Partidos contra vecino 0
Resultado 15
60950.5
Yo soy: 
13 -7 9 84 39 16 76 17 81 22 46 77 43 -17 54 95 50 80 El mejor fue: 0
13 -7 9 84 39 16 96 17 81 22 46 77 43 -17 54 95 50 80 Generación 194
arranca 
Jugando Partidos contra vecino 0
Resultado 13
72013.2
Yo soy: 
13 -7 9 84 39 16 96 17 81 22 46 77 43 -17 54 95 50 80 El mejor fue: 0
13 13 9 84 39 16 96 17 81 22 46 77 43 -17 54 95 50 80 Generación 193
arranca 
Jugando Partidos contra vecino 0
Resultado 9
68590.4
Jugando Partidos contra vecino 1
Resultado 13
79442.3
Yo soy: 
13 13 9 84 39 16 96 17 81 22 46 77 43 -17 54 95 50 80 El mejor fue: 1
13 13 9 84 39 16 96 17 81 42 46 77 43 -17 54 95 50 80 Generación 192
arranca 
Jugando Partidos contra vecino 0
Resultado 9
69060.4
Jugando Partidos contra vecino 1
Resultado 5
41888.2
Jugando Partidos contra vecino 2
Resultado 13
66968.2
Yo soy: 
13 13 9 84 39 16 96 17 81 42 46 77 43 -17 54 95 50 80 El mejor fue: 2
-7 13 9 84 39 16 96 17 81 42 46 77 43 -17 54 95 50 80 Generación 191
arranca 
Jugando Partidos contra vecino 0
Resultado 15
55971.6
Yo soy: 
-7 13 9 84 39 16 96 17 81 42 46 77 43 -17 54 95 50 80 El mejor fue: 0
-7 13 9 84 39 16 56 17 81 42 46 77 43 -17 54 95 50 80 Generación 190
arranca 
Jugando Partidos contra vecino 0
Resultado 15
66721.5
Yo soy: 
-7 13 9 84 39 16 56 17 81 42 46 77 43 -17 54 95 50 80 El mejor fue: 0
-7 13 9 84 39 16 36 17 81 42 46 77 43 -17 54 95 50 80 Generación 189
arranca 
Jugando Partidos contra vecino 0
Resultado 13
64939.8
Yo soy: 
-7 13 9 84 39 16 36 17 81 42 46 77 43 -17 54 95 50 80 El mejor fue: 0
-7 13 9 84 39 36 36 17 81 42 46 77 43 -17 54 95 50 80 Generación 188
arranca 
Jugando Partidos contra vecino 0
Resultado 13
65127.9
Yo soy: 
-7 13 9 84 39 36 36 17 81 42 46 77 43 -17 54 95 50 80 El mejor fue: 0
-7 13 9 84 39 36 36 17 81 42 46 77 43 -17 54 95 50 40 Generación 187
arranca 
Jugando Partidos contra vecino 0
Resultado 13
78253.2
Yo soy: 
-7 13 9 84 39 36 36 17 81 42 46 77 43 -17 54 95 50 40 El mejor fue: 0
-7 13 9 84 39 36 16 17 81 42 46 77 43 -17 54 95 50 40 Generación 186
arranca 
Jugando Partidos contra vecino 0
Resultado 15
59603.6
Yo soy: 
-7 13 9 84 39 36 16 17 81 42 46 77 43 -17 54 95 50 40 El mejor fue: 0
-7 13 9 84 39 36 16 -3 81 42 46 77 43 -17 54 95 50 40 Generación 185
arranca 
Jugando Partidos contra vecino 0
Resultado 15
43950.2
Yo soy: 
-7 13 9 84 39 36 16 -3 81 42 46 77 43 -17 54 95 50 40 El mejor fue: 0
-7 13 9 84 39 36 36 -3 81 42 46 77 43 -17 54 95 50 40 Generación 184
arranca 
Jugando Partidos contra vecino 0
Resultado 11
75009.1
Yo soy: 
-7 13 9 84 39 36 36 -3 81 42 46 77 43 -17 54 95 50 40 El mejor fue: 0
-7 13 29 84 39 36 36 -3 81 42 46 77 43 -17 54 95 50 40 Generación 183
arranca 
Jugando Partidos contra vecino 0
Resultado 13
67791.1
Yo soy: 
-7 13 29 84 39 36 36 -3 81 42 46 77 43 -17 54 95 50 40 El mejor fue: 0
-7 13 29 84 39 36 36 -3 81 22 46 77 43 -17 54 95 50 40 Generación 182
arranca 
Jugando Partidos contra vecino 0
Resultado 13
72600
Yo soy: 
-7 13 29 84 39 36 36 -3 81 22 46 77 43 -17 54 95 50 40 El mejor fue: 0
-7 13 29 84 39 36 36 -3 81 22 46 77 43 -17 74 95 50 40 Generación 181
arranca 
Jugando Partidos contra vecino 0
Resultado 9
68763.6
Jugando Partidos contra vecino 1
Resultado 9
68796.2
Jugando Partidos contra vecino 2
Resultado 11
74873
Yo soy: 
-7 13 29 84 39 36 36 -3 81 22 46 77 43 -17 74 95 50 40 El mejor fue: 2
-7 13 29 84 39 36 36 -3 81 22 46 77 43 -17 74 95 30 40 Generación 180
arranca 
Jugando Partidos contra vecino 0
Resultado 11
63070.1
Yo soy: 
-7 13 29 84 39 36 36 -3 81 22 46 77 43 -17 74 95 30 40 El mejor fue: 0
-7 13 29 84 39 36 36 -3 81 22 46 77 43 -17 74 95 10 40 Generación 179
arranca 
Jugando Partidos contra vecino 0
Resultado 7
78689.7
Jugando Partidos contra vecino 1
Resultado 7
61291.1
Jugando Partidos contra vecino 2
Resultado 13
71241.8
Yo soy: 
-7 13 29 84 39 36 36 -3 81 22 46 77 43 -17 74 95 10 40 El mejor fue: 2
-7 13 29 84 39 36 56 -3 81 22 46 77 43 -17 74 95 10 40 Generación 178
arranca 
Jugando Partidos contra vecino 0
Resultado 9
67972.1
Jugando Partidos contra vecino 1
Resultado 9
73211
Jugando Partidos contra vecino 2
Resultado 13
68063.7
Yo soy: 
-7 13 29 84 39 36 56 -3 81 22 46 77 43 -17 74 95 10 40 El mejor fue: 2
-7 13 29 84 39 36 56 -3 81 22 46 77 43 -17 74 95 10 60 Generación 177
arranca 
Jugando Partidos contra vecino 0
Resultado 13
62180.6
Yo soy: 
-7 13 29 84 39 36 56 -3 81 22 46 77 43 -17 74 95 10 60 El mejor fue: 0
-7 13 29 84 59 36 56 -3 81 22 46 77 43 -17 74 95 10 60 Generación 176
arranca 
Jugando Partidos contra vecino 0
Resultado 7
76868.5
Jugando Partidos contra vecino 1
Resultado 13
65106.9
Yo soy: 
-7 13 29 84 59 36 56 -3 81 22 46 77 43 -17 74 95 10 60 El mejor fue: 1
-7 13 29 84 59 36 76 -3 81 22 46 77 43 -17 74 95 10 60 Generación 175
arranca 
Jugando Partidos contra vecino 0
Resultado 9
67570
Jugando Partidos contra vecino 1
Resultado 15
73583.5
Yo soy: 
-7 13 29 84 59 36 76 -3 81 22 46 77 43 -17 74 95 10 60 El mejor fue: 1
-7 13 29 84 59 36 76 -3 61 22 46 77 43 -17 74 95 10 60 Generación 174
arranca 
Jugando Partidos contra vecino 0
Resultado 7
67088.2
Jugando Partidos contra vecino 1
Resultado 9
75639.6
Jugando Partidos contra vecino 2
Resultado 13
73489.5
Yo soy: 
-7 13 29 84 59 36 76 -3 61 22 46 77 43 -17 74 95 10 60 El mejor fue: 2
-7 13 29 84 59 36 76 -3 61 22 46 77 43 -17 54 95 10 60 Generación 173
arranca 
Jugando Partidos contra vecino 0
Resultado 13
74733.9
Yo soy: 
-7 13 29 84 59 36 76 -3 61 22 46 77 43 -17 54 95 10 60 El mejor fue: 0
-27 13 29 84 59 36 76 -3 61 22 46 77 43 -17 54 95 10 60 Generación 172
arranca 
Jugando Partidos contra vecino 0
Resultado 13
74046.2
Yo soy: 
-27 13 29 84 59 36 76 -3 61 22 46 77 43 -17 54 95 10 60 El mejor fue: 0
-27 13 29 84 59 56 76 -3 61 22 46 77 43 -17 54 95 10 60 Generación 171
arranca 
Jugando Partidos contra vecino 0
Resultado 13
57444.8
Yo soy: 
-27 13 29 84 59 56 76 -3 61 22 46 77 43 -17 54 95 10 60 El mejor fue: 0
-27 13 29 84 59 56 76 -3 61 22 46 77 43 -17 74 95 10 60 Generación 170
arranca 
Jugando Partidos contra vecino 0
Resultado 11
53890.7
Yo soy: 
-27 13 29 84 59 56 76 -3 61 22 46 77 43 -17 74 95 10 60 El mejor fue: 0
-7 13 29 84 59 56 76 -3 61 22 46 77 43 -17 74 95 10 60 Generación 169
arranca 
Jugando Partidos contra vecino 0
Resultado 13
62672.4
Yo soy: 
-7 13 29 84 59 56 76 -3 61 22 46 77 43 -17 74 95 10 60 El mejor fue: 0
-7 13 29 84 59 56 76 -3 61 22 46 77 43 -17 74 95 10 80 Generación 168
arranca 
Jugando Partidos contra vecino 0
Resultado 11
72339
Yo soy: 
-7 13 29 84 59 56 76 -3 61 22 46 77 43 -17 74 95 10 80 El mejor fue: 0
-7 13 29 84 59 56 76 -3 61 22 46 77 43 -17 74 95 10 60 Generación 167
arranca 
Jugando Partidos contra vecino 0
Resultado 9
77318.9
Jugando Partidos contra vecino 1
Resultado 13
47942.6
Yo soy: 
-7 13 29 84 59 56 76 -3 61 22 46 77 43 -17 74 95 10 60 El mejor fue: 1
-7 13 29 84 79 56 76 -3 61 22 46 77 43 -17 74 95 10 60 Generación 166
arranca 
Jugando Partidos contra vecino 0
Resultado 15
64272.6
Yo soy: 
-7 13 29 84 79 56 76 -3 61 22 46 77 43 -17 74 95 10 60 El mejor fue: 0
-7 13 29 84 79 56 76 17 61 22 46 77 43 -17 74 95 10 60 Generación 165
arranca 
Jugando Partidos contra vecino 0
Resultado 11
61999.3
Yo soy: 
-7 13 29 84 79 56 76 17 61 22 46 77 43 -17 74 95 10 60 El mejor fue: 0
-7 13 29 84 79 56 76 17 61 22 46 77 43 -17 74 95 30 60 Generación 164
arranca 
Jugando Partidos contra vecino 0
Resultado 13
55360
Yo soy: 
-7 13 29 84 79 56 76 17 61 22 46 77 43 -17 74 95 30 60 El mejor fue: 0
-7 13 29 84 79 56 76 17 61 22 46 77 43 -17 74 95 50 60 Generación 163
arranca 
Jugando Partidos contra vecino 0
Resultado 9
72138.9
Jugando Partidos contra vecino 1
Resultado 11
68958.7
Yo soy: 
-7 13 29 84 79 56 76 17 61 22 46 77 43 -17 74 95 50 60 El mejor fue: 1
-7 13 29 44 79 56 76 17 61 22 46 77 43 -17 74 95 50 60 Generación 162
arranca 
Jugando Partidos contra vecino 0
Resultado 11
77929.2
Yo soy: 
-7 13 29 44 79 56 76 17 61 22 46 77 43 -17 74 95 50 60 El mejor fue: 0
-7 13 29 44 79 56 76 17 61 22 46 77 43 -17 74 95 30 60 Generación 161
arranca 
Jugando Partidos contra vecino 0
Resultado 11
66514.5
Yo soy: 
-7 13 29 44 79 56 76 17 61 22 46 77 43 -17 74 95 30 60 El mejor fue: 0
-7 13 29 44 79 56 56 17 61 22 46 77 43 -17 74 95 30 60 Generación 160
arranca 
Jugando Partidos contra vecino 0
Resultado 15
70994.8
Yo soy: 
-7 13 29 44 79 56 56 17 61 22 46 77 43 -17 74 95 30 60 El mejor fue: 0
-7 13 29 44 79 56 56 17 61 22 46 77 43 -17 54 95 30 60 Generación 159
arranca 
Jugando Partidos contra vecino 0
Resultado 15
68678.5
Yo soy: 
-7 13 29 44 79 56 56 17 61 22 46 77 43 -17 54 95 30 60 El mejor fue: 0
-7 13 29 44 79 56 56 17 61 22 46 77 23 -17 54 95 30 60 Generación 158
arranca 
Jugando Partidos contra vecino 0
Resultado 15
71516.5
Yo soy: 
-7 13 29 44 79 56 56 17 61 22 46 77 23 -17 54 95 30 60 El mejor fue: 0
-7 13 29 44 79 76 56 17 61 22 46 77 23 -17 54 95 30 60 Generación 157
arranca 
Jugando Partidos contra vecino 0
Resultado 15
63491.6
Yo soy: 
-7 13 29 44 79 76 56 17 61 22 46 77 23 -17 54 95 30 60 El mejor fue: 0
-7 13 9 44 79 76 56 17 61 22 46 77 23 -17 54 95 30 60 Generación 156
arranca 
Jugando Partidos contra vecino 0
Resultado 13
77613.3
Yo soy: 
-7 13 9 44 79 76 56 17 61 22 46 77 23 -17 54 95 30 60 El mejor fue: 0
-7 13 9 44 79 76 56 17 61 22 46 77 23 -17 54 95 50 60 Generación 155
arranca 
Jugando Partidos contra vecino 0
Resultado 15
59241.2
Yo soy: 
-7 13 9 44 79 76 56 17 61 22 46 77 23 -17 54 95 50 60 El mejor fue: 0
-7 33 9 44 79 76 56 17 61 22 46 77 23 -17 54 95 50 60 Generación 154
arranca 
Jugando Partidos contra vecino 0
Resultado 11
73873.1
Yo soy: 
-7 33 9 44 79 76 56 17 61 22 46 77 23 -17 54 95 50 60 El mejor fue: 0
-7 33 9 44 79 76 56 37 61 22 46 77 23 -17 54 95 50 60 Generación 153
arranca 
Jugando Partidos contra vecino 0
Resultado 13
61654
Yo soy: 
-7 33 9 44 79 76 56 37 61 22 46 77 23 -17 54 95 50 60 El mejor fue: 0
-7 33 9 44 79 76 56 37 61 22 66 77 23 -17 54 95 50 60 Generación 152
arranca 
Jugando Partidos contra vecino 0
Resultado 13
69502.7
Yo soy: 
-7 33 9 44 79 76 56 37 61 22 66 77 23 -17 54 95 50 60 El mejor fue: 0
-7 33 9 24 79 76 56 37 61 22 66 77 23 -17 54 95 50 60 Generación 151
arranca 
Jugando Partidos contra vecino 0
Resultado 11
73078.2
Yo soy: 
-7 33 9 24 79 76 56 37 61 22 66 77 23 -17 54 95 50 60 El mejor fue: 0
-7 33 9 24 79 76 56 37 61 22 66 77 23 -37 54 95 50 60 Generación 150
arranca 
Jugando Partidos contra vecino 0
Resultado 11
65260.7
Yo soy: 
-7 33 9 24 79 76 56 37 61 22 66 77 23 -37 54 95 50 60 El mejor fue: 0
-7 33 9 24 79 76 56 37 61 22 46 77 23 -37 54 95 50 60 Generación 149
arranca 
Jugando Partidos contra vecino 0
Resultado 9
75378
Jugando Partidos contra vecino 1
Resultado 7
75775.8
Jugando Partidos contra vecino 2
Resultado 13
65318.6
Yo soy: 
-7 33 9 24 79 76 56 37 61 22 46 77 23 -37 54 95 50 60 El mejor fue: 2
-7 33 9 24 79 56 56 37 61 22 46 77 23 -37 54 95 50 60 Generación 148
arranca 
Jugando Partidos contra vecino 0
Resultado 9
75340.4
Jugando Partidos contra vecino 1
Resultado 5
67366.2
Jugando Partidos contra vecino 2
Resultado 13
72202.1
Yo soy: 
-7 33 9 24 79 56 56 37 61 22 46 77 23 -37 54 95 50 60 El mejor fue: 2
-7 33 9 24 79 56 56 37 61 22 46 77 23 -37 54 95 30 60 Generación 147
arranca 
Jugando Partidos contra vecino 0
Resultado 11
73623.9
Yo soy: 
-7 33 9 24 79 56 56 37 61 22 46 77 23 -37 54 95 30 60 El mejor fue: 0
-7 33 9 24 79 56 76 37 61 22 46 77 23 -37 54 95 30 60 Generación 146
arranca 
Jugando Partidos contra vecino 0
Resultado 7
75679.4
Jugando Partidos contra vecino 1
Resultado 7
70889.5
Jugando Partidos contra vecino 2
Resultado 13
69594.1
Yo soy: 
-7 33 9 24 79 56 76 37 61 22 46 77 23 -37 54 95 30 60 El mejor fue: 2
-7 33 9 24 79 56 76 37 61 22 46 77 23 -57 54 95 30 60 Generación 145
arranca 
Jugando Partidos contra vecino 0
Resultado 5
68874.3
Jugando Partidos contra vecino 1
Resultado 9
72147.5
Jugando Partidos contra vecino 2
Resultado 13
74276.6
Yo soy: 
-7 33 9 24 79 56 76 37 61 22 46 77 23 -57 54 95 30 60 El mejor fue: 2
-7 33 9 24 79 76 76 37 61 22 46 77 23 -57 54 95 30 60 Generación 144
arranca 
Jugando Partidos contra vecino 0
Resultado 11
64246.9
Yo soy: 
-7 33 9 24 79 76 76 37 61 22 46 77 23 -57 54 95 30 60 El mejor fue: 0
-7 33 9 24 79 76 76 37 61 22 46 57 23 -57 54 95 30 60 Generación 143
arranca 
Jugando Partidos contra vecino 0
Resultado 9
72499.2
Jugando Partidos contra vecino 1
Resultado 7
74340.4
Jugando Partidos contra vecino 2
Resultado 9
69648.9
Jugando Partidos contra vecino 3
Resultado 11
72998.5
Yo soy: 
-7 33 9 24 79 76 76 37 61 22 46 57 23 -57 54 95 30 60 El mejor fue: 3
-7 33 9 24 79 76 76 37 61 22 66 57 23 -57 54 95 30 60 Generación 142
arranca 
Jugando Partidos contra vecino 0
Resultado 11
71697.2
Yo soy: 
-7 33 9 24 79 76 76 37 61 22 66 57 23 -57 54 95 30 60 El mejor fue: 0
-7 33 9 24 79 76 76 37 61 22 66 57 3 -57 54 95 30 60 Generación 141
arranca 
Jugando Partidos contra vecino 0
Resultado 13
63241.1
Yo soy: 
-7 33 9 24 79 76 76 37 61 22 66 57 3 -57 54 95 30 60 El mejor fue: 0
-7 33 9 24 79 76 76 17 61 22 66 57 3 -57 54 95 30 60 Generación 140
arranca 
Jugando Partidos contra vecino 0
Resultado 7
68809.1
Jugando Partidos contra vecino 1
Resultado 11
70216.2
Yo soy: 
-7 33 9 24 79 76 76 17 61 22 66 57 3 -57 54 95 30 60 El mejor fue: 1
-7 33 29 24 79 76 76 17 61 22 66 57 3 -57 54 95 30 60 Generación 139
arranca 
Jugando Partidos contra vecino 0
Resultado 11
68173.3
Yo soy: 
-7 33 29 24 79 76 76 17 61 22 66 57 3 -57 54 95 30 60 El mejor fue: 0
-7 33 29 24 79 76 76 17 41 22 66 57 3 -57 54 95 30 60 Generación 138
arranca 
Jugando Partidos contra vecino 0
Resultado 9
74848
Jugando Partidos contra vecino 1
Resultado 9
73269.9
Jugando Partidos contra vecino 2
Resultado 7
73836.2
Jugando Partidos contra vecino 3
Resultado 5
69156.1
Jugando Partidos contra vecino 4
Resultado 9
65056.9
Jugando Partidos contra vecino 5
Resultado 5
65078.5
Jugando Partidos contra vecino 6
Resultado 7
74094.1
Jugando Partidos contra vecino 7
Resultado 13
66484.6
Yo soy: 
-7 33 29 24 79 76 76 17 41 22 66 57 3 -57 54 95 30 60 El mejor fue: 7
-7 33 29 24 79 76 76 17 41 22 66 57 3 -77 54 95 30 60 Generación 137
arranca 
Jugando Partidos contra vecino 0
Resultado 5
62139.7
Jugando Partidos contra vecino 1
Resultado 11
66520.5
Yo soy: 
-7 33 29 24 79 76 76 17 41 22 66 57 3 -77 54 95 30 60 El mejor fue: 1
-7 33 29 24 79 76 76 17 41 22 66 57 3 -77 34 95 30 60 Generación 136
arranca 
Jugando Partidos contra vecino 0
Resultado 11
68312.8
Yo soy: 
-7 33 29 24 79 76 76 17 41 22 66 57 3 -77 34 95 30 60 El mejor fue: 0
-7 33 29 44 79 76 76 17 41 22 66 57 3 -77 34 95 30 60 Generación 135
arranca 
Jugando Partidos contra vecino 0
Resultado 5
63027.4
Jugando Partidos contra vecino 1
Resultado 13
67470.1
Yo soy: 
-7 33 29 44 79 76 76 17 41 22 66 57 3 -77 34 95 30 60 El mejor fue: 1
-7 33 29 44 79 76 76 17 41 22 66 57 3 -77 34 95 50 60 Generación 134
arranca 
Jugando Partidos contra vecino 0
Resultado 9
69231.2
Jugando Partidos contra vecino 1
Resultado 9
65755.3
Jugando Partidos contra vecino 2
Resultado 11
70119
Yo soy: 
-7 33 29 44 79 76 76 17 41 22 66 57 3 -77 34 95 50 60 El mejor fue: 2
-7 33 29 44 79 76 76 17 41 42 66 57 3 -77 34 95 50 60 Generación 133
arranca 
Jugando Partidos contra vecino 0
Resultado 11
72578.7
Yo soy: 
-7 33 29 44 79 76 76 17 41 42 66 57 3 -77 34 95 50 60 El mejor fue: 0
-7 33 29 44 79 76 76 17 41 42 66 57 3 -77 14 95 50 60 Generación 132
arranca 
Jugando Partidos contra vecino 0
Resultado 9
65533.9
Jugando Partidos contra vecino 1
Resultado 13
62833.3
Yo soy: 
-7 33 29 44 79 76 76 17 41 42 66 57 3 -77 14 95 50 60 El mejor fue: 1
-7 33 29 44 79 76 76 17 41 42 66 57 3 -57 14 95 50 60 Generación 131
arranca 
Jugando Partidos contra vecino 0
Resultado 9
75132.1
Jugando Partidos contra vecino 1
Resultado 13
51033.3
Yo soy: 
-7 33 29 44 79 76 76 17 41 42 66 57 3 -57 14 95 50 60 El mejor fue: 1
-7 33 29 44 79 76 76 17 41 42 66 77 3 -57 14 95 50 60 Generación 130
arranca 
Jugando Partidos contra vecino 0
Resultado 5
62401.3
Jugando Partidos contra vecino 1
Resultado 13
63112.4
Yo soy: 
-7 33 29 44 79 76 76 17 41 42 66 77 3 -57 14 95 50 60 El mejor fue: 1
-7 33 29 44 79 76 76 17 41 42 66 77 3 -57 14 95 30 60 Generación 129
arranca 
Jugando Partidos contra vecino 0
Resultado 9
75209.1
Jugando Partidos contra vecino 1
Resultado 9
75066
Jugando Partidos contra vecino 2
Resultado 11
64573.9
Yo soy: 
-7 33 29 44 79 76 76 17 41 42 66 77 3 -57 14 95 30 60 El mejor fue: 2
-7 33 29 44 79 76 76 -3 41 42 66 77 3 -57 14 95 30 60 Generación 128
arranca 
Jugando Partidos contra vecino 0
Resultado 15
61065
Yo soy: 
-7 33 29 44 79 76 76 -3 41 42 66 77 3 -57 14 95 30 60 El mejor fue: 0
-7 33 29 44 79 76 76 -3 41 42 66 77 3 -57 14 95 10 60 Generación 127
arranca 
Jugando Partidos contra vecino 0
Resultado 15
57255.9
Yo soy: 
-7 33 29 44 79 76 76 -3 41 42 66 77 3 -57 14 95 10 60 El mejor fue: 0
-7 33 29 64 79 76 76 -3 41 42 66 77 3 -57 14 95 10 60 Generación 126
arranca 
Jugando Partidos contra vecino 0
Resultado 9
65486.7
Jugando Partidos contra vecino 1
Resultado 13
54712.1
Yo soy: 
-7 33 29 64 79 76 76 -3 41 42 66 77 3 -57 14 95 10 60 El mejor fue: 1
-7 33 29 64 79 76 56 -3 41 42 66 77 3 -57 14 95 10 60 Generación 125
arranca 
Jugando Partidos contra vecino 0
Resultado 9
65106.2
Jugando Partidos contra vecino 1
Resultado 9
74710.2
Jugando Partidos contra vecino 2
Resultado 9
73113.4
Jugando Partidos contra vecino 3
Resultado 15
56093.9
Yo soy: 
-7 33 29 64 79 76 56 -3 41 42 66 77 3 -57 14 95 10 60 El mejor fue: 3
-7 33 29 64 79 76 56 -3 41 42 66 77 3 -37 14 95 10 60 Generación 124
arranca 
Jugando Partidos contra vecino 0
Resultado 15
57415.5
Yo soy: 
-7 33 29 64 79 76 56 -3 41 42 66 77 3 -37 14 95 10 60 El mejor fue: 0
-7 33 29 64 79 76 56 17 41 42 66 77 3 -37 14 95 10 60 Generación 123
arranca 
Jugando Partidos contra vecino 0
Resultado 11
69863.2
Yo soy: 
-7 33 29 64 79 76 56 17 41 42 66 77 3 -37 14 95 10 60 El mejor fue: 0
-7 33 29 64 79 76 56 17 41 42 66 77 3 -37 14 95 10 40 Generación 122
arranca 
Jugando Partidos contra vecino 0
Resultado 9
70775.4
Jugando Partidos contra vecino 1
Resultado 9
75944.3
Jugando Partidos contra vecino 2
Resultado 15
69055.9
Yo soy: 
-7 33 29 64 79 76 56 17 41 42 66 77 3 -37 14 95 10 40 El mejor fue: 2
-7 33 29 64 79 76 56 17 41 42 66 77 3 -37 -6 95 10 40 Generación 121
arranca 
Jugando Partidos contra vecino 0
Resultado 13
67964.4
Yo soy: 
-7 33 29 64 79 76 56 17 41 42 66 77 3 -37 -6 95 10 40 El mejor fue: 0
-7 13 29 64 79 76 56 17 41 42 66 77 3 -37 -6 95 10 40 Generación 120
arranca 
Jugando Partidos contra vecino 0
Resultado 13
69842.4
Yo soy: 
-7 13 29 64 79 76 56 17 41 42 66 77 3 -37 -6 95 10 40 El mejor fue: 0
-7 13 29 64 79 76 56 17 41 42 46 77 3 -37 -6 95 10 40 Generación 119
arranca 
Jugando Partidos contra vecino 0
Resultado 13
69937.2
Yo soy: 
-7 13 29 64 79 76 56 17 41 42 46 77 3 -37 -6 95 10 40 El mejor fue: 0
-7 13 29 64 79 76 56 17 41 42 46 77 3 -37 -6 95 30 40 Generación 118
arranca 
Jugando Partidos contra vecino 0
Resultado 15
64577.9
Yo soy: 
-7 13 29 64 79 76 56 17 41 42 46 77 3 -37 -6 95 30 40 El mejor fue: 0
-7 13 29 64 79 76 36 17 41 42 46 77 3 -37 -6 95 30 40 Generación 117
arranca 
Jugando Partidos contra vecino 0
Resultado 13
61916.4
Yo soy: 
-7 13 29 64 79 76 36 17 41 42 46 77 3 -37 -6 95 30 40 El mejor fue: 0
-7 13 29 64 79 76 36 17 61 42 46 77 3 -37 -6 95 30 40 Generación 116
arranca 
Jugando Partidos contra vecino 0
Resultado 13
57014.3
Yo soy: 
-7 13 29 64 79 76 36 17 61 42 46 77 3 -37 -6 95 30 40 El mejor fue: 0
-7 13 29 64 79 76 36 17 61 42 46 77 3 -37 -6 95 50 40 Generación 115
arranca 
Jugando Partidos contra vecino 0
Resultado 13
70156.2
Yo soy: 
-7 13 29 64 79 76 36 17 61 42 46 77 3 -37 -6 95 50 40 El mejor fue: 0
-7 13 29 64 79 76 36 17 61 42 46 57 3 -37 -6 95 50 40 Generación 114
arranca 
Jugando Partidos contra vecino 0
Resultado 11
72671.2
Yo soy: 
-7 13 29 64 79 76 36 17 61 42 46 57 3 -37 -6 95 50 40 El mejor fue: 0
-7 13 29 64 79 76 36 17 61 42 46 57 3 -57 -6 95 50 40 Generación 113
arranca 
Jugando Partidos contra vecino 0
Resultado 9
69780.6
Jugando Partidos contra vecino 1
Resultado 15
74073.1
Yo soy: 
-7 13 29 64 79 76 36 17 61 42 46 57 3 -57 -6 95 50 40 El mejor fue: 1
-7 13 29 64 79 76 36 17 61 62 46 57 3 -57 -6 95 50 40 Generación 112
arranca 
Jugando Partidos contra vecino 0
Resultado 13
76431.3
Yo soy: 
-7 13 29 64 79 76 36 17 61 62 46 57 3 -57 -6 95 50 40 El mejor fue: 0
-7 13 29 64 99 76 36 17 61 62 46 57 3 -57 -6 95 50 40 Generación 111
arranca 
Jugando Partidos contra vecino 0
Resultado 15
53879.9
Yo soy: 
-7 13 29 64 99 76 36 17 61 62 46 57 3 -57 -6 95 50 40 El mejor fue: 0
-7 13 29 64 99 76 36 17 61 62 46 57 23 -57 -6 95 50 40 Generación 110
arranca 
Jugando Partidos contra vecino 0
Resultado 13
76633.8
Yo soy: 
-7 13 29 64 99 76 36 17 61 62 46 57 23 -57 -6 95 50 40 El mejor fue: 0
-7 13 29 64 99 76 56 17 61 62 46 57 23 -57 -6 95 50 40 Generación 109
arranca 
Jugando Partidos contra vecino 0
Resultado 15
70406.3
Yo soy: 
-7 13 29 64 99 76 56 17 61 62 46 57 23 -57 -6 95 50 40 El mejor fue: 0
-7 13 29 64 99 76 56 17 61 62 46 57 23 -57 -6 95 50 60 Generación 108
arranca 
Jugando Partidos contra vecino 0
Resultado 15
74047.1
Yo soy: 
-7 13 29 64 99 76 56 17 61 62 46 57 23 -57 -6 95 50 60 El mejor fue: 0
-7 13 29 64 99 76 56 17 61 62 46 57 23 -57 -6 95 50 40 Generación 107
arranca 
Jugando Partidos contra vecino 0
Resultado 7
77772.9
Jugando Partidos contra vecino 1
Resultado 15
78113.6
Yo soy: 
-7 13 29 64 99 76 56 17 61 62 46 57 23 -57 -6 95 50 40 El mejor fue: 1
-27 13 29 64 99 76 56 17 61 62 46 57 23 -57 -6 95 50 40 Generación 106
arranca 
Jugando Partidos contra vecino 0
Resultado 13
63817.8
Yo soy: 
-27 13 29 64 99 76 56 17 61 62 46 57 23 -57 -6 95 50 40 El mejor fue: 0
-27 13 29 64 99 76 76 17 61 62 46 57 23 -57 -6 95 50 40 Generación 105
arranca 
Jugando Partidos contra vecino 0
Resultado 15
80600.3
Yo soy: 
-27 13 29 64 99 76 76 17 61 62 46 57 23 -57 -6 95 50 40 El mejor fue: 0
-27 13 29 64 99 76 76 37 61 62 46 57 23 -57 -6 95 50 40 Generación 104
arranca 
Jugando Partidos contra vecino 0
Resultado 5
78636.2
Jugando Partidos contra vecino 1
Resultado 13
55252.4
Yo soy: 
-27 13 29 64 99 76 76 37 61 62 46 57 23 -57 -6 95 50 40 El mejor fue: 1
-27 13 29 64 99 76 76 37 61 62 46 57 23 -37 -6 95 50 40 Generación 103
arranca 
Jugando Partidos contra vecino 0
Resultado 15
65081.6
Yo soy: 
-27 13 29 64 99 76 76 37 61 62 46 57 23 -37 -6 95 50 40 El mejor fue: 0
-27 13 29 64 99 96 76 37 61 62 46 57 23 -37 -6 95 50 40 Generación 102
arranca 
Jugando Partidos contra vecino 0
Resultado 15
72431.7
Yo soy: 
-27 13 29 64 99 96 76 37 61 62 46 57 23 -37 -6 95 50 40 El mejor fue: 0
-27 13 29 64 99 96 76 37 61 62 46 57 23 -37 -6 95 70 40 Generación 101
arranca 
Jugando Partidos contra vecino 0
Resultado 13
69029.8
Yo soy: 
-27 13 29 64 99 96 76 37 61 62 46 57 23 -37 -6 95 70 40 El mejor fue: 0
-27 13 29 84 99 96 76 37 61 62 46 57 23 -37 -6 95 70 40 Generación 100
arranca 
Jugando Partidos contra vecino 0
Resultado 13
78455
Yo soy: 
-27 13 29 84 99 96 76 37 61 62 46 57 23 -37 -6 95 70 40 El mejor fue: 0
-27 13 29 84 99 96 76 37 41 62 46 57 23 -37 -6 95 70 40 Generación 99
arranca 
Jugando Partidos contra vecino 0
Resultado 15
70516.5
Yo soy: 
-27 13 29 84 99 96 76 37 41 62 46 57 23 -37 -6 95 70 40 El mejor fue: 0
-47 13 29 84 99 96 76 37 41 62 46 57 23 -37 -6 95 70 40 Generación 98
arranca 
Jugando Partidos contra vecino 0
Resultado 5
69696.8
Jugando Partidos contra vecino 1
Resultado 15
75209
Yo soy: 
-47 13 29 84 99 96 76 37 41 62 46 57 23 -37 -6 95 70 40 El mejor fue: 1
-67 13 29 84 99 96 76 37 41 62 46 57 23 -37 -6 95 70 40 Generación 97
arranca 
Jugando Partidos contra vecino 0
Resultado 13
64461.1
Yo soy: 
-67 13 29 84 99 96 76 37 41 62 46 57 23 -37 -6 95 70 40 El mejor fue: 0
-67 13 29 84 99 96 76 57 41 62 46 57 23 -37 -6 95 70 40 Generación 96
arranca 
Jugando Partidos contra vecino 0
Resultado 13
75622
Yo soy: 
-67 13 29 84 99 96 76 57 41 62 46 57 23 -37 -6 95 70 40 El mejor fue: 0
-67 13 29 84 99 96 76 57 41 62 66 57 23 -37 -6 95 70 40 Generación 95
arranca 
Jugando Partidos contra vecino 0
Resultado 15
71372.9
Yo soy: 
-67 13 29 84 99 96 76 57 41 62 66 57 23 -37 -6 95 70 40 El mejor fue: 0
-67 13 29 84 99 96 76 37 41 62 66 57 23 -37 -6 95 70 40 Generación 94
arranca 
Jugando Partidos contra vecino 0
Resultado 13
69998.3
Yo soy: 
-67 13 29 84 99 96 76 37 41 62 66 57 23 -37 -6 95 70 40 El mejor fue: 0
-67 13 29 84 99 56 76 37 41 62 66 57 23 -37 -6 95 70 40 Generación 93
arranca 
Jugando Partidos contra vecino 0
Resultado 15
66357.9
Yo soy: 
-67 13 29 84 99 56 76 37 41 62 66 57 23 -37 -6 95 70 40 El mejor fue: 0
-67 13 29 84 99 56 76 37 41 62 66 57 23 -37 -26 95 70 40 Generación 92
arranca 
Jugando Partidos contra vecino 0
Resultado 15
76023.8
Yo soy: 
-67 13 29 84 99 56 76 37 41 62 66 57 23 -37 -26 95 70 40 El mejor fue: 0
-67 13 29 84 99 56 76 37 21 62 66 57 23 -37 -26 95 70 40 Generación 91
arranca 
Jugando Partidos contra vecino 0
Resultado 13
78710.6
Yo soy: 
-67 13 29 84 99 56 76 37 21 62 66 57 23 -37 -26 95 70 40 El mejor fue: 0
-67 13 29 84 99 56 76 37 21 42 66 57 23 -37 -26 95 70 40 Generación 90
arranca 
Jugando Partidos contra vecino 0
Resultado 13
73350.2
Yo soy: 
-67 13 29 84 99 56 76 37 21 42 66 57 23 -37 -26 95 70 40 El mejor fue: 0
-67 33 29 84 99 56 76 37 21 42 66 57 23 -37 -26 95 70 40 Generación 89
arranca 
Jugando Partidos contra vecino 0
Resultado 11
80010.1
Yo soy: 
-67 33 29 84 99 56 76 37 21 42 66 57 23 -37 -26 95 70 40 El mejor fue: 0
-67 33 29 84 99 56 76 37 21 42 66 57 23 -37 -6 95 70 40 Generación 88
arranca 
Jugando Partidos contra vecino 0
Resultado 15
75578.8
Yo soy: 
-67 33 29 84 99 56 76 37 21 42 66 57 23 -37 -6 95 70 40 El mejor fue: 0
-67 33 29 84 99 56 76 37 21 42 66 57 23 -37 -6 95 70 60 Generación 87
arranca 
Jugando Partidos contra vecino 0
Resultado 13
78300.1
Yo soy: 
-67 33 29 84 99 56 76 37 21 42 66 57 23 -37 -6 95 70 60 El mejor fue: 0
-67 13 29 84 99 56 76 37 21 42 66 57 23 -37 -6 95 70 60 Generación 86
arranca 
Jugando Partidos contra vecino 0
Resultado 11
67997
Yo soy: 
-67 13 29 84 99 56 76 37 21 42 66 57 23 -37 -6 95 70 60 El mejor fue: 0
-67 -7 29 84 99 56 76 37 21 42 66 57 23 -37 -6 95 70 60 Generación 85
arranca 
Jugando Partidos contra vecino 0
Resultado 11
73845.1
Yo soy: 
-67 -7 29 84 99 56 76 37 21 42 66 57 23 -37 -6 95 70 60 El mejor fue: 0
-67 -7 29 84 99 56 76 37 21 42 66 57 23 -37 -6 95 70 80 Generación 84
arranca 
Jugando Partidos contra vecino 0
Resultado 15
72758.6
Yo soy: 
-67 -7 29 84 99 56 76 37 21 42 66 57 23 -37 -6 95 70 80 El mejor fue: 0
-47 -7 29 84 99 56 76 37 21 42 66 57 23 -37 -6 95 70 80 Generación 83
arranca 
Jugando Partidos contra vecino 0
Resultado 9
77006
Jugando Partidos contra vecino 1
Resultado 13
73089.4
Yo soy: 
-47 -7 29 84 99 56 76 37 21 42 66 57 23 -37 -6 95 70 80 El mejor fue: 1
-47 -27 29 84 99 56 76 37 21 42 66 57 23 -37 -6 95 70 80 Generación 82
arranca 
Jugando Partidos contra vecino 0
Resultado 13
67058
Yo soy: 
-47 -27 29 84 99 56 76 37 21 42 66 57 23 -37 -6 95 70 80 El mejor fue: 0
-47 -27 29 84 99 76 76 37 21 42 66 57 23 -37 -6 95 70 80 Generación 81
arranca 
Jugando Partidos contra vecino 0
Resultado 13
61975.5
Yo soy: 
-47 -27 29 84 99 76 76 37 21 42 66 57 23 -37 -6 95 70 80 El mejor fue: 0
-47 -27 29 84 99 76 76 37 1 42 66 57 23 -37 -6 95 70 80 Generación 80
arranca 
Jugando Partidos contra vecino 0
Resultado 15
58899.3
Yo soy: 
-47 -27 29 84 99 76 76 37 1 42 66 57 23 -37 -6 95 70 80 El mejor fue: 0
-47 -27 29 84 99 76 96 37 1 42 66 57 23 -37 -6 95 70 80 Generación 79
arranca 
Jugando Partidos contra vecino 0
Resultado 13
56516
Yo soy: 
-47 -27 29 84 99 76 96 37 1 42 66 57 23 -37 -6 95 70 80 El mejor fue: 0
-47 -27 29 84 99 76 96 37 1 42 86 57 23 -37 -6 95 70 80 Generación 78
arranca 
Jugando Partidos contra vecino 0
Resultado 13
55746
Yo soy: 
-47 -27 29 84 99 76 96 37 1 42 86 57 23 -37 -6 95 70 80 El mejor fue: 0
-47 -27 29 84 99 76 96 37 1 42 86 57 23 -37 -26 95 70 80 Generación 77
arranca 
Jugando Partidos contra vecino 0
Resultado 13
55665.3
Yo soy: 
-47 -27 29 84 99 76 96 37 1 42 86 57 23 -37 -26 95 70 80 El mejor fue: 0
-47 -27 29 84 99 76 96 37 1 42 86 57 23 -37 -6 95 70 80 Generación 76
arranca 
Jugando Partidos contra vecino 0
Resultado 15
57353.8
Yo soy: 
-47 -27 29 84 99 76 96 37 1 42 86 57 23 -37 -6 95 70 80 El mejor fue: 0
-47 -27 29 84 99 76 96 37 1 42 86 57 23 -17 -6 95 70 80 Generación 75
arranca 
Jugando Partidos contra vecino 0
Resultado 13
51401.7
Yo soy: 
-47 -27 29 84 99 76 96 37 1 42 86 57 23 -17 -6 95 70 80 El mejor fue: 0
-47 -27 29 84 99 76 96 37 1 42 86 57 23 -17 -6 95 70 40 Generación 74
arranca 
Jugando Partidos contra vecino 0
Resultado 15
60664.3
Yo soy: 
-47 -27 29 84 99 76 96 37 1 42 86 57 23 -17 -6 95 70 40 El mejor fue: 0
-67 -27 29 84 99 76 96 37 1 42 86 57 23 -17 -6 95 70 40 Generación 73
arranca 
Jugando Partidos contra vecino 0
Resultado 15
59700.2
Yo soy: 
-67 -27 29 84 99 76 96 37 1 42 86 57 23 -17 -6 95 70 40 El mejor fue: 0
-67 -27 29 84 99 96 96 37 1 42 86 57 23 -17 -6 95 70 40 Generación 72
arranca 
Jugando Partidos contra vecino 0
Resultado 15
56937.6
Yo soy: 
-67 -27 29 84 99 96 96 37 1 42 86 57 23 -17 -6 95 70 40 El mejor fue: 0
-67 -27 29 84 99 96 96 37 1 42 86 57 23 -17 14 95 70 40 Generación 71
arranca 
Jugando Partidos contra vecino 0
Resultado 15
56658.2
Yo soy: 
-67 -27 29 84 99 96 96 37 1 42 86 57 23 -17 14 95 70 40 El mejor fue: 0
-67 -27 29 84 99 76 96 37 1 42 86 57 23 -17 14 95 70 40 Generación 70
arranca 
Jugando Partidos contra vecino 0
Resultado 15
63040.2
Yo soy: 
-67 -27 29 84 99 76 96 37 1 42 86 57 23 -17 14 95 70 40 El mejor fue: 0
-67 -47 29 84 99 76 96 37 1 42 86 57 23 -17 14 95 70 40 Generación 69
arranca 
Jugando Partidos contra vecino 0
Resultado 15
63236.2
Yo soy: 
-67 -47 29 84 99 76 96 37 1 42 86 57 23 -17 14 95 70 40 El mejor fue: 0
-67 -47 29 84 99 76 96 37 1 42 86 57 23 -17 -6 95 70 40 Generación 68
arranca 
Jugando Partidos contra vecino 0
Resultado 15
59100
Yo soy: 
-67 -47 29 84 99 76 96 37 1 42 86 57 23 -17 -6 95 70 40 El mejor fue: 0
-67 -47 29 84 99 76 96 37 1 42 86 57 23 -17 -6 95 70 60 Generación 67
arranca 
Jugando Partidos contra vecino 0
Resultado 15
53271.3
Yo soy: 
-67 -47 29 84 99 76 96 37 1 42 86 57 23 -17 -6 95 70 60 El mejor fue: 0
-67 -47 29 84 99 76 96 37 1 42 86 57 23 -17 14 95 70 60 Generación 66
arranca 
Jugando Partidos contra vecino 0
Resultado 15
61685.9
Yo soy: 
-67 -47 29 84 99 76 96 37 1 42 86 57 23 -17 14 95 70 60 El mejor fue: 0
-67 -27 29 84 99 76 96 37 1 42 86 57 23 -17 14 95 70 60 Generación 65
arranca 
Jugando Partidos contra vecino 0
Resultado 15
55715.7
Yo soy: 
-67 -27 29 84 99 76 96 37 1 42 86 57 23 -17 14 95 70 60 El mejor fue: 0
-67 -27 29 84 99 76 96 37 21 42 86 57 23 -17 14 95 70 60 Generación 64
arranca 
Jugando Partidos contra vecino 0
Resultado 11
73070.2
Yo soy: 
-67 -27 29 84 99 76 96 37 21 42 86 57 23 -17 14 95 70 60 El mejor fue: 0
-67 -27 29 84 99 76 96 37 21 42 86 57 23 -17 34 95 70 60 Generación 63
arranca 
Jugando Partidos contra vecino 0
Resultado 15
58412.9
Yo soy: 
-67 -27 29 84 99 76 96 37 21 42 86 57 23 -17 34 95 70 60 El mejor fue: 0
-67 -27 29 84 99 76 96 37 21 42 86 57 23 -17 34 95 70 40 Generación 62
arranca 
Jugando Partidos contra vecino 0
Resultado 11
66597.1
Yo soy: 
-67 -27 29 84 99 76 96 37 21 42 86 57 23 -17 34 95 70 40 El mejor fue: 0
-67 -27 29 84 99 76 96 37 21 42 86 37 23 -17 34 95 70 40 Generación 61
arranca 
Jugando Partidos contra vecino 0
Resultado 13
77996.2
Yo soy: 
-67 -27 29 84 99 76 96 37 21 42 86 37 23 -17 34 95 70 40 El mejor fue: 0
-67 -27 29 84 99 76 96 37 21 42 86 37 23 -17 34 95 50 40 Generación 60
arranca 
Jugando Partidos contra vecino 0
Resultado 11
72817.8
Yo soy: 
-67 -27 29 84 99 76 96 37 21 42 86 37 23 -17 34 95 50 40 El mejor fue: 0
-67 -47 29 84 99 76 96 37 21 42 86 37 23 -17 34 95 50 40 Generación 59
arranca 
Jugando Partidos contra vecino 0
Resultado 11
78078.7
Yo soy: 
-67 -47 29 84 99 76 96 37 21 42 86 37 23 -17 34 95 50 40 El mejor fue: 0
-67 -47 49 84 99 76 96 37 21 42 86 37 23 -17 34 95 50 40 Generación 58
arranca 
Jugando Partidos contra vecino 0
Resultado 15
63330.2
Yo soy: 
-67 -47 49 84 99 76 96 37 21 42 86 37 23 -17 34 95 50 40 El mejor fue: 0
-67 -47 49 84 99 76 96 57 21 42 86 37 23 -17 34 95 50 40 Generación 57
arranca 
Jugando Partidos contra vecino 0
Resultado 5
43320.4
Jugando Partidos contra vecino 1
Resultado 5
57466.8
Jugando Partidos contra vecino 2
Resultado 11
73545.8
Yo soy: 
-67 -47 49 84 99 76 96 57 21 42 86 37 23 -17 34 95 50 40 El mejor fue: 2
-67 -67 49 84 99 76 96 57 21 42 86 37 23 -17 34 95 50 40 Generación 56
arranca 
Jugando Partidos contra vecino 0
Resultado 13
71209.6
Yo soy: 
-67 -67 49 84 99 76 96 57 21 42 86 37 23 -17 34 95 50 40 El mejor fue: 0
-67 -67 49 84 99 56 96 57 21 42 86 37 23 -17 34 95 50 40 Generación 55
arranca 
Jugando Partidos contra vecino 0
Resultado 11
73174.4
Yo soy: 
-67 -67 49 84 99 56 96 57 21 42 86 37 23 -17 34 95 50 40 El mejor fue: 0
-47 -67 49 84 99 56 96 57 21 42 86 37 23 -17 34 95 50 40 Generación 54
arranca 
Jugando Partidos contra vecino 0
Resultado 9
45031.9
Jugando Partidos contra vecino 1
Resultado 11
55696
Yo soy: 
-47 -67 49 84 99 56 96 57 21 42 86 37 23 -17 34 95 50 40 El mejor fue: 1
-47 -67 69 84 99 56 96 57 21 42 86 37 23 -17 34 95 50 40 Generación 53
arranca 
Jugando Partidos contra vecino 0
Resultado 13
45651.5
Yo soy: 
-47 -67 69 84 99 56 96 57 21 42 86 37 23 -17 34 95 50 40 El mejor fue: 0
-47 -67 69 84 99 56 96 57 21 62 86 37 23 -17 34 95 50 40 Generación 52
arranca 
Jugando Partidos contra vecino 0
Resultado 15
61782.9
Yo soy: 
-47 -67 69 84 99 56 96 57 21 62 86 37 23 -17 34 95 50 40 El mejor fue: 0
-47 -67 69 84 99 76 96 57 21 62 86 37 23 -17 34 95 50 40 Generación 51
arranca 
Jugando Partidos contra vecino 0
Resultado 7
72788.2
Jugando Partidos contra vecino 1
Resultado 15
63721.2
Yo soy: 
-47 -67 69 84 99 76 96 57 21 62 86 37 23 -17 34 95 50 40 El mejor fue: 1
-47 -67 69 84 99 76 96 57 21 62 86 37 23 -17 34 95 50 20 Generación 50
arranca 
Jugando Partidos contra vecino 0
Resultado 15
65566.4
Yo soy: 
-47 -67 69 84 99 76 96 57 21 62 86 37 23 -17 34 95 50 20 El mejor fue: 0
-47 -67 69 84 99 76 96 57 21 62 86 37 23 -17 34 95 70 20 Generación 49
arranca 
Jugando Partidos contra vecino 0
Resultado 9
75012.9
Jugando Partidos contra vecino 1
Resultado 15
51132.6
Yo soy: 
-47 -67 69 84 99 76 96 57 21 62 86 37 23 -17 34 95 70 20 El mejor fue: 1
-47 -47 69 84 99 76 96 57 21 62 86 37 23 -17 34 95 70 20 Generación 48
arranca 
Jugando Partidos contra vecino 0
Resultado 11
60444.4
Yo soy: 
-47 -47 69 84 99 76 96 57 21 62 86 37 23 -17 34 95 70 20 El mejor fue: 0
-47 -47 69 84 99 76 76 57 21 62 86 37 23 -17 34 95 70 20 Generación 47
arranca 
Jugando Partidos contra vecino 0
Resultado 13
50812.8
Yo soy: 
-47 -47 69 84 99 76 76 57 21 62 86 37 23 -17 34 95 70 20 El mejor fue: 0
-47 -47 69 84 59 76 76 57 21 62 86 37 23 -17 34 95 70 20 Generación 46
arranca 
Jugando Partidos contra vecino 0
Resultado 7
78368.1
Jugando Partidos contra vecino 1
Resultado 11
55946.4
Yo soy: 
-47 -47 69 84 59 76 76 57 21 62 86 37 23 -17 34 95 70 20 El mejor fue: 1
-47 -47 69 84 59 76 96 57 21 62 86 37 23 -17 34 95 70 20 Generación 45
arranca 
Jugando Partidos contra vecino 0
Resultado 11
64232.7
Yo soy: 
-47 -47 69 84 59 76 96 57 21 62 86 37 23 -17 34 95 70 20 El mejor fue: 0
-47 -27 69 84 59 76 96 57 21 62 86 37 23 -17 34 95 70 20 Generación 44
arranca 
Jugando Partidos contra vecino 0
Resultado 13
63704.6
Yo soy: 
-47 -27 69 84 59 76 96 57 21 62 86 37 23 -17 34 95 70 20 El mejor fue: 0
-47 -27 69 84 59 76 96 57 41 62 86 37 23 -17 34 95 70 20 Generación 43
arranca 
Jugando Partidos contra vecino 0
Resultado 9
76462.1
Jugando Partidos contra vecino 1
Resultado 15
42386.9
Yo soy: 
-47 -27 69 84 59 76 96 57 41 62 86 37 23 -17 34 95 70 20 El mejor fue: 1
-47 -47 69 84 59 76 96 57 41 62 86 37 23 -17 34 95 70 20 Generación 42
arranca 
Jugando Partidos contra vecino 0
Resultado 15
61776.4
Yo soy: 
-47 -47 69 84 59 76 96 57 41 62 86 37 23 -17 34 95 70 20 El mejor fue: 0
-47 -47 69 84 79 76 96 57 41 62 86 37 23 -17 34 95 70 20 Generación 41
arranca 
Jugando Partidos contra vecino 0
Resultado 11
53772.6
Yo soy: 
-47 -47 69 84 79 76 96 57 41 62 86 37 23 -17 34 95 70 20 El mejor fue: 0
-47 -47 69 64 79 76 96 57 41 62 86 37 23 -17 34 95 70 20 Generación 40
arranca 
Jugando Partidos contra vecino 0
Resultado 7
77329.9
Jugando Partidos contra vecino 1
Resultado 13
67064
Yo soy: 
-47 -47 69 64 79 76 96 57 41 62 86 37 23 -17 34 95 70 20 El mejor fue: 1
-47 -47 69 64 79 76 96 57 41 62 86 57 23 -17 34 95 70 20 Generación 39
arranca 
Jugando Partidos contra vecino 0
Resultado 9
75317.4
Jugando Partidos contra vecino 1
Resultado 13
65699.9
Yo soy: 
-47 -47 69 64 79 76 96 57 41 62 86 57 23 -17 34 95 70 20 El mejor fue: 1
-47 -47 69 64 99 76 96 57 41 62 86 57 23 -17 34 95 70 20 Generación 38
arranca 
Jugando Partidos contra vecino 0
Resultado 13
46300.3
Yo soy: 
-47 -47 69 64 99 76 96 57 41 62 86 57 23 -17 34 95 70 20 El mejor fue: 0
-47 -47 69 84 99 76 96 57 41 62 86 57 23 -17 34 95 70 20 Generación 37
arranca 
Jugando Partidos contra vecino 0
Resultado 13
69347.6
Yo soy: 
-47 -47 69 84 99 76 96 57 41 62 86 57 23 -17 34 95 70 20 El mejor fue: 0
-47 -47 69 84 99 76 96 57 41 62 86 57 23 -37 34 95 70 20 Generación 36
arranca 
Jugando Partidos contra vecino 0
Resultado 15
71502.7
Yo soy: 
-47 -47 69 84 99 76 96 57 41 62 86 57 23 -37 34 95 70 20 El mejor fue: 0
-47 -47 69 44 99 76 96 57 41 62 86 57 23 -37 34 95 70 20 Generación 35
arranca 
Jugando Partidos contra vecino 0
Resultado 15
77370.6
Yo soy: 
-47 -47 69 44 99 76 96 57 41 62 86 57 23 -37 34 95 70 20 El mejor fue: 0
-47 -47 69 44 59 76 96 57 41 62 86 57 23 -37 34 95 70 20 Generación 34
arranca 
Jugando Partidos contra vecino 0
Resultado 11
68467.3
Yo soy: 
-47 -47 69 44 59 76 96 57 41 62 86 57 23 -37 34 95 70 20 El mejor fue: 0
-47 -47 69 44 59 76 96 57 61 62 86 57 23 -37 34 95 70 20 Generación 33
arranca 
Jugando Partidos contra vecino 0
Resultado 9
63110.6
Jugando Partidos contra vecino 1
Resultado 13
63699.8
Yo soy: 
-47 -47 69 44 59 76 96 57 61 62 86 57 23 -37 34 95 70 20 El mejor fue: 1
-47 -47 69 44 59 76 96 57 61 62 46 57 23 -37 34 95 70 20 Generación 32
arranca 
Jugando Partidos contra vecino 0
Resultado 5
58339.3
Jugando Partidos contra vecino 1
Resultado 9
61263
Jugando Partidos contra vecino 2
Resultado 13
73792.5
Yo soy: 
-47 -47 69 44 59 76 96 57 61 62 46 57 23 -37 34 95 70 20 El mejor fue: 2
-47 -47 49 44 59 76 96 57 61 62 46 57 23 -37 34 95 70 20 Generación 31
arranca 
Jugando Partidos contra vecino 0
Resultado 15
76687.9
Yo soy: 
-47 -47 49 44 59 76 96 57 61 62 46 57 23 -37 34 95 70 20 El mejor fue: 0
-47 -47 49 44 79 76 96 57 61 62 46 57 23 -37 34 95 70 20 Generación 30
arranca 
Jugando Partidos contra vecino 0
Resultado 11
78276.2
Yo soy: 
-47 -47 49 44 79 76 96 57 61 62 46 57 23 -37 34 95 70 20 El mejor fue: 0
-47 -47 49 44 79 76 96 57 61 62 46 57 23 -57 34 95 70 20 Generación 29
arranca 
Jugando Partidos contra vecino 0
Resultado 5
67424.9
Jugando Partidos contra vecino 1
Resultado 15
66208.6
Yo soy: 
-47 -47 49 44 79 76 96 57 61 62 46 57 23 -57 34 95 70 20 El mejor fue: 1
-47 -47 49 64 79 76 96 57 61 62 46 57 23 -57 34 95 70 20 Generación 28
arranca 
Jugando Partidos contra vecino 0
Resultado 15
72512.4
Yo soy: 
-47 -47 49 64 79 76 96 57 61 62 46 57 23 -57 34 95 70 20 El mejor fue: 0
-47 -47 49 64 79 76 96 57 61 62 46 77 23 -57 34 95 70 20 Generación 27
arranca 
Jugando Partidos contra vecino 0
Resultado 13
66777.8
Yo soy: 
-47 -47 49 64 79 76 96 57 61 62 46 77 23 -57 34 95 70 20 El mejor fue: 0
-47 -47 49 64 79 76 96 57 61 62 46 77 43 -57 34 95 70 20 Generación 26
arranca 
Jugando Partidos contra vecino 0
Resultado 11
57734.7
Yo soy: 
-47 -47 49 64 79 76 96 57 61 62 46 77 43 -57 34 95 70 20 El mejor fue: 0
-47 -47 49 64 79 76 96 57 41 62 46 77 43 -57 34 95 70 20 Generación 25
arranca 
Jugando Partidos contra vecino 0
Resultado 15
73067.6
Yo soy: 
-47 -47 49 64 79 76 96 57 41 62 46 77 43 -57 34 95 70 20 El mejor fue: 0
-27 -47 49 64 79 76 96 57 41 62 46 77 43 -57 34 95 70 20 Generación 24
arranca 
Jugando Partidos contra vecino 0
Resultado 13
65925
Yo soy: 
-27 -47 49 64 79 76 96 57 41 62 46 77 43 -57 34 95 70 20 El mejor fue: 0
-27 -47 49 64 79 76 96 57 41 62 46 77 43 -37 34 95 70 20 Generación 23
arranca 
Jugando Partidos contra vecino 0
Resultado 11
77229.8
Yo soy: 
-27 -47 49 64 79 76 96 57 41 62 46 77 43 -37 34 95 70 20 El mejor fue: 0
-27 -47 49 84 79 76 96 57 41 62 46 77 43 -37 34 95 70 20 Generación 22
arranca 
Jugando Partidos contra vecino 0
Resultado 13
63135
Yo soy: 
-27 -47 49 84 79 76 96 57 41 62 46 77 43 -37 34 95 70 20 El mejor fue: 0
-27 -47 49 84 79 96 96 57 41 62 46 77 43 -37 34 95 70 20 Generación 21
arranca 
Jugando Partidos contra vecino 0
Resultado 15
60344.1
Yo soy: 
-27 -47 49 84 79 96 96 57 41 62 46 77 43 -37 34 95 70 20 El mejor fue: 0
-27 -47 49 84 79 96 96 57 41 62 46 77 43 -57 34 95 70 20 Generación 20
arranca 
Jugando Partidos contra vecino 0
Resultado 13
74290.6
Yo soy: 
-27 -47 49 84 79 96 96 57 41 62 46 77 43 -57 34 95 70 20 El mejor fue: 0
-27 -47 49 84 79 96 96 37 41 62 46 77 43 -57 34 95 70 20 Generación 19
arranca 
Jugando Partidos contra vecino 0
Resultado 15
57488.9
Yo soy: 
-27 -47 49 84 79 96 96 37 41 62 46 77 43 -57 34 95 70 20 El mejor fue: 0
-27 -47 49 84 79 96 96 37 41 62 46 57 43 -57 34 95 70 20 Generación 18
arranca 
Jugando Partidos contra vecino 0
Resultado 13
55739.5
Yo soy: 
-27 -47 49 84 79 96 96 37 41 62 46 57 43 -57 34 95 70 20 El mejor fue: 0
-27 -47 49 84 79 96 56 37 41 62 46 57 43 -57 34 95 70 20 Generación 17
arranca 
Jugando Partidos contra vecino 0
Resultado 15
47377
Yo soy: 
-27 -47 49 84 79 96 56 37 41 62 46 57 43 -57 34 95 70 20 El mejor fue: 0
-27 -47 49 84 79 96 56 37 41 62 46 57 23 -57 34 95 70 20 Generación 16
arranca 
Jugando Partidos contra vecino 0
Resultado 9
70727.8
Jugando Partidos contra vecino 1
Resultado 13
50076.1
Yo soy: 
-27 -47 49 84 79 96 56 37 41 62 46 57 23 -57 34 95 70 20 El mejor fue: 1
-27 -47 49 84 79 96 56 57 41 62 46 57 23 -57 34 95 70 20 Generación 15
arranca 
Jugando Partidos contra vecino 0
Resultado 11
61963.8
Yo soy: 
-27 -47 49 84 79 96 56 57 41 62 46 57 23 -57 34 95 70 20 El mejor fue: 0
-27 -47 49 84 79 96 56 57 41 62 46 57 23 -57 34 95 50 20 Generación 14
arranca 
Jugando Partidos contra vecino 0
Resultado 11
71727.5
Yo soy: 
-27 -47 49 84 79 96 56 57 41 62 46 57 23 -57 34 95 50 20 El mejor fue: 0
-27 -47 49 84 79 96 56 57 41 62 46 57 23 -57 34 95 50 40 Generación 13
arranca 
Jugando Partidos contra vecino 0
Resultado 13
59788.5
Yo soy: 
-27 -47 49 84 79 96 56 57 41 62 46 57 23 -57 34 95 50 40 El mejor fue: 0
-27 -47 49 84 79 96 56 57 41 62 46 57 3 -57 34 95 50 40 Generación 12
arranca 
Jugando Partidos contra vecino 0
Resultado 15
43242.4
Yo soy: 
-27 -47 49 84 79 96 56 57 41 62 46 57 3 -57 34 95 50 40 El mejor fue: 0
-27 -47 49 84 79 96 56 57 41 62 46 57 23 -57 34 95 50 40 Generación 11
arranca 
Jugando Partidos contra vecino 0
Resultado 9
69418.1
Jugando Partidos contra vecino 1
Resultado 13
60608.2
Yo soy: 
-27 -47 49 84 79 96 56 57 41 62 46 57 23 -57 34 95 50 40 El mejor fue: 1
-27 -47 49 84 79 96 56 57 41 62 46 57 23 -37 34 95 50 40 Generación 10
arranca 
Jugando Partidos contra vecino 0
Resultado 13
57635.2
Yo soy: 
-27 -47 49 84 79 96 56 57 41 62 46 57 23 -37 34 95 50 40 El mejor fue: 0
-27 -47 49 84 79 76 56 57 41 62 46 57 23 -37 34 95 50 40 Generación 9
arranca 
Jugando Partidos contra vecino 0
Resultado 13
52522.8
Yo soy: 
-27 -47 49 84 79 76 56 57 41 62 46 57 23 -37 34 95 50 40 El mejor fue: 0
-27 -47 49 84 79 76 56 57 41 62 46 57 23 -17 34 95 50 40 Generación 8
arranca 
Jugando Partidos contra vecino 0
Resultado 13
78780.6
Yo soy: 
-27 -47 49 84 79 76 56 57 41 62 46 57 23 -17 34 95 50 40 El mejor fue: 0
-27 -47 49 84 79 76 56 57 41 62 46 57 23 -17 14 95 50 40 Generación 7
arranca 
Jugando Partidos contra vecino 0
Resultado 15
71929.5
Yo soy: 
-27 -47 49 84 79 76 56 57 41 62 46 57 23 -17 14 95 50 40 El mejor fue: 0
-47 -47 49 84 79 76 56 57 41 62 46 57 23 -17 14 95 50 40 Generación 6
arranca 
Jugando Partidos contra vecino 0
Resultado 9
66312.7
Jugando Partidos contra vecino 1
Resultado 15
66470.2
Yo soy: 
-47 -47 49 84 79 76 56 57 41 62 46 57 23 -17 14 95 50 40 El mejor fue: 1
-47 -47 49 84 79 76 56 57 61 62 46 57 23 -17 14 95 50 40 Generación 5
arranca 
Jugando Partidos contra vecino 0
Resultado 15
65438.2
Yo soy: 
-47 -47 49 84 79 76 56 57 61 62 46 57 23 -17 14 95 50 40 El mejor fue: 0
-47 -47 49 84 79 76 56 57 61 62 46 57 23 -17 -6 95 50 40 Generación 4
arranca 
Jugando Partidos contra vecino 0
Resultado 13
74993.3
Yo soy: 
-47 -47 49 84 79 76 56 57 61 62 46 57 23 -17 -6 95 50 40 El mejor fue: 0
-47 -47 29 84 79 76 56 57 61 62 46 57 23 -17 -6 95 50 40 Generación 3
arranca 
Jugando Partidos contra vecino 0
Resultado 15
70513.9
Yo soy: 
-47 -47 29 84 79 76 56 57 61 62 46 57 23 -17 -6 95 50 40 El mejor fue: 0
-47 -27 29 84 79 76 56 57 61 62 46 57 23 -17 -6 95 50 40 Generación 2
arranca 
Jugando Partidos contra vecino 0
Resultado 15
73672.9
Yo soy: 
-47 -27 29 84 79 76 56 57 61 62 46 57 23 -17 -6 95 50 40 El mejor fue: 0
-47 -27 29 84 79 76 56 57 61 62 46 57 23 -17 -6 95 30 40 Generación 1
arranca 
Jugando Partidos contra vecino 0
Resultado 13
76075.1
Yo soy: 
-47 -27 29 84 79 76 56 57 61 62 46 57 23 -17 -6 95 30 40 El mejor fue: 0
-47 -27 29 84 79 76 56 57 61 62 46 57 23 -17 -6 95 10 40 Generación 0
1.92167e+07
