arranca 
Jugando Partidos contra vecino 0
Resultado 5
11924.4
Jugando Partidos contra vecino 1
Resultado 5
21762.4
Jugando Partidos contra vecino 2
Resultado 5
20940.6
Jugando Partidos contra vecino 3
Resultado 5
14998.2
Jugando Partidos contra vecino 4
Resultado 5
12571.3
Jugando Partidos contra vecino 5
Resultado 5
20103
Jugando Partidos contra vecino 6
Resultado 5
13858.7
Jugando Partidos contra vecino 7
Resultado 5
20379.1
Jugando Partidos contra vecino 8
Resultado 5
12729.3
Jugando Partidos contra vecino 9
Resultado 5
19535.3
Jugando Partidos contra vecino 10
Resultado 5
15562.1
Jugando Partidos contra vecino 11
Resultado 5
19501.2
Jugando Partidos contra vecino 12
Resultado 5
14714.8
Jugando Partidos contra vecino 13
Resultado 5
12241
Jugando Partidos contra vecino 14
Resultado 5
18598.1
Jugando Partidos contra vecino 15
Resultado 5
15606.4
Jugando Partidos contra vecino 16
Resultado 5
16064.9
Jugando Partidos contra vecino 17
Resultado 5
17414.9
Jugando Partidos contra vecino 18
Resultado 5
16194.8
Jugando Partidos contra vecino 19
Resultado 5
16927.7
Jugando Partidos contra vecino 20
Resultado 5
17373.7
Jugando Partidos contra vecino 21
Resultado 5
15530.8
Jugando Partidos contra vecino 22
Resultado 5
14672.3
Jugando Partidos contra vecino 23
Resultado 5
16824.9
Jugando Partidos contra vecino 24
Resultado 5
14906.8
Jugando Partidos contra vecino 25
Resultado 5
23470.8
Jugando Partidos contra vecino 26
Resultado 5
17657.1
Jugando Partidos contra vecino 27
Resultado 5
23285.2
Jugando Partidos contra vecino 28
Resultado 5
22017
Jugando Partidos contra vecino 29
Resultado 5
15773.9
513141
arranca 
Jugando Partidos contra vecino 0
Resultado 5
57457.2
Jugando Partidos contra vecino 1
Resultado 5
49150.2
Jugando Partidos contra vecino 2
Resultado 5
47942.6
Jugando Partidos contra vecino 3
Resultado 5
45612.9
Jugando Partidos contra vecino 4
Resultado 5
48911.4
Jugando Partidos contra vecino 5
Resultado 5
47636.7
Jugando Partidos contra vecino 6
Resultado 5
47425.5
Jugando Partidos contra vecino 7
Resultado 5
59014.5
Jugando Partidos contra vecino 8
Resultado 5
55761.7
Jugando Partidos contra vecino 9
Resultado 5
49580
Jugando Partidos contra vecino 10
Resultado 5
46059.1
Jugando Partidos contra vecino 11
Resultado 5
48387.1
Jugando Partidos contra vecino 12
Resultado 5
47463.2
Jugando Partidos contra vecino 13
Resultado 5
45360.5
Jugando Partidos contra vecino 14
Resultado 5
48644.7
Jugando Partidos contra vecino 15
Resultado 5
47464.7
Jugando Partidos contra vecino 16
Resultado 5
48855.1
Jugando Partidos contra vecino 17
Resultado 5
50956
Jugando Partidos contra vecino 18
Resultado 5
48629.8
Jugando Partidos contra vecino 19
Resultado 5
27957.3
Jugando Partidos contra vecino 20
Resultado 5
48537.1
Jugando Partidos contra vecino 21
Resultado 5
48311.3
Jugando Partidos contra vecino 22
Resultado 5
55930.4
Jugando Partidos contra vecino 23
Resultado 5
52780.5
Jugando Partidos contra vecino 24
Resultado 5
47076.6
Jugando Partidos contra vecino 25
Resultado 5
49748
Jugando Partidos contra vecino 26
Resultado 5
48597.9
Jugando Partidos contra vecino 27
Resultado 5
44851.2
Jugando Partidos contra vecino 28
Resultado 5
61868.9
Jugando Partidos contra vecino 29
Resultado 5
46805.7
1.47278e+06
arranca 
Jugando Partidos contra vecino 0
Resultado 5
43566
Jugando Partidos contra vecino 1
Resultado 5
53808.4
Jugando Partidos contra vecino 2
Resultado 5
52283.9
Jugando Partidos contra vecino 3
Resultado 5
53804.3
Jugando Partidos contra vecino 4
Resultado 5
53838.7
Jugando Partidos contra vecino 5
Resultado 5
54519.2
Jugando Partidos contra vecino 6
Resultado 5
53971.9
Jugando Partidos contra vecino 7
Resultado 5
53669.3
Jugando Partidos contra vecino 8
Resultado 5
52561.2
Jugando Partidos contra vecino 9
Resultado 5
54921.6
Jugando Partidos contra vecino 10
Resultado 5
49664.8
Jugando Partidos contra vecino 11
Resultado 5
53570.5
Jugando Partidos contra vecino 12
Resultado 5
54219.1
Jugando Partidos contra vecino 13
Resultado 5
54831.6
Jugando Partidos contra vecino 14
Resultado 5
54506.2
Jugando Partidos contra vecino 15
Resultado 5
53795.3
Jugando Partidos contra vecino 16
Resultado 5
54650.4
Jugando Partidos contra vecino 17
Resultado 5
53870
Jugando Partidos contra vecino 18
Resultado 5
54636.2
Jugando Partidos contra vecino 19
Resultado 5
55282.8
Jugando Partidos contra vecino 20
Resultado 5
51852.1
Jugando Partidos contra vecino 21
Resultado 5
55349
Jugando Partidos contra vecino 22
Resultado 5
51579
Jugando Partidos contra vecino 23
Resultado 5
47496.1
Jugando Partidos contra vecino 24
Resultado 5
53903.7
Jugando Partidos contra vecino 25
Resultado 5
53816
Jugando Partidos contra vecino 26
Resultado 5
50655.5
Jugando Partidos contra vecino 27
Resultado 5
54161.9
Jugando Partidos contra vecino 28
Resultado 5
50531
Jugando Partidos contra vecino 29
Resultado 5
53305.3
1.58862e+06
arranca 
Jugando Partidos contra vecino 0
Resultado 3
19174.8
Jugando Partidos contra vecino 1
Resultado 4
25571.4
Jugando Partidos contra vecino 2
Resultado 3
18805.5
Jugando Partidos contra vecino 3
Resultado 6
21537.6
Jugando Partidos contra vecino 4
Resultado 9
31200.5
Jugando Partidos contra vecino 5
Resultado 6
23565.1
Jugando Partidos contra vecino 6
Resultado 9
31265.9
Jugando Partidos contra vecino 7
Resultado 3
22647.8
Jugando Partidos contra vecino 8
Resultado 6
23263
Jugando Partidos contra vecino 9
Resultado 4
22524.4
Jugando Partidos contra vecino 10
Resultado 1
16412.3
Jugando Partidos contra vecino 11
Resultado 2
18158.4
Jugando Partidos contra vecino 12
Resultado 4
24628.2
Jugando Partidos contra vecino 13
Resultado 3
23926.2
Jugando Partidos contra vecino 14
Resultado 1
19831
Jugando Partidos contra vecino 15
Resultado 2
21656.7
Jugando Partidos contra vecino 16
Resultado 3
22028.3
Jugando Partidos contra vecino 17
Resultado 2
16594.2
Jugando Partidos contra vecino 18
Resultado 4
19272.3
Jugando Partidos contra vecino 19
Resultado 7
23552
Jugando Partidos contra vecino 20
Resultado 6
25526.4
Jugando Partidos contra vecino 21
Resultado 2
17919.1
Jugando Partidos contra vecino 22
Resultado 1
19413.2
Jugando Partidos contra vecino 23
Resultado 1
16182.8
Jugando Partidos contra vecino 24
Resultado 9
25603.2
Jugando Partidos contra vecino 25
Resultado 1
20085.2
Jugando Partidos contra vecino 26
Resultado 3
25052
Jugando Partidos contra vecino 27
Resultado 4
25085.7
Jugando Partidos contra vecino 28
Resultado 2
17250.9
Jugando Partidos contra vecino 29
Resultado 0
15630.1
653364
arranca 
Jugando Partidos contra vecino 0
Resultado 4
21606.4
Jugando Partidos contra vecino 1
Resultado 4
26035.6
Jugando Partidos contra vecino 2
Resultado 5
23769.6
Jugando Partidos contra vecino 3
Resultado 5
24141.4
Jugando Partidos contra vecino 4
Resultado 3
28421.5
Jugando Partidos contra vecino 5
Resultado 5
24358.2
Jugando Partidos contra vecino 6
Resultado 9
24946.4
Jugando Partidos contra vecino 7
Resultado 9
36584
Jugando Partidos contra vecino 8
Resultado 4
26123.3
Jugando Partidos contra vecino 9
Resultado 6
19487.1
Jugando Partidos contra vecino 10
Resultado 5
29826.8
Jugando Partidos contra vecino 11
Resultado 11
45769.3
Yo soy: 
54 33 95 28 42 8 61 92 9 61 49 84 37 73 29 El mejor fue: 11
54 33 95 28 42 8 61 92 9 61 49 84 37 73 9 Generación 19
arranca 
Jugando Partidos contra vecino 0
Resultado 11
47194.9
Yo soy: 
54 33 95 28 42 8 61 92 9 61 49 84 37 73 9 El mejor fue: 0
54 33 75 28 42 8 61 92 9 61 49 84 37 73 9 Generación 18
arranca 
Jugando Partidos contra vecino 0
Resultado 7
35958
Jugando Partidos contra vecino 1
Resultado 2
15750.8
Jugando Partidos contra vecino 2
Resultado 5
16794.4
Jugando Partidos contra vecino 3
Resultado 6
33041.6
Jugando Partidos contra vecino 4
Resultado 4
24244.9
Jugando Partidos contra vecino 5
Resultado 6
23338.3
Jugando Partidos contra vecino 6
Resultado 7
36052.1
Jugando Partidos contra vecino 7
Resultado 3
18245.8
Jugando Partidos contra vecino 8
Resultado 6
34773.2
Jugando Partidos contra vecino 9
Resultado 4
20168.8
Jugando Partidos contra vecino 10
Resultado 4
18792.2
Jugando Partidos contra vecino 11
Resultado 7
26284.2
Jugando Partidos contra vecino 12
Resultado 6
32166.2
Jugando Partidos contra vecino 13
Resultado 3
19737.2
Jugando Partidos contra vecino 14
Resultado 3
24176
Jugando Partidos contra vecino 15
Resultado 6
20804.4
Jugando Partidos contra vecino 16
Resultado 5
30568
Jugando Partidos contra vecino 17
Resultado 7
31239.4
Jugando Partidos contra vecino 18
Resultado 7
29084.8
Jugando Partidos contra vecino 19
Resultado 3
23313.3
Jugando Partidos contra vecino 20
Resultado 5
19754.5
Jugando Partidos contra vecino 21
Resultado 6
30512.7
Jugando Partidos contra vecino 22
Resultado 13
57536.3
Yo soy: 
54 33 75 28 42 8 61 92 9 61 49 84 37 73 9 El mejor fue: 22
54 33 75 28 42 8 41 92 9 61 49 84 37 73 9 Generación 17
arranca 
Jugando Partidos contra vecino 0
Resultado 7
24882.7
Jugando Partidos contra vecino 1
Resultado 3
16004.4
Jugando Partidos contra vecino 2
Resultado 5
19335
Jugando Partidos contra vecino 3
Resultado 6
26998.5
Jugando Partidos contra vecino 4
Resultado 7
37602
Jugando Partidos contra vecino 5
Resultado 6
25996
Jugando Partidos contra vecino 6
Resultado 11
30949.3
Yo soy: 
54 33 75 28 42 8 41 92 9 61 49 84 37 73 9 El mejor fue: 6
54 53 75 28 42 8 41 92 9 61 49 84 37 73 9 Generación 16
arranca 
Jugando Partidos contra vecino 0
Resultado 7
26115.9
Jugando Partidos contra vecino 1
Resultado 13
30865.9
Yo soy: 
54 53 75 28 42 8 41 92 9 61 49 84 37 73 9 El mejor fue: 1
54 53 75 28 42 8 21 92 9 61 49 84 37 73 9 Generación 15
arranca 
Jugando Partidos contra vecino 0
Resultado 11
35160.1
Yo soy: 
54 53 75 28 42 8 21 92 9 61 49 84 37 73 9 El mejor fue: 0
54 53 75 28 42 8 21 92 9 61 49 84 37 93 9 Generación 14
arranca 
Jugando Partidos contra vecino 0
Resultado 12
48844.7
Yo soy: 
54 53 75 28 42 8 21 92 9 61 49 84 37 93 9 El mejor fue: 0
54 53 75 28 42 8 21 72 9 61 49 84 37 93 9 Generación 13
arranca 
Jugando Partidos contra vecino 0
Resultado 7
24739.6
Jugando Partidos contra vecino 1
Resultado 13
35047.8
Yo soy: 
54 53 75 28 42 8 21 72 9 61 49 84 37 93 9 El mejor fue: 1
54 53 75 28 42 8 21 52 9 61 49 84 37 93 9 Generación 12
arranca 
Jugando Partidos contra vecino 0
Resultado 8
28888.8
Jugando Partidos contra vecino 1
Resultado 4
20151.2
Jugando Partidos contra vecino 2
Resultado 12
51402.3
Yo soy: 
54 53 75 28 42 8 21 52 9 61 49 84 37 93 9 El mejor fue: 2
34 53 75 28 42 8 21 52 9 61 49 84 37 93 9 Generación 11
arranca 
Jugando Partidos contra vecino 0
Resultado 11
42128.4
Yo soy: 
34 53 75 28 42 8 21 52 9 61 49 84 37 93 9 El mejor fue: 0
34 53 75 8 42 8 21 52 9 61 49 84 37 93 9 Generación 10
arranca 
Jugando Partidos contra vecino 0
Resultado 4
26431
Jugando Partidos contra vecino 1
Resultado 7
34651.4
Jugando Partidos contra vecino 2
Resultado 7
26098.1
Jugando Partidos contra vecino 3
Resultado 5
20544.1
Jugando Partidos contra vecino 4
Resultado 10
40442.7
Yo soy: 
34 53 75 8 42 8 21 52 9 61 49 84 37 93 9 El mejor fue: 4
34 53 75 8 42 8 21 52 9 61 49 84 37 53 9 Generación 9
arranca 
Jugando Partidos contra vecino 0
Resultado 7
36367.6
Jugando Partidos contra vecino 1
Resultado 9
42525.8
Jugando Partidos contra vecino 2
Resultado 5
29333.7
Jugando Partidos contra vecino 3
Resultado 10
39961.7
Yo soy: 
34 53 75 8 42 8 21 52 9 61 49 84 37 53 9 El mejor fue: 3
34 73 75 8 42 8 21 52 9 61 49 84 37 53 9 Generación 8
arranca 
Jugando Partidos contra vecino 0
Resultado 13
47783.5
Yo soy: 
34 73 75 8 42 8 21 52 9 61 49 84 37 53 9 El mejor fue: 0
34 73 75 8 42 8 1 52 9 61 49 84 37 53 9 Generación 7
arranca 
Jugando Partidos contra vecino 0
Resultado 11
26932.1
Yo soy: 
34 73 75 8 42 8 1 52 9 61 49 84 37 53 9 El mejor fue: 0
34 73 75 8 22 8 1 52 9 61 49 84 37 53 9 Generación 6
arranca 
Jugando Partidos contra vecino 0
Resultado 4
16978.4
Jugando Partidos contra vecino 1
Resultado 4
16186.9
Jugando Partidos contra vecino 2
Resultado 4
11989.4
Jugando Partidos contra vecino 3
Resultado 7
24738.5
Jugando Partidos contra vecino 4
Resultado 5
19054.7
Jugando Partidos contra vecino 5
Resultado 7
20439.7
Jugando Partidos contra vecino 6
Resultado 7
17310.8
Jugando Partidos contra vecino 7
Resultado 7
17251.2
Jugando Partidos contra vecino 8
Resultado 6
16318.7
Jugando Partidos contra vecino 9
Resultado 10
24865.6
Yo soy: 
34 73 75 8 22 8 1 52 9 61 49 84 37 53 9 El mejor fue: 9
34 73 75 8 2 8 1 52 9 61 49 84 37 53 9 Generación 5
arranca 
Jugando Partidos contra vecino 0
Resultado 6
19297.1
Jugando Partidos contra vecino 1
Resultado 9
19901.4
Jugando Partidos contra vecino 2
Resultado 8
19765.4
Jugando Partidos contra vecino 3
Resultado 3
17890.6
Jugando Partidos contra vecino 4
Resultado 11
29754.1
Yo soy: 
34 73 75 8 2 8 1 52 9 61 49 84 37 53 9 El mejor fue: 4
34 73 75 8 2 8 1 52 9 61 49 84 37 73 9 Generación 4
arranca 
Jugando Partidos contra vecino 0
Resultado 7
14872
Jugando Partidos contra vecino 1
Resultado 7
14520.6
Jugando Partidos contra vecino 2
Resultado 6
18526.7
Jugando Partidos contra vecino 3
Resultado 3
17641.9
Jugando Partidos contra vecino 4
Resultado 6
16145.1
Jugando Partidos contra vecino 5
Resultado 6
17558.7
Jugando Partidos contra vecino 6
Resultado 4
18298.2
Jugando Partidos contra vecino 7
Resultado 6
17733.6
Jugando Partidos contra vecino 8
Resultado 7
23464.8
Jugando Partidos contra vecino 9
Resultado 4
14718.9
Jugando Partidos contra vecino 10
Resultado 6
14853.1
Jugando Partidos contra vecino 11
Resultado 8
32018.4
Jugando Partidos contra vecino 12
Resultado 4
12837.9
Jugando Partidos contra vecino 13
Resultado 8
24734.4
Jugando Partidos contra vecino 14
Resultado 9
20333
Jugando Partidos contra vecino 15
Resultado 8
18421.1
Jugando Partidos contra vecino 16
Resultado 7
14306
Jugando Partidos contra vecino 17
Resultado 9
22787.2
Jugando Partidos contra vecino 18
Resultado 7
22529.9
Jugando Partidos contra vecino 19
Resultado 10
23496.8
Yo soy: 
34 73 75 8 2 8 1 52 9 61 49 84 37 73 9 El mejor fue: 19
54 73 75 8 2 8 1 52 9 61 49 84 37 73 9 Generación 3
arranca 
Jugando Partidos contra vecino 0
Resultado 10
28864.6
Yo soy: 
54 73 75 8 2 8 1 52 9 61 49 84 37 73 9 El mejor fue: 0
54 73 75 8 2 8 1 52 9 61 49 84 37 93 9 Generación 2
arranca 
Jugando Partidos contra vecino 0
Resultado 11
23570.2
Yo soy: 
54 73 75 8 2 8 1 52 9 61 49 84 37 93 9 El mejor fue: 0
54 93 75 8 2 8 1 52 9 61 49 84 37 93 9 Generación 1
arranca 
Jugando Partidos contra vecino 0
Resultado 8
27159.2
Jugando Partidos contra vecino 1
Resultado 4
14909.6
Jugando Partidos contra vecino 2
Resultado 7
16713.1
Jugando Partidos contra vecino 3
Resultado 7
18742.3
Jugando Partidos contra vecino 4
Resultado 8
26608.7
Jugando Partidos contra vecino 5
Resultado 2
17935.1
Jugando Partidos contra vecino 6
Resultado 9
21071.7
Jugando Partidos contra vecino 7
Resultado 4
17436.6
Jugando Partidos contra vecino 8
Resultado 4
16435.2
Jugando Partidos contra vecino 9
Resultado 7
21724.8
Jugando Partidos contra vecino 10
Resultado 5
13505.4
Jugando Partidos contra vecino 11
Resultado 6
15878.6
Jugando Partidos contra vecino 12
Resultado 7
16987.8
Jugando Partidos contra vecino 13
Resultado 7
26372.1
Jugando Partidos contra vecino 14
Resultado 7
22334
Jugando Partidos contra vecino 15
Resultado 7
18718.9
Jugando Partidos contra vecino 16
Resultado 5
14775.6
Jugando Partidos contra vecino 17
Resultado 9
20977.5
Jugando Partidos contra vecino 18
Resultado 9
20241.2
Jugando Partidos contra vecino 19
Resultado 10
23652
Yo soy: 
54 93 75 8 2 8 1 52 9 61 49 84 37 93 9 El mejor fue: 19
34 93 75 8 2 8 1 52 9 61 49 84 37 93 9 Generación 0
3.01294e+06
