arranca 
Jugando Partidos contra vecino 0
Resultado 6
32010.7
Jugando Partidos contra vecino 1
Resultado 7
29639.6
Jugando Partidos contra vecino 2
Resultado 9
23918.2
Jugando Partidos contra vecino 3
Resultado 9
25759.9
Jugando Partidos contra vecino 4
Resultado 9
28117
Jugando Partidos contra vecino 5
Resultado 8
31522.1
Jugando Partidos contra vecino 6
Resultado 9
26202.6
Jugando Partidos contra vecino 7
Resultado 3
31400.6
Jugando Partidos contra vecino 8
Resultado 6
25735
Jugando Partidos contra vecino 9
Resultado 6
19506.1
Jugando Partidos contra vecino 10
Resultado 6
25456.1
Jugando Partidos contra vecino 11
Resultado 5
20885.7
Jugando Partidos contra vecino 12
Resultado 7
25378.6
Jugando Partidos contra vecino 13
Resultado 8
26279.9
Jugando Partidos contra vecino 14
Resultado 13
36244.6
Yo soy: 
96 43 45 26 20 14 7 48 39 65 44 90 16 41 80 El mejor fue: 14
96 43 45 16 20 14 7 48 39 65 44 90 16 41 80 Generación 99
arranca 
Jugando Partidos contra vecino 0
Resultado 9
27127.9
Jugando Partidos contra vecino 1
Resultado 6
32568.6
Jugando Partidos contra vecino 2
Resultado 5
22533
Jugando Partidos contra vecino 3
Resultado 9
26635.4
Jugando Partidos contra vecino 4
Resultado 7
37345.7
Jugando Partidos contra vecino 5
Resultado 5
17883.6
Jugando Partidos contra vecino 6
Resultado 10
36810.1
Yo soy: 
96 43 45 16 20 14 7 48 39 65 44 90 16 41 80 El mejor fue: 6
96 43 45 16 20 14 17 48 39 65 44 90 16 41 80 Generación 98
arranca 
Jugando Partidos contra vecino 0
Resultado 8
28436.4
Jugando Partidos contra vecino 1
Resultado 7
30139.4
Jugando Partidos contra vecino 2
Resultado 7
30643.3
Jugando Partidos contra vecino 3
Resultado 9
28972.1
Jugando Partidos contra vecino 4
Resultado 7
27188.4
Jugando Partidos contra vecino 5
Resultado 7
23615.2
Jugando Partidos contra vecino 6
Resultado 4
22449.7
Jugando Partidos contra vecino 7
Resultado 4
17315.5
Jugando Partidos contra vecino 8
Resultado 6
25499.6
Jugando Partidos contra vecino 9
Resultado 7
26462.2
Jugando Partidos contra vecino 10
Resultado 8
25168.2
Jugando Partidos contra vecino 11
Resultado 11
28754.5
Yo soy: 
96 43 45 16 20 14 17 48 39 65 44 90 16 41 80 El mejor fue: 11
96 43 45 16 20 14 17 48 39 65 44 90 16 41 70 Generación 97
arranca 
Jugando Partidos contra vecino 0
Resultado 10
28982.8
Yo soy: 
96 43 45 16 20 14 17 48 39 65 44 90 16 41 70 El mejor fue: 0
76 43 45 16 20 14 17 48 39 65 44 90 16 41 70 Generación 96
arranca 
Jugando Partidos contra vecino 0
Resultado 7
21160.8
Jugando Partidos contra vecino 1
Resultado 4
22187.9
Jugando Partidos contra vecino 2
Resultado 5
24794.2
Jugando Partidos contra vecino 3
Resultado 5
23888.9
Jugando Partidos contra vecino 4
Resultado 5
23849.2
Jugando Partidos contra vecino 5
Resultado 5
19241.7
Jugando Partidos contra vecino 6
Resultado 5
18760.8
Jugando Partidos contra vecino 7
Resultado 6
16749.6
Jugando Partidos contra vecino 8
Resultado 3
16715.7
Jugando Partidos contra vecino 9
Resultado 4
26499.4
Jugando Partidos contra vecino 10
Resultado 3
15624.7
Jugando Partidos contra vecino 11
Resultado 3
18578.9
Jugando Partidos contra vecino 12
Resultado 3
23510.3
Jugando Partidos contra vecino 13
Resultado 4
13974.2
Jugando Partidos contra vecino 14
Resultado 5
26412.7
Jugando Partidos contra vecino 15
Resultado 9
24885.9
Jugando Partidos contra vecino 16
Resultado 4
17973.5
Jugando Partidos contra vecino 17
Resultado 5
18809.6
Jugando Partidos contra vecino 18
Resultado 6
21130.6
Jugando Partidos contra vecino 19
Resultado 6
18034.6
Jugando Partidos contra vecino 20
Resultado 7
23439.5
Jugando Partidos contra vecino 21
Resultado 3
18780.7
Jugando Partidos contra vecino 22
Resultado 7
24791.6
Jugando Partidos contra vecino 23
Resultado 2
15965.9
Jugando Partidos contra vecino 24
Resultado 4
13881
Jugando Partidos contra vecino 25
Resultado 4
22739.2
Jugando Partidos contra vecino 26
Resultado 3
17881.4
Jugando Partidos contra vecino 27
Resultado 9
27556.3
Jugando Partidos contra vecino 28
Resultado 3
17648.8
Jugando Partidos contra vecino 29
Resultado 5
27025.8
1.57508e+06
arranca 
Jugando Partidos contra vecino 0
Resultado 8
26486
Jugando Partidos contra vecino 1
Resultado 3
22132.9
Jugando Partidos contra vecino 2
Resultado 2
30817.8
Jugando Partidos contra vecino 3
Resultado 10
35897.6
Yo soy: 
37 98 62 42 5 20 79 8 27 59 78 87 13 36 15 El mejor fue: 3
37 98 62 42 5 20 79 8 27 59 88 87 13 36 15 Generación 99
arranca 
Jugando Partidos contra vecino 0
Resultado 10
29729.9
Yo soy: 
37 98 62 42 5 20 79 8 27 59 88 87 13 36 15 El mejor fue: 0
37 98 62 42 5 20 79 8 27 59 88 87 13 36 5 Generación 98
arranca 
Jugando Partidos contra vecino 0
Resultado 9
31950.2
Jugando Partidos contra vecino 1
Resultado 6
25217.5
Jugando Partidos contra vecino 2
Resultado 9
26605.5
Jugando Partidos contra vecino 3
Resultado 10
37258.5
Yo soy: 
37 98 62 42 5 20 79 8 27 59 88 87 13 36 5 El mejor fue: 3
37 98 62 42 5 20 79 8 17 59 88 87 13 36 5 Generación 97
arranca 
Jugando Partidos contra vecino 0
Resultado 9
31793.5
Jugando Partidos contra vecino 1
Resultado 8
23936.2
Jugando Partidos contra vecino 2
Resultado 3
22835.4
Jugando Partidos contra vecino 3
Resultado 5
24772.8
Jugando Partidos contra vecino 4
Resultado 5
24266
Jugando Partidos contra vecino 5
Resultado 4
19531
Jugando Partidos contra vecino 6
Resultado 5
22157.6
Jugando Partidos contra vecino 7
Resultado 7
27553.4
Jugando Partidos contra vecino 8
Resultado 1
18217
Jugando Partidos contra vecino 9
Resultado 2
20146.9
Jugando Partidos contra vecino 10
Resultado 7
24087.2
Jugando Partidos contra vecino 11
Resultado 3
20490.1
Jugando Partidos contra vecino 12
Resultado 3
19907.2
Jugando Partidos contra vecino 13
Resultado 5
24464.3
Jugando Partidos contra vecino 14
Resultado 6
25390.5
Jugando Partidos contra vecino 15
Resultado 4
20880.6
Jugando Partidos contra vecino 16
Resultado 2
25095.8
Jugando Partidos contra vecino 17
Resultado 5
24525.5
Jugando Partidos contra vecino 18
Resultado 5
19314.4
Jugando Partidos contra vecino 19
Resultado 5
26638.8
Jugando Partidos contra vecino 20
Resultado 4
20721.9
Jugando Partidos contra vecino 21
Resultado 5
22695.9
Jugando Partidos contra vecino 22
Resultado 8
25320.3
Jugando Partidos contra vecino 23
Resultado 9
28917.4
Jugando Partidos contra vecino 24
Resultado 3
18470.3
Jugando Partidos contra vecino 25
Resultado 5
27973.3
Jugando Partidos contra vecino 26
Resultado 5
26952.2
Jugando Partidos contra vecino 27
Resultado 11
36038.8
Yo soy: 
37 98 62 42 5 20 79 8 17 59 88 87 13 36 5 El mejor fue: 27
37 98 62 42 5 20 79 8 17 49 88 87 13 36 5 Generación 96
arranca 
Jugando Partidos contra vecino 0
Resultado 4
18520.1
Jugando Partidos contra vecino 1
Resultado 4
22575.5
Jugando Partidos contra vecino 2
Resultado 9
24606.5
Jugando Partidos contra vecino 3
Resultado 9
24444.7
Jugando Partidos contra vecino 4
Resultado 6
26243.4
Jugando Partidos contra vecino 5
Resultado 7
26505
Jugando Partidos contra vecino 6
Resultado 7
28166.1
Jugando Partidos contra vecino 7
Resultado 8
29017.8
Jugando Partidos contra vecino 8
Resultado 3
27477.5
Jugando Partidos contra vecino 9
Resultado 5
20267.3
Jugando Partidos contra vecino 10
Resultado 4
24135.4
Jugando Partidos contra vecino 11
Resultado 9
29467.1
Jugando Partidos contra vecino 12
Resultado 6
22586.8
Jugando Partidos contra vecino 13
Resultado 8
30905.7
Jugando Partidos contra vecino 14
Resultado 11
35116.3
Yo soy: 
37 98 62 42 5 20 79 8 17 49 88 87 13 36 5 El mejor fue: 14
37 98 62 42 5 20 79 -2 17 49 88 87 13 36 5 Generación 95
arranca 
Jugando Partidos contra vecino 0
Resultado 6
28908.3
Jugando Partidos contra vecino 1
Resultado 2
19442.5
Jugando Partidos contra vecino 2
Resultado 8
28140.2
Jugando Partidos contra vecino 3
Resultado 6
30981.4
Jugando Partidos contra vecino 4
Resultado 5
20150
Jugando Partidos contra vecino 5
Resultado 5
29234.3
Jugando Partidos contra vecino 6
Resultado 2
20345.5
Jugando Partidos contra vecino 7
Resultado 10
31750.4
Yo soy: 
37 98 62 42 5 20 79 -2 17 49 88 87 13 36 5 El mejor fue: 7
37 98 62 42 5 20 79 -12 17 49 88 87 13 36 5 Generación 94
arranca 
Jugando Partidos contra vecino 0
Resultado 11
31662.2
Yo soy: 
37 98 62 42 5 20 79 -12 17 49 88 87 13 36 5 El mejor fue: 0
37 98 62 42 5 20 79 -12 17 49 98 87 13 36 5 Generación 93
arranca 
Jugando Partidos contra vecino 0
Resultado 10
35949.8
Yo soy: 
37 98 62 42 5 20 79 -12 17 49 98 87 13 36 5 El mejor fue: 0
37 98 62 42 5 20 79 -2 17 49 98 87 13 36 5 Generación 92
arranca 
Jugando Partidos contra vecino 0
Resultado 6
26289.2
Jugando Partidos contra vecino 1
Resultado 6
22307.7
Jugando Partidos contra vecino 2
Resultado 4
19859.9
Jugando Partidos contra vecino 3
Resultado 3
21519.9
Jugando Partidos contra vecino 4
Resultado 13
35523.8
Yo soy: 
37 98 62 42 5 20 79 -2 17 49 98 87 13 36 5 El mejor fue: 4
37 98 62 42 5 20 79 -2 17 59 98 87 13 36 5 Generación 91
arranca 
Jugando Partidos contra vecino 0
Resultado 6
28472
Jugando Partidos contra vecino 1
Resultado 4
21463
Jugando Partidos contra vecino 2
Resultado 6
28912.5
Jugando Partidos contra vecino 3
Resultado 3
19786.2
Jugando Partidos contra vecino 4
Resultado 4
18324.4
Jugando Partidos contra vecino 5
Resultado 10
33467.8
Yo soy: 
37 98 62 42 5 20 79 -2 17 59 98 87 13 36 5 El mejor fue: 5
37 98 62 42 5 20 89 -2 17 59 98 87 13 36 5 Generación 90
arranca 
Jugando Partidos contra vecino 0
Resultado 7
32613
Jugando Partidos contra vecino 1
Resultado 1
18387.4
Jugando Partidos contra vecino 2
Resultado 2
19275.3
Jugando Partidos contra vecino 3
Resultado 9
30999.4
Jugando Partidos contra vecino 4
Resultado 3
17765
Jugando Partidos contra vecino 5
Resultado 11
34583.9
Yo soy: 
37 98 62 42 5 20 89 -2 17 59 98 87 13 36 5 El mejor fue: 5
37 98 62 42 5 10 89 -2 17 59 98 87 13 36 5 Generación 89
arranca 
Jugando Partidos contra vecino 0
Resultado 3
20961.4
Jugando Partidos contra vecino 1
Resultado 9
34765.2
Jugando Partidos contra vecino 2
Resultado 2
22829.9
Jugando Partidos contra vecino 3
Resultado 5
22675.5
Jugando Partidos contra vecino 4
Resultado 8
25794.7
Jugando Partidos contra vecino 5
Resultado 10
28761.4
Yo soy: 
37 98 62 42 5 10 89 -2 17 59 98 87 13 36 5 El mejor fue: 5
37 98 62 42 5 10 89 -2 27 59 98 87 13 36 5 Generación 88
arranca 
Jugando Partidos contra vecino 0
Resultado 11
31926.6
Yo soy: 
37 98 62 42 5 10 89 -2 27 59 98 87 13 36 5 El mejor fue: 0
37 98 62 42 5 0 89 -2 27 59 98 87 13 36 5 Generación 87
arranca 
Jugando Partidos contra vecino 0
Resultado 5
22173.4
Jugando Partidos contra vecino 1
Resultado 5
26672.5
Jugando Partidos contra vecino 2
Resultado 13
38723.9
Yo soy: 
37 98 62 42 5 0 89 -2 27 59 98 87 13 36 5 El mejor fue: 2
37 98 62 42 5 0 89 -2 27 59 98 87 23 36 5 Generación 86
arranca 
Jugando Partidos contra vecino 0
Resultado 6
24836.5
Jugando Partidos contra vecino 1
Resultado 9
37889.3
Jugando Partidos contra vecino 2
Resultado 7
23246.7
Jugando Partidos contra vecino 3
Resultado 5
22996.2
Jugando Partidos contra vecino 4
Resultado 10
30550.2
Yo soy: 
37 98 62 42 5 0 89 -2 27 59 98 87 23 36 5 El mejor fue: 4
37 98 62 42 5 0 89 -12 27 59 98 87 23 36 5 Generación 85
arranca 
Jugando Partidos contra vecino 0
Resultado 9
35750.6
Jugando Partidos contra vecino 1
Resultado 7
26406
Jugando Partidos contra vecino 2
Resultado 1
16958
Jugando Partidos contra vecino 3
Resultado 6
23548.5
Jugando Partidos contra vecino 4
Resultado 5
27179.1
Jugando Partidos contra vecino 5
Resultado 2
16969.9
Jugando Partidos contra vecino 6
Resultado 6
25635.8
Jugando Partidos contra vecino 7
Resultado 13
36819.2
Yo soy: 
37 98 62 42 5 0 89 -12 27 59 98 87 23 36 5 El mejor fue: 7
37 78 62 42 5 0 89 -12 27 59 98 87 23 36 5 Generación 84
arranca 
Jugando Partidos contra vecino 0
Resultado 5
24332
Jugando Partidos contra vecino 1
Resultado 5
27318.3
Jugando Partidos contra vecino 2
Resultado 9
31100.2
Jugando Partidos contra vecino 3
Resultado 8
29996.9
Jugando Partidos contra vecino 4
Resultado 4
24858.3
Jugando Partidos contra vecino 5
Resultado 6
22624.1
Jugando Partidos contra vecino 6
Resultado 8
25536.6
Jugando Partidos contra vecino 7
Resultado 7
26036
Jugando Partidos contra vecino 8
Resultado 7
21156.4
Jugando Partidos contra vecino 9
Resultado 5
24997.1
Jugando Partidos contra vecino 10
Resultado 5
25506.7
Jugando Partidos contra vecino 11
Resultado 6
25765.7
Jugando Partidos contra vecino 12
Resultado 8
31301.1
Jugando Partidos contra vecino 13
Resultado 7
26306.8
Jugando Partidos contra vecino 14
Resultado 6
30430.7
Jugando Partidos contra vecino 15
Resultado 6
21129.9
Jugando Partidos contra vecino 16
Resultado 1
17349.9
Jugando Partidos contra vecino 17
Resultado 4
22542.1
Jugando Partidos contra vecino 18
Resultado 11
36082
Yo soy: 
37 78 62 42 5 0 89 -12 27 59 98 87 23 36 5 El mejor fue: 18
37 78 62 42 5 10 89 -12 27 59 98 87 23 36 5 Generación 83
arranca 
Jugando Partidos contra vecino 0
Resultado 4
21802.3
Jugando Partidos contra vecino 1
Resultado 5
21847.3
Jugando Partidos contra vecino 2
Resultado 6
25632.7
Jugando Partidos contra vecino 3
Resultado 11
34750.7
Yo soy: 
37 78 62 42 5 10 89 -12 27 59 98 87 23 36 5 El mejor fue: 3
37 78 62 42 5 10 99 -12 27 59 98 87 23 36 5 Generación 82
arranca 
Jugando Partidos contra vecino 0
Resultado 10
37450
Yo soy: 
37 78 62 42 5 10 99 -12 27 59 98 87 23 36 5 El mejor fue: 0
47 78 62 42 5 10 99 -12 27 59 98 87 23 36 5 Generación 81
arranca 
Jugando Partidos contra vecino 0
Resultado 11
29605.2
Yo soy: 
47 78 62 42 5 10 99 -12 27 59 98 87 23 36 5 El mejor fue: 0
47 78 62 42 5 10 99 -12 27 59 88 87 23 36 5 Generación 80
arranca 
Jugando Partidos contra vecino 0
Resultado 8
27347
Jugando Partidos contra vecino 1
Resultado 3
20176.9
Jugando Partidos contra vecino 2
Resultado 10
32526.2
Yo soy: 
47 78 62 42 5 10 99 -12 27 59 88 87 23 36 5 El mejor fue: 2
47 78 62 42 5 10 99 -12 27 59 88 87 23 26 5 Generación 79
arranca 
Jugando Partidos contra vecino 0
Resultado 5
25934.7
Jugando Partidos contra vecino 1
Resultado 5
28575.1
Jugando Partidos contra vecino 2
Resultado 6
24690.9
Jugando Partidos contra vecino 3
Resultado 8
33878.4
Jugando Partidos contra vecino 4
Resultado 5
21233.9
Jugando Partidos contra vecino 5
Resultado 4
30857
Jugando Partidos contra vecino 6
Resultado 4
27222.1
Jugando Partidos contra vecino 7
Resultado 5
28943.2
Jugando Partidos contra vecino 8
Resultado 4
19923.1
Jugando Partidos contra vecino 9
Resultado 9
24072.2
Jugando Partidos contra vecino 10
Resultado 2
21479.5
Jugando Partidos contra vecino 11
Resultado 3
23067.9
Jugando Partidos contra vecino 12
Resultado 3
24277.6
Jugando Partidos contra vecino 13
Resultado 6
27151.2
Jugando Partidos contra vecino 14
Resultado 3
23240.2
Jugando Partidos contra vecino 15
Resultado 7
30123.5
Jugando Partidos contra vecino 16
Resultado 7
27925.2
Jugando Partidos contra vecino 17
Resultado 4
21861.5
Jugando Partidos contra vecino 18
Resultado 8
30566.8
Jugando Partidos contra vecino 19
Resultado 5
28102.6
Jugando Partidos contra vecino 20
Resultado 3
20512.9
Jugando Partidos contra vecino 21
Resultado 4
21690.8
Jugando Partidos contra vecino 22
Resultado 8
27706.2
Jugando Partidos contra vecino 23
Resultado 1
19364.8
Jugando Partidos contra vecino 24
Resultado 3
31097.4
Jugando Partidos contra vecino 25
Resultado 2
26397.4
Jugando Partidos contra vecino 26
Resultado 12
36055.8
Yo soy: 
47 78 62 42 5 10 99 -12 27 59 88 87 23 26 5 El mejor fue: 26
47 78 62 42 5 10 99 -12 17 59 88 87 23 26 5 Generación 78
arranca 
Jugando Partidos contra vecino 0
Resultado 5
22699
Jugando Partidos contra vecino 1
Resultado 6
23892.9
Jugando Partidos contra vecino 2
Resultado 7
29173.6
Jugando Partidos contra vecino 3
Resultado 7
30058.6
Jugando Partidos contra vecino 4
Resultado 9
27202.3
Jugando Partidos contra vecino 5
Resultado 3
19212.6
Jugando Partidos contra vecino 6
Resultado 5
27720.9
Jugando Partidos contra vecino 7
Resultado 7
28148.8
Jugando Partidos contra vecino 8
Resultado 9
31127.9
Jugando Partidos contra vecino 9
Resultado 4
24010
Jugando Partidos contra vecino 10
Resultado 5
26503.6
Jugando Partidos contra vecino 11
Resultado 7
30681
Jugando Partidos contra vecino 12
Resultado 10
32639.6
Yo soy: 
47 78 62 42 5 10 99 -12 17 59 88 87 23 26 5 El mejor fue: 12
47 78 62 42 5 10 99 -12 17 69 88 87 23 26 5 Generación 77
arranca 
Jugando Partidos contra vecino 0
Resultado 4
18490.7
Jugando Partidos contra vecino 1
Resultado 5
24953.3
Jugando Partidos contra vecino 2
Resultado 11
31876
Yo soy: 
47 78 62 42 5 10 99 -12 17 69 88 87 23 26 5 El mejor fue: 2
47 78 62 42 5 10 99 -12 17 69 88 87 33 26 5 Generación 76
arranca 
Jugando Partidos contra vecino 0
Resultado 15
35349.4
Yo soy: 
47 78 62 42 5 10 99 -12 17 69 88 87 33 26 5 El mejor fue: 0
47 78 62 42 5 10 99 -2 17 69 88 87 33 26 5 Generación 75
arranca 
Jugando Partidos contra vecino 0
Resultado 8
25246
Jugando Partidos contra vecino 1
Resultado 11
34944.1
Yo soy: 
47 78 62 42 5 10 99 -2 17 69 88 87 33 26 5 El mejor fue: 1
47 78 62 42 5 10 99 -2 17 69 88 87 33 36 5 Generación 74
arranca 
Jugando Partidos contra vecino 0
Resultado 15
50303.9
Yo soy: 
47 78 62 42 5 10 99 -2 17 69 88 87 33 36 5 El mejor fue: 0
47 78 62 42 5 10 99 -2 17 69 88 87 43 36 5 Generación 73
arranca 
Jugando Partidos contra vecino 0
Resultado 9
31517.9
Jugando Partidos contra vecino 1
Resultado 8
29433.8
Jugando Partidos contra vecino 2
Resultado 7
26876.2
Jugando Partidos contra vecino 3
Resultado 8
30347.1
Jugando Partidos contra vecino 4
Resultado 7
31693.3
Jugando Partidos contra vecino 5
Resultado 7
31073.2
Jugando Partidos contra vecino 6
Resultado 9
30103.5
Jugando Partidos contra vecino 7
Resultado 9
23474.3
Jugando Partidos contra vecino 8
Resultado 7
34530.7
Jugando Partidos contra vecino 9
Resultado 4
27625.4
Jugando Partidos contra vecino 10
Resultado 9
35637.9
Jugando Partidos contra vecino 11
Resultado 11
30834.2
Yo soy: 
47 78 62 42 5 10 99 -2 17 69 88 87 43 36 5 El mejor fue: 11
47 78 62 42 5 10 99 -2 17 69 88 87 43 36 15 Generación 72
arranca 
Jugando Partidos contra vecino 0
Resultado 9
28369.1
Jugando Partidos contra vecino 1
Resultado 7
28929
Jugando Partidos contra vecino 2
Resultado 9
37077.7
Jugando Partidos contra vecino 3
Resultado 13
33476.3
Yo soy: 
47 78 62 42 5 10 99 -2 17 69 88 87 43 36 15 El mejor fue: 3
47 78 62 42 5 10 99 -2 17 59 88 87 43 36 15 Generación 71
arranca 
Jugando Partidos contra vecino 0
Resultado 8
28748
Jugando Partidos contra vecino 1
Resultado 15
39748.5
Yo soy: 
47 78 62 42 5 10 99 -2 17 59 88 87 43 36 15 El mejor fue: 1
47 78 62 42 5 0 99 -2 17 59 88 87 43 36 15 Generación 70
arranca 
Jugando Partidos contra vecino 0
Resultado 13
37840.7
Yo soy: 
47 78 62 42 5 0 99 -2 17 59 88 87 43 36 15 El mejor fue: 0
47 78 62 42 5 0 99 -2 7 59 88 87 43 36 15 Generación 69
arranca 
Jugando Partidos contra vecino 0
Resultado 5
18390.6
Jugando Partidos contra vecino 1
Resultado 13
34277.3
Yo soy: 
47 78 62 42 5 0 99 -2 7 59 88 87 43 36 15 El mejor fue: 1
47 78 62 52 5 0 99 -2 7 59 88 87 43 36 15 Generación 68
arranca 
Jugando Partidos contra vecino 0
Resultado 11
34683.7
Yo soy: 
47 78 62 52 5 0 99 -2 7 59 88 87 43 36 15 El mejor fue: 0
47 78 62 52 5 0 99 -2 7 59 88 87 53 36 15 Generación 67
arranca 
Jugando Partidos contra vecino 0
Resultado 7
27201.5
Jugando Partidos contra vecino 1
Resultado 9
34300.5
Jugando Partidos contra vecino 2
Resultado 7
32107.8
Jugando Partidos contra vecino 3
Resultado 11
29283.8
Yo soy: 
47 78 62 52 5 0 99 -2 7 59 88 87 53 36 15 El mejor fue: 3
47 78 62 52 5 0 79 -2 7 59 88 87 53 36 15 Generación 66
arranca 
Jugando Partidos contra vecino 0
Resultado 9
31341.4
Jugando Partidos contra vecino 1
Resultado 7
29938.4
Jugando Partidos contra vecino 2
Resultado 9
29204.8
Jugando Partidos contra vecino 3
Resultado 5
30058.1
Jugando Partidos contra vecino 4
Resultado 9
23915.3
Jugando Partidos contra vecino 5
Resultado 9
28173
Jugando Partidos contra vecino 6
Resultado 5
31279.8
Jugando Partidos contra vecino 7
Resultado 7
31115.1
Jugando Partidos contra vecino 8
Resultado 9
29591.7
Jugando Partidos contra vecino 9
Resultado 7
28826.6
Jugando Partidos contra vecino 10
Resultado 11
31504.2
Yo soy: 
47 78 62 52 5 0 79 -2 7 59 88 87 53 36 15 El mejor fue: 10
47 78 62 52 5 0 79 -2 -3 59 88 87 53 36 15 Generación 65
arranca 
Jugando Partidos contra vecino 0
Resultado 5
31478.8
Jugando Partidos contra vecino 1
Resultado 7
26136.5
Jugando Partidos contra vecino 2
Resultado 11
32221.5
Yo soy: 
47 78 62 52 5 0 79 -2 -3 59 88 87 53 36 15 El mejor fue: 2
47 78 62 52 15 0 79 -2 -3 59 88 87 53 36 15 Generación 64
arranca 
Jugando Partidos contra vecino 0
Resultado 7
33892.9
Jugando Partidos contra vecino 1
Resultado 13
34377.3
Yo soy: 
47 78 62 52 15 0 79 -2 -3 59 88 87 53 36 15 El mejor fue: 1
47 88 62 52 15 0 79 -2 -3 59 88 87 53 36 15 Generación 63
arranca 
Jugando Partidos contra vecino 0
Resultado 13
37687.3
Yo soy: 
47 88 62 52 15 0 79 -2 -3 59 88 87 53 36 15 El mejor fue: 0
47 88 62 52 25 0 79 -2 -3 59 88 87 53 36 15 Generación 62
arranca 
Jugando Partidos contra vecino 0
Resultado 9
29879.2
Jugando Partidos contra vecino 1
Resultado 9
35279
Jugando Partidos contra vecino 2
Resultado 11
32353.6
Yo soy: 
47 88 62 52 25 0 79 -2 -3 59 88 87 53 36 15 El mejor fue: 2
47 88 62 52 25 0 89 -2 -3 59 88 87 53 36 15 Generación 61
arranca 
Jugando Partidos contra vecino 0
Resultado 13
46766.5
Yo soy: 
47 88 62 52 25 0 89 -2 -3 59 88 87 53 36 15 El mejor fue: 0
47 88 62 52 25 0 89 -2 -3 59 88 87 63 36 15 Generación 60
arranca 
Jugando Partidos contra vecino 0
Resultado 5
32917.6
Jugando Partidos contra vecino 1
Resultado 11
32039.8
Yo soy: 
47 88 62 52 25 0 89 -2 -3 59 88 87 63 36 15 El mejor fue: 1
57 88 62 52 25 0 89 -2 -3 59 88 87 63 36 15 Generación 59
arranca 
Jugando Partidos contra vecino 0
Resultado 7
32493.5
Jugando Partidos contra vecino 1
Resultado 11
36565.7
Yo soy: 
57 88 62 52 25 0 89 -2 -3 59 88 87 63 36 15 El mejor fue: 1
57 88 62 52 25 0 89 -2 -3 59 88 87 73 36 15 Generación 58
arranca 
Jugando Partidos contra vecino 0
Resultado 9
33054.2
Jugando Partidos contra vecino 1
Resultado 5
31638.4
Jugando Partidos contra vecino 2
Resultado 13
34110.3
Yo soy: 
57 88 62 52 25 0 89 -2 -3 59 88 87 73 36 15 El mejor fue: 2
57 88 62 52 25 -10 89 -2 -3 59 88 87 73 36 15 Generación 57
arranca 
Jugando Partidos contra vecino 0
Resultado 7
37629.4
Jugando Partidos contra vecino 1
Resultado 7
29809.5
Jugando Partidos contra vecino 2
Resultado 9
31839.1
Jugando Partidos contra vecino 3
Resultado 7
32506.8
Jugando Partidos contra vecino 4
Resultado 4
19596.2
Jugando Partidos contra vecino 5
Resultado 9
32242.2
Jugando Partidos contra vecino 6
Resultado 7
29011.4
Jugando Partidos contra vecino 7
Resultado 7
24321.3
Jugando Partidos contra vecino 8
Resultado 5
31511.3
Jugando Partidos contra vecino 9
Resultado 9
23900.1
Jugando Partidos contra vecino 10
Resultado 7
27209.5
Jugando Partidos contra vecino 11
Resultado 7
33004.2
Jugando Partidos contra vecino 12
Resultado 11
32242.1
Yo soy: 
57 88 62 52 25 -10 89 -2 -3 59 88 87 73 36 15 El mejor fue: 12
57 88 62 52 25 -10 89 8 -3 59 88 87 73 36 15 Generación 56
arranca 
Jugando Partidos contra vecino 0
Resultado 7
25757.1
Jugando Partidos contra vecino 1
Resultado 9
36959.1
Jugando Partidos contra vecino 2
Resultado 9
29052.9
Jugando Partidos contra vecino 3
Resultado 5
21819.3
Jugando Partidos contra vecino 4
Resultado 9
34514.3
Jugando Partidos contra vecino 5
Resultado 11
27899.6
Yo soy: 
57 88 62 52 25 -10 89 8 -3 59 88 87 73 36 15 El mejor fue: 5
57 88 62 52 15 -10 89 8 -3 59 88 87 73 36 15 Generación 55
arranca 
Jugando Partidos contra vecino 0
Resultado 11
33850.8
Yo soy: 
57 88 62 52 15 -10 89 8 -3 59 88 87 73 36 15 El mejor fue: 0
67 88 62 52 15 -10 89 8 -3 59 88 87 73 36 15 Generación 54
arranca 
Jugando Partidos contra vecino 0
Resultado 9
34515.9
Jugando Partidos contra vecino 1
Resultado 5
30882
Jugando Partidos contra vecino 2
Resultado 7
31034.8
Jugando Partidos contra vecino 3
Resultado 9
31933.1
Jugando Partidos contra vecino 4
Resultado 7
27154.5
Jugando Partidos contra vecino 5
Resultado 11
30621.2
Yo soy: 
67 88 62 52 15 -10 89 8 -3 59 88 87 73 36 15 El mejor fue: 5
67 88 62 52 15 -10 89 8 -13 59 88 87 73 36 15 Generación 53
arranca 
Jugando Partidos contra vecino 0
Resultado 9
32009
Jugando Partidos contra vecino 1
Resultado 3
21418
Jugando Partidos contra vecino 2
Resultado 7
31761.6
Jugando Partidos contra vecino 3
Resultado 5
29325
Jugando Partidos contra vecino 4
Resultado 9
33537.2
Jugando Partidos contra vecino 5
Resultado 9
31362.8
Jugando Partidos contra vecino 6
Resultado 11
33073.2
Yo soy: 
67 88 62 52 15 -10 89 8 -13 59 88 87 73 36 15 El mejor fue: 6
67 88 62 52 15 -10 89 8 -13 59 78 87 73 36 15 Generación 52
arranca 
Jugando Partidos contra vecino 0
Resultado 9
30425.4
Jugando Partidos contra vecino 1
Resultado 9
31452.2
Jugando Partidos contra vecino 2
Resultado 7
26299.6
Jugando Partidos contra vecino 3
Resultado 7
23385
Jugando Partidos contra vecino 4
Resultado 7
30392.4
Jugando Partidos contra vecino 5
Resultado 7
31959.7
Jugando Partidos contra vecino 6
Resultado 5
26699.6
Jugando Partidos contra vecino 7
Resultado 4
23817
Jugando Partidos contra vecino 8
Resultado 11
32760.1
Yo soy: 
67 88 62 52 15 -10 89 8 -13 59 78 87 73 36 15 El mejor fue: 8
67 88 62 52 15 -10 89 8 -13 59 78 77 73 36 15 Generación 51
arranca 
Jugando Partidos contra vecino 0
Resultado 7
28815.1
Jugando Partidos contra vecino 1
Resultado 7
31161
Jugando Partidos contra vecino 2
Resultado 13
36182.3
Yo soy: 
67 88 62 52 15 -10 89 8 -13 59 78 77 73 36 15 El mejor fue: 2
67 88 52 52 15 -10 89 8 -13 59 78 77 73 36 15 Generación 50
arranca 
Jugando Partidos contra vecino 0
Resultado 9
27921.4
Jugando Partidos contra vecino 1
Resultado 9
33310.6
Jugando Partidos contra vecino 2
Resultado 9
34915
Jugando Partidos contra vecino 3
Resultado 9
28876.8
Jugando Partidos contra vecino 4
Resultado 11
27306.6
Yo soy: 
67 88 52 52 15 -10 89 8 -13 59 78 77 73 36 15 El mejor fue: 4
67 88 52 52 15 -10 89 8 -13 59 78 77 73 36 25 Generación 49
arranca 
Jugando Partidos contra vecino 0
Resultado 11
31713.1
Yo soy: 
67 88 52 52 15 -10 89 8 -13 59 78 77 73 36 25 El mejor fue: 0
77 88 52 52 15 -10 89 8 -13 59 78 77 73 36 25 Generación 48
arranca 
Jugando Partidos contra vecino 0
Resultado 11
28069.6
Yo soy: 
77 88 52 52 15 -10 89 8 -13 59 78 77 73 36 25 El mejor fue: 0
77 88 52 52 25 -10 89 8 -13 59 78 77 73 36 25 Generación 47
arranca 
Jugando Partidos contra vecino 0
Resultado 7
34617.5
Jugando Partidos contra vecino 1
Resultado 9
34045.1
Jugando Partidos contra vecino 2
Resultado 9
32949.3
Jugando Partidos contra vecino 3
Resultado 13
29517
Yo soy: 
77 88 52 52 25 -10 89 8 -13 59 78 77 73 36 25 El mejor fue: 3
77 88 52 52 15 -10 89 8 -13 59 78 77 73 36 25 Generación 46
arranca 
Jugando Partidos contra vecino 0
Resultado 7
28676.9
Jugando Partidos contra vecino 1
Resultado 13
38627.2
Yo soy: 
77 88 52 52 15 -10 89 8 -13 59 78 77 73 36 25 El mejor fue: 1
77 88 52 52 15 -20 89 8 -13 59 78 77 73 36 25 Generación 45
arranca 
Jugando Partidos contra vecino 0
Resultado 11
35689.4
Yo soy: 
77 88 52 52 15 -20 89 8 -13 59 78 77 73 36 25 El mejor fue: 0
77 88 52 52 15 -20 89 8 -3 59 78 77 73 36 25 Generación 44
arranca 
Jugando Partidos contra vecino 0
Resultado 13
34753.7
Yo soy: 
77 88 52 52 15 -20 89 8 -3 59 78 77 73 36 25 El mejor fue: 0
77 88 52 52 15 -20 89 18 -3 59 78 77 73 36 25 Generación 43
arranca 
Jugando Partidos contra vecino 0
Resultado 7
28172.4
Jugando Partidos contra vecino 1
Resultado 11
34014.7
Yo soy: 
77 88 52 52 15 -20 89 18 -3 59 78 77 73 36 25 El mejor fue: 1
77 88 52 52 15 -20 89 18 -3 59 78 77 73 36 15 Generación 42
arranca 
Jugando Partidos contra vecino 0
Resultado 11
38043.1
Yo soy: 
77 88 52 52 15 -20 89 18 -3 59 78 77 73 36 15 El mejor fue: 0
77 88 52 52 15 -20 89 18 -3 59 78 77 73 26 15 Generación 41
arranca 
Jugando Partidos contra vecino 0
Resultado 7
32973.6
Jugando Partidos contra vecino 1
Resultado 11
29668.8
Yo soy: 
77 88 52 52 15 -20 89 18 -3 59 78 77 73 26 15 El mejor fue: 1
77 88 52 52 15 -20 89 18 -3 59 78 87 73 26 15 Generación 40
arranca 
Jugando Partidos contra vecino 0
Resultado 7
32295.6
Jugando Partidos contra vecino 1
Resultado 9
30116.6
Jugando Partidos contra vecino 2
Resultado 9
29837
Jugando Partidos contra vecino 3
Resultado 5
29727.2
Jugando Partidos contra vecino 4
Resultado 7
27717.3
Jugando Partidos contra vecino 5
Resultado 5
23592.2
Jugando Partidos contra vecino 6
Resultado 11
35520.5
Yo soy: 
77 88 52 52 15 -20 89 18 -3 59 78 87 73 26 15 El mejor fue: 6
77 88 52 52 15 -20 89 18 -3 59 88 87 73 26 15 Generación 39
arranca 
Jugando Partidos contra vecino 0
Resultado 13
35923
Yo soy: 
77 88 52 52 15 -20 89 18 -3 59 88 87 73 26 15 El mejor fue: 0
77 88 52 52 15 -30 89 18 -3 59 88 87 73 26 15 Generación 38
arranca 
Jugando Partidos contra vecino 0
Resultado 5
30771.6
Jugando Partidos contra vecino 1
Resultado 5
26177.5
Jugando Partidos contra vecino 2
Resultado 7
31703.4
Jugando Partidos contra vecino 3
Resultado 5
24981.5
Jugando Partidos contra vecino 4
Resultado 9
27604
Jugando Partidos contra vecino 5
Resultado 11
33146.1
Yo soy: 
77 88 52 52 15 -30 89 18 -3 59 88 87 73 26 15 El mejor fue: 5
77 88 62 52 15 -30 89 18 -3 59 88 87 73 26 15 Generación 37
arranca 
Jugando Partidos contra vecino 0
Resultado 9
34241.1
Jugando Partidos contra vecino 1
Resultado 13
44041.4
Yo soy: 
77 88 62 52 15 -30 89 18 -3 59 88 87 73 26 15 El mejor fue: 1
77 88 62 52 15 -30 89 18 -3 59 88 87 73 26 25 Generación 36
arranca 
Jugando Partidos contra vecino 0
Resultado 5
12253.4
Jugando Partidos contra vecino 1
Resultado 9
27087.5
Jugando Partidos contra vecino 2
Resultado 13
35154.4
Yo soy: 
77 88 62 52 15 -30 89 18 -3 59 88 87 73 26 25 El mejor fue: 2
77 88 62 42 15 -30 89 18 -3 59 88 87 73 26 25 Generación 35
arranca 
Jugando Partidos contra vecino 0
Resultado 7
30298.7
Jugando Partidos contra vecino 1
Resultado 9
26207.1
Jugando Partidos contra vecino 2
Resultado 9
30595.2
Jugando Partidos contra vecino 3
Resultado 7
30005.8
Jugando Partidos contra vecino 4
Resultado 13
35476.7
Yo soy: 
77 88 62 42 15 -30 89 18 -3 59 88 87 73 26 25 El mejor fue: 4
77 88 62 42 15 -30 89 18 -3 59 98 87 73 26 25 Generación 34
arranca 
Jugando Partidos contra vecino 0
Resultado 11
32073.4
Yo soy: 
77 88 62 42 15 -30 89 18 -3 59 98 87 73 26 25 El mejor fue: 0
77 88 62 42 15 -30 89 18 -3 59 98 87 73 36 25 Generación 33
arranca 
Jugando Partidos contra vecino 0
Resultado 11
36297.3
Yo soy: 
77 88 62 42 15 -30 89 18 -3 59 98 87 73 36 25 El mejor fue: 0
77 88 62 42 15 -30 99 18 -3 59 98 87 73 36 25 Generación 32
arranca 
Jugando Partidos contra vecino 0
Resultado 9
32473.9
Jugando Partidos contra vecino 1
Resultado 7
33292.4
Jugando Partidos contra vecino 2
Resultado 11
36588.9
Yo soy: 
77 88 62 42 15 -30 99 18 -3 59 98 87 73 36 25 El mejor fue: 2
87 88 62 42 15 -30 99 18 -3 59 98 87 73 36 25 Generación 31
arranca 
Jugando Partidos contra vecino 0
Resultado 9
29587.4
Jugando Partidos contra vecino 1
Resultado 9
31451.8
Jugando Partidos contra vecino 2
Resultado 13
41489.3
Yo soy: 
87 88 62 42 15 -30 99 18 -3 59 98 87 73 36 25 El mejor fue: 2
97 88 62 42 15 -30 99 18 -3 59 98 87 73 36 25 Generación 30
arranca 
Jugando Partidos contra vecino 0
Resultado 7
27961.1
Jugando Partidos contra vecino 1
Resultado 11
36711.1
Yo soy: 
97 88 62 42 15 -30 99 18 -3 59 98 87 73 36 25 El mejor fue: 1
97 88 62 32 15 -30 99 18 -3 59 98 87 73 36 25 Generación 29
arranca 
Jugando Partidos contra vecino 0
Resultado 7
28986.7
Jugando Partidos contra vecino 1
Resultado 13
37232.1
Yo soy: 
97 88 62 32 15 -30 99 18 -3 59 98 87 73 36 25 El mejor fue: 1
97 88 62 32 5 -30 99 18 -3 59 98 87 73 36 25 Generación 28
arranca 
Jugando Partidos contra vecino 0
Resultado 9
32997.4
Jugando Partidos contra vecino 1
Resultado 9
30155.3
Jugando Partidos contra vecino 2
Resultado 9
28703.2
Jugando Partidos contra vecino 3
Resultado 11
31944.5
Yo soy: 
97 88 62 32 5 -30 99 18 -3 59 98 87 73 36 25 El mejor fue: 3
97 88 62 32 5 -30 99 18 -3 59 98 87 73 36 15 Generación 27
arranca 
Jugando Partidos contra vecino 0
Resultado 11
33364.7
Yo soy: 
97 88 62 32 5 -30 99 18 -3 59 98 87 73 36 15 El mejor fue: 0
97 88 62 32 5 -30 79 18 -3 59 98 87 73 36 15 Generación 26
arranca 
Jugando Partidos contra vecino 0
Resultado 11
31390.3
Yo soy: 
97 88 62 32 5 -30 79 18 -3 59 98 87 73 36 15 El mejor fue: 0
97 88 62 32 5 -40 79 18 -3 59 98 87 73 36 15 Generación 25
arranca 
Jugando Partidos contra vecino 0
Resultado 13
35409.4
Yo soy: 
97 88 62 32 5 -40 79 18 -3 59 98 87 73 36 15 El mejor fue: 0
97 88 62 32 5 -40 79 18 -3 59 78 87 73 36 15 Generación 24
arranca 
Jugando Partidos contra vecino 0
Resultado 9
26658.9
Jugando Partidos contra vecino 1
Resultado 4
20272.1
Jugando Partidos contra vecino 2
Resultado 9
36341.5
Jugando Partidos contra vecino 3
Resultado 11
40433.7
Yo soy: 
97 88 62 32 5 -40 79 18 -3 59 78 87 73 36 15 El mejor fue: 3
97 88 62 32 5 -40 79 18 -3 59 78 87 73 26 15 Generación 23
arranca 
Jugando Partidos contra vecino 0
Resultado 9
33511.2
Jugando Partidos contra vecino 1
Resultado 13
37433.5
Yo soy: 
97 88 62 32 5 -40 79 18 -3 59 78 87 73 26 15 El mejor fue: 1
97 88 62 32 5 -40 79 18 7 59 78 87 73 26 15 Generación 22
arranca 
Jugando Partidos contra vecino 0
Resultado 7
30025.5
Jugando Partidos contra vecino 1
Resultado 7
28819.3
Jugando Partidos contra vecino 2
Resultado 11
35888.6
Yo soy: 
97 88 62 32 5 -40 79 18 7 59 78 87 73 26 15 El mejor fue: 2
97 88 62 32 5 -40 79 18 17 59 78 87 73 26 15 Generación 21
arranca 
Jugando Partidos contra vecino 0
Resultado 9
33902.9
Jugando Partidos contra vecino 1
Resultado 11
35375.3
Yo soy: 
97 88 62 32 5 -40 79 18 17 59 78 87 73 26 15 El mejor fue: 1
97 88 62 32 5 -40 79 8 17 59 78 87 73 26 15 Generación 20
arranca 
Jugando Partidos contra vecino 0
Resultado 11
32586.3
Yo soy: 
97 88 62 32 5 -40 79 8 17 59 78 87 73 26 15 El mejor fue: 0
97 88 72 32 5 -40 79 8 17 59 78 87 73 26 15 Generación 19
arranca 
Jugando Partidos contra vecino 0
Resultado 5
30533.4
Jugando Partidos contra vecino 1
Resultado 9
30859
Jugando Partidos contra vecino 2
Resultado 7
34601.6
Jugando Partidos contra vecino 3
Resultado 5
21102.7
Jugando Partidos contra vecino 4
Resultado 9
36917.6
Jugando Partidos contra vecino 5
Resultado 9
40431.2
Jugando Partidos contra vecino 6
Resultado 9
38487.5
Jugando Partidos contra vecino 7
Resultado 9
31048
Jugando Partidos contra vecino 8
Resultado 11
33034.5
Yo soy: 
97 88 72 32 5 -40 79 8 17 59 78 87 73 26 15 El mejor fue: 8
97 88 72 32 5 -40 79 8 17 59 88 87 73 26 15 Generación 18
arranca 
Jugando Partidos contra vecino 0
Resultado 7
35803.4
Jugando Partidos contra vecino 1
Resultado 13
37918.3
Yo soy: 
97 88 72 32 5 -40 79 8 17 59 88 87 73 26 15 El mejor fue: 1
97 88 72 32 5 -40 69 8 17 59 88 87 73 26 15 Generación 17
arranca 
Jugando Partidos contra vecino 0
Resultado 9
31242.8
Jugando Partidos contra vecino 1
Resultado 13
35848.2
Yo soy: 
97 88 72 32 5 -40 69 8 17 59 88 87 73 26 15 El mejor fue: 1
97 98 72 32 5 -40 69 8 17 59 88 87 73 26 15 Generación 16
arranca 
Jugando Partidos contra vecino 0
Resultado 7
33091.9
Jugando Partidos contra vecino 1
Resultado 7
29222.2
Jugando Partidos contra vecino 2
Resultado 9
25171.3
Jugando Partidos contra vecino 3
Resultado 13
38590.2
Yo soy: 
97 98 72 32 5 -40 69 8 17 59 88 87 73 26 15 El mejor fue: 3
97 98 72 32 5 -40 69 8 7 59 88 87 73 26 15 Generación 15
arranca 
Jugando Partidos contra vecino 0
Resultado 5
28909.1
Jugando Partidos contra vecino 1
Resultado 9
31178.1
Jugando Partidos contra vecino 2
Resultado 9
33472.7
Jugando Partidos contra vecino 3
Resultado 7
28857.4
Jugando Partidos contra vecino 4
Resultado 5
25371
Jugando Partidos contra vecino 5
Resultado 9
27910
Jugando Partidos contra vecino 6
Resultado 7
30354.6
Jugando Partidos contra vecino 7
Resultado 7
35160.4
Jugando Partidos contra vecino 8
Resultado 8
31613.6
Jugando Partidos contra vecino 9
Resultado 9
38240.6
Jugando Partidos contra vecino 10
Resultado 5
25437.4
Jugando Partidos contra vecino 11
Resultado 7
23651.9
Jugando Partidos contra vecino 12
Resultado 9
23299
Jugando Partidos contra vecino 13
Resultado 7
27243.1
Jugando Partidos contra vecino 14
Resultado 11
34115.3
Yo soy: 
97 98 72 32 5 -40 69 8 7 59 88 87 73 26 15 El mejor fue: 14
97 98 72 32 5 -40 69 18 7 59 88 87 73 26 15 Generación 14
arranca 
Jugando Partidos contra vecino 0
Resultado 11
38139.8
Yo soy: 
97 98 72 32 5 -40 69 18 7 59 88 87 73 26 15 El mejor fue: 0
97 98 72 32 5 -40 69 18 7 69 88 87 73 26 15 Generación 13
arranca 
Jugando Partidos contra vecino 0
Resultado 9
34768.7
Jugando Partidos contra vecino 1
Resultado 11
32565
Yo soy: 
97 98 72 32 5 -40 69 18 7 69 88 87 73 26 15 El mejor fue: 1
97 98 72 32 5 -40 69 18 17 69 88 87 73 26 15 Generación 12
arranca 
Jugando Partidos contra vecino 0
Resultado 11
31499.2
Yo soy: 
97 98 72 32 5 -40 69 18 17 69 88 87 73 26 15 El mejor fue: 0
97 98 72 32 5 -40 69 18 17 69 88 87 73 26 5 Generación 11
arranca 
Jugando Partidos contra vecino 0
Resultado 13
37060.5
Yo soy: 
97 98 72 32 5 -40 69 18 17 69 88 87 73 26 5 El mejor fue: 0
97 98 72 32 5 -40 69 18 17 69 88 77 73 26 5 Generación 10
arranca 
Jugando Partidos contra vecino 0
Resultado 9
34546.6
Jugando Partidos contra vecino 1
Resultado 11
33721.4
Yo soy: 
97 98 72 32 5 -40 69 18 17 69 88 77 73 26 5 El mejor fue: 1
97 98 72 32 5 -40 59 18 17 69 88 77 73 26 5 Generación 9
arranca 
Jugando Partidos contra vecino 0
Resultado 6
31825.5
Jugando Partidos contra vecino 1
Resultado 11
31335.7
Yo soy: 
97 98 72 32 5 -40 59 18 17 69 88 77 73 26 5 El mejor fue: 1
97 98 72 32 5 -40 59 18 17 69 88 77 73 26 -5 Generación 8
arranca 
Jugando Partidos contra vecino 0
Resultado 7
31395.8
Jugando Partidos contra vecino 1
Resultado 7
23104.1
Jugando Partidos contra vecino 2
Resultado 9
32250.3
Jugando Partidos contra vecino 3
Resultado 9
33716.7
Jugando Partidos contra vecino 4
Resultado 7
35216.8
Jugando Partidos contra vecino 5
Resultado 5
30128.6
Jugando Partidos contra vecino 6
Resultado 7
26867.8
Jugando Partidos contra vecino 7
Resultado 9
31479.3
Jugando Partidos contra vecino 8
Resultado 5
26595.5
Jugando Partidos contra vecino 9
Resultado 4
23225.8
Jugando Partidos contra vecino 10
Resultado 7
35898.7
Jugando Partidos contra vecino 11
Resultado 11
36171.1
Yo soy: 
97 98 72 32 5 -40 59 18 17 69 88 77 73 26 -5 El mejor fue: 11
97 98 72 22 5 -40 59 18 17 69 88 77 73 26 -5 Generación 7
arranca 
Jugando Partidos contra vecino 0
Resultado 7
31908.5
Jugando Partidos contra vecino 1
Resultado 9
41325.2
Jugando Partidos contra vecino 2
Resultado 7
30326.9
Jugando Partidos contra vecino 3
Resultado 7
28513
Jugando Partidos contra vecino 4
Resultado 5
28079.8
Jugando Partidos contra vecino 5
Resultado 9
39016.2
Jugando Partidos contra vecino 6
Resultado 9
42045.2
Jugando Partidos contra vecino 7
Resultado 13
32700.3
Yo soy: 
97 98 72 22 5 -40 59 18 17 69 88 77 73 26 -5 El mejor fue: 7
97 98 72 22 5 -40 49 18 17 69 88 77 73 26 -5 Generación 6
arranca 
Jugando Partidos contra vecino 0
Resultado 6
34544.4
Jugando Partidos contra vecino 1
Resultado 9
35184.3
Jugando Partidos contra vecino 2
Resultado 5
31612.9
Jugando Partidos contra vecino 3
Resultado 9
31574.7
Jugando Partidos contra vecino 4
Resultado 11
33900.4
Yo soy: 
97 98 72 22 5 -40 49 18 17 69 88 77 73 26 -5 El mejor fue: 4
97 98 62 22 5 -40 49 18 17 69 88 77 73 26 -5 Generación 5
arranca 
Jugando Partidos contra vecino 0
Resultado 11
34055.4
Yo soy: 
97 98 62 22 5 -40 49 18 17 69 88 77 73 26 -5 El mejor fue: 0
97 98 62 22 5 -40 49 18 17 79 88 77 73 26 -5 Generación 4
arranca 
Jugando Partidos contra vecino 0
Resultado 7
31784.9
Jugando Partidos contra vecino 1
Resultado 11
27580.4
Yo soy: 
97 98 62 22 5 -40 49 18 17 79 88 77 73 26 -5 El mejor fue: 1
87 98 62 22 5 -40 49 18 17 79 88 77 73 26 -5 Generación 3
arranca 
Jugando Partidos contra vecino 0
Resultado 9
26012.5
Jugando Partidos contra vecino 1
Resultado 15
34243.4
Yo soy: 
87 98 62 22 5 -40 49 18 17 79 88 77 73 26 -5 El mejor fue: 1
87 98 62 22 5 -40 49 18 17 79 88 77 73 36 -5 Generación 2
arranca 
Jugando Partidos contra vecino 0
Resultado 9
30681.7
Jugando Partidos contra vecino 1
Resultado 10
26613.6
Yo soy: 
87 98 62 22 5 -40 49 18 17 79 88 77 73 36 -5 El mejor fue: 1
87 98 62 22 5 -40 49 8 17 79 88 77 73 36 -5 Generación 1
arranca 
Jugando Partidos contra vecino 0
Resultado 11
28712.9
Yo soy: 
87 98 62 22 5 -40 49 8 17 79 88 77 73 36 -5 El mejor fue: 0
87 98 62 22 15 -40 49 8 17 79 88 77 73 36 -5 Generación 0
1.24855e+07
