arranca 
Jugando Partidos contra vecino 0
Resultado 8
35582.8
Jugando Partidos contra vecino 1
Resultado 13
45388.1
Yo soy: 
48 58 4 42 58 22 56 95 30 50 87 67 70 46 77 El mejor fue: 1
48 58 4 42 58 22 56 95 30 50 87 87 70 46 77 Generación 19
arranca 
Jugando Partidos contra vecino 0
Resultado 13
50081.7
Yo soy: 
48 58 4 42 58 22 56 95 30 50 87 87 70 46 77 El mejor fue: 0
48 58 24 42 58 22 56 95 30 50 87 87 70 46 77 Generación 18
arranca 
Jugando Partidos contra vecino 0
Resultado 7
27670.3
Jugando Partidos contra vecino 1
Resultado 8
36838.8
Jugando Partidos contra vecino 2
Resultado 10
47795.3
Yo soy: 
48 58 24 42 58 22 56 95 30 50 87 87 70 46 77 El mejor fue: 2
48 58 4 42 58 22 56 95 30 50 87 87 70 46 77 Generación 17
arranca 
Jugando Partidos contra vecino 0
Resultado 13
54865.7
Yo soy: 
48 58 4 42 58 22 56 95 30 50 87 87 70 46 77 El mejor fue: 0
48 58 4 42 58 42 56 95 30 50 87 87 70 46 77 Generación 16
arranca 
Jugando Partidos contra vecino 0
Resultado 13
51988
Yo soy: 
48 58 4 42 58 42 56 95 30 50 87 87 70 46 77 El mejor fue: 0
48 58 4 42 58 42 56 95 30 50 67 87 70 46 77 Generación 15
arranca 
Jugando Partidos contra vecino 0
Resultado 12
48826.6
Yo soy: 
48 58 4 42 58 42 56 95 30 50 67 87 70 46 77 El mejor fue: 0
48 58 4 42 58 42 56 95 30 70 67 87 70 46 77 Generación 14
arranca 
Jugando Partidos contra vecino 0
Resultado 10
43108.7
Yo soy: 
48 58 4 42 58 42 56 95 30 70 67 87 70 46 77 El mejor fue: 0
48 58 4 42 58 42 56 75 30 70 67 87 70 46 77 Generación 13
arranca 
Jugando Partidos contra vecino 0
Resultado 13
51581.4
Yo soy: 
48 58 4 42 58 42 56 75 30 70 67 87 70 46 77 El mejor fue: 0
48 58 4 42 58 42 76 75 30 70 67 87 70 46 77 Generación 12
arranca 
Jugando Partidos contra vecino 0
Resultado 15
56938.7
Yo soy: 
48 58 4 42 58 42 76 75 30 70 67 87 70 46 77 El mejor fue: 0
48 58 4 42 58 42 76 75 50 70 67 87 70 46 77 Generación 11
arranca 
Jugando Partidos contra vecino 0
Resultado 9
45639.1
Jugando Partidos contra vecino 1
Resultado 15
51231.1
Yo soy: 
48 58 4 42 58 42 76 75 50 70 67 87 70 46 77 El mejor fue: 1
48 78 4 42 58 42 76 75 50 70 67 87 70 46 77 Generación 10
arranca 
Jugando Partidos contra vecino 0
Resultado 12
45823.8
Yo soy: 
48 78 4 42 58 42 76 75 50 70 67 87 70 46 77 El mejor fue: 0
48 78 4 42 58 42 76 75 50 70 87 87 70 46 77 Generación 9
arranca 
Jugando Partidos contra vecino 0
Resultado 10
36386.3
Yo soy: 
48 78 4 42 58 42 76 75 50 70 87 87 70 46 77 El mejor fue: 0
48 78 4 42 58 42 76 75 50 70 87 87 70 46 97 Generación 8
arranca 
Jugando Partidos contra vecino 0
Resultado 4
26761.6
Jugando Partidos contra vecino 1
Resultado 5
55936.2
Jugando Partidos contra vecino 2
Resultado 9
43226
Jugando Partidos contra vecino 3
Resultado 11
54503.7
Yo soy: 
48 78 4 42 58 42 76 75 50 70 87 87 70 46 97 El mejor fue: 3
48 78 4 42 58 62 76 75 50 70 87 87 70 46 97 Generación 7
arranca 
Jugando Partidos contra vecino 0
Resultado 9
35005.6
Jugando Partidos contra vecino 1
Resultado 13
49678
Yo soy: 
48 78 4 42 58 62 76 75 50 70 87 87 70 46 97 El mejor fue: 1
48 78 4 42 58 62 56 75 50 70 87 87 70 46 97 Generación 6
arranca 
Jugando Partidos contra vecino 0
Resultado 9
36637.1
Jugando Partidos contra vecino 1
Resultado 6
32520
Jugando Partidos contra vecino 2
Resultado 11
40272
Yo soy: 
48 78 4 42 58 62 56 75 50 70 87 87 70 46 97 El mejor fue: 2
48 78 4 42 38 62 56 75 50 70 87 87 70 46 97 Generación 5
arranca 
Jugando Partidos contra vecino 0
Resultado 11
44700.4
Yo soy: 
48 78 4 42 38 62 56 75 50 70 87 87 70 46 97 El mejor fue: 0
48 78 4 42 38 62 56 75 50 70 87 47 70 46 97 Generación 4
arranca 
Jugando Partidos contra vecino 0
Resultado 8
34224.7
Jugando Partidos contra vecino 1
Resultado 11
46488.9
Yo soy: 
48 78 4 42 38 62 56 75 50 70 87 47 70 46 97 El mejor fue: 1
48 78 24 42 38 62 56 75 50 70 87 47 70 46 97 Generación 3
arranca 
Jugando Partidos contra vecino 0
Resultado 11
39382.2
Yo soy: 
48 78 24 42 38 62 56 75 50 70 87 47 70 46 97 El mejor fue: 0
48 78 24 42 38 62 56 75 50 50 87 47 70 46 97 Generación 2
arranca 
Jugando Partidos contra vecino 0
Resultado 8
40297.6
Jugando Partidos contra vecino 1
