arranca 
Jugando Partidos contra vecino 0
Resultado 5
46063.6
Jugando Partidos contra vecino 1
Resultado 5
48905.6
Jugando Partidos contra vecino 2
Resultado 5
52470.3
Jugando Partidos contra vecino 3
Resultado 5
43932.4
Jugando Partidos contra vecino 4
Resultado 5
50879
Jugando Partidos contra vecino 5
Resultado 5
55403.6
Jugando Partidos contra vecino 6
Resultado 5
50423.1
Jugando Partidos contra vecino 7
Resultado 5
48885.5
Jugando Partidos contra vecino 8
Resultado 5
40244.4
Jugando Partidos contra vecino 9
Resultado 5
48551.6
Jugando Partidos contra vecino 10
Resultado 5
40338.8
Jugando Partidos contra vecino 11
Resultado 5
44023.7
Jugando Partidos contra vecino 12
Resultado 5
73986
Jugando Partidos contra vecino 13
Resultado 5
43501.5
Jugando Partidos contra vecino 14
Resultado 7
51614.7
Jugando Partidos contra vecino 15
Resultado 5
45366.5
Jugando Partidos contra vecino 16
Resultado 5
42664
Jugando Partidos contra vecino 17
Resultado 5
53606
Jugando Partidos contra vecino 18
Resultado 5
43467.9
Jugando Partidos contra vecino 19
Resultado 5
46221.1
Jugando Partidos contra vecino 20
Resultado 5
40774.6
Jugando Partidos contra vecino 21
Resultado 5
46034.5
Jugando Partidos contra vecino 22
Resultado 5
44498.8
Jugando Partidos contra vecino 23
Resultado 5
45487.3
Jugando Partidos contra vecino 24
Resultado 5
43379.5
Jugando Partidos contra vecino 25
Resultado 5
57467.5
Jugando Partidos contra vecino 26
Resultado 5
47094.4
Jugando Partidos contra vecino 27
Resultado 5
48297.4
Jugando Partidos contra vecino 28
Resultado 5
51261.1
Jugando Partidos contra vecino 29
Resultado 5
46003.2
1.44085e+06
