arranca 
Jugando Partidos contra vecino 0
Resultado 15
67167.6
Yo soy: 
48 22 18 81 61 87 9 15 20 67 92 35 66 18 16 El mejor fue: 0
48 27 18 81 61 87 9 15 20 67 92 35 66 18 16 Generación 59
arranca 
Jugando Partidos contra vecino 0
Resultado 15
65856.5
Yo soy: 
48 27 18 81 61 87 9 15 20 67 92 35 66 18 16 El mejor fue: 0
48 27 18 81 61 87 9 10 20 67 92 35 66 18 16 Generación 58
arranca 
Jugando Partidos contra vecino 0
Resultado 15
60550.6
Yo soy: 
48 27 18 81 61 87 9 10 20 67 92 35 66 18 16 El mejor fue: 0
48 27 18 81 61 87 9 5 20 67 92 35 66 18 16 Generación 57
arranca 
Jugando Partidos contra vecino 0
Resultado 15
66977.3
Yo soy: 
48 27 18 81 61 87 9 5 20 67 92 35 66 18 16 El mejor fue: 0
48 27 18 81 61 87 9 5 20 67 92 35 66 23 16 Generación 56
arranca 
Jugando Partidos contra vecino 0
Resultado 15
56063.4
Yo soy: 
48 27 18 81 61 87 9 5 20 67 92 35 66 23 16 El mejor fue: 0
48 27 18 81 61 87 9 5 15 67 92 35 66 23 16 Generación 55
arranca 
Jugando Partidos contra vecino 0
Resultado 15
54573.1
Yo soy: 
48 27 18 81 61 87 9 5 15 67 92 35 66 23 16 El mejor fue: 0
48 27 18 81 61 87 9 5 15 67 87 35 66 23 16 Generación 54
arranca 
Jugando Partidos contra vecino 0
Resultado 15
57525.3
Yo soy: 
48 27 18 81 61 87 9 5 15 67 87 35 66 23 16 El mejor fue: 0
48 27 18 81 61 87 9 5 15 67 92 35 66 23 16 Generación 53
arranca 
Jugando Partidos contra vecino 0
Resultado 15
55894.9
Yo soy: 
48 27 18 81 61 87 9 5 15 67 92 35 66 23 16 El mejor fue: 0
53 27 18 81 61 87 9 5 15 67 92 35 66 23 16 Generación 52
arranca 
Jugando Partidos contra vecino 0
Resultado 13
63969.6
Yo soy: 
53 27 18 81 61 87 9 5 15 67 92 35 66 23 16 El mejor fue: 0
53 27 18 81 56 87 9 5 15 67 92 35 66 23 16 Generación 51
arranca 
Jugando Partidos contra vecino 0
Resultado 13
58766.4
Yo soy: 
53 27 18 81 56 87 9 5 15 67 92 35 66 23 16 El mejor fue: 0
53 27 18 81 56 87 9 5 15 67 92 35 66 28 16 Generación 50
arranca 
Jugando Partidos contra vecino 0
Resultado 15
56730.4
Yo soy: 
53 27 18 81 56 87 9 5 15 67 92 35 66 28 16 El mejor fue: 0
53 27 18 81 56 87 9 5 15 67 92 30 66 28 16 Generación 49
arranca 
Jugando Partidos contra vecino 0
Resultado 15
64580.3
Yo soy: 
53 27 18 81 56 87 9 5 15 67 92 30 66 28 16 El mejor fue: 0
53 27 18 81 56 87 9 5 15 62 92 30 66 28 16 Generación 48
arranca 
Jugando Partidos contra vecino 0
Resultado 15
57926.2
Yo soy: 
53 27 18 81 56 87 9 5 15 62 92 30 66 28 16 El mejor fue: 0
53 27 18 81 56 82 9 5 15 62 92 30 66 28 16 Generación 47
arranca 
Jugando Partidos contra vecino 0
Resultado 15
57145.9
Yo soy: 
53 27 18 81 56 82 9 5 15 62 92 30 66 28 16 El mejor fue: 0
53 27 18 81 51 82 9 5 15 62 92 30 66 28 16 Generación 46
arranca 
Jugando Partidos contra vecino 0
Resultado 13
58417.6
Yo soy: 
53 27 18 81 51 82 9 5 15 62 92 30 66 28 16 El mejor fue: 0
53 27 18 81 51 82 4 5 15 62 92 30 66 28 16 Generación 45
arranca 
Jugando Partidos contra vecino 0
Resultado 5
57877.4
Jugando Partidos contra vecino 1
Resultado 5
60488
Jugando Partidos contra vecino 2
Resultado 5
58369.2
Jugando Partidos contra vecino 3
Resultado 5
47391.5
Jugando Partidos contra vecino 4
Resultado 5
46360.7
Jugando Partidos contra vecino 5
Resultado 5
38677.2
Jugando Partidos contra vecino 6
Resultado 5
54953.1
Jugando Partidos contra vecino 7
Resultado 7
52001.3
Jugando Partidos contra vecino 8
Resultado 5
54531.1
Jugando Partidos contra vecino 9
Resultado 4
75755.5
Jugando Partidos contra vecino 10
Resultado 5
53745.2
Jugando Partidos contra vecino 11
Resultado 5
43779.3
Jugando Partidos contra vecino 12
Resultado 5
62024.4
Jugando Partidos contra vecino 13
Resultado 5
42360.7
Jugando Partidos contra vecino 14
Resultado 5
63407.3
Jugando Partidos contra vecino 15
Resultado 5
58807.8
Jugando Partidos contra vecino 16
Resultado 5
42361.2
Jugando Partidos contra vecino 17
Resultado 13
48572.2
Yo soy: 
53 27 18 81 51 82 4 5 15 62 92 30 66 28 16 El mejor fue: 17
53 27 18 81 51 82 9 5 15 62 92 30 66 28 16 Generación 44
arranca 
Jugando Partidos contra vecino 0
Resultado 13
46237.9
Yo soy: 
53 27 18 81 51 82 9 5 15 62 92 30 66 28 16 El mejor fue: 0
53 27 18 81 51 87 9 5 15 62 92 30 66 28 16 Generación 43
arranca 
Jugando Partidos contra vecino 0
Resultado 11
50809
Yo soy: 
53 27 18 81 51 87 9 5 15 62 92 30 66 28 16 El mejor fue: 0
53 27 18 81 56 87 9 5 15 62 92 30 66 28 16 Generación 42
arranca 
Jugando Partidos contra vecino 0
Resultado 15
59861.5
Yo soy: 
53 27 18 81 56 87 9 5 15 62 92 30 66 28 16 El mejor fue: 0
53 27 18 81 56 87 9 5 20 62 92 30 66 28 16 Generación 41
arranca 
Jugando Partidos contra vecino 0
Resultado 13
56474.1
Yo soy: 
53 27 18 81 56 87 9 5 20 62 92 30 66 28 16 El mejor fue: 0
53 27 18 81 56 87 9 5 20 62 92 30 66 23 16 Generación 40
arranca 
Jugando Partidos contra vecino 0
Resultado 13
53331.8
Yo soy: 
53 27 18 81 56 87 9 5 20 62 92 30 66 23 16 El mejor fue: 0
58 27 18 81 56 87 9 5 20 62 92 30 66 23 16 Generación 39
arranca 
Jugando Partidos contra vecino 0
Resultado 15
53568.8
Yo soy: 
58 27 18 81 56 87 9 5 20 62 92 30 66 23 16 El mejor fue: 0
58 27 18 81 51 87 9 5 20 62 92 30 66 23 16 Generación 38
arranca 
Jugando Partidos contra vecino 0
Resultado 13
81552.9
Yo soy: 
58 27 18 81 51 87 9 5 20 62 92 30 66 23 16 El mejor fue: 0
58 27 18 81 51 87 9 5 20 62 92 25 66 23 16 Generación 37
arranca 
Jugando Partidos contra vecino 0
Resultado 13
83816.7
Yo soy: 
58 27 18 81 51 87 9 5 20 62 92 25 66 23 16 El mejor fue: 0
58 22 18 81 51 87 9 5 20 62 92 25 66 23 16 Generación 36
arranca 
Jugando Partidos contra vecino 0
Resultado 11
78280.7
Yo soy: 
58 22 18 81 51 87 9 5 20 62 92 25 66 23 16 El mejor fue: 0
58 22 18 76 51 87 9 5 20 62 92 25 66 23 16 Generación 35
arranca 
Jugando Partidos contra vecino 0
Resultado 4
64947.1
Jugando Partidos contra vecino 1
Resultado 10
83552.1
Yo soy: 
58 22 18 76 51 87 9 5 20 62 92 25 66 23 16 El mejor fue: 1
53 22 18 76 51 87 9 5 20 62 92 25 66 23 16 Generación 34
arranca 
Jugando Partidos contra vecino 0
Resultado 9
92931.2
Jugando Partidos contra vecino 1
Resultado 9
78240.6
Jugando Partidos contra vecino 2
Resultado 7
82960.7
Jugando Partidos contra vecino 3
Resultado 13
79603.9
Yo soy: 
53 22 18 76 51 87 9 5 20 62 92 25 66 23 16 El mejor fue: 3
53 22 18 76 51 87 9 5 20 67 92 25 66 23 16 Generación 33
arranca 
Jugando Partidos contra vecino 0
Resultado 11
68702.7
Yo soy: 
53 22 18 76 51 87 9 5 20 67 92 25 66 23 16 El mejor fue: 0
53 22 18 76 51 87 9 5 20 67 92 20 66 23 16 Generación 32
arranca 
Jugando Partidos contra vecino 0
Resultado 11
85173.4
Yo soy: 
53 22 18 76 51 87 9 5 20 67 92 20 66 23 16 El mejor fue: 0
53 22 18 76 46 87 9 5 20 67 92 20 66 23 16 Generación 31
arranca 
Jugando Partidos contra vecino 0
Resultado 11
86978.7
Yo soy: 
53 22 18 76 46 87 9 5 20 67 92 20 66 23 16 El mejor fue: 0
53 22 18 76 46 87 9 5 20 67 92 15 66 23 16 Generación 30
arranca 
Jugando Partidos contra vecino 0
Resultado 11
72829.6
Yo soy: 
53 22 18 76 46 87 9 5 20 67 92 15 66 23 16 El mejor fue: 0
53 22 18 76 46 87 9 5 20 67 92 15 66 28 16 Generación 29
arranca 
Jugando Partidos contra vecino 0
Resultado 10
84459
Yo soy: 
53 22 18 76 46 87 9 5 20 67 92 15 66 28 16 El mejor fue: 0
53 17 18 76 46 87 9 5 20 67 92 15 66 28 16 Generación 28
arranca 
Jugando Partidos contra vecino 0
Resultado 13
85512.9
Yo soy: 
53 17 18 76 46 87 9 5 20 67 92 15 66 28 16 El mejor fue: 0
53 22 18 76 46 87 9 5 20 67 92 15 66 28 16 Generación 27
arranca 
Jugando Partidos contra vecino 0
Resultado 9
80753.9
Jugando Partidos contra vecino 1
Resultado 3
56888.4
Jugando Partidos contra vecino 2
Resultado 6
81073.7
Jugando Partidos contra vecino 3
Resultado 11
84720.1
Yo soy: 
53 22 18 76 46 87 9 5 20 67 92 15 66 28 16 El mejor fue: 3
53 22 18 76 46 87 9 5 15 67 92 15 66 28 16 Generación 26
arranca 
Jugando Partidos contra vecino 0
Resultado 11
87669.1
Yo soy: 
53 22 18 76 46 87 9 5 15 67 92 15 66 28 16 El mejor fue: 0
53 22 18 76 46 87 9 5 15 67 97 15 66 28 16 Generación 25
arranca 
Jugando Partidos contra vecino 0
Resultado 9
85980.9
Jugando Partidos contra vecino 1
Resultado 5
91205.1
Jugando Partidos contra vecino 2
Resultado 8
84730.6
Jugando Partidos contra vecino 3
Resultado 13
85154.5
Yo soy: 
53 22 18 76 46 87 9 5 15 67 97 15 66 28 16 El mejor fue: 3
53 17 18 76 46 87 9 5 15 67 97 15 66 28 16 Generación 24
arranca 
Jugando Partidos contra vecino 0
Resultado 9
86505.1
Jugando Partidos contra vecino 1
Resultado 9
79709.8
Jugando Partidos contra vecino 2
Resultado 11
81785.7
Yo soy: 
53 17 18 76 46 87 9 5 15 67 97 15 66 28 16 El mejor fue: 2
53 17 23 76 46 87 9 5 15 67 97 15 66 28 16 Generación 23
arranca 
Jugando Partidos contra vecino 0
Resultado 9
69614.9
Jugando Partidos contra vecino 1
Resultado 10
81126
Yo soy: 
53 17 23 76 46 87 9 5 15 67 97 15 66 28 16 El mejor fue: 1
53 17 23 71 46 87 9 5 15 67 97 15 66 28 16 Generación 22
arranca 
Jugando Partidos contra vecino 0
Resultado 11
78544.7
Yo soy: 
53 17 23 71 46 87 9 5 15 67 97 15 66 28 16 El mejor fue: 0
53 17 23 71 41 87 9 5 15 67 97 15 66 28 16 Generación 21
arranca 
Jugando Partidos contra vecino 0
Resultado 9
85392.2
Jugando Partidos contra vecino 1
Resultado 15
84897.1
Yo soy: 
53 17 23 71 41 87 9 5 15 67 97 15 66 28 16 El mejor fue: 1
53 17 23 71 41 87 9 5 15 62 97 15 66 28 16 Generación 20
arranca 
Jugando Partidos contra vecino 0
Resultado 13
85567.2
Yo soy: 
53 17 23 71 41 87 9 5 15 62 97 15 66 28 16 El mejor fue: 0
53 17 28 71 41 87 9 5 15 62 97 15 66 28 16 Generación 19
arranca 
Jugando Partidos contra vecino 0
Resultado 13
83166.5
Yo soy: 
53 17 28 71 41 87 9 5 15 62 97 15 66 28 16 El mejor fue: 0
48 17 28 71 41 87 9 5 15 62 97 15 66 28 16 Generación 18
arranca 
Jugando Partidos contra vecino 0
Resultado 13
82732.5
Yo soy: 
48 17 28 71 41 87 9 5 15 62 97 15 66 28 16 El mejor fue: 0
48 17 28 71 41 87 9 5 10 62 97 15 66 28 16 Generación 17
arranca 
Jugando Partidos contra vecino 0
Resultado 15
83945.6
Yo soy: 
48 17 28 71 41 87 9 5 10 62 97 15 66 28 16 El mejor fue: 0
53 17 28 71 41 87 9 5 10 62 97 15 66 28 16 Generación 16
arranca 
Jugando Partidos contra vecino 0
Resultado 4
86963.2
Jugando Partidos contra vecino 1
Resultado 13
77666.3
Yo soy: 
53 17 28 71 41 87 9 5 10 62 97 15 66 28 16 El mejor fue: 1
53 17 28 71 41 87 9 5 10 62 97 15 66 28 21 Generación 15
arranca 
Jugando Partidos contra vecino 0
Resultado 11
86983.2
Yo soy: 
53 17 28 71 41 87 9 5 10 62 97 15 66 28 21 El mejor fue: 0
53 17 28 71 41 82 9 5 10 62 97 15 66 28 21 Generación 14
arranca 
Jugando Partidos contra vecino 0
Resultado 11
84316.3
Yo soy: 
53 17 28 71 41 82 9 5 10 62 97 15 66 28 21 El mejor fue: 0
48 17 28 71 41 82 9 5 10 62 97 15 66 28 21 Generación 13
arranca 
Jugando Partidos contra vecino 0
Resultado 11
75063.8
Yo soy: 
48 17 28 71 41 82 9 5 10 62 97 15 66 28 21 El mejor fue: 0
48 17 28 71 41 77 9 5 10 62 97 15 66 28 21 Generación 12
arranca 
Jugando Partidos contra vecino 0
Resultado 5
91327.2
Jugando Partidos contra vecino 1
Resultado 11
86366.1
Yo soy: 
48 17 28 71 41 77 9 5 10 62 97 15 66 28 21 El mejor fue: 1
48 17 28 71 41 72 9 5 10 62 97 15 66 28 21 Generación 11
arranca 
Jugando Partidos contra vecino 0
Resultado 7
73502.3
Jugando Partidos contra vecino 1
Resultado 11
83981.5
Yo soy: 
48 17 28 71 41 72 9 5 10 62 97 15 66 28 21 El mejor fue: 1
48 17 28 71 41 72 9 5 10 62 97 15 66 28 16 Generación 10
arranca 
Jugando Partidos contra vecino 0
Resultado 9
72143
Jugando Partidos contra vecino 1
Resultado 4
87469.7
Jugando Partidos contra vecino 2
Resultado 15
86096.3
Yo soy: 
48 17 28 71 41 72 9 5 10 62 97 15 66 28 16 El mejor fue: 2
48 17 28 71 41 67 9 5 10 62 97 15 66 28 16 Generación 9
arranca 
Jugando Partidos contra vecino 0
Resultado 5
39350.1
Jugando Partidos contra vecino 1
Resultado 11
90198.2
Yo soy: 
48 17 28 71 41 67 9 5 10 62 97 15 66 28 16 El mejor fue: 1
48 17 28 71 41 67 9 5 10 62 97 20 66 28 16 Generación 8
arranca 
Jugando Partidos contra vecino 0
Resultado 13
89405.8
Yo soy: 
48 17 28 71 41 67 9 5 10 62 97 20 66 28 16 El mejor fue: 0
48 17 28 71 46 67 9 5 10 62 97 20 66 28 16 Generación 7
arranca 
Jugando Partidos contra vecino 0
Resultado 13
93743
Yo soy: 
48 17 28 71 46 67 9 5 10 62 97 20 66 28 16 El mejor fue: 0
48 17 28 71 46 67 9 5 10 57 97 20 66 28 16 Generación 6
arranca 
Jugando Partidos contra vecino 0
Resultado 9
67107.4
Jugando Partidos contra vecino 1
Resultado 15
92571.4
Yo soy: 
48 17 28 71 46 67 9 5 10 57 97 20 66 28 16 El mejor fue: 1
48 17 33 71 46 67 9 5 10 57 97 20 66 28 16 Generación 5
arranca 
Jugando Partidos contra vecino 0
Resultado 11
90969
Yo soy: 
48 17 33 71 46 67 9 5 10 57 97 20 66 28 16 El mejor fue: 0
43 17 33 71 46 67 9 5 10 57 97 20 66 28 16 Generación 4
arranca 
Jugando Partidos contra vecino 0
Resultado 13
93316.5
Yo soy: 
43 17 33 71 46 67 9 5 10 57 97 20 66 28 16 El mejor fue: 0
43 17 33 71 46 67 9 5 10 57 92 20 66 28 16 Generación 3
arranca 
Jugando Partidos contra vecino 0
Resultado 11
91541.3
Yo soy: 
43 17 33 71 46 67 9 5 10 57 92 20 66 28 16 El mejor fue: 0
43 17 33 71 46 67 9 5 10 57 87 20 66 28 16 Generación 2
arranca 
Jugando Partidos contra vecino 0
Resultado 13
90027.7
Yo soy: 
43 17 33 71 46 67 9 5 10 57 87 20 66 28 16 El mejor fue: 0
43 17 33 71 46 67 9 5 10 57 82 20 66 28 16 Generación 1
arranca 
Jugando Partidos contra vecino 0
Resultado 13
91131.9
Yo soy: 
43 17 33 71 46 67 9 5 10 57 82 20 66 28 16 El mejor fue: 0
43 17 33 71 46 67 9 5 10 57 82 15 66 28 16 Generación 0
7.03584e+06
