arranca 
Jugando Partidos contra vecino 0
Resultado 5
22879.5
Jugando Partidos contra vecino 1
Resultado 5
33366.7
Jugando Partidos contra vecino 2
Resultado 5
15480.9
Jugando Partidos contra vecino 3
Resultado 5
17859.1
Jugando Partidos contra vecino 4
Resultado 7
21224.7
Jugando Partidos contra vecino 5
Resultado 5
24447.7
Jugando Partidos contra vecino 6
Resultado 5
22371.7
Jugando Partidos contra vecino 7
Resultado 5
21022.7
Jugando Partidos contra vecino 8
Resultado 5
16095.8
Jugando Partidos contra vecino 9
Resultado 5
22987.2
Jugando Partidos contra vecino 10
Resultado 5
23946.6
Jugando Partidos contra vecino 11
Resultado 5
20315
Jugando Partidos contra vecino 12
Resultado 5
12906.6
Jugando Partidos contra vecino 13
Resultado 5
17576.3
Jugando Partidos contra vecino 14
Resultado 5
19314.6
Jugando Partidos contra vecino 15
Resultado 5
17397
Jugando Partidos contra vecino 16
Resultado 5
17800.6
Jugando Partidos contra vecino 17
Resultado 5
23037
Jugando Partidos contra vecino 18
Resultado 5
27720.4
Jugando Partidos contra vecino 19
Resultado 5
23112.4
Jugando Partidos contra vecino 20
Resultado 5
18320.4
Jugando Partidos contra vecino 21
Resultado 5
14899.5
Jugando Partidos contra vecino 22
Resultado 5
21575.6
Jugando Partidos contra vecino 23
Resultado 5
17555.2
Jugando Partidos contra vecino 24
Resultado 5
18243.5
Jugando Partidos contra vecino 25
Resultado 5
19171.5
Jugando Partidos contra vecino 26
Resultado 5
19213.3
Jugando Partidos contra vecino 27
Resultado 5
14163.5
Jugando Partidos contra vecino 28
Resultado 5
19134.1
Jugando Partidos contra vecino 29
Resultado 5
25153.4
608293
arranca 
Jugando Partidos contra vecino 0
Resultado 3
20339
Jugando Partidos contra vecino 1
Resultado 0
16724.2
Jugando Partidos contra vecino 2
Resultado 2
16581.7
Jugando Partidos contra vecino 3
Resultado 5
33778.4
Jugando Partidos contra vecino 4
Resultado 5
13677.6
Jugando Partidos contra vecino 5
Resultado 2
14494.7
Jugando Partidos contra vecino 6
Resultado 1
15998.9
Jugando Partidos contra vecino 7
Resultado 4
16618.2
Jugando Partidos contra vecino 8
Resultado 4
12689.3
Jugando Partidos contra vecino 9
Resultado 4
24181.4
Jugando Partidos contra vecino 10
Resultado 1
17817.8
Jugando Partidos contra vecino 11
Resultado 4
21152
Jugando Partidos contra vecino 12
Resultado 2
17593.1
Jugando Partidos contra vecino 13
Resultado 2
21797.2
Jugando Partidos contra vecino 14
Resultado 1
14596.2
Jugando Partidos contra vecino 15
Resultado 5
26830.7
Jugando Partidos contra vecino 16
Resultado 1
15772.5
Jugando Partidos contra vecino 17
Resultado 1
16657.5
Jugando Partidos contra vecino 18
Resultado 1
20096.3
Jugando Partidos contra vecino 19
Resultado 3
18423.6
Jugando Partidos contra vecino 20
Resultado 3
20195.4
Jugando Partidos contra vecino 21
Resultado 4
24357
Jugando Partidos contra vecino 22
Resultado 5
15227.5
Jugando Partidos contra vecino 23
Resultado 5
18041.8
Jugando Partidos contra vecino 24
Resultado 2
22131.9
Jugando Partidos contra vecino 25
Resultado 3
15049.5
Jugando Partidos contra vecino 26
Resultado 4
18629.8
Jugando Partidos contra vecino 27
Resultado 3
18941.8
Jugando Partidos contra vecino 28
Resultado 4
14482.8
Jugando Partidos contra vecino 29
Resultado 4
23899.9
566778
arranca 
Jugando Partidos contra vecino 0
Resultado 5
48656.7
Jugando Partidos contra vecino 1
Resultado 7
32238.6
Jugando Partidos contra vecino 2
Resultado 5
45515
Jugando Partidos contra vecino 3
Resultado 5
46184
Jugando Partidos contra vecino 4
Resultado 9
42184.2
Jugando Partidos contra vecino 5
Resultado 5
47283.2
Jugando Partidos contra vecino 6
Resultado 5
51757.2
Jugando Partidos contra vecino 7
Resultado 5
41926.9
Jugando Partidos contra vecino 8
Resultado 7
49681.4
Jugando Partidos contra vecino 9
Resultado 5
52776.3
Jugando Partidos contra vecino 10
Resultado 5
47854.9
Jugando Partidos contra vecino 11
Resultado 5
52868.4
Jugando Partidos contra vecino 12
Resultado 5
51241.5
Jugando Partidos contra vecino 13
Resultado 5
51437.6
Jugando Partidos contra vecino 14
Resultado 5
43630.1
Jugando Partidos contra vecino 15
Resultado 5
47610ción 6
arranca 
Jugando Partidos contra vecino 0
Resultado 4
30887.6
Jugando Partidos contra vecino 1
Resultado 6
30241.3
Jugando Partidos contra vecino 2
Resultado 11
43179.8
Yo soy: 
-14 65 69 30 12 5 36 87 14 80 83 24 24 66 90 El mejor fue: 2
-14 65 69 30 12 5 36 87 14 80 83 24 24 46 90 Generación 5
arranca 
Jugando Partidos contra vecino 0
Resultado 7
34043.7
Jugando Partidos contra vecino 1
Resultado 6
45096.9
Jugando Partidos contra vecino 2
Resultado 6
45090.6
Jugando Partidos contra vecino 3
Resultado 11
40167.1
Yo soy: 
-14 65 69 30 12 5 36 87 14 80 83 24 24 46 90 El mejor fue: 3
-14 65 69 30 12 5 36 67 14 80 83 24 24 46 90 Generación 4
arranca 
Jugando Partidos contra vecino 0
Resultado 3
28689.9
Jugando Partidos contra vecino 1
Resultado 5
32902.6
Jugando Partidos contra vecino 2
Resultado 8
45443.4
Jugando Partidos contra vecino 3
Resultado 6
33776.1
Jugando Partidos contra vecino 4
Resultado 9
48366
Jugando Partidos contra vecino 5
Resultado 7
36841.6
Jugando Partidos contra vecino 6
Resultado 9
41152.4
Jugando Partidos contra vecino 7
Resultado 5
29424.7
Jugando Partidos contra vecino 8
Resultado 9
38170.4
Jugando Partidos contra vecino 9
Resultado 5
36533.9
Jugando PartidResultado 8
38241.9
Jugando Partidos contra vecino 2
Resultado 11
37726.4
Yo soy: 
39 30 39 48 56 67 42 66 72 75 6 60 68 91 42 El mejor fue: 2
39 30 39 48 56 67 42 66 72 75 6 60 68 91 22 Generación 18
arranca 
Jugando Partidos contra vecino 0
Resultado 5
29710.7
Jugando Partidos contra vecino 1
Resultado 11
29288.6
Yo soy: 
39 30 39 48 56 67 42 66 72 75 6 60 68 91 22 El mejor fue: 1
39 30 39 48 56 67 42 66 72 75 26 60 68 91 22 Generación 17
arranca 
Jugando Partidos contra vecino 0
Resultado 10
39639.5
Yo soy: 
39 30 39 48 56 67 42 66 72 75 26 60 68 91 22 El mejor fue: 0
39 30 39 48 36 67 42 66 72 75 26 60 68 91 22 Generación 16
arranca 
Jugando Partidos contra vecino 0
Resultado 9
26592.8
Jugando Partidos contra vecino 1
Resultado 8
30258.7
Jugando Partidos contra vecino 2
Resultado 7
29800.6
Jugando Partidos contra vecino 3
Resultado 10
40209.9
Yo soy: 
39 30 39 48 36 67 42 66 72 75 26 60 68 91 22 El mejor fue: 3
39 30 39 68 36 67 42 66 72 75 26 60 68 91 22 Generación 15
arranca 
Jugando Partidos contra vecino 0
Resultado 10
35856.4
Yo soy: 
39 30 39 68 36 67 42 66 72 75 26 60 68 91 22 El mejor fue: 0
39 30 39 68 36 87 42 66 72 75 26 60 68 91 22 Generación 14
arranca 
Jugando Partidos contra vecino 0
Resultado 13
43159
Yo soy: 
39 30 39 68 36 87 42 66 72 75 26 60 68 91 22 El mejor fue: 0
39 30 39 68 36 87 22 66 72 75 26 60 68 91 22 Generación 13
arranca 
Jugando Partidos contra vecino 0
Resultado 13
45869.1
Yo soy: 
39 30 39 68 36 87 22 66 72 75 26 60 68 91 22 El mejor fue: 0
39 30 39 68 36 87 42 66 72 75 26 60 68 91 22 Generación 12
arranca 
Jugando Partidos contra vecino 0
Resultado 5
23463.1
Jugando Partidos contra vecino 1
Resultado 10
39516.7
Yo soy: 
39 30 39 68 36 87 42 66 72 75 26 60 68 91 22 El mejor fue: 1
39 30 39 68 36 87 42 66 72 55 26 60 68 91 22 Generación 11
arranca 
Jugando Partidos contra vecino 0
Resultado 13
39533.3
Yo soy: 
39 30 39 68 36 87 42 66 72 55 26 60 68 91 22 El mejor fue: 0
39 30 39 48 36 87 42 66 72 55 26 60 68 91 22 Generación 10
arranca 
Jugando Partidos contra vecino 0
Resultado 13
39301.3
Yo soy: 
39 30 39 48 36 87 42 66 72 55 26 60 68 91 22 El mejor fue: 0
39 30 39 48 36 87 42 66 72 35 26 60 68 91 22 Generación 9
arranca 
Jugando Partidos contra vecino 0
Resultado 4
25862.5
Jugando Partidos contra vecino 1
Resultado 9
22223.2
Jugando Partidos contra vecino 2
Resultado 8
32376.6
Jugando Partidos contra vecino 3
Resultado 11
45068.9
Yo soy: 
39 30 39 48 36 87 42 66 72 35 26 60 68 91 22 El mejor fue: 3
19 30 39 48 36 87 42 66 72 35 26 60 68 91 22 Generación 8
arranca 
Jugando Partidos contra vecino 0
Resultado 11
34474.3
Yo soy: 
19 30 39 48 36 87 42 66 72 35 26 60 68 91 22 El mejor fue: 0
19 30 39 48 36 87 42 66 72 35 26 40 68 91 22 Generación 7
arranca 
Jugando Partidos contra vecino 0
Resultado 7
33102.4
Jugando Partidos contra vecino 1
Resultado 13
40155.6
Yo soy: 
19 30 39 48 36 87 42 66 72 35 26 40 68 91 22 El mejor fue: 1
-1 30 39 48 36 87 42 66 72 35 26 40 68 91 22 Generación 6
arranca 
Jugando Partidos contra vecino 0
Resultado 10
32941.5
Yo soy: 
-1 30 39 48 36 87 42 66 72 35 26 40 68 91 22 El mejor fue: 0
-1 50 39 48 36 87 42 66 72 35 26 40 68 91 22 Generación 5
arranca 
Jugando Partidos contra vecino 0
Resultado 3
18066.2
Jugando Partidos contra vecino 1
Resultado 8
44345.9
Jugando Partidos contra vecino 2
Resultado 9
37693.8
Jugando Partidos contra vecino 3
Resultado 9
30171.2
Jugando Partidos contra vecino 4
Resultado 4
23997.7
Jugando Partidos contra vecino 5
Resultado 3
27398.2
Jugando Partidos contra vecino 6
Resultado 7
37604.5
Jugando Partidos contra vecino 7
Resultado 9
36448.8
Jugando Partidos contra vecino 8
Resultado 13
48389.6
Yo soy: 
-1 50 39 48 36 87 42 66 72 35 26 40 68 91 22 El mejor fue: 8
-1 50 39 48 36 87 22 66 72 35 26 40 68 91 22 Generación 4
arranca 
Jugando Partidos contra vecino 0
Resultado 8
32264.2
Jugando Partidos contra vecino 1
Resultado 7
28655
Jugando Partidos contra vecino 2
Resultado 9
21105.7
Jugando Partidos contra vecino 3
Resultado 7
37163.2
Jugando Partidos contra vecino 4
Resultado 8
28124.1
Jugando Partidos contra vecino 5
Resultado 12
46997.2
Yo soy: 
-1 50 39 48 36 87 22 66 72 35 26 40 68 91 22 El mejor fue: 5
-1 50 39 48 36 67 22 66 72 35 26 40 68 91 22 Generación 3
arranca 
Jugando Partidos contra vecino 0
Resultado 11
39644.2
Yo soy: 
-1 50 39 48 36 67 22 66 72 35 26 40 68 91 22 El mejor fue: 0
-1 50 39 48 36 67 22 66 72 35 26 40 68 91 42 Generación 2
arranca 
Jugando Partidos contra vecino 0
Resultado 9
23808
Jugando Partidos contra vecino 1
Resultado 6
20598
Jugando Partidos contra vecino 2
Resultado 13
43884.4
Yo soy: 
-1 50 39 48 36 67 22 66 72 35 26 40 68 91 42 El mejor fue: 2
-21 50 39 48 36 67 22 66 72 35 26 40 68 91 42 Generación 1
arranca 
Jugando Partidos contra vecino 0
Resultado 7
38436.3
Jugando Partidos contra vecino 1
Resultado 11
39393.8
Yo soy: 
-21 50 39 48 36 67 22 66 72 35 26 40 68 91 42 El mejor fue: 1
-21 50 39 48 36 67 22 66 72 35 46 40 68 91 42 Generación 0
1.67974e+06
