arranca 
Jugando Partidos contra vecino 0
Resultado 11
25138.6
Yo soy: 
8 36 87 3 70 74 14 79 36 81 77 2 55 15 38 El mejor fue: 0
8 36 87 3 60 74 14 79 36 81 77 2 55 15 38 Generación 99
arranca 
Jugando Partidos contra vecino 0
Resultado 9
22572.8
Jugando Partidos contra vecino 1
Resultado 9
22875
Jugando Partidos contra vecino 2
Resultado 7
20792.3
Jugando Partidos contra vecino 3
Resultado 13
25271.3
Yo soy: 
8 36 87 3 60 74 14 79 36 81 77 2 55 15 38 El mejor fue: 3
8 36 77 3 60 74 14 79 36 81 77 2 55 15 38 Generación 98
arranca 
Jugando Partidos contra vecino 0
Resultado 13
26240.9
Yo soy: 
8 36 77 3 60 74 14 79 36 81 77 2 55 15 38 El mejor fue: 0
8 36 77 3 70 74 14 79 36 81 77 2 55 15 38 Generación 97
arranca 
Jugando Partidos contra vecino 0
Resultado 11
26440.6
Yo soy: 
8 36 77 3 70 74 14 79 36 81 77 2 55 15 38 El mejor fue: 0
8 36 77 3 70 74 14 79 36 81 77 2 55 15 48 Generación 96
arranca 
Jugando Partidos contra vecino 0
Resultado 7
21345.5
Jugando Partidos contra vecino 1
Resultado 11
22389.8
Yo soy: 
8 36 77 3 70 74 14 79 36 81 77 2 55 15 48 El mejor fue: 1
8 36 67 3 70 74 14 79 36 81 77 2 55 15 48 Generación 95
arranca 
Jugando Partidos contra vecino 0
Resultado 13
30103.8
Yo soy: 
8 36 67 3 70 74 14 79 36 81 77 2 55 15 48 El mejor fue: 0
8 36 57 3 70 74 14 79 36 81 77 2 55 15 48 Generación 94
arranca 
Jugando Partidos contra vecino 0
Resultado 13
40377.2
Yo soy: 
8 36 57 3 70 74 14 79 36 81 77 2 55 15 48 El mejor fue: 0
8 36 57 3 70 74 24 79 36 81 77 2 55 15 48 Generación 93
arranca 
Jugando Partidos contra vecino 0
Resultado 7
56593.9
Jugando Partidos contra vecino 1
Resultado 9
26519.9
Jugando Partidos contra vecino 2
Resultado 9
40687.9
Jugando Partidos contra vecino 3
Resultado 7
53573.7
Jugando Partidos contra vecino 4
Resultado 10
38801.2
Yo soy: 
8 36 57 3 70 74 24 79 36 81 77 2 55 15 48 El mejor fue: 4
8 36 57 13 70 74 24 79 36 81 77 2 55 15 48 Generación 92
arranca 
Jugando Partidos contra vecino 0
Resultado 9
43128.7
Jugando Partidos contra vecino 1
Resultado 9
37868.5
Jugando Partidos contra vecino 2
Resultado 9
26044.4
Jugando Partidos contra vecino 3
Resultado 7
44612.9
Jugando Partidos contra vecino 4
Resultado 5
47374.7
Jugando Partidos contra vecino 5
Resultado 7
44010.6
Jugando Partidos contra vecino 6
Resultado 7
56182.1
Jugando Partidos contra vecino 7
Resultado 15
46146.1
Yo soy: 
8 36 57 13 70 74 24 79 36 81 77 2 55 15 48 El mejor fue: 7
8 36 57 13 70 74 24 79 36 81 77 2 55 5 48 Generación 91
arranca 
Jugando Partidos contra vecino 0
Resultado 13
43747.9
Yo soy: 
8 36 57 13 70 74 24 79 36 81 77 2 55 5 48 El mejor fue: 0
8 36 57 13 70 74 24 79 36 81 87 2 55 5 48 Generación 90
arranca 
Jugando Partidos contra vecino 0
Resultado 13
52446.1
Yo soy: 
8 36 57 13 70 74 24 79 36 81 87 2 55 5 48 El mejor fue: 0
8 36 57 13 70 74 24 79 36 81 87 2 55 -5 48 Generación 89
arranca 
Jugando Partidos contra vecino 0
Resultado 8
57151.1
Jugando Partidos contra vecino 1
Resultado 10
54803.5
Yo soy: 
8 36 57 13 70 74 24 79 36 81 87 2 55 -5 48 El mejor fue: 1
8 26 57 13 70 74 24 79 36 81 87 2 55 -5 48 Generación 88
arranca 
Jugando Partidos contra vecino 0
Resultado 9
65170.8
Jugando Partidos contra vecino 1
Resultado 9
63772.4
Jugando Partidos contra vecino 2
Resultado 9
71707.5
Jugando Partidos contra vecino 3
Resultado 9
64906.7
Jugando Partidos contra vecino 4
Resultado 11
62056.9
Yo soy: 
8 26 57 13 70 74 24 79 36 81 87 2 55 -5 48 El mejor fue: 4
8 16 57 13 70 74 24 79 36 81 87 2 55 -5 48 Generación 87
arranca 
Jugando Partidos contra vecino 0
Resultado 11
52649.7
Yo soy: 
8 16 57 13 70 74 24 79 36 81 87 2 55 -5 48 El mejor fue: 0
8 16 57 13 70 74 24 79 36 71 87 2 55 -5 48 Generación 86
arranca 
Jugando Partidos contra vecino 0
Resultado 7
49645.3
Jugando Partidos contra vecino 1
Resultado 13
57313.1
Yo soy: 
8 16 57 13 70 74 24 79 36 71 87 2 55 -5 48 El mejor fue: 1
8 16 57 13 70 84 24 79 36 71 87 2 55 -5 48 Generación 85
arranca 
Jugando Partidos contra vecino 0
Resultado 9
46044
Jugando Partidos contra vecino 1
Resultado 13
63901.7
Yo soy: 
8 16 57 13 70 84 24 79 36 71 87 2 55 -5 48 El mejor fue: 1
8 16 57 13 70 84 24 79 36 71 87 2 55 -5 58 Generación 84
arranca 
Jugando Partidos contra vecino 0
Resultado 7
49228.9
Jugando Partidos contra vecino 1
Resultado 5
67644.7
Jugando Partidos contra vecino 2
Resultado 7
48563.1
Jugando Partidos contra vecino 3
Resultado 4
57786.1
Jugando Partidos contra vecino 4
Resultado 5
43546.2
Jugando Partidos contra vecino 5
Resultado 5
66733
Jugando Partidos contra vecino 6
Resultado 7
49566.6
Jugando Partidos contra vecino 7
Resultado 9
56231.9
Jugando Partidos contra vecino 8
Resultado 7
45818.2
Jugando Partidos contra vecino 9
Resultado 7
46699.1
Jugando Partidos contra vecino 10
Resultado 5
64141.9
Jugando Partidos contra vecino 11
Resultado 11
52827.2
Yo soy: 
8 16 57 13 70 84 24 79 36 71 87 2 55 -5 58 El mejor fue: 11
8 16 57 13 70 84 24 79 26 71 87 2 55 -5 58 Generación 83
arranca 
Jugando Partidos contra vecino 0
Resultado 9
46086.4
Jugando Partidos contra vecino 1
Resultado 5
42196.1
Jugando Partidos contra vecino 2
Resultado 11
48644
Yo soy: 
8 16 57 13 70 84 24 79 26 71 87 2 55 -5 58 El mejor fue: 2
8 16 57 13 70 84 24 79 16 71 87 2 55 -5 58 Generación 82
arranca 
Jugando Partidos contra vecino 0
Resultado 5
65140.6
Jugando Partidos contra vecino 1
Resultado 11
48008.1
Yo soy: 
8 16 57 13 70 84 24 79 16 71 87 2 55 -5 58 El mejor fue: 1
8 16 57 13 70 84 24 79 16 71 87 12 55 -5 58 Generación 81
arranca 
Jugando Partidos contra vecino 0
Resultado 7
44017.6
Jugando Partidos contra vecino 1
Resultado 11
58909.4
Yo soy: 
8 16 57 13 70 84 24 79 16 71 87 12 55 -5 58 El mejor fue: 1
-2 16 57 13 70 84 24 79 16 71 87 12 55 -5 58 Generación 80
arranca 
Jugando Partidos contra vecino 0
Resultado 7
68649.1
Jugando Partidos contra vecino 1
Resultado 9
47713.3
Jugando Partidos contra vecino 2
Resultado 11
57489.6
Yo soy: 
-2 16 57 13 70 84 24 79 16 71 87 12 55 -5 58 El mejor fue: 2
-2 16 57 13 80 84 24 79 16 71 87 12 55 -5 58 Generación 79
arranca 
Jugando Partidos contra vecino 0
Resultado 9
54690.2
Jugando Partidos contra vecino 1
Resultado 9
48471.1
Jugando Partidos contra vecino 2
Resultado 9
59328.6
Jugando Partidos contra vecino 3
Resultado 9
52717.4
Jugando Partidos contra vecino 4
Resultado 9
60624.7
Jugando Partidos contra vecino 5
Resultado 9
55881.4
Jugando Partidos contra vecino 6
Resultado 7
59230.5
Jugando Partidos contra vecino 7
Resultado 7
55346.9
Jugando Partidos contra vecino 8
Resultado 7
74816.8
Jugando Partidos contra vecino 9
Resultado 11
61951.8
Yo soy: 
-2 16 57 13 80 84 24 79 16 71 87 12 55 -5 58 El mejor fue: 9
-2 16 57 3 80 84 24 79 16 71 87 12 55 -5 58 Generación 78
arranca 
Jugando Partidos contra vecino 0
Resultado 11
60159.9
Yo soy: 
-2 16 57 3 80 84 24 79 16 71 87 12 55 -5 58 El mejor fue: 0
-2 16 57 3 80 84 24 79 26 71 87 12 55 -5 58 Generación 77
arranca 
Jugando Partidos contra vecino 0
Resultado 7
48589.1
Jugando Partidos contra vecino 1
Resultado 9
52701.9
Jugando Partidos contra vecino 2
Resultado 15
63753.9
Yo soy: 
-2 16 57 3 80 84 24 79 26 71 87 12 55 -5 58 El mejor fue: 2
-2 16 57 3 90 84 24 79 26 71 87 12 55 -5 58 Generación 76
arranca 
Jugando Partidos contra vecino 0
Resultado 11
73503.4
Yo soy: 
-2 16 57 3 90 84 24 79 26 71 87 12 55 -5 58 El mejor fue: 0
-2 16 47 3 90 84 24 79 26 71 87 12 55 -5 58 Generación 75
arranca 
Jugando Partidos contra vecino 0
Resultado 11
62155.1
Yo soy: 
-2 16 47 3 90 84 24 79 26 71 87 12 55 -5 58 El mejor fue: 0
-2 6 47 3 90 84 24 79 26 71 87 12 55 -5 58 Generación 74
arranca 
Jugando Partidos contra vecino 0
Resultado 9
72998.9
Jugando Partidos contra vecino 1
Resultado 9
63828.9
Jugando Partidos contra vecino 2
Resultado 9
52447
Jugando Partidos contra vecino 3
Resultado 11
69294.4
Yo soy: 
-2 6 47 3 90 84 24 79 26 71 87 12 55 -5 58 El mejor fue: 3
-12 6 47 3 90 84 24 79 26 71 87 12 55 -5 58 Generación 73
arranca 
Jugando Partidos contra vecino 0
Resultado 13
72373.1
Yo soy: 
-12 6 47 3 90 84 24 79 26 71 87 12 55 -5 58 El mejor fue: 0
-12 6 47 3 90 84 34 79 26 71 87 12 55 -5 58 Generación 72
arranca 
Jugando Partidos contra vecino 0
Resultado 11
65745.9
Yo soy: 
-12 6 47 3 90 84 34 79 26 71 87 12 55 -5 58 El mejor fue: 0
-12 6 47 3 90 84 34 79 26 71 87 12 55 -5 48 Generación 71
arranca 
Jugando Partidos contra vecino 0
Resultado 9
45707.6
Jugando Partidos contra vecino 1
Resultado 11
70976.8
Yo soy: 
-12 6 47 3 90 84 34 79 26 71 87 12 55 -5 48 El mejor fue: 1
-12 6 47 -7 90 84 34 79 26 71 87 12 55 -5 48 Generación 70
arranca 
Jugando Partidos contra vecino 0
Resultado 15
64346.7
Yo soy: 
-12 6 47 -7 90 84 34 79 26 71 87 12 55 -5 48 El mejor fue: 0
-12 6 47 -7 90 84 34 79 16 71 87 12 55 -5 48 Generación 69
arranca 
Jugando Partidos contra vecino 0
Resultado 15
59126.8
Yo soy: 
-12 6 47 -7 90 84 34 79 16 71 87 12 55 -5 48 El mejor fue: 0
-12 6 47 -7 90 84 34 79 16 71 87 12 55 -5 38 Generación 68
arranca 
Jugando Partidos contra vecino 0
Resultado 13
69318.7
Yo soy: 
-12 6 47 -7 90 84 34 79 16 71 87 12 55 -5 38 El mejor fue: 0
-12 6 47 -7 80 84 34 79 16 71 87 12 55 -5 38 Generación 67
arranca 
Jugando Partidos contra vecino 0
Resultado 11
55699.8
Yo soy: 
-12 6 47 -7 80 84 34 79 16 71 87 12 55 -5 38 El mejor fue: 0
-12 6 57 -7 80 84 34 79 16 71 87 12 55 -5 38 Generación 66
arranca 
Jugando Partidos contra vecino 0
Resultado 9
55379.8
Jugando Partidos contra vecino 1
Resultado 9
64728.8
Jugando Partidos contra vecino 2
Resultado 7
58543.8
Jugando Partidos contra vecino 3
Resultado 5
48711.4
Jugando Partidos contra vecino 4
Resultado 13
66328.3
Yo soy: 
-12 6 57 -7 80 84 34 79 16 71 87 12 55 -5 38 El mejor fue: 4
-12 6 57 -7 80 84 34 79 16 71 97 12 55 -5 38 Generación 65
arranca 
Jugando Partidos contra vecino 0
Resultado 15
63260.3
Yo soy: 
-12 6 57 -7 80 84 34 79 16 71 97 12 55 -5 38 El mejor fue: 0
-12 6 57 -7 80 84 34 79 6 71 97 12 55 -5 38 Generación 64
arranca 
Jugando Partidos contra vecino 0
Resultado 7
70828.4
Jugando Partidos contra vecino 1
Resultado 9
68983
Jugando Partidos contra vecino 2
Resultado 13
71899.8
Yo soy: 
-12 6 57 -7 80 84 34 79 6 71 97 12 55 -5 38 El mejor fue: 2
-12 6 57 -7 90 84 34 79 6 71 97 12 55 -5 38 Generación 63
arranca 
Jugando Partidos contra vecino 0
Resultado 13
57729.2
Yo soy: 
-12 6 57 -7 90 84 34 79 6 71 97 12 55 -5 38 El mejor fue: 0
-12 6 67 -7 90 84 34 79 6 71 97 12 55 -5 38 Generación 62
arranca 
Jugando Partidos contra vecino 0
Resultado 5
70669.2
Jugando Partidos contra vecino 1
Resultado 9
51831
Jugando Partidos contra vecino 2
Resultado 9
59102.4
Jugando Partidos contra vecino 3
Resultado 13
64569
Yo soy: 
-12 6 67 -7 90 84 34 79 6 71 97 12 55 -5 38 El mejor fue: 3
-12 6 67 -7 80 84 34 79 6 71 97 12 55 -5 38 Generación 61
arranca 
Jugando Partidos contra vecino 0
Resultado 13
66226.4
Yo soy: 
-12 6 67 -7 80 84 34 79 6 71 97 12 55 -5 38 El mejor fue: 0
-2 6 67 -7 80 84 34 79 6 71 97 12 55 -5 38 Generación 60
arranca 
Jugando Partidos contra vecino 0
Resultado 11
58532.2
Yo soy: 
-2 6 67 -7 80 84 34 79 6 71 97 12 55 -5 38 El mejor fue: 0
-2 6 67 -17 80 84 34 79 6 71 97 12 55 -5 38 Generación 59
arranca 
Jugando Partidos contra vecino 0
Resultado 9
64802.2
Jugando Partidos contra vecino 1
Resultado 5
69143.3
Jugando Partidos contra vecino 2
Resultado 11
62316.2
Yo soy: 
-2 6 67 -17 80 84 34 79 6 71 97 12 55 -5 38 El mejor fue: 2
-2 6 67 -17 80 84 34 69 6 71 97 12 55 -5 38 Generación 58
arranca 
Jugando Partidos contra vecino 0
Resultado 5
56674.3
Jugando Partidos contra vecino 1
Resultado 7
55514.6
Jugando Partidos contra vecino 2
Resultado 5
61557.3
Jugando Partidos contra vecino 3
Resultado 11
61580.6
Yo soy: 
-2 6 67 -17 80 84 34 69 6 71 97 12 55 -5 38 El mejor fue: 3
-2 6 67 -17 80 84 34 69 6 71 97 12 55 -5 48 Generación 57
arranca 
Jugando Partidos contra vecino 0
Resultado 5
70199.5
Jugando Partidos contra vecino 1
Resultado 9
57456.2
Jugando Partidos contra vecino 2
Resultado 9
73177
Jugando Partidos contra vecino 3
Resultado 11
63187.6
Yo soy: 
-2 6 67 -17 80 84 34 69 6 71 97 12 55 -5 48 El mejor fue: 3
-2 6 67 -17 80 84 24 69 6 71 97 12 55 -5 48 Generación 56
arranca 
Jugando Partidos contra vecino 0
Resultado 11
70850
Yo soy: 
-2 6 67 -17 80 84 24 69 6 71 97 12 55 -5 48 El mejor fue: 0
-2 16 67 -17 80 84 24 69 6 71 97 12 55 -5 48 Generación 55
arranca 
Jugando Partidos contra vecino 0
Resultado 9
64645.6
Jugando Partidos contra vecino 1
Resultado 11
53400
Yo soy: 
-2 16 67 -17 80 84 24 69 6 71 97 12 55 -5 48 El mejor fue: 1
-2 16 67 -17 80 84 24 69 6 61 97 12 55 -5 48 Generación 54
arranca 
Jugando Partidos contra vecino 0
Resultado 5
68415
Jugando Partidos contra vecino 1
Resultado 11
67648.1
Yo soy: 
-2 16 67 -17 80 84 24 69 6 61 97 12 55 -5 48 El mejor fue: 1
-2 16 67 -17 80 84 24 69 6 51 97 12 55 -5 48 Generación 53
arranca 
Jugando Partidos contra vecino 0
Resultado 13
48416.8
Yo soy: 
-2 16 67 -17 80 84 24 69 6 51 97 12 55 -5 48 El mejor fue: 0
-2 16 67 -17 80 84 24 69 6 51 97 12 55 5 48 Generación 52
arranca 
Jugando Partidos contra vecino 0
Resultado 13
44037.8
Yo soy: 
-2 16 67 -17 80 84 24 69 6 51 97 12 55 5 48 El mejor fue: 0
-2 6 67 -17 80 84 24 69 6 51 97 12 55 5 48 Generación 51
arranca 
Jugando Partidos contra vecino 0
Resultado 9
38080.2
Jugando Partidos contra vecino 1
Resultado 13
43827.7
Yo soy: 
-2 6 67 -17 80 84 24 69 6 51 97 12 55 5 48 El mejor fue: 1
-2 6 67 -17 80 84 24 69 6 41 97 12 55 5 48 Generación 50
arranca 
Jugando Partidos contra vecino 0
Resultado 13
38926.2
Yo soy: 
-2 6 67 -17 80 84 24 69 6 41 97 12 55 5 48 El mejor fue: 0
-2 6 67 -17 80 94 24 69 6 41 97 12 55 5 48 Generación 49
arranca 
Jugando Partidos contra vecino 0
Resultado 15
56273.1
Yo soy: 
-2 6 67 -17 80 94 24 69 6 41 97 12 55 5 48 El mejor fue: 0
-2 6 67 -17 80 94 24 69 6 41 77 12 55 5 48 Generación 48
arranca 
Jugando Partidos contra vecino 0
Resultado 13
48323.9
Yo soy: 
-2 6 67 -17 80 94 24 69 6 41 77 12 55 5 48 El mejor fue: 0
8 6 67 -17 80 94 24 69 6 41 77 12 55 5 48 Generación 47
arranca 
Jugando Partidos contra vecino 0
Resultado 11
39033.2
Yo soy: 
8 6 67 -17 80 94 24 69 6 41 77 12 55 5 48 El mejor fue: 0
8 6 67 -17 80 94 24 69 6 31 77 12 55 5 48 Generación 46
arranca 
Jugando Partidos contra vecino 0
Resultado 11
44770.1
Yo soy: 
8 6 67 -17 80 94 24 69 6 31 77 12 55 5 48 El mejor fue: 0
8 6 77 -17 80 94 24 69 6 31 77 12 55 5 48 Generación 45
arranca 
Jugando Partidos contra vecino 0
Resultado 15
57960.5
Yo soy: 
8 6 77 -17 80 94 24 69 6 31 77 12 55 5 48 El mejor fue: 0
8 6 77 -27 80 94 24 69 6 31 77 12 55 5 48 Generación 44
arranca 
Jugando Partidos contra vecino 0
Resultado 15
56741.7
Yo soy: 
8 6 77 -27 80 94 24 69 6 31 77 12 55 5 48 El mejor fue: 0
-2 6 77 -27 80 94 24 69 6 31 77 12 55 5 48 Generación 43
arranca 
Jugando Partidos contra vecino 0
Resultado 7
52065
Jugando Partidos contra vecino 1
Resultado 15
55820.2
Yo soy: 
-2 6 77 -27 80 94 24 69 6 31 77 12 55 5 48 El mejor fue: 1
-2 6 77 -27 80 94 14 69 6 31 77 12 55 5 48 Generación 42
arranca 
Jugando Partidos contra vecino 0
Resultado 15
57671.9
Yo soy: 
-2 6 77 -27 80 94 14 69 6 31 77 12 55 5 48 El mejor fue: 0
-2 6 77 -27 80 94 14 69 6 21 77 12 55 5 48 Generación 41
arranca 
Jugando Partidos contra vecino 0
Resultado 15
53532.4
Yo soy: 
-2 6 77 -27 80 94 14 69 6 21 77 12 55 5 48 El mejor fue: 0
-2 6 87 -27 80 94 14 69 6 21 77 12 55 5 48 Generación 40
arranca 
Jugando Partidos contra vecino 0
Resultado 15
45861.9
Yo soy: 
-2 6 87 -27 80 94 14 69 6 21 77 12 55 5 48 El mejor fue: 0
-2 6 87 -27 80 94 14 69 6 21 67 12 55 5 48 Generación 39
arranca 
Jugando Partidos contra vecino 0
Resultado 13
41402.7
Yo soy: 
-2 6 87 -27 80 94 14 69 6 21 67 12 55 5 48 El mejor fue: 0
-2 6 87 -17 80 94 14 69 6 21 67 12 55 5 48 Generación 38
arranca 
Jugando Partidos contra vecino 0
Resultado 15
43754.5
Yo soy: 
-2 6 87 -17 80 94 14 69 6 21 67 12 55 5 48 El mejor fue: 0
-2 6 87 -17 70 94 14 69 6 21 67 12 55 5 48 Generación 37
arranca 
Jugando Partidos contra vecino 0
Resultado 15
41831.8
Yo soy: 
-2 6 87 -17 70 94 14 69 6 21 67 12 55 5 48 El mejor fue: 0
-2 6 97 -17 70 94 14 69 6 21 67 12 55 5 48 Generación 36
arranca 
Jugando Partidos contra vecino 0
Resultado 15
44417.6
Yo soy: 
-2 6 97 -17 70 94 14 69 6 21 67 12 55 5 48 El mejor fue: 0
-2 6 87 -17 70 94 14 69 6 21 67 12 55 5 48 Generación 35
arranca 
Jugando Partidos contra vecino 0
Resultado 15
42673.8
Yo soy: 
-2 6 87 -17 70 94 14 69 6 21 67 12 55 5 48 El mejor fue: 0
-2 6 87 -17 70 74 14 69 6 21 67 12 55 5 48 Generación 34
arranca 
Jugando Partidos contra vecino 0
Resultado 15
44113.6
Yo soy: 
-2 6 87 -17 70 74 14 69 6 21 67 12 55 5 48 El mejor fue: 0
-2 6 87 -17 70 74 14 69 6 11 67 12 55 5 48 Generación 33
arranca 
Jugando Partidos contra vecino 0
Resultado 15
44657
Yo soy: 
-2 6 87 -17 70 74 14 69 6 11 67 12 55 5 48 El mejor fue: 0
-2 6 87 -17 70 74 14 69 6 11 67 12 55 5 38 Generación 32
arranca 
Jugando Partidos contra vecino 0
Resultado 15
44899.7
Yo soy: 
-2 6 87 -17 70 74 14 69 6 11 67 12 55 5 38 El mejor fue: 0
-2 6 87 -17 70 74 14 69 16 11 67 12 55 5 38 Generación 31
arranca 
Jugando Partidos contra vecino 0
Resultado 15
41350.5
Yo soy: 
-2 6 87 -17 70 74 14 69 16 11 67 12 55 5 38 El mejor fue: 0
-2 6 87 -17 70 74 14 69 26 11 67 12 55 5 38 Generación 30
arranca 
Jugando Partidos contra vecino 0
Resultado 13
35667.8
Yo soy: 
-2 6 87 -17 70 74 14 69 26 11 67 12 55 5 38 El mejor fue: 0
-2 6 87 -17 70 74 14 69 26 11 57 12 55 5 38 Generación 29
arranca 
Jugando Partidos contra vecino 0
Resultado 13
40319.4
Yo soy: 
-2 6 87 -17 70 74 14 69 26 11 57 12 55 5 38 El mejor fue: 0
-2 6 87 -7 70 74 14 69 26 11 57 12 55 5 38 Generación 28
arranca 
Jugando Partidos contra vecino 0
Resultado 10
34406.5
Yo soy: 
-2 6 87 -7 70 74 14 69 26 11 57 12 55 5 38 El mejor fue: 0
-2 16 87 -7 70 74 14 69 26 11 57 12 55 5 38 Generación 27
arranca 
Jugando Partidos contra vecino 0
Resultado 13
35203.6
Yo soy: 
-2 16 87 -7 70 74 14 69 26 11 57 12 55 5 38 El mejor fue: 0
-2 16 87 -7 70 74 14 69 26 21 57 12 55 5 38 Generación 26
arranca 
Jugando Partidos contra vecino 0
Resultado 5
43697.3
Jugando Partidos contra vecino 1
Resultado 15
27342
Yo soy: 
-2 16 87 -7 70 74 14 69 26 21 57 12 55 5 38 El mejor fue: 1
-2 16 87 -7 70 74 14 69 26 21 57 12 55 15 38 Generación 25
arranca 
Jugando Partidos contra vecino 0
Resultado 15
25167.4
Yo soy: 
-2 16 87 -7 70 74 14 69 26 21 57 12 55 15 38 El mejor fue: 0
-2 16 77 -7 70 74 14 69 26 21 57 12 55 15 38 Generación 24
arranca 
Jugando Partidos contra vecino 0
Resultado 4
18305.5
Jugando Partidos contra vecino 1
Resultado 15
30665.9
Yo soy: 
-2 16 77 -7 70 74 14 69 26 21 57 12 55 15 38 El mejor fue: 1
-2 16 77 -7 70 74 14 69 26 21 57 12 65 15 38 Generación 23
arranca 
Jugando Partidos contra vecino 0
Resultado 15
27096.1
Yo soy: 
-2 16 77 -7 70 74 14 69 26 21 57 12 65 15 38 El mejor fue: 0
-12 16 77 -7 70 74 14 69 26 21 57 12 65 15 38 Generación 22
arranca 
Jugando Partidos contra vecino 0
Resultado 15
25770.9
Yo soy: 
-12 16 77 -7 70 74 14 69 26 21 57 12 65 15 38 El mejor fue: 0
-12 26 77 -7 70 74 14 69 26 21 57 12 65 15 38 Generación 21
arranca 
Jugando Partidos contra vecino 0
Resultado 15
23628.5
Yo soy: 
-12 26 77 -7 70 74 14 69 26 21 57 12 65 15 38 El mejor fue: 0
-12 26 77 -7 60 74 14 69 26 21 57 12 65 15 38 Generación 20
arranca 
Jugando Partidos contra vecino 0
Resultado 15
22698
Yo soy: 
-12 26 77 -7 60 74 14 69 26 21 57 12 65 15 38 El mejor fue: 0
-12 26 77 -7 60 74 14 69 26 11 57 12 65 15 38 Generación 19
arranca 
Jugando Partidos contra vecino 0
Resultado 15
23900.1
Yo soy: 
-12 26 77 -7 60 74 14 69 26 11 57 12 65 15 38 El mejor fue: 0
-12 26 77 -7 60 74 14 69 26 11 57 12 75 15 38 Generación 18
arranca 
Jugando Partidos contra vecino 0
Resultado 15
28820.3
Yo soy: 
-12 26 77 -7 60 74 14 69 26 11 57 12 75 15 38 El mejor fue: 0
-12 16 77 -7 60 74 14 69 26 11 57 12 75 15 38 Generación 17
arranca 
Jugando Partidos contra vecino 0
Resultado 15
25029.7
Yo soy: 
-12 16 77 -7 60 74 14 69 26 11 57 12 75 15 38 El mejor fue: 0
-12 16 77 -7 60 74 14 69 26 11 57 12 75 15 48 Generación 16
arranca 
Jugando Partidos contra vecino 0
Resultado 15
24169.5
Yo soy: 
-12 16 77 -7 60 74 14 69 26 11 57 12 75 15 48 El mejor fue: 0
-22 16 77 -7 60 74 14 69 26 11 57 12 75 15 48 Generación 15
arranca 
Jugando Partidos contra vecino 0
Resultado 15
35224.1
Yo soy: 
-22 16 77 -7 60 74 14 69 26 11 57 12 75 15 48 El mejor fue: 0
-22 6 77 -7 60 74 14 69 26 11 57 12 75 15 48 Generación 14
arranca 
Jugando Partidos contra vecino 0
Resultado 15
34130.1
Yo soy: 
-22 6 77 -7 60 74 14 69 26 11 57 12 75 15 48 El mejor fue: 0
-22 6 77 -7 60 74 14 69 26 11 57 12 85 15 48 Generación 13
arranca 
Jugando Partidos contra vecino 0
Resultado 15
30696.8
Yo soy: 
-22 6 77 -7 60 74 14 69 26 11 57 12 85 15 48 El mejor fue: 0
-22 6 77 -7 60 74 14 69 26 21 57 12 85 15 48 Generación 12
arranca 
Jugando Partidos contra vecino 0
Resultado 15
38404.9
Yo soy: 
-22 6 77 -7 60 74 14 69 26 21 57 12 85 15 48 El mejor fue: 0
-22 6 77 -7 60 74 14 79 26 21 57 12 85 15 48 Generación 11
arranca 
Jugando Partidos contra vecino 0
Resultado 15
31727.8
Yo soy: 
-22 6 77 -7 60 74 14 79 26 21 57 12 85 15 48 El mejor fue: 0
-22 6 77 -7 60 74 14 69 26 21 57 12 85 15 48 Generación 10
arranca 
Jugando Partidos contra vecino 0
Resultado 15
27197.2
Yo soy: 
-22 6 77 -7 60 74 14 69 26 21 57 12 85 15 48 El mejor fue: 0
-22 6 77 -7 60 74 14 69 26 21 57 12 85 25 48 Generación 9
arranca 
Jugando Partidos contra vecino 0
Resultado 15
29483.9
Yo soy: 
-22 6 77 -7 60 74 14 69 26 21 57 12 85 25 48 El mejor fue: 0
-22 6 77 3 60 74 14 69 26 21 57 12 85 25 48 Generación 8
arranca 
Jugando Partidos contra vecino 0
Resultado 15
32772.4
Yo soy: 
-22 6 77 3 60 74 14 69 26 21 57 12 85 25 48 El mejor fue: 0
-22 6 77 3 60 74 14 69 26 21 57 2 85 25 48 Generación 7
arranca 
Jugando Partidos contra vecino 0
Resultado 13
28539.2
Yo soy: 
-22 6 77 3 60 74 14 69 26 21 57 2 85 25 48 El mejor fue: 0
-22 6 77 3 70 74 14 69 26 21 57 2 85 25 48 Generación 6
arranca 
Jugando Partidos contra vecino 0
Resultado 15
32987.4
Yo soy: 
-22 6 77 3 70 74 14 69 26 21 57 2 85 25 48 El mejor fue: 0
-22 6 77 3 60 74 14 69 26 21 57 2 85 25 48 Generación 5
arranca 
Jugando Partidos contra vecino 0
Resultado 15
34090.8
Yo soy: 
-22 6 77 3 60 74 14 69 26 21 57 2 85 25 48 El mejor fue: 0
-32 6 77 3 60 74 14 69 26 21 57 2 85 25 48 Generación 4
arranca 
Jugando Partidos contra vecino 0
Resultado 15
31738.8
Yo soy: 
-32 6 77 3 60 74 14 69 26 21 57 2 85 25 48 El mejor fue: 0
-32 6 77 3 60 84 14 69 26 21 57 2 85 25 48 Generación 3
arranca 
Jugando Partidos contra vecino 0
Resultado 13
26444.5
Yo soy: 
-32 6 77 3 60 84 14 69 26 21 57 2 85 25 48 El mejor fue: 0
-32 6 77 3 60 84 14 69 36 21 57 2 85 25 48 Generación 2
arranca 
Jugando Partidos contra vecino 0
Resultado 9
23590.3
Jugando Partidos contra vecino 1
Resultado 15
30824.2
Yo soy: 
-32 6 77 3 60 84 14 69 36 21 57 2 85 25 48 El mejor fue: 1
-32 6 77 3 60 84 14 59 36 21 57 2 85 25 48 Generación 1
arranca 
Jugando Partidos contra vecino 0
Resultado 15
29090.3
Yo soy: 
-32 6 77 3 60 84 14 59 36 21 57 2 85 25 48 El mejor fue: 0
-32 6 77 3 60 84 14 59 36 21 67 2 85 25 48 Generación 0
8.70901e+06
