arranca 
Jugando Partidos contra vecino 0
Resultado 7
29112.4
Jugando Partidos contra vecino 1
Resultado 5
26854.6
Jugando Partidos contra vecino 2
Resultado 2
26994.1
Jugando Partidos contra vecino 3
Resultado 6
27892.5
Jugando Partidos contra vecino 4
Resultado 3
24547.3
Jugando Partidos contra vecino 5
Resultado 4
31866.7
Jugando Partidos contra vecino 6
Resultado 3
24606.3
Jugando Partidos contra vecino 7
Resultado 6
28282.4
Jugando Partidos contra vecino 8
Resultado 3
22025.5
Jugando Partidos contra vecino 9
Resultado 4
19739.5
Jugando Partidos contra vecino 10
Resultado 2
21342.3
Jugando Partidos contra vecino 11
Resultado 3
24004.7
Jugando Partidos contra vecino 12
Resultado 3
22569.6
Jugando Partidos contra vecino 13
Resultado 7
26426.9
Jugando Partidos contra vecino 14
Resultado 5
31174.2
Jugando Partidos contra vecino 15
Resultado 5
30682.9
Jugando Partidos contra vecino 16
Resultado 5
34421.4
Jugando Partidos contra vecino 17
Resultado 10
26920.5
Yo soy: 
81 4 97 24 86 31 57 54 47 51 34 99 27 92 74 El mejor fue: 17
81 4 97 24 86 31 57 54 47 41 34 99 27 92 74 Generación 99
arranca 
Jugando Partidos contra vecino 0
Resultado 8
32438.3
Jugando Partidos contra vecino 1
Resultado 5
19555.8
Jugando Partidos contra vecino 2
Resultado 5
35937.3
Jugando Partidos contra vecino 3
Resultado 4
32495
Jugando Partidos contra vecino 4
Resultado 6
24791.5
Jugando Partidos contra vecino 5
Resultado 7
36697.6
Jugando Partidos contra vecino 6
Resultado 4
29952.6
Jugando Partidos contra vecino 7
Resultado 5
30973.6
Jugando Partidos contra vecino 8
Resultado 4
27598.9
Jugando Partidos contra vecino 9
Resultado 3
21119.7
Jugando Partidos contra vecino 10
Resultado 7
31457.6
Jugando Partidos contra vecino 11
Resultado 3
25586.1
Jugando Partidos contra vecino 12
Resultado 6
28922.4
Jugando Partidos contra vecino 13
Resultado 6
35566.8
Jugando Partidos contra vecino 14
Resultado 6
28529.6
Jugando Partidos contra vecino 15
Resultado 5
37623.9
Jugando Partidos contra vecino 16
Resultado 5
29444.5
Jugando Partidos contra vecino 17
Resultado 4
34150.8
Jugando Partidos contra vecino 18
Resultado 5
39635.8
Jugando Partidos contra vecino 19
Resultado 3
22024.8
Jugando Partidos contra vecino 20
Resultado 6
25618.4
Jugando Partidos contra vecino 21
Resultado 9
38423.1
Jugando Partidos contra vecino 22
Resultado 6
24316.8
Jugando Partidos contra vecino 23
Resultado 4
25160
Jugando Partidos contra vecino 24
Resultado 4
35831.8
Jugando Partidos contra vecino 25
Resultado 4
35553.6
Jugando Partidos contra vecino 26
Resultado 4
23698.7
Jugando Partidos contra vecino 27
Resultado 7
28529
Jugando Partidos contra vecino 28
Resultado 4
28656.8
Jugando Partidos contra vecino 29
Resultado 4
26542.9
1.3763e+06
arranca 
Jugando Partidos contra vecino 0
Resultado 9
35674.7
Jugando Partidos contra vecino 1
Resultado 9
36440.1
Jugando Partidos contra vecino 2
Resultado 5
38849.5
Jugando Partidos contra vecino 3
Resultado 9
37649.5
Jugando Partidos contra vecino 4
Resultado 9
33672.6
Jugando Partidos contra vecino 5
Resultado 7
36529.9
Jugando Partidos contra vecino 6
Resultado 5
33383.1
Jugando Partidos contra vecino 7
Resultado 9
38659
Jugando Partidos contra vecino 8
Resultado 9
36417.8
Jugando Partidos contra vecino 9
Resultado 7
33749.6
Jugando Partidos contra vecino 10
Resultado 11
38964.3
Yo soy: 
98 1 85 64 45 56 64 28 42 74 29 27 69 56 10 El mejor fue: 10
98 1 85 64 45 56 64 28 42 74 29 27 69 56 0 Generación 99
arranca 
Jugando Partidos contra vecino 0
Resultado 5
38633.9
Jugando Partidos contra vecino 1
Resultado 5
33083
Jugando Partidos contra vecino 2
Resultado 7
37686.5
Jugando Partidos contra vecino 3
Resultado 5
26317.2
Jugando Partidos contra vecino 4
Resultado 7
36991.1
Jugando Partidos contra vecino 5
Resultado 7
28230.2
Jugando Partidos contra vecino 6
Resultado 5
24310.5
Jugando Partidos contra vecino 7
Resultado 5
30583.3
Jugando Partidos contra vecino 8
Resultado 11
34182.7
Yo soy: 
98 1 85 64 45 56 64 28 42 74 29 27 69 56 0 El mejor fue: 8
98 1 85 64 45 56 64 28 42 74 29 27 69 46 0 Generación 98
arranca 
Jugando Partidos contra vecino 0
Resultado 9
32414.5
Jugando Partidos contra vecino 1
Resultado 5
30431.8
Jugando Partidos contra vecino 2
Resultado 5
32117.2
Jugando Partidos contra vecino 3
Resultado 7
37796.7
Jugando Partidos contra vecino 4
Resultado 5
34272.1
Jugando Partidos contra vecino 5
Resultado 9
33059
Jugando Partidos contra vecino 6
Resultado 11
28743.3
Yo soy: 
98 1 85 64 45 56 64 28 42 74 29 27 69 46 0 El mejor fue: 6
98 1 85 64 45 56 64 28 42 74 29 37 69 46 0 Generación 97
arranca 
Jugando Partidos contra vecino 0
Resultado 13
36700.9
Yo soy: 
98 1 85 64 45 56 64 28 42 74 29 37 69 46 0 El mejor fue: 0
98 1 95 64 45 56 64 28 42 74 29 37 69 46 0 Generación 96
arranca 
Jugando Partidos contra vecino 0
Resultado 11
28035.4
Yo soy: 
98 1 95 64 45 56 64 28 42 74 29 37 69 46 0 El mejor fue: 0
98 1 95 64 45 56 64 28 42 64 29 37 69 46 0 Generación 95
arranca 
Jugando Partidos contra vecino 0
Resultado 7
24015.6
Jugando Partidos contra vecino 1
Resultado 9
27400.8
Jugando Partidos contra vecino 2
Resultado 5
30686.7
Jugando Partidos contra vecino 3
Resultado 7
27074
Jugando Partidos contra vecino 4
Resultado 6
29188.7
Jugando Partidos contra vecino 5
Resultado 11
33194.8
Yo soy: 
98 1 95 64 45 56 64 28 42 64 29 37 69 46 0 El mejor fue: 5
98 1 95 64 45 56 64 28 52 64 29 37 69 46 0 Generación 94
arranca 
Jugando Partidos contra vecino 0
Resultado 13
36306.3
Yo soy: 
98 1 95 64 45 56 64 28 52 64 29 37 69 46 0 El mejor fue: 0
98 1 85 64 45 56 64 28 52 64 29 37 69 46 0 Generación 93
arranca 
Jugando Partidos contra vecino 0
Resultado 9
34810.7
Jugando Partidos contra vecino 1
Resultado 7
30928.3
Jugando Partidos contra vecino 2
Resultado 7
35677.3
Jugando Partidos contra vecino 3
Resultado 7
32166.2
Jugando Partidos contra vecino 4
Resultado 9
38103.1
Jugando Partidos contra vecino 5
Resultado 7
31577.1
Jugando Partidos contra vecino 6
Resultado 6
30683.5
Jugando Partidos contra vecino 7
Resultado 11
29602.7
Yo soy: 
98 1 85 64 45 56 64 28 52 64 29 37 69 46 0 El mejor fue: 7
98 1 85 64 45 56 64 38 52 64 29 37 69 46 0 Generación 92
arranca 
Jugando Partidos contra vecino 0
Resultado 5
25983
Jugando Partidos contra vecino 1
Resultado 12
34740.1
Yo soy: 
98 1 85 64 45 56 64 38 52 64 29 37 69 46 0 El mejor fue: 1
98 1 85 64 45 56 64 38 52 64 29 47 69 46 0 Generación 91
arranca 
Jugando Partidos contra vecino 0
Resultado 7
31097.7
Jugando Partidos contra vecino 1
Resultado 5
26785.1
Jugando Partidos contra vecino 2
Resultado 7
36917.7
Jugando Partidos contra vecino 3
Resultado 9
32578.3
Jugando Partidos contra vecino 4
Resultado 7
30321.9
Jugando Partidos contra vecino 5
Resultado 13
32082
Yo soy: 
98 1 85 64 45 56 64 38 52 64 29 47 69 46 0 El mejor fue: 5
98 1 95 64 45 56 64 38 52 64 29 47 69 46 0 Generación 90
arranca 
Jugando Partidos contra vecino 0
Resultado 13
32351.5
Yo soy: 
98 1 95 64 45 56 64 38 52 64 29 47 69 46 0 El mejor fue: 0
98 1 95 64 45 56 64 38 52 64 29 37 69 46 0 Generación 89
arranca 
Jugando Partidos contra vecino 0
Resultado 11
37724.3
Yo soy: 
98 1 95 64 45 56 64 38 52 64 29 37 69 46 0 El mejor fue: 0
98 1 85 64 45 56 64 38 52 64 29 37 69 46 0 Generación 88
arranca 
Jugando Partidos contra vecino 0
Resultado 11
36185.2
Yo soy: 
98 1 85 64 45 56 64 38 52 64 29 37 69 46 0 El mejor fue: 0
98 1 75 64 45 56 64 38 52 64 29 37 69 46 0 Generación 87
arranca 
Jugando Partidos contra vecino 0
Resultado 13
49136.4
Yo soy: 
98 1 75 64 45 56 64 38 52 64 29 37 69 46 0 El mejor fue: 0
98 1 75 64 45 56 64 38 52 64 29 47 69 46 0 Generación 86
arranca 
Jugando Partidos contra vecino 0
Resultado 6
51137.2
Jugando Partidos contra vecino 1
Resultado 13
61482.9
Yo soy: 
98 1 75 64 45 56 64 38 52 64 29 47 69 46 0 El mejor fue: 1
98 1 75 64 35 56 64 38 52 64 29 47 69 46 0 Generación 85
arranca 
Jugando Partidos contra vecino 0
Resultado 5
58424.6
Jugando Partidos contra vecino 1
Resultado 4
55649.3
Jugando Partidos contra vecino 2
Resultado 4
45852.6
Jugando Partidos contra vecino 3
Resultado 7
51711.8
Jugando Partidos contra vecino 4
Resultado 7
57580.4
Jugando Partidos contra vecino 5
Resultado 4
40285.6
Jugando Partidos contra vecino 6
Resultado 5
39139.8
Jugando Partidos contra vecino 7
Resultado 5
45590.2
Jugando Partidos contra vecino 8
Resultado 5
45112.9
Jugando Partidos contra vecino 9
Resultado 5
56012
Jugando Partidos contra vecino 10
Resultado 4
36648.7
Jugando Partidos contra vecino 11
Resultado 4
43365.9
Jugando Partidos contra vecino 12
Resultado 5
46321.1
Jugando Partidos contra vecino 13
Resultado 6
56429.2
Jugando Partidos contra vecino 14
Resultado 9
67302
Jugando Partidos contra vecino 15
Resultado 7
48122.5
Jugando Partidos contra vecino 16
Resultado 3
35676.5
Jugando Partidos contra vecino 17
Resultado 4
53568.5
Jugando Partidos contra vecino 18
Resultado 4
37974.5
Jugando Partidos contra vecino 19
Resultado 5
48436.1
Jugando Partidos contra vecino 20
Resultado 3
31090.8
Jugando Partidos contra vecino 21
Resultado 5
56182.1
Jugando Partidos contra vecino 22
Resultado 9
61617
Jugando Partidos contra vecino 23
Resultado 6
59337
Jugando Partidos contra vecino 24
Resultado 5
69091.6
Jugando Partidos contra vecino 25
Resultado 4
33524.5
Jugando Partidos contra vecino 26
Resultado 9
67801.9
Jugando Partidos contra vecino 27
Resultado 9
42651.2
Jugando Partidos contra vecino 28
Resultado 5
63623.2
Jugando Partidos contra vecino 29
Resultado 7
51790.1
3.47944e+06
arranca 
Jugando Partidos contra vecino 0
Resultado 15
52269.5
Yo soy: 
21 48 12 80 74 77 59 37 77 50 60 78 92 86 19 El mejor fue: 0
21 48 12 80 74 77 59 37 77 50 60 88 92 86 19 Generación 99
arranca 
Jugando Partidos contra vecino 0
Resultado 15
53953.7
Yo soy: 
21 48 12 80 74 77 59 37 77 50 60 88 92 86 19 El mejor fue: 0
21 48 12 80 74 77 59 37 77 50 60 98 92 86 19 Generación 98
arranca 
Jugando Partidos contra vecino 0
Resultado 13
55432.9
Yo soy: 
21 48 12 80 74 77 59 37 77 50 60 98 92 86 19 El mejor fue: 0
21 58 12 80 74 77 59 37 77 50 60 98 92 86 19 Generación 97
arranca 
Jugando Partidos contra vecino 0
Resultado 15
47294.2
Yo soy: 
21 58 12 80 74 77 59 37 77 50 60 98 92 86 19 El mejor fue: 0
21 58 2 80 74 77 59 37 77 50 60 98 92 86 19 Generación 96
arranca 
Jugando Partidos contra vecino 0
Resultado 15
51326.5
Yo soy: 
21 58 2 80 74 77 59 37 77 50 60 98 92 86 19 El mejor fue: 0
21 58 12 80 74 77 59 37 77 50 60 98 92 86 19 Generación 95
arranca 
Jugando Partidos contra vecino 0
Resultado 15
50052
Yo soy: 
21 58 12 80 74 77 59 37 77 50 60 98 92 86 19 El mejor fue: 0
21 58 12 80 74 77 59 37 87 50 60 98 92 86 19 Generación 94
arranca 
Jugando Partidos contra vecino 0
Resultado 13
45028.9
Yo soy: 
21 58 12 80 74 77 59 37 87 50 60 98 92 86 19 El mejor fue: 0
21 58 12 80 74 77 59 37 87 50 70 98 92 86 19 Generación 93
arranca 
Jugando Partidos contra vecino 0
Resultado 9
28185.9
Jugando Partidos contra vecino 1
Resultado 15
54295.8
Yo soy: 
21 58 12 80 74 77 59 37 87 50 70 98 92 86 19 El mejor fue: 1
21 58 12 80 84 77 59 37 87 50 70 98 92 86 19 Generación 92
arranca 
Jugando Partidos contra vecino 0
Resultado 15
56701
Yo soy: 
21 58 12 80 84 77 59 37 87 50 70 98 92 86 19 El mejor fue: 0
11 58 12 80 84 77 59 37 87 50 70 98 92 86 19 Generación 91
arranca 
Jugando Partidos contra vecino 0
Resultado 13
52845.8
Yo soy: 
11 58 12 80 84 77 59 37 87 50 70 98 92 86 19 El mejor fue: 0
11 68 12 80 84 77 59 37 87 50 70 98 92 86 19 Generación 90
arranca 
Jugando Partidos contra vecino 0
Resultado 15
61524.1
Yo soy: 
11 68 12 80 84 77 59 37 87 50 70 98 92 86 19 El mejor fue: 0
11 68 12 80 84 67 59 37 87 50 70 98 92 86 19 Generación 89
arranca 
Jugando Partidos contra vecino 0
Resultado 13
48085.9
Yo soy: 
11 68 12 80 84 67 59 37 87 50 70 98 92 86 19 El mejor fue: 0
11 68 12 80 84 67 59 37 87 50 70 98 92 86 29 Generación 88
arranca 
Jugando Partidos contra vecino 0
Resultado 15
53386.1
Yo soy: 
11 68 12 80 84 67 59 37 87 50 70 98 92 86 29 El mejor fue: 0
11 68 12 80 84 67 59 37 87 50 80 98 92 86 29 Generación 87
arranca 
Jugando Partidos contra vecino 0
Resultado 15
50688.4
Yo soy: 
11 68 12 80 84 67 59 37 87 50 80 98 92 86 29 El mejor fue: 0
11 68 12 80 84 67 59 37 77 50 80 98 92 86 29 Generación 86
arranca 
Jugando Partidos contra vecino 0
Resultado 13
53573.6
Yo soy: 
11 68 12 80 84 67 59 37 77 50 80 98 92 86 29 El mejor fue: 0
11 68 12 80 84 67 59 37 77 50 80 98 92 96 29 Generación 85
arranca 
Jugando Partidos contra vecino 0
Resultado 7
34656.4
Jugando Partidos contra vecino 1
Resultado 15
62210.1
Yo soy: 
11 68 12 80 84 67 59 37 77 50 80 98 92 96 29 El mejor fue: 1
11 68 12 80 84 67 69 37 77 50 80 98 92 96 29 Generación 84
arranca 
Jugando Partidos contra vecino 0
Resultado 10
45354.5
Yo soy: 
11 68 12 80 84 67 69 37 77 50 80 98 92 96 29 El mejor fue: 0
11 78 12 80 84 67 69 37 77 50 80 98 92 96 29 Generación 83
arranca 
Jugando Partidos contra vecino 0
Resultado 11
44995.9
Yo soy: 
11 78 12 80 84 67 69 37 77 50 80 98 92 96 29 El mejor fue: 0
11 78 12 80 84 67 69 37 77 60 80 98 92 96 29 Generación 82
arranca 
Jugando Partidos contra vecino 0
Resultado 6
23357
Jugando Partidos contra vecino 1
Resultado 12
48921.2
Yo soy: 
11 78 12 80 84 67 69 37 77 60 80 98 92 96 29 El mejor fue: 1
11 88 12 80 84 67 69 37 77 60 80 98 92 96 29 Generación 81
arranca 
Jugando Partidos contra vecino 0
Resultado 7
30782.2
Jugando Partidos contra vecino 1
Resultado 7
38913
Jugando Partidos contra vecino 2
Resultado 15
57789.7
Yo soy: 
11 88 12 80 84 67 69 37 77 60 80 98 92 96 29 El mejor fue: 2
11 88 12 80 74 67 69 37 77 60 80 98 92 96 29 Generación 80
arranca 
Jugando Partidos contra vecino 0
Resultado 10
42948.2
Yo soy: 
11 88 12 80 74 67 69 37 77 60 80 98 92 96 29 El mejor fue: 0
11 88 12 80 74 77 69 37 77 60 80 98 92 96 29 Generación 79
arranca 
Jugando Partidos contra vecino 0
Resultado 9
38421.1
Jugando Partidos contra vecino 1
Resultado 13
49198.9
Yo soy: 
11 88 12 80 74 77 69 37 77 60 80 98 92 96 29 El mejor fue: 1
11 88 12 80 74 77 69 37 67 60 80 98 92 96 29 Generación 78
arranca 
Jugando Partidos contra vecino 0
Resultado 11
44524.2
Yo soy: 
11 88 12 80 74 77 69 37 67 60 80 98 92 96 29 El mejor fue: 0
11 88 12 80 74 77 69 37 67 60 80 98 92 86 29 Generación 77
arranca 
Jugando Partidos contra vecino 0
Resultado 13
46177.1
Yo soy: 
11 88 12 80 74 77 69 37 67 60 80 98 92 86 29 El mejor fue: 0
11 88 12 80 74 87 69 37 67 60 80 98 92 86 29 Generación 76
arranca 
Jugando Partidos contra vecino 0
Resultado 11
43322.4
Yo soy: 
11 88 12 80 74 87 69 37 67 60 80 98 92 86 29 El mejor fue: 0
11 88 12 80 74 87 69 27 67 60 80 98 92 86 29 Generación 75
arranca 
Jugando Partidos contra vecino 0
Resultado 15
52778.4
Yo soy: 
11 88 12 80 74 87 69 27 67 60 80 98 92 86 29 El mejor fue: 0
11 78 12 80 74 87 69 27 67 60 80 98 92 86 29 Generación 74
arranca 
Jugando Partidos contra vecino 0
Resultado 5
20643.7
Jugando Partidos contra vecino 1
Resultado 13
54484
Yo soy: 
11 78 12 80 74 87 69 27 67 60 80 98 92 86 29 El mejor fue: 1
11 78 12 80 74 87 69 27 67 70 80 98 92 86 29 Generación 73
arranca 
Jugando Partidos contra vecino 0
Resultado 13
45473.7
Yo soy: 
11 78 12 80 74 87 69 27 67 70 80 98 92 86 29 El mejor fue: 0
11 78 2 80 74 87 69 27 67 70 80 98 92 86 29 Generación 72
arranca 
Jugando Partidos contra vecino 0
Resultado 10
43511.3
Yo soy: 
11 78 2 80 74 87 69 27 67 70 80 98 92 86 29 El mejor fue: 0
1 78 2 80 74 87 69 27 67 70 80 98 92 86 29 Generación 71
arranca 
Jugando Partidos contra vecino 0
Resultado 15
53946.3
Yo soy: 
1 78 2 80 74 87 69 27 67 70 80 98 92 86 29 El mejor fue: 0
1 88 2 80 74 87 69 27 67 70 80 98 92 86 29 Generación 70
arranca 
Jugando Partidos contra vecino 0
Resultado 15
57535.4
Yo soy: 
1 88 2 80 74 87 69 27 67 70 80 98 92 86 29 El mejor fue: 0
1 88 2 80 74 87 69 37 67 70 80 98 92 86 29 Generación 69
arranca 
Jugando Partidos contra vecino 0
Resultado 15
61359.8
Yo soy: 
1 88 2 80 74 87 69 37 67 70 80 98 92 86 29 El mejor fue: 0
1 88 12 80 74 87 69 37 67 70 80 98 92 86 29 Generación 68
arranca 
Jugando Partidos contra vecino 0
Resultado 13
36130.5
Yo soy: 
1 88 12 80 74 87 69 37 67 70 80 98 92 86 29 El mejor fue: 0
1 88 12 80 74 87 69 37 57 70 80 98 92 86 29 Generación 67
arranca 
Jugando Partidos contra vecino 0
Resultado 12
43998
Yo soy: 
1 88 12 80 74 87 69 37 57 70 80 98 92 86 29 El mejor fue: 0
1 88 12 80 74 87 69 47 57 70 80 98 92 86 29 Generación 66
arranca 
Jugando Partidos contra vecino 0
Resultado 13
49247.2
Yo soy: 
1 88 12 80 74 87 69 47 57 70 80 98 92 86 29 El mejor fue: 0
1 88 12 80 74 87 69 47 57 60 80 98 92 86 29 Generación 65
arranca 
Jugando Partidos contra vecino 0
Resultado 13
51102.3
Yo soy: 
1 88 12 80 74 87 69 47 57 60 80 98 92 86 29 El mejor fue: 0
1 88 12 80 64 87 69 47 57 60 80 98 92 86 29 Generación 64
arranca 
Jugando Partidos contra vecino 0
Resultado 15
66173.5
Yo soy: 
1 88 12 80 64 87 69 47 57 60 80 98 92 86 29 El mejor fue: 0
1 88 12 70 64 87 69 47 57 60 80 98 92 86 29 Generación 63
arranca 
Jugando Partidos contra vecino 0
Resultado 13
45948.1
Yo soy: 
1 88 12 70 64 87 69 47 57 60 80 98 92 86 29 El mejor fue: 0
1 88 12 70 64 87 69 47 57 60 80 88 92 86 29 Generación 62
arranca 
Jugando Partidos contra vecino 0
Resultado 15
55663.6
Yo soy: 
1 88 12 70 64 87 69 47 57 60 80 88 92 86 29 El mejor fue: 0
1 88 12 70 64 87 69 47 57 60 80 88 92 86 39 Generación 61
arranca 
Jugando Partidos contra vecino 0
Resultado 15
55007.2
Yo soy: 
1 88 12 70 64 87 69 47 57 60 80 88 92 86 39 El mejor fue: 0
1 88 12 70 64 87 69 47 57 60 80 78 92 86 39 Generación 60
arranca 
Jugando Partidos contra vecino 0
Resultado 11
38485
Yo soy: 
1 88 12 70 64 87 69 47 57 60 80 78 92 86 39 El mejor fue: 0
11 88 12 70 64 87 69 47 57 60 80 78 92 86 39 Generación 59
arranca 
Jugando Partidos contra vecino 0
Resultado 15
46138.5
Yo soy: 
11 88 12 70 64 87 69 47 57 60 80 78 92 86 39 El mejor fue: 0
11 88 12 70 64 87 69 47 57 60 70 78 92 86 39 Generación 58
arranca 
Jugando Partidos contra vecino 0
Resultado 13
45303.8
Yo soy: 
11 88 12 70 64 87 69 47 57 60 70 78 92 86 39 El mejor fue: 0
11 88 12 70 64 87 69 47 57 60 80 78 92 86 39 Generación 57
arranca 
Jugando Partidos contra vecino 0
Resultado 5
21616.2
Jugando Partidos contra vecino 1
Resultado 13
47100.6
Yo soy: 
11 88 12 70 64 87 69 47 57 60 80 78 92 86 39 El mejor fue: 1
11 88 12 70 64 87 69 37 57 60 80 78 92 86 39 Generación 56
arranca 
Jugando Partidos contra vecino 0
Resultado 15
59664.5
Yo soy: 
11 88 12 70 64 87 69 37 57 60 80 78 92 86 39 El mejor fue: 0
11 88 12 70 64 87 69 37 57 60 80 78 92 86 29 Generación 55
arranca 
Jugando Partidos contra vecino 0
Resultado 13
36572.4
Yo soy: 
11 88 12 70 64 87 69 37 57 60 80 78 92 86 29 El mejor fue: 0
11 88 12 70 64 77 69 37 57 60 80 78 92 86 29 Generación 54
arranca 
Jugando Partidos contra vecino 0
Resultado 13
49593.9
Yo soy: 
11 88 12 70 64 77 69 37 57 60 80 78 92 86 29 El mejor fue: 0
11 88 12 70 64 77 69 37 57 60 80 68 92 86 29 Generación 53
arranca 
Jugando Partidos contra vecino 0
Resultado 15
62008.2
Yo soy: 
11 88 12 70 64 77 69 37 57 60 80 68 92 86 29 El mejor fue: 0
11 88 12 70 64 87 69 37 57 60 80 68 92 86 29 Generación 52
arranca 
Jugando Partidos contra vecino 0
Resultado 15
55768.1
Yo soy: 
11 88 12 70 64 87 69 37 57 60 80 68 92 86 29 El mejor fue: 0
11 88 12 70 64 87 69 37 57 60 80 68 92 86 19 Generación 51
arranca 
Jugando Partidos contra vecino 0
Resultado 15
61652.2
Yo soy: 
11 88 12 70 64 87 69 37 57 60 80 68 92 86 19 El mejor fue: 0
11 88 12 70 64 87 69 37 57 60 80 78 92 86 19 Generación 50
arranca 
Jugando Partidos contra vecino 0
Resultado 15
54200.8
Yo soy: 
11 88 12 70 64 87 69 37 57 60 80 78 92 86 19 El mejor fue: 0
11 88 12 70 74 87 69 37 57 60 80 78 92 86 19 Generación 49
arranca 
Jugando Partidos contra vecino 0
Resultado 15
55605.4
Yo soy: 
11 88 12 70 74 87 69 37 57 60 80 78 92 86 19 El mejor fue: 0
11 88 12 70 74 87 69 37 57 50 80 78 92 86 19 Generación 48
arranca 
Jugando Partidos contra vecino 0
Resultado 13
46416.8
Yo soy: 
11 88 12 70 74 87 69 37 57 50 80 78 92 86 19 El mejor fue: 0
11 88 12 70 74 87 69 37 57 50 80 78 92 86 29 Generación 47
arranca 
Jugando Partidos contra vecino 0
Resultado 15
54212.8
Yo soy: 
11 88 12 70 74 87 69 37 57 50 80 78 92 86 29 El mejor fue: 0
11 88 12 70 74 87 69 37 57 50 80 78 92 76 29 Generación 46
arranca 
Jugando Partidos contra vecino 0
Resultado 15
48789
Yo soy: 
11 88 12 70 74 87 69 37 57 50 80 78 92 76 29 El mejor fue: 0
11 88 12 70 74 87 69 37 57 60 80 78 92 76 29 Generación 45
arranca 
Jugando Partidos contra vecino 0
Resultado 15
59016.8
Yo soy: 
11 88 12 70 74 87 69 37 57 60 80 78 92 76 29 El mejor fue: 0
11 88 22 70 74 87 69 37 57 60 80 78 92 76 29 Generación 44
arranca 
Jugando Partidos contra vecino 0
Resultado 13
57461.3
Yo soy: 
11 88 22 70 74 87 69 37 57 60 80 78 92 76 29 El mejor fue: 0
11 88 22 80 74 87 69 37 57 60 80 78 92 76 29 Generación 43
arranca 
Jugando Partidos contra vecino 0
Resultado 15
58881.1
Yo soy: 
11 88 22 80 74 87 69 37 57 60 80 78 92 76 29 El mejor fue: 0
1 88 22 80 74 87 69 37 57 60 80 78 92 76 29 Generación 42
arranca 
Jugando Partidos contra vecino 0
Resultado 13
48701.1
Yo soy: 
1 88 22 80 74 87 69 37 57 60 80 78 92 76 29 El mejor fue: 0
1 88 22 80 74 87 69 37 57 60 80 78 92 76 39 Generación 41
arranca 
Jugando Partidos contra vecino 0
Resultado 15
53233.4
Yo soy: 
1 88 22 80 74 87 69 37 57 60 80 78 92 76 39 El mejor fue: 0
1 78 22 80 74 87 69 37 57 60 80 78 92 76 39 Generación 40
arranca 
Jugando Partidos contra vecino 0
Resultado 15
58778.9
Yo soy: 
1 78 22 80 74 87 69 37 57 60 80 78 92 76 39 El mejor fue: 0
1 78 22 80 74 87 69 37 57 50 80 78 92 76 39 Generación 39
arranca 
Jugando Partidos contra vecino 0
Resultado 15
52813.7
Yo soy: 
1 78 22 80 74 87 69 37 57 50 80 78 92 76 39 El mejor fue: 0
1 78 22 80 74 87 69 37 47 50 80 78 92 76 39 Generación 38
arranca 
Jugando Partidos contra vecino 0
Resultado 4
21743.4
Jugando Partidos contra vecino 1
Resultado 13
39991.5
Yo soy: 
1 78 22 80 74 87 69 37 47 50 80 78 92 76 39 El mejor fue: 1
1 78 22 80 74 87 59 37 47 50 80 78 92 76 39 Generación 37
arranca 
Jugando Partidos contra vecino 0
Resultado 15
55364.4
Yo soy: 
1 78 22 80 74 87 59 37 47 50 80 78 92 76 39 El mejor fue: 0
1 78 22 80 74 87 59 37 47 50 90 78 92 76 39 Generación 36
arranca 
Jugando Partidos contra vecino 0
Resultado 11
44669.7
Yo soy: 
1 78 22 80 74 87 59 37 47 50 90 78 92 76 39 El mejor fue: 0
1 78 32 80 74 87 59 37 47 50 90 78 92 76 39 Generación 35
arranca 
Jugando Partidos contra vecino 0
Resultado 13
52695.9
Yo soy: 
1 78 32 80 74 87 59 37 47 50 90 78 92 76 39 El mejor fue: 0
1 78 32 80 74 87 59 37 47 50 90 78 92 66 39 Generación 34
arranca 
Jugando Partidos contra vecino 0
Resultado 15
62445.1
Yo soy: 
1 78 32 80 74 87 59 37 47 50 90 78 92 66 39 El mejor fue: 0
1 78 22 80 74 87 59 37 47 50 90 78 92 66 39 Generación 33
arranca 
Jugando Partidos contra vecino 0
Resultado 15
59933.4
Yo soy: 
1 78 22 80 74 87 59 37 47 50 90 78 92 66 39 El mejor fue: 0
1 78 22 80 84 87 59 37 47 50 90 78 92 66 39 Generación 32
arranca 
Jugando Partidos contra vecino 0
Resultado 13
45897.8
Yo soy: 
1 78 22 80 84 87 59 37 47 50 90 78 92 66 39 El mejor fue: 0
11 78 22 80 84 87 59 37 47 50 90 78 92 66 39 Generación 31
arranca 
Jugando Partidos contra vecino 0
Resultado 15
47224.7
Yo soy: 
11 78 22 80 84 87 59 37 47 50 90 78 92 66 39 El mejor fue: 0
21 78 22 80 84 87 59 37 47 50 90 78 92 66 39 Generación 30
arranca 
Jugando Partidos contra vecino 0
Resultado 15
55316.7
Yo soy: 
21 78 22 80 84 87 59 37 47 50 90 78 92 66 39 El mejor fue: 0
21 78 22 80 84 87 59 37 47 50 90 78 92 66 49 Generación 29
arranca 
Jugando Partidos contra vecino 0
Resultado 15
51476.1
Yo soy: 
21 78 22 80 84 87 59 37 47 50 90 78 92 66 49 El mejor fue: 0
21 88 22 80 84 87 59 37 47 50 90 78 92 66 49 Generación 28
arranca 
Jugando Partidos contra vecino 0
Resultado 3
22133.8
Jugando Partidos contra vecino 1
Resultado 15
44166.8
Yo soy: 
21 88 22 80 84 87 59 37 47 50 90 78 92 66 49 El mejor fue: 1
21 88 22 80 84 97 59 37 47 50 90 78 92 66 49 Generación 27
arranca 
Jugando Partidos contra vecino 0
Resultado 15
62354.9
Yo soy: 
21 88 22 80 84 97 59 37 47 50 90 78 92 66 49 El mejor fue: 0
21 88 22 80 84 97 59 37 47 50 80 78 92 66 49 Generación 26
arranca 
Jugando Partidos contra vecino 0
Resultado 13
45294.9
Yo soy: 
21 88 22 80 84 97 59 37 47 50 80 78 92 66 49 El mejor fue: 0
21 88 22 80 84 97 59 37 57 50 80 78 92 66 49 Generación 25
arranca 
Jugando Partidos contra vecino 0
Resultado 15
50720.2
Yo soy: 
21 88 22 80 84 97 59 37 57 50 80 78 92 66 49 El mejor fue: 0
31 88 22 80 84 97 59 37 57 50 80 78 92 66 49 Generación 24
arranca 
Jugando Partidos contra vecino 0
Resultado 13
41295.7
Yo soy: 
31 88 22 80 84 97 59 37 57 50 80 78 92 66 49 El mejor fue: 0
31 88 22 80 84 97 69 37 57 50 80 78 92 66 49 Generación 23
arranca 
Jugando Partidos contra vecino 0
Resultado 13
38149.3
Yo soy: 
31 88 22 80 84 97 69 37 57 50 80 78 92 66 49 El mejor fue: 0
31 88 22 90 84 97 69 37 57 50 80 78 92 66 49 Generación 22
arranca 
Jugando Partidos contra vecino 0
Resultado 12
45060.9
Yo soy: 
31 88 22 90 84 97 69 37 57 50 80 78 92 66 49 El mejor fue: 0
31 88 22 90 84 97 69 37 57 50 80 88 92 66 49 Generación 21
arranca 
Jugando Partidos contra vecino 0
Resultado 4
20600.4
Jugando Partidos contra vecino 1
Resultado 15
55695.9
Yo soy: 
31 88 22 90 84 97 69 37 57 50 80 88 92 66 49 El mejor fue: 1
31 88 22 90 84 97 69 47 57 50 80 88 92 66 49 Generación 20
arranca 
Jugando Partidos contra vecino 0
Resultado 9
41327.6
Jugando Partidos contra vecino 1
Resultado 11
37438.6
Yo soy: 
31 88 22 90 84 97 69 47 57 50 80 88 92 66 49 El mejor fue: 1
31 88 22 80 84 97 69 47 57 50 80 88 92 66 49 Generación 19
arranca 
Jugando Partidos contra vecino 0
Resultado 15
62494.3
Yo soy: 
31 88 22 80 84 97 69 47 57 50 80 88 92 66 49 El mejor fue: 0
31 88 22 80 84 97 69 47 57 60 80 88 92 66 49 Generación 18
arranca 
Jugando Partidos contra vecino 0
Resultado 15
55194.1
Yo soy: 
31 88 22 80 84 97 69 47 57 60 80 88 92 66 49 El mejor fue: 0
31 88 22 90 84 97 69 47 57 60 80 88 92 66 49 Generación 17
arranca 
Jugando Partidos contra vecino 0
Resultado 15
36053.2
Yo soy: 
31 88 22 90 84 97 69 47 57 60 80 88 92 66 49 El mejor fue: 0
31 88 22 90 84 97 69 47 57 70 80 88 92 66 49 Generación 16
arranca 
Jugando Partidos contra vecino 0
Resultado 13
51502.8
Yo soy: 
31 88 22 90 84 97 69 47 57 70 80 88 92 66 49 El mejor fue: 0
31 88 22 90 84 97 69 47 57 70 80 88 92 56 49 Generación 15
arranca 
Jugando Partidos contra vecino 0
Resultado 11
50595
Yo soy: 
31 88 22 90 84 97 69 47 57 70 80 88 92 56 49 El mejor fue: 0
31 88 22 90 84 97 69 47 57 80 80 88 92 56 49 Generación 14
arranca 
Jugando Partidos contra vecino 0
Resultado 15
57081.6
Yo soy: 
31 88 22 90 84 97 69 47 57 80 80 88 92 56 49 El mejor fue: 0
31 88 22 90 84 97 69 47 57 80 80 98 92 56 49 Generación 13
arranca 
Jugando Partidos contra vecino 0
Resultado 13
48780.5
Yo soy: 
31 88 22 90 84 97 69 47 57 80 80 98 92 56 49 El mejor fue: 0
31 88 22 80 84 97 69 47 57 80 80 98 92 56 49 Generación 12
arranca 
Jugando Partidos contra vecino 0
Resultado 15
55955.5
Yo soy: 
31 88 22 80 84 97 69 47 57 80 80 98 92 56 49 El mejor fue: 0
31 88 22 80 84 97 69 47 57 80 80 98 92 66 49 Generación 11
arranca 
Jugando Partidos contra vecino 0
Resultado 11
31004
Yo soy: 
31 88 22 80 84 97 69 47 57 80 80 98 92 66 49 El mejor fue: 0
31 88 22 80 84 97 69 47 47 80 80 98 92 66 49 Generación 10
arranca 
Jugando Partidos contra vecino 0
Resultado 13
36836.8
Yo soy: 
31 88 22 80 84 97 69 47 47 80 80 98 92 66 49 El mejor fue: 0
31 88 22 80 94 97 69 47 47 80 80 98 92 66 49 Generación 9
arranca 
Jugando Partidos contra vecino 0
Resultado 15
52432.3
Yo soy: 
31 88 22 80 94 97 69 47 47 80 80 98 92 66 49 El mejor fue: 0
31 88 12 80 94 97 69 47 47 80 80 98 92 66 49 Generación 8
arranca 
Jugando Partidos contra vecino 0
Resultado 15
59421.3
Yo soy: 
31 88 12 80 94 97 69 47 47 80 80 98 92 66 49 El mejor fue: 0
31 88 12 80 94 97 69 47 37 80 80 98 92 66 49 Generación 7
arranca 
Jugando Partidos contra vecino 0
Resultado 15
50490.6
Yo soy: 
31 88 12 80 94 97 69 47 37 80 80 98 92 66 49 El mejor fue: 0
31 98 12 80 94 97 69 47 37 80 80 98 92 66 49 Generación 6
arranca 
Jugando Partidos contra vecino 0
Resultado 13
44837.6
Yo soy: 
31 98 12 80 94 97 69 47 37 80 80 98 92 66 49 El mejor fue: 0
31 98 12 70 94 97 69 47 37 80 80 98 92 66 49 Generación 5
arranca 
Jugando Partidos contra vecino 0
Resultado 15
45753.1
Yo soy: 
31 98 12 70 94 97 69 47 37 80 80 98 92 66 49 El mejor fue: 0
31 98 12 70 94 97 69 47 37 80 80 88 92 66 49 Generación 4
arranca 
Jugando Partidos contra vecino 0
Resultado 15
61240.5
Yo soy: 
31 98 12 70 94 97 69 47 37 80 80 88 92 66 49 El mejor fue: 0
31 98 12 60 94 97 69 47 37 80 80 88 92 66 49 Generación 3
arranca 
Jugando Partidos contra vecino 0
Resultado 11
44919
Yo soy: 
31 98 12 60 94 97 69 47 37 80 80 88 92 66 49 El mejor fue: 0
31 98 12 60 94 97 69 47 37 70 80 88 92 66 49 Generación 2
arranca 
Jugando Partidos contra vecino 0
Resultado 13
44467.2
Yo soy: 
31 98 12 60 94 97 69 47 37 70 80 88 92 66 49 El mejor fue: 0
31 98 12 60 94 97 69 37 37 70 80 88 92 66 49 Generación 1
arranca 
Jugando Partidos contra vecino 0
Resultado 2
21933.1
Jugando Partidos contra vecino 1
Resultado 13
55412.1
Yo soy: 
31 98 12 60 94 97 69 37 37 70 80 88 92 66 49 El mejor fue: 1
31 98 12 70 94 97 69 37 37 70 80 88 92 66 49 Generación 0
5.43864e+06
