arranca 
Jugando Partidos contra vecino 0
Resultado 5
47190.3
Jugando Partidos contra vecino 1
Resultado 5
41885.8
Jugando Partidos contra vecino 2
Resultado 15
39092.1
Yo soy: 
89 26 95 18 36 100 26 70 31 35 27 38 64 53 49 El mejor fue: 2
89 21 95 18 36 100 26 70 31 35 27 38 64 53 49 Generación 59
arranca 
Jugando Partidos contra vecino 0
Resultado 9
36489.1
Jugando Partidos contra vecino 1
Resultado 11
30551.1
Yo soy: 
89 21 95 18 36 100 26 70 31 35 27 38 64 53 49 El mejor fue: 1
89 21 95 13 36 100 26 70 31 35 27 38 64 53 49 Generación 58
arranca 
Jugando Partidos contra vecino 0
Resultado 15
40025.2
Yo soy: 
89 21 95 13 36 100 26 70 31 35 27 38 64 53 49 El mejor fue: 0
89 21 90 13 36 100 26 70 31 35 27 38 64 53 49 Generación 57
arranca 
Jugando Partidos contra vecino 0
Resultado 13
32969.5
Yo soy: 
89 21 90 13 36 100 26 70 31 35 27 38 64 53 49 El mejor fue: 0
89 21 90 13 36 100 26 70 31 40 27 38 64 53 49 Generación 56
arranca 
Jugando Partidos contra vecino 0
Resultado 13
34589.5
Yo soy: 
89 21 90 13 36 100 26 70 31 40 27 38 64 53 49 El mejor fue: 0
89 21 90 8 36 100 26 70 31 40 27 38 64 53 49 Generación 55
arranca 
Jugando Partidos contra vecino 0
Resultado 15
32168.3
Yo soy: 
89 21 90 8 36 100 26 70 31 40 27 38 64 53 49 El mejor fue: 0
89 21 90 8 36 100 26 70 31 40 27 38 69 53 49 Generación 54
arranca 
Jugando Partidos contra vecino 0
Resultado 5
70008
Jugando Partidos contra vecino 1
Resultado 13
31612.2
Yo soy: 
89 21 90 8 36 100 26 70 31 40 27 38 69 53 49 El mejor fue: 1
89 21 90 13 36 100 26 70 31 40 27 38 69 53 49 Generación 53
arranca 
Jugando Partidos contra vecino 0
Resultado 11
32169
Yo soy: 
89 21 90 13 36 100 26 70 31 40 27 38 69 53 49 El mejor fue: 0
89 21 90 13 36 100 26 70 31 45 27 38 69 53 49 Generación 52
arranca 
Jugando Partidos contra vecino 0
Resultado 15
31201.6
Yo soy: 
89 21 90 13 36 100 26 70 31 45 27 38 69 53 49 El mejor fue: 0
89 21 90 13 36 100 26 70 31 45 27 38 74 53 49 Generación 51
arranca 
Jugando Partidos contra vecino 0
Resultado 9
27955.2
Jugando Partidos contra vecino 1
Resultado 13
32166.8
Yo soy: 
89 21 90 13 36 100 26 70 31 45 27 38 74 53 49 El mejor fue: 1
89 21 90 13 36 95 26 70 31 45 27 38 74 53 49 Generación 50
arranca 
Jugando Partidos contra vecino 0
Resultado 11
29610.7
Yo soy: 
89 21 90 13 36 95 26 70 31 45 27 38 74 53 49 El mejor fue: 0
89 21 90 13 36 95 26 70 31 45 22 38 74 53 49 Generación 49
arranca 
Jugando Partidos contra vecino 0
Resultado 13
31028.1
Yo soy: 
89 21 90 13 36 95 26 70 31 45 22 38 74 53 49 El mejor fue: 0
89 21 85 13 36 95 26 70 31 45 22 38 74 53 49 Generación 48
arranca 
Jugando Partidos contra vecino 0
Resultado 5
39961.1
Jugando Partidos contra vecino 1
Resultado 7
33893
Jugando Partidos contra vecino 2
Resultado 5
51656.3
Jugando Partidos contra vecino 3
Resultado 13
39617.1
Yo soy: 
89 21 85 13 36 95 26 70 31 45 22 38 74 53 49 El mejor fue: 3
89 21 85 13 36 95 26 70 26 45 22 38 74 53 49 Generación 47
arranca 
Jugando Partidos contra vecino 0
Resultado 13
41086.3
Yo soy: 
89 21 85 13 36 95 26 70 26 45 22 38 74 53 49 El mejor fue: 0
89 21 85 13 41 95 26 70 26 45 22 38 74 53 49 Generación 46
arranca 
Jugando Partidos contra vecino 0
Resultado 7
65476.9
Jugando Partidos contra vecino 1
Resultado 15
41535.4
Yo soy: 
89 21 85 13 41 95 26 70 26 45 22 38 74 53 49 El mejor fue: 1
89 21 85 13 41 95 26 70 21 45 22 38 74 53 49 Generación 45
arranca 
Jugando Partidos contra vecino 0
Resultado 13
44945.3
Yo soy: 
89 21 85 13 41 95 26 70 21 45 22 38 74 53 49 El mejor fue: 0
89 21 85 13 41 95 26 75 21 45 22 38 74 53 49 Generación 44
arranca 
Jugando Partidos contra vecino 0
Resultado 7
47782
Jugando Partidos contra vecino 1
Resultado 7
46903.1
Jugando Partidos contra vecino 2
Resultado 15
43760.7
Yo soy: 
89 21 85 13 41 95 26 75 21 45 22 38 74 53 49 El mejor fue: 2
89 21 85 18 41 95 26 75 21 45 22 38 74 53 49 Generación 43
arranca 
Jugando Partidos contra vecino 0
Resultado 13
54377.2
Yo soy: 
89 21 85 18 41 95 26 75 21 45 22 38 74 53 49 El mejor fue: 0
89 21 85 18 41 95 26 75 21 50 22 38 74 53 49 Generación 42
arranca 
Jugando Partidos contra vecino 0
Resultado 15
47123.2
Yo soy: 
89 21 85 18 41 95 26 75 21 50 22 38 74 53 49 El mejor fue: 0
89 21 85 18 41 90 26 75 21 50 22 38 74 53 49 Generación 41
arranca 
Jugando Partidos contra vecino 0
Resultado 5
41727.1
Jugando Partidos contra vecino 1
Resultado 15
42355
Yo soy: 
89 21 85 18 41 90 26 75 21 50 22 38 74 53 49 El mejor fue: 1
89 21 85 18 41 85 26 75 21 50 22 38 74 53 49 Generación 40
arranca 
Jugando Partidos contra vecino 0
Resultado 11
37568.2
Yo soy: 
89 21 85 18 41 85 26 75 21 50 22 38 74 53 49 El mejor fue: 0
89 21 85 18 41 85 26 75 21 50 22 33 74 53 49 Generación 39
arranca 
Jugando Partidos contra vecino 0
Resultado 11
61225.4
Yo soy: 
89 21 85 18 41 85 26 75 21 50 22 33 74 53 49 El mejor fue: 0
89 21 85 18 41 85 26 75 21 50 22 33 74 53 54 Generación 38
arranca 
Jugando Partidos contra vecino 0
Resultado 11
41337.5
Yo soy: 
89 21 85 18 41 85 26 75 21 50 22 33 74 53 54 El mejor fue: 0
89 21 85 18 41 85 26 75 21 50 22 28 74 53 54 Generación 37
arranca 
Jugando Partidos contra vecino 0
Resultado 9
33820.5
Jugando Partidos contra vecino 1
Resultado 9
34015.4
Jugando Partidos contra vecino 2
Resultado 11
32529.4
Yo soy: 
89 21 85 18 41 85 26 75 21 50 22 28 74 53 54 El mejor fue: 2
89 21 80 18 41 85 26 75 21 50 22 28 74 53 54 Generación 36
arranca 
Jugando Partidos contra vecino 0
Resultado 9
34460.2
Jugando Partidos contra vecino 1
Resultado 13
38397.8
Yo soy: 
89 21 80 18 41 85 26 75 21 50 22 28 74 53 54 El mejor fue: 1
89 21 80 13 41 85 26 75 21 50 22 28 74 53 54 Generación 35
arranca 
Jugando Partidos contra vecino 0
Resultado 13
36018.9
Yo soy: 
89 21 80 13 41 85 26 75 21 50 22 28 74 53 54 El mejor fue: 0
89 16 80 13 41 85 26 75 21 50 22 28 74 53 54 Generación 34
arranca 
Jugando Partidos contra vecino 0
Resultado 5
77076.7
Jugando Partidos contra vecino 1
Resultado 15
31234.7
Yo soy: 
89 16 80 13 41 85 26 75 21 50 22 28 74 53 54 El mejor fue: 1
89 16 75 13 41 85 26 75 21 50 22 28 74 53 54 Generación 33
arranca 
Jugando Partidos contra vecino 0
Resultado 13
37030.9
Yo soy: 
89 16 75 13 41 85 26 75 21 50 22 28 74 53 54 El mejor fue: 0
89 16 75 8 41 85 26 75 21 50 22 28 74 53 54 Generación 32
arranca 
Jugando Partidos contra vecino 0
Resultado 15
35346.4
Yo soy: 
89 16 75 8 41 85 26 75 21 50 22 28 74 53 54 El mejor fue: 0
89 16 80 8 41 85 26 75 21 50 22 28 74 53 54 Generación 31
arranca 
Jugando Partidos contra vecino 0
Resultado 11
38506.3
Yo soy: 
89 16 80 8 41 85 26 75 21 50 22 28 74 53 54 El mejor fue: 0
89 16 80 8 41 85 26 75 21 50 22 23 74 53 54 Generación 30
arranca 
Jugando Partidos contra vecino 0
Resultado 5
79873.8
Jugando Partidos contra vecino 1
Resultado 11
40518.2
Yo soy: 
89 16 80 8 41 85 26 75 21 50 22 23 74 53 54 El mejor fue: 1
89 16 80 8 41 85 26 75 21 50 27 23 74 53 54 Generación 29
arranca 
Jugando Partidos contra vecino 0
Resultado 13
36157.1
Yo soy: 
89 16 80 8 41 85 26 75 21 50 27 23 74 53 54 El mejor fue: 0
89 16 80 8 41 85 26 75 21 45 27 23 74 53 54 Generación 28
arranca 
Jugando Partidos contra vecino 0
Resultado 13
35372.9
Yo soy: 
89 16 80 8 41 85 26 75 21 45 27 23 74 53 54 El mejor fue: 0
89 16 80 8 41 80 26 75 21 45 27 23 74 53 54 Generación 27
arranca 
Jugando Partidos contra vecino 0
Resultado 11
42543
Yo soy: 
89 16 80 8 41 80 26 75 21 45 27 23 74 53 54 El mejor fue: 0
89 16 80 8 41 80 26 75 21 40 27 23 74 53 54 Generación 26
arranca 
Jugando Partidos contra vecino 0
Resultado 11
31342.4
Yo soy: 
89 16 80 8 41 80 26 75 21 40 27 23 74 53 54 El mejor fue: 0
84 16 80 8 41 80 26 75 21 40 27 23 74 53 54 Generación 25
arranca 
Jugando Partidos contra vecino 0
Resultado 9
38292.5
Jugando Partidos contra vecino 1
Resultado 7
39866.7
Jugando Partidos contra vecino 2
Resultado 13
32473.3
Yo soy: 
84 16 80 8 41 80 26 75 21 40 27 23 74 53 54 El mejor fue: 2
84 16 80 8 36 80 26 75 21 40 27 23 74 53 54 Generación 24
arranca 
Jugando Partidos contra vecino 0
Resultado 9
35469
Jugando Partidos contra vecino 1
Resultado 9
35331.5
Jugando Partidos contra vecino 2
Resultado 7
37050.5
Jugando Partidos contra vecino 3
Resultado 9
37204.6
Jugando Partidos contra vecino 4
Resultado 5
51468.8
Jugando Partidos contra vecino 5
Resultado 9
32955.7
Jugando Partidos contra vecino 6
Resultado 9
37512.8
Jugando Partidos contra vecino 7
Resultado 9
35409.4
Jugando Partidos contra vecino 8
Resultado 13
33593.6
Yo soy: 
84 16 80 8 36 80 26 75 21 40 27 23 74 53 54 El mejor fue: 8
84 11 80 8 36 80 26 75 21 40 27 23 74 53 54 Generación 23
arranca 
Jugando Partidos contra vecino 0
Resultado 15
30857.6
Yo soy: 
84 11 80 8 36 80 26 75 21 40 27 23 74 53 54 El mejor fue: 0
84 11 80 8 31 80 26 75 21 40 27 23 74 53 54 Generación 22
arranca 
Jugando Partidos contra vecino 0
Resultado 5
75794.2
Jugando Partidos contra vecino 1
Resultado 11
38895.5
Yo soy: 
84 11 80 8 31 80 26 75 21 40 27 23 74 53 54 El mejor fue: 1
84 11 80 3 31 80 26 75 21 40 27 23 74 53 54 Generación 21
arranca 
Jugando Partidos contra vecino 0
Resultado 13
34643.3
Yo soy: 
84 11 80 3 31 80 26 75 21 40 27 23 74 53 54 El mejor fue: 0
84 11 80 3 31 80 26 75 21 40 27 23 74 53 49 Generación 20
arranca 
Jugando Partidos contra vecino 0
Resultado 11
37355
Yo soy: 
84 11 80 3 31 80 26 75 21 40 27 23 74 53 49 El mejor fue: 0
84 11 80 3 31 80 26 70 21 40 27 23 74 53 49 Generación 19
arranca 
Jugando Partidos contra vecino 0
Resultado 15
38075.5
Yo soy: 
84 11 80 3 31 80 26 70 21 40 27 23 74 53 49 El mejor fue: 0
84 11 80 3 31 80 26 70 21 40 27 18 74 53 49 Generación 18
arranca 
Jugando Partidos contra vecino 0
Resultado 11
36702.4
Yo soy: 
84 11 80 3 31 80 26 70 21 40 27 18 74 53 49 El mejor fue: 0
84 11 80 3 31 80 21 70 21 40 27 18 74 53 49 Generación 17
arranca 
Jugando Partidos contra vecino 0
Resultado 11
39259.5
Yo soy: 
84 11 80 3 31 80 21 70 21 40 27 18 74 53 49 El mejor fue: 0
84 11 80 -2 31 80 21 70 21 40 27 18 74 53 49 Generación 16
arranca 
Jugando Partidos contra vecino 0
Resultado 13
40275.1
Yo soy: 
84 11 80 -2 31 80 21 70 21 40 27 18 74 53 49 El mejor fue: 0
84 11 80 -2 31 85 21 70 21 40 27 18 74 53 49 Generación 15
arranca 
Jugando Partidos contra vecino 0
Resultado 13
40107.5
Yo soy: 
84 11 80 -2 31 85 21 70 21 40 27 18 74 53 49 El mejor fue: 0
79 11 80 -2 31 85 21 70 21 40 27 18 74 53 49 Generación 14
arranca 
Jugando Partidos contra vecino 0
Resultado 13
42351.8
Yo soy: 
79 11 80 -2 31 85 21 70 21 40 27 18 74 53 49 El mejor fue: 0
84 11 80 -2 31 85 21 70 21 40 27 18 74 53 49 Generación 13
arranca 
Jugando Partidos contra vecino 0
Resultado 13
38086.2
Yo soy: 
84 11 80 -2 31 85 21 70 21 40 27 18 74 53 49 El mejor fue: 0
84 11 80 3 31 85 21 70 21 40 27 18 74 53 49 Generación 12
arranca 
Jugando Partidos contra vecino 0
Resultado 15
39748.6
Yo soy: 
84 11 80 3 31 85 21 70 21 40 27 18 74 53 49 El mejor fue: 0
84 11 80 3 31 85 21 70 21 40 27 18 74 53 44 Generación 11
arranca 
Jugando Partidos contra vecino 0
Resultado 7
31461.8
Jugando Partidos contra vecino 1
Resultado 11
46292.7
Yo soy: 
84 11 80 3 31 85 21 70 21 40 27 18 74 53 44 El mejor fue: 1
84 11 80 3 31 80 21 70 21 40 27 18 74 53 44 Generación 10
arranca 
Jugando Partidos contra vecino 0
Resultado 11
42414
Yo soy: 
84 11 80 3 31 80 21 70 21 40 27 18 74 53 44 El mejor fue: 0
84 11 80 3 31 80 21 70 21 45 27 18 74 53 44 Generación 9
arranca 
Jugando Partidos contra vecino 0
Resultado 15
38778.8
Yo soy: 
84 11 80 3 31 80 21 70 21 45 27 18 74 53 44 El mejor fue: 0
84 16 80 3 31 80 21 70 21 45 27 18 74 53 44 Generación 8
arranca 
Jugando Partidos contra vecino 0
Resultado 11
37200.9
Yo soy: 
84 16 80 3 31 80 21 70 21 45 27 18 74 53 44 El mejor fue: 0
84 16 80 3 31 80 21 70 21 45 27 18 74 48 44 Generación 7
arranca 
Jugando Partidos contra vecino 0
Resultado 11
43774.4
Yo soy: 
84 16 80 3 31 80 21 70 21 45 27 18 74 48 44 El mejor fue: 0
84 16 80 3 31 80 21 75 21 45 27 18 74 48 44 Generación 6
arranca 
Jugando Partidos contra vecino 0
Resultado 9
36791.8
Jugando Partidos contra vecino 1
Resultado 13
40512.7
Yo soy: 
84 16 80 3 31 80 21 75 21 45 27 18 74 48 44 El mejor fue: 1
84 16 80 3 31 80 21 75 21 45 32 18 74 48 44 Generación 5
arranca 
Jugando Partidos contra vecino 0
Resultado 11
41915
Yo soy: 
84 16 80 3 31 80 21 75 21 45 32 18 74 48 44 El mejor fue: 0
84 11 80 3 31 80 21 75 21 45 32 18 74 48 44 Generación 4
arranca 
Jugando Partidos contra vecino 0
Resultado 13
39447.5
Yo soy: 
84 11 80 3 31 80 21 75 21 45 32 18 74 48 44 El mejor fue: 0
84 11 85 3 31 80 21 75 21 45 32 18 74 48 44 Generación 3
arranca 
Jugando Partidos contra vecino 0
Resultado 11
42088.9
Yo soy: 
84 11 85 3 31 80 21 75 21 45 32 18 74 48 44 El mejor fue: 0
84 11 80 3 31 80 21 75 21 45 32 18 74 48 44 Generación 2
arranca 
Jugando Partidos contra vecino 0
Resultado 11
40790.6
Yo soy: 
84 11 80 3 31 80 21 75 21 45 32 18 74 48 44 El mejor fue: 0
84 11 80 3 31 80 21 75 21 45 32 18 74 48 39 Generación 1
arranca 
Jugando Partidos contra vecino 0
Resultado 9
40171.5
Jugando Partidos contra vecino 1
Resultado 15
37557.1
Yo soy: 
84 11 80 3 31 80 21 75 21 45 32 18 74 48 39 El mejor fue: 1
84 11 80 3 31 80 21 70 21 45 32 18 74 48 39 Generación 0
3.67527e+06
