arranca 
Jugando Partidos contra vecino 0
Resultado 5
35923.5
Jugando Partidos contra vecino 1
Resultado 5
34327.2
Jugando Partidos contra vecino 2
Resultado 7
35856.2
Jugando Partidos contra vecino 3
Resultado 5
39450.5
Jugando Partidos contra vecino 4
Resultado 5
30035.2
Jugando Partidos contra vecino 5
Resultado 5
38278.5
Jugando Partidos contra vecino 6
Resultado 5
35891
Jugando Partidos contra vecino 7
Resultado 5
41769.4
Jugando Partidos contra vecino 8
Resultado 5
30086.6
Jugando Partidos contra vecino 9
Resultado 6
32124.3
Jugando Partidos contra vecino 10
Resultado 7
41976.8
Jugando Partidos contra vecino 11
Resultado 5
39812.9
Jugando Partidos contra vecino 12
Resultado 5
35896.6
Jugando Partidos contra vecino 13
Resultado 5
30187.9
Jugando Partidos contra vecino 14
Resultado 5
33929.8
Jugando Partidos contra vecino 15
Resultado 5
41639.6
Jugando Partidos contra vecino 16
Resultado 5
30358
Jugando Partidos contra vecino 17
Resultado 5
23265.5
Jugando Partidos contra vecino 18
Resultado 4
39397.2
Jugando Partidos contra vecino 19
Resultado 5
32780.1
Jugando Partidos contra vecino 20
Resultado 5
33093.8
Jugando Partidos contra vecino 21
Resultado 5
43204.7
Jugando Partidos contra vecino 22
Resultado 5
39271.3
Jugando Partidos contra vecino 23
Resultado 5
35060.7
Jugando Partidos contra vecino 24
Resultado 5
22275.4
Jugando Partidos contra vecino 25
Resultado 5
30205.8
Jugando Partidos contra vecino 26
Resultado 5
38927.6
Jugando Partidos contra vecino 27
Resultado 5
31317.7
Jugando Partidos contra vecino 28
Resultado 3
33122.6
Jugando Partidos contra vecino 29
Resultado 5
40187.2
1.04965e+06
arranca 
Jugando Partidos contra vecino 0
Resultado 6
29945.9
Jugando Partidos contra vecino 1
Resultado 4
21817.6
Jugando Partidos contra vecino 2
Resultado 15
42601
Yo soy: 
0 40 15 65 99 11 82 62 14 24 81 79 42 40 99 El mejor fue: 2
0 40 15 65 99 11 42 62 14 24 81 79 42 40 99 Generación 19
arranca 
Jugando Partidos contra vecino 0
Resultado 13
35608.9
Yo soy: 
0 40 15 65 99 11 42 62 14 24 81 79 42 40 99 El mejor fue: 0
0 40 15 65 99 11 42 62 14 24 61 79 42 40 99 Generación 18
arranca 
Jugando Partidos contra vecino 0
Resultado 9
36616.6
Jugando Partidos contra vecino 1
Resultado 8
40443.1
Jugando Partidos contra vecino 2
Resultado 15
47677.6
Yo soy: 
0 40 15 65 99 11 42 62 14 24 61 79 42 40 99 El mejor fue: 2
-20 40 15 65 99 11 42 62 14 24 61 79 42 40 99 Generación 17
arranca 
Jugando Partidos contra vecino 0
Resultado 9
41765.5
Jugando Partidos contra vecino 1
Resultado 15
56606.8
Yo soy: 
-20 40 15 65 99 11 42 62 14 24 61 79 42 40 99 El mejor fue: 1
-20 40 -5 65 99 11 42 62 14 24 61 79 42 40 99 Generación 16
arranca 
Jugando Partidos contra vecino 0
Resultado 13
52726.7
Yo soy: 
-20 40 -5 65 99 11 42 62 14 24 61 79 42 40 99 El mejor fue: 0
-20 40 -5 65 99 31 42 62 14 24 61 79 42 40 99 Generación 15
arranca 
Jugando Partidos contra vecino 0
Resultado 15
36499.5
Yo soy: 
-20 40 -5 65 99 31 42 62 14 24 61 79 42 40 99 El mejor fue: 0
-20 40 -5 65 99 31 42 62 14 24 61 79 42 60 99 Generación 14
arranca 
Jugando Partidos contra vecino 0
Resultado 15
54939.6
Yo soy: 
-20 40 -5 65 99 31 42 62 14 24 61 79 42 60 99 El mejor fue: 0
-20 40 15 65 99 31 42 62 14 24 61 79 42 60 99 Generación 13
arranca 
Jugando Partidos contra vecino 0
Resultado 13
45269.9
Yo soy: 
-20 40 15 65 99 31 42 62 14 24 61 79 42 60 99 El mejor fue: 0
-20 40 15 65 99 31 42 62 14 24 61 79 42 80 99 Generación 12
arranca 
Jugando Partidos contra vecino 0
Resultado 11
33343.6
Yo soy: 
-20 40 15 65 99 31 42 62 14 24 61 79 42 80 99 El mejor fue: 0
-20 40 15 65 59 31 42 62 14 24 61 79 42 80 99 Generación 11
arranca 
Jugando Partidos contra vecino 0
Resultado 2
18321.5
Jugando Partidos contra vecino 1
Resultado 11
39693.3
Yo soy: 
-20 40 15 65 59 31 42 62 14 24 61 79 42 80 99 El mejor fue: 1
-20 40 15 65 59 31 42 62 14 24 61 99 42 80 99 Generación 10
arranca 
Jugando Partidos contra vecino 0
Resultado 8
35492.2
Jugando Partidos contra vecino 1
Resultado 8
27910.5
Jugando Partidos contra vecino 2
Resultado 8
33731.5
Jugando Partidos contra vecino 3
Resultado 7
28435.4
Jugando Partidos contra vecino 4
Resultado 3
25455.1
Jugando Partidos contra vecino 5
Resultado 11
32180.1
Yo soy: 
-20 40 15 65 59 31 42 62 14 24 61 99 42 80 99 El mejor fue: 5
-20 40 15 65 59 31 42 62 -6 24 61 99 42 80 99 Generación 9
arranca 
Jugando Partidos contra vecino 0
Resultado 6
36167.6
Jugando Partidos contra vecino 1
Resultado 15
64568.1
Yo soy: 
-20 40 15 65 59 31 42 62 -6 24 61 99 42 80 99 El mejor fue: 1
-40 40 15 65 59 31 42 62 -6 24 61 99 42 80 99 Generación 8
arranca 
Jugando Partidos contra vecino 0
Resultado 9
31094.9
Jugando Partidos contra vecino 1
Resultado 3
22866.9
Jugando Partidos contra vecino 2
Resultado 13
59551.5
Yo soy: 
-40 40 15 65 59 31 42 62 -6 24 61 99 42 80 99 El mejor fue: 2
-40 40 15 65 59 31 42 62 -6 24 61 99 62 80 99 Generación 7
arranca 
Jugando Partidos contra vecino 0
Resultado 12
55231.5
Yo soy: 
-40 40 15 65 59 31 42 62 -6 24 61 99 62 80 99 El mejor fue: 0
-40 40 15 65 59 31 42 62 -6 24 61 99 62 60 99 Generación 6
arranca 
Jugando Partidos contra vecino 0
Resultado 15
55017.9
Yo soy: 
-40 40 15 65 59 31 42 62 -6 24 61 99 62 60 99 El mejor fue: 0
-40 40 15 65 59 31 42 62 -6 24 61 99 62 60 79 Generación 5
arranca 
Jugando Partidos contra vecino 0
Resultado 15
64415.1
Yo soy: 
-40 40 15 65 59 31 42 62 -6 24 61 99 62 60 79 El mejor fue: 0
-40 40 15 65 79 31 42 62 -6 24 61 99 62 60 79 Generación 4
arranca 
Jugando Partidos contra vecino 0
Resultado 3
21544.8
Jugando Partidos contra vecino 1
Resultado 12
59298.1
Yo soy: 
-40 40 15 65 79 31 42 62 -6 24 61 99 62 60 79 El mejor fue: 1
-40 40 15 65 79 31 42 62 -6 24 61 99 62 40 79 Generación 3
arranca 
Jugando Partidos contra vecino 0
Resultado 15
70068.6
Yo soy: 
-40 40 15 65 79 31 42 62 -6 24 61 99 62 40 79 El mejor fue: 0
-60 40 15 65 79 31 42 62 -6 24 61 99 62 40 79 Generación 2
arranca 
Jugando Partidos contra vecino 0
Resultado 12
60623.3
Yo soy: 
-60 40 15 65 79 31 42 62 -6 24 61 99 62 40 79 El mejor fue: 0
-60 40 15 45 79 31 42 62 -6 24 61 99 62 40 79 Generación 1
arranca 
Jugando Partidos contra vecino 0
Resultado 15
63952.5
Yo soy: 
-60 40 15 45 79 31 42 62 -6 24 61 99 62 40 79 El mejor fue: 0
-60 40 15 45 59 31 42 62 -6 24 61 99 62 40 79 Generación 0
1.48148e+06
