arranca 
Jugando Partidos contra vecino 0
Resultado 5
43905.9
Jugando Partidos contra vecino 1
Resultado 5
49199.4
Jugando Partidos contra vecino 2
Resultado 5
32218.2
Jugando Partidos contra vecino 3
Resultado 5
45782.9
Jugando Partidos contra vecino 4
Resultado 7
41325.8
Jugando Partidos contra vecino 5
Resultado 5
43533.1
Jugando Partidos contra vecino 6
Resultado 5
43713.7
Jugando Partidos contra vecino 7
Resultado 5
39802.2
Jugando Partidos contra vecino 8
Resultado 5
44375
Jugando Partidos contra vecino 9
Resultado 5
43814.3
Jugando Partidos contra vecino 10
Resultado 5
48235.9
Jugando Partidos contra vecino 11
Resultado 5
43833.5
Jugando Partidos contra vecino 12
Resultado 5
34584.6
Jugando Partidos contra vecino 13
Resultado 5
39500.5
Jugando Partidos contra vecino 14
Resultado 5
45188.3
Jugando Partidos contra vecino 15
Resultado 5
42749.3
Jugando Partidos contra vecino 16
Resultado 5
47567.4
Jugando Partidos contra vecino 17
Resultado 5
52576.8
Jugando Partidos contra vecino 18
Resultado 5
26062.1
Jugando Partidos contra vecino 19
Resultado 5
50971.7
Jugando Partidos contra vecino 20
Resultado 5
43578.6
Jugando Partidos contra vecino 21
Resultado 5
25910.9
Jugando Partidos contra vecino 22
Resultado 5
43775.2
Jugando Partidos contra vecino 23
Resultado 5
44223
Jugando Partidos contra vecino 24
Resultado 5
45275.8
Jugando Partidos contra vecino 25
Resultado 5
44700.7
Jugando Partidos contra vecino 26
Resultado 5
36345.1
Jugando Partidos contra vecino 27
Resultado 5
48032.1
Jugando Partidos contra vecino 28
Resultado 5
33269.9
Jugando Partidos contra vecino 29
Resultado 5
43223.3
Jugando Partidos contra vecino 30
Resultado 5
32740.2
Jugando Partidos contra vecino 31
Resultado 7
30604
Jugando Partidos contra vecino 32
Resultado 5
48120.2
Jugando Partidos contra vecino 33
Resultado 5
44605.2
Jugando Partidos contra vecino 34
Resultado 5
41710
Jugando Partidos contra vecino 35
Resultado 5
40915.2
1.50597e+06
arranca 
Jugando Partidos contra vecino 0
Resultado 3
16920.3
Jugando Partidos contra vecino 1
Resultado 6
39724.6
Jugando Partidos contra vecino 2
Resultado 6
33971.8
Jugando Partidos contra vecino 3
Resultado 8
39774.3
Jugando Partidos contra vecino 4
Resultado 2
15459
Jugando Partidos contra vecino 5
Resultado 4
24936.6
Jugando Partidos contra vecino 6
Resultado 7
25624.2
Jugando Partidos contra vecino 7
Resultado 3
17206.3
Jugando Partidos contra vecino 8
Resultado 2
16791.7
Jugando Partidos contra vecino 9
Resultado 2
30055
Jugando Partidos contra vecino 10
Resultado 3
14375.6
Jugando Partidos contra vecino 11
Resultado 3
19400.2
Jugando Partidos contra vecino 12
Resultado 2
17517.6
Jugando Partidos contra vecino 13
Resultado 4
23700.4
Jugando Partidos contra vecino 14
Resultado 4
17165.2
Jugando Partidos contra vecino 15
Resultado 5
27159.3
Jugando Partidos contra vecino 16
Resultado 4
23763
Jugando Partidos contra vecino 17
Resultado 5
23543.2
Jugando Partidos contra vecino 18
Resultado 3
21293.5
Jugando Partidos contra vecino 19
Resultado 2
23018
Jugando Partidos contra vecino 20
Resultado 7
36717.8
Jugando Partidos contra vecino 21
Resultado 4
25368.2
Jugando Partidos contra vecino 22
Resultado 4
28618.6
Jugando Partidos contra vecino 23
Resultado 9
32854.2
Jugando Partidos contra vecino 24
Resultado 5
28906.8
Jugando Partidos contra vecino 25
Resultado 5
23621.5
Jugando Partidos contra vecino 26
Resultado 2
14914.5
Jugando Partidos contra vecino 27
Resultado 5
27165.6
Jugando Partidos contra vecino 28
Resultado 5
20399.8
Jugando Partidos contra vecino 29
Resultado 2
21099.5
Jugando Partidos contra vecino 30
Resultado 2
16666.8
Jugando Partidos contra vecino 31
Resultado 6
29008.3
Jugando Partidos contra vecino 32
Resultado 4
22317.6
Jugando Partidos contra vecino 33
Resultado 9
32120.7
Jugando Partidos contra vecino 34
Resultado 0
19753.5
Jugando Partidos contra vecino 35
Resultado 0
19357
870291
arranca 
Jugando Partidos contra vecino 0
Resultado 7
38588.4
Jugando Partidos contra vecino 1
Resultado 5
27029.2
Jugando Partidos contra vecino 2
Resultado 5
43637.5
Jugando Partidos contra vecino 3
Resultado 5
29906.2
Jugando Partidos contra vecino 4
Resultado 7
48764
Jugando Partidos contra vecino 5
Resultado 5
29151.7
Jugando Partidos contra vecino 6
Resultado 7
42274.1
Jugando Partidos contra vecino 7
Resultado 5
38249.5
Jugando Partidos contra vecino 8
Resultado 5
22799.8
Jugando Partidos contra vecino 9
Resultado 6
28954.5
Jugando Partidos contra vecino 10
Resultado 13
39579.4
Yo soy: 
21 56 7 74 16 49 54 50 68 62 100 7 50 82 52 53 83 98 El mejor fue: 10
21 56 7 74 16 49 54 50 68 62 100 47 50 82 52 53 83 98 Generación 199
arranca 
Jugando Partidos contra vecino 0
Resultado 4
29964.2
Jugando Partidos contra vecino 1
Resultado 10
37252.2
Yo soy: 
21 56 7 74 16 49 54 50 68 62 100 47 50 82 52 53 83 98 El mejor fue: 1
21 56 7 74 16 49 54 50 68 62 100 87 50 82 52 53 83 98 Generación 198
arranca 
Jugando Partidos contra vecino 0
Resultado 10
31408.8
Yo soy: 
21 56 7 74 16 49 54 50 68 62 100 87 50 82 52 53 83 98 El mejor fue: 0
21 56 -33 74 16 49 54 50 68 62 100 87 50 82 52 53 83 98 Generación 197
arranca 
Jugando Partidos contra vecino 0
Resultado 10
23358.8
Yo soy: 
21 56 -33 74 16 49 54 50 68 62 100 87 50 82 52 53 83 98 El mejor fue: 0
21 56 -33 74 16 49 54 50 68 12 100 87 50 82 52 53 83 98 Generación 196
arranca 
Jugando Partidos contra vecino 0
Resultado 3
16258.4
Jugando Partidos contra vecino 1
Resultado 9
30773.9
Jugando Partidos contra vecino 2
Resultado 8
30316.6
Jugando Partidos contra vecino 3
Resultado 10
42548.1
Yo soy: 
21 56 -33 74 16 49 54 50 68 12 100 87 50 82 52 53 83 98 El mejor fue: 3
21 56 -33 74 16 49 94 50 68 12 100 87 50 82 52 53 83 98 Generación 195
arranca 
Jugando Partidos contra vecino 0
Resultado 6
35939.7
Jugando Partidos contra vecino 1
Resultado 13
44803.1
Yo soy: 
21 56 -33 74 16 49 94 50 68 12 100 87 50 82 52 53 83 98 El mejor fue: 1
21 56 -33 74 16 49 94 50 68 12 50 87 50 82 52 53 83 98 Generación 194
arranca 
Jugando Partidos contra vecino 0
Resultado 11
39032.4
Yo soy: 
21 56 -33 74 16 49 94 50 68 12 50 87 50 82 52 53 83 98 El mejor fue: 0
21 56 -33 74 16 49 94 50 68 12 50 47 50 82 52 53 83 98 Generación 193
arranca 
Jugando Partidos contra vecino 0
Resultado 6
28791.4
Jugando Partidos contra vecino 1
Resultado 9
29090
Jugando Partidos contra vecino 2
Resultado 9
42629
Jugando Partidos contra vecino 3
Resultado 3
35996.3
Jugando Partidos contra vecino 4
Resultado 8
20972.9
Jugando Partidos contra vecino 5
Resultado 8
31420.2
Jugando Partidos contra vecino 6
Resultado 11
37038.5
Yo soy: 
21 56 -33 74 16 49 94 50 68 12 50 47 50 82 52 53 83 98 El mejor fue: 6
21 56 -33 74 16 49 94 50 68 12 50 47 50 82 92 53 83 98 Generación 192
arranca 
Jugando Partidos contra vecino 0
Resultado 11
34239.5
Yo soy: 
21 56 -33 74 16 49 94 50 68 12 50 47 50 82 92 53 83 98 El mejor fue: 0
21 56 -33 74 16 49 94 50 68 12 50 47 50 82 92 53 83 48 Generación 191
arranca 
Jugando Partidos contra vecino 0
Resultado 7
30423.3
Jugando Partidos contra vecino 1
Resultado 9
31106.8
Jugando Partidos contra vecino 2
Resultado 13
37250
Yo soy: 
21 56 -33 74 16 49 94 50 68 12 50 47 50 82 92 53 83 48 El mejor fue: 2
21 56 -33 74 16 49 44 50 68 12 50 47 50 82 92 53 83 48 Generación 190
arranca 
Jugando Partidos contra vecino 0
Resultado 4
16448.7
Jugando Partidos contra vecino 1
Resultado 5
19684.8
Jugando Partidos contra vecino 2
Resultado 11
30978.9
Yo soy: 
21 56 -33 74 16 49 44 50 68 12 50 47 50 82 92 53 83 48 El mejor fue: 2
21 56 -33 74 16 49 44 50 68 12 50 47 50 82 92 53 83 88 Generación 189
arranca 
Jugando Partidos contra vecino 0
Resultado 8
26450.3
Jugando Partidos contra vecino 1
Resultado 4
58010
Jugando Partidos contra vecino 2
Resultado 7
25444.7
Jugando Partidos contra vecino 3
Resultado 5
21858.4
Jugando Partidos contra vecino 4
Resultado 13
43850.7
Yo soy: 
21 56 -33 74 16 49 44 50 68 12 50 47 50 82 92 53 83 88 El mejor fue: 4
21 56 -33 74 -24 49 44 50 68 12 50 47 50 82 92 53 83 88 Generación 188
arranca 
Jugando Partidos contra vecino 0
Resultado 9
28255.5
Jugando Partidos contra vecino 1
Resultado 11
30413.7
Yo soy: 
21 56 -33 74 -24 49 44 50 68 12 50 47 50 82 92 53 83 88 El mejor fue: 1
21 56 -33 74 -24 49 44 50 28 12 50 47 50 82 92 53 83 88 Generación 187
arranca 
Jugando Partidos contra vecino 0
Resultado 4
16833.8
Jugando Partidos contra vecino 1
Resultado 6
22691.9
Jugando Partidos contra vecino 2
Resultado 11
29622.2
Yo soy: 
21 56 -33 74 -24 49 44 50 28 12 50 47 50 82 92 53 83 88 El mejor fue: 2
21 56 -33 74 -24 49 44 50 28 12 50 47 50 82 52 53 83 88 Generación 186
arranca 
Jugando Partidos contra vecino 0
Resultado 7
27068.9
Jugando Partidos contra vecino 1
Resultado 8
28856.5
Jugando Partidos contra vecino 2
Resultado 9
22294
Jugando Partidos contra vecino 3
Resultado 7
23258.1
Jugando Partidos contra vecino 4
Resultado 13
35964.5
Yo soy: 
21 56 -33 74 -24 49 44 50 28 12 50 47 50 82 52 53 83 88 El mejor fue: 4
21 96 -33 74 -24 49 44 50 28 12 50 47 50 82 52 53 83 88 Generación 185
arranca 
Jugando Partidos contra vecino 0
Resultado 6
23168.9
Jugando Partidos contra vecino 1
Resultado 11
30192.8
Yo soy: 
21 96 -33 74 -24 49 44 50 28 12 50 47 50 82 52 53 83 88 El mejor fue: 1
21 96 -33 74 -24 49 44 50 28 52 50 47 50 82 52 53 83 88 Generación 184
arranca 
Jugando Partidos contra vecino 0
Resultado 7
31901.5
Jugando Partidos contra vecino 1
Resultado 5
22182
Jugando Partidos contra vecino 2
Resultado 11
31520.6
Yo soy: 
21 96 -33 74 -24 49 44 50 28 52 50 47 50 82 52 53 83 88 El mejor fue: 2
21 96 -33 74 -24 49 44 50 68 52 50 47 50 82 52 53 83 88 Generación 183
arranca 
Jugando Partidos contra vecino 0
Resultado 11
37660
Yo soy: 
21 96 -33 74 -24 49 44 50 68 52 50 47 50 82 52 53 83 88 El mejor fue: 0
21 96 -33 74 -64 49 44 50 68 52 50 47 50 82 52 53 83 88 Generación 182
arranca 
Jugando Partidos contra vecino 0
Resultado 13
37841.5
Yo soy: 
21 96 -33 74 -64 49 44 50 68 52 50 47 50 82 52 53 83 88 El mejor fue: 0
21 96 -33 74 -64 49 84 50 68 52 50 47 50 82 52 53 83 88 Generación 181
arranca 
Jugando Partidos contra vecino 0
Resultado 11
37004.8
Yo soy: 
21 96 -33 74 -64 49 84 50 68 52 50 47 50 82 52 53 83 88 El mejor fue: 0
21 96 -33 74 -64 49 84 50 68 52 50 47 50 82 52 53 43 88 Generación 180
arranca 
Jugando Partidos contra vecino 0
Resultado 10
38129
Yo soy: 
21 96 -33 74 -64 49 84 50 68 52 50 47 50 82 52 53 43 88 El mejor fue: 0
21 56 -33 74 -64 49 84 50 68 52 50 47 50 82 52 53 43 88 Generación 179
arranca 
Jugando Partidos contra vecino 0
Resultado 13
23746.4
Yo soy: 
21 56 -33 74 -64 49 84 50 68 52 50 47 50 82 52 53 43 88 El mejor fue: 0
21 56 -33 74 -64 49 84 50 68 52 50 47 10 82 52 53 43 88 Generación 178
arranca 
Jugando Partidos contra vecino 0
Resultado 13
36677.1
Yo soy: 
21 56 -33 74 -64 49 84 50 68 52 50 47 10 82 52 53 43 88 El mejor fue: 0
21 56 -33 74 -64 49 84 50 18 52 50 47 10 82 52 53 43 88 Generación 177
arranca 
Jugando Partidos contra vecino 0
Resultado 10
32895.7
Yo soy: 
21 56 -33 74 -64 49 84 50 18 52 50 47 10 82 52 53 43 88 El mejor fue: 0
21 56 -33 74 -24 49 84 50 18 52 50 47 10 82 52 53 43 88 Generación 176
arranca 
Jugando Partidos contra vecino 0
Resultado 9
28245.8
Jugando Partidos contra vecino 1
Resultado 7
29578.7
Jugando Partidos contra vecino 2
Resultado 11
33363.5
Yo soy: 
21 56 -33 74 -24 49 84 50 18 52 50 47 10 82 52 53 43 88 El mejor fue: 2
21 56 -33 74 -24 89 84 50 18 52 50 47 10 82 52 53 43 88 Generación 175
arranca 
Jugando Partidos contra vecino 0
Resultado 10
31091.4
Yo soy: 
21 56 -33 74 -24 89 84 50 18 52 50 47 10 82 52 53 43 88 El mejor fue: 0
21 56 -33 74 -24 89 84 50 18 52 50 47 10 82 52 53 43 38 Generación 174
arranca 
Jugando Partidos contra vecino 0
Resultado 5
35216.1
Jugando Partidos contra vecino 1
Resultado 13
33253.7
Yo soy: 
21 56 -33 74 -24 89 84 50 18 52 50 47 10 82 52 53 43 38 El mejor fue: 1
21 56 -33 74 -24 89 84 50 18 52 50 87 10 82 52 53 43 38 Generación 173
arranca 
Jugando Partidos contra vecino 0
Resultado 13
37096.9
Yo soy: 
21 56 -33 74 -24 89 84 50 18 52 50 87 10 82 52 53 43 38 El mejor fue: 0
21 56 -33 74 -24 89 84 50 18 52 50 87 10 82 52 53 43 78 Generación 172
arranca 
Jugando Partidos contra vecino 0
Resultado 15
45232
Yo soy: 
21 56 -33 74 -24 89 84 50 18 52 50 87 10 82 52 53 43 78 El mejor fue: 0
21 56 -33 74 -24 89 84 50 18 52 50 87 50 82 52 53 43 78 Generación 171
arranca 
Jugando Partidos contra vecino 0
Resultado 11
29138.2
Yo soy: 
21 56 -33 74 -24 89 84 50 18 52 50 87 50 82 52 53 43 78 El mejor fue: 0
21 56 -33 74 -24 89 84 50 18 52 50 37 50 82 52 53 43 78 Generación 170
arranca 
Jugando Partidos contra vecino 0
Resultado 15
38831
Yo soy: 
21 56 -33 74 -24 89 84 50 18 52 50 37 50 82 52 53 43 78 El mejor fue: 0
21 56 -33 74 -24 89 84 50 18 52 50 37 50 82 52 53 3 78 Generación 169
arranca 
Jugando Partidos contra vecino 0
Resultado 13
45174.4
Yo soy: 
21 56 -33 74 -24 89 84 50 18 52 50 37 50 82 52 53 3 78 El mejor fue: 0
21 56 -33 24 -24 89 84 50 18 52 50 37 50 82 52 53 3 78 Generación 168
arranca 
Jugando Partidos contra vecino 0
Resultado 5
41522.9
Jugando Partidos contra vecino 1
Resultado 9
28675.4
Jugando Partidos contra vecino 2
Resultado 11
37213
Yo soy: 
21 56 -33 24 -24 89 84 50 18 52 50 37 50 82 52 53 3 78 El mejor fue: 2
21 56 -33 24 -24 89 84 50 18 52 50 37 50 32 52 53 3 78 Generación 167
arranca 
Jugando Partidos contra vecino 0
Resultado 11
37838.1
Yo soy: 
21 56 -33 24 -24 89 84 50 18 52 50 37 50 32 52 53 3 78 El mejor fue: 0
21 56 -33 24 -24 89 84 50 18 52 50 37 10 32 52 53 3 78 Generación 166
arranca 
Jugando Partidos contra vecino 0
Resultado 10
35331.2
Yo soy: 
21 56 -33 24 -24 89 84 50 18 52 50 37 10 32 52 53 3 78 El mejor fue: 0
21 56 -33 24 -24 89 84 50 18 52 50 37 10 32 52 53 -37 78 Generación 165
arranca 
Jugando Partidos contra vecino 0
Resultado 3
28226.7
Jugando Partidos contra vecino 1
Resultado 7
20347.4
Jugando Partidos contra vecino 2
Resultado 10
35004.5
Yo soy: 
21 56 -33 24 -24 89 84 50 18 52 50 37 10 32 52 53 -37 78 El mejor fue: 2
21 56 -33 64 -24 89 84 50 18 52 50 37 10 32 52 53 -37 78 Generación 164
arranca 
Jugando Partidos contra vecino 0
Resultado 8
29020.4
Jugando Partidos contra vecino 1
Resultado 11
30756.9
Yo soy: 
21 56 -33 64 -24 89 84 50 18 52 50 37 10 32 52 53 -37 78 El mejor fue: 1
21 56 -33 64 -24 89 84 50 18 92 50 37 10 32 52 53 -37 78 Generación 163
arranca 
Jugando Partidos contra vecino 0
Resultado 5
36824.6
Jugando Partidos contra vecino 1
Resultado 5
40136
Jugando Partidos contra vecino 2
Resultado 12
33642.1
Yo soy: 
21 56 -33 64 -24 89 84 50 18 92 50 37 10 32 52 53 -37 78 El mejor fue: 2
21 56 -33 64 -24 49 84 50 18 92 50 37 10 32 52 53 -37 78 Generación 162
arranca 
Jugando Partidos contra vecino 0
Resultado 11
25007.3
Yo soy: 
21 56 -33 64 -24 49 84 50 18 92 50 37 10 32 52 53 -37 78 El mejor fue: 0
21 56 -33 64 -24 49 34 50 18 92 50 37 10 32 52 53 -37 78 Generación 161
arranca 
Jugando Partidos contra vecino 0
Resultado 7
34746.7
Jugando Partidos contra vecino 1
Resultado 11
25393.7
Yo soy: 
21 56 -33 64 -24 49 34 50 18 92 50 37 10 32 52 53 -37 78 El mejor fue: 1
21 56 -33 64 -24 49 34 50 18 92 50 37 10 32 52 53 -77 78 Generación 160
arranca 
Jugando Partidos contra vecino 0
Resultado 5
25406.3
Jugando Partidos contra vecino 1
Resultado 4
22319.8
Jugando Partidos contra vecino 2
Resultado 3
20641.9
Jugando Partidos contra vecino 3
Resultado 7
18440.9
Jugando Partidos contra vecino 4
Resultado 4
17179.5
Jugando Partidos contra vecino 5
Resultado 8
28499.8
Jugando Partidos contra vecino 6
Resultado 6
27007
Jugando Partidos contra vecino 7
Resultado 7
36871.2
Jugando Partidos contra vecino 8
Resultado 4
18742.7
Jugando Partidos contra vecino 9
Resultado 4
27808.8
Jugando Partidos contra vecino 10
Resultado 5
19487.9
Jugando Partidos contra vecino 11
Resultado 6
25005.8
Jugando Partidos contra vecino 12
Resultado 3
15637.1
Jugando Partidos contra vecino 13
Resultado 6
20407.9
Jugando Partidos contra vecino 14
Resultado 13
31150.2
Yo soy: 
21 56 -33 64 -24 49 34 50 18 92 50 37 10 32 52 53 -77 78 El mejor fue: 14
21 56 -33 64 -24 49 34 50 18 92 50 37 10 32 52 93 -77 78 Generación 159
arranca 
Jugando Partidos contra vecino 0
Resultado 9
43580.2
Jugando Partidos contra vecino 1
Resultado 11
27158
Yo soy: 
21 56 -33 64 -24 49 34 50 18 92 50 37 10 32 52 93 -77 78 El mejor fue: 1
21 56 -33 64 16 49 34 50 18 92 50 37 10 32 52 93 -77 78 Generación 158
arranca 
Jugando Partidos contra vecino 0
Resultado 13
34628.3
Yo soy: 
21 56 -33 64 16 49 34 50 18 92 50 37 10 32 52 93 -77 78 El mejor fue: 0
21 56 -33 64 16 89 34 50 18 92 50 37 10 32 52 93 -77 78 Generación 157
arranca 
Jugando Partidos contra vecino 0
Resultado 4
16611.6
Jugando Partidos contra vecino 1
Resultado 5
24883.9
Jugando Partidos contra vecino 2
Resultado 11
29463.5
Yo soy: 
21 56 -33 64 16 89 34 50 18 92 50 37 10 32 52 93 -77 78 El mejor fue: 2
21 56 -33 64 56 89 34 50 18 92 50 37 10 32 52 93 -77 78 Generación 156
arranca 
Jugando Partidos contra vecino 0
Resultado 11
28118.9
Yo soy: 
21 56 -33 64 56 89 34 50 18 92 50 37 10 32 52 93 -77 78 El mejor fue: 0
21 56 -73 64 56 89 34 50 18 92 50 37 10 32 52 93 -77 78 Generación 155
arranca 
Jugando Partidos contra vecino 0
Resultado 11
28753.9
Yo soy: 
21 56 -73 64 56 89 34 50 18 92 50 37 10 32 52 93 -77 78 El mejor fue: 0
21 56 -73 64 56 89 34 50 18 42 50 37 10 32 52 93 -77 78 Generación 154
arranca 
Jugando Partidos contra vecino 0
Resultado 9
23346
Jugando Partidos contra vecino 1
Resultado 11
30945.7
Yo soy: 
21 56 -73 64 56 89 34 50 18 42 50 37 10 32 52 93 -77 78 El mejor fue: 1
21 56 -73 64 56 89 34 50 18 42 10 37 10 32 52 93 -77 78 Generación 153
arranca 
Jugando Partidos contra vecino 0
Resultado 9
22887.7
Jugando Partidos contra vecino 1
Resultado 5
27447.8
Jugando Partidos contra vecino 2
Resultado 13
32470.1
Yo soy: 
21 56 -73 64 56 89 34 50 18 42 10 37 10 32 52 93 -77 78 El mejor fue: 2
21 56 -73 64 56 89 34 50 18 42 10 37 10 32 12 93 -77 78 Generación 152
arranca 
Jugando Partidos contra vecino 0
Resultado 11
36211.5
Yo soy: 
21 56 -73 64 56 89 34 50 18 42 10 37 10 32 12 93 -77 78 El mejor fue: 0
21 16 -73 64 56 89 34 50 18 42 10 37 10 32 12 93 -77 78 Generación 151
arranca 
Jugando Partidos contra vecino 0
Resultado 13
52175.3
Yo soy: 
21 16 -73 64 56 89 34 50 18 42 10 37 10 32 12 93 -77 78 El mejor fue: 0
21 16 -73 14 56 89 34 50 18 42 10 37 10 32 12 93 -77 78 Generación 150
arranca 
Jugando Partidos contra vecino 0
Resultado 3
24452.5
Jugando Partidos contra vecino 1
Resultado 13
30752.6
Yo soy: 
21 16 -73 14 56 89 34 50 18 42 10 37 10 32 12 93 -77 78 El mejor fue: 1
21 16 -73 -26 56 89 34 50 18 42 10 37 10 32 12 93 -77 78 Generación 149
arranca 
Jugando Partidos contra vecino 0
Resultado 10
33521.5
Yo soy: 
21 16 -73 -26 56 89 34 50 18 42 10 37 10 32 12 93 -77 78 El mejor fue: 0
61 16 -73 -26 56 89 34 50 18 42 10 37 10 32 12 93 -77 78 Generación 148
arranca 
Jugando Partidos contra vecino 0
Resultado 5
39514.3
Jugando Partidos contra vecino 1
Resultado 9
36282.3
Jugando Partidos contra vecino 2
Resultado 5
43761.9
Jugando Partidos contra vecino 3
Resultado 7
25340.6
Jugando Partidos contra vecino 4
Resultado 13
38629.6
Yo soy: 
61 16 -73 -26 56 89 34 50 18 42 10 37 10 32 12 93 -77 78 El mejor fue: 4
61 16 -73 -26 56 89 34 50 18 42 10 37 50 32 12 93 -77 78 Generación 147
arranca 
Jugando Partidos contra vecino 0
Resultado 11
28621.1
Yo soy: 
61 16 -73 -26 56 89 34 50 18 42 10 37 50 32 12 93 -77 78 El mejor fue: 0
11 16 -73 -26 56 89 34 50 18 42 10 37 50 32 12 93 -77 78 Generación 146
arranca 
Jugando Partidos contra vecino 0
Resultado 1
18317.2
Jugando Partidos contra vecino 1
Resultado 11
33382.4
Yo soy: 
11 16 -73 -26 56 89 34 50 18 42 10 37 50 32 12 93 -77 78 El mejor fue: 1
11 16 -73 -26 16 89 34 50 18 42 10 37 50 32 12 93 -77 78 Generación 145
arranca 
Jugando Partidos contra vecino 0
Resultado 15
38024.2
Yo soy: 
11 16 -73 -26 16 89 34 50 18 42 10 37 50 32 12 93 -77 78 El mejor fue: 0
11 16 -33 -26 16 89 34 50 18 42 10 37 50 32 12 93 -77 78 Generación 144
arranca 
Jugando Partidos contra vecino 0
Resultado 15
37946.1
Yo soy: 
11 16 -33 -26 16 89 34 50 18 42 10 37 50 32 12 93 -77 78 El mejor fue: 0
11 16 -33 -26 16 89 34 50 -22 42 10 37 50 32 12 93 -77 78 Generación 143
arranca 
Jugando Partidos contra vecino 0
Resultado 11
32395.3
Yo soy: 
11 16 -33 -26 16 89 34 50 -22 42 10 37 50 32 12 93 -77 78 El mejor fue: 0
11 -24 -33 -26 16 89 34 50 -22 42 10 37 50 32 12 93 -77 78 Generación 142
arranca 
Jugando Partidos contra vecino 0
Resultado 12
28477.1
Yo soy: 
11 -24 -33 -26 16 89 34 50 -22 42 10 37 50 32 12 93 -77 78 El mejor fue: 0
11 -24 -33 -26 16 89 34 50 -22 42 10 37 50 32 12 93 -77 28 Generación 141
arranca 
Jugando Partidos contra vecino 0
Resultado 3
24728.8
Jugando Partidos contra vecino 1
Resultado 12
33691.9
Yo soy: 
11 -24 -33 -26 16 89 34 50 -22 42 10 37 50 32 12 93 -77 28 El mejor fue: 1
11 -24 -33 -26 16 89 34 50 -22 42 10 -3 50 32 12 93 -77 28 Generación 140
arranca 
Jugando Partidos contra vecino 0
Resultado 4
16012.1
Jugando Partidos contra vecino 1
Resultado 15
40388.8
Yo soy: 
11 -24 -33 -26 16 89 34 50 -22 42 10 -3 50 32 12 93 -77 28 El mejor fue: 1
11 -24 -33 -26 16 39 34 50 -22 42 10 -3 50 32 12 93 -77 28 Generación 139
arranca 
Jugando Partidos contra vecino 0
Resultado 15
40256.8
Yo soy: 
11 -24 -33 -26 16 39 34 50 -22 42 10 -3 50 32 12 93 -77 28 El mejor fue: 0
11 16 -33 -26 16 39 34 50 -22 42 10 -3 50 32 12 93 -77 28 Generación 138
arranca 
Jugando Partidos contra vecino 0
Resultado 10
37838.5
Yo soy: 
11 16 -33 -26 16 39 34 50 -22 42 10 -3 50 32 12 93 -77 28 El mejor fue: 0
11 16 -33 -26 16 39 34 50 18 42 10 -3 50 32 12 93 -77 28 Generación 137
arranca 
Jugando Partidos contra vecino 0
Resultado 15
41064.4
Yo soy: 
11 16 -33 -26 16 39 34 50 18 42 10 -3 50 32 12 93 -77 28 El mejor fue: 0
11 16 -33 -26 16 39 34 50 18 42 10 -3 50 32 12 93 -77 68 Generación 136
arranca 
Jugando Partidos contra vecino 0
Resultado 5
40037
Jugando Partidos contra vecino 1
Resultado 12
40628.2
Yo soy: 
11 16 -33 -26 16 39 34 50 18 42 10 -3 50 32 12 93 -77 68 El mejor fue: 1
11 16 -33 -26 16 39 34 90 18 42 10 -3 50 32 12 93 -77 68 Generación 135
arranca 
Jugando Partidos contra vecino 0
Resultado 13
37969.6
Yo soy: 
11 16 -33 -26 16 39 34 90 18 42 10 -3 50 32 12 93 -77 68 El mejor fue: 0
11 16 -33 -26 16 39 34 50 18 42 10 -3 50 32 12 93 -77 68 Generación 134
arranca 
Jugando Partidos contra vecino 0
Resultado 13
40093.2
Yo soy: 
11 16 -33 -26 16 39 34 50 18 42 10 -3 50 32 12 93 -77 68 El mejor fue: 0
11 16 -33 -26 16 39 34 50 18 42 10 -3 50 72 12 93 -77 68 Generación 133
arranca 
Jugando Partidos contra vecino 0
Resultado 15
43029.6
Yo soy: 
11 16 -33 -26 16 39 34 50 18 42 10 -3 50 72 12 93 -77 68 El mejor fue: 0
11 16 -33 -26 16 39 34 50 18 42 10 37 50 72 12 93 -77 68 Generación 132
arranca 
Jugando Partidos contra vecino 0
Resultado 15
39524.2
Yo soy: 
11 16 -33 -26 16 39 34 50 18 42 10 37 50 72 12 93 -77 68 El mejor fue: 0
11 16 -33 -26 16 39 34 50 18 42 10 37 50 72 12 93 -77 28 Generación 131
arranca 
Jugando Partidos contra vecino 0
Resultado 15
47520.8
Yo soy: 
11 16 -33 -26 16 39 34 50 18 42 10 37 50 72 12 93 -77 28 El mejor fue: 0
11 16 -33 14 16 39 34 50 18 42 10 37 50 72 12 93 -77 28 Generación 130
arranca 
Jugando Partidos contra vecino 0
Resultado 13
46855.7
Yo soy: 
11 16 -33 14 16 39 34 50 18 42 10 37 50 72 12 93 -77 28 El mejor fue: 0
11 16 -33 14 16 39 34 50 18 2 10 37 50 72 12 93 -77 28 Generación 129
arranca 
Jugando Partidos contra vecino 0
Resultado 11
38876.7
Yo soy: 
11 16 -33 14 16 39 34 50 18 2 10 37 50 72 12 93 -77 28 El mejor fue: 0
11 16 -33 14 16 39 34 50 18 2 10 -3 50 72 12 93 -77 28 Generación 128
arranca 
Jugando Partidos contra vecino 0
Resultado 15
45002
Yo soy: 
11 16 -33 14 16 39 34 50 18 2 10 -3 50 72 12 93 -77 28 El mejor fue: 0
11 16 -33 14 16 39 34 50 18 2 10 -3 50 72 52 93 -77 28 Generación 127
arranca 
Jugando Partidos contra vecino 0
Resultado 15
48869.1
Yo soy: 
11 16 -33 14 16 39 34 50 18 2 10 -3 50 72 52 93 -77 28 El mejor fue: 0
11 -24 -33 14 16 39 34 50 18 2 10 -3 50 72 52 93 -77 28 Generación 126
arranca 
Jugando Partidos contra vecino 0
Resultado 2
23290.5
Jugando Partidos contra vecino 1
Resultado 15
42087.2
Yo soy: 
11 -24 -33 14 16 39 34 50 18 2 10 -3 50 72 52 93 -77 28 El mejor fue: 1
11 -24 -73 14 16 39 34 50 18 2 10 -3 50 72 52 93 -77 28 Generación 125
arranca 
Jugando Partidos contra vecino 0
Resultado 13
42999.4
Yo soy: 
11 -24 -73 14 16 39 34 50 18 2 10 -3 50 72 52 93 -77 28 El mejor fue: 0
11 -24 -73 14 16 39 34 50 18 2 50 -3 50 72 52 93 -77 28 Generación 124
arranca 
Jugando Partidos contra vecino 0
Resultado 15
47696
Yo soy: 
11 -24 -73 14 16 39 34 50 18 2 50 -3 50 72 52 93 -77 28 El mejor fue: 0
11 -24 -73 14 16 39 34 50 -22 2 50 -3 50 72 52 93 -77 28 Generación 123
arranca 
Jugando Partidos contra vecino 0
Resultado 11
38411.5
Yo soy: 
11 -24 -73 14 16 39 34 50 -22 2 50 -3 50 72 52 93 -77 28 El mejor fue: 0
11 -24 -73 14 16 39 34 50 18 2 50 -3 50 72 52 93 -77 28 Generación 122
arranca 
Jugando Partidos contra vecino 0
Resultado 13
42475.5
Yo soy: 
11 -24 -73 14 16 39 34 50 18 2 50 -3 50 72 52 93 -77 28 El mejor fue: 0
11 -24 -73 14 16 39 34 50 18 2 50 -3 50 72 52 93 -27 28 Generación 121
arranca 
Jugando Partidos contra vecino 0
Resultado 4
21210.3
Jugando Partidos contra vecino 1
Resultado 13
48566.5
Yo soy: 
11 -24 -73 14 16 39 34 50 18 2 50 -3 50 72 52 93 -27 28 El mejor fue: 1
11 -24 -73 14 16 39 34 50 18 42 50 -3 50 72 52 93 -27 28 Generación 120
arranca 
Jugando Partidos contra vecino 0
Resultado 15
44374.3
Yo soy: 
11 -24 -73 14 16 39 34 50 18 42 50 -3 50 72 52 93 -27 28 El mejor fue: 0
11 -64 -73 14 16 39 34 50 18 42 50 -3 50 72 52 93 -27 28 Generación 119
arranca 
Jugando Partidos contra vecino 0
Resultado 13
38112.1
Yo soy: 
11 -64 -73 14 16 39 34 50 18 42 50 -3 50 72 52 93 -27 28 El mejor fue: 0
11 -64 -73 14 16 -1 34 50 18 42 50 -3 50 72 52 93 -27 28 Generación 118
arranca 
Jugando Partidos contra vecino 0
Resultado 13
44218.1
Yo soy: 
11 -64 -73 14 16 -1 34 50 18 42 50 -3 50 72 52 93 -27 28 El mejor fue: 0
11 -64 -73 14 16 -1 34 50 18 42 50 -3 50 72 92 93 -27 28 Generación 117
arranca 
Jugando Partidos contra vecino 0
Resultado 13
44361.7
Yo soy: 
11 -64 -73 14 16 -1 34 50 18 42 50 -3 50 72 92 93 -27 28 El mejor fue: 0
11 -64 -73 14 56 -1 34 50 18 42 50 -3 50 72 92 93 -27 28 Generación 116
arranca 
Jugando Partidos contra vecino 0
Resultado 5
27244.5
Jugando Partidos contra vecino 1
Resultado 15
39117.6
Yo soy: 
11 -64 -73 14 56 -1 34 50 18 42 50 -3 50 72 92 93 -27 28 El mejor fue: 1
11 -64 -73 54 56 -1 34 50 18 42 50 -3 50 72 92 93 -27 28 Generación 115
arranca 
Jugando Partidos contra vecino 0
Resultado 13
47257.8
Yo soy: 
11 -64 -73 54 56 -1 34 50 18 42 50 -3 50 72 92 93 -27 28 El mejor fue: 0
11 -64 -73 54 56 -1 34 50 18 42 50 -3 50 22 92 93 -27 28 Generación 114
arranca 
Jugando Partidos contra vecino 0
Resultado 9
32453.9
Jugando Partidos contra vecino 1
Resultado 6
28661.4
Jugando Partidos contra vecino 2
Resultado 13
43242.4
Yo soy: 
11 -64 -73 54 56 -1 34 50 18 42 50 -3 50 22 92 93 -27 28 El mejor fue: 2
11 -64 -73 54 56 -41 34 50 18 42 50 -3 50 22 92 93 -27 28 Generación 113
arranca 
Jugando Partidos contra vecino 0
Resultado 11
39845
Yo soy: 
11 -64 -73 54 56 -41 34 50 18 42 50 -3 50 22 92 93 -27 28 El mejor fue: 0
11 -64 -73 14 56 -41 34 50 18 42 50 -3 50 22 92 93 -27 28 Generación 112
arranca 
Jugando Partidos contra vecino 0
Resultado 12
36963.8
Yo soy: 
11 -64 -73 14 56 -41 34 50 18 42 50 -3 50 22 92 93 -27 28 El mejor fue: 0
11 -64 -73 54 56 -41 34 50 18 42 50 -3 50 22 92 93 -27 28 Generación 111
arranca 
Jugando Partidos contra vecino 0
Resultado 13
41682.1
Yo soy: 
11 -64 -73 54 56 -41 34 50 18 42 50 -3 50 22 92 93 -27 28 El mejor fue: 0
11 -64 -73 14 56 -41 34 50 18 42 50 -3 50 22 92 93 -27 28 Generación 110
arranca 
Jugando Partidos contra vecino 0
Resultado 13
42236.6
Yo soy: 
11 -64 -73 14 56 -41 34 50 18 42 50 -3 50 22 92 93 -27 28 El mejor fue: 0
11 -64 -73 14 56 -41 34 50 18 42 50 -3 50 22 92 93 13 28 Generación 109
arranca 
Jugando Partidos contra vecino 0
Resultado 7
50452.2
Jugando Partidos contra vecino 1
Resultado 13
44600.5
Yo soy: 
11 -64 -73 14 56 -41 34 50 18 42 50 -3 50 22 92 93 13 28 El mejor fue: 1
11 -64 -73 14 56 -41 34 50 18 42 50 -3 50 22 92 93 -27 28 Generación 108
arranca 
Jugando Partidos contra vecino 0
Resultado 11
37465.5
Yo soy: 
11 -64 -73 14 56 -41 34 50 18 42 50 -3 50 22 92 93 -27 28 El mejor fue: 0
51 -64 -73 14 56 -41 34 50 18 42 50 -3 50 22 92 93 -27 28 Generación 107
arranca 
Jugando Partidos contra vecino 0
Resultado 4
35460.4
Jugando Partidos contra vecino 1
Resultado 13
51058.1
Yo soy: 
51 -64 -73 14 56 -41 34 50 18 42 50 -3 50 22 92 93 -27 28 El mejor fue: 1
51 -64 -73 14 56 -41 34 90 18 42 50 -3 50 22 92 93 -27 28 Generación 106
arranca 
Jugando Partidos contra vecino 0
Resultado 5
42997.6
Jugando Partidos contra vecino 1
Resultado 7
44163.7
Jugando Partidos contra vecino 2
Resultado 13
48299.9
Yo soy: 
51 -64 -73 14 56 -41 34 90 18 42 50 -3 50 22 92 93 -27 28 El mejor fue: 2
51 -64 -73 14 56 -41 34 90 18 42 50 -3 90 22 92 93 -27 28 Generación 105
arranca 
Jugando Partidos contra vecino 0
Resultado 4
11271.2
Jugando Partidos contra vecino 1
Resultado 5
11737.5
Jugando Partidos contra vecino 2
Resultado 11
44180.7
Yo soy: 
51 -64 -73 14 56 -41 34 90 18 42 50 -3 90 22 92 93 -27 28 El mejor fue: 2
91 -64 -73 14 56 -41 34 90 18 42 50 -3 90 22 92 93 -27 28 Generación 104
arranca 
Jugando Partidos contra vecino 0
Resultado 5
50289.8
Jugando Partidos contra vecino 1
Resultado 5
34687.8
Jugando Partidos contra vecino 2
Resultado 15
52134.3
Yo soy: 
91 -64 -73 14 56 -41 34 90 18 42 50 -3 90 22 92 93 -27 28 El mejor fue: 2
91 -64 -73 14 56 -81 34 90 18 42 50 -3 90 22 92 93 -27 28 Generación 103
arranca 
Jugando Partidos contra vecino 0
Resultado 13
47047.8
Yo soy: 
91 -64 -73 14 56 -81 34 90 18 42 50 -3 90 22 92 93 -27 28 El mejor fue: 0
91 -64 -73 14 56 -81 34 90 18 42 50 -3 90 22 92 93 -27 68 Generación 102
arranca 
Jugando Partidos contra vecino 0
Resultado 5
24988.2
Jugando Partidos contra vecino 1
Resultado 13
36610.9
Yo soy: 
91 -64 -73 14 56 -81 34 90 18 42 50 -3 90 22 92 93 -27 68 El mejor fue: 1
91 -64 -73 14 56 -81 34 90 18 42 50 37 90 22 92 93 -27 68 Generación 101
arranca 
Jugando Partidos contra vecino 0
Resultado 13
32990.3
Yo soy: 
91 -64 -73 14 56 -81 34 90 18 42 50 37 90 22 92 93 -27 68 El mejor fue: 0
91 -64 -33 14 56 -81 34 90 18 42 50 37 90 22 92 93 -27 68 Generación 100
arranca 
Jugando Partidos contra vecino 0
Resultado 7
32951.2
Jugando Partidos contra vecino 1
Resultado 11
30337.5
Yo soy: 
91 -64 -33 14 56 -81 34 90 18 42 50 37 90 22 92 93 -27 68 El mejor fue: 1
91 -24 -33 14 56 -81 34 90 18 42 50 37 90 22 92 93 -27 68 Generación 99
arranca 
Jugando Partidos contra vecino 0
Resultado 13
43380.8
Yo soy: 
91 -24 -33 14 56 -81 34 90 18 42 50 37 90 22 92 93 -27 68 El mejor fue: 0
91 -24 -73 14 56 -81 34 90 18 42 50 37 90 22 92 93 -27 68 Generación 98
arranca 
Jugando Partidos contra vecino 0
Resultado 7
31406
Jugando Partidos contra vecino 1
Resultado 9
31902.3
Jugando Partidos contra vecino 2
Resultado 5
28052.4
Jugando Partidos contra vecino 3
Resultado 7
31121.4
Jugando Partidos contra vecino 4
Resultado 7
29674.8
Jugando Partidos contra vecino 5
Resultado 4
15674.9
Jugando Partidos contra vecino 6
Resultado 5
30819.8
Jugando Partidos contra vecino 7
Resultado 7
32224.1
Jugando Partidos contra vecino 8
Resultado 7
31548.7
Jugando Partidos contra vecino 9
Resultado 7
51520.9
Jugando Partidos contra vecino 10
Resultado 7
28960.8
Jugando Partidos contra vecino 11
Resultado 5
28460.6
Jugando Partidos contra vecino 12
Resultado 9
33806.3
Jugando Partidos contra vecino 13
Resultado 9
31968.4
Jugando Partidos contra vecino 14
Resultado 9
36816.6
Jugando Partidos contra vecino 15
Resultado 5
11385
Jugando Partidos contra vecino 16
Resultado 7
33232.7
Jugando Partidos contra vecino 17
Resultado 5
29107
Jugando Partidos contra vecino 18
Resultado 7
33185.3
Jugando Partidos contra vecino 19
Resultado 5
30877
Jugando Partidos contra vecino 20
Resultado 7
30203.3
Jugando Partidos contra vecino 21
Resultado 5
29836.1
Jugando Partidos contra vecino 22
Resultado 15
40759.4
Yo soy: 
91 -24 -73 14 56 -81 34 90 18 42 50 37 90 22 92 93 -27 68 El mejor fue: 22
91 -24 -73 14 56 -81 34 90 18 42 50 37 90 62 92 93 -27 68 Generación 97
arranca 
Jugando Partidos contra vecino 0
Resultado 15
47550
Yo soy: 
91 -24 -73 14 56 -81 34 90 18 42 50 37 90 62 92 93 -27 68 El mejor fue: 0
91 -24 -73 14 56 -81 34 90 18 2 50 37 90 62 92 93 -27 68 Generación 96
arranca 
Jugando Partidos contra vecino 0
Resultado 8
25667.5
Jugando Partidos contra vecino 1
Resultado 9
28085.1
Jugando Partidos contra vecino 2
Resultado 11
36231.3
Yo soy: 
91 -24 -73 14 56 -81 34 90 18 2 50 37 90 62 92 93 -27 68 El mejor fue: 2
91 -24 -73 14 56 -81 34 90 18 2 50 37 90 62 92 93 -27 28 Generación 95
arranca 
Jugando Partidos contra vecino 0
Resultado 11
26689.4
Yo soy: 
91 -24 -73 14 56 -81 34 90 18 2 50 37 90 62 92 93 -27 28 El mejor fue: 0
91 -24 -73 14 56 -81 34 90 18 2 50 37 50 62 92 93 -27 28 Generación 94
arranca 
Jugando Partidos contra vecino 0
Resultado 10
27880.7
Yo soy: 
91 -24 -73 14 56 -81 34 90 18 2 50 37 50 62 92 93 -27 28 El mejor fue: 0
91 -24 -73 -26 56 -81 34 90 18 2 50 37 50 62 92 93 -27 28 Generación 93
arranca 
Jugando Partidos contra vecino 0
Resultado 7
20510.1
Jugando Partidos contra vecino 1
Resultado 5
31706.5
Jugando Partidos contra vecino 2
Resultado 8
25196.4
Jugando Partidos contra vecino 3
Resultado 8
24601.2
Jugando Partidos contra vecino 4
Resultado 12
35585.4
Yo soy: 
91 -24 -73 -26 56 -81 34 90 18 2 50 37 50 62 92 93 -27 28 El mejor fue: 4
91 -24 -73 -26 56 -81 34 90 18 2 90 37 50 62 92 93 -27 28 Generación 92
arranca 
Jugando Partidos contra vecino 0
Resultado 4
30029.6
Jugando Partidos contra vecino 1
Resultado 7
21659.9
Jugando Partidos contra vecino 2
Resultado 9
22847.7
Jugando Partidos contra vecino 3
Resultado 5
11908
Jugando Partidos contra vecino 4
Resultado 11
32428.6
Yo soy: 
91 -24 -73 -26 56 -81 34 90 18 2 90 37 50 62 92 93 -27 28 El mejor fue: 4
91 -24 -33 -26 56 -81 34 90 18 2 90 37 50 62 92 93 -27 28 Generación 91
arranca 
Jugando Partidos contra vecino 0
Resultado 7
25658.5
Jugando Partidos contra vecino 1
Resultado 8
25318.6
Jugando Partidos contra vecino 2
Resultado 11
24087.2
Yo soy: 
91 -24 -33 -26 56 -81 34 90 18 2 90 37 50 62 92 93 -27 28 El mejor fue: 2
91 -24 -33 -26 56 -81 34 40 18 2 90 37 50 62 92 93 -27 28 Generación 90
arranca 
Jugando Partidos contra vecino 0
Resultado 9
29021.8
Jugando Partidos contra vecino 1
Resultado 3
14888.9
Jugando Partidos contra vecino 2
Resultado 9
29859.6
Jugando Partidos contra vecino 3
Resultado 9
35140.2
Jugando Partidos contra vecino 4
Resultado 8
30381
Jugando Partidos contra vecino 5
Resultado 8
18068.9
Jugando Partidos contra vecino 6
Resultado 13
37908.9
Yo soy: 
91 -24 -33 -26 56 -81 34 40 18 2 90 37 50 62 92 93 -27 28 El mejor fue: 6
41 -24 -33 -26 56 -81 34 40 18 2 90 37 50 62 92 93 -27 28 Generación 89
arranca 
Jugando Partidos contra vecino 0
Resultado 13
36698.5
Yo soy: 
41 -24 -33 -26 56 -81 34 40 18 2 90 37 50 62 92 93 -27 28 El mejor fue: 0
41 -24 -33 -26 56 -81 34 40 18 2 90 -3 50 62 92 93 -27 28 Generación 88
arranca 
Jugando Partidos contra vecino 0
Resultado 15
44601.8
Yo soy: 
41 -24 -33 -26 56 -81 34 40 18 2 90 -3 50 62 92 93 -27 28 El mejor fue: 0
41 -24 -33 -26 56 -81 34 40 18 2 90 -3 50 12 92 93 -27 28 Generación 87
arranca 
Jugando Partidos contra vecino 0
Resultado 5
55017.1
Jugando Partidos contra vecino 1
Resultado 11
29768.3
Yo soy: 
41 -24 -33 -26 56 -81 34 40 18 2 90 -3 50 12 92 93 -27 28 El mejor fue: 1
41 -24 -33 -26 56 -81 34 40 18 2 40 -3 50 12 92 93 -27 28 Generación 86
arranca 
Jugando Partidos contra vecino 0
Resultado 9
43000.3
Jugando Partidos contra vecino 1
Resultado 5
39048.3
Jugando Partidos contra vecino 2
Resultado 9
39882.1
Jugando Partidos contra vecino 3
Resultado 9
44638.4
Jugando Partidos contra vecino 4
Resultado 9
45250.1
Jugando Partidos contra vecino 5
Resultado 13
42940.7
Yo soy: 
41 -24 -33 -26 56 -81 34 40 18 2 40 -3 50 12 92 93 -27 28 El mejor fue: 5
41 -24 -33 -26 16 -81 34 40 18 2 40 -3 50 12 92 93 -27 28 Generación 85
arranca 
Jugando Partidos contra vecino 0
Resultado 5
28043.4
Jugando Partidos contra vecino 1
Resultado 9
37160.6
Jugando Partidos contra vecino 2
Resultado 9
33786.8
Jugando Partidos contra vecino 3
Resultado 11
43198.7
Yo soy: 
41 -24 -33 -26 16 -81 34 40 18 2 40 -3 50 12 92 93 -27 28 El mejor fue: 3
41 -24 -33 -26 16 -81 34 40 18 2 40 -3 50 12 92 93 -67 28 Generación 84
arranca 
Jugando Partidos contra vecino 0
Resultado 11
45351.9
Yo soy: 
41 -24 -33 -26 16 -81 34 40 18 2 40 -3 50 12 92 93 -67 28 El mejor fue: 0
41 -24 -33 -26 16 -81 34 40 18 2 80 -3 50 12 92 93 -67 28 Generación 83
arranca 
Jugando Partidos contra vecino 0
Resultado 10
38722.4
Yo soy: 
41 -24 -33 -26 16 -81 34 40 18 2 80 -3 50 12 92 93 -67 28 El mejor fue: 0
41 -24 -33 -26 16 -81 34 40 18 -38 80 -3 50 12 92 93 -67 28 Generación 82
arranca 
Jugando Partidos contra vecino 0
Resultado 15
42835.5
Yo soy: 
41 -24 -33 -26 16 -81 34 40 18 -38 80 -3 50 12 92 93 -67 28 El mejor fue: 0
41 -24 -33 -26 16 -81 34 40 18 -38 80 -3 50 12 92 93 -17 28 Generación 81
arranca 
Jugando Partidos contra vecino 0
Resultado 13
38459.2
Yo soy: 
41 -24 -33 -26 16 -81 34 40 18 -38 80 -3 50 12 92 93 -17 28 El mejor fue: 0
41 -24 7 -26 16 -81 34 40 18 -38 80 -3 50 12 92 93 -17 28 Generación 80
arranca 
Jugando Partidos contra vecino 0
Resultado 9
36107.1
Jugando Partidos contra vecino 1
Resultado 4
17338.2
Jugando Partidos contra vecino 2
Resultado 5
30515.2
Jugando Partidos contra vecino 3
Resultado 9
30206.7
Jugando Partidos contra vecino 4
Resultado 9
35568.1
Jugando Partidos contra vecino 5
Resultado 11
32981.6
Yo soy: 
41 -24 7 -26 16 -81 34 40 18 -38 80 -3 50 12 92 93 -17 28 El mejor fue: 5
41 -24 47 -26 16 -81 34 40 18 -38 80 -3 50 12 92 93 -17 28 Generación 79
arranca 
Jugando Partidos contra vecino 0
Resultado 4
42408.1
Jugando Partidos contra vecino 1
Resultado 5
27379.5
Jugando Partidos contra vecino 2
Resultado 9
38768.9
Jugando Partidos contra vecino 3
Resultado 5
53373.2
Jugando Partidos contra vecino 4
Resultado 13
38418
Yo soy: 
41 -24 47 -26 16 -81 34 40 18 -38 80 -3 50 12 92 93 -17 28 El mejor fue: 4
41 -24 47 -26 16 -81 34 40 18 2 80 -3 50 12 92 93 -17 28 Generación 78
arranca 
Jugando Partidos contra vecino 0
Resultado 15
38397.4
Yo soy: 
41 -24 47 -26 16 -81 34 40 18 2 80 -3 50 12 92 93 -17 28 El mejor fue: 0
41 -24 47 -26 16 -81 34 40 -22 2 80 -3 50 12 92 93 -17 28 Generación 77
arranca 
Jugando Partidos contra vecino 0
Resultado 11
30080.5
Yo soy: 
41 -24 47 -26 16 -81 34 40 -22 2 80 -3 50 12 92 93 -17 28 El mejor fue: 0
41 -24 87 -26 16 -81 34 40 -22 2 80 -3 50 12 92 93 -17 28 Generación 76
arranca 
Jugando Partidos contra vecino 0
Resultado 5
12028.6
Jugando Partidos contra vecino 1
Resultado 5
19974.7
Jugando Partidos contra vecino 2
Resultado 9
23538.5
Jugando Partidos contra vecino 3
Resultado 13
26956
Yo soy: 
41 -24 87 -26 16 -81 34 40 -22 2 80 -3 50 12 92 93 -17 28 El mejor fue: 3
41 -24 87 -26 16 -81 34 40 -22 2 80 -3 50 12 42 93 -17 28 Generación 75
arranca 
Jugando Partidos contra vecino 0
Resultado 5
12172.6
Jugando Partidos contra vecino 1
Resultado 5
23348
Jugando Partidos contra vecino 2
Resultado 5
30273.5
Jugando Partidos contra vecino 3
Resultado 11
21213.6
Yo soy: 
41 -24 87 -26 16 -81 34 40 -22 2 80 -3 50 12 42 93 -17 28 El mejor fue: 3
41 -24 87 -26 -24 -81 34 40 -22 2 80 -3 50 12 42 93 -17 28 Generación 74
arranca 
Jugando Partidos contra vecino 0
Resultado 13
26251.7
Yo soy: 
41 -24 87 -26 -24 -81 34 40 -22 2 80 -3 50 12 42 93 -17 28 El mejor fue: 0
41 -24 37 -26 -24 -81 34 40 -22 2 80 -3 50 12 42 93 -17 28 Generación 73
arranca 
Jugando Partidos contra vecino 0
Resultado 11
34556.2
Yo soy: 
41 -24 37 -26 -24 -81 34 40 -22 2 80 -3 50 12 42 93 -17 28 El mejor fue: 0
41 -24 37 -26 -24 -81 34 40 -22 42 80 -3 50 12 42 93 -17 28 Generación 72
arranca 
Jugando Partidos contra vecino 0
Resultado 11
30935.8
Yo soy: 
41 -24 37 -26 -24 -81 34 40 -22 42 80 -3 50 12 42 93 -17 28 El mejor fue: 0
41 -24 37 -26 -24 -31 34 40 -22 42 80 -3 50 12 42 93 -17 28 Generación 71
arranca 
Jugando Partidos contra vecino 0
Resultado 5
29951
Jugando Partidos contra vecino 1
Resultado 11
39478
Yo soy: 
41 -24 37 -26 -24 -31 34 40 -22 42 80 -3 50 12 42 93 -17 28 El mejor fue: 1
41 -24 37 -26 -24 -31 34 40 -22 42 40 -3 50 12 42 93 -17 28 Generación 70
arranca 
Jugando Partidos contra vecino 0
Resultado 13
38386.7
Yo soy: 
41 -24 37 -26 -24 -31 34 40 -22 42 40 -3 50 12 42 93 -17 28 El mejor fue: 0
41 -24 37 -66 -24 -31 34 40 -22 42 40 -3 50 12 42 93 -17 28 Generación 69
arranca 
Jugando Partidos contra vecino 0
Resultado 9
38139
Jugando Partidos contra vecino 1
Resultado 7
30207.6
Jugando Partidos contra vecino 2
Resultado 8
30267.1
Jugando Partidos contra vecino 3
Resultado 9
29435.9
Jugando Partidos contra vecino 4
Resultado 7
31748.2
Jugando Partidos contra vecino 5
Resultado 11
41230.2
Yo soy: 
41 -24 37 -66 -24 -31 34 40 -22 42 40 -3 50 12 42 93 -17 28 El mejor fue: 5
41 -24 37 -66 -24 -31 34 40 18 42 40 -3 50 12 42 93 -17 28 Generación 68
arranca 
Jugando Partidos contra vecino 0
Resultado 9
39232.7
Jugando Partidos contra vecino 1
Resultado 7
41636
Jugando Partidos contra vecino 2
Resultado 9
42730
Jugando Partidos contra vecino 3
Resultado 7
29004.3
Jugando Partidos contra vecino 4
Resultado 10
41169.1
Yo soy: 
41 -24 37 -66 -24 -31 34 40 18 42 40 -3 50 12 42 93 -17 28 El mejor fue: 4
41 -24 37 -66 -24 -31 34 40 18 42 40 -3 50 12 2 93 -17 28 Generación 67
arranca 
Jugando Partidos contra vecino 0
Resultado 5
40795.1
Jugando Partidos contra vecino 1
Resultado 13
44181.9
Yo soy: 
41 -24 37 -66 -24 -31 34 40 18 42 40 -3 50 12 2 93 -17 28 El mejor fue: 1
41 -24 37 -66 -24 -71 34 40 18 42 40 -3 50 12 2 93 -17 28 Generación 66
arranca 
Jugando Partidos contra vecino 0
Resultado 7
41159.2
Jugando Partidos contra vecino 1
Resultado 11
39318.7
Yo soy: 
41 -24 37 -66 -24 -71 34 40 18 42 40 -3 50 12 2 93 -17 28 El mejor fue: 1
41 -24 37 -66 -24 -71 74 40 18 42 40 -3 50 12 2 93 -17 28 Generación 65
arranca 
Jugando Partidos contra vecino 0
Resultado 9
32546.6
Jugando Partidos contra vecino 1
Resultado 11
45336.6
Yo soy: 
41 -24 37 -66 -24 -71 74 40 18 42 40 -3 50 12 2 93 -17 28 El mejor fue: 1
41 -24 37 -66 -24 -71 74 40 18 42 40 -3 90 12 2 93 -17 28 Generación 64
arranca 
Jugando Partidos contra vecino 0
Resultado 5
43069.4
Jugando Partidos contra vecino 1
Resultado 7
36913
Jugando Partidos contra vecino 2
Resultado 13
24887.8
Yo soy: 
41 -24 37 -66 -24 -71 74 40 18 42 40 -3 90 12 2 93 -17 28 El mejor fue: 2
41 16 37 -66 -24 -71 74 40 18 42 40 -3 90 12 2 93 -17 28 Generación 63
arranca 
Jugando Partidos contra vecino 0
Resultado 15
19797.2
Yo soy: 
41 16 37 -66 -24 -71 74 40 18 42 40 -3 90 12 2 93 -17 28 El mejor fue: 0
41 16 37 -66 -24 -71 74 40 18 2 40 -3 90 12 2 93 -17 28 Generación 62
arranca 
Jugando Partidos contra vecino 0
Resultado 15
19409.7
Yo soy: 
41 16 37 -66 -24 -71 74 40 18 2 40 -3 90 12 2 93 -17 28 El mejor fue: 0
41 16 37 -66 -24 -71 74 40 -22 2 40 -3 90 12 2 93 -17 28 Generación 61
arranca 
Jugando Partidos contra vecino 0
Resultado 15
19115.2
Yo soy: 
41 16 37 -66 -24 -71 74 40 -22 2 40 -3 90 12 2 93 -17 28 El mejor fue: 0
41 16 37 -66 -24 -21 74 40 -22 2 40 -3 90 12 2 93 -17 28 Generación 60
arranca 
Jugando Partidos contra vecino 0
Resultado 15
21065.1
Yo soy: 
41 16 37 -66 -24 -21 74 40 -22 2 40 -3 90 12 2 93 -17 28 El mejor fue: 0
41 16 37 -66 -24 -21 24 40 -22 2 40 -3 90 12 2 93 -17 28 Generación 59
arranca 
Jugando Partidos contra vecino 0
Resultado 15
22182
Yo soy: 
41 16 37 -66 -24 -21 24 40 -22 2 40 -3 90 12 2 93 -17 28 El mejor fue: 0
41 16 37 -66 -24 -21 24 80 -22 2 40 -3 90 12 2 93 -17 28 Generación 58
arranca 
Jugando Partidos contra vecino 0
Resultado 15
19065.2
Yo soy: 
41 16 37 -66 -24 -21 24 80 -22 2 40 -3 90 12 2 93 -17 28 El mejor fue: 0
41 16 37 -66 -24 -21 24 80 -22 2 40 -3 90 12 2 93 -17 -12 Generación 57
arranca 
Jugando Partidos contra vecino 0
Resultado 9
32128.1
Jugando Partidos contra vecino 1
Resultado 13
21326.1
Yo soy: 
41 16 37 -66 -24 -21 24 80 -22 2 40 -3 90 12 2 93 -17 -12 El mejor fue: 1
41 16 37 -66 -24 -21 24 80 -22 2 40 -3 90 12 -38 93 -17 -12 Generación 56
arranca 
Jugando Partidos contra vecino 0
Resultado 9
19871.9
Jugando Partidos contra vecino 1
Resultado 13
21295.1
Yo soy: 
41 16 37 -66 -24 -21 24 80 -22 2 40 -3 90 12 -38 93 -17 -12 El mejor fue: 1
41 16 37 -66 -24 -21 24 80 -22 2 40 -3 90 -28 -38 93 -17 -12 Generación 55
arranca 
Jugando Partidos contra vecino 0
Resultado 15
39758.6
Yo soy: 
41 16 37 -66 -24 -21 24 80 -22 2 40 -3 90 -28 -38 93 -17 -12 El mejor fue: 0
41 16 -3 -66 -24 -21 24 80 -22 2 40 -3 90 -28 -38 93 -17 -12 Generación 54
arranca 
Jugando Partidos contra vecino 0
Resultado 5
43319.3
Jugando Partidos contra vecino 1
Resultado 15
32389.4
Yo soy: 
41 16 -3 -66 -24 -21 24 80 -22 2 40 -3 90 -28 -38 93 -17 -12 El mejor fue: 1
41 16 -3 -66 -24 -21 24 80 18 2 40 -3 90 -28 -38 93 -17 -12 Generación 53
arranca 
Jugando Partidos contra vecino 0
Resultado 15
36600.4
Yo soy: 
41 16 -3 -66 -24 -21 24 80 18 2 40 -3 90 -28 -38 93 -17 -12 El mejor fue: 0
41 16 -3 -66 -24 -21 24 80 -22 2 40 -3 90 -28 -38 93 -17 -12 Generación 52
arranca 
Jugando Partidos contra vecino 0
Resultado 11
33903.9
Yo soy: 
41 16 -3 -66 -24 -21 24 80 -22 2 40 -3 90 -28 -38 93 -17 -12 El mejor fue: 0
41 16 -3 -66 -24 -21 24 80 -22 2 40 -3 90 -28 2 93 -17 -12 Generación 51
arranca 
Jugando Partidos contra vecino 0
Resultado 11
32015.8
Yo soy: 
41 16 -3 -66 -24 -21 24 80 -22 2 40 -3 90 -28 2 93 -17 -12 El mejor fue: 0
41 16 -3 -66 -24 -21 24 80 -62 2 40 -3 90 -28 2 93 -17 -12 Generación 50
arranca 
Jugando Partidos contra vecino 0
Resultado 15
42410.8
Yo soy: 
41 16 -3 -66 -24 -21 24 80 -62 2 40 -3 90 -28 2 93 -17 -12 El mejor fue: 0
41 16 -43 -66 -24 -21 24 80 -62 2 40 -3 90 -28 2 93 -17 -12 Generación 49
arranca 
Jugando Partidos contra vecino 0
Resultado 15
41513.6
Yo soy: 
41 16 -43 -66 -24 -21 24 80 -62 2 40 -3 90 -28 2 93 -17 -12 El mejor fue: 0
41 16 -43 -66 -24 -21 24 30 -62 2 40 -3 90 -28 2 93 -17 -12 Generación 48
arranca 
Jugando Partidos contra vecino 0
Resultado 5
46578
Jugando Partidos contra vecino 1
Resultado 15
35242.8
Yo soy: 
41 16 -43 -66 -24 -21 24 30 -62 2 40 -3 90 -28 2 93 -17 -12 El mejor fue: 1
41 16 -3 -66 -24 -21 24 30 -62 2 40 -3 90 -28 2 93 -17 -12 Generación 47
arranca 
Jugando Partidos contra vecino 0
Resultado 11
31691.5
Yo soy: 
41 16 -3 -66 -24 -21 24 30 -62 2 40 -3 90 -28 2 93 -17 -12 El mejor fue: 0
41 16 -3 -66 -24 -21 24 30 -62 2 40 -3 90 -28 2 93 -17 28 Generación 46
arranca 
Jugando Partidos contra vecino 0
Resultado 11
33585.1
Yo soy: 
41 16 -3 -66 -24 -21 24 30 -62 2 40 -3 90 -28 2 93 -17 28 El mejor fue: 0
41 16 -3 -66 -24 -21 24 30 -62 2 40 -3 90 -28 2 93 -17 -12 Generación 45
arranca 
Jugando Partidos contra vecino 0
Resultado 13
31682.9
Yo soy: 
41 16 -3 -66 -24 -21 24 30 -62 2 40 -3 90 -28 2 93 -17 -12 El mejor fue: 0
41 16 -3 -66 -24 -21 24 30 -62 2 40 -3 90 -28 2 93 23 -12 Generación 44
arranca 
Jugando Partidos contra vecino 0
Resultado 15
39380
Yo soy: 
41 16 -3 -66 -24 -21 24 30 -62 2 40 -3 90 -28 2 93 23 -12 El mejor fue: 0
41 16 -43 -66 -24 -21 24 30 -62 2 40 -3 90 -28 2 93 23 -12 Generación 43
arranca 
Jugando Partidos contra vecino 0
Resultado 13
36288.1
Yo soy: 
41 16 -43 -66 -24 -21 24 30 -62 2 40 -3 90 -28 2 93 23 -12 El mejor fue: 0
41 16 -43 -66 -24 -61 24 30 -62 2 40 -3 90 -28 2 93 23 -12 Generación 42
arranca 
Jugando Partidos contra vecino 0
Resultado 11
30574.6
Yo soy: 
41 16 -43 -66 -24 -61 24 30 -62 2 40 -3 90 -28 2 93 23 -12 El mejor fue: 0
41 16 -3 -66 -24 -61 24 30 -62 2 40 -3 90 -28 2 93 23 -12 Generación 41
arranca 
Jugando Partidos contra vecino 0
Resultado 15
36514.2
Yo soy: 
41 16 -3 -66 -24 -61 24 30 -62 2 40 -3 90 -28 2 93 23 -12 El mejor fue: 0
41 16 -3 -66 -24 -61 24 30 -22 2 40 -3 90 -28 2 93 23 -12 Generación 40
arranca 
Jugando Partidos contra vecino 0
Resultado 15
27697.5
Yo soy: 
41 16 -3 -66 -24 -61 24 30 -22 2 40 -3 90 -28 2 93 23 -12 El mejor fue: 0
41 16 37 -66 -24 -61 24 30 -22 2 40 -3 90 -28 2 93 23 -12 Generación 39
arranca 
Jugando Partidos contra vecino 0
Resultado 15
27640.4
Yo soy: 
41 16 37 -66 -24 -61 24 30 -22 2 40 -3 90 -28 2 93 23 -12 El mejor fue: 0
41 16 37 -66 -24 -61 24 30 -22 2 40 -3 90 -28 -38 93 23 -12 Generación 38
arranca 
Jugando Partidos contra vecino 0
Resultado 15
27907.9
Yo soy: 
41 16 37 -66 -24 -61 24 30 -22 2 40 -3 90 -28 -38 93 23 -12 El mejor fue: 0
41 16 37 -26 -24 -61 24 30 -22 2 40 -3 90 -28 -38 93 23 -12 Generación 37
arranca 
Jugando Partidos contra vecino 0
Resultado 15
26803.7
Yo soy: 
41 16 37 -26 -24 -61 24 30 -22 2 40 -3 90 -28 -38 93 23 -12 El mejor fue: 0
41 16 37 -26 -24 -61 24 30 -22 2 40 -3 90 -28 -38 93 -17 -12 Generación 36
arranca 
Jugando Partidos contra vecino 0
Resultado 15
27701.7
Yo soy: 
41 16 37 -26 -24 -61 24 30 -22 2 40 -3 90 -28 -38 93 -17 -12 El mejor fue: 0
41 16 37 -26 -24 -61 24 30 -22 42 40 -3 90 -28 -38 93 -17 -12 Generación 35
arranca 
Jugando Partidos contra vecino 0
Resultado 5
16816.7
Jugando Partidos contra vecino 1
Resultado 11
19514.7
Yo soy: 
41 16 37 -26 -24 -61 24 30 -22 42 40 -3 90 -28 -38 93 -17 -12 El mejor fue: 1
41 16 37 14 -24 -61 24 30 -22 42 40 -3 90 -28 -38 93 -17 -12 Generación 34
arranca 
Jugando Partidos contra vecino 0
Resultado 5
12573.6
Jugando Partidos contra vecino 1
Resultado 13
26567.9
Yo soy: 
41 16 37 14 -24 -61 24 30 -22 42 40 -3 90 -28 -38 93 -17 -12 El mejor fue: 1
41 16 37 14 -24 -61 24 30 -22 2 40 -3 90 -28 -38 93 -17 -12 Generación 33
arranca 
Jugando Partidos contra vecino 0
Resultado 13
35261.2
Yo soy: 
41 16 37 14 -24 -61 24 30 -22 2 40 -3 90 -28 -38 93 -17 -12 El mejor fue: 0
41 16 -3 14 -24 -61 24 30 -22 2 40 -3 90 -28 -38 93 -17 -12 Generación 32
arranca 
Jugando Partidos contra vecino 0
Resultado 11
48127
Yo soy: 
41 16 -3 14 -24 -61 24 30 -22 2 40 -3 90 -28 -38 93 -17 -12 El mejor fue: 0
41 16 -3 14 -64 -61 24 30 -22 2 40 -3 90 -28 -38 93 -17 -12 Generación 31
arranca 
Jugando Partidos contra vecino 0
Resultado 15
35020.2
Yo soy: 
41 16 -3 14 -64 -61 24 30 -22 2 40 -3 90 -28 -38 93 -17 -12 El mejor fue: 0
41 16 37 14 -64 -61 24 30 -22 2 40 -3 90 -28 -38 93 -17 -12 Generación 30
arranca 
Jugando Partidos contra vecino 0
Resultado 5
10455.5
Jugando Partidos contra vecino 1
Resultado 5
12996.2
Jugando Partidos contra vecino 2
Resultado 15
26902.2
Yo soy: 
41 16 37 14 -64 -61 24 30 -22 2 40 -3 90 -28 -38 93 -17 -12 El mejor fue: 2
41 16 37 -26 -64 -61 24 30 -22 2 40 -3 90 -28 -38 93 -17 -12 Generación 29
arranca 
Jugando Partidos contra vecino 0
Resultado 13
25852.8
Yo soy: 
41 16 37 -26 -64 -61 24 30 -22 2 40 -3 90 -28 -38 93 -17 -12 El mejor fue: 0
41 16 37 14 -64 -61 24 30 -22 2 40 -3 90 -28 -38 93 -17 -12 Generación 28
arranca 
Jugando Partidos contra vecino 0
Resultado 5
13420.2
Jugando Partidos contra vecino 1
Resultado 15
47904
Yo soy: 
41 16 37 14 -64 -61 24 30 -22 2 40 -3 90 -28 -38 93 -17 -12 El mejor fue: 1
41 16 -3 14 -64 -61 24 30 -22 2 40 -3 90 -28 -38 93 -17 -12 Generación 27
arranca 
Jugando Partidos contra vecino 0
Resultado 15
44418.8
Yo soy: 
41 16 -3 14 -64 -61 24 30 -22 2 40 -3 90 -28 -38 93 -17 -12 El mejor fue: 0
41 16 -3 14 -14 -61 24 30 -22 2 40 -3 90 -28 -38 93 -17 -12 Generación 26
arranca 
Jugando Partidos contra vecino 0
Resultado 13
45856.7
Yo soy: 
41 16 -3 14 -14 -61 24 30 -22 2 40 -3 90 -28 -38 93 -17 -12 El mejor fue: 0
41 16 -3 14 -14 -61 24 30 -22 2 40 -3 90 -28 -38 93 -17 28 Generación 25
arranca 
Jugando Partidos contra vecino 0
Resultado 13
46799.6
Yo soy: 
41 16 -3 14 -14 -61 24 30 -22 2 40 -3 90 -28 -38 93 -17 28 El mejor fue: 0
41 16 -43 14 -14 -61 24 30 -22 2 40 -3 90 -28 -38 93 -17 28 Generación 24
arranca 
Jugando Partidos contra vecino 0
Resultado 15
55111.7
Yo soy: 
41 16 -43 14 -14 -61 24 30 -22 2 40 -3 90 -28 -38 93 -17 28 El mejor fue: 0
41 16 -3 14 -14 -61 24 30 -22 2 40 -3 90 -28 -38 93 -17 28 Generación 23
arranca 
Jugando Partidos contra vecino 0
Resultado 13
47331.4
Yo soy: 
41 16 -3 14 -14 -61 24 30 -22 2 40 -3 90 -28 -38 93 -17 28 El mejor fue: 0
41 16 -3 14 26 -61 24 30 -22 2 40 -3 90 -28 -38 93 -17 28 Generación 22
arranca 
Jugando Partidos contra vecino 0
Resultado 5
17067.3
Jugando Partidos contra vecino 1
Resultado 11
37803.2
Yo soy: 
41 16 -3 14 26 -61 24 30 -22 2 40 -3 90 -28 -38 93 -17 28 El mejor fue: 1
41 16 -3 14 26 -61 24 30 -22 2 0 -3 90 -28 -38 93 -17 28 Generación 21
arranca 
Jugando Partidos contra vecino 0
Resultado 11
32010
Yo soy: 
41 16 -3 14 26 -61 24 30 -22 2 0 -3 90 -28 -38 93 -17 28 El mejor fue: 0
41 16 -3 14 26 -61 24 30 18 2 0 -3 90 -28 -38 93 -17 28 Generación 20
arranca 
Jugando Partidos contra vecino 0
Resultado 13
27095.5
Yo soy: 
41 16 -3 14 26 -61 24 30 18 2 0 -3 90 -28 -38 93 -17 28 El mejor fue: 0
41 16 -3 14 26 -61 24 30 -22 2 0 -3 90 -28 -38 93 -17 28 Generación 19
arranca 
Jugando Partidos contra vecino 0
Resultado 5
12701.7
Jugando Partidos contra vecino 1
Resultado 5
18243.5
Jugando Partidos contra vecino 2
Resultado 5
20538.7
Jugando Partidos contra vecino 3
Resultado 15
43671.5
Yo soy: 
41 16 -3 14 26 -61 24 30 -22 2 0 -3 90 -28 -38 93 -17 28 El mejor fue: 3
41 16 -3 14 26 -61 24 30 18 2 0 -3 90 -28 -38 93 -17 28 Generación 18
arranca 
Jugando Partidos contra vecino 0
Resultado 13
25479.5
Yo soy: 
41 16 -3 14 26 -61 24 30 18 2 0 -3 90 -28 -38 93 -17 28 El mejor fue: 0
41 16 -3 -26 26 -61 24 30 18 2 0 -3 90 -28 -38 93 -17 28 Generación 17
arranca 
Jugando Partidos contra vecino 0
Resultado 5
21866
Jugando Partidos contra vecino 1
Resultado 5
19348.5
Jugando Partidos contra vecino 2
Resultado 15
36491.4
Yo soy: 
41 16 -3 -26 26 -61 24 30 18 2 0 -3 90 -28 -38 93 -17 28 El mejor fue: 2
41 16 -3 -26 26 -61 24 30 58 2 0 -3 90 -28 -38 93 -17 28 Generación 16
arranca 
Jugando Partidos contra vecino 0
Resultado 13
29879.3
Yo soy: 
41 16 -3 -26 26 -61 24 30 58 2 0 -3 90 -28 -38 93 -17 28 El mejor fue: 0
41 16 -3 -26 26 -61 24 30 98 2 0 -3 90 -28 -38 93 -17 28 Generación 15
arranca 
Jugando Partidos contra vecino 0
Resultado 5
15148.8
Jugando Partidos contra vecino 1
Resultado 5
27497.1
Jugando Partidos contra vecino 2
Resultado 5
17885.7
Jugando Partidos contra vecino 3
Resultado 5
20920.3
Jugando Partidos contra vecino 4
Resultado 5
21385.1
Jugando Partidos contra vecino 5
Resultado 15
40434.8
Yo soy: 
41 16 -3 -26 26 -61 24 30 98 2 0 -3 90 -28 -38 93 -17 28 El mejor fue: 5
41 16 -43 -26 26 -61 24 30 98 2 0 -3 90 -28 -38 93 -17 28 Generación 14
arranca 
Jugando Partidos contra vecino 0
Resultado 15
48017.5
Yo soy: 
41 16 -43 -26 26 -61 24 30 98 2 0 -3 90 -28 -38 93 -17 28 El mejor fue: 0
41 56 -43 -26 26 -61 24 30 98 2 0 -3 90 -28 -38 93 -17 28 Generación 13
arranca 
Jugando Partidos contra vecino 0
Resultado 11
47168.1
Yo soy: 
41 56 -43 -26 26 -61 24 30 98 2 0 -3 90 -28 -38 93 -17 28 El mejor fue: 0
41 56 -43 -26 26 -21 24 30 98 2 0 -3 90 -28 -38 93 -17 28 Generación 12
arranca 
Jugando Partidos contra vecino 0
Resultado 5
59644.3
Jugando Partidos contra vecino 1
Resultado 5
71581.8
Jugando Partidos contra vecino 2
Resultado 13
48762.9
Yo soy: 
41 56 -43 -26 26 -21 24 30 98 2 0 -3 90 -28 -38 93 -17 28 El mejor fue: 2
41 56 -43 -26 26 -21 24 -10 98 2 0 -3 90 -28 -38 93 -17 28 Generación 11
arranca 
Jugando Partidos contra vecino 0
Resultado 11
45721.7
Yo soy: 
41 56 -43 -26 26 -21 24 -10 98 2 0 -3 90 -28 -38 93 -17 28 El mejor fue: 0
41 56 -83 -26 26 -21 24 -10 98 2 0 -3 90 -28 -38 93 -17 28 Generación 10
arranca 
Jugando Partidos contra vecino 0
Resultado 7
57337.6
Jugando Partidos contra vecino 1
Resultado 7
58678.9
Jugando Partidos contra vecino 2
Resultado 7
58846.3
Jugando Partidos contra vecino 3
Resultado 13
44337.2
Yo soy: 
41 56 -83 -26 26 -21 24 -10 98 2 0 -3 90 -28 -38 93 -17 28 El mejor fue: 3
41 56 -83 -26 26 -21 24 -10 98 2 -40 -3 90 -28 -38 93 -17 28 Generación 9
arranca 
Jugando Partidos contra vecino 0
Resultado 13
49334.8
Yo soy: 
41 56 -83 -26 26 -21 24 -10 98 2 -40 -3 90 -28 -38 93 -17 28 El mejor fue: 0
41 56 -83 -26 26 -21 24 -10 98 2 -40 -3 90 -28 2 93 -17 28 Generación 8
arranca 
Jugando Partidos contra vecino 0
Resultado 13
47766.4
Yo soy: 
41 56 -83 -26 26 -21 24 -10 98 2 -40 -3 90 -28 2 93 -17 28 El mejor fue: 0
41 56 -83 -26 26 -21 24 -10 98 2 -40 -3 90 -28 2 93 -17 68 Generación 7
arranca 
Jugando Partidos contra vecino 0
Resultado 13
47030.3
Yo soy: 
41 56 -83 -26 26 -21 24 -10 98 2 -40 -3 90 -28 2 93 -17 68 El mejor fue: 0
1 56 -83 -26 26 -21 24 -10 98 2 -40 -3 90 -28 2 93 -17 68 Generación 6
arranca 
Jugando Partidos contra vecino 0
Resultado 5
45676.5
Jugando Partidos contra vecino 1
Resultado 15
48489.4
Yo soy: 
1 56 -83 -26 26 -21 24 -10 98 2 -40 -3 90 -28 2 93 -17 68 El mejor fue: 1
1 56 -83 -26 26 19 24 -10 98 2 -40 -3 90 -28 2 93 -17 68 Generación 5
arranca 
Jugando Partidos contra vecino 0
Resultado 5
43858.5
Jugando Partidos contra vecino 1
Resultado 5
48444.6
Jugando Partidos contra vecino 2
Resultado 15
47827.8
Yo soy: 
1 56 -83 -26 26 19 24 -10 98 2 -40 -3 90 -28 2 93 -17 68 El mejor fue: 2
1 56 -83 -26 26 19 24 -10 98 2 -40 -3 90 -68 2 93 -17 68 Generación 4
arranca 
Jugando Partidos contra vecino 0
Resultado 15
49215.2
Yo soy: 
1 56 -83 -26 26 19 24 -10 98 2 -40 -3 90 -68 2 93 -17 68 El mejor fue: 0
1 56 -83 -26 26 19 24 -10 98 2 -40 -3 90 -68 2 93 -17 18 Generación 3
arranca 
Jugando Partidos contra vecino 0
Resultado 15
47506.9
Yo soy: 
1 56 -83 -26 26 19 24 -10 98 2 -40 -3 90 -68 2 93 -17 18 El mejor fue: 0
1 56 -83 -26 26 19 64 -10 98 2 -40 -3 90 -68 2 93 -17 18 Generación 2
arranca 
Jugando Partidos contra vecino 0
Resultado 13
42210.1
Yo soy: 
1 56 -83 -26 26 19 64 -10 98 2 -40 -3 90 -68 2 93 -17 18 El mejor fue: 0
1 56 -83 -26 26 19 64 -10 98 2 -80 -3 90 -68 2 93 -17 18 Generación 1
arranca 
Jugando Partidos contra vecino 0
Resultado 13
31781.9
Yo soy: 
1 56 -83 -26 26 19 64 -10 98 2 -80 -3 90 -68 2 93 -17 18 El mejor fue: 0
1 56 -83 -66 26 19 64 -10 98 2 -80 -3 90 -68 2 93 -17 18 Generación 0
1.34207e+07
