arranca 
Jugando Partidos contra vecino 0
Resultado 15
92684.8
Yo soy: 
36 42 87 43 1 42 66 42 93 79 30 53 71 63 16 El mejor fue: 0
36 42 87 43 1 42 66 47 93 79 30 53 71 63 16 Generación 9
arranca 
Jugando Partidos contra vecino 0
Resultado 13
82775
Yo soy: 
36 42 87 43 1 42 66 47 93 79 30 53 71 63 16 El mejor fue: 0
36 42 87 43 1 42 66 47 93 79 30 48 71 63 16 Generación 8
arranca 
Jugando Partidos contra vecino 0
Resultado 15
86252.6
Yo soy: 
36 42 87 43 1 42 66 47 93 79 30 48 71 63 16 El mejor fue: 0
36 42 87 43 1 42 66 47 93 79 30 53 71 63 16 Generación 7
arranca 
Jugando Partidos contra vecino 0
Resultado 15
95778.1
Yo soy: 
36 42 87 43 1 42 66 47 93 79 30 53 71 63 16 El mejor fue: 0
36 42 87 43 1 42 66 47 98 79 30 53 71 63 16 Generación 6
arranca 
Jugando Partidos contra vecino 0
Resultado 15
93133.1
Yo soy: 
36 42 87 43 1 42 66 47 98 79 30 53 71 63 16 El mejor fue: 0
36 42 87 43 1 37 66 47 98 79 30 53 71 63 16 Generación 5
arranca 
Jugando Partidos contra vecino 0
Resultado 15
77879.6
Yo soy: 
36 42 87 43 1 37 66 47 98 79 30 53 71 63 16 El mejor fue: 0
36 42 87 43 1 37 61 47 98 79 30 53 71 63 16 Generación 4
arranca 
Jugando Partidos contra vecino 0
Resultado 15
86441.3
Yo soy: 
36 42 87 43 1 37 61 47 98 79 30 53 71 63 16 El mejor fue: 0
36 42 87 43 1 37 61 42 98 79 30 53 71 63 16 Generación 3
arranca 
Jugando Partidos contra vecino 0
Resultado 15
82131.1
Yo soy: 
36 42 87 43 1 37 61 42 98 79 30 53 71 63 16 El mejor fue: 0
36 42 87 43 1 37 61 42 98 84 30 53 71 63 16 Generación 2
arranca 
Jugando Partidos contra vecino 0
Resultado 15
78072
Yo soy: 
36 42 87 43 1 37 61 42 98 84 30 53 71 63 16 El mejor fue: 0
36 42 87 43 1 37 61 37 98 84 30 53 71 63 16 Generación 1
arranca 
Jugando Partidos contra vecino 0
Resultado 15
98042.6
Yo soy: 
36 42 87 43 1 37 61 37 98 84 30 53 71 63 16 El mejor fue: 0
36 42 87 43 1 37 61 37 98 84 35 53 71 63 16 Generación 0
873191
