arranca 
Jugando Partidos contra vecino 0
Resultado 5
41543.6
Jugando Partidos contra vecino 1
Resultado 5
38539.6
Jugando Partidos contra vecino 2
Resultado 5
37686.9
Jugando Partidos contra vecino 3
Resultado 5
39262.9
Jugando Partidos contra vecino 4
Resultado 5
32501.6
Jugando Partidos contra vecino 5
Resultado 5
38899.1
Jugando Partidos contra vecino 6
Resultado 5
41831.9
Jugando Partidos contra vecino 7
Resultado 5
36195.5
Jugando Partidos contra vecino 8
Resultado 5
35662.8
Jugando Partidos contra vecino 9
Resultado 5
37286.1
Jugando Partidos contra vecino 10
Resultado 5
39218.9
Jugando Partidos contra vecino 11
Resultado 5
37895.9
Jugando Partidos contra vecino 12
Resultado 5
43273.4
Jugando Partidos contra vecino 13
Resultado 5
40231.2
Jugando Partidos contra vecino 14
Resultado 5
38595.3
Jugando Partidos contra vecino 15
Resultado 7
39506.4
Jugando Partidos contra vecino 16
Resultado 7
43829.7
Jugando Partidos contra vecino 17
Resultado 5
34905.4
Jugando Partidos contra vecino 18
Resultado 5
35782.8
Jugando Partidos contra vecino 19
Resultado 5
36075.2
Jugando Partidos contra vecino 20
Resultado 5
34450.2
Jugando Partidos contra vecino 21
Resultado 5
37395.9
Jugando Partidos contra vecino 22
Resultado 5
31743.5
Jugando Partidos contra vecino 23
Resultado 5
36669.3
Jugando Partidos contra vecino 24
Resultado 5
36126.7
Jugando Partidos contra vecino 25
Resultado 7
42098.2
Jugando Partidos contra vecino 26
Resultado 5
37530.1
Jugando Partidos contra vecino 27
Resultado 5
29389.5
Jugando Partidos contra vecino 28
Resultado 5
40693.3
Jugando Partidos contra vecino 29
Resultado 5
37536.3
1.13236e+06
arranca 
Jugando Partidos contra vecino 0
Resultado 15
41031.3
Yo soy: 
27 29 53 18 83 1 71 77 3 7 73 56 15 1 74 El mejor fue: 0
27 29 53 18 83 1 76 77 3 7 73 56 15 1 74 Generación 99
arranca 
Jugando Partidos contra vecino 0
Resultado 15
43168
Yo soy: 
27 29 53 18 83 1 76 77 3 7 73 56 15 1 74 El mejor fue: 0
27 34 53 18 83 1 76 77 3 7 73 56 15 1 74 Generación 98
arranca 
Jugando Partidos contra vecino 0
Resultado 5
38846
Jugando Partidos contra vecino 1
Resultado 11
37324.7
Yo soy: 
27 34 53 18 83 1 76 77 3 7 73 56 15 1 74 El mejor fue: 1
27 34 53 18 83 1 76 82 3 7 73 56 15 1 74 Generación 97
arranca 
Jugando Partidos contra vecino 0
Resultado 12
41166.5
Yo soy: 
27 34 53 18 83 1 76 82 3 7 73 56 15 1 74 El mejor fue: 0
27 29 53 18 83 1 76 82 3 7 73 56 15 1 74 Generación 96
arranca 
Jugando Partidos contra vecino 0
Resultado 13
31932.4
Yo soy: 
27 29 53 18 83 1 76 82 3 7 73 56 15 1 74 El mejor fue: 0
27 29 53 18 83 1 81 82 3 7 73 56 15 1 74 Generación 95
arranca 
Jugando Partidos contra vecino 0
Resultado 15
36433.8
Yo soy: 
27 29 53 18 83 1 81 82 3 7 73 56 15 1 74 El mejor fue: 0
27 29 53 18 83 1 81 82 3 7 73 51 15 1 74 Generación 94
arranca 
Jugando Partidos contra vecino 0
Resultado 13
34202.9
Yo soy: 
27 29 53 18 83 1 81 82 3 7 73 51 15 1 74 El mejor fue: 0
27 29 53 18 83 1 81 82 3 7 73 46 15 1 74 Generación 93
arranca 
Jugando Partidos contra vecino 0
Resultado 9
36743.4
Jugando Partidos contra vecino 1
Resultado 4
33445.6
Jugando Partidos contra vecino 2
Resultado 9
33181
Jugando Partidos contra vecino 3
Resultado 7
36286.4
Jugando Partidos contra vecino 4
Resultado 9
31752.4
Jugando Partidos contra vecino 5
Resultado 9
35271.8
Jugando Partidos contra vecino 6
Resultado 6
32545.1
Jugando Partidos contra vecino 7
Resultado 7
30901.5
Jugando Partidos contra vecino 8
Resultado 8
29373.7
Jugando Partidos contra vecino 9
Resultado 5
36271.4
Jugando Partidos contra vecino 10
Resultado 7
35946.7
Jugando Partidos contra vecino 11
Resultado 5
28542.7
Jugando Partidos contra vecino 12
Resultado 6
35341.4
Jugando Partidos contra vecino 13
Resultado 5
32331.2
Jugando Partidos contra vecino 14
Resultado 4
32868.9
Jugando Partidos contra vecino 15
Resultado 9
33356.6
Jugando Partidos contra vecino 16
Resultado 7
42976.9
Jugando Partidos contra vecino 17
Resultado 9
32020.4
Jugando Partidos contra vecino 18
Resultado 10
43460.5
Yo soy: 
27 29 53 18 83 1 81 82 3 7 73 46 15 1 74 El mejor fue: 18
27 29 48 18 83 1 81 82 3 7 73 46 15 1 74 Generación 92
arranca 
Jugando Partidos contra vecino 0
Resultado 8
35592.5
Jugando Partidos contra vecino 1
Resultado 15
41970.9
Yo soy: 
27 29 48 18 83 1 81 82 3 7 73 46 15 1 74 El mejor fue: 1
27 29 48 18 83 -4 81 82 3 7 73 46 15 1 74 Generación 91
arranca 
Jugando Partidos contra vecino 0
Resultado 6
31427.6
Jugando Partidos contra vecino 1
Resultado 9
35713.1
Jugando Partidos contra vecino 2
Resultado 9
41853.1
Jugando Partidos contra vecino 3
Resultado 8
35146.2
Jugando Partidos contra vecino 4
Resultado 8
36681
Jugando Partidos contra vecino 5
Resultado 8
41625.1
Jugando Partidos contra vecino 6
Resultado 5
24317.5
Jugando Partidos contra vecino 7
Resultado 9
28020.5
Jugando Partidos contra vecino 8
Resultado 10
39158.4
Yo soy: 
27 29 48 18 83 -4 81 82 3 7 73 46 15 1 74 El mejor fue: 8
27 29 48 18 78 -4 81 82 3 7 73 46 15 1 74 Generación 90
arranca 
Jugando Partidos contra vecino 0
Resultado 9
35338.7
Jugando Partidos contra vecino 1
Resultado 4
32093.8
Jugando Partidos contra vecino 2
Resultado 9
32171.2
Jugando Partidos contra vecino 3
Resultado 13
43043.6
Yo soy: 
27 29 48 18 78 -4 81 82 3 7 73 46 15 1 74 El mejor fue: 3
27 29 48 18 78 -4 81 87 3 7 73 46 15 1 74 Generación 89
arranca 
Jugando Partidos contra vecino 0
Resultado 7
36059.1
Jugando Partidos contra vecino 1
Resultado 6
39575
Jugando Partidos contra vecino 2
Resultado 8
34266.4
Jugando Partidos contra vecino 3
Resultado 11
39748.7
Yo soy: 
27 29 48 18 78 -4 81 87 3 7 73 46 15 1 74 El mejor fue: 3
27 34 48 18 78 -4 81 87 3 7 73 46 15 1 74 Generación 88
arranca 
Jugando Partidos contra vecino 0
Resultado 10
33229.5
Yo soy: 
27 34 48 18 78 -4 81 87 3 7 73 46 15 1 74 El mejor fue: 0
27 34 48 18 78 -4 81 87 8 7 73 46 15 1 74 Generación 87
arranca 
Jugando Partidos contra vecino 0
Resultado 8
38554.6
Jugando Partidos contra vecino 1
Resultado 9
42230.2
Jugando Partidos contra vecino 2
Resultado 7
29225.9
Jugando Partidos contra vecino 3
Resultado 7
35808.8
Jugando Partidos contra vecino 4
Resultado 5
33130.8
Jugando Partidos contra vecino 5
Resultado 9
35171.8
Jugando Partidos contra vecino 6
Resultado 4
35204.7
Jugando Partidos contra vecino 7
Resultado 10
37397.8
Yo soy: 
27 34 48 18 78 -4 81 87 8 7 73 46 15 1 74 El mejor fue: 7
27 34 48 18 78 -4 81 87 8 2 73 46 15 1 74 Generación 86
arranca 
Jugando Partidos contra vecino 0
Resultado 6
38449.2
Jugando Partidos contra vecino 1
Resultado 7
37709.1
Jugando Partidos contra vecino 2
Resultado 9
35273.1
Jugando Partidos contra vecino 3
Resultado 4
31712.6
Jugando Partidos contra vecino 4
Resultado 9
37769.7
Jugando Partidos contra vecino 5
Resultado 6
31520.5
Jugando Partidos contra vecino 6
Resultado 2
30174.1
Jugando Partidos contra vecino 7
Resultado 9
40705.6
Jugando Partidos contra vecino 8
Resultado 5
33808.4
Jugando Partidos contra vecino 9
Resultado 9
38925.2
Jugando Partidos contra vecino 10
Resultado 11
43145.3
Yo soy: 
27 34 48 18 78 -4 81 87 8 2 73 46 15 1 74 El mejor fue: 10
27 39 48 18 78 -4 81 87 8 2 73 46 15 1 74 Generación 85
arranca 
Jugando Partidos contra vecino 0
Resultado 9
39740.8
Jugando Partidos contra vecino 1
Resultado 7
36432
Jugando Partidos contra vecino 2
Resultado 9
40009
Jugando Partidos contra vecino 3
Resultado 7
25749
Jugando Partidos contra vecino 4
Resultado 7
45684
Jugando Partidos contra vecino 5
Resultado 6
37402.2
Jugando Partidos contra vecino 6
Resultado 6
34041.9
Jugando Partidos contra vecino 7
Resultado 8
33478.4
Jugando Partidos contra vecino 8
Resultado 9
31881.5
Jugando Partidos contra vecino 9
Resultado 5
28679.3
Jugando Partidos contra vecino 10
Resultado 11
34417.7
Yo soy: 
27 39 48 18 78 -4 81 87 8 2 73 46 15 1 74 El mejor fue: 10
27 34 48 18 78 -4 81 87 8 2 73 46 15 1 74 Generación 84
arranca 
Jugando Partidos contra vecino 0
Resultado 13
42159.2
Yo soy: 
27 34 48 18 78 -4 81 87 8 2 73 46 15 1 74 El mejor fue: 0
27 34 43 18 78 -4 81 87 8 2 73 46 15 1 74 Generación 83
arranca 
Jugando Partidos contra vecino 0
Resultado 9
32529.8
Jugando Partidos contra vecino 1
Resultado 8
41168.7
Jugando Partidos contra vecino 2
Resultado 5
32081.1
Jugando Partidos contra vecino 3
Resultado 9
40501.1
Jugando Partidos contra vecino 4
Resultado 5
27973.8
Jugando Partidos contra vecino 5
Resultado 9
32007.6
Jugando Partidos contra vecino 6
Resultado 7
34989.4
Jugando Partidos contra vecino 7
Resultado 5
36587.6
Jugando Partidos contra vecino 8
Resultado 4
37704.1
Jugando Partidos contra vecino 9
Resultado 9
41072.1
Jugando Partidos contra vecino 10
Resultado 5
40028.1
Jugando Partidos contra vecino 11
Resultado 11
40535.5
Yo soy: 
27 34 43 18 78 -4 81 87 8 2 73 46 15 1 74 El mejor fue: 11
27 34 43 18 78 -4 76 87 8 2 73 46 15 1 74 Generación 82
arranca 
Jugando Partidos contra vecino 0
Resultado 5
34956.8
Jugando Partidos contra vecino 1
Resultado 7
31106
Jugando Partidos contra vecino 2
Resultado 1
23384.6
Jugando Partidos contra vecino 3
Resultado 8
38142.4
Jugando Partidos contra vecino 4
Resultado 11
36150.8
Yo soy: 
27 34 43 18 78 -4 76 87 8 2 73 46 15 1 74 El mejor fue: 4
27 34 43 18 78 -4 81 87 8 2 73 46 15 1 74 Generación 81
arranca 
Jugando Partidos contra vecino 0
Resultado 5
30089.8
Jugando Partidos contra vecino 1
Resultado 3
43704.1
Jugando Partidos contra vecino 2
Resultado 6
31996.2
Jugando Partidos contra vecino 3
Resultado 7
42701.1
Jugando Partidos contra vecino 4
Resultado 5
40531.6
Jugando Partidos contra vecino 5
Resultado 7
33461.8
Jugando Partidos contra vecino 6
Resultado 4
19902.5
Jugando Partidos contra vecino 7
Resultado 9
37956
Jugando Partidos contra vecino 8
Resultado 5
37207.8
Jugando Partidos contra vecino 9
Resultado 7
37786.7
Jugando Partidos contra vecino 10
Resultado 4
30039.2
Jugando Partidos contra vecino 11
Resultado 9
30350.8
Jugando Partidos contra vecino 12
Resultado 7
28853.4
Jugando Partidos contra vecino 13
Resultado 7
35778.3
Jugando Partidos contra vecino 14
Resultado 15
42114.3
Yo soy: 
27 34 43 18 78 -4 81 87 8 2 73 46 15 1 74 El mejor fue: 14
27 34 48 18 78 -4 81 87 8 2 73 46 15 1 74 Generación 80
arranca 
Jugando Partidos contra vecino 0
Resultado 9
29528.4
Jugando Partidos contra vecino 1
Resultado 5
29939.2
Jugando Partidos contra vecino 2
Resultado 9
40014.4
Jugando Partidos contra vecino 3
Resultado 9
32147.8
Jugando Partidos contra vecino 4
Resultado 13
40082.3
Yo soy: 
27 34 48 18 78 -4 81 87 8 2 73 46 15 1 74 El mejor fue: 4
27 34 48 18 78 -4 81 82 8 2 73 46 15 1 74 Generación 79
arranca 
Jugando Partidos contra vecino 0
Resultado 4
33064.8
Jugando Partidos contra vecino 1
Resultado 11
37722.8
Yo soy: 
27 34 48 18 78 -4 81 82 8 2 73 46 15 1 74 El mejor fue: 1
22 34 48 18 78 -4 81 82 8 2 73 46 15 1 74 Generación 78
arranca 
Jugando Partidos contra vecino 0
Resultado 9
39157.9
Jugando Partidos contra vecino 1
Resultado 7
28796.5
Jugando Partidos contra vecino 2
Resultado 9
34482.9
Jugando Partidos contra vecino 3
Resultado 5
42075.2
Jugando Partidos contra vecino 4
Resultado 5
30563.8
Jugando Partidos contra vecino 5
Resultado 9
40059.9
Jugando Partidos contra vecino 6
Resultado 6
36329.2
Jugando Partidos contra vecino 7
Resultado 5
29806.9
Jugando Partidos contra vecino 8
Resultado 11
32150.1
Yo soy: 
22 34 48 18 78 -4 81 82 8 2 73 46 15 1 74 El mejor fue: 8
22 34 48 18 78 -9 81 82 8 2 73 46 15 1 74 Generación 77
arranca 
Jugando Partidos contra vecino 0
Resultado 9
35089.2
Jugando Partidos contra vecino 1
Resultado 5
31743.9
Jugando Partidos contra vecino 2
Resultado 9
38574.6
Jugando Partidos contra vecino 3
Resultado 7
41235.1
Jugando Partidos contra vecino 4
Resultado 9
36872.4
Jugando Partidos contra vecino 5
Resultado 9
40141.2
Jugando Partidos contra vecino 6
Resultado 9
41431.5
Jugando Partidos contra vecino 7
Resultado 7
38496.1
Jugando Partidos contra vecino 8
Resultado 11
43333.6
Yo soy: 
22 34 48 18 78 -9 81 82 8 2 73 46 15 1 74 El mejor fue: 8
17 34 48 18 78 -9 81 82 8 2 73 46 15 1 74 Generación 76
arranca 
Jugando Partidos contra vecino 0
Resultado 8
40814.6
Jugando Partidos contra vecino 1
Resultado 13
43437.1
Yo soy: 
17 34 48 18 78 -9 81 82 8 2 73 46 15 1 74 El mejor fue: 1
17 34 48 18 78 -9 81 82 8 2 73 46 20 1 74 Generación 75
arranca 
Jugando Partidos contra vecino 0
Resultado 1
36422.3
Jugando Partidos contra vecino 1
Resultado 11
42123.6
Yo soy: 
17 34 48 18 78 -9 81 82 8 2 73 46 20 1 74 El mejor fue: 1
17 34 48 23 78 -9 81 82 8 2 73 46 20 1 74 Generación 74
arranca 
Jugando Partidos contra vecino 0
Resultado 13
42171.1
Yo soy: 
17 34 48 23 78 -9 81 82 8 2 73 46 20 1 74 El mejor fue: 0
17 34 48 23 78 -9 81 82 8 2 73 51 20 1 74 Generación 73
arranca 
Jugando Partidos contra vecino 0
Resultado 13
38124.8
Yo soy: 
17 34 48 23 78 -9 81 82 8 2 73 51 20 1 74 El mejor fue: 0
17 34 48 23 78 -9 81 82 8 2 73 51 20 1 79 Generación 72
arranca 
Jugando Partidos contra vecino 0
Resultado 11
33973.4
Yo soy: 
17 34 48 23 78 -9 81 82 8 2 73 51 20 1 79 El mejor fue: 0
17 34 48 23 78 -9 81 82 8 2 68 51 20 1 79 Generación 71
arranca 
Jugando Partidos contra vecino 0
Resultado 13
37732.7
Yo soy: 
17 34 48 23 78 -9 81 82 8 2 68 51 20 1 79 El mejor fue: 0
17 34 48 23 83 -9 81 82 8 2 68 51 20 1 79 Generación 70
arranca 
Jugando Partidos contra vecino 0
Resultado 10
44203.3
Yo soy: 
17 34 48 23 83 -9 81 82 8 2 68 51 20 1 79 El mejor fue: 0
17 34 48 18 83 -9 81 82 8 2 68 51 20 1 79 Generación 69
arranca 
Jugando Partidos contra vecino 0
Resultado 11
42013
Yo soy: 
17 34 48 18 83 -9 81 82 8 2 68 51 20 1 79 El mejor fue: 0
17 34 48 18 83 -9 81 82 8 2 68 51 20 -4 79 Generación 68
arranca 
Jugando Partidos contra vecino 0
Resultado 11
44038.2
Yo soy: 
17 34 48 18 83 -9 81 82 8 2 68 51 20 -4 79 El mejor fue: 0
17 34 48 18 83 -9 81 82 8 -3 68 51 20 -4 79 Generación 67
arranca 
Jugando Partidos contra vecino 0
Resultado 7
46556.1
Jugando Partidos contra vecino 1
Resultado 13
44744.7
Yo soy: 
17 34 48 18 83 -9 81 82 8 -3 68 51 20 -4 79 El mejor fue: 1
17 34 48 18 83 -9 81 82 8 -3 68 51 25 -4 79 Generación 66
arranca 
Jugando Partidos contra vecino 0
Resultado 9
43193.4
Jugando Partidos contra vecino 1
Resultado 11
45884.3
Yo soy: 
17 34 48 18 83 -9 81 82 8 -3 68 51 25 -4 79 El mejor fue: 1
17 34 48 23 83 -9 81 82 8 -3 68 51 25 -4 79 Generación 65
arranca 
Jugando Partidos contra vecino 0
Resultado 13
53785.8
Yo soy: 
17 34 48 23 83 -9 81 82 8 -3 68 51 25 -4 79 El mejor fue: 0
17 34 53 23 83 -9 81 82 8 -3 68 51 25 -4 79 Generación 64
arranca 
Jugando Partidos contra vecino 0
Resultado 9
49959.6
Jugando Partidos contra vecino 1
Resultado 15
50195.2
Yo soy: 
17 34 53 23 83 -9 81 82 8 -3 68 51 25 -4 79 El mejor fue: 1
17 34 53 23 83 -9 81 82 8 -3 68 51 25 -9 79 Generación 63
arranca 
Jugando Partidos contra vecino 0
Resultado 13
40475.2
Yo soy: 
17 34 53 23 83 -9 81 82 8 -3 68 51 25 -9 79 El mejor fue: 0
17 34 53 23 83 -9 81 82 8 -3 73 51 25 -9 79 Generación 62
arranca 
Jugando Partidos contra vecino 0
Resultado 11
55941.4
Yo soy: 
17 34 53 23 83 -9 81 82 8 -3 73 51 25 -9 79 El mejor fue: 0
17 34 53 23 83 -9 81 77 8 -3 73 51 25 -9 79 Generación 61
arranca 
Jugando Partidos contra vecino 0
Resultado 9
39866
Jugando Partidos contra vecino 1
Resultado 7
46942.8
Jugando Partidos contra vecino 2
Resultado 13
42617.5
Yo soy: 
17 34 53 23 83 -9 81 77 8 -3 73 51 25 -9 79 El mejor fue: 2
17 34 53 23 88 -9 81 77 8 -3 73 51 25 -9 79 Generación 60
arranca 
Jugando Partidos contra vecino 0
Resultado 13
48551.7
Yo soy: 
17 34 53 23 88 -9 81 77 8 -3 73 51 25 -9 79 El mejor fue: 0
17 34 53 23 88 -9 81 77 8 2 73 51 25 -9 79 Generación 59
arranca 
Jugando Partidos contra vecino 0
Resultado 13
48913.6
Yo soy: 
17 34 53 23 88 -9 81 77 8 2 73 51 25 -9 79 El mejor fue: 0
17 34 53 23 88 -9 81 77 8 2 73 51 25 -4 79 Generación 58
arranca 
Jugando Partidos contra vecino 0
Resultado 13
46851.8
Yo soy: 
17 34 53 23 88 -9 81 77 8 2 73 51 25 -4 79 El mejor fue: 0
22 34 53 23 88 -9 81 77 8 2 73 51 25 -4 79 Generación 57
arranca 
Jugando Partidos contra vecino 0
Resultado 15
52407.9
Yo soy: 
22 34 53 23 88 -9 81 77 8 2 73 51 25 -4 79 El mejor fue: 0
22 39 53 23 88 -9 81 77 8 2 73 51 25 -4 79 Generación 56
arranca 
Jugando Partidos contra vecino 0
Resultado 7
34699.2
Jugando Partidos contra vecino 1
Resultado 15
53562.6
Yo soy: 
22 39 53 23 88 -9 81 77 8 2 73 51 25 -4 79 El mejor fue: 1
17 39 53 23 88 -9 81 77 8 2 73 51 25 -4 79 Generación 55
arranca 
Jugando Partidos contra vecino 0
Resultado 15
50751.6
Yo soy: 
17 39 53 23 88 -9 81 77 8 2 73 51 25 -4 79 El mejor fue: 0
17 39 53 23 88 -9 81 82 8 2 73 51 25 -4 79 Generación 54
arranca 
Jugando Partidos contra vecino 0
Resultado 11
43300
Yo soy: 
17 39 53 23 88 -9 81 82 8 2 73 51 25 -4 79 El mejor fue: 0
17 39 53 23 88 -9 81 82 8 2 73 51 25 1 79 Generación 53
arranca 
Jugando Partidos contra vecino 0
Resultado 15
44555.5
Yo soy: 
17 39 53 23 88 -9 81 82 8 2 73 51 25 1 79 El mejor fue: 0
17 39 53 23 88 -9 81 82 8 -3 73 51 25 1 79 Generación 52
arranca 
Jugando Partidos contra vecino 0
Resultado 11
34418.8
Yo soy: 
17 39 53 23 88 -9 81 82 8 -3 73 51 25 1 79 El mejor fue: 0
17 39 53 23 88 -9 81 77 8 -3 73 51 25 1 79 Generación 51
arranca 
Jugando Partidos contra vecino 0
Resultado 11
37429.4
Yo soy: 
17 39 53 23 88 -9 81 77 8 -3 73 51 25 1 79 El mejor fue: 0
17 39 53 23 88 -9 81 77 8 -3 78 51 25 1 79 Generación 50
arranca 
Jugando Partidos contra vecino 0
Resultado 15
42458.9
Yo soy: 
17 39 53 23 88 -9 81 77 8 -3 78 51 25 1 79 El mejor fue: 0
17 39 53 23 88 -14 81 77 8 -3 78 51 25 1 79 Generación 49
arranca 
Jugando Partidos contra vecino 0
Resultado 13
41090
Yo soy: 
17 39 53 23 88 -14 81 77 8 -3 78 51 25 1 79 El mejor fue: 0
17 39 53 23 88 -14 86 77 8 -3 78 51 25 1 79 Generación 48
arranca 
Jugando Partidos contra vecino 0
Resultado 13
40960.7
Yo soy: 
17 39 53 23 88 -14 86 77 8 -3 78 51 25 1 79 El mejor fue: 0
17 39 58 23 88 -14 86 77 8 -3 78 51 25 1 79 Generación 47
arranca 
Jugando Partidos contra vecino 0
Resultado 15
41275.6
Yo soy: 
17 39 58 23 88 -14 86 77 8 -3 78 51 25 1 79 El mejor fue: 0
17 39 58 23 88 -14 86 77 8 -3 78 51 25 1 74 Generación 46
arranca 
Jugando Partidos contra vecino 0
Resultado 11
34539.5
Yo soy: 
17 39 58 23 88 -14 86 77 8 -3 78 51 25 1 74 El mejor fue: 0
17 39 58 23 88 -14 86 77 8 -3 83 51 25 1 74 Generación 45
arranca 
Jugando Partidos contra vecino 0
Resultado 15
41883.7
Yo soy: 
17 39 58 23 88 -14 86 77 8 -3 83 51 25 1 74 El mejor fue: 0
17 39 58 23 88 -14 86 77 3 -3 83 51 25 1 74 Generación 44
arranca 
Jugando Partidos contra vecino 0
Resultado 15
43067.1
Yo soy: 
17 39 58 23 88 -14 86 77 3 -3 83 51 25 1 74 El mejor fue: 0
17 39 58 23 93 -14 86 77 3 -3 83 51 25 1 74 Generación 43
arranca 
Jugando Partidos contra vecino 0
Resultado 13
40775.3
Yo soy: 
17 39 58 23 93 -14 86 77 3 -3 83 51 25 1 74 El mejor fue: 0
17 39 58 23 93 -14 86 77 3 -3 83 51 30 1 74 Generación 42
arranca 
Jugando Partidos contra vecino 0
Resultado 15
45822.5
Yo soy: 
17 39 58 23 93 -14 86 77 3 -3 83 51 30 1 74 El mejor fue: 0
17 39 58 23 88 -14 86 77 3 -3 83 51 30 1 74 Generación 41
arranca 
Jugando Partidos contra vecino 0
Resultado 13
42024
Yo soy: 
17 39 58 23 88 -14 86 77 3 -3 83 51 30 1 74 El mejor fue: 0
17 39 58 23 88 -14 86 77 3 -3 83 51 25 1 74 Generación 40
arranca 
Jugando Partidos contra vecino 0
Resultado 13
37709.9
Yo soy: 
17 39 58 23 88 -14 86 77 3 -3 83 51 25 1 74 El mejor fue: 0
17 39 58 23 88 -9 86 77 3 -3 83 51 25 1 74 Generación 39
arranca 
Jugando Partidos contra vecino 0
Resultado 13
44058.1
Yo soy: 
17 39 58 23 88 -9 86 77 3 -3 83 51 25 1 74 El mejor fue: 0
17 39 58 23 88 -9 86 72 3 -3 83 51 25 1 74 Generación 38
arranca 
Jugando Partidos contra vecino 0
Resultado 15
45014.5
Yo soy: 
17 39 58 23 88 -9 86 72 3 -3 83 51 25 1 74 El mejor fue: 0
17 39 58 23 88 -9 81 72 3 -3 83 51 25 1 74 Generación 37
arranca 
Jugando Partidos contra vecino 0
Resultado 13
36645.5
Yo soy: 
17 39 58 23 88 -9 81 72 3 -3 83 51 25 1 74 El mejor fue: 0
17 39 58 23 88 -9 81 72 3 -3 83 51 25 1 79 Generación 36
arranca 
Jugando Partidos contra vecino 0
Resultado 7
40133.9
Jugando Partidos contra vecino 1
Resultado 10
40631.6
Yo soy: 
17 39 58 23 88 -9 81 72 3 -3 83 51 25 1 79 El mejor fue: 1
17 39 58 23 88 -14 81 72 3 -3 83 51 25 1 79 Generación 35
arranca 
Jugando Partidos contra vecino 0
Resultado 13
43128.3
Yo soy: 
17 39 58 23 88 -14 81 72 3 -3 83 51 25 1 79 El mejor fue: 0
17 39 58 23 88 -14 86 72 3 -3 83 51 25 1 79 Generación 34
arranca 
Jugando Partidos contra vecino 0
Resultado 15
40929.7
Yo soy: 
17 39 58 23 88 -14 86 72 3 -3 83 51 25 1 79 El mejor fue: 0
22 39 58 23 88 -14 86 72 3 -3 83 51 25 1 79 Generación 33
arranca 
Jugando Partidos contra vecino 0
Resultado 15
43142.8
Yo soy: 
22 39 58 23 88 -14 86 72 3 -3 83 51 25 1 79 El mejor fue: 0
22 39 58 23 88 -14 86 72 -2 -3 83 51 25 1 79 Generación 32
arranca 
Jugando Partidos contra vecino 0
Resultado 15
43475.4
Yo soy: 
22 39 58 23 88 -14 86 72 -2 -3 83 51 25 1 79 El mejor fue: 0
22 39 63 23 88 -14 86 72 -2 -3 83 51 25 1 79 Generación 31
arranca 
Jugando Partidos contra vecino 0
Resultado 11
33595.8
Yo soy: 
22 39 63 23 88 -14 86 72 -2 -3 83 51 25 1 79 El mejor fue: 0
22 39 63 23 88 -14 81 72 -2 -3 83 51 25 1 79 Generación 30
arranca 
Jugando Partidos contra vecino 0
Resultado 13
43423.3
Yo soy: 
22 39 63 23 88 -14 81 72 -2 -3 83 51 25 1 79 El mejor fue: 0
22 39 63 23 88 -14 81 77 -2 -3 83 51 25 1 79 Generación 29
arranca 
Jugando Partidos contra vecino 0
Resultado 15
43101.5
Yo soy: 
22 39 63 23 88 -14 81 77 -2 -3 83 51 25 1 79 El mejor fue: 0
22 39 63 23 88 -14 76 77 -2 -3 83 51 25 1 79 Generación 28
arranca 
Jugando Partidos contra vecino 0
Resultado 15
38411.6
Yo soy: 
22 39 63 23 88 -14 76 77 -2 -3 83 51 25 1 79 El mejor fue: 0
22 39 63 23 88 -14 76 77 -2 -3 78 51 25 1 79 Generación 27
arranca 
Jugando Partidos contra vecino 0
Resultado 15
34336
Yo soy: 
22 39 63 23 88 -14 76 77 -2 -3 78 51 25 1 79 El mejor fue: 0
22 39 63 23 88 -14 76 77 -2 -3 78 51 25 1 84 Generación 26
arranca 
Jugando Partidos contra vecino 0
Resultado 9
28601.1
Jugando Partidos contra vecino 1
Resultado 11
37393.6
Yo soy: 
22 39 63 23 88 -14 76 77 -2 -3 78 51 25 1 84 El mejor fue: 1
22 34 63 23 88 -14 76 77 -2 -3 78 51 25 1 84 Generación 25
arranca 
Jugando Partidos contra vecino 0
Resultado 15
37441.5
Yo soy: 
22 34 63 23 88 -14 76 77 -2 -3 78 51 25 1 84 El mejor fue: 0
27 34 63 23 88 -14 76 77 -2 -3 78 51 25 1 84 Generación 24
arranca 
Jugando Partidos contra vecino 0
Resultado 8
35560.8
Jugando Partidos contra vecino 1
Resultado 10
36637.6
Yo soy: 
27 34 63 23 88 -14 76 77 -2 -3 78 51 25 1 84 El mejor fue: 1
27 34 63 23 88 -14 76 77 -2 -3 78 51 30 1 84 Generación 23
arranca 
Jugando Partidos contra vecino 0
Resultado 7
40932.8
Jugando Partidos contra vecino 1
Resultado 11
40554.7
Yo soy: 
27 34 63 23 88 -14 76 77 -2 -3 78 51 30 1 84 El mejor fue: 1
27 34 63 23 88 -14 76 77 -2 -3 78 46 30 1 84 Generación 22
arranca 
Jugando Partidos contra vecino 0
Resultado 10
41684.4
Yo soy: 
27 34 63 23 88 -14 76 77 -2 -3 78 46 30 1 84 El mejor fue: 0
27 34 63 18 88 -14 76 77 -2 -3 78 46 30 1 84 Generación 21
arranca 
Jugando Partidos contra vecino 0
Resultado 7
40836.7
Jugando Partidos contra vecino 1
Resultado 13
39007.7
Yo soy: 
27 34 63 18 88 -14 76 77 -2 -3 78 46 30 1 84 El mejor fue: 1
27 34 63 18 88 -14 76 77 -2 -3 78 46 30 1 79 Generación 20
arranca 
Jugando Partidos contra vecino 0
Resultado 7
39646.6
Jugando Partidos contra vecino 1
Resultado 5
34201.7
Jugando Partidos contra vecino 2
Resultado 13
41376
Yo soy: 
27 34 63 18 88 -14 76 77 -2 -3 78 46 30 1 79 El mejor fue: 2
27 34 63 18 88 -9 76 77 -2 -3 78 46 30 1 79 Generación 19
arranca 
Jugando Partidos contra vecino 0
Resultado 7
38050.1
Jugando Partidos contra vecino 1
Resultado 11
41378.6
Yo soy: 
27 34 63 18 88 -9 76 77 -2 -3 78 46 30 1 79 El mejor fue: 1
27 34 63 18 88 -9 71 77 -2 -3 78 46 30 1 79 Generación 18
arranca 
Jugando Partidos contra vecino 0
Resultado 6
33814.9
Jugando Partidos contra vecino 1
Resultado 9
41918.6
Jugando Partidos contra vecino 2
Resultado 13
33712.8
Yo soy: 
27 34 63 18 88 -9 71 77 -2 -3 78 46 30 1 79 El mejor fue: 2
27 34 63 18 88 -9 71 72 -2 -3 78 46 30 1 79 Generación 17
arranca 
Jugando Partidos contra vecino 0
Resultado 10
40139.3
Yo soy: 
27 34 63 18 88 -9 71 72 -2 -3 78 46 30 1 79 El mejor fue: 0
27 34 63 18 83 -9 71 72 -2 -3 78 46 30 1 79 Generación 16
arranca 
Jugando Partidos contra vecino 0
Resultado 9
32139.5
Jugando Partidos contra vecino 1
Resultado 7
36000.2
Jugando Partidos contra vecino 2
Resultado 6
42338.7
Jugando Partidos contra vecino 3
Resultado 9
33021.2
Jugando Partidos contra vecino 4
Resultado 7
34857.5
Jugando Partidos contra vecino 5
Resultado 11
37309.5
Yo soy: 
27 34 63 18 83 -9 71 72 -2 -3 78 46 30 1 79 El mejor fue: 5
27 34 58 18 83 -9 71 72 -2 -3 78 46 30 1 79 Generación 15
arranca 
Jugando Partidos contra vecino 0
Resultado 9
42378.2
Jugando Partidos contra vecino 1
Resultado 8
42504.9
Jugando Partidos contra vecino 2
Resultado 9
39600.3
Jugando Partidos contra vecino 3
Resultado 9
40091.3
Jugando Partidos contra vecino 4
Resultado 11
30908.9
Yo soy: 
27 34 58 18 83 -9 71 72 -2 -3 78 46 30 1 79 El mejor fue: 4
22 34 58 18 83 -9 71 72 -2 -3 78 46 30 1 79 Generación 14
arranca 
Jugando Partidos contra vecino 0
Resultado 11
42893.8
Yo soy: 
22 34 58 18 83 -9 71 72 -2 -3 78 46 30 1 79 El mejor fue: 0
22 34 58 18 83 -14 71 72 -2 -3 78 46 30 1 79 Generación 13
arranca 
Jugando Partidos contra vecino 0
Resultado 0
36665.2
Jugando Partidos contra vecino 1
Resultado 10
35644.2
Yo soy: 
22 34 58 18 83 -14 71 72 -2 -3 78 46 30 1 79 El mejor fue: 1
22 34 58 18 83 -14 71 72 -7 -3 78 46 30 1 79 Generación 12
arranca 
Jugando Partidos contra vecino 0
Resultado 11
37007.9
Yo soy: 
22 34 58 18 83 -14 71 72 -7 -3 78 46 30 1 79 El mejor fue: 0
22 39 58 18 83 -14 71 72 -7 -3 78 46 30 1 79 Generación 11
arranca 
Jugando Partidos contra vecino 0
Resultado 7
34959.1
Jugando Partidos contra vecino 1
Resultado 5
39176.3
Jugando Partidos contra vecino 2
Resultado 8
41041.8
Jugando Partidos contra vecino 3
Resultado 13
36742.1
Yo soy: 
22 39 58 18 83 -14 71 72 -7 -3 78 46 30 1 79 El mejor fue: 3
22 39 58 18 83 -14 71 72 -7 -3 78 46 35 1 79 Generación 10
arranca 
Jugando Partidos contra vecino 0
Resultado 5
24321.9
Jugando Partidos contra vecino 1
Resultado 11
37707.6
Yo soy: 
22 39 58 18 83 -14 71 72 -7 -3 78 46 35 1 79 El mejor fue: 1
22 34 58 18 83 -14 71 72 -7 -3 78 46 35 1 79 Generación 9
arranca 
Jugando Partidos contra vecino 0
Resultado 9
37345.8
Jugando Partidos contra vecino 1
Resultado 9
39476.9
Jugando Partidos contra vecino 2
Resultado 9
33056.1
Jugando Partidos contra vecino 3
Resultado 11
44307
Yo soy: 
22 34 58 18 83 -14 71 72 -7 -3 78 46 35 1 79 El mejor fue: 3
22 34 58 18 83 -14 71 72 -7 -3 78 46 35 1 84 Generación 8
arranca 
Jugando Partidos contra vecino 0
Resultado 10
39514
Yo soy: 
22 34 58 18 83 -14 71 72 -7 -3 78 46 35 1 84 El mejor fue: 0
22 34 58 18 83 -14 71 72 -7 -3 78 51 35 1 84 Generación 7
arranca 
Jugando Partidos contra vecino 0
Resultado 15
44466.2
Yo soy: 
22 34 58 18 83 -14 71 72 -7 -3 78 51 35 1 84 El mejor fue: 0
22 34 58 18 83 -14 71 77 -7 -3 78 51 35 1 84 Generación 6
arranca 
Jugando Partidos contra vecino 0
Resultado 15
40725.5
Yo soy: 
22 34 58 18 83 -14 71 77 -7 -3 78 51 35 1 84 El mejor fue: 0
22 34 58 18 83 -14 71 77 -7 -3 78 51 40 1 84 Generación 5
arranca 
Jugando Partidos contra vecino 0
Resultado 13
37575
Yo soy: 
22 34 58 18 83 -14 71 77 -7 -3 78 51 40 1 84 El mejor fue: 0
22 34 58 23 83 -14 71 77 -7 -3 78 51 40 1 84 Generación 4
arranca 
Jugando Partidos contra vecino 0
Resultado 11
33166.9
Yo soy: 
22 34 58 23 83 -14 71 77 -7 -3 78 51 40 1 84 El mejor fue: 0
22 34 58 18 83 -14 71 77 -7 -3 78 51 40 1 84 Generación 3
arranca 
Jugando Partidos contra vecino 0
Resultado 15
45270.7
Yo soy: 
22 34 58 18 83 -14 71 77 -7 -3 78 51 40 1 84 El mejor fue: 0
22 34 58 18 83 -14 71 72 -7 -3 78 51 40 1 84 Generación 2
arranca 
Jugando Partidos contra vecino 0
Resultado 15
45327.8
Yo soy: 
22 34 58 18 83 -14 71 72 -7 -3 78 51 40 1 84 El mejor fue: 0
22 34 58 18 83 -14 76 72 -7 -3 78 51 40 1 84 Generación 1
arranca 
Jugando Partidos contra vecino 0
Resultado 13
38655
Yo soy: 
22 34 58 18 83 -14 76 72 -7 -3 78 51 40 1 84 El mejor fue: 0
22 34 58 18 83 -14 76 72 -7 -3 78 51 45 1 84 Generación 0
9.31697e+06
