arranca 
Jugando Partidos contra vecino 0
Resultado 7
25039
Jugando Partidos contra vecino 1
Resultado 9
29088.6
Jugando Partidos contra vecino 2
Resultado 5
22835.1
Jugando Partidos contra vecino 3
Resultado 9
23143.1
Jugando Partidos contra vecino 4
Resultado 5
31566.5
Jugando Partidos contra vecino 5
Resultado 9
25345
Jugando Partidos contra vecino 6
Resultado 5
30898.3
Jugando Partidos contra vecino 7
Resultado 5
24083.2
Jugando Partidos contra vecino 8
Resultado 5
22496.2
Jugando Partidos contra vecino 9
Resultado 7
17692.1
Jugando Partidos contra vecino 10
Resultado 5
32041.9
Jugando Partidos contra vecino 11
Resultado 11
29824.9
Yo soy: 
13 86 38 15 28 49 36 91 20 25 18 46 29 53 17 El mejor fue: 11
13 86 38 15 28 49 56 91 20 25 18 46 29 53 17 Generación 19
arranca 
Jugando Partidos contra vecino 0
Resultado 4
25284.7
Jugando Partidos contra vecino 1
Resultado 9
29065.6
Jugando Partidos contra vecino 2
Resultado 10
29135.4
Yo soy: 
13 86 38 15 28 49 56 91 20 25 18 46 29 53 17 El mejor fue: 2
13 86 38 15 8 49 56 91 20 25 18 46 29 53 17 Generación 18
arranca 
Jugando Partidos contra vecino 0
Resultado 9
26906.4
Jugando Partidos contra vecino 1
Resultado 9
28208.9
Jugando Partidos contra vecino 2
Resultado 9
23553.4
Jugando Partidos contra vecino 3
Resultado 11
42367.7
Yo soy: 
13 86 38 15 8 49 56 91 20 25 18 46 29 53 17 El mejor fue: 3
13 86 18 15 8 49 56 91 20 25 18 46 29 53 17 Generación 17
arranca 
Jugando Partidos contra vecino 0
Resultado 8
33118.4
Jugando Partidos contra vecino 1
Resultado 12
48848.1
Yo soy: 
13 86 18 15 8 49 56 91 20 25 18 46 29 53 17 El mejor fue: 1
13 66 18 15 8 49 56 91 20 25 18 46 29 53 17 Generación 16
arranca 
Jugando Partidos contra vecino 0
Resultado 9
39457.6
Jugando Partidos contra vecino 1
Resultado 8
33196.5
Jugando Partidos contra vecino 2
Resultado 8
37172.8
Jugando Partidos contra vecino 3
Resultado 6
27110.3
Jugando Partidos contra vecino 4
Resultado 10
47376.9
Yo soy: 
13 66 18 15 8 49 56 91 20 25 18 46 29 53 17 El mejor fue: 4
-7 66 18 15 8 49 56 91 20 25 18 46 29 53 17 Generación 15
arranca 
Jugando Partidos contra vecino 0
Resultado 4
27251.9
Jugando Partidos contra vecino 1
Resultado 7
32408.6
Jugando Partidos contra vecino 2
Resultado 11
39064.6
Yo soy: 
-7 66 18 15 8 49 56 91 20 25 18 46 29 53 17 El mejor fue: 2
-7 86 18 15 8 49 56 91 20 25 18 46 29 53 17 Generación 14
arranca 
Jugando Partidos contra vecino 0
Resultado 7
23649.6
Jugando Partidos contra vecino 1
Resultado 6
34420.5
Jugando Partidos contra vecino 2
Resultado 3
21224.8
Jugando Partidos contra vecino 3
Resultado 12
47055.4
Yo soy: 
-7 86 18 15 8 49 56 91 20 25 18 46 29 53 17 El mejor fue: 3
-7 86 18 15 8 49 36 91 20 25 18 46 29 53 17 Generación 13
arranca 
Jugando Partidos contra vecino 0
Resultado 8
37419.9
Jugando Partidos contra vecino 1
Resultado 8
29188.8
Jugando Partidos contra vecino 2
Resultado 9
42016.3
Jugando Partidos contra vecino 3
Resultado 11
41120.4
Yo soy: 
-7 86 18 15 8 49 36 91 20 25 18 46 29 53 17 El mejor fue: 3
-7 66 18 15 8 49 36 91 20 25 18 46 29 53 17 Generación 12
arranca 
Jugando Partidos contra vecino 0
Resultado 11
42613.2
Yo soy: 
-7 66 18 15 8 49 36 91 20 25 18 46 29 53 17 El mejor fue: 0
-27 66 18 15 8 49 36 91 20 25 18 46 29 53 17 Generación 11
arranca 
Jugando Partidos contra vecino 0
Resultado 9
43801.9
Jugando Partidos contra vecino 1
Resultado 12
48178.7
Yo soy: 
-27 66 18 15 8 49 36 91 20 25 18 46 29 53 17 El mejor fue: 1
-27 66 18 15 8 49 36 91 20 25 18 46 29 53 -3 Generación 10
arranca 
Jugando Partidos contra vecino 0
Resultado 12
51447.2
Yo soy: 
-27 66 18 15 8 49 36 91 20 25 18 46 29 53 -3 El mejor fue: 0
-7 66 18 15 8 49 36 91 20 25 18 46 29 53 -3 Generación 9
arranca 
Jugando Partidos contra vecino 0
Resultado 12
47673.4
Yo soy: 
-7 66 18 15 8 49 36 91 20 25 18 46 29 53 -3 El mejor fue: 0
-7 66 18 15 8 49 36 91 20 25 38 46 29 53 -3 Generación 8
arranca 
Jugando Partidos contra vecino 0
Resultado 13
43992.7
Yo soy: 
-7 66 18 15 8 49 36 91 20 25 38 46 29 53 -3 El mejor fue: 0
-7 66 18 15 8 49 56 91 20 25 38 46 29 53 -3 Generación 7
arranca 
Jugando Partidos contra vecino 0
Resultado 4
35541
Jugando Partidos contra vecino 1
Resultado 9
35868.9
Jugando Partidos contra vecino 2
Resultado 10
41540.7
Yo soy: 
-7 66 18 15 8 49 56 91 20 25 38 46 29 53 -3 El mejor fue: 2
-7 86 18 15 8 49 56 91 20 25 38 46 29 53 -3 Generación 6
arranca 
Jugando Partidos contra vecino 0
Resultado 0
17729.8
Jugando Partidos contra vecino 1
Resultado 4
27071.5
Jugando Partidos contra vecino 2
Resultado 9
33383.8
Jugando Partidos contra vecino 3
Resultado 4
28449
Jugando Partidos contra vecino 4
Resultado 9
41293.5
Jugando Partidos contra vecino 5
Resultado 9
31005.1
Jugando Partidos contra vecino 6
Resultado 9
43199.9
Jugando Partidos contra vecino 7
Resultado 12
49641.7
Yo soy: 
-7 86 18 15 8 49 56 91 20 25 38 46 29 53 -3 El mejor fue: 7
-7 86 18 -5 8 49 56 91 20 25 38 46 29 53 -3 Generación 5
arranca 
Jugando Partidos contra vecino 0
Resultado 3
22396.7
Jugando Partidos contra vecino 1
Resultado 4
29548.8
Jugando Partidos contra vecino 2
Resultado 2
32897.7
Jugando Partidos contra vecino 3
Resultado 9
39856.6
Jugando Partidos contra vecino 4
Resultado 7
30775.6
Jugando Partidos contra vecino 5
Resultado 1
15496.8
Jugando Partidos contra vecino 6
Resultado 10
45228.9
Yo soy: 
-7 86 18 -5 8 49 56 91 20 25 38 46 29 53 -3 El mejor fue: 6
-7 86 18 -5 8 49 56 91 20 25 18 46 29 53 -3 Generación 4
arranca 
Jugando Partidos contra vecino 0
Resultado 1
26674.9
Jugando Partidos contra vecino 1
Resultado 7
29285.9
Jugando Partidos contra vecino 2
Resultado 15
45463.3
Yo soy: 
-7 86 18 -5 8 49 56 91 20 25 18 46 29 53 -3 El mejor fue: 2
-7 86 18 -25 8 49 56 91 20 25 18 46 29 53 -3 Generación 3
arranca 
Jugando Partidos contra vecino 0
Resultado 4
26165.2
Jugando Partidos contra vecino 1
Resultado 2
26499.9
Jugando Partidos contra vecino 2
Resultado 7
24926.6
Jugando Partidos contra vecino 3
Resultado 13
38112.2
Yo soy: 
-7 86 18 -25 8 49 56 91 20 25 18 46 29 53 -3 El mejor fue: 3
-7 86 18 -25 8 49 56 91 20 25 18 46 29 73 -3 Generación 2
arranca 
Jugando Partidos contra vecino 0
Resultado 13
38371
Yo soy: 
-7 86 18 -25 8 49 56 91 20 25 18 46 29 73 -3 El mejor fue: 0
-7 86 18 -25 8 49 56 51 20 25 18 46 29 73 -3 Generación 1
arranca 
Jugando Partidos contra vecino 0
Resultado 7
28311.4
Jugando Partidos contra vecino 1
Resultado 15
40985.9
Yo soy: 
-7 86 18 -25 8 49 56 51 20 25 18 46 29 73 -3 El mejor fue: 1
-7 86 18 -25 8 49 56 51 20 45 18 46 29 73 -3 Generación 0
2.36311e+06
