arranca 
Jugando Partidos contra vecino 0
Resultado 5
48245.8
Jugando Partidos contra vecino 1
Resultado 5
42857.3
Jugando Partidos contra vecino 2
Resultado 7
56817.3
Jugando Partidos contra vecino 3
Resultado 5
47545.2
Jugando Partidos contra vecino 4
Resultado 5
45672.7
Jugando Partidos contra vecino 5
Resultado 5
45239.1
Jugando Partidos contra vecino 6
Resultado 5
48157.7
Jugando Partidos contra vecino 7
Resultado 5
39890.2
Jugando Partidos contra vecino 8
Resultado 5
58181.1
Jugando Partidos contra vecino 9
Resultado 5
47349.9
Jugando Partidos contra vecino 10
Resultado 5
12350.2
Jugando Partidos contra vecino 11
Resultado 5
48224.9
Jugando Partidos contra vecino 12
Resultado 5
50814.3
Jugando Partidos contra vecino 13
Resultado 5
12816.6
Jugando Partidos contra vecino 14
Resultado 5
48205.8
Jugando Partidos contra vecino 15
Resultado 5
42081.9
Jugando Partidos contra vecino 16
Resultado 5
32360.4
Jugando Partidos contra vecino 17
Resultado 5
43023.1
Jugando Partidos contra vecino 18
Resultado 5
41796.3
Jugando Partidos contra vecino 19
Resultado 9
28445
Jugando Partidos contra vecino 20
Resultado 5
50868.5
Jugando Partidos contra vecino 21
Resultado 5
49459.4
Jugando Partidos contra vecino 22
Resultado 5
40078.1
Jugando Partidos contra vecino 23
Resultado 5
46194.6
Jugando Partidos contra vecino 24
Resultado 5
45232.8
Jugando Partidos contra vecino 25
Resultado 5
44583
Jugando Partidos contra vecino 26
Resultado 5
45560.2
Jugando Partidos contra vecino 27
Resultado 9
44824.2
Jugando Partidos contra vecino 28
Resultado 5
46552.4
Jugando Partidos contra vecino 29
Resultado 5
51875.8
Jugando Partidos contra vecino 30
Resultado 5
54966.5
Jugando Partidos contra vecino 31
Resultado 5
48103.1
Jugando Partidos contra vecino 32
Resultado 5
53932.5
Jugando Partidos contra vecino 33
Resultado 5
48875.4
Jugando Partidos contra vecino 34
Resultado 5
42798.4
Jugando Partidos contra vecino 35
Resultado 5
44908.6
1.59889e+06
arranca 
Jugando Partidos contra vecino 0
Resultado 4
22749.1
Jugando Partidos contra vecino 1
Resultado 4
19738.2
Jugando Partidos contra vecino 2
Resultado 4
20269.8
Jugando Partidos contra vecino 3
Resultado 9
21496.2
Jugando Partidos contra vecino 4
Resultado 2
29689.8
Jugando Partidos contra vecino 5
Resultado 4
23555
Jugando Partidos contra vecino 6
Resultado 6
19039.8
Jugando Partidos contra vecino 7
Resultado 11
28483.3
Yo soy: 
90 25 61 77 14 6 58 18 68 74 100 85 52 94 70 41 59 47 El mejor fue: 7
90 25 61 77 14 6 58 -22 68 74 100 85 52 94 70 41 59 47 Generación 199
arranca 
Jugando Partidos contra vecino 0
Resultado 9
29065.7
Jugando Partidos contra vecino 1
Resultado 4
24593
Jugando Partidos contra vecino 2
Resultado 11
26730.1
Yo soy: 
90 25 61 77 14 6 58 -22 68 74 100 85 52 94 70 41 59 47 El mejor fue: 2
90 25 61 77 14 6 58 -22 68 24 100 85 52 94 70 41 59 47 Generación 198
arranca 
Jugando Partidos contra vecino 0
Resultado 7
21404.9
Jugando Partidos contra vecino 1
Resultado 9
30837
Jugando Partidos contra vecino 2
Resultado 9
25222
Jugando Partidos contra vecino 3
Resultado 9
23832
Jugando Partidos contra vecino 4
Resultado 5
31193
Jugando Partidos contra vecino 5
Resultado 8
27655.9
Jugando Partidos contra vecino 6
Resultado 13
38871.1
Yo soy: 
90 25 61 77 14 6 58 -22 68 24 100 85 52 94 70 41 59 47 El mejor fue: 6
90 65 61 77 14 6 58 -22 68 24 100 85 52 94 70 41 59 47 Generación 197
arranca 
Jugando Partidos contra vecino 0
Resultado 5
26464.6
Jugando Partidos contra vecino 1
Resultado 10
34285
Yo soy: 
90 65 61 77 14 6 58 -22 68 24 100 85 52 94 70 41 59 47 El mejor fue: 1
90 65 61 77 14 -34 58 -22 68 24 100 85 52 94 70 41 59 47 Generación 196
arranca 
Jugando Partidos contra vecino 0
Resultado 4
14228.3
Jugando Partidos contra vecino 1
Resultado 10
26790.4
Yo soy: 
90 65 61 77 14 -34 58 -22 68 24 100 85 52 94 70 41 59 47 El mejor fue: 1
90 65 61 77 14 -34 98 -22 68 24 100 85 52 94 70 41 59 47 Generación 195
arranca 
Jugando Partidos contra vecino 0
Resultado 4
20117.4
Jugando Partidos contra vecino 1
Resultado 9
35227.4
Jugando Partidos contra vecino 2
Resultado 7
23306.2
Jugando Partidos contra vecino 3
Resultado 6
33546.6
Jugando Partidos contra vecino 4
Resultado 7
28016.7
Jugando Partidos contra vecino 5
Resultado 11
28217.7
Yo soy: 
90 65 61 77 14 -34 98 -22 68 24 100 85 52 94 70 41 59 47 El mejor fue: 5
90 65 61 77 14 -34 58 -22 68 24 100 85 52 94 70 41 59 47 Generación 194
arranca 
Jugando Partidos contra vecino 0
Resultado 13
36388.8
Yo soy: 
90 65 61 77 14 -34 58 -22 68 24 100 85 52 94 70 41 59 47 El mejor fue: 0
90 65 61 77 14 -34 58 -62 68 24 100 85 52 94 70 41 59 47 Generación 193
arranca 
Jugando Partidos contra vecino 0
Resultado 9
24187.1
Jugando Partidos contra vecino 1
Resultado 11
36241.2
Yo soy: 
90 65 61 77 14 -34 58 -62 68 24 100 85 52 94 70 41 59 47 El mejor fue: 1
90 65 61 77 14 -34 58 -62 68 24 50 85 52 94 70 41 59 47 Generación 192
arranca 
Jugando Partidos contra vecino 0
Resultado 7
25203.8
Jugando Partidos contra vecino 1
Resultado 10
32370.2
Yo soy: 
90 65 61 77 14 -34 58 -62 68 24 50 85 52 94 70 41 59 47 El mejor fue: 1
90 65 61 77 14 -34 58 -62 68 24 50 85 92 94 70 41 59 47 Generación 191
arranca 
Jugando Partidos contra vecino 0
Resultado 6
26899.7
Jugando Partidos contra vecino 1
Resultado 7
27219.1
Jugando Partidos contra vecino 2
Resultado 9
32917.3
Jugando Partidos contra vecino 3
Resultado 7
21145.7
Jugando Partidos contra vecino 4
Resultado 6
22355.7
Jugando Partidos contra vecino 5
Resultado 9
25185.8
Jugando Partidos contra vecino 6
Resultado 9
26661.9
Jugando Partidos contra vecino 7
Resultado 6
24490.9
Jugando Partidos contra vecino 8
Resultado 9
30782.7
Jugando Partidos contra vecino 9
Resultado 8
21669.3
Jugando Partidos contra vecino 10
Resultado 15
32521.9
Yo soy: 
90 65 61 77 14 -34 58 -62 68 24 50 85 92 94 70 41 59 47 El mejor fue: 10
90 65 61 77 14 -34 58 -62 68 24 50 85 92 94 70 81 59 47 Generación 190
arranca 
Jugando Partidos contra vecino 0
Resultado 5
70307.6
Jugando Partidos contra vecino 1
Resultado 9
33714.7
Jugando Partidos contra vecino 2
Resultado 7
31634.2
Jugando Partidos contra vecino 3
Resultado 11
28542
Yo soy: 
90 65 61 77 14 -34 58 -62 68 24 50 85 92 94 70 81 59 47 El mejor fue: 3
90 65 61 77 14 -34 58 -22 68 24 50 85 92 94 70 81 59 47 Generación 189
arranca 
Jugando Partidos contra vecino 0
Resultado 15
35734.3
Yo soy: 
90 65 61 77 14 -34 58 -22 68 24 50 85 92 94 70 81 59 47 El mejor fue: 0
90 15 61 77 14 -34 58 -22 68 24 50 85 92 94 70 81 59 47 Generación 188
arranca 
Jugando Partidos contra vecino 0
Resultado 7
33298.9
Jugando Partidos contra vecino 1
Resultado 6
27995
Jugando Partidos contra vecino 2
Resultado 7
22693.7
Jugando Partidos contra vecino 3
Resultado 9
32476.5
Jugando Partidos contra vecino 4
Resultado 5
31172.2
Jugando Partidos contra vecino 5
Resultado 11
32248.2
Yo soy: 
90 15 61 77 14 -34 58 -22 68 24 50 85 92 94 70 81 59 47 El mejor fue: 5
90 15 61 77 14 -34 98 -22 68 24 50 85 92 94 70 81 59 47 Generación 187
arranca 
Jugando Partidos contra vecino 0
Resultado 5
61089.1
Jugando Partidos contra vecino 1
Resultado 9
30173.3
Jugando Partidos contra vecino 2
Resultado 7
27482.5
Jugando Partidos contra vecino 3
Resultado 9
33792.5
Jugando Partidos contra vecino 4
Resultado 9
29393.1
Jugando Partidos contra vecino 5
Resultado 5
28843.1
Jugando Partidos contra vecino 6
Resultado 7
29072.7
Jugando Partidos contra vecino 7
Resultado 5
29706.1
Jugando Partidos contra vecino 8
Resultado 5
30388.6
Jugando Partidos contra vecino 9
Resultado 9
34358.9
Jugando Partidos contra vecino 10
Resultado 5
32224.6
Jugando Partidos contra vecino 11
Resultado 5
28709.4
Jugando Partidos contra vecino 12
Resultado 5
29514.3
Jugando Partidos contra vecino 13
Resultado 11
32970.5
Yo soy: 
90 15 61 77 14 -34 98 -22 68 24 50 85 92 94 70 81 59 47 El mejor fue: 13
90 15 61 77 14 -34 98 -22 68 24 50 85 92 94 70 81 59 87 Generación 186
arranca 
Jugando Partidos contra vecino 0
Resultado 9
30880.7
Jugando Partidos contra vecino 1
Resultado 9
33373.9
Jugando Partidos contra vecino 2
Resultado 5
24183.1
Jugando Partidos contra vecino 3
Resultado 9
27577.5
Jugando Partidos contra vecino 4
Resultado 9
35745.1
Jugando Partidos contra vecino 5
Resultado 7
23869.1
Jugando Partidos contra vecino 6
Resultado 13
29397.2
Yo soy: 
90 15 61 77 14 -34 98 -22 68 24 50 85 92 94 70 81 59 87 El mejor fue: 6
90 15 61 77 14 -34 98 -22 68 24 50 85 52 94 70 81 59 87 Generación 185
arranca 
Jugando Partidos contra vecino 0
Resultado 11
31083.3
Yo soy: 
90 15 61 77 14 -34 98 -22 68 24 50 85 52 94 70 81 59 87 El mejor fue: 0
90 15 11 77 14 -34 98 -22 68 24 50 85 52 94 70 81 59 87 Generación 184
arranca 
Jugando Partidos contra vecino 0
Resultado 9
25468.4
Jugando Partidos contra vecino 1
Resultado 11
35659.9
Yo soy: 
90 15 11 77 14 -34 98 -22 68 24 50 85 52 94 70 81 59 87 El mejor fue: 1
90 55 11 77 14 -34 98 -22 68 24 50 85 52 94 70 81 59 87 Generación 183
arranca 
Jugando Partidos contra vecino 0
Resultado 5
29448.5
Jugando Partidos contra vecino 1
Resultado 15
42012.2
Yo soy: 
90 55 11 77 14 -34 98 -22 68 24 50 85 52 94 70 81 59 87 El mejor fue: 1
90 55 11 77 14 -34 98 -22 68 24 50 45 52 94 70 81 59 87 Generación 182
arranca 
Jugando Partidos contra vecino 0
Resultado 15
43506.9
Yo soy: 
90 55 11 77 14 -34 98 -22 68 24 50 45 52 94 70 81 59 87 El mejor fue: 0
90 55 11 77 14 -34 98 -22 68 24 90 45 52 94 70 81 59 87 Generación 181
arranca 
Jugando Partidos contra vecino 0
Resultado 7
26386.3
Jugando Partidos contra vecino 1
Resultado 13
37301.8
Yo soy: 
90 55 11 77 14 -34 98 -22 68 24 90 45 52 94 70 81 59 87 El mejor fue: 1
90 55 11 77 14 6 98 -22 68 24 90 45 52 94 70 81 59 87 Generación 180
arranca 
Jugando Partidos contra vecino 0
Resultado 7
28985.3
Jugando Partidos contra vecino 1
Resultado 15
33200.4
Yo soy: 
90 55 11 77 14 6 98 -22 68 24 90 45 52 94 70 81 59 87 El mejor fue: 1
90 55 11 77 14 6 98 -22 68 24 90 85 52 94 70 81 59 87 Generación 179
arranca 
Jugando Partidos contra vecino 0
Resultado 13
39176
Yo soy: 
90 55 11 77 14 6 98 -22 68 24 90 85 52 94 70 81 59 87 El mejor fue: 0
90 55 11 77 14 6 98 -22 68 24 90 85 92 94 70 81 59 87 Generación 178
arranca 
Jugando Partidos contra vecino 0
Resultado 15
35805
Yo soy: 
90 55 11 77 14 6 98 -22 68 24 90 85 92 94 70 81 59 87 El mejor fue: 0
40 55 11 77 14 6 98 -22 68 24 90 85 92 94 70 81 59 87 Generación 177
arranca 
Jugando Partidos contra vecino 0
Resultado 13
41226.6
Yo soy: 
40 55 11 77 14 6 98 -22 68 24 90 85 92 94 70 81 59 87 El mejor fue: 0
40 55 11 77 14 6 98 -22 68 24 90 85 92 94 70 81 19 87 Generación 176
arranca 
Jugando Partidos contra vecino 0
Resultado 9
31764.6
Jugando Partidos contra vecino 1
Resultado 8
25972
Jugando Partidos contra vecino 2
Resultado 15
44419.8
Yo soy: 
40 55 11 77 14 6 98 -22 68 24 90 85 92 94 70 81 19 87 El mejor fue: 2
40 55 11 77 14 6 48 -22 68 24 90 85 92 94 70 81 19 87 Generación 175
arranca 
Jugando Partidos contra vecino 0
Resultado 15
33066.4
Yo soy: 
40 55 11 77 14 6 48 -22 68 24 90 85 92 94 70 81 19 87 El mejor fue: 0
40 55 11 77 14 6 48 -22 68 24 90 85 92 94 70 81 19 47 Generación 174
arranca 
Jugando Partidos contra vecino 0
Resultado 11
31684.8
Yo soy: 
40 55 11 77 14 6 48 -22 68 24 90 85 92 94 70 81 19 47 El mejor fue: 0
40 55 11 77 14 6 48 -22 68 24 90 85 92 94 70 81 19 87 Generación 173
arranca 
Jugando Partidos contra vecino 0
Resultado 15
53958.7
Yo soy: 
40 55 11 77 14 6 48 -22 68 24 90 85 92 94 70 81 19 87 El mejor fue: 0
40 15 11 77 14 6 48 -22 68 24 90 85 92 94 70 81 19 87 Generación 172
arranca 
Jugando Partidos contra vecino 0
Resultado 11
35815.1
Yo soy: 
40 15 11 77 14 6 48 -22 68 24 90 85 92 94 70 81 19 87 El mejor fue: 0
40 15 11 77 14 6 48 -22 68 24 90 85 52 94 70 81 19 87 Generación 171
arranca 
Jugando Partidos contra vecino 0
Resultado 15
41946.6
Yo soy: 
40 15 11 77 14 6 48 -22 68 24 90 85 52 94 70 81 19 87 El mejor fue: 0
40 15 11 77 14 6 48 -22 68 -16 90 85 52 94 70 81 19 87 Generación 170
arranca 
Jugando Partidos contra vecino 0
Resultado 12
41902
Yo soy: 
40 15 11 77 14 6 48 -22 68 -16 90 85 52 94 70 81 19 87 El mejor fue: 0
40 15 11 77 14 6 48 -22 68 -16 90 85 52 54 70 81 19 87 Generación 169
arranca 
Jugando Partidos contra vecino 0
Resultado 13
46471.9
Yo soy: 
40 15 11 77 14 6 48 -22 68 -16 90 85 52 54 70 81 19 87 El mejor fue: 0
40 -25 11 77 14 6 48 -22 68 -16 90 85 52 54 70 81 19 87 Generación 168
arranca 
Jugando Partidos contra vecino 0
Resultado 15
41206.2
Yo soy: 
40 -25 11 77 14 6 48 -22 68 -16 90 85 52 54 70 81 19 87 El mejor fue: 0
40 -25 11 77 14 6 48 -22 68 24 90 85 52 54 70 81 19 87 Generación 167
arranca 
Jugando Partidos contra vecino 0
Resultado 13
49445.7
Yo soy: 
40 -25 11 77 14 6 48 -22 68 24 90 85 52 54 70 81 19 87 El mejor fue: 0
40 -25 11 77 14 46 48 -22 68 24 90 85 52 54 70 81 19 87 Generación 166
arranca 
Jugando Partidos contra vecino 0
Resultado 5
33237.8
Jugando Partidos contra vecino 1
Resultado 15
48247.8
Yo soy: 
40 -25 11 77 14 46 48 -22 68 24 90 85 52 54 70 81 19 87 El mejor fue: 1
40 -25 11 77 14 46 48 -22 68 24 90 85 52 54 70 81 -21 87 Generación 165
arranca 
Jugando Partidos contra vecino 0
Resultado 12
41800.1
Yo soy: 
40 -25 11 77 14 46 48 -22 68 24 90 85 52 54 70 81 -21 87 El mejor fue: 0
40 -25 11 77 14 46 48 -22 68 24 90 85 52 94 70 81 -21 87 Generación 164
arranca 
Jugando Partidos contra vecino 0
Resultado 12
41748
Yo soy: 
40 -25 11 77 14 46 48 -22 68 24 90 85 52 94 70 81 -21 87 El mejor fue: 0
40 -25 11 77 14 46 48 -62 68 24 90 85 52 94 70 81 -21 87 Generación 163
arranca 
Jugando Partidos contra vecino 0
Resultado 15
47785.5
Yo soy: 
40 -25 11 77 14 46 48 -62 68 24 90 85 52 94 70 81 -21 87 El mejor fue: 0
40 -25 11 77 14 46 48 -12 68 24 90 85 52 94 70 81 -21 87 Generación 162
arranca 
Jugando Partidos contra vecino 0
Resultado 4
17624.7
Jugando Partidos contra vecino 1
Resultado 13
35461.2
Yo soy: 
40 -25 11 77 14 46 48 -12 68 24 90 85 52 94 70 81 -21 87 El mejor fue: 1
40 -25 11 77 14 86 48 -12 68 24 90 85 52 94 70 81 -21 87 Generación 161
arranca 
Jugando Partidos contra vecino 0
Resultado 15
40051.4
Yo soy: 
40 -25 11 77 14 86 48 -12 68 24 90 85 52 94 70 81 -21 87 El mejor fue: 0
40 -25 -29 77 14 86 48 -12 68 24 90 85 52 94 70 81 -21 87 Generación 160
arranca 
Jugando Partidos contra vecino 0
Resultado 15
39538.7
Yo soy: 
40 -25 -29 77 14 86 48 -12 68 24 90 85 52 94 70 81 -21 87 El mejor fue: 0
40 -25 -29 77 14 86 48 -12 68 24 90 85 12 94 70 81 -21 87 Generación 159
arranca 
Jugando Partidos contra vecino 0
Resultado 10
23553.5
Yo soy: 
40 -25 -29 77 14 86 48 -12 68 24 90 85 12 94 70 81 -21 87 El mejor fue: 0
40 -25 -29 77 54 86 48 -12 68 24 90 85 12 94 70 81 -21 87 Generación 158
arranca 
Jugando Partidos contra vecino 0
Resultado 15
35544.6
Yo soy: 
40 -25 -29 77 54 86 48 -12 68 24 90 85 12 94 70 81 -21 87 El mejor fue: 0
40 -25 -29 77 54 86 48 -52 68 24 90 85 12 94 70 81 -21 87 Generación 157
arranca 
Jugando Partidos contra vecino 0
Resultado 7
23843.3
Jugando Partidos contra vecino 1
Resultado 13
30617.7
Yo soy: 
40 -25 -29 77 54 86 48 -52 68 24 90 85 12 94 70 81 -21 87 El mejor fue: 1
40 -25 -29 77 54 46 48 -52 68 24 90 85 12 94 70 81 -21 87 Generación 156
arranca 
Jugando Partidos contra vecino 0
Resultado 9
24821.6
Jugando Partidos contra vecino 1
Resultado 4
22612.5
Jugando Partidos contra vecino 2
Resultado 8
26779
Jugando Partidos contra vecino 3
Resultado 7
29691.3
Jugando Partidos contra vecino 4
Resultado 9
30091.6
Jugando Partidos contra vecino 5
Resultado 13
26772.4
Yo soy: 
40 -25 -29 77 54 46 48 -52 68 24 90 85 12 94 70 81 -21 87 El mejor fue: 5
40 -25 -29 77 54 46 48 -52 68 24 40 85 12 94 70 81 -21 87 Generación 155
arranca 
Jugando Partidos contra vecino 0
Resultado 8
28776.4
Jugando Partidos contra vecino 1
Resultado 8
30116.6
Jugando Partidos contra vecino 2
Resultado 11
25259.3
Yo soy: 
40 -25 -29 77 54 46 48 -52 68 24 40 85 12 94 70 81 -21 87 El mejor fue: 2
40 -25 -29 77 54 46 48 -52 68 24 40 85 12 94 20 81 -21 87 Generación 154
arranca 
Jugando Partidos contra vecino 0
Resultado 15
44167.6
Yo soy: 
40 -25 -29 77 54 46 48 -52 68 24 40 85 12 94 20 81 -21 87 El mejor fue: 0
40 -25 -29 77 54 46 48 -52 18 24 40 85 12 94 20 81 -21 87 Generación 153
arranca 
Jugando Partidos contra vecino 0
Resultado 13
53710.8
Yo soy: 
40 -25 -29 77 54 46 48 -52 18 24 40 85 12 94 20 81 -21 87 El mejor fue: 0
40 -25 -29 27 54 46 48 -52 18 24 40 85 12 94 20 81 -21 87 Generación 152
arranca 
Jugando Partidos contra vecino 0
Resultado 15
45421.8
Yo soy: 
40 -25 -29 27 54 46 48 -52 18 24 40 85 12 94 20 81 -21 87 El mejor fue: 0
40 -25 -29 27 54 46 48 -52 58 24 40 85 12 94 20 81 -21 87 Generación 151
arranca 
Jugando Partidos contra vecino 0
Resultado 15
49373.4
Yo soy: 
40 -25 -29 27 54 46 48 -52 58 24 40 85 12 94 20 81 -21 87 El mejor fue: 0
40 -25 -29 27 54 46 48 -52 58 24 40 85 52 94 20 81 -21 87 Generación 150
arranca 
Jugando Partidos contra vecino 0
Resultado 15
61042.3
Yo soy: 
40 -25 -29 27 54 46 48 -52 58 24 40 85 52 94 20 81 -21 87 El mejor fue: 0
40 -25 11 27 54 46 48 -52 58 24 40 85 52 94 20 81 -21 87 Generación 149
arranca 
Jugando Partidos contra vecino 0
Resultado 15
49541.1
Yo soy: 
40 -25 11 27 54 46 48 -52 58 24 40 85 52 94 20 81 -21 87 El mejor fue: 0
40 -25 11 27 54 46 48 -52 58 24 40 85 12 94 20 81 -21 87 Generación 148
arranca 
Jugando Partidos contra vecino 0
Resultado 12
41387
Yo soy: 
40 -25 11 27 54 46 48 -52 58 24 40 85 12 94 20 81 -21 87 El mejor fue: 0
40 -25 11 27 54 46 48 -52 58 24 40 85 12 54 20 81 -21 87 Generación 147
arranca 
Jugando Partidos contra vecino 0
Resultado 11
29898.7
Yo soy: 
40 -25 11 27 54 46 48 -52 58 24 40 85 12 54 20 81 -21 87 El mejor fue: 0
40 -25 11 27 54 46 48 -12 58 24 40 85 12 54 20 81 -21 87 Generación 146
arranca 
Jugando Partidos contra vecino 0
Resultado 12
36114.2
Yo soy: 
40 -25 11 27 54 46 48 -12 58 24 40 85 12 54 20 81 -21 87 El mejor fue: 0
40 -25 11 27 54 46 48 -12 18 24 40 85 12 54 20 81 -21 87 Generación 145
arranca 
Jugando Partidos contra vecino 0
Resultado 15
37002.8
Yo soy: 
40 -25 11 27 54 46 48 -12 18 24 40 85 12 54 20 81 -21 87 El mejor fue: 0
40 -25 11 27 54 46 48 -12 18 24 40 85 12 54 20 81 19 87 Generación 144
arranca 
Jugando Partidos contra vecino 0
Resultado 15
39385.4
Yo soy: 
40 -25 11 27 54 46 48 -12 18 24 40 85 12 54 20 81 19 87 El mejor fue: 0
40 -25 11 27 54 46 48 -12 18 24 80 85 12 54 20 81 19 87 Generación 143
arranca 
Jugando Partidos contra vecino 0
Resultado 15
52518.1
Yo soy: 
40 -25 11 27 54 46 48 -12 18 24 80 85 12 54 20 81 19 87 El mejor fue: 0
40 -25 11 27 14 46 48 -12 18 24 80 85 12 54 20 81 19 87 Generación 142
arranca 
Jugando Partidos contra vecino 0
Resultado 15
40150
Yo soy: 
40 -25 11 27 14 46 48 -12 18 24 80 85 12 54 20 81 19 87 El mejor fue: 0
40 -25 11 27 14 86 48 -12 18 24 80 85 12 54 20 81 19 87 Generación 141
arranca 
Jugando Partidos contra vecino 0
Resultado 15
53358.6
Yo soy: 
40 -25 11 27 14 86 48 -12 18 24 80 85 12 54 20 81 19 87 El mejor fue: 0
40 -25 11 27 14 86 48 -12 18 24 80 85 12 54 20 81 19 47 Generación 140
arranca 
Jugando Partidos contra vecino 0
Resultado 5
30767.2
Jugando Partidos contra vecino 1
Resultado 13
40665.2
Yo soy: 
40 -25 11 27 14 86 48 -12 18 24 80 85 12 54 20 81 19 47 El mejor fue: 1
40 -25 11 27 14 86 48 -12 18 24 80 85 12 54 20 81 19 7 Generación 139
arranca 
Jugando Partidos contra vecino 0
Resultado 15
47487.1
Yo soy: 
40 -25 11 27 14 86 48 -12 18 24 80 85 12 54 20 81 19 7 El mejor fue: 0
40 -25 11 27 14 86 48 -12 18 24 80 85 12 54 60 81 19 7 Generación 138
arranca 
Jugando Partidos contra vecino 0
Resultado 15
49242.7
Yo soy: 
40 -25 11 27 14 86 48 -12 18 24 80 85 12 54 60 81 19 7 El mejor fue: 0
40 -25 11 27 14 46 48 -12 18 24 80 85 12 54 60 81 19 7 Generación 137
arranca 
Jugando Partidos contra vecino 0
Resultado 15
42329.8
Yo soy: 
40 -25 11 27 14 46 48 -12 18 24 80 85 12 54 60 81 19 7 El mejor fue: 0
40 -25 11 27 14 6 48 -12 18 24 80 85 12 54 60 81 19 7 Generación 136
arranca 
Jugando Partidos contra vecino 0
Resultado 15
43057.3
Yo soy: 
40 -25 11 27 14 6 48 -12 18 24 80 85 12 54 60 81 19 7 El mejor fue: 0
40 -25 11 27 14 46 48 -12 18 24 80 85 12 54 60 81 19 7 Generación 135
arranca 
Jugando Partidos contra vecino 0
Resultado 13
39906.5
Yo soy: 
40 -25 11 27 14 46 48 -12 18 24 80 85 12 54 60 81 19 7 El mejor fue: 0
40 -25 11 27 14 46 48 -12 18 64 80 85 12 54 60 81 19 7 Generación 134
arranca 
Jugando Partidos contra vecino 0
Resultado 4
17090.7
Jugando Partidos contra vecino 1
Resultado 13
41098
Yo soy: 
40 -25 11 27 14 46 48 -12 18 64 80 85 12 54 60 81 19 7 El mejor fue: 1
40 -25 11 27 14 46 48 -12 -22 64 80 85 12 54 60 81 19 7 Generación 133
arranca 
Jugando Partidos contra vecino 0
Resultado 13
37171
Yo soy: 
40 -25 11 27 14 46 48 -12 -22 64 80 85 12 54 60 81 19 7 El mejor fue: 0
40 -25 11 27 14 46 48 -12 -22 64 80 85 12 14 60 81 19 7 Generación 132
arranca 
Jugando Partidos contra vecino 0
Resultado 9
28640.3
Jugando Partidos contra vecino 1
Resultado 15
49850.3
Yo soy: 
40 -25 11 27 14 46 48 -12 -22 64 80 85 12 14 60 81 19 7 El mejor fue: 1
40 -25 11 27 54 46 48 -12 -22 64 80 85 12 14 60 81 19 7 Generación 131
arranca 
Jugando Partidos contra vecino 0
Resultado 13
44668.6
Yo soy: 
40 -25 11 27 54 46 48 -12 -22 64 80 85 12 14 60 81 19 7 El mejor fue: 0
40 -25 11 27 94 46 48 -12 -22 64 80 85 12 14 60 81 19 7 Generación 130
arranca 
Jugando Partidos contra vecino 0
Resultado 7
25627.9
Jugando Partidos contra vecino 1
Resultado 13
42991.9
Yo soy: 
40 -25 11 27 94 46 48 -12 -22 64 80 85 12 14 60 81 19 7 El mejor fue: 1
40 -25 11 27 94 6 48 -12 -22 64 80 85 12 14 60 81 19 7 Generación 129
arranca 
Jugando Partidos contra vecino 0
Resultado 15
56697.1
Yo soy: 
40 -25 11 27 94 6 48 -12 -22 64 80 85 12 14 60 81 19 7 El mejor fue: 0
40 -25 11 27 94 6 48 -12 -22 64 80 85 12 14 10 81 19 7 Generación 128
arranca 
Jugando Partidos contra vecino 0
Resultado 15
56593.2
Yo soy: 
40 -25 11 27 94 6 48 -12 -22 64 80 85 12 14 10 81 19 7 El mejor fue: 0
40 -25 11 27 54 6 48 -12 -22 64 80 85 12 14 10 81 19 7 Generación 127
arranca 
Jugando Partidos contra vecino 0
Resultado 13
45791.2
Yo soy: 
40 -25 11 27 54 6 48 -12 -22 64 80 85 12 14 10 81 19 7 El mejor fue: 0
40 -25 11 27 54 6 48 -12 18 64 80 85 12 14 10 81 19 7 Generación 126
arranca 
Jugando Partidos contra vecino 0
Resultado 13
40250.9
Yo soy: 
40 -25 11 27 54 6 48 -12 18 64 80 85 12 14 10 81 19 7 El mejor fue: 0
40 -25 11 27 54 6 88 -12 18 64 80 85 12 14 10 81 19 7 Generación 125
arranca 
Jugando Partidos contra vecino 0
Resultado 10
36795.7
Yo soy: 
40 -25 11 27 54 6 88 -12 18 64 80 85 12 14 10 81 19 7 El mejor fue: 0
40 -25 11 27 54 6 88 -12 18 64 80 35 12 14 10 81 19 7 Generación 124
arranca 
Jugando Partidos contra vecino 0
Resultado 6
24473.4
Jugando Partidos contra vecino 1
Resultado 11
30112.2
Yo soy: 
40 -25 11 27 54 6 88 -12 18 64 80 35 12 14 10 81 19 7 El mejor fue: 1
40 -65 11 27 54 6 88 -12 18 64 80 35 12 14 10 81 19 7 Generación 123
arranca 
Jugando Partidos contra vecino 0
Resultado 7
29378.5
Jugando Partidos contra vecino 1
Resultado 4
24193.1
Jugando Partidos contra vecino 2
Resultado 11
25916.2
Yo soy: 
40 -65 11 27 54 6 88 -12 18 64 80 35 12 14 10 81 19 7 El mejor fue: 2
40 -65 11 67 54 6 88 -12 18 64 80 35 12 14 10 81 19 7 Generación 122
arranca 
Jugando Partidos contra vecino 0
Resultado 6
22956.9
Jugando Partidos contra vecino 1
Resultado 7
23134.8
Jugando Partidos contra vecino 2
Resultado 13
25680.5
Yo soy: 
40 -65 11 67 54 6 88 -12 18 64 80 35 12 14 10 81 19 7 El mejor fue: 2
40 -65 11 67 54 6 38 -12 18 64 80 35 12 14 10 81 19 7 Generación 121
arranca 
Jugando Partidos contra vecino 0
Resultado 9
22400.3
Jugando Partidos contra vecino 1
Resultado 11
23998.2
Yo soy: 
40 -65 11 67 54 6 38 -12 18 64 80 35 12 14 10 81 19 7 El mejor fue: 1
40 -65 11 67 54 6 38 -12 18 64 80 35 12 14 -30 81 19 7 Generación 120
arranca 
Jugando Partidos contra vecino 0
Resultado 8
24014.8
Jugando Partidos contra vecino 1
Resultado 11
23288.1
Yo soy: 
40 -65 11 67 54 6 38 -12 18 64 80 35 12 14 -30 81 19 7 El mejor fue: 1
40 -65 11 67 54 6 38 -12 18 64 80 35 12 14 -30 81 19 47 Generación 119
arranca 
Jugando Partidos contra vecino 0
Resultado 9
22222.4
Jugando Partidos contra vecino 1
Resultado 9
21325.6
Jugando Partidos contra vecino 2
Resultado 11
25804.1
Yo soy: 
40 -65 11 67 54 6 38 -12 18 64 80 35 12 14 -30 81 19 47 El mejor fue: 2
40 -65 11 67 54 46 38 -12 18 64 80 35 12 14 -30 81 19 47 Generación 118
arranca 
Jugando Partidos contra vecino 0
Resultado 7
33370.5
Jugando Partidos contra vecino 1
Resultado 11
23896.8
Yo soy: 
40 -65 11 67 54 46 38 -12 18 64 80 35 12 14 -30 81 19 47 El mejor fue: 1
40 -65 11 67 14 46 38 -12 18 64 80 35 12 14 -30 81 19 47 Generación 117
arranca 
Jugando Partidos contra vecino 0
Resultado 11
26085.3
Yo soy: 
40 -65 11 67 14 46 38 -12 18 64 80 35 12 14 -30 81 19 47 El mejor fue: 0
80 -65 11 67 14 46 38 -12 18 64 80 35 12 14 -30 81 19 47 Generación 116
arranca 
Jugando Partidos contra vecino 0
Resultado 5
32188.6
Jugando Partidos contra vecino 1
Resultado 7
30024.5
Jugando Partidos contra vecino 2
Resultado 9
27514.5
Jugando Partidos contra vecino 3
Resultado 11
32358.1
Yo soy: 
80 -65 11 67 14 46 38 -12 18 64 80 35 12 14 -30 81 19 47 El mejor fue: 3
80 -65 11 67 14 46 38 -12 18 24 80 35 12 14 -30 81 19 47 Generación 115
arranca 
Jugando Partidos contra vecino 0
Resultado 7
24195.1
Jugando Partidos contra vecino 1
Resultado 7
20202.2
Jugando Partidos contra vecino 2
Resultado 11
20570.3
Yo soy: 
80 -65 11 67 14 46 38 -12 18 24 80 35 12 14 -30 81 19 47 El mejor fue: 2
80 -65 11 67 14 46 38 -12 -22 24 80 35 12 14 -30 81 19 47 Generación 114
arranca 
Jugando Partidos contra vecino 0
Resultado 5
14118.8
Jugando Partidos contra vecino 1
Resultado 7
15599
Jugando Partidos contra vecino 2
Resultado 5
16779.2
Jugando Partidos contra vecino 3
Resultado 5
24615.7
Jugando Partidos contra vecino 4
Resultado 6
21169.1
Jugando Partidos contra vecino 5
Resultado 7
20769
Jugando Partidos contra vecino 6
Resultado 4
23497.9
Jugando Partidos contra vecino 7
Resultado 7
18520.6
Jugando Partidos contra vecino 8
Resultado 5
28120.9
Jugando Partidos contra vecino 9
Resultado 5
13019.7
Jugando Partidos contra vecino 10
Resultado 5
13250.4
Jugando Partidos contra vecino 11
Resultado 5
11965.9
Jugando Partidos contra vecino 12
Resultado 7
18290
Jugando Partidos contra vecino 13
Resultado 5
20684.5
Jugando Partidos contra vecino 14
Resultado 5
19966.8
Jugando Partidos contra vecino 15
Resultado 9
25991.6
Jugando Partidos contra vecino 16
Resultado 7
21123.5
Jugando Partidos contra vecino 17
Resultado 7
22902.8
Jugando Partidos contra vecino 18
Resultado 11
26178.9
Yo soy: 
80 -65 11 67 14 46 38 -12 -22 24 80 35 12 14 -30 81 19 47 El mejor fue: 18
80 -65 11 67 14 46 38 -12 -22 24 80 35 52 14 -30 81 19 47 Generación 113
arranca 
Jugando Partidos contra vecino 0
Resultado 13
28581.7
Yo soy: 
80 -65 11 67 14 46 38 -12 -22 24 80 35 52 14 -30 81 19 47 El mejor fue: 0
80 -65 11 67 14 46 38 -12 -22 24 80 35 52 14 -70 81 19 47 Generación 112
arranca 
Jugando Partidos contra vecino 0
Resultado 11
22512.9
Yo soy: 
80 -65 11 67 14 46 38 -12 -22 24 80 35 52 14 -70 81 19 47 El mejor fue: 0
80 -65 11 67 14 46 38 -12 -22 64 80 35 52 14 -70 81 19 47 Generación 111
arranca 
Jugando Partidos contra vecino 0
Resultado 4
15619.5
Jugando Partidos contra vecino 1
Resultado 11
18900
Yo soy: 
80 -65 11 67 14 46 38 -12 -22 64 80 35 52 14 -70 81 19 47 El mejor fue: 1
80 -65 11 67 14 46 38 -12 -22 64 80 35 52 14 -70 81 59 47 Generación 110
arranca 
Jugando Partidos contra vecino 0
Resultado 13
25549.3
Yo soy: 
80 -65 11 67 14 46 38 -12 -22 64 80 35 52 14 -70 81 59 47 El mejor fue: 0
80 -65 11 67 14 46 38 -12 -22 24 80 35 52 14 -70 81 59 47 Generación 109
arranca 
Jugando Partidos contra vecino 0
Resultado 5
12723.9
Jugando Partidos contra vecino 1
Resultado 13
21706.3
Yo soy: 
80 -65 11 67 14 46 38 -12 -22 24 80 35 52 14 -70 81 59 47 El mejor fue: 1
80 -65 51 67 14 46 38 -12 -22 24 80 35 52 14 -70 81 59 47 Generación 108
arranca 
Jugando Partidos contra vecino 0
Resultado 9
29181.4
Jugando Partidos contra vecino 1
Resultado 4
21520.2
Jugando Partidos contra vecino 2
Resultado 5
23951.1
Jugando Partidos contra vecino 3
Resultado 5
26669.4
Jugando Partidos contra vecino 4
Resultado 7
26795.4
Jugando Partidos contra vecino 5
Resultado 5
25177.1
Jugando Partidos contra vecino 6
Resultado 9
30502.4
Jugando Partidos contra vecino 7
Resultado 4
18587.9
Jugando Partidos contra vecino 8
Resultado 5
28672.7
Jugando Partidos contra vecino 9
Resultado 9
30668.9
Jugando Partidos contra vecino 10
Resultado 4
18713.4
Jugando Partidos contra vecino 11
Resultado 10
42088.8
Yo soy: 
80 -65 51 67 14 46 38 -12 -22 24 80 35 52 14 -70 81 59 47 El mejor fue: 11
80 -65 51 67 14 46 38 -12 -22 24 40 35 52 14 -70 81 59 47 Generación 107
arranca 
Jugando Partidos contra vecino 0
Resultado 7
27204.3
Jugando Partidos contra vecino 1
Resultado 7
31445.4
Jugando Partidos contra vecino 2
Resultado 13
49758.3
Yo soy: 
80 -65 51 67 14 46 38 -12 -22 24 40 35 52 14 -70 81 59 47 El mejor fue: 2
80 -65 51 67 54 46 38 -12 -22 24 40 35 52 14 -70 81 59 47 Generación 106
arranca 
Jugando Partidos contra vecino 0
Resultado 11
36271.4
Yo soy: 
80 -65 51 67 54 46 38 -12 -22 24 40 35 52 14 -70 81 59 47 El mejor fue: 0
80 -65 51 67 54 46 38 -52 -22 24 40 35 52 14 -70 81 59 47 Generación 105
arranca 
Jugando Partidos contra vecino 0
Resultado 9
27953.1
Jugando Partidos contra vecino 1
Resultado 11
48214.2
Yo soy: 
80 -65 51 67 54 46 38 -52 -22 24 40 35 52 14 -70 81 59 47 El mejor fue: 1
80 -65 51 67 54 46 38 -52 18 24 40 35 52 14 -70 81 59 47 Generación 104
arranca 
Jugando Partidos contra vecino 0
Resultado 7
49799.1
Jugando Partidos contra vecino 1
Resultado 7
60084.5
Jugando Partidos contra vecino 2
Resultado 7
51801.1
Jugando Partidos contra vecino 3
Resultado 9
46708.9
Jugando Partidos contra vecino 4
Resultado 9
48087.2
Jugando Partidos contra vecino 5
Resultado 7
68118.4
Jugando Partidos contra vecino 6
Resultado 5
19203
Jugando Partidos contra vecino 7
Resultado 11
51395.1
Yo soy: 
80 -65 51 67 54 46 38 -52 18 24 40 35 52 14 -70 81 59 47 El mejor fue: 7
80 -65 51 67 54 46 38 -52 18 24 0 35 52 14 -70 81 59 47 Generación 103
arranca 
Jugando Partidos contra vecino 0
Resultado 5
59172.8
Jugando Partidos contra vecino 1
Resultado 4
36769.9
Jugando Partidos contra vecino 2
Resultado 7
36642.5
Jugando Partidos contra vecino 3
Resultado 4
20428.9
Jugando Partidos contra vecino 4
Resultado 7
43701.1
Jugando Partidos contra vecino 5
Resultado 5
37929.9
Jugando Partidos contra vecino 6
Resultado 11
44806.7
Yo soy: 
80 -65 51 67 54 46 38 -52 18 24 0 35 52 14 -70 81 59 47 El mejor fue: 6
80 -65 51 67 54 46 38 -52 18 24 0 35 92 14 -70 81 59 47 Generación 102
arranca 
Jugando Partidos contra vecino 0
Resultado 7
37894.2
Jugando Partidos contra vecino 1
Resultado 7
50404.5
Jugando Partidos contra vecino 2
Resultado 15
41021.1
Yo soy: 
80 -65 51 67 54 46 38 -52 18 24 0 35 92 14 -70 81 59 47 El mejor fue: 2
80 -65 51 67 54 46 38 -52 18 24 -40 35 92 14 -70 81 59 47 Generación 101
arranca 
Jugando Partidos contra vecino 0
Resultado 13
25344.5
Yo soy: 
80 -65 51 67 54 46 38 -52 18 24 -40 35 92 14 -70 81 59 47 El mejor fue: 0
80 -25 51 67 54 46 38 -52 18 24 -40 35 92 14 -70 81 59 47 Generación 100
arranca 
Jugando Partidos contra vecino 0
Resultado 13
32861.7
Yo soy: 
80 -25 51 67 54 46 38 -52 18 24 -40 35 92 14 -70 81 59 47 El mejor fue: 0
80 -25 51 67 54 46 38 -52 18 24 0 35 92 14 -70 81 59 47 Generación 99
arranca 
Jugando Partidos contra vecino 0
Resultado 4
24869.9
Jugando Partidos contra vecino 1
Resultado 11
34496.4
Yo soy: 
80 -25 51 67 54 46 38 -52 18 24 0 35 92 14 -70 81 59 47 El mejor fue: 1
80 -25 51 67 94 46 38 -52 18 24 0 35 92 14 -70 81 59 47 Generación 98
arranca 
Jugando Partidos contra vecino 0
Resultado 13
33654.3
Yo soy: 
80 -25 51 67 94 46 38 -52 18 24 0 35 92 14 -70 81 59 47 El mejor fue: 0
80 -25 51 67 94 46 38 -92 18 24 0 35 92 14 -70 81 59 47 Generación 97
arranca 
Jugando Partidos contra vecino 0
Resultado 13
30614.3
Yo soy: 
80 -25 51 67 94 46 38 -92 18 24 0 35 92 14 -70 81 59 47 El mejor fue: 0
80 -25 51 27 94 46 38 -92 18 24 0 35 92 14 -70 81 59 47 Generación 96
arranca 
Jugando Partidos contra vecino 0
Resultado 7
27731.7
Jugando Partidos contra vecino 1
Resultado 8
26328.5
Jugando Partidos contra vecino 2
Resultado 9
36783.8
Jugando Partidos contra vecino 3
Resultado 5
34183.4
Jugando Partidos contra vecino 4
Resultado 9
30666.7
Jugando Partidos contra vecino 5
Resultado 11
41725.6
Yo soy: 
80 -25 51 27 94 46 38 -92 18 24 0 35 92 14 -70 81 59 47 El mejor fue: 5
80 -25 11 27 94 46 38 -92 18 24 0 35 92 14 -70 81 59 47 Generación 95
arranca 
Jugando Partidos contra vecino 0
Resultado 4
23893.4
Jugando Partidos contra vecino 1
Resultado 13
42149.3
Yo soy: 
80 -25 11 27 94 46 38 -92 18 24 0 35 92 14 -70 81 59 47 El mejor fue: 1
80 -25 11 27 94 46 38 -92 -22 24 0 35 92 14 -70 81 59 47 Generación 94
arranca 
Jugando Partidos contra vecino 0
Resultado 13
38815.4
Yo soy: 
80 -25 11 27 94 46 38 -92 -22 24 0 35 92 14 -70 81 59 47 El mejor fue: 0
80 -25 11 27 94 46 38 -92 -22 24 0 35 92 -26 -70 81 59 47 Generación 93
arranca 
Jugando Partidos contra vecino 0
Resultado 15
53482.6
Yo soy: 
80 -25 11 27 94 46 38 -92 -22 24 0 35 92 -26 -70 81 59 47 El mejor fue: 0
80 -65 11 27 94 46 38 -92 -22 24 0 35 92 -26 -70 81 59 47 Generación 92
arranca 
Jugando Partidos contra vecino 0
Resultado 15
51514.4
Yo soy: 
80 -65 11 27 94 46 38 -92 -22 24 0 35 92 -26 -70 81 59 47 El mejor fue: 0
80 -65 11 27 94 46 38 -92 -22 24 0 35 52 -26 -70 81 59 47 Generación 91
arranca 
Jugando Partidos contra vecino 0
Resultado 5
33676.5
Jugando Partidos contra vecino 1
Resultado 13
48405.8
Yo soy: 
80 -65 11 27 94 46 38 -92 -22 24 0 35 52 -26 -70 81 59 47 El mejor fue: 1
80 -65 11 27 94 46 38 -92 -22 24 0 35 52 -26 -70 81 19 47 Generación 90
arranca 
Jugando Partidos contra vecino 0
Resultado 15
56191.9
Yo soy: 
80 -65 11 27 94 46 38 -92 -22 24 0 35 52 -26 -70 81 19 47 El mejor fue: 0
80 -65 11 27 94 46 38 -92 -22 24 0 35 52 -26 -70 81 19 7 Generación 89
arranca 
Jugando Partidos contra vecino 0
Resultado 13
44723
Yo soy: 
80 -65 11 27 94 46 38 -92 -22 24 0 35 52 -26 -70 81 19 7 El mejor fue: 0
80 -65 11 27 54 46 38 -92 -22 24 0 35 52 -26 -70 81 19 7 Generación 88
arranca 
Jugando Partidos contra vecino 0
Resultado 15
55062.2
Yo soy: 
80 -65 11 27 54 46 38 -92 -22 24 0 35 52 -26 -70 81 19 7 El mejor fue: 0
80 -65 11 27 54 46 78 -92 -22 24 0 35 52 -26 -70 81 19 7 Generación 87
arranca 
Jugando Partidos contra vecino 0
Resultado 15
50644.3
Yo soy: 
80 -65 11 27 54 46 78 -92 -22 24 0 35 52 -26 -70 81 19 7 El mejor fue: 0
80 -65 11 27 54 46 28 -92 -22 24 0 35 52 -26 -70 81 19 7 Generación 86
arranca 
Jugando Partidos contra vecino 0
Resultado 11
36481.7
Yo soy: 
80 -65 11 27 54 46 28 -92 -22 24 0 35 52 -26 -70 81 19 7 El mejor fue: 0
80 -65 11 27 54 46 28 -92 -22 24 0 35 52 14 -70 81 19 7 Generación 85
arranca 
Jugando Partidos contra vecino 0
Resultado 7
23843.7
Jugando Partidos contra vecino 1
Resultado 12
43413.6
Yo soy: 
80 -65 11 27 54 46 28 -92 -22 24 0 35 52 14 -70 81 19 7 El mejor fue: 1
80 -65 11 27 54 46 28 -92 -22 24 0 75 52 14 -70 81 19 7 Generación 84
arranca 
Jugando Partidos contra vecino 0
Resultado 11
37320.6
Yo soy: 
80 -65 11 27 54 46 28 -92 -22 24 0 75 52 14 -70 81 19 7 El mejor fue: 0
80 -65 51 27 54 46 28 -92 -22 24 0 75 52 14 -70 81 19 7 Generación 83
arranca 
Jugando Partidos contra vecino 0
Resultado 13
54528.2
Yo soy: 
80 -65 51 27 54 46 28 -92 -22 24 0 75 52 14 -70 81 19 7 El mejor fue: 0
40 -65 51 27 54 46 28 -92 -22 24 0 75 52 14 -70 81 19 7 Generación 82
arranca 
Jugando Partidos contra vecino 0
Resultado 13
59159
Yo soy: 
40 -65 51 27 54 46 28 -92 -22 24 0 75 52 14 -70 81 19 7 El mejor fue: 0
40 -65 51 27 14 46 28 -92 -22 24 0 75 52 14 -70 81 19 7 Generación 81
arranca 
Jugando Partidos contra vecino 0
Resultado 15
55282.2
Yo soy: 
40 -65 51 27 14 46 28 -92 -22 24 0 75 52 14 -70 81 19 7 El mejor fue: 0
40 -65 51 27 14 46 28 -92 -22 24 0 75 52 14 -70 81 -21 7 Generación 80
arranca 
Jugando Partidos contra vecino 0
Resultado 13
59816.8
Yo soy: 
40 -65 51 27 14 46 28 -92 -22 24 0 75 52 14 -70 81 -21 7 El mejor fue: 0
40 -65 51 27 14 46 28 -92 -22 64 0 75 52 14 -70 81 -21 7 Generación 79
arranca 
Jugando Partidos contra vecino 0
Resultado 13
44639.6
Yo soy: 
40 -65 51 27 14 46 28 -92 -22 64 0 75 52 14 -70 81 -21 7 El mejor fue: 0
40 -65 51 27 14 46 28 -92 -22 64 0 75 52 -26 -70 81 -21 7 Generación 78
arranca 
Jugando Partidos contra vecino 0
Resultado 9
36556.1
Jugando Partidos contra vecino 1
Resultado 11
44921.9
Yo soy: 
40 -65 51 27 14 46 28 -92 -22 64 0 75 52 -26 -70 81 -21 7 El mejor fue: 1
40 -65 51 27 14 46 68 -92 -22 64 0 75 52 -26 -70 81 -21 7 Generación 77
arranca 
Jugando Partidos contra vecino 0
Resultado 15
48319.9
Yo soy: 
40 -65 51 27 14 46 68 -92 -22 64 0 75 52 -26 -70 81 -21 7 El mejor fue: 0
40 -65 51 27 14 46 68 -92 -22 64 40 75 52 -26 -70 81 -21 7 Generación 76
arranca 
Jugando Partidos contra vecino 0
Resultado 15
59974.8
Yo soy: 
40 -65 51 27 14 46 68 -92 -22 64 40 75 52 -26 -70 81 -21 7 El mejor fue: 0
40 -65 51 27 14 46 68 -92 -62 64 40 75 52 -26 -70 81 -21 7 Generación 75
arranca 
Jugando Partidos contra vecino 0
Resultado 15
50873
Yo soy: 
40 -65 51 27 14 46 68 -92 -62 64 40 75 52 -26 -70 81 -21 7 El mejor fue: 0
40 -65 51 -13 14 46 68 -92 -62 64 40 75 52 -26 -70 81 -21 7 Generación 74
arranca 
Jugando Partidos contra vecino 0
Resultado 5
54589
Jugando Partidos contra vecino 1
Resultado 15
49995.7
Yo soy: 
40 -65 51 -13 14 46 68 -92 -62 64 40 75 52 -26 -70 81 -21 7 El mejor fue: 1
40 -65 51 -13 14 46 68 -92 -62 64 40 75 12 -26 -70 81 -21 7 Generación 73
arranca 
Jugando Partidos contra vecino 0
Resultado 13
47985.9
Yo soy: 
40 -65 51 -13 14 46 68 -92 -62 64 40 75 12 -26 -70 81 -21 7 El mejor fue: 0
40 -25 51 -13 14 46 68 -92 -62 64 40 75 12 -26 -70 81 -21 7 Generación 72
arranca 
Jugando Partidos contra vecino 0
Resultado 13
40836.4
Yo soy: 
40 -25 51 -13 14 46 68 -92 -62 64 40 75 12 -26 -70 81 -21 7 El mejor fue: 0
40 -25 51 -13 14 46 68 -92 -62 24 40 75 12 -26 -70 81 -21 7 Generación 71
arranca 
Jugando Partidos contra vecino 0
Resultado 15
40417.1
Yo soy: 
40 -25 51 -13 14 46 68 -92 -62 24 40 75 12 -26 -70 81 -21 7 El mejor fue: 0
40 -25 51 -13 14 46 68 -92 -62 64 40 75 12 -26 -70 81 -21 7 Generación 70
arranca 
Jugando Partidos contra vecino 0
Resultado 11
39917.1
Yo soy: 
40 -25 51 -13 14 46 68 -92 -62 64 40 75 12 -26 -70 81 -21 7 El mejor fue: 0
40 -25 51 -13 54 46 68 -92 -62 64 40 75 12 -26 -70 81 -21 7 Generación 69
arranca 
Jugando Partidos contra vecino 0
Resultado 13
34034.7
Yo soy: 
40 -25 51 -13 54 46 68 -92 -62 64 40 75 12 -26 -70 81 -21 7 El mejor fue: 0
40 -25 51 -13 54 46 68 -92 -62 64 40 75 12 -26 -70 81 -61 7 Generación 68
arranca 
Jugando Partidos contra vecino 0
Resultado 4
51497.9
Jugando Partidos contra vecino 1
Resultado 15
48376.9
Yo soy: 
40 -25 51 -13 54 46 68 -92 -62 64 40 75 12 -26 -70 81 -61 7 El mejor fue: 1
40 -25 51 -13 54 46 68 -92 -62 64 40 75 12 -26 -70 81 -61 -33 Generación 67
arranca 
Jugando Partidos contra vecino 0
Resultado 13
45435
Yo soy: 
40 -25 51 -13 54 46 68 -92 -62 64 40 75 12 -26 -70 81 -61 -33 El mejor fue: 0
0 -25 51 -13 54 46 68 -92 -62 64 40 75 12 -26 -70 81 -61 -33 Generación 66
arranca 
Jugando Partidos contra vecino 0
Resultado 13
43417.1
Yo soy: 
0 -25 51 -13 54 46 68 -92 -62 64 40 75 12 -26 -70 81 -61 -33 El mejor fue: 0
0 -25 51 -13 94 46 68 -92 -62 64 40 75 12 -26 -70 81 -61 -33 Generación 65
arranca 
Jugando Partidos contra vecino 0
Resultado 15
48713.1
Yo soy: 
0 -25 51 -13 94 46 68 -92 -62 64 40 75 12 -26 -70 81 -61 -33 El mejor fue: 0
0 -25 51 -13 94 46 68 -92 -62 64 80 75 12 -26 -70 81 -61 -33 Generación 64
arranca 
Jugando Partidos contra vecino 0
Resultado 11
37916.3
Yo soy: 
0 -25 51 -13 94 46 68 -92 -62 64 80 75 12 -26 -70 81 -61 -33 El mejor fue: 0
0 -25 51 -13 94 46 68 -92 -62 64 80 75 12 14 -70 81 -61 -33 Generación 63
arranca 
Jugando Partidos contra vecino 0
Resultado 9
27761.9
Jugando Partidos contra vecino 1
Resultado 13
38079.7
Yo soy: 
0 -25 51 -13 94 46 68 -92 -62 64 80 75 12 14 -70 81 -61 -33 El mejor fue: 1
0 -25 51 -13 94 6 68 -92 -62 64 80 75 12 14 -70 81 -61 -33 Generación 62
arranca 
Jugando Partidos contra vecino 0
Resultado 12
38135.1
Yo soy: 
0 -25 51 -13 94 6 68 -92 -62 64 80 75 12 14 -70 81 -61 -33 El mejor fue: 0
0 -25 51 -13 94 6 68 -92 -62 64 80 75 52 14 -70 81 -61 -33 Generación 61
arranca 
Jugando Partidos contra vecino 0
Resultado 12
38563.3
Yo soy: 
0 -25 51 -13 94 6 68 -92 -62 64 80 75 52 14 -70 81 -61 -33 El mejor fue: 0
0 -25 51 -13 94 6 68 -92 -62 64 80 75 52 54 -70 81 -61 -33 Generación 60
arranca 
Jugando Partidos contra vecino 0
Resultado 13
39068.1
Yo soy: 
0 -25 51 -13 94 6 68 -92 -62 64 80 75 52 54 -70 81 -61 -33 El mejor fue: 0
0 -25 11 -13 94 6 68 -92 -62 64 80 75 52 54 -70 81 -61 -33 Generación 59
arranca 
Jugando Partidos contra vecino 0
Resultado 15
42727.7
Yo soy: 
0 -25 11 -13 94 6 68 -92 -62 64 80 75 52 54 -70 81 -61 -33 El mejor fue: 0
0 15 11 -13 94 6 68 -92 -62 64 80 75 52 54 -70 81 -61 -33 Generación 58
arranca 
Jugando Partidos contra vecino 0
Resultado 9
26707.8
Jugando Partidos contra vecino 1
Resultado 9
28399.1
Jugando Partidos contra vecino 2
Resultado 0
18002.7
Jugando Partidos contra vecino 3
Resultado 9
32537.3
Jugando Partidos contra vecino 4
Resultado 15
41085.8
Yo soy: 
0 15 11 -13 94 6 68 -92 -62 64 80 75 52 54 -70 81 -61 -33 El mejor fue: 4
0 15 11 -13 54 6 68 -92 -62 64 80 75 52 54 -70 81 -61 -33 Generación 57
arranca 
Jugando Partidos contra vecino 0
Resultado 10
29778.5
Yo soy: 
0 15 11 -13 54 6 68 -92 -62 64 80 75 52 54 -70 81 -61 -33 El mejor fue: 0
-40 15 11 -13 54 6 68 -92 -62 64 80 75 52 54 -70 81 -61 -33 Generación 56
arranca 
Jugando Partidos contra vecino 0
Resultado 13
36562.7
Yo soy: 
-40 15 11 -13 54 6 68 -92 -62 64 80 75 52 54 -70 81 -61 -33 El mejor fue: 0
-40 15 -29 -13 54 6 68 -92 -62 64 80 75 52 54 -70 81 -61 -33 Generación 55
arranca 
Jugando Partidos contra vecino 0
Resultado 11
32507.4
Yo soy: 
-40 15 -29 -13 54 6 68 -92 -62 64 80 75 52 54 -70 81 -61 -33 El mejor fue: 0
-40 15 -29 -13 54 6 68 -92 -12 64 80 75 52 54 -70 81 -61 -33 Generación 54
arranca 
Jugando Partidos contra vecino 0
Resultado 0
16222.5
Jugando Partidos contra vecino 1
Resultado 15
39731.6
Yo soy: 
-40 15 -29 -13 54 6 68 -92 -12 64 80 75 52 54 -70 81 -61 -33 El mejor fue: 1
-40 15 -29 -13 54 6 28 -92 -12 64 80 75 52 54 -70 81 -61 -33 Generación 53
arranca 
Jugando Partidos contra vecino 0
Resultado 15
43379.1
Yo soy: 
-40 15 -29 -13 54 6 28 -92 -12 64 80 75 52 54 -70 81 -61 -33 El mejor fue: 0
-40 55 -29 -13 54 6 28 -92 -12 64 80 75 52 54 -70 81 -61 -33 Generación 52
arranca 
Jugando Partidos contra vecino 0
Resultado 15
41338.3
Yo soy: 
-40 55 -29 -13 54 6 28 -92 -12 64 80 75 52 54 -70 81 -61 -33 El mejor fue: 0
-40 55 -29 -13 54 6 28 -92 -52 64 80 75 52 54 -70 81 -61 -33 Generación 51
arranca 
Jugando Partidos contra vecino 0
Resultado 1
15566.5
Jugando Partidos contra vecino 1
Resultado 13
35878.2
Yo soy: 
-40 55 -29 -13 54 6 28 -92 -52 64 80 75 52 54 -70 81 -61 -33 El mejor fue: 1
-40 55 -29 -13 54 6 28 -92 -52 64 80 75 52 94 -70 81 -61 -33 Generación 50
arranca 
Jugando Partidos contra vecino 0
Resultado 15
40962.8
Yo soy: 
-40 55 -29 -13 54 6 28 -92 -52 64 80 75 52 94 -70 81 -61 -33 El mejor fue: 0
-40 55 -29 -13 54 6 28 -92 -52 64 80 75 12 94 -70 81 -61 -33 Generación 49
arranca 
Jugando Partidos contra vecino 0
Resultado 13
30757.8
Yo soy: 
-40 55 -29 -13 54 6 28 -92 -52 64 80 75 12 94 -70 81 -61 -33 El mejor fue: 0
0 55 -29 -13 54 6 28 -92 -52 64 80 75 12 94 -70 81 -61 -33 Generación 48
arranca 
Jugando Partidos contra vecino 0
Resultado 12
36827.6
Yo soy: 
0 55 -29 -13 54 6 28 -92 -52 64 80 75 12 94 -70 81 -61 -33 El mejor fue: 0
0 55 -29 -13 54 6 28 -92 -52 64 80 75 12 94 -70 81 -61 7 Generación 47
arranca 
Jugando Partidos contra vecino 0
Resultado 11
32383.4
Yo soy: 
0 55 -29 -13 54 6 28 -92 -52 64 80 75 12 94 -70 81 -61 7 El mejor fue: 0
0 55 -29 -13 54 6 28 -92 -52 64 80 75 12 94 -30 81 -61 7 Generación 46
arranca 
Jugando Partidos contra vecino 0
Resultado 13
36390.9
Yo soy: 
0 55 -29 -13 54 6 28 -92 -52 64 80 75 12 94 -30 81 -61 7 El mejor fue: 0
0 55 -29 -13 54 6 28 -92 -52 64 80 75 12 94 -30 81 -11 7 Generación 45
arranca 
Jugando Partidos contra vecino 0
Resultado 13
34718.1
Yo soy: 
0 55 -29 -13 54 6 28 -92 -52 64 80 75 12 94 -30 81 -11 7 El mejor fue: 0
0 55 -29 -13 54 6 28 -92 -52 64 80 75 12 94 -30 81 -11 47 Generación 44
arranca 
Jugando Partidos contra vecino 0
Resultado 13
37446.3
Yo soy: 
0 55 -29 -13 54 6 28 -92 -52 64 80 75 12 94 -30 81 -11 47 El mejor fue: 0
0 55 -29 -13 54 46 28 -92 -52 64 80 75 12 94 -30 81 -11 47 Generación 43
arranca 
Jugando Partidos contra vecino 0
Resultado 13
35961.9
Yo soy: 
0 55 -29 -13 54 46 28 -92 -52 64 80 75 12 94 -30 81 -11 47 El mejor fue: 0
0 55 -29 -13 54 46 28 -92 -52 64 80 75 12 94 -30 81 29 47 Generación 42
arranca 
Jugando Partidos contra vecino 0
Resultado 1
19021
Jugando Partidos contra vecino 1
Resultado 15
37149.7
Yo soy: 
0 55 -29 -13 54 46 28 -92 -52 64 80 75 12 94 -30 81 29 47 El mejor fue: 1
0 55 -29 -13 94 46 28 -92 -52 64 80 75 12 94 -30 81 29 47 Generación 41
arranca 
Jugando Partidos contra vecino 0
Resultado 15
36037.9
Yo soy: 
0 55 -29 -13 94 46 28 -92 -52 64 80 75 12 94 -30 81 29 47 El mejor fue: 0
0 55 -29 -13 94 46 68 -92 -52 64 80 75 12 94 -30 81 29 47 Generación 40
arranca 
Jugando Partidos contra vecino 0
Resultado 11
34158.5
Yo soy: 
0 55 -29 -13 94 46 68 -92 -52 64 80 75 12 94 -30 81 29 47 El mejor fue: 0
0 55 -29 -13 94 46 68 -92 -52 64 80 75 12 54 -30 81 29 47 Generación 39
arranca 
Jugando Partidos contra vecino 0
Resultado 13
37307.2
Yo soy: 
0 55 -29 -13 94 46 68 -92 -52 64 80 75 12 54 -30 81 29 47 El mejor fue: 0
0 55 -29 -13 94 46 68 -42 -52 64 80 75 12 54 -30 81 29 47 Generación 38
arranca 
Jugando Partidos contra vecino 0
Resultado 15
34293.1
Yo soy: 
0 55 -29 -13 94 46 68 -42 -52 64 80 75 12 54 -30 81 29 47 El mejor fue: 0
0 55 -29 -13 94 46 68 -42 -52 64 80 75 12 94 -30 81 29 47 Generación 37
arranca 
Jugando Partidos contra vecino 0
Resultado 13
36189.8
Yo soy: 
0 55 -29 -13 94 46 68 -42 -52 64 80 75 12 94 -30 81 29 47 El mejor fue: 0
0 55 -29 -13 54 46 68 -42 -52 64 80 75 12 94 -30 81 29 47 Generación 36
arranca 
Jugando Partidos contra vecino 0
Resultado 12
33921.9
Yo soy: 
0 55 -29 -13 54 46 68 -42 -52 64 80 75 12 94 -30 81 29 47 El mejor fue: 0
0 55 -29 -13 54 46 68 -42 -52 64 80 75 12 94 -30 81 69 47 Generación 35
arranca 
Jugando Partidos contra vecino 0
Resultado 13
38986.5
Yo soy: 
0 55 -29 -13 54 46 68 -42 -52 64 80 75 12 94 -30 81 69 47 El mejor fue: 0
0 55 -69 -13 54 46 68 -42 -52 64 80 75 12 94 -30 81 69 47 Generación 34
arranca 
Jugando Partidos contra vecino 0
Resultado 3
25098
Jugando Partidos contra vecino 1
Resultado 10
35588.1
Yo soy: 
0 55 -69 -13 54 46 68 -42 -52 64 80 75 12 94 -30 81 69 47 El mejor fue: 1
0 55 -69 -13 54 46 68 -42 -52 64 80 35 12 94 -30 81 69 47 Generación 33
arranca 
Jugando Partidos contra vecino 0
Resultado 15
39798.7
Yo soy: 
0 55 -69 -13 54 46 68 -42 -52 64 80 35 12 94 -30 81 69 47 El mejor fue: 0
0 55 -69 -13 54 46 28 -42 -52 64 80 35 12 94 -30 81 69 47 Generación 32
arranca 
Jugando Partidos contra vecino 0
Resultado 12
37542.9
Yo soy: 
0 55 -69 -13 54 46 28 -42 -52 64 80 35 12 94 -30 81 69 47 El mejor fue: 0
0 55 -69 -13 54 46 28 -42 -52 64 80 35 12 94 -70 81 69 47 Generación 31
arranca 
Jugando Partidos contra vecino 0
Resultado 11
31739.1
Yo soy: 
0 55 -69 -13 54 46 28 -42 -52 64 80 35 12 94 -70 81 69 47 El mejor fue: 0
0 55 -69 -13 94 46 28 -42 -52 64 80 35 12 94 -70 81 69 47 Generación 30
arranca 
Jugando Partidos contra vecino 0
Resultado 15
35910.2
Yo soy: 
0 55 -69 -13 94 46 28 -42 -52 64 80 35 12 94 -70 81 69 47 El mejor fue: 0
0 55 -69 -13 94 46 28 -42 -52 24 80 35 12 94 -70 81 69 47 Generación 29
arranca 
Jugando Partidos contra vecino 0
Resultado 5
38759.5
Jugando Partidos contra vecino 1
Resultado 12
35415.1
Yo soy: 
0 55 -69 -13 94 46 28 -42 -52 24 80 35 12 94 -70 81 69 47 El mejor fue: 1
0 55 -69 -13 94 46 28 -42 -52 24 80 35 52 94 -70 81 69 47 Generación 28
arranca 
Jugando Partidos contra vecino 0
Resultado 15
39252.7
Yo soy: 
0 55 -69 -13 94 46 28 -42 -52 24 80 35 52 94 -70 81 69 47 El mejor fue: 0
0 55 -69 -13 94 46 28 -42 -52 24 80 35 52 54 -70 81 69 47 Generación 27
arranca 
Jugando Partidos contra vecino 0
Resultado 15
35303.8
Yo soy: 
0 55 -69 -13 94 46 28 -42 -52 24 80 35 52 54 -70 81 69 47 El mejor fue: 0
0 55 -69 -13 94 46 28 -42 -52 24 80 35 52 54 -70 81 19 47 Generación 26
arranca 
Jugando Partidos contra vecino 0
Resultado 11
31858.9
Yo soy: 
0 55 -69 -13 94 46 28 -42 -52 24 80 35 52 54 -70 81 19 47 El mejor fue: 0
0 55 -69 -13 94 6 28 -42 -52 24 80 35 52 54 -70 81 19 47 Generación 25
arranca 
Jugando Partidos contra vecino 0
Resultado 12
34312.7
Yo soy: 
0 55 -69 -13 94 6 28 -42 -52 24 80 35 52 54 -70 81 19 47 El mejor fue: 0
0 55 -69 -13 94 6 28 -42 -92 24 80 35 52 54 -70 81 19 47 Generación 24
arranca 
Jugando Partidos contra vecino 0
Resultado 1
21729.6
Jugando Partidos contra vecino 1
Resultado 9
32463.8
Jugando Partidos contra vecino 2
Resultado 13
37146.5
Yo soy: 
0 55 -69 -13 94 6 28 -42 -92 24 80 35 52 54 -70 81 19 47 El mejor fue: 2
0 55 -69 -13 94 -34 28 -42 -92 24 80 35 52 54 -70 81 19 47 Generación 23
arranca 
Jugando Partidos contra vecino 0
Resultado 13
34095.6
Yo soy: 
0 55 -69 -13 94 -34 28 -42 -92 24 80 35 52 54 -70 81 19 47 El mejor fue: 0
0 55 -69 -13 94 -34 28 -42 -92 24 80 35 92 54 -70 81 19 47 Generación 22
arranca 
Jugando Partidos contra vecino 0
Resultado 12
32762.9
Yo soy: 
0 55 -69 -13 94 -34 28 -42 -92 24 80 35 92 54 -70 81 19 47 El mejor fue: 0
0 55 -69 -13 94 -34 28 -42 -92 24 80 75 92 54 -70 81 19 47 Generación 21
arranca 
Jugando Partidos contra vecino 0
Resultado 15
38944.4
Yo soy: 
0 55 -69 -13 94 -34 28 -42 -92 24 80 75 92 54 -70 81 19 47 El mejor fue: 0
0 55 -69 -13 94 -34 28 -42 -92 24 80 75 92 54 -70 81 59 47 Generación 20
arranca 
Jugando Partidos contra vecino 0
Resultado 15
36843.1
Yo soy: 
0 55 -69 -13 94 -34 28 -42 -92 24 80 75 92 54 -70 81 59 47 El mejor fue: 0
40 55 -69 -13 94 -34 28 -42 -92 24 80 75 92 54 -70 81 59 47 Generación 19
arranca 
Jugando Partidos contra vecino 0
Resultado 15
38747.1
Yo soy: 
40 55 -69 -13 94 -34 28 -42 -92 24 80 75 92 54 -70 81 59 47 El mejor fue: 0
40 55 -69 -13 94 -34 28 -42 -92 -16 80 75 92 54 -70 81 59 47 Generación 18
arranca 
Jugando Partidos contra vecino 0
Resultado 13
34437.2
Yo soy: 
40 55 -69 -13 94 -34 28 -42 -92 -16 80 75 92 54 -70 81 59 47 El mejor fue: 0
40 15 -69 -13 94 -34 28 -42 -92 -16 80 75 92 54 -70 81 59 47 Generación 17
arranca 
Jugando Partidos contra vecino 0
Resultado 13
33989.6
Yo soy: 
40 15 -69 -13 94 -34 28 -42 -92 -16 80 75 92 54 -70 81 59 47 El mejor fue: 0
40 15 -69 -13 94 -34 68 -42 -92 -16 80 75 92 54 -70 81 59 47 Generación 16
arranca 
Jugando Partidos contra vecino 0
Resultado 10
32737
Yo soy: 
40 15 -69 -13 94 -34 68 -42 -92 -16 80 75 92 54 -70 81 59 47 El mejor fue: 0
40 15 -69 -13 94 -34 68 -42 -92 -16 80 75 92 54 -70 81 59 7 Generación 15
arranca 
Jugando Partidos contra vecino 0
Resultado 7
28208.5
Jugando Partidos contra vecino 1
Resultado 10
33349.6
Yo soy: 
40 15 -69 -13 94 -34 68 -42 -92 -16 80 75 92 54 -70 81 59 7 El mejor fue: 1
40 15 -69 -13 94 -34 18 -42 -92 -16 80 75 92 54 -70 81 59 7 Generación 14
arranca 
Jugando Partidos contra vecino 0
Resultado 4
23226.5
Jugando Partidos contra vecino 1
Resultado 5
12724.8
Jugando Partidos contra vecino 2
Resultado 15
36651.6
Yo soy: 
40 15 -69 -13 94 -34 18 -42 -92 -16 80 75 92 54 -70 81 59 7 El mejor fue: 2
40 15 -69 -13 94 6 18 -42 -92 -16 80 75 92 54 -70 81 59 7 Generación 13
arranca 
Jugando Partidos contra vecino 0
Resultado 15
38135.7
Yo soy: 
40 15 -69 -13 94 6 18 -42 -92 -16 80 75 92 54 -70 81 59 7 El mejor fue: 0
40 15 -69 -13 94 6 18 -42 -92 -16 80 75 52 54 -70 81 59 7 Generación 12
arranca 
Jugando Partidos contra vecino 0
Resultado 15
37622.2
Yo soy: 
40 15 -69 -13 94 6 18 -42 -92 -16 80 75 52 54 -70 81 59 7 El mejor fue: 0
40 15 -19 -13 94 6 18 -42 -92 -16 80 75 52 54 -70 81 59 7 Generación 11
arranca 
Jugando Partidos contra vecino 0
Resultado 1
16463.8
Jugando Partidos contra vecino 1
Resultado 15
37917.7
Yo soy: 
40 15 -19 -13 94 6 18 -42 -92 -16 80 75 52 54 -70 81 59 7 El mejor fue: 1
40 15 -19 -13 94 6 18 -42 -92 -16 80 75 52 54 -20 81 59 7 Generación 10
arranca 
Jugando Partidos contra vecino 0
Resultado 15
39174.7
Yo soy: 
40 15 -19 -13 94 6 18 -42 -92 -16 80 75 52 54 -20 81 59 7 El mejor fue: 0
40 15 -19 -13 94 6 18 -42 -92 -16 40 75 52 54 -20 81 59 7 Generación 9
arranca 
Jugando Partidos contra vecino 0
Resultado 15
40422.7
Yo soy: 
40 15 -19 -13 94 6 18 -42 -92 -16 40 75 52 54 -20 81 59 7 El mejor fue: 0
40 15 -19 -13 94 6 18 -42 -92 -16 40 75 92 54 -20 81 59 7 Generación 8
arranca 
Jugando Partidos contra vecino 0
Resultado 13
36467.9
Yo soy: 
40 15 -19 -13 94 6 18 -42 -92 -16 40 75 92 54 -20 81 59 7 El mejor fue: 0
40 15 -19 -13 94 6 18 -42 -92 -16 40 75 42 54 -20 81 59 7 Generación 7
arranca 
Jugando Partidos contra vecino 0
Resultado 15
39698.3
Yo soy: 
40 15 -19 -13 94 6 18 -42 -92 -16 40 75 42 54 -20 81 59 7 El mejor fue: 0
40 15 -19 -13 94 6 18 -82 -92 -16 40 75 42 54 -20 81 59 7 Generación 6
arranca 
Jugando Partidos contra vecino 0
Resultado 15
38470.8
Yo soy: 
40 15 -19 -13 94 6 18 -82 -92 -16 40 75 42 54 -20 81 59 7 El mejor fue: 0
40 15 -19 -13 94 6 18 -82 -92 -16 40 75 42 54 -20 81 99 7 Generación 5
arranca 
Jugando Partidos contra vecino 0
Resultado 1
20335
Jugando Partidos contra vecino 1
Resultado 3
22780.4
Jugando Partidos contra vecino 2
Resultado 1
16350
Jugando Partidos contra vecino 3
Resultado 9
28262.8
Jugando Partidos contra vecino 4
Resultado 3
18694.8
Jugando Partidos contra vecino 5
Resultado 3
24559.8
Jugando Partidos contra vecino 6
Resultado 1
18092.2
Jugando Partidos contra vecino 7
Resultado 3
22526.8
Jugando Partidos contra vecino 8
Resultado 3
23153.3
Jugando Partidos contra vecino 9
Resultado 6
25776.1
Jugando Partidos contra vecino 10
Resultado 3
21740.3
Jugando Partidos contra vecino 11
Resultado 3
22678.2
Jugando Partidos contra vecino 12
Resultado 6
24567.8
Jugando Partidos contra vecino 13
Resultado 9
29563.2
Jugando Partidos contra vecino 14
Resultado 5
18307.1
Jugando Partidos contra vecino 15
Resultado 6
27005.6
Jugando Partidos contra vecino 16
Resultado 9
31135
Jugando Partidos contra vecino 17
Resultado 12
31471.5
Yo soy: 
40 15 -19 -13 94 6 18 -82 -92 -16 40 75 42 54 -20 81 99 7 El mejor fue: 17
40 15 -19 -13 94 6 18 -82 -92 -16 40 75 42 54 -20 81 59 7 Generación 4
arranca 
Jugando Partidos contra vecino 0
Resultado 15
38720.9
Yo soy: 
40 15 -19 -13 94 6 18 -82 -92 -16 40 75 42 54 -20 81 59 7 El mejor fue: 0
40 -25 -19 -13 94 6 18 -82 -92 -16 40 75 42 54 -20 81 59 7 Generación 3
arranca 
Jugando Partidos contra vecino 0
Resultado 13
36806.2
Yo soy: 
40 -25 -19 -13 94 6 18 -82 -92 -16 40 75 42 54 -20 81 59 7 El mejor fue: 0
40 -25 -19 -13 94 6 18 -42 -92 -16 40 75 42 54 -20 81 59 7 Generación 2
arranca 
Jugando Partidos contra vecino 0
Resultado 13
32681.7
Yo soy: 
40 -25 -19 -13 94 6 18 -42 -92 -16 40 75 42 54 -20 81 59 7 El mejor fue: 0
40 -25 -19 -13 94 6 18 -42 -92 -16 40 75 42 54 20 81 59 7 Generación 1
arranca 
Jugando Partidos contra vecino 0
Resultado 11
31494.4
Yo soy: 
40 -25 -19 -13 94 6 18 -42 -92 -16 40 75 42 54 20 81 59 7 El mejor fue: 0
40 -25 -19 -13 94 6 18 -42 -92 -16 40 75 2 54 20 81 59 7 Generación 0
1.30033e+07
