arranca 
Jugando Partidos contra vecino 0
Resultado 13
49923.5
Yo soy: 
78 50 70 10 56 88 6 54 95 10 85 69 80 66 30 El mejor fue: 0
78 50 70 10 56 88 6 54 95 30 85 69 80 66 30 Generación 19
arranca 
Jugando Partidos contra vecino 0
Resultado 5
36805.1
Jugando Partidos contra vecino 1
Resultado 9
41404.5
Jugando Partidos contra vecino 2
Resultado 9
28721.9
Jugando Partidos contra vecino 3
Resultado 5
20545
Jugando Partidos contra vecino 4
Resultado 7
38482.4
Jugando Partidos contra vecino 5
Resultado 9
39756.7
Jugando Partidos contra vecino 6
Resultado 5
42192.2
Jugando Partidos contra vecino 7
Resultado 5
24957.2
Jugando Partidos contra vecino 8
Resultado 7
30257
Jugando Partidos contra vecino 9
Resultado 4
22777.9
Jugando Partidos contra vecino 10
Resultado 5
34889
Jugando Partidos contra vecino 11
Resultado 7
40877.1
Jugando Partidos contra vecino 12
Resultado 5
19292
Jugando Partidos contra vecino 13
Resultado 11
38142.6
Yo soy: 
78 50 70 10 56 88 6 54 95 30 85 69 80 66 30 El mejor fue: 13
58 50 70 10 56 88 6 54 95 30 85 69 80 66 30 Generación 18
arranca 
Jugando Partidos contra vecino 0
Resultado 5
18380.4
Jugando Partidos contra vecino 1
Resultado 7
35645.6
Jugando Partidos contra vecino 2
Resultado 4
27089.7
Jugando Partidos contra vecino 3
Resultado 5
35105.4
Jugando Partidos contra vecino 4
Resultado 9
41714.1
Jugando Partidos contra vecino 5
Resultado 5
18273.8
Jugando Partidos contra vecino 6
Resultado 5
27363.5
Jugando Partidos contra vecino 7
Resultado 7
35451.3
Jugando Partidos contra vecino 8
Resultado 7
29851.1
Jugando Partidos contra vecino 9
Resultado 5
21081.7
Jugando Partidos contra vecino 10
Resultado 7
50671.3
Jugando Partidos contra vecino 11
Resultado 11
48776.2
Yo soy: 
58 50 70 10 56 88 6 54 95 30 85 69 80 66 30 El mejor fue: 11
78 50 70 10 56 88 6 54 95 30 85 69 80 66 30 Generación 17
arranca 
Jugando Partidos contra vecino 0
Resultado 5
31076.3
Jugando Partidos contra vecino 1
Resultado 5
31348.4
Jugando Partidos contra vecino 2
Resultado 11
48419.4
Yo soy: 
78 50 70 10 56 88 6 54 95 30 85 69 80 66 30 El mejor fue: 2
78 50 70 -10 56 88 6 54 95 30 85 69 80 66 30 Generación 16
arranca 
Jugando Partidos contra vecino 0
Resultado 11
49574.9
Yo soy: 
78 50 70 -10 56 88 6 54 95 30 85 69 80 66 30 El mejor fue: 0
78 50 70 -10 56 88 6 54 95 30 85 69 80 66 10 Generación 15
arranca 
Jugando Partidos contra vecino 0
Resultado 5
40153.7
Jugando Partidos contra vecino 1
Resultado 5
55035.6
Jugando Partidos contra vecino 2
Resultado 9
41030.8
Jugando Partidos contra vecino 3
Resultado 5
29929.6
Jugando Partidos contra vecino 4
Resultado 5
48177.6
Jugando Partidos contra vecino 5
Resultado 7
56073.3
Jugando Partidos contra vecino 6
Resultado 7
47767.8
Jugando Partidos contra vecino 7
Resultado 7
55146
Jugando Partidos contra vecino 8
Resultado 5
57258.4
Jugando Partidos contra vecino 9
Resultado 9
35201.7
Jugando Partidos contra vecino 10
Resultado 7
56207.6
Jugando Partidos contra vecino 11
Resultado 9
49026.3
Jugando Partidos contra vecino 12
Resultado 9
34518.5
Jugando Partidos contra vecino 13
Resultado 5
50321.4
Jugando Partidos contra vecino 14
Resultado 9
50776.4
Jugando Partidos contra vecino 15
Resultado 11
54181.7
Yo soy: 
78 50 70 -10 56 88 6 54 95 30 85 69 80 66 10 El mejor fue: 15
78 50 70 -10 56 48 6 54 95 30 85 69 80 66 10 Generación 14
arranca 
Jugando Partidos contra vecino 0
Resultado 5
51974
Jugando Partidos contra vecino 1
Resultado 2
15695
Jugando Partidos contra vecino 2
Resultado 7
48483.8
Jugando Partidos contra vecino 3
Resultado 9
35923.1
Jugando Partidos contra vecino 4
Resultado 7
48319.1
Jugando Partidos contra vecino 5
Resultado 9
40894.9
Jugando Partidos contra vecino 6
Resultado 5
49371.8
Jugando Partidos contra vecino 7
Resultado 7
64519.9
Jugando Partidos contra vecino 8
Resultado 7
40300.4
Jugando Partidos contra vecino 9
Resultado 1
15720.1
Jugando Partidos contra vecino 10
Resultado 7
55761.3
Jugando Partidos contra vecino 11
Resultado 7
26582.1
Jugando Partidos contra vecino 12
Resultado 9
39901.3
Jugando Partidos contra vecino 13
Resultado 5
52888.4
Jugando Partidos contra vecino 14
Resultado 9
47586
Jugando Partidos contra vecino 15
Resultado 7
64046
Jugando Partidos contra vecino 16
Resultado 7
41556.3
Jugando Partidos contra vecino 17
Resultado 2
16065.9
Jugando Partidos contra vecino 18
Resultado 5
37179.7
Jugando Partidos contra vecino 19
Resultado 5
47544.1
Jugando Partidos contra vecino 20
Resultado 5
22511.3
Jugando Partidos contra vecino 21
Resultado 7
34558.2
Jugando Partidos contra vecino 22
Resultado 7
35761.3
Jugando Partidos contra vecino 23
Resultado 5
56669.2
Jugando Partidos contra vecino 24
Resultado 7
37141.6
Jugando Partidos contra vecino 25
Resultado 5
65458.4
Jugando Partidos contra vecino 26
Resultado 7
40805.8
Jugando Partidos contra vecino 27
Resultado 9
41435.9
Jugando Partidos contra vecino 28
Resultado 11
51656.2
Yo soy: 
78 50 70 -10 56 48 6 54 95 30 85 69 80 66 10 El mejor fue: 28
78 50 70 10 56 48 6 54 95 30 85 69 80 66 10 Generación 13
arranca 
Jugando Partidos contra vecino 0
Resultado 7
21243.8
Jugando Partidos contra vecino 1
Resultado 9
44755.3
Jugando Partidos contra vecino 2
Resultado 7
24813.5
Jugando Partidos contra vecino 3
Resultado 5
52242.4
Jugando Partidos contra vecino 4
Resultado 5
30343.1
Jugando Partidos contra vecino 5
Resultado 11
46793.4
Yo soy: 
78 50 70 10 56 48 6 54 95 30 85 69 80 66 10 El mejor fue: 5
78 30 70 10 56 48 6 54 95 30 85 69 80 66 10 Generación 12
arranca 
Jugando Partidos contra vecino 0
Resultado 5
25699.2
Jugando Partidos contra vecino 1
Resultado 5
35056.4
Jugando Partidos contra vecino 2
Resultado 5
55263.2
Jugando Partidos contra vecino 3
Resultado 9
29413.4
Jugando Partidos contra vecino 4
Resultado 9
42354.5
Jugando Partidos contra vecino 5
Resultado 7
42507.6
Jugando Partidos contra vecino 6
Resultado 5
22238.3
Jugando Partidos contra vecino 7
Resultado 9
46382.3
Jugando Partidos contra vecino 8
Resultado 5
42111.6
Jugando Partidos contra vecino 9
Resultado 5
49729.1
Jugando Partidos contra vecino 10
Resultado 9
42846.1
Jugando Partidos contra vecino 11
Resultado 5
19796.2
Jugando Partidos contra vecino 12
Resultado 5
55005.6
Jugando Partidos contra vecino 13
Resultado 9
54976.1
Jugando Partidos contra vecino 14
Resultado 9
33600.3
Jugando Partidos contra vecino 15
Resultado 7
34167.4
Jugando Partidos contra vecino 16
Resultado 5
40046
Jugando Partidos contra vecino 17
Resultado 7
37448.1
Jugando Partidos contra vecino 18
Resultado 7
27079.9
Jugando Partidos contra vecino 19
Resultado 9
46871.4
Jugando Partidos contra vecino 20
Resultado 5
44627.8
Jugando Partidos contra vecino 21
Resultado 7
36079.4
Jugando Partidos contra vecino 22
Resultado 5
52921.7
Jugando Partidos contra vecino 23
Resultado 5
19220.7
Jugando Partidos contra vecino 24
Resultado 9
43392.3
Jugando Partidos contra vecino 25
Resultado 5
39651.8
Jugando Partidos contra vecino 26
Resultado 11
53473.1
Yo soy: 
78 30 70 10 56 48 6 54 95 30 85 69 80 66 10 El mejor fue: 26
78 30 70 10 56 48 26 54 95 30 85 69 80 66 10 Generación 11
arranca 
Jugando Partidos contra vecino 0
Resultado 5
19977.1
Jugando Partidos contra vecino 1
Resultado 5
58908.2
Jugando Partidos contra vecino 2
Resultado 5
46819.3
Jugando Partidos contra vecino 3
Resultado 7
54466.1
Jugando Partidos contra vecino 4
Resultado 5
70668.6
Jugando Partidos contra vecino 5
Resultado 7
60658.1
Jugando Partidos contra vecino 6
Resultado 7
48883.9
Jugando Partidos contra vecino 7
Resultado 13
36162.2
Yo soy: 
78 30 70 10 56 48 26 54 95 30 85 69 80 66 10 El mejor fue: 7
78 30 70 10 56 48 26 54 55 30 85 69 80 66 10 Generación 10
arranca 
Jugando Partidos contra vecino 0
Resultado 11
36803.2
Yo soy: 
78 30 70 10 56 48 26 54 55 30 85 69 80 66 10 El mejor fue: 0
78 30 70 10 56 48 26 74 55 30 85 69 80 66 10 Generación 9
arranca 
Jugando Partidos contra vecino 0
Resultado 9
31360.4
Jugando Partidos contra vecino 1
Resultado 13
28399.6
Yo soy: 
78 30 70 10 56 48 26 74 55 30 85 69 80 66 10 El mejor fue: 1
78 30 70 10 56 48 26 74 35 30 85 69 80 66 10 Generación 8
arranca 
Jugando Partidos contra vecino 0
Resultado 11
28100.1
Yo soy: 
78 30 70 10 56 48 26 74 35 30 85 69 80 66 10 El mejor fue: 0
78 30 70 -10 56 48 26 74 35 30 85 69 80 66 10 Generación 7
arranca 
Jugando Partidos contra vecino 0
Resultado 9
30703.3
Jugando Partidos contra vecino 1
Resultado 7
28540.9
Jugando Partidos contra vecino 2
Resultado 5
30765.8
Jugando Partidos contra vecino 3
Resultado 13
30973.3
Yo soy: 
78 30 70 -10 56 48 26 74 35 30 85 69 80 66 10 El mejor fue: 3
78 30 70 -10 56 48 26 74 15 30 85 69 80 66 10 Generación 6
arranca 
Jugando Partidos contra vecino 0
Resultado 9
26406.9
Jugando Partidos contra vecino 1
Resultado 7
28395.6
Jugando Partidos contra vecino 2
Resultado 7
39895.2
Jugando Partidos contra vecino 3
Resultado 7
27538.9
Jugando Partidos contra vecino 4
Resultado 5
39008.4
Jugando Partidos contra vecino 5
Resultado 13
32047.1
Yo soy: 
78 30 70 -10 56 48 26 74 15 30 85 69 80 66 10 El mejor fue: 5
78 30 70 -10 56 48 26 94 15 30 85 69 80 66 10 Generación 5
arranca 
Jugando Partidos contra vecino 0
Resultado 15
37163.2
Yo soy: 
78 30 70 -10 56 48 26 94 15 30 85 69 80 66 10 El mejor fue: 0
78 30 50 -10 56 48 26 94 15 30 85 69 80 66 10 Generación 4
arranca 
Jugando Partidos contra vecino 0
Resultado 10
31884.8
Yo soy: 
78 30 50 -10 56 48 26 94 15 30 85 69 80 66 10 El mejor fue: 0
78 30 50 -10 56 48 26 94 -5 30 85 69 80 66 10 Generación 3
arranca 
Jugando Partidos contra vecino 0
Resultado 13
31973.4
Yo soy: 
78 30 50 -10 56 48 26 94 -5 30 85 69 80 66 10 El mejor fue: 0
78 30 50 -10 56 48 26 94 -5 10 85 69 80 66 10 Generación 2
arranca 
Jugando Partidos contra vecino 0
Resultado 7
19386.2
Jugando Partidos contra vecino 1
Resultado 7
30438.6
Jugando Partidos contra vecino 2
Resultado 15
38004.8
Yo soy: 
78 30 50 -10 56 48 26 94 -5 10 85 69 80 66 10 El mejor fue: 2
78 30 50 -10 56 48 26 94 -5 10 45 69 80 66 10 Generación 1
arranca 
Jugando Partidos contra vecino 0
Resultado 12
35041.2
Yo soy: 
78 30 50 -10 56 48 26 94 -5 10 45 69 80 66 10 El mejor fue: 0
78 30 50 -10 56 48 26 94 15 10 45 69 80 66 10 Generación 0
5.39749e+06
