arranca 
Jugando Partidos contra vecino 0
Resultado 9
28738.7
Jugando Partidos contra vecino 1
Resultado 9
32966.9
Jugando Partidos contra vecino 2
Resultado 9
32512
Jugando Partidos contra vecino 3
Resultado 5
20065.9
Jugando Partidos contra vecino 4
Resultado 11
36422.1
Yo soy: 
88 54 78 58 69 60 86 80 3 42 49 93 57 49 35 El mejor fue: 4
88 54 98 58 69 60 86 80 3 42 49 93 57 49 35 Generación 19
arranca 
Jugando Partidos contra vecino 0
Resultado 11
34450.8
Yo soy: 
88 54 98 58 69 60 86 80 3 42 49 93 57 49 35 El mejor fue: 0
88 54 98 58 69 60 86 40 3 42 49 93 57 49 35 Generación 18
arranca 
Jugando Partidos contra vecino 0
Resultado 9
32944.6
Jugando Partidos contra vecino 1
Resultado 7
39314
Jugando Partidos contra vecino 2
Resultado 7
30338.2
Jugando Partidos contra vecino 3
Resultado 4
29596.5
Jugando Partidos contra vecino 4
Resultado 7
34335.1
Jugando Partidos contra vecino 5
Resultado 5
25935.2
Jugando Partidos contra vecino 6
Resultado 7
39693.2
Jugando Partidos contra vecino 7
Resultado 15
38121.4
Yo soy: 
88 54 98 58 69 60 86 40 3 42 49 93 57 49 35 El mejor fue: 7
88 54 58 58 69 60 86 40 3 42 49 93 57 49 35 Generación 17
arranca 
Jugando Partidos contra vecino 0
Resultado 9
22880.4
Jugando Partidos contra vecino 1
Resultado 11
25447.9
Yo soy: 
88 54 58 58 69 60 86 40 3 42 49 93 57 49 35 El mejor fue: 1
88 54 58 58 69 60 86 40 -17 42 49 93 57 49 35 Generación 16
arranca 
Jugando Partidos contra vecino 0
Resultado 11
30445.4
Yo soy: 
88 54 58 58 69 60 86 40 -17 42 49 93 57 49 35 El mejor fue: 0
88 54 58 58 69 60 86 40 -17 42 49 93 57 49 15 Generación 15
arranca 
Jugando Partidos contra vecino 0
Resultado 9
33262
Jugando Partidos contra vecino 1
Resultado 7
28619.8
Jugando Partidos contra vecino 2
Resultado 9
35110.9
Jugando Partidos contra vecino 3
Resultado 9
34898
Jugando Partidos contra vecino 4
Resultado 11
31559.7
Yo soy: 
88 54 58 58 69 60 86 40 -17 42 49 93 57 49 15 El mejor fue: 4
68 54 58 58 69 60 86 40 -17 42 49 93 57 49 15 Generación 14
arranca 
Jugando Partidos contra vecino 0
Resultado 5
25499.1
Jugando Partidos contra vecino 1
Resultado 15
52055.2
Yo soy: 
68 54 58 58 69 60 86 40 -17 42 49 93 57 49 15 El mejor fue: 1
68 54 58 58 69 60 86 40 -17 42 49 93 77 49 15 Generación 13
arranca 
Jugando Partidos contra vecino 0
Resultado 9
30108.8
Jugando Partidos contra vecino 1
Resultado 7
25460
Jugando Partidos contra vecino 2
Resultado 11
43846.8
Yo soy: 
68 54 58 58 69 60 86 40 -17 42 49 93 77 49 15 El mejor fue: 2
68 54 58 58 69 60 86 40 -17 42 49 53 77 49 15 Generación 12
arranca 
Jugando Partidos contra vecino 0
Resultado 11
45641.8
Yo soy: 
68 54 58 58 69 60 86 40 -17 42 49 53 77 49 15 El mejor fue: 0
68 54 58 58 69 60 86 40 -17 42 49 53 77 49 -5 Generación 11
arranca 
Jugando Partidos contra vecino 0
Resultado 9
32948.9
Jugando Partidos contra vecino 1
Resultado 13
33586.9
Yo soy: 
68 54 58 58 69 60 86 40 -17 42 49 53 77 49 -5 El mejor fue: 1
68 54 38 58 69 60 86 40 -17 42 49 53 77 49 -5 Generación 10
arranca 
Jugando Partidos contra vecino 0
Resultado 5
33220.7
Jugando Partidos contra vecino 1
Resultado 5
28521
Jugando Partidos contra vecino 2
Resultado 5
28460.9
Jugando Partidos contra vecino 3
Resultado 6
28806.2
Jugando Partidos contra vecino 4
Resultado 5
27067.3
Jugando Partidos contra vecino 5
Resultado 9
34973.1
Jugando Partidos contra vecino 6
Resultado 9
32235.4
Jugando Partidos contra vecino 7
Resultado 7
28997.5
Jugando Partidos contra vecino 8
Resultado 7
29994.2
Jugando Partidos contra vecino 9
Resultado 9
28272.1
Jugando Partidos contra vecino 10
Resultado 11
47731.2
Yo soy: 
68 54 38 58 69 60 86 40 -17 42 49 53 77 49 -5 El mejor fue: 10
68 54 38 58 69 60 86 40 -17 42 29 53 77 49 -5 Generación 9
arranca 
Jugando Partidos contra vecino 0
Resultado 11
33180.9
Yo soy: 
68 54 38 58 69 60 86 40 -17 42 29 53 77 49 -5 El mejor fue: 0
68 54 38 58 69 60 86 40 3 42 29 53 77 49 -5 Generación 8
arranca 
Jugando Partidos contra vecino 0
Resultado 13
37526.6
Yo soy: 
68 54 38 58 69 60 86 40 3 42 29 53 77 49 -5 El mejor fue: 0
68 54 38 58 69 60 86 40 3 42 29 53 77 49 -25 Generación 7
arranca 
Jugando Partidos contra vecino 0
Resultado 7
27542.5
Jugando Partidos contra vecino 1
Resultado 7
30031
Jugando Partidos contra vecino 2
Resultado 9
35497.6
Jugando Partidos contra vecino 3
Resultado 7
31283.5
Jugando Partidos contra vecino 4
Resultado 8
28089.8
Jugando Partidos contra vecino 5
Resultado 7
25388.1
Jugando Partidos contra vecino 6
Resultado 4
34796.2
Jugando Partidos contra vecino 7
Resultado 15
54406.1
Yo soy: 
68 54 38 58 69 60 86 40 3 42 29 53 77 49 -25 El mejor fue: 7
68 54 38 58 69 80 86 40 3 42 29 53 77 49 -25 Generación 6
arranca 
Jugando Partidos contra vecino 0
Resultado 7
28348.1
Jugando Partidos contra vecino 1
Resultado 9
41585.3
Jugando Partidos contra vecino 2
Resultado 7
34583.6
Jugando Partidos contra vecino 3
Resultado 13
40783.5
Yo soy: 
68 54 38 58 69 80 86 40 3 42 29 53 77 49 -25 El mejor fue: 3
68 34 38 58 69 80 86 40 3 42 29 53 77 49 -25 Generación 5
arranca 
Jugando Partidos contra vecino 0
Resultado 13
38586.8
Yo soy: 
68 34 38 58 69 80 86 40 3 42 29 53 77 49 -25 El mejor fue: 0
68 34 38 58 69 80 86 40 3 42 29 33 77 49 -25 Generación 4
arranca 
Jugando Partidos contra vecino 0
Resultado 13
57645.2
Yo soy: 
68 34 38 58 69 80 86 40 3 42 29 33 77 49 -25 El mejor fue: 0
68 34 38 38 69 80 86 40 3 42 29 33 77 49 -25 Generación 3
arranca 
Jugando Partidos contra vecino 0
Resultado 11
39589.5
Yo soy: 
68 34 38 38 69 80 86 40 3 42 29 33 77 49 -25 El mejor fue: 0
68 34 38 38 69 80 86 40 23 42 29 33 77 49 -25 Generación 2
arranca 
Jugando Partidos contra vecino 0
Resultado 6
26779.5
Jugando Partidos contra vecino 1
Resultado 9
40611.4
Jugando Partidos contra vecino 2
Resultado 15
61693.5
Yo soy: 
68 34 38 38 69 80 86 40 23 42 29 33 77 49 -25 El mejor fue: 2
68 34 38 38 69 80 86 20 23 42 29 33 77 49 -25 Generación 1
arranca 
Jugando Partidos contra vecino 0
Resultado 6
33895.5
Jugando Partidos contra vecino 1
Resultado 9
36497.2
Jugando Partidos contra vecino 2
Resultado 9
35813.8
Jugando Partidos contra vecino 3
Resultado 5
27838.2
Jugando Partidos contra vecino 4
Resultado 9
34351.3
Jugando Partidos contra vecino 5
Resultado 11
37648
Yo soy: 
68 34 38 38 69 80 86 20 23 42 29 33 77 49 -25 El mejor fue: 5
68 14 38 38 69 80 86 20 23 42 29 33 77 49 -25 Generación 0
2.28908e+06
