arranca 
Jugando Partidos contra vecino 0
Resultado 5
38513.1
Jugando Partidos contra vecino 1
Resultado 5
39296.1
Jugando Partidos contra vecino 2
Resultado 5
43703.8
Jugando Partidos contra vecino 3
Resultado 5
39778.7
Jugando Partidos contra vecino 4
Resultado 5
62501.9
Jugando Partidos contra vecino 5
Resultado 5
43964.7
Jugando Partidos contra vecino 6
Resultado 5
42347.9
Jugando Partidos contra vecino 7
Resultado 5
40303.6
Jugando Partidos contra vecino 8
Resultado 5
44133.9
Jugando Partidos contra vecino 9
Resultado 5
39853.6
Jugando Partidos contra vecino 10
Resultado 5
44236.3
Jugando Partidos contra vecino 11
Resultado 5
43875.6
Jugando Partidos contra vecino 12
Resultado 5
43969.7
Jugando Partidos contra vecino 13
Resultado 5
41419.1
Jugando Partidos contra vecino 14
Resultado 5
44096.7
Jugando Partidos contra vecino 15
Resultado 5
41698.8
Jugando Partidos contra vecino 16
Resultado 5
42245.3
Jugando Partidos contra vecino 17
Resultado 5
45875.1
Jugando Partidos contra vecino 18
Resultado 5
44651.3
Jugando Partidos contra vecino 19
Resultado 5
42777.9
Jugando Partidos contra vecino 20
Resultado 5
44588.1
Jugando Partidos contra vecino 21
Resultado 5
46364
Jugando Partidos contra vecino 22
Resultado 5
46803.9
Jugando Partidos contra vecino 23
Resultado 5
41199.7
Jugando Partidos contra vecino 24
Resultado 5
40127.6
Jugando Partidos contra vecino 25
Resultado 5
44955.9
Jugando Partidos contra vecino 26
Resultado 5
46459.4
Jugando Partidos contra vecino 27
Resultado 5
43090.5
Jugando Partidos contra vecino 28
Resultado 5
42086.3
Jugando Partidos contra vecino 29
Resultado 5
44014.9
1.30893e+06
