arranca 
Jugando Partidos contra vecino 0
Resultado 5
69817.4
Jugando Partidos contra vecino 1
Resultado 5
78242.7
Jugando Partidos contra vecino 2
Resultado 5
65564.5
Jugando Partidos contra vecino 3
Resultado 7
69623.3
Jugando Partidos contra vecino 4
Resultado 5
70728
Jugando Partidos contra vecino 5
Resultado 5
57045.7
Jugando Partidos contra vecino 6
Resultado 5
66446.6
Jugando Partidos contra vecino 7
Resultado 3
21825.5
Jugando Partidos contra vecino 8
Resultado 5
64902.6
Jugando Partidos contra vecino 9
Resultado 5
70859.2
Jugando Partidos contra vecino 10
Resultado 5
67912.5
Jugando Partidos contra vecino 11
Resultado 5
65118
Jugando Partidos contra vecino 12
Resultado 5
72387.8
Jugando Partidos contra vecino 13
Resultado 5
53514.2
Jugando Partidos contra vecino 14
Resultado 5
66480.6
Jugando Partidos contra vecino 15
Resultado 7
37539.2
Jugando Partidos contra vecino 16
Resultado 9
50990.4
Jugando Partidos contra vecino 17
Resultado 3
22637.5
Jugando Partidos contra vecino 18
Resultado 5
67823.4
Jugando Partidos contra vecino 19
Resultado 9
49966.5
Jugando Partidos contra vecino 20
Resultado 5
65390.7
Jugando Partidos contra vecino 21
Resultado 5
79474.4
Jugando Partidos contra vecino 22
Resultado 5
79859
Jugando Partidos contra vecino 23
Resultado 5
71773.1
Jugando Partidos contra vecino 24
Resultado 5
72037.7
Jugando Partidos contra vecino 25
Resultado 5
76970.4
Jugando Partidos contra vecino 26
Resultado 5
53592.4
Jugando Partidos contra vecino 27
Resultado 5
63514.7
Jugando Partidos contra vecino 28
Resultado 5
64928.1
Jugando Partidos contra vecino 29
Resultado 5
80860.5
Jugando Partidos contra vecino 30
Resultado 5
63039.5
Jugando Partidos contra vecino 31
Resultado 5
67907.2
Jugando Partidos contra vecino 32
Resultado 5
79624.6
Jugando Partidos contra vecino 33
Resultado 5
63050.3
Jugando Partidos contra vecino 34
Resultado 5
62994.3
Jugando Partidos contra vecino 35
Resultado 5
66124.5
2.30057e+06
arranca 
Jugando Partidos contra vecino 0
Resultado 5
47349.6
Jugando Partidos contra vecino 1
Resultado 5
58705.4
Jugando Partidos contra vecino 2
Resultado 5
39390.5
Jugando Partidos contra vecino 3
Resultado 5
63366.3
Jugando Partidos contra vecino 4
Resultado 5
63765.1
Jugando Partidos contra vecino 5
Resultado 5
41830.6
Jugando Partidos contra vecino 6
Resultado 5
63511.7
Jugando Partidos contra vecino 7
Resultado 5
62943.2
Jugando Partidos contra vecino 8
Resultado 5
63386
Jugando Partidos contra vecino 9
Resultado 5
63220.7
Jugando Partidos contra vecino 10
Resultado 5
62263.8
Jugando Partidos contra vecino 11
Resultado 5
57816.4
Jugando Partidos contra vecino 12
Resultado 5
62669.3
Jugando Partidos contra vecino 13
Resultado 5
64755.4
Jugando Partidos contra vecino 14
Resultado 5
53546.4
Jugando Partidos contra vecino 15
Resultado 5
62720.2
Jugando Partidos contra vecino 16
Resultado 5
63780.8
Jugando Partidos contra vecino 17
Resultado 5
63720.2
Jugando Partidos contra vecino 18
Resultado 5
62955.7
Jugando Partidos contra vecino 19
Resultado 5
52296.1
Jugando Partidos contra vecino 20
Resultado 5
63040.8
Jugando Partidos contra vecino 21
Resultado 5
62265.5
Jugando Partidos contra vecino 22
Resultado 5
48000.1
Jugando Partidos contra vecino 23
Resultado 5
57575
Jugando Partidos contra vecino 24
Resultado 5
63421
Jugando Partidos contra vecino 25
Resultado 5
55822.1
Jugando Partidos contra vecino 26
Resultado 5
62904.6
Jugando Partidos contra vecino 27
Resultado 5
62697.5
Jugando Partidos contra vecino 28
Resultado 5
44194.3
Jugando Partidos contra vecino 29
Resultado 5
64169.3
Jugando Partidos contra vecino 30
Resultado 5
63598
Jugando Partidos contra vecino 31
Resultado 5
63935.5
Jugando Partidos contra vecino 32
Resultado 5
49281
Jugando Partidos contra vecino 33
Resultado 5
63187.3
Jugando Partidos contra vecino 34
Resultado 5
63849.5
Jugando Partidos contra vecino 35
Resultado 5
62451.7
2.12439e+06
arranca 
Jugando Partidos contra vecino 0
Resultado 5
62301
Jugando Partidos contra vecino 1
Resultado 5
63657.2
Jugando Partidos contra vecino 2
Resultado 5
47482
Jugando Partidos contra vecino 3
Resultado 5
57768.3
Jugando Partidos contra vecino 4
Resultado 5
54952.4
Jugando Partidos contra vecino 5
Resultado 5
65229.6
Jugando Partidos contra vecino 6
Resultado 5
50745.6
Jugando Partidos contra vecino 7
Resultado 5
60784.8
Jugando Partidos contra vecino 8
Resultado 5
50573.9
Jugando Partidos contra vecino 9
Resultado 5
78444.9
Jugando Partidos contra vecino 10
Resultado 5
67695.4
Jugando Partidos contra vecino 11
Resultado 5
53822.2
Jugando Partidos contra vecino 12
Resultado 5
49831.9
Jugando Partidos contra vecino 13
Resultado 5
45218.4
Jugando Partidos contra vecino 14
Resultado 5
54567.9
Jugando Partidos contra vecino 15
Resultado 5
61579
Jugando Partidos contra vecino 16
Resultado 5
54172.2
Jugando Partidos contra vecino 17
Resultado 5
67229
Jugando Partidos contra vecino 18
Resultado 5
70910.9
Jugando Partidos contra vecino 19
Resultado 5
70606.2
Jugando Partidos contra vecino 20
Resultado 5
55156
Jugando Partidos contra vecino 21
Resultado 5
50415.8
Jugando Partidos contra vecino 22
Resultado 5
63159.6
Jugando Partidos contra vecino 23
Resultado 5
73850.9
Jugando Partidos contra vecino 24
Resultado 5
55799.2
Jugando Partidos contra vecino 25
Resultado 5
67389.5
Jugando Partidos contra vecino 26
Resultado 5
61730
Jugando Partidos contra vecino 27
Resultado 9
47741.4
Jugando Partidos contra vecino 28
Resultado 5
60884.9
Jugando Partidos contra vecino 29
Resultado 5
46088.4
Jugando Partidos contra vecino 30
Resultado 5
69455.7
Jugando Partidos contra vecino 31
Resultado 5
33986.3
Jugando Partidos contra vecino 32
Resultado 7
51098.6
Jugando Partidos contra vecino 33
Resultado 5
47071.5
Jugando Partidos contra vecino 34
Resultado 5
56186.6
Jugando Partidos contra vecino 35
Resultado 5
64598.9
2.09219e+06
arranca 
Jugando Partidos contra vecino 0
Resultado 5
21174.1
Jugando Partidos contra vecino 1
Resultado 13
63522.5
Yo soy: 
5 96 43 50 37 39 35 56 48 10 99 96 91 37 14 100 50 50 El mejor fue: 1
5 96 23 50 37 39 35 56 48 10 99 96 91 37 14 100 50 50 Generación 199
arranca 
Jugando Partidos contra vecino 0
Resultado 11
68546.4
Yo soy: 
5 96 23 50 37 39 35 56 48 10 99 96 91 37 14 100 50 50 El mejor fue: 0
5 96 23 50 37 39 35 76 48 10 99 96 91 37 14 100 50 50 Generación 198
arranca 
Jugando Partidos contra vecino 0
Resultado 11
75507.5
Yo soy: 
5 96 23 50 37 39 35 76 48 10 99 96 91 37 14 100 50 50 El mejor fue: 0
5 96 23 50 37 39 35 76 48 10 99 96 91 37 14 100 50 30 Generación 197
arranca 
Jugando Partidos contra vecino 0
Resultado 7
65271.3
Jugando Partidos contra vecino 1
Resultado 11
75987.7
Yo soy: 
5 96 23 50 37 39 35 76 48 10 99 96 91 37 14 100 50 30 El mejor fue: 1
5 96 23 50 37 39 35 76 48 10 99 96 91 37 14 100 30 30 Generación 196
arranca 
Jugando Partidos contra vecino 0
Resultado 13
74710.7
Yo soy: 
5 96 23 50 37 39 35 76 48 10 99 96 91 37 14 100 30 30 El mejor fue: 0
5 96 23 50 37 39 35 56 48 10 99 96 91 37 14 100 30 30 Generación 195
arranca 
Jugando Partidos contra vecino 0
Resultado 13
69322.6
Yo soy: 
5 96 23 50 37 39 35 56 48 10 99 96 91 37 14 100 30 30 El mejor fue: 0
5 96 23 50 37 39 35 56 48 -10 99 96 91 37 14 100 30 30 Generación 194
arranca 
Jugando Partidos contra vecino 0
Resultado 13
54793.6
Yo soy: 
5 96 23 50 37 39 35 56 48 -10 99 96 91 37 14 100 30 30 El mejor fue: 0
5 96 23 50 37 39 35 56 28 -10 99 96 91 37 14 100 30 30 Generación 193
arranca 
Jugando Partidos contra vecino 0
Resultado 13
62515.9
Yo soy: 
5 96 23 50 37 39 35 56 28 -10 99 96 91 37 14 100 30 30 El mejor fue: 0
5 96 23 50 37 39 55 56 28 -10 99 96 91 37 14 100 30 30 Generación 192
arranca 
Jugando Partidos contra vecino 0
Resultado 15
65338.6
Yo soy: 
5 96 23 50 37 39 55 56 28 -10 99 96 91 37 14 100 30 30 El mejor fue: 0
5 96 23 50 37 39 55 56 28 -10 99 96 91 37 34 100 30 30 Generación 191
arranca 
Jugando Partidos contra vecino 0
Resultado 9
37708
Jugando Partidos contra vecino 1
Resultado 15
65936
Yo soy: 
5 96 23 50 37 39 55 56 28 -10 99 96 91 37 34 100 30 30 El mejor fue: 1
5 96 23 30 37 39 55 56 28 -10 99 96 91 37 34 100 30 30 Generación 190
arranca 
Jugando Partidos contra vecino 0
Resultado 15
54696.2
Yo soy: 
5 96 23 30 37 39 55 56 28 -10 99 96 91 37 34 100 30 30 El mejor fue: 0
5 96 23 30 37 39 55 56 28 -10 99 96 71 37 34 100 30 30 Generación 189
arranca 
Jugando Partidos contra vecino 0
Resultado 15
66279.8
Yo soy: 
5 96 23 30 37 39 55 56 28 -10 99 96 71 37 34 100 30 30 El mejor fue: 0
5 96 23 30 37 39 35 56 28 -10 99 96 71 37 34 100 30 30 Generación 188
arranca 
Jugando Partidos contra vecino 0
Resultado 15
72264.1
Yo soy: 
5 96 23 30 37 39 35 56 28 -10 99 96 71 37 34 100 30 30 El mejor fue: 0
5 76 23 30 37 39 35 56 28 -10 99 96 71 37 34 100 30 30 Generación 187
arranca 
Jugando Partidos contra vecino 0
Resultado 15
63234.5
Yo soy: 
5 76 23 30 37 39 35 56 28 -10 99 96 71 37 34 100 30 30 El mejor fue: 0
5 76 23 10 37 39 35 56 28 -10 99 96 71 37 34 100 30 30 Generación 186
arranca 
Jugando Partidos contra vecino 0
Resultado 5
17249
Jugando Partidos contra vecino 1
Resultado 15
58270.2
Yo soy: 
5 76 23 10 37 39 35 56 28 -10 99 96 71 37 34 100 30 30 El mejor fue: 1
5 76 23 10 37 39 35 36 28 -10 99 96 71 37 34 100 30 30 Generación 185
arranca 
Jugando Partidos contra vecino 0
Resultado 15
59126.7
Yo soy: 
5 76 23 10 37 39 35 36 28 -10 99 96 71 37 34 100 30 30 El mejor fue: 0
5 76 3 10 37 39 35 36 28 -10 99 96 71 37 34 100 30 30 Generación 184
arranca 
Jugando Partidos contra vecino 0
Resultado 11
46365.8
Yo soy: 
5 76 3 10 37 39 35 36 28 -10 99 96 71 37 34 100 30 30 El mejor fue: 0
5 76 3 10 37 39 35 36 28 -10 99 96 71 37 54 100 30 30 Generación 183
arranca 
Jugando Partidos contra vecino 0
Resultado 15
52486.4
Yo soy: 
5 76 3 10 37 39 35 36 28 -10 99 96 71 37 54 100 30 30 El mejor fue: 0
5 76 3 10 37 39 35 36 28 -10 99 96 91 37 54 100 30 30 Generación 182
arranca 
Jugando Partidos contra vecino 0
Resultado 13
42657.5
Yo soy: 
5 76 3 10 37 39 35 36 28 -10 99 96 91 37 54 100 30 30 El mejor fue: 0
5 76 3 -10 37 39 35 36 28 -10 99 96 91 37 54 100 30 30 Generación 181
arranca 
Jugando Partidos contra vecino 0
Resultado 15
42865.7
Yo soy: 
5 76 3 -10 37 39 35 36 28 -10 99 96 91 37 54 100 30 30 El mejor fue: 0
-15 76 3 -10 37 39 35 36 28 -10 99 96 91 37 54 100 30 30 Generación 180
arranca 
Jugando Partidos contra vecino 0
Resultado 13
34646.8
Yo soy: 
-15 76 3 -10 37 39 35 36 28 -10 99 96 91 37 54 100 30 30 El mejor fue: 0
-15 76 23 -10 37 39 35 36 28 -10 99 96 91 37 54 100 30 30 Generación 179
arranca 
Jugando Partidos contra vecino 0
Resultado 15
45743.5
Yo soy: 
-15 76 23 -10 37 39 35 36 28 -10 99 96 91 37 54 100 30 30 El mejor fue: 0
-15 76 23 -10 37 39 35 56 28 -10 99 96 91 37 54 100 30 30 Generación 178
arranca 
Jugando Partidos contra vecino 0
Resultado 15
42002.8
Yo soy: 
-15 76 23 -10 37 39 35 56 28 -10 99 96 91 37 54 100 30 30 El mejor fue: 0
-15 76 23 -10 37 39 35 56 8 -10 99 96 91 37 54 100 30 30 Generación 177
arranca 
Jugando Partidos contra vecino 0
Resultado 15
44838.9
Yo soy: 
-15 76 23 -10 37 39 35 56 8 -10 99 96 91 37 54 100 30 30 El mejor fue: 0
5 76 23 -10 37 39 35 56 8 -10 99 96 91 37 54 100 30 30 Generación 176
arranca 
Jugando Partidos contra vecino 0
Resultado 15
57759.3
Yo soy: 
5 76 23 -10 37 39 35 56 8 -10 99 96 91 37 54 100 30 30 El mejor fue: 0
5 76 23 10 37 39 35 56 8 -10 99 96 91 37 54 100 30 30 Generación 175
arranca 
Jugando Partidos contra vecino 0
Resultado 15
66033.8
Yo soy: 
5 76 23 10 37 39 35 56 8 -10 99 96 91 37 54 100 30 30 El mejor fue: 0
5 76 23 10 37 39 35 56 8 -10 99 96 91 37 54 100 10 30 Generación 174
arranca 
Jugando Partidos contra vecino 0
Resultado 13
53633.4
Yo soy: 
5 76 23 10 37 39 35 56 8 -10 99 96 91 37 54 100 10 30 El mejor fue: 0
5 76 23 10 37 39 35 56 8 -10 59 96 91 37 54 100 10 30 Generación 173
arranca 
Jugando Partidos contra vecino 0
Resultado 15
65506
Yo soy: 
5 76 23 10 37 39 35 56 8 -10 59 96 91 37 54 100 10 30 El mejor fue: 0
5 76 23 10 37 39 35 56 8 -10 59 96 91 37 34 100 10 30 Generación 172
arranca 
Jugando Partidos contra vecino 0
Resultado 13
44799.3
Yo soy: 
5 76 23 10 37 39 35 56 8 -10 59 96 91 37 34 100 10 30 El mejor fue: 0
5 76 23 10 37 39 35 56 28 -10 59 96 91 37 34 100 10 30 Generación 171
arranca 
Jugando Partidos contra vecino 0
Resultado 13
53736
Yo soy: 
5 76 23 10 37 39 35 56 28 -10 59 96 91 37 34 100 10 30 El mejor fue: 0
5 76 23 10 37 39 55 56 28 -10 59 96 91 37 34 100 10 30 Generación 170
arranca 
Jugando Partidos contra vecino 0
Resultado 13
47866.8
Yo soy: 
5 76 23 10 37 39 55 56 28 -10 59 96 91 37 34 100 10 30 El mejor fue: 0
5 76 23 10 37 39 55 56 28 -10 59 56 91 37 34 100 10 30 Generación 169
arranca 
Jugando Partidos contra vecino 0
Resultado 11
44868.4
Yo soy: 
5 76 23 10 37 39 55 56 28 -10 59 56 91 37 34 100 10 30 El mejor fue: 0
25 76 23 10 37 39 55 56 28 -10 59 56 91 37 34 100 10 30 Generación 168
arranca 
Jugando Partidos contra vecino 0
Resultado 9
36350.2
Jugando Partidos contra vecino 1
Resultado 9
41683.4
Jugando Partidos contra vecino 2
Resultado 15
65782.9
Yo soy: 
25 76 23 10 37 39 55 56 28 -10 59 56 91 37 34 100 10 30 El mejor fue: 2
25 76 3 10 37 39 55 56 28 -10 59 56 91 37 34 100 10 30 Generación 167
arranca 
Jugando Partidos contra vecino 0
Resultado 13
43683.7
Yo soy: 
25 76 3 10 37 39 55 56 28 -10 59 56 91 37 34 100 10 30 El mejor fue: 0
5 76 3 10 37 39 55 56 28 -10 59 56 91 37 34 100 10 30 Generación 166
arranca 
Jugando Partidos contra vecino 0
Resultado 13
54451.9
Yo soy: 
5 76 3 10 37 39 55 56 28 -10 59 56 91 37 34 100 10 30 El mejor fue: 0
25 76 3 10 37 39 55 56 28 -10 59 56 91 37 34 100 10 30 Generación 165
arranca 
Jugando Partidos contra vecino 0
Resultado 15
62807.2
Yo soy: 
25 76 3 10 37 39 55 56 28 -10 59 56 91 37 34 100 10 30 El mejor fue: 0
25 76 3 10 37 39 55 56 28 10 59 56 91 37 34 100 10 30 Generación 164
arranca 
Jugando Partidos contra vecino 0
Resultado 13
57037
Yo soy: 
25 76 3 10 37 39 55 56 28 10 59 56 91 37 34 100 10 30 El mejor fue: 0
45 76 3 10 37 39 55 56 28 10 59 56 91 37 34 100 10 30 Generación 163
arranca 
Jugando Partidos contra vecino 0
Resultado 5
67641
Jugando Partidos contra vecino 1
Resultado 13
52570.6
Yo soy: 
45 76 3 10 37 39 55 56 28 10 59 56 91 37 34 100 10 30 El mejor fue: 1
45 76 3 10 37 39 55 56 28 10 59 56 91 37 34 100 30 30 Generación 162
arranca 
Jugando Partidos contra vecino 0
Resultado 9
30677.4
Jugando Partidos contra vecino 1
Resultado 4
57924.5
Jugando Partidos contra vecino 2
Resultado 13
46691.4
Yo soy: 
45 76 3 10 37 39 55 56 28 10 59 56 91 37 34 100 30 30 El mejor fue: 2
45 76 3 10 37 39 55 56 28 10 59 56 71 37 34 100 30 30 Generación 161
arranca 
Jugando Partidos contra vecino 0
Resultado 13
49145.4
Yo soy: 
45 76 3 10 37 39 55 56 28 10 59 56 71 37 34 100 30 30 El mejor fue: 0
45 76 3 10 37 39 55 56 28 -10 59 56 71 37 34 100 30 30 Generación 160
arranca 
Jugando Partidos contra vecino 0
Resultado 11
43864.8
Yo soy: 
45 76 3 10 37 39 55 56 28 -10 59 56 71 37 34 100 30 30 El mejor fue: 0
45 76 3 10 57 39 55 56 28 -10 59 56 71 37 34 100 30 30 Generación 159
arranca 
Jugando Partidos contra vecino 0
Resultado 15
55408.8
Yo soy: 
45 76 3 10 57 39 55 56 28 -10 59 56 71 37 34 100 30 30 El mejor fue: 0
45 96 3 10 57 39 55 56 28 -10 59 56 71 37 34 100 30 30 Generación 158
arranca 
Jugando Partidos contra vecino 0
Resultado 15
55838
Yo soy: 
45 96 3 10 57 39 55 56 28 -10 59 56 71 37 34 100 30 30 El mejor fue: 0
45 96 3 10 57 39 55 76 28 -10 59 56 71 37 34 100 30 30 Generación 157
arranca 
Jugando Partidos contra vecino 0
Resultado 15
62449.8
Yo soy: 
45 96 3 10 57 39 55 76 28 -10 59 56 71 37 34 100 30 30 El mejor fue: 0
45 76 3 10 57 39 55 76 28 -10 59 56 71 37 34 100 30 30 Generación 156
arranca 
Jugando Partidos contra vecino 0
Resultado 15
49518.1
Yo soy: 
45 76 3 10 57 39 55 76 28 -10 59 56 71 37 34 100 30 30 El mejor fue: 0
45 76 3 -10 57 39 55 76 28 -10 59 56 71 37 34 100 30 30 Generación 155
arranca 
Jugando Partidos contra vecino 0
Resultado 15
38855.1
Yo soy: 
45 76 3 -10 57 39 55 76 28 -10 59 56 71 37 34 100 30 30 El mejor fue: 0
45 76 3 -10 57 39 55 76 28 -10 59 56 71 57 34 100 30 30 Generación 154
arranca 
Jugando Partidos contra vecino 0
Resultado 15
44945.1
Yo soy: 
45 76 3 -10 57 39 55 76 28 -10 59 56 71 57 34 100 30 30 El mejor fue: 0
25 76 3 -10 57 39 55 76 28 -10 59 56 71 57 34 100 30 30 Generación 153
arranca 
Jugando Partidos contra vecino 0
Resultado 13
45195.8
Yo soy: 
25 76 3 -10 57 39 55 76 28 -10 59 56 71 57 34 100 30 30 El mejor fue: 0
25 76 3 -10 57 39 75 76 28 -10 59 56 71 57 34 100 30 30 Generación 152
arranca 
Jugando Partidos contra vecino 0
Resultado 15
43618.6
Yo soy: 
25 76 3 -10 57 39 75 76 28 -10 59 56 71 57 34 100 30 30 El mejor fue: 0
25 76 3 -10 57 39 75 76 28 -10 59 56 71 77 34 100 30 30 Generación 151
arranca 
Jugando Partidos contra vecino 0
Resultado 15
56221.8
Yo soy: 
25 76 3 -10 57 39 75 76 28 -10 59 56 71 77 34 100 30 30 El mejor fue: 0
25 76 3 10 57 39 75 76 28 -10 59 56 71 77 34 100 30 30 Generación 150
arranca 
Jugando Partidos contra vecino 0
Resultado 15
55853.9
Yo soy: 
25 76 3 10 57 39 75 76 28 -10 59 56 71 77 34 100 30 30 El mejor fue: 0
25 76 -17 10 57 39 75 76 28 -10 59 56 71 77 34 100 30 30 Generación 149
arranca 
Jugando Partidos contra vecino 0
Resultado 10
42626.9
Yo soy: 
25 76 -17 10 57 39 75 76 28 -10 59 56 71 77 34 100 30 30 El mejor fue: 0
25 76 -17 10 57 39 75 76 48 -10 59 56 71 77 34 100 30 30 Generación 148
arranca 
Jugando Partidos contra vecino 0
Resultado 15
53630.9
Yo soy: 
25 76 -17 10 57 39 75 76 48 -10 59 56 71 77 34 100 30 30 El mejor fue: 0
25 76 -37 10 57 39 75 76 48 -10 59 56 71 77 34 100 30 30 Generación 147
arranca 
Jugando Partidos contra vecino 0
Resultado 15
59974.8
Yo soy: 
25 76 -37 10 57 39 75 76 48 -10 59 56 71 77 34 100 30 30 El mejor fue: 0
25 76 -37 10 57 39 75 96 48 -10 59 56 71 77 34 100 30 30 Generación 146
arranca 
Jugando Partidos contra vecino 0
Resultado 13
50983.7
Yo soy: 
25 76 -37 10 57 39 75 96 48 -10 59 56 71 77 34 100 30 30 El mejor fue: 0
25 96 -37 10 57 39 75 96 48 -10 59 56 71 77 34 100 30 30 Generación 145
arranca 
Jugando Partidos contra vecino 0
Resultado 15
59528.1
Yo soy: 
25 96 -37 10 57 39 75 96 48 -10 59 56 71 77 34 100 30 30 El mejor fue: 0
25 96 -37 10 57 39 75 96 48 -10 59 56 91 77 34 100 30 30 Generación 144
arranca 
Jugando Partidos contra vecino 0
Resultado 15
66916.7
Yo soy: 
25 96 -37 10 57 39 75 96 48 -10 59 56 91 77 34 100 30 30 El mejor fue: 0
25 56 -37 10 57 39 75 96 48 -10 59 56 91 77 34 100 30 30 Generación 143
arranca 
Jugando Partidos contra vecino 0
Resultado 15
60999.6
Yo soy: 
25 56 -37 10 57 39 75 96 48 -10 59 56 91 77 34 100 30 30 El mejor fue: 0
25 56 -37 10 57 39 75 96 48 -10 59 56 91 57 34 100 30 30 Generación 142
arranca 
Jugando Partidos contra vecino 0
Resultado 15
58730.4
Yo soy: 
25 56 -37 10 57 39 75 96 48 -10 59 56 91 57 34 100 30 30 El mejor fue: 0
25 56 -37 10 57 39 75 96 48 -10 59 56 51 57 34 100 30 30 Generación 141
arranca 
Jugando Partidos contra vecino 0
Resultado 13
54368.2
Yo soy: 
25 56 -37 10 57 39 75 96 48 -10 59 56 51 57 34 100 30 30 El mejor fue: 0
25 56 -37 10 57 39 75 96 48 -10 59 56 31 57 34 100 30 30 Generación 140
arranca 
Jugando Partidos contra vecino 0
Resultado 11
57541.1
Yo soy: 
25 56 -37 10 57 39 75 96 48 -10 59 56 31 57 34 100 30 30 El mejor fue: 0
25 56 -37 10 57 39 75 96 68 -10 59 56 31 57 34 100 30 30 Generación 139
arranca 
Jugando Partidos contra vecino 0
Resultado 9
60272.9
Jugando Partidos contra vecino 1
Resultado 7
54739.3
Jugando Partidos contra vecino 2
Resultado 15
53158
Yo soy: 
25 56 -37 10 57 39 75 96 68 -10 59 56 31 57 34 100 30 30 El mejor fue: 2
25 56 -37 10 57 39 75 96 68 -10 59 56 31 77 34 100 30 30 Generación 138
arranca 
Jugando Partidos contra vecino 0
Resultado 15
56581.9
Yo soy: 
25 56 -37 10 57 39 75 96 68 -10 59 56 31 77 34 100 30 30 El mejor fue: 0
25 56 -37 10 57 39 75 96 68 -10 79 56 31 77 34 100 30 30 Generación 137
arranca 
Jugando Partidos contra vecino 0
Resultado 15
63127.4
Yo soy: 
25 56 -37 10 57 39 75 96 68 -10 79 56 31 77 34 100 30 30 El mejor fue: 0
25 56 -37 10 57 39 75 96 68 -10 79 56 31 77 34 100 30 50 Generación 136
arranca 
Jugando Partidos contra vecino 0
Resultado 15
51471.7
Yo soy: 
25 56 -37 10 57 39 75 96 68 -10 79 56 31 77 34 100 30 50 El mejor fue: 0
25 56 -37 10 57 39 75 96 68 -10 79 56 31 77 34 100 30 30 Generación 135
arranca 
Jugando Partidos contra vecino 0
Resultado 15
53348.2
Yo soy: 
25 56 -37 10 57 39 75 96 68 -10 79 56 31 77 34 100 30 30 El mejor fue: 0
25 56 -37 10 57 39 75 96 68 -10 79 56 11 77 34 100 30 30 Generación 134
arranca 
Jugando Partidos contra vecino 0
Resultado 9
33282.9
Jugando Partidos contra vecino 1
Resultado 7
36002.6
Jugando Partidos contra vecino 2
Resultado 5
28884.4
Jugando Partidos contra vecino 3
Resultado 9
32882.4
Jugando Partidos contra vecino 4
Resultado 11
32042.4
Yo soy: 
25 56 -37 10 57 39 75 96 68 -10 79 56 11 77 34 100 30 30 El mejor fue: 4
25 56 -37 10 57 39 75 96 68 -10 79 36 11 77 34 100 30 30 Generación 133
arranca 
Jugando Partidos contra vecino 0
Resultado 9
35163
Jugando Partidos contra vecino 1
Resultado 3
34003.8
Jugando Partidos contra vecino 2
Resultado 9
33851.4
Jugando Partidos contra vecino 3
Resultado 7
59621
Jugando Partidos contra vecino 4
Resultado 9
46000.9
Jugando Partidos contra vecino 5
Resultado 13
46102
Yo soy: 
25 56 -37 10 57 39 75 96 68 -10 79 36 11 77 34 100 30 30 El mejor fue: 5
25 56 -37 10 57 39 75 96 68 -10 79 36 11 77 34 100 50 30 Generación 132
arranca 
Jugando Partidos contra vecino 0
Resultado 11
29868.3
Yo soy: 
25 56 -37 10 57 39 75 96 68 -10 79 36 11 77 34 100 50 30 El mejor fue: 0
25 56 -37 10 57 39 75 96 68 10 79 36 11 77 34 100 50 30 Generación 131
arranca 
Jugando Partidos contra vecino 0
Resultado 11
43263.4
Yo soy: 
25 56 -37 10 57 39 75 96 68 10 79 36 11 77 34 100 50 30 El mejor fue: 0
25 56 -37 10 57 19 75 96 68 10 79 36 11 77 34 100 50 30 Generación 130
arranca 
Jugando Partidos contra vecino 0
Resultado 12
54841.1
Yo soy: 
25 56 -37 10 57 19 75 96 68 10 79 36 11 77 34 100 50 30 El mejor fue: 0
5 56 -37 10 57 19 75 96 68 10 79 36 11 77 34 100 50 30 Generación 129
arranca 
Jugando Partidos contra vecino 0
Resultado 10
34011.2
Yo soy: 
5 56 -37 10 57 19 75 96 68 10 79 36 11 77 34 100 50 30 El mejor fue: 0
5 76 -37 10 57 19 75 96 68 10 79 36 11 77 34 100 50 30 Generación 128
arranca 
Jugando Partidos contra vecino 0
Resultado 11
40702.3
Yo soy: 
5 76 -37 10 57 19 75 96 68 10 79 36 11 77 34 100 50 30 El mejor fue: 0
5 76 -37 10 57 19 75 96 68 10 79 36 -9 77 34 100 50 30 Generación 127
arranca 
Jugando Partidos contra vecino 0
Resultado 6
35852.8
Jugando Partidos contra vecino 1
Resultado 9
37466
Jugando Partidos contra vecino 2
Resultado 13
43338.4
Yo soy: 
5 76 -37 10 57 19 75 96 68 10 79 36 -9 77 34 100 50 30 El mejor fue: 2
5 76 -37 10 57 19 75 96 68 10 79 56 -9 77 34 100 50 30 Generación 126
arranca 
Jugando Partidos contra vecino 0
Resultado 9
31400.8
Jugando Partidos contra vecino 1
Resultado 9
35892.8
Jugando Partidos contra vecino 2
Resultado 7
45424.6
Jugando Partidos contra vecino 3
Resultado 9
43293.4
Jugando Partidos contra vecino 4
Resultado 11
38804.7
Yo soy: 
5 76 -37 10 57 19 75 96 68 10 79 56 -9 77 34 100 50 30 El mejor fue: 4
5 76 -37 10 57 19 75 96 68 10 79 56 -29 77 34 100 50 30 Generación 125
arranca 
Jugando Partidos contra vecino 0
Resultado 4
39564
Jugando Partidos contra vecino 1
Resultado 9
39174.5
Jugando Partidos contra vecino 2
Resultado 12
37897.3
Yo soy: 
5 76 -37 10 57 19 75 96 68 10 79 56 -29 77 34 100 50 30 El mejor fue: 2
5 76 -37 10 57 19 75 56 68 10 79 56 -29 77 34 100 50 30 Generación 124
arranca 
Jugando Partidos contra vecino 0
Resultado 2
36693.5
Jugando Partidos contra vecino 1
Resultado 1
33102.4
Jugando Partidos contra vecino 2
Resultado 8
36446.8
Jugando Partidos contra vecino 3
Resultado 5
32339.2
Jugando Partidos contra vecino 4
Resultado 10
46376.3
Yo soy: 
5 76 -37 10 57 19 75 56 68 10 79 56 -29 77 34 100 50 30 El mejor fue: 4
5 76 -37 10 77 19 75 56 68 10 79 56 -29 77 34 100 50 30 Generación 123
arranca 
Jugando Partidos contra vecino 0
Resultado 3
43217.7
Jugando Partidos contra vecino 1
Resultado 9
38982.1
Jugando Partidos contra vecino 2
Resultado 4
34504.7
Jugando Partidos contra vecino 3
Resultado 10
36846.2
Yo soy: 
5 76 -37 10 77 19 75 56 68 10 79 56 -29 77 34 100 50 30 El mejor fue: 3
5 76 -37 10 77 19 55 56 68 10 79 56 -29 77 34 100 50 30 Generación 122
arranca 
Jugando Partidos contra vecino 0
Resultado 4
32499.5
Jugando Partidos contra vecino 1
Resultado 11
35007.4
Yo soy: 
5 76 -37 10 77 19 55 56 68 10 79 56 -29 77 34 100 50 30 El mejor fue: 1
5 76 -37 10 77 -1 55 56 68 10 79 56 -29 77 34 100 50 30 Generación 121
arranca 
Jugando Partidos contra vecino 0
Resultado 5
31332.9
Jugando Partidos contra vecino 1
Resultado 10
41736
Yo soy: 
5 76 -37 10 77 -1 55 56 68 10 79 56 -29 77 34 100 50 30 El mejor fue: 1
5 76 -37 10 77 -1 55 56 48 10 79 56 -29 77 34 100 50 30 Generación 120
arranca 
Jugando Partidos contra vecino 0
Resultado 10
34139
Yo soy: 
5 76 -37 10 77 -1 55 56 48 10 79 56 -29 77 34 100 50 30 El mejor fue: 0
5 76 -57 10 77 -1 55 56 48 10 79 56 -29 77 34 100 50 30 Generación 119
arranca 
Jugando Partidos contra vecino 0
Resultado 9
29872
Jugando Partidos contra vecino 1
Resultado 3
32311.4
Jugando Partidos contra vecino 2
Resultado 5
34959.7
Jugando Partidos contra vecino 3
Resultado 10
31740.7
Yo soy: 
5 76 -57 10 77 -1 55 56 48 10 79 56 -29 77 34 100 50 30 El mejor fue: 3
5 76 -57 10 77 -1 55 56 48 10 79 56 -29 77 34 100 50 50 Generación 118
arranca 
Jugando Partidos contra vecino 0
Resultado 5
38018.8
Jugando Partidos contra vecino 1
Resultado 8
41046.5
Jugando Partidos contra vecino 2
Resultado 6
36650.2
Jugando Partidos contra vecino 3
Resultado 12
44540.8
Yo soy: 
5 76 -57 10 77 -1 55 56 48 10 79 56 -29 77 34 100 50 50 El mejor fue: 3
5 76 -57 10 77 -1 55 56 48 10 79 76 -29 77 34 100 50 50 Generación 117
arranca 
Jugando Partidos contra vecino 0
Resultado 12
37447
Yo soy: 
5 76 -57 10 77 -1 55 56 48 10 79 76 -29 77 34 100 50 50 El mejor fue: 0
5 76 -57 10 77 -1 55 56 48 10 79 76 -49 77 34 100 50 50 Generación 116
arranca 
Jugando Partidos contra vecino 0
Resultado 11
34794.5
Yo soy: 
5 76 -57 10 77 -1 55 56 48 10 79 76 -49 77 34 100 50 50 El mejor fue: 0
5 76 -57 10 77 -1 55 56 48 10 79 76 -49 77 54 100 50 50 Generación 115
arranca 
Jugando Partidos contra vecino 0
Resultado 10
40001.8
Yo soy: 
5 76 -57 10 77 -1 55 56 48 10 79 76 -49 77 54 100 50 50 El mejor fue: 0
5 76 -57 10 77 19 55 56 48 10 79 76 -49 77 54 100 50 50 Generación 114
arranca 
Jugando Partidos contra vecino 0
Resultado 15
32998.6
Yo soy: 
5 76 -57 10 77 19 55 56 48 10 79 76 -49 77 54 100 50 50 El mejor fue: 0
5 76 -57 10 77 19 55 56 48 10 99 76 -49 77 54 100 50 50 Generación 113
arranca 
Jugando Partidos contra vecino 0
Resultado 5
31408.6
Jugando Partidos contra vecino 1
Resultado 10
42345.4
Yo soy: 
5 76 -57 10 77 19 55 56 48 10 99 76 -49 77 54 100 50 50 El mejor fue: 1
5 56 -57 10 77 19 55 56 48 10 99 76 -49 77 54 100 50 50 Generación 112
arranca 
Jugando Partidos contra vecino 0
Resultado 9
32106
Jugando Partidos contra vecino 1
Resultado 12
44622.2
Yo soy: 
5 56 -57 10 77 19 55 56 48 10 99 76 -49 77 54 100 50 50 El mejor fue: 1
5 56 -57 10 77 19 55 56 48 10 79 76 -49 77 54 100 50 50 Generación 111
arranca 
Jugando Partidos contra vecino 0
Resultado 10
35676.7
Yo soy: 
5 56 -57 10 77 19 55 56 48 10 79 76 -49 77 54 100 50 50 El mejor fue: 0
5 56 -57 -10 77 19 55 56 48 10 79 76 -49 77 54 100 50 50 Generación 110
arranca 
Jugando Partidos contra vecino 0
Resultado 8
34087
Jugando Partidos contra vecino 1
Resultado 6
37892.9
Jugando Partidos contra vecino 2
Resultado 3
38288.4
Jugando Partidos contra vecino 3
Resultado 9
37026.7
Jugando Partidos contra vecino 4
Resultado 4
39695.5
Jugando Partidos contra vecino 5
Resultado 7
41374.1
Jugando Partidos contra vecino 6
Resultado 11
47483.9
Yo soy: 
5 56 -57 -10 77 19 55 56 48 10 79 76 -49 77 54 100 50 50 El mejor fue: 6
5 56 -57 -10 77 19 55 56 48 10 79 76 -49 97 54 100 50 50 Generación 109
arranca 
Jugando Partidos contra vecino 0
Resultado 11
40519
Yo soy: 
5 56 -57 -10 77 19 55 56 48 10 79 76 -49 97 54 100 50 50 El mejor fue: 0
5 56 -57 -10 77 19 55 56 48 10 79 76 -49 97 34 100 50 50 Generación 108
arranca 
Jugando Partidos contra vecino 0
Resultado 10
44052.1
Yo soy: 
5 56 -57 -10 77 19 55 56 48 10 79 76 -49 97 34 100 50 50 El mejor fue: 0
5 56 -57 -10 77 19 55 56 48 10 79 76 -49 97 34 100 50 70 Generación 107
arranca 
Jugando Partidos contra vecino 0
Resultado 3
35173.5
Jugando Partidos contra vecino 1
Resultado 9
44976.4
Jugando Partidos contra vecino 2
Resultado 11
40464.6
Yo soy: 
5 56 -57 -10 77 19 55 56 48 10 79 76 -49 97 34 100 50 70 El mejor fue: 2
5 56 -57 -10 77 19 55 56 48 30 79 76 -49 97 34 100 50 70 Generación 106
arranca 
Jugando Partidos contra vecino 0
Resultado 11
39192.3
Yo soy: 
5 56 -57 -10 77 19 55 56 48 30 79 76 -49 97 34 100 50 70 El mejor fue: 0
5 56 -57 10 77 19 55 56 48 30 79 76 -49 97 34 100 50 70 Generación 105
arranca 
Jugando Partidos contra vecino 0
Resultado 13
37250.8
Yo soy: 
5 56 -57 10 77 19 55 56 48 30 79 76 -49 97 34 100 50 70 El mejor fue: 0
5 56 -57 10 77 19 55 56 48 30 79 76 -49 97 34 100 30 70 Generación 104
arranca 
Jugando Partidos contra vecino 0
Resultado 12
36212.8
Yo soy: 
5 56 -57 10 77 19 55 56 48 30 79 76 -49 97 34 100 30 70 El mejor fue: 0
5 56 -57 10 77 19 55 56 48 30 79 76 -49 97 34 100 30 50 Generación 103
arranca 
Jugando Partidos contra vecino 0
Resultado 9
41217.7
Jugando Partidos contra vecino 1
Resultado 5
21886.7
Jugando Partidos contra vecino 2
Resultado 6
40051.1
Jugando Partidos contra vecino 3
Resultado 3
37636.1
Jugando Partidos contra vecino 4
Resultado 9
34982.4
Jugando Partidos contra vecino 5
Resultado 11
38429.9
Yo soy: 
5 56 -57 10 77 19 55 56 48 30 79 76 -49 97 34 100 30 50 El mejor fue: 5
5 56 -57 10 77 19 75 56 48 30 79 76 -49 97 34 100 30 50 Generación 102
arranca 
Jugando Partidos contra vecino 0
Resultado 7
36001.3
Jugando Partidos contra vecino 1
Resultado 10
37932.8
Yo soy: 
5 56 -57 10 77 19 75 56 48 30 79 76 -49 97 34 100 30 50 El mejor fue: 1
5 56 -57 10 77 19 75 56 48 30 79 76 -49 97 34 100 30 30 Generación 101
arranca 
Jugando Partidos contra vecino 0
Resultado 11
42228.7
Yo soy: 
5 56 -57 10 77 19 75 56 48 30 79 76 -49 97 34 100 30 30 El mejor fue: 0
5 56 -57 10 77 19 75 56 48 30 79 56 -49 97 34 100 30 30 Generación 100
arranca 
Jugando Partidos contra vecino 0
Resultado 9
39490.4
Jugando Partidos contra vecino 1
Resultado 13
45680.3
Yo soy: 
5 56 -57 10 77 19 75 56 48 30 79 56 -49 97 34 100 30 30 El mejor fue: 1
5 56 -57 10 77 19 95 56 48 30 79 56 -49 97 34 100 30 30 Generación 99
arranca 
Jugando Partidos contra vecino 0
Resultado 7
41043
Jugando Partidos contra vecino 1
Resultado 3
36856.2
Jugando Partidos contra vecino 2
Resultado 3
41334
Jugando Partidos contra vecino 3
Resultado 3
30325.1
Jugando Partidos contra vecino 4
Resultado 12
41105.4
Yo soy: 
5 56 -57 10 77 19 95 56 48 30 79 56 -49 97 34 100 30 30 El mejor fue: 4
5 56 -57 10 77 19 95 56 48 30 99 56 -49 97 34 100 30 30 Generación 98
arranca 
Jugando Partidos contra vecino 0
Resultado 8
32909.3
Jugando Partidos contra vecino 1
Resultado 10
40998.3
Yo soy: 
5 56 -57 10 77 19 95 56 48 30 99 56 -49 97 34 100 30 30 El mejor fue: 1
5 56 -57 10 77 19 95 76 48 30 99 56 -49 97 34 100 30 30 Generación 97
arranca 
Jugando Partidos contra vecino 0
Resultado 11
48388.3
Yo soy: 
5 56 -57 10 77 19 95 76 48 30 99 56 -49 97 34 100 30 30 El mejor fue: 0
5 56 -57 10 97 19 95 76 48 30 99 56 -49 97 34 100 30 30 Generación 96
arranca 
Jugando Partidos contra vecino 0
Resultado 10
32567.9
Yo soy: 
5 56 -57 10 97 19 95 76 48 30 99 56 -49 97 34 100 30 30 El mejor fue: 0
5 56 -57 -10 97 19 95 76 48 30 99 56 -49 97 34 100 30 30 Generación 95
arranca 
Jugando Partidos contra vecino 0
Resultado 15
43833.1
Yo soy: 
5 56 -57 -10 97 19 95 76 48 30 99 56 -49 97 34 100 30 30 El mejor fue: 0
5 56 -57 10 97 19 95 76 48 30 99 56 -49 97 34 100 30 30 Generación 94
arranca 
Jugando Partidos contra vecino 0
Resultado 9
34689.5
Jugando Partidos contra vecino 1
Resultado 4
34537.1
Jugando Partidos contra vecino 2
Resultado 7
38118.8
Jugando Partidos contra vecino 3
Resultado 9
44081.2
Jugando Partidos contra vecino 4
Resultado 3
29610.8
Jugando Partidos contra vecino 5
Resultado 9
32506.5
Jugando Partidos contra vecino 6
Resultado 9
37784.2
Jugando Partidos contra vecino 7
Resultado 4
29665.7
Jugando Partidos contra vecino 8
Resultado 6
38345.5
Jugando Partidos contra vecino 9
Resultado 11
38764.3
Yo soy: 
5 56 -57 10 97 19 95 76 48 30 99 56 -49 97 34 100 30 30 El mejor fue: 9
5 56 -57 10 97 19 95 76 68 30 99 56 -49 97 34 100 30 30 Generación 93
arranca 
Jugando Partidos contra vecino 0
Resultado 9
34326.9
Jugando Partidos contra vecino 1
Resultado 12
43405.9
Yo soy: 
5 56 -57 10 97 19 95 76 68 30 99 56 -49 97 34 100 30 30 El mejor fue: 1
5 56 -57 10 97 19 95 76 68 30 99 76 -49 97 34 100 30 30 Generación 92
arranca 
Jugando Partidos contra vecino 0
Resultado 7
23436.1
Jugando Partidos contra vecino 1
Resultado 9
44943
Jugando Partidos contra vecino 2
Resultado 5
43576.7
Jugando Partidos contra vecino 3
Resultado 5
31612.5
Jugando Partidos contra vecino 4
Resultado 11
41925.1
Yo soy: 
5 56 -57 10 97 19 95 76 68 30 99 76 -49 97 34 100 30 30 El mejor fue: 4
5 56 -57 10 97 19 95 76 68 30 99 76 -69 97 34 100 30 30 Generación 91
arranca 
Jugando Partidos contra vecino 0
Resultado 4
36762.5
Jugando Partidos contra vecino 1
Resultado 3
35961.8
Jugando Partidos contra vecino 2
Resultado 6
35970.1
Jugando Partidos contra vecino 3
Resultado 8
44190.7
Jugando Partidos contra vecino 4
Resultado 2
30713.3
Jugando Partidos contra vecino 5
Resultado 3
29278.9
Jugando Partidos contra vecino 6
Resultado 2
43723.7
Jugando Partidos contra vecino 7
Resultado 11
41967.7
Yo soy: 
5 56 -57 10 97 19 95 76 68 30 99 76 -69 97 34 100 30 30 El mejor fue: 7
5 56 -57 10 77 19 95 76 68 30 99 76 -69 97 34 100 30 30 Generación 90
arranca 
Jugando Partidos contra vecino 0
Resultado 15
42065.4
Yo soy: 
5 56 -57 10 77 19 95 76 68 30 99 76 -69 97 34 100 30 30 El mejor fue: 0
5 56 -57 10 77 19 95 76 68 30 99 76 -69 97 34 100 10 30 Generación 89
arranca 
Jugando Partidos contra vecino 0
Resultado 3
31691.6
Jugando Partidos contra vecino 1
Resultado 11
37704.4
Yo soy: 
5 56 -57 10 77 19 95 76 68 30 99 76 -69 97 34 100 10 30 El mejor fue: 1
5 56 -57 10 77 19 95 76 68 30 99 76 -49 97 34 100 10 30 Generación 88
arranca 
Jugando Partidos contra vecino 0
Resultado 15
50621.5
Yo soy: 
5 56 -57 10 77 19 95 76 68 30 99 76 -49 97 34 100 10 30 El mejor fue: 0
5 56 -57 10 77 39 95 76 68 30 99 76 -49 97 34 100 10 30 Generación 87
arranca 
Jugando Partidos contra vecino 0
Resultado 11
43357.8
Yo soy: 
5 56 -57 10 77 39 95 76 68 30 99 76 -49 97 34 100 10 30 El mejor fue: 0
5 76 -57 10 77 39 95 76 68 30 99 76 -49 97 34 100 10 30 Generación 86
arranca 
Jugando Partidos contra vecino 0
Resultado 8
33612.1
Jugando Partidos contra vecino 1
Resultado 4
39290.7
Jugando Partidos contra vecino 2
Resultado 3
32995.9
Jugando Partidos contra vecino 3
Resultado 11
37808.4
Yo soy: 
5 76 -57 10 77 39 95 76 68 30 99 76 -49 97 34 100 10 30 El mejor fue: 3
5 96 -57 10 77 39 95 76 68 30 99 76 -49 97 34 100 10 30 Generación 85
arranca 
Jugando Partidos contra vecino 0
Resultado 13
45225.4
Yo soy: 
5 96 -57 10 77 39 95 76 68 30 99 76 -49 97 34 100 10 30 El mejor fue: 0
5 96 -57 10 77 19 95 76 68 30 99 76 -49 97 34 100 10 30 Generación 84
arranca 
Jugando Partidos contra vecino 0
Resultado 8
35179
Jugando Partidos contra vecino 1
Resultado 3
37041.9
Jugando Partidos contra vecino 2
Resultado 3
31706
Jugando Partidos contra vecino 3
Resultado 13
44249
Yo soy: 
5 96 -57 10 77 19 95 76 68 30 99 76 -49 97 34 100 10 30 El mejor fue: 3
5 96 -57 10 77 19 95 76 68 30 59 76 -49 97 34 100 10 30 Generación 83
arranca 
Jugando Partidos contra vecino 0
Resultado 8
37102.1
Jugando Partidos contra vecino 1
Resultado 8
35996.8
Jugando Partidos contra vecino 2
Resultado 3
37387.3
Jugando Partidos contra vecino 3
Resultado 7
35182.8
Jugando Partidos contra vecino 4
Resultado 12
39106.8
Yo soy: 
5 96 -57 10 77 19 95 76 68 30 59 76 -49 97 34 100 10 30 El mejor fue: 4
5 96 -57 10 77 19 55 76 68 30 59 76 -49 97 34 100 10 30 Generación 82
arranca 
Jugando Partidos contra vecino 0
Resultado 6
30368.6
Jugando Partidos contra vecino 1
Resultado 11
39156.2
Yo soy: 
5 96 -57 10 77 19 55 76 68 30 59 76 -49 97 34 100 10 30 El mejor fue: 1
5 96 -57 10 77 19 55 76 68 10 59 76 -49 97 34 100 10 30 Generación 81
arranca 
Jugando Partidos contra vecino 0
Resultado 9
37673.9
Jugando Partidos contra vecino 1
Resultado 10
35242.2
Yo soy: 
5 96 -57 10 77 19 55 76 68 10 59 76 -49 97 34 100 10 30 El mejor fue: 1
5 96 -57 30 77 19 55 76 68 10 59 76 -49 97 34 100 10 30 Generación 80
arranca 
Jugando Partidos contra vecino 0
Resultado 7
21648.2
Jugando Partidos contra vecino 1
Resultado 4
31129.3
Jugando Partidos contra vecino 2
Resultado 8
30514.2
Jugando Partidos contra vecino 3
Resultado 10
39120.3
Yo soy: 
5 96 -57 30 77 19 55 76 68 10 59 76 -49 97 34 100 10 30 El mejor fue: 3
5 96 -77 30 77 19 55 76 68 10 59 76 -49 97 34 100 10 30 Generación 79
arranca 
Jugando Partidos contra vecino 0
Resultado 4
34100.4
Jugando Partidos contra vecino 1
Resultado 11
41655.3
Yo soy: 
5 96 -77 30 77 19 55 76 68 10 59 76 -49 97 34 100 10 30 El mejor fue: 1
5 96 -77 30 97 19 55 76 68 10 59 76 -49 97 34 100 10 30 Generación 78
arranca 
Jugando Partidos contra vecino 0
Resultado 10
40982
Yo soy: 
5 96 -77 30 97 19 55 76 68 10 59 76 -49 97 34 100 10 30 El mejor fue: 0
5 96 -77 50 97 19 55 76 68 10 59 76 -49 97 34 100 10 30 Generación 77
arranca 
Jugando Partidos contra vecino 0
Resultado 9
40509.4
Jugando Partidos contra vecino 1
Resultado 11
41901.8
Yo soy: 
5 96 -77 50 97 19 55 76 68 10 59 76 -49 97 34 100 10 30 El mejor fue: 1
5 96 -77 50 97 -1 55 76 68 10 59 76 -49 97 34 100 10 30 Generación 76
arranca 
Jugando Partidos contra vecino 0
Resultado 5
21588.2
Jugando Partidos contra vecino 1
Resultado 7
37206.1
Jugando Partidos contra vecino 2
Resultado 11
34189.6
Yo soy: 
5 96 -77 50 97 -1 55 76 68 10 59 76 -49 97 34 100 10 30 El mejor fue: 2
5 96 -77 50 97 -1 55 76 68 10 39 76 -49 97 34 100 10 30 Generación 75
arranca 
Jugando Partidos contra vecino 0
Resultado 5
29616.2
Jugando Partidos contra vecino 1
Resultado 10
31157.6
Yo soy: 
5 96 -77 50 97 -1 55 76 68 10 39 76 -49 97 34 100 10 30 El mejor fue: 1
5 96 -77 50 97 -1 55 76 48 10 39 76 -49 97 34 100 10 30 Generación 74
arranca 
Jugando Partidos contra vecino 0
Resultado 13
40342.2
Yo soy: 
5 96 -77 50 97 -1 55 76 48 10 39 76 -49 97 34 100 10 30 El mejor fue: 0
5 96 -77 50 97 -1 55 76 48 10 59 76 -49 97 34 100 10 30 Generación 73
arranca 
Jugando Partidos contra vecino 0
Resultado 13
40527.3
Yo soy: 
5 96 -77 50 97 -1 55 76 48 10 59 76 -49 97 34 100 10 30 El mejor fue: 0
5 96 -77 50 97 -1 75 76 48 10 59 76 -49 97 34 100 10 30 Generación 72
arranca 
Jugando Partidos contra vecino 0
Resultado 7
39324.1
Jugando Partidos contra vecino 1
Resultado 11
30693
Yo soy: 
5 96 -77 50 97 -1 75 76 48 10 59 76 -49 97 34 100 10 30 El mejor fue: 1
5 96 -77 50 97 -1 75 76 48 30 59 76 -49 97 34 100 10 30 Generación 71
arranca 
Jugando Partidos contra vecino 0
Resultado 7
30753.3
Jugando Partidos contra vecino 1
Resultado 4
28391.7
Jugando Partidos contra vecino 2
Resultado 12
40313
Yo soy: 
5 96 -77 50 97 -1 75 76 48 30 59 76 -49 97 34 100 10 30 El mejor fue: 2
5 96 -77 50 97 -1 75 76 48 30 59 76 -49 97 34 100 30 30 Generación 70
arranca 
Jugando Partidos contra vecino 0
Resultado 10
32532.7
Yo soy: 
5 96 -77 50 97 -1 75 76 48 30 59 76 -49 97 34 100 30 30 El mejor fue: 0
5 96 -77 50 97 -1 75 76 48 50 59 76 -49 97 34 100 30 30 Generación 69
arranca 
Jugando Partidos contra vecino 0
Resultado 9
38493.4
Jugando Partidos contra vecino 1
Resultado 11
40071.5
Yo soy: 
5 96 -77 50 97 -1 75 76 48 50 59 76 -49 97 34 100 30 30 El mejor fue: 1
5 96 -77 50 97 -1 75 76 68 50 59 76 -49 97 34 100 30 30 Generación 68
arranca 
Jugando Partidos contra vecino 0
Resultado 6
37321.7
Jugando Partidos contra vecino 1
Resultado 8
29644.7
Jugando Partidos contra vecino 2
Resultado 11
37698
Yo soy: 
5 96 -77 50 97 -1 75 76 68 50 59 76 -49 97 34 100 30 30 El mejor fue: 2
5 96 -77 50 97 -1 95 76 68 50 59 76 -49 97 34 100 30 30 Generación 67
arranca 
Jugando Partidos contra vecino 0
Resultado 7
27806
Jugando Partidos contra vecino 1
Resultado 6
32013.5
Jugando Partidos contra vecino 2
Resultado 13
35034
Yo soy: 
5 96 -77 50 97 -1 95 76 68 50 59 76 -49 97 34 100 30 30 El mejor fue: 2
5 96 -77 50 97 -1 95 76 68 50 59 96 -49 97 34 100 30 30 Generación 66
arranca 
Jugando Partidos contra vecino 0
Resultado 12
35327.7
Yo soy: 
5 96 -77 50 97 -1 95 76 68 50 59 96 -49 97 34 100 30 30 El mejor fue: 0
5 96 -77 50 97 -1 95 76 68 50 59 96 -49 97 34 100 50 30 Generación 65
arranca 
Jugando Partidos contra vecino 0
Resultado 7
37987
Jugando Partidos contra vecino 1
Resultado 8
42471.5
Jugando Partidos contra vecino 2
Resultado 9
32900.1
Jugando Partidos contra vecino 3
Resultado 7
38245.3
Jugando Partidos contra vecino 4
Resultado 9
34563
Jugando Partidos contra vecino 5
Resultado 13
35100.3
Yo soy: 
5 96 -77 50 97 -1 95 76 68 50 59 96 -49 97 34 100 50 30 El mejor fue: 5
5 96 -77 50 97 -1 95 76 68 50 59 96 -49 97 34 100 50 10 Generación 64
arranca 
Jugando Partidos contra vecino 0
Resultado 9
34597.7
Jugando Partidos contra vecino 1
Resultado 9
34960.5
Jugando Partidos contra vecino 2
Resultado 11
38041.8
Yo soy: 
5 96 -77 50 97 -1 95 76 68 50 59 96 -49 97 34 100 50 10 El mejor fue: 2
5 96 -77 50 97 -1 95 76 68 50 59 96 -49 77 34 100 50 10 Generación 63
arranca 
Jugando Partidos contra vecino 0
Resultado 3
28349.6
Jugando Partidos contra vecino 1
Resultado 7
35791.9
Jugando Partidos contra vecino 2
Resultado 5
49050.3
Jugando Partidos contra vecino 3
Resultado 9
31728.8
Jugando Partidos contra vecino 4
Resultado 9
33300.5
Jugando Partidos contra vecino 5
Resultado 8
34180.3
Jugando Partidos contra vecino 6
Resultado 11
38204.4
Yo soy: 
5 96 -77 50 97 -1 95 76 68 50 59 96 -49 77 34 100 50 10 El mejor fue: 6
5 96 -77 70 97 -1 95 76 68 50 59 96 -49 77 34 100 50 10 Generación 62
arranca 
Jugando Partidos contra vecino 0
Resultado 7
35758.5
Jugando Partidos contra vecino 1
Resultado 11
38666.4
Yo soy: 
5 96 -77 70 97 -1 95 76 68 50 59 96 -49 77 34 100 50 10 El mejor fue: 1
5 96 -77 70 97 -1 95 76 68 70 59 96 -49 77 34 100 50 10 Generación 61
arranca 
Jugando Partidos contra vecino 0
Resultado 8
31439.2
Jugando Partidos contra vecino 1
Resultado 5
27715.3
Jugando Partidos contra vecino 2
Resultado 13
40458.5
Yo soy: 
5 96 -77 70 97 -1 95 76 68 70 59 96 -49 77 34 100 50 10 El mejor fue: 2
5 96 -77 70 97 -1 95 76 68 70 59 96 -49 77 54 100 50 10 Generación 60
arranca 
Jugando Partidos contra vecino 0
Resultado 15
44878.4
Yo soy: 
5 96 -77 70 97 -1 95 76 68 70 59 96 -49 77 54 100 50 10 El mejor fue: 0
5 96 -77 70 97 -1 95 76 68 70 39 96 -49 77 54 100 50 10 Generación 59
arranca 
Jugando Partidos contra vecino 0
Resultado 11
34455
Yo soy: 
5 96 -77 70 97 -1 95 76 68 70 39 96 -49 77 54 100 50 10 El mejor fue: 0
5 96 -77 70 97 -1 95 76 68 70 39 96 -49 77 54 100 50 30 Generación 58
arranca 
Jugando Partidos contra vecino 0
Resultado 6
32487.3
Jugando Partidos contra vecino 1
Resultado 13
31622.3
Yo soy: 
5 96 -77 70 97 -1 95 76 68 70 39 96 -49 77 54 100 50 30 El mejor fue: 1
5 96 -77 70 97 -1 95 76 68 70 19 96 -49 77 54 100 50 30 Generación 57
arranca 
Jugando Partidos contra vecino 0
Resultado 1
22099.1
Jugando Partidos contra vecino 1
Resultado 7
36593.1
Jugando Partidos contra vecino 2
Resultado 9
38313.1
Jugando Partidos contra vecino 3
Resultado 9
40299.8
Jugando Partidos contra vecino 4
Resultado 11
28291.6
Yo soy: 
5 96 -77 70 97 -1 95 76 68 70 19 96 -49 77 54 100 50 30 El mejor fue: 4
5 96 -77 70 97 -1 95 76 68 90 19 96 -49 77 54 100 50 30 Generación 56
arranca 
Jugando Partidos contra vecino 0
Resultado 9
35009.5
Jugando Partidos contra vecino 1
Resultado 15
37807.3
Yo soy: 
5 96 -77 70 97 -1 95 76 68 90 19 96 -49 77 54 100 50 30 El mejor fue: 1
5 96 -77 70 97 -1 95 76 68 90 19 96 -29 77 54 100 50 30 Generación 55
arranca 
Jugando Partidos contra vecino 0
Resultado 9
40103.4
Jugando Partidos contra vecino 1
Resultado 6
30538.2
Jugando Partidos contra vecino 2
Resultado 15
41840.9
Yo soy: 
5 96 -77 70 97 -1 95 76 68 90 19 96 -29 77 54 100 50 30 El mejor fue: 2
5 96 -77 70 97 -1 95 76 68 90 19 96 -29 77 54 100 50 50 Generación 54
arranca 
Jugando Partidos contra vecino 0
Resultado 11
37548.5
Yo soy: 
5 96 -77 70 97 -1 95 76 68 90 19 96 -29 77 54 100 50 50 El mejor fue: 0
5 96 -77 70 97 -1 95 76 68 90 -1 96 -29 77 54 100 50 50 Generación 53
arranca 
Jugando Partidos contra vecino 0
Resultado 8
31594.3
Jugando Partidos contra vecino 1
Resultado 9
28038
Jugando Partidos contra vecino 2
Resultado 7
24372.7
Jugando Partidos contra vecino 3
Resultado 7
30391.7
Jugando Partidos contra vecino 4
Resultado 11
36819.1
Yo soy: 
5 96 -77 70 97 -1 95 76 68 90 -1 96 -29 77 54 100 50 50 El mejor fue: 4
5 96 -77 70 97 -1 95 76 68 90 -1 96 -29 77 54 100 30 50 Generación 52
arranca 
Jugando Partidos contra vecino 0
Resultado 11
36290.3
Yo soy: 
5 96 -77 70 97 -1 95 76 68 90 -1 96 -29 77 54 100 30 50 El mejor fue: 0
25 96 -77 70 97 -1 95 76 68 90 -1 96 -29 77 54 100 30 50 Generación 51
arranca 
Jugando Partidos contra vecino 0
Resultado 15
47290.9
Yo soy: 
25 96 -77 70 97 -1 95 76 68 90 -1 96 -29 77 54 100 30 50 El mejor fue: 0
25 96 -77 70 97 -1 95 56 68 90 -1 96 -29 77 54 100 30 50 Generación 50
arranca 
Jugando Partidos contra vecino 0
Resultado 11
36564.7
Yo soy: 
25 96 -77 70 97 -1 95 56 68 90 -1 96 -29 77 54 100 30 50 El mejor fue: 0
25 96 -77 70 97 19 95 56 68 90 -1 96 -29 77 54 100 30 50 Generación 49
arranca 
Jugando Partidos contra vecino 0
Resultado 3
43351.6
Jugando Partidos contra vecino 1
Resultado 11
42363.7
Yo soy: 
25 96 -77 70 97 19 95 56 68 90 -1 96 -29 77 54 100 30 50 El mejor fue: 1
25 76 -77 70 97 19 95 56 68 90 -1 96 -29 77 54 100 30 50 Generación 48
arranca 
Jugando Partidos contra vecino 0
Resultado 11
41648
Yo soy: 
25 76 -77 70 97 19 95 56 68 90 -1 96 -29 77 54 100 30 50 El mejor fue: 0
25 76 -77 70 97 19 75 56 68 90 -1 96 -29 77 54 100 30 50 Generación 47
arranca 
Jugando Partidos contra vecino 0
Resultado 13
45299
Yo soy: 
25 76 -77 70 97 19 75 56 68 90 -1 96 -29 77 54 100 30 50 El mejor fue: 0
5 76 -77 70 97 19 75 56 68 90 -1 96 -29 77 54 100 30 50 Generación 46
arranca 
Jugando Partidos contra vecino 0
Resultado 11
35477
Yo soy: 
5 76 -77 70 97 19 75 56 68 90 -1 96 -29 77 54 100 30 50 El mejor fue: 0
5 76 -77 70 97 19 55 56 68 90 -1 96 -29 77 54 100 30 50 Generación 45
arranca 
Jugando Partidos contra vecino 0
Resultado 11
40797.9
Yo soy: 
5 76 -77 70 97 19 55 56 68 90 -1 96 -29 77 54 100 30 50 El mejor fue: 0
5 76 -77 70 97 19 55 56 68 50 -1 96 -29 77 54 100 30 50 Generación 44
arranca 
Jugando Partidos contra vecino 0
Resultado 9
33508
Jugando Partidos contra vecino 1
Resultado 9
24324.4
Jugando Partidos contra vecino 2
Resultado 9
31926.5
Jugando Partidos contra vecino 3
Resultado 9
29474.6
Jugando Partidos contra vecino 4
Resultado 11
31931
Yo soy: 
5 76 -77 70 97 19 55 56 68 50 -1 96 -29 77 54 100 30 50 El mejor fue: 4
5 76 -77 70 97 19 55 56 68 50 -1 96 -49 77 54 100 30 50 Generación 43
arranca 
Jugando Partidos contra vecino 0
Resultado 9
34700
Jugando Partidos contra vecino 1
Resultado 9
33032
Jugando Partidos contra vecino 2
Resultado 9
27466.1
Jugando Partidos contra vecino 3
Resultado 11
30991.9
Yo soy: 
5 76 -77 70 97 19 55 56 68 50 -1 96 -49 77 54 100 30 50 El mejor fue: 3
5 76 -77 70 97 19 55 56 68 70 -1 96 -49 77 54 100 30 50 Generación 42
arranca 
Jugando Partidos contra vecino 0
Resultado 13
47491.1
Yo soy: 
5 76 -77 70 97 19 55 56 68 70 -1 96 -49 77 54 100 30 50 El mejor fue: 0
5 76 -77 70 97 19 55 56 68 70 19 96 -49 77 54 100 30 50 Generación 41
arranca 
Jugando Partidos contra vecino 0
Resultado 9
36578
Jugando Partidos contra vecino 1
Resultado 13
41736.3
Yo soy: 
5 76 -77 70 97 19 55 56 68 70 19 96 -49 77 54 100 30 50 El mejor fue: 1
5 76 -77 70 97 -1 55 56 68 70 19 96 -49 77 54 100 30 50 Generación 40
arranca 
Jugando Partidos contra vecino 0
Resultado 9
27707.5
Jugando Partidos contra vecino 1
Resultado 8
30220.3
Jugando Partidos contra vecino 2
Resultado 7
48421.3
Jugando Partidos contra vecino 3
Resultado 11
33280.5
Yo soy: 
5 76 -77 70 97 -1 55 56 68 70 19 96 -49 77 54 100 30 50 El mejor fue: 3
5 76 -77 70 57 -1 55 56 68 70 19 96 -49 77 54 100 30 50 Generación 39
arranca 
Jugando Partidos contra vecino 0
Resultado 13
33463.7
Yo soy: 
5 76 -77 70 57 -1 55 56 68 70 19 96 -49 77 54 100 30 50 El mejor fue: 0
5 76 -77 50 57 -1 55 56 68 70 19 96 -49 77 54 100 30 50 Generación 38
arranca 
Jugando Partidos contra vecino 0
Resultado 9
30694.9
Jugando Partidos contra vecino 1
Resultado 8
27585.2
Jugando Partidos contra vecino 2
Resultado 9
33411.6
Jugando Partidos contra vecino 3
Resultado 15
38220.6
Yo soy: 
5 76 -77 50 57 -1 55 56 68 70 19 96 -49 77 54 100 30 50 El mejor fue: 3
5 76 -77 50 57 -1 55 56 68 70 19 96 -49 77 34 100 30 50 Generación 37
arranca 
Jugando Partidos contra vecino 0
Resultado 11
32654.1
Yo soy: 
5 76 -77 50 57 -1 55 56 68 70 19 96 -49 77 34 100 30 50 El mejor fue: 0
5 76 -77 50 57 19 55 56 68 70 19 96 -49 77 34 100 30 50 Generación 36
arranca 
Jugando Partidos contra vecino 0
Resultado 11
30095.3
Yo soy: 
5 76 -77 50 57 19 55 56 68 70 19 96 -49 77 34 100 30 50 El mejor fue: 0
5 76 -77 50 57 19 35 56 68 70 19 96 -49 77 34 100 30 50 Generación 35
arranca 
Jugando Partidos contra vecino 0
Resultado 13
42613.5
Yo soy: 
5 76 -77 50 57 19 35 56 68 70 19 96 -49 77 34 100 30 50 El mejor fue: 0
5 76 -77 50 57 19 35 56 88 70 19 96 -49 77 34 100 30 50 Generación 34
arranca 
Jugando Partidos contra vecino 0
Resultado 9
56269
Jugando Partidos contra vecino 1
Resultado 15
37212.1
Yo soy: 
5 76 -77 50 57 19 35 56 88 70 19 96 -49 77 34 100 30 50 El mejor fue: 1
5 76 -77 50 57 19 35 56 88 70 19 96 -49 97 34 100 30 50 Generación 33
arranca 
Jugando Partidos contra vecino 0
Resultado 11
31730.4
Yo soy: 
5 76 -77 50 57 19 35 56 88 70 19 96 -49 97 34 100 30 50 El mejor fue: 0
5 76 -77 50 57 19 35 36 88 70 19 96 -49 97 34 100 30 50 Generación 32
arranca 
Jugando Partidos contra vecino 0
Resultado 13
33795.3
Yo soy: 
5 76 -77 50 57 19 35 36 88 70 19 96 -49 97 34 100 30 50 El mejor fue: 0
-15 76 -77 50 57 19 35 36 88 70 19 96 -49 97 34 100 30 50 Generación 31
arranca 
Jugando Partidos contra vecino 0
Resultado 11
38387.5
Yo soy: 
-15 76 -77 50 57 19 35 36 88 70 19 96 -49 97 34 100 30 50 El mejor fue: 0
-15 76 -77 50 57 19 35 36 88 70 19 96 -49 97 34 100 30 70 Generación 30
arranca 
Jugando Partidos contra vecino 0
Resultado 8
32329.4
Jugando Partidos contra vecino 1
Resultado 13
28900.3
Yo soy: 
-15 76 -77 50 57 19 35 36 88 70 19 96 -49 97 34 100 30 70 El mejor fue: 1
-15 56 -77 50 57 19 35 36 88 70 19 96 -49 97 34 100 30 70 Generación 29
arranca 
Jugando Partidos contra vecino 0
Resultado 15
48315.1
Yo soy: 
-15 56 -77 50 57 19 35 36 88 70 19 96 -49 97 34 100 30 70 El mejor fue: 0
-15 56 -77 50 57 19 55 36 88 70 19 96 -49 97 34 100 30 70 Generación 28
arranca 
Jugando Partidos contra vecino 0
Resultado 15
32305.5
Yo soy: 
-15 56 -77 50 57 19 55 36 88 70 19 96 -49 97 34 100 30 70 El mejor fue: 0
-15 56 -77 50 57 19 75 36 88 70 19 96 -49 97 34 100 30 70 Generación 27
arranca 
Jugando Partidos contra vecino 0
Resultado 10
29468.4
Yo soy: 
-15 56 -77 50 57 19 75 36 88 70 19 96 -49 97 34 100 30 70 El mejor fue: 0
-15 56 -77 50 57 19 75 36 88 70 19 96 -49 97 34 100 30 90 Generación 26
arranca 
Jugando Partidos contra vecino 0
Resultado 11
25254
Yo soy: 
-15 56 -77 50 57 19 75 36 88 70 19 96 -49 97 34 100 30 90 El mejor fue: 0
-15 56 -77 50 57 19 75 36 88 70 19 96 -49 97 34 100 30 70 Generación 25
arranca 
Jugando Partidos contra vecino 0
Resultado 13
35353.2
Yo soy: 
-15 56 -77 50 57 19 75 36 88 70 19 96 -49 97 34 100 30 70 El mejor fue: 0
-15 56 -77 50 57 19 75 36 88 70 -1 96 -49 97 34 100 30 70 Generación 24
arranca 
Jugando Partidos contra vecino 0
Resultado 11
39558.2
Yo soy: 
-15 56 -77 50 57 19 75 36 88 70 -1 96 -49 97 34 100 30 70 El mejor fue: 0
-15 56 -77 70 57 19 75 36 88 70 -1 96 -49 97 34 100 30 70 Generación 23
arranca 
Jugando Partidos contra vecino 0
Resultado 15
38696.6
Yo soy: 
-15 56 -77 70 57 19 75 36 88 70 -1 96 -49 97 34 100 30 70 El mejor fue: 0
-15 56 -77 70 57 19 75 16 88 70 -1 96 -49 97 34 100 30 70 Generación 22
arranca 
Jugando Partidos contra vecino 0
Resultado 15
46769.7
Yo soy: 
-15 56 -77 70 57 19 75 16 88 70 -1 96 -49 97 34 100 30 70 El mejor fue: 0
-15 56 -77 70 57 19 55 16 88 70 -1 96 -49 97 34 100 30 70 Generación 21
arranca 
Jugando Partidos contra vecino 0
Resultado 13
33150.4
Yo soy: 
-15 56 -77 70 57 19 55 16 88 70 -1 96 -49 97 34 100 30 70 El mejor fue: 0
-15 56 -77 70 57 19 55 16 88 70 -1 56 -49 97 34 100 30 70 Generación 20
arranca 
Jugando Partidos contra vecino 0
Resultado 9
29203.7
Jugando Partidos contra vecino 1
Resultado 9
41363.6
Jugando Partidos contra vecino 2
Resultado 5
28945.5
Jugando Partidos contra vecino 3
Resultado 8
29751.9
Jugando Partidos contra vecino 4
Resultado 10
46568.7
Yo soy: 
-15 56 -77 70 57 19 55 16 88 70 -1 56 -49 97 34 100 30 70 El mejor fue: 4
-15 56 -77 70 57 19 55 16 88 90 -1 56 -49 97 34 100 30 70 Generación 19
arranca 
Jugando Partidos contra vecino 0
Resultado 13
50616.1
Yo soy: 
-15 56 -77 70 57 19 55 16 88 90 -1 56 -49 97 34 100 30 70 El mejor fue: 0
-15 56 -97 70 57 19 55 16 88 90 -1 56 -49 97 34 100 30 70 Generación 18
arranca 
Jugando Partidos contra vecino 0
Resultado 5
28095.2
Jugando Partidos contra vecino 1
Resultado 8
38328.7
Jugando Partidos contra vecino 2
Resultado 13
40252.3
Yo soy: 
-15 56 -97 70 57 19 55 16 88 90 -1 56 -49 97 34 100 30 70 El mejor fue: 2
-35 56 -97 70 57 19 55 16 88 90 -1 56 -49 97 34 100 30 70 Generación 17
arranca 
Jugando Partidos contra vecino 0
Resultado 5
49774.7
Jugando Partidos contra vecino 1
Resultado 5
24277.9
Jugando Partidos contra vecino 2
Resultado 13
37485.1
Yo soy: 
-35 56 -97 70 57 19 55 16 88 90 -1 56 -49 97 34 100 30 70 El mejor fue: 2
-35 56 -97 70 57 19 75 16 88 90 -1 56 -49 97 34 100 30 70 Generación 16
arranca 
Jugando Partidos contra vecino 0
Resultado 5
25917
Jugando Partidos contra vecino 1
Resultado 13
40606.8
Yo soy: 
-35 56 -97 70 57 19 75 16 88 90 -1 56 -49 97 34 100 30 70 El mejor fue: 1
-35 56 -97 70 57 19 75 16 88 90 -1 56 -49 97 34 100 50 70 Generación 15
arranca 
Jugando Partidos contra vecino 0
Resultado 3
24687.2
Jugando Partidos contra vecino 1
Resultado 10
31041.4
Yo soy: 
-35 56 -97 70 57 19 75 16 88 90 -1 56 -49 97 34 100 50 70 El mejor fue: 1
-35 76 -97 70 57 19 75 16 88 90 -1 56 -49 97 34 100 50 70 Generación 14
arranca 
Jugando Partidos contra vecino 0
Resultado 7
43992.2
Jugando Partidos contra vecino 1
Resultado 13
34438.9
Yo soy: 
-35 76 -97 70 57 19 75 16 88 90 -1 56 -49 97 34 100 50 70 El mejor fue: 1
-55 76 -97 70 57 19 75 16 88 90 -1 56 -49 97 34 100 50 70 Generación 13
arranca 
Jugando Partidos contra vecino 0
Resultado 13
43155.3
Yo soy: 
-55 76 -97 70 57 19 75 16 88 90 -1 56 -49 97 34 100 50 70 El mejor fue: 0
-55 76 -97 70 57 19 75 16 88 90 -1 56 -69 97 34 100 50 70 Generación 12
arranca 
Jugando Partidos contra vecino 0
Resultado 11
42075.1
Yo soy: 
-55 76 -97 70 57 19 75 16 88 90 -1 56 -69 97 34 100 50 70 El mejor fue: 0
-55 76 -97 70 57 19 75 16 88 90 -1 56 -49 97 34 100 50 70 Generación 11
arranca 
Jugando Partidos contra vecino 0
Resultado 4
57620.4
Jugando Partidos contra vecino 1
Resultado 13
38016.5
Yo soy: 
-55 76 -97 70 57 19 75 16 88 90 -1 56 -49 97 34 100 50 70 El mejor fue: 1
-55 76 -97 70 57 -1 75 16 88 90 -1 56 -49 97 34 100 50 70 Generación 10
arranca 
Jugando Partidos contra vecino 0
Resultado 13
49393.4
Yo soy: 
-55 76 -97 70 57 -1 75 16 88 90 -1 56 -49 97 34 100 50 70 El mejor fue: 0
-55 76 -97 70 57 -1 75 16 88 90 -1 56 -69 97 34 100 50 70 Generación 9
arranca 
Jugando Partidos contra vecino 0
Resultado 5
40538.3
Jugando Partidos contra vecino 1
Resultado 7
36695.5
Jugando Partidos contra vecino 2
Resultado 9
37236.3
Jugando Partidos contra vecino 3
Resultado 9
36917.8
Jugando Partidos contra vecino 4
Resultado 11
46944
Yo soy: 
-55 76 -97 70 57 -1 75 16 88 90 -1 56 -69 97 34 100 50 70 El mejor fue: 4
-55 76 -97 70 57 -1 75 16 88 50 -1 56 -69 97 34 100 50 70 Generación 8
arranca 
Jugando Partidos contra vecino 0
Resultado 5
50890
Jugando Partidos contra vecino 1
Resultado 13
38480
Yo soy: 
-55 76 -97 70 57 -1 75 16 88 50 -1 56 -69 97 34 100 50 70 El mejor fue: 1
-75 76 -97 70 57 -1 75 16 88 50 -1 56 -69 97 34 100 50 70 Generación 7
arranca 
Jugando Partidos contra vecino 0
Resultado 13
47133.1
Yo soy: 
-75 76 -97 70 57 -1 75 16 88 50 -1 56 -69 97 34 100 50 70 El mejor fue: 0
-75 76 -97 90 57 -1 75 16 88 50 -1 56 -69 97 34 100 50 70 Generación 6
arranca 
Jugando Partidos contra vecino 0
Resultado 11
48416.2
Yo soy: 
-75 76 -97 90 57 -1 75 16 88 50 -1 56 -69 97 34 100 50 70 El mejor fue: 0
-75 76 -97 90 57 -1 75 16 88 30 -1 56 -69 97 34 100 50 70 Generación 5
arranca 
Jugando Partidos contra vecino 0
Resultado 7
33006.7
Jugando Partidos contra vecino 1
Resultado 13
49323.9
Yo soy: 
-75 76 -97 90 57 -1 75 16 88 30 -1 56 -69 97 34 100 50 70 El mejor fue: 1
-75 76 -97 90 57 -21 75 16 88 30 -1 56 -69 97 34 100 50 70 Generación 4
arranca 
Jugando Partidos contra vecino 0
Resultado 11
42167.3
Yo soy: 
-75 76 -97 90 57 -21 75 16 88 30 -1 56 -69 97 34 100 50 70 El mejor fue: 0
-75 76 -77 90 57 -21 75 16 88 30 -1 56 -69 97 34 100 50 70 Generación 3
arranca 
Jugando Partidos contra vecino 0
Resultado 13
41785.8
Yo soy: 
-75 76 -77 90 57 -21 75 16 88 30 -1 56 -69 97 34 100 50 70 El mejor fue: 0
-75 76 -77 90 57 -21 75 16 88 30 -1 56 -69 97 34 100 30 70 Generación 2
arranca 
Jugando Partidos contra vecino 0
Resultado 11
47457.4
Yo soy: 
-75 76 -77 90 57 -21 75 16 88 30 -1 56 -69 97 34 100 30 70 El mejor fue: 0
-75 76 -77 90 57 -21 95 16 88 30 -1 56 -69 97 34 100 30 70 Generación 1
arranca 
Jugando Partidos contra vecino 0
Resultado 9
37905.7
Jugando Partidos contra vecino 1
Resultado 11
45274.6
Yo soy: 
-75 76 -77 90 57 -21 95 16 88 30 -1 56 -69 97 34 100 30 70 El mejor fue: 1
-75 76 -77 90 57 -21 95 16 88 50 -1 56 -69 97 34 100 30 70 Generación 0
1.53563e+07
