arranca 
Jugando Partidos contra vecino 0
Resultado 15
34400.3
Yo soy: 
53 28 4 61 43 94 44 28 45 80 43 28 100 66 77 58 5 57 El mejor fue: 0
53 8 4 61 43 94 44 28 45 80 43 28 100 66 77 58 5 57 Generación 199
arranca 
Jugando Partidos contra vecino 0
Resultado 13
35111.9
Yo soy: 
53 8 4 61 43 94 44 28 45 80 43 28 100 66 77 58 5 57 El mejor fue: 0
53 8 4 61 43 94 44 48 45 80 43 28 100 66 77 58 5 57 Generación 198
arranca 
Jugando Partidos contra vecino 0
Resultado 13
32703.7
Yo soy: 
53 8 4 61 43 94 44 48 45 80 43 28 100 66 77 58 5 57 El mejor fue: 0
53 8 4 61 43 94 44 48 45 80 43 28 100 66 97 58 5 57 Generación 197
arranca 
Jugando Partidos contra vecino 0
Resultado 15
39736.3
Yo soy: 
53 8 4 61 43 94 44 48 45 80 43 28 100 66 97 58 5 57 El mejor fue: 0
53 8 4 61 43 94 44 48 45 80 43 28 60 66 97 58 5 57 Generación 196
arranca 
Jugando Partidos contra vecino 0
Resultado 5
18850.7
Jugando Partidos contra vecino 1
Resultado 9
37669.5
Jugando Partidos contra vecino 2
Resultado 15
37750.5
Yo soy: 
53 8 4 61 43 94 44 48 45 80 43 28 60 66 97 58 5 57 El mejor fue: 2
53 28 4 61 43 94 44 48 45 80 43 28 60 66 97 58 5 57 Generación 195
arranca 
Jugando Partidos contra vecino 0
Resultado 15
41179.7
Yo soy: 
53 28 4 61 43 94 44 48 45 80 43 28 60 66 97 58 5 57 El mejor fue: 0
53 28 4 61 43 94 44 48 45 80 23 28 60 66 97 58 5 57 Generación 194
arranca 
Jugando Partidos contra vecino 0
Resultado 15
44662.2
Yo soy: 
53 28 4 61 43 94 44 48 45 80 23 28 60 66 97 58 5 57 El mejor fue: 0
53 28 4 61 43 94 44 48 45 80 23 28 60 66 97 58 5 77 Generación 193
arranca 
Jugando Partidos contra vecino 0
Resultado 10
31928.4
Yo soy: 
53 28 4 61 43 94 44 48 45 80 23 28 60 66 97 58 5 77 El mejor fue: 0
53 28 4 61 43 94 44 48 45 80 3 28 60 66 97 58 5 77 Generación 192
arranca 
Jugando Partidos contra vecino 0
Resultado 11
34019.5
Yo soy: 
53 28 4 61 43 94 44 48 45 80 3 28 60 66 97 58 5 77 El mejor fue: 0
53 28 4 61 43 94 64 48 45 80 3 28 60 66 97 58 5 77 Generación 191
arranca 
Jugando Partidos contra vecino 0
Resultado 11
31540.4
Yo soy: 
53 28 4 61 43 94 64 48 45 80 3 28 60 66 97 58 5 77 El mejor fue: 0
53 28 4 61 43 94 64 28 45 80 3 28 60 66 97 58 5 77 Generación 190
arranca 
Jugando Partidos contra vecino 0
Resultado 10
28996.6
Yo soy: 
53 28 4 61 43 94 64 28 45 80 3 28 60 66 97 58 5 77 El mejor fue: 0
53 8 4 61 43 94 64 28 45 80 3 28 60 66 97 58 5 77 Generación 189
arranca 
Jugando Partidos contra vecino 0
Resultado 10
32287.9
Yo soy: 
53 8 4 61 43 94 64 28 45 80 3 28 60 66 97 58 5 77 El mejor fue: 0
53 8 4 61 43 54 64 28 45 80 3 28 60 66 97 58 5 77 Generación 188
arranca 
Jugando Partidos contra vecino 0
Resultado 11
34453.4
Yo soy: 
53 8 4 61 43 54 64 28 45 80 3 28 60 66 97 58 5 77 El mejor fue: 0
53 8 4 61 43 54 64 28 45 80 3 28 80 66 97 58 5 77 Generación 187
arranca 
Jugando Partidos contra vecino 0
Resultado 13
36137.4
Yo soy: 
53 8 4 61 43 54 64 28 45 80 3 28 80 66 97 58 5 77 El mejor fue: 0
53 8 4 81 43 54 64 28 45 80 3 28 80 66 97 58 5 77 Generación 186
arranca 
Jugando Partidos contra vecino 0
Resultado 11
38119.6
Yo soy: 
53 8 4 81 43 54 64 28 45 80 3 28 80 66 97 58 5 77 El mejor fue: 0
53 8 4 81 43 54 64 28 45 40 3 28 80 66 97 58 5 77 Generación 185
arranca 
Jugando Partidos contra vecino 0
Resultado 13
37880.2
Yo soy: 
53 8 4 81 43 54 64 28 45 40 3 28 80 66 97 58 5 77 El mejor fue: 0
53 8 4 61 43 54 64 28 45 40 3 28 80 66 97 58 5 77 Generación 184
arranca 
Jugando Partidos contra vecino 0
Resultado 13
36988.8
Yo soy: 
53 8 4 61 43 54 64 28 45 40 3 28 80 66 97 58 5 77 El mejor fue: 0
53 -12 4 61 43 54 64 28 45 40 3 28 80 66 97 58 5 77 Generación 183
arranca 
Jugando Partidos contra vecino 0
Resultado 7
26366.7
Jugando Partidos contra vecino 1
Resultado 11
30873.1
Yo soy: 
53 -12 4 61 43 54 64 28 45 40 3 28 80 66 97 58 5 77 El mejor fue: 1
53 -12 4 61 43 54 64 28 45 40 3 28 40 66 97 58 5 77 Generación 182
arranca 
Jugando Partidos contra vecino 0
Resultado 11
32613.5
Yo soy: 
53 -12 4 61 43 54 64 28 45 40 3 28 40 66 97 58 5 77 El mejor fue: 0
33 -12 4 61 43 54 64 28 45 40 3 28 40 66 97 58 5 77 Generación 181
arranca 
Jugando Partidos contra vecino 0
Resultado 7
35049.7
Jugando Partidos contra vecino 1
Resultado 9
32010.4
Jugando Partidos contra vecino 2
Resultado 11
32283.3
Yo soy: 
33 -12 4 61 43 54 64 28 45 40 3 28 40 66 97 58 5 77 El mejor fue: 2
33 -12 4 61 43 54 64 28 45 40 3 28 40 66 97 58 25 77 Generación 180
arranca 
Jugando Partidos contra vecino 0
Resultado 9
34504.5
Jugando Partidos contra vecino 1
Resultado 9
28575.5
Jugando Partidos contra vecino 2
Resultado 11
29290.4
Yo soy: 
33 -12 4 61 43 54 64 28 45 40 3 28 40 66 97 58 25 77 El mejor fue: 2
33 -12 24 61 43 54 64 28 45 40 3 28 40 66 97 58 25 77 Generación 179
arranca 
Jugando Partidos contra vecino 0
Resultado 5
16822.6
Jugando Partidos contra vecino 1
Resultado 9
28599.1
Jugando Partidos contra vecino 2
Resultado 7
29770.8
Jugando Partidos contra vecino 3
Resultado 7
32003.4
Jugando Partidos contra vecino 4
Resultado 7
35123.9
Jugando Partidos contra vecino 5
Resultado 7
34145.6
Jugando Partidos contra vecino 6
Resultado 11
34329.8
Yo soy: 
33 -12 24 61 43 54 64 28 45 40 3 28 40 66 97 58 25 77 El mejor fue: 6
13 -12 24 61 43 54 64 28 45 40 3 28 40 66 97 58 25 77 Generación 178
arranca 
Jugando Partidos contra vecino 0
Resultado 9
30788.5
Jugando Partidos contra vecino 1
Resultado 7
27036.6
Jugando Partidos contra vecino 2
Resultado 4
23993
Jugando Partidos contra vecino 3
Resultado 5
26849.5
Jugando Partidos contra vecino 4
Resultado 9
29257.8
Jugando Partidos contra vecino 5
Resultado 9
35255.1
Jugando Partidos contra vecino 6
Resultado 9
31212.3
Jugando Partidos contra vecino 7
Resultado 5
36181.9
Jugando Partidos contra vecino 8
Resultado 4
21639
Jugando Partidos contra vecino 9
Resultado 6
28617.7
Jugando Partidos contra vecino 10
Resultado 5
38931.6
Jugando Partidos contra vecino 11
Resultado 6
27952.4
Jugando Partidos contra vecino 12
Resultado 7
27589
Jugando Partidos contra vecino 13
Resultado 7
28903.2
Jugando Partidos contra vecino 14
Resultado 8
30275.3
Jugando Partidos contra vecino 15
Resultado 5
24164.9
Jugando Partidos contra vecino 16
Resultado 5
21515.3
Jugando Partidos contra vecino 17
Resultado 7
32380.8
Jugando Partidos contra vecino 18
Resultado 7
31273.8
Jugando Partidos contra vecino 19
Resultado 5
29370.3
Jugando Partidos contra vecino 20
Resultado 4
17476.9
Jugando Partidos contra vecino 21
Resultado 10
29519.8
Yo soy: 
13 -12 24 61 43 54 64 28 45 40 3 28 40 66 97 58 25 77 El mejor fue: 21
13 -12 4 61 43 54 64 28 45 40 3 28 40 66 97 58 25 77 Generación 177
arranca 
Jugando Partidos contra vecino 0
Resultado 9
33741.6
Jugando Partidos contra vecino 1
Resultado 7
29585
Jugando Partidos contra vecino 2
Resultado 7
34023.7
Jugando Partidos contra vecino 3
Resultado 7
31947.6
Jugando Partidos contra vecino 4
Resultado 5
33285.6
Jugando Partidos contra vecino 5
Resultado 9
34115.9
Jugando Partidos contra vecino 6
Resultado 6
27571.8
Jugando Partidos contra vecino 7
Resultado 8
28492.7
Jugando Partidos contra vecino 8
Resultado 11
33029.2
Yo soy: 
13 -12 4 61 43 54 64 28 45 40 3 28 40 66 97 58 25 77 El mejor fue: 8
13 -12 4 61 43 74 64 28 45 40 3 28 40 66 97 58 25 77 Generación 176
arranca 
Jugando Partidos contra vecino 0
Resultado 4
17375.1
Jugando Partidos contra vecino 1
Resultado 9
32898.2
Jugando Partidos contra vecino 2
Resultado 11
28262.2
Yo soy: 
13 -12 4 61 43 74 64 28 45 40 3 28 40 66 97 58 25 77 El mejor fue: 2
13 -12 4 61 43 74 64 28 45 40 3 28 40 66 97 58 25 97 Generación 175
arranca 
Jugando Partidos contra vecino 0
Resultado 7
26448
Jugando Partidos contra vecino 1
Resultado 7
33379.7
Jugando Partidos contra vecino 2
Resultado 7
25343.9
Jugando Partidos contra vecino 3
Resultado 6
31044.3
Jugando Partidos contra vecino 4
Resultado 15
32246.9
Yo soy: 
13 -12 4 61 43 74 64 28 45 40 3 28 40 66 97 58 25 97 El mejor fue: 4
13 -12 -16 61 43 74 64 28 45 40 3 28 40 66 97 58 25 97 Generación 174
arranca 
Jugando Partidos contra vecino 0
Resultado 11
37508.9
Yo soy: 
13 -12 -16 61 43 74 64 28 45 40 3 28 40 66 97 58 25 97 El mejor fue: 0
13 -12 -16 61 43 74 64 28 45 40 3 28 40 66 97 58 5 97 Generación 173
arranca 
Jugando Partidos contra vecino 0
Resultado 5
34745.7
Jugando Partidos contra vecino 1
Resultado 7
23000.9
Jugando Partidos contra vecino 2
Resultado 11
32462.4
Yo soy: 
13 -12 -16 61 43 74 64 28 45 40 3 28 40 66 97 58 5 97 El mejor fue: 2
13 -12 -16 61 43 74 64 28 45 40 -17 28 40 66 97 58 5 97 Generación 172
arranca 
Jugando Partidos contra vecino 0
Resultado 11
39165.9
Yo soy: 
13 -12 -16 61 43 74 64 28 45 40 -17 28 40 66 97 58 5 97 El mejor fue: 0
33 -12 -16 61 43 74 64 28 45 40 -17 28 40 66 97 58 5 97 Generación 171
arranca 
Jugando Partidos contra vecino 0
Resultado 11
34578.8
Yo soy: 
33 -12 -16 61 43 74 64 28 45 40 -17 28 40 66 97 58 5 97 El mejor fue: 0
33 -12 -16 61 43 74 64 28 45 20 -17 28 40 66 97 58 5 97 Generación 170
arranca 
Jugando Partidos contra vecino 0
Resultado 10
33593.2
Yo soy: 
33 -12 -16 61 43 74 64 28 45 20 -17 28 40 66 97 58 5 97 El mejor fue: 0
33 -12 -16 61 43 74 64 8 45 20 -17 28 40 66 97 58 5 97 Generación 169
arranca 
Jugando Partidos contra vecino 0
Resultado 11
32427.1
Yo soy: 
33 -12 -16 61 43 74 64 8 45 20 -17 28 40 66 97 58 5 97 El mejor fue: 0
33 -12 -16 61 43 74 64 8 45 20 -17 48 40 66 97 58 5 97 Generación 168
arranca 
Jugando Partidos contra vecino 0
Resultado 7
36721.7
Jugando Partidos contra vecino 1
Resultado 8
31096.7
Jugando Partidos contra vecino 2
Resultado 7
27830.1
Jugando Partidos contra vecino 3
Resultado 9
35501.3
Jugando Partidos contra vecino 4
Resultado 4
18930.6
Jugando Partidos contra vecino 5
Resultado 9
36499.6
Jugando Partidos contra vecino 6
Resultado 9
35602.5
Jugando Partidos contra vecino 7
Resultado 8
33771.1
Jugando Partidos contra vecino 8
Resultado 9
33238.2
Jugando Partidos contra vecino 9
Resultado 4
29077.1
Jugando Partidos contra vecino 10
Resultado 11
36347.9
Yo soy: 
33 -12 -16 61 43 74 64 8 45 20 -17 48 40 66 97 58 5 97 El mejor fue: 10
33 -12 -16 61 43 74 64 8 45 20 -17 48 60 66 97 58 5 97 Generación 167
arranca 
Jugando Partidos contra vecino 0
Resultado 15
34614.8
Yo soy: 
33 -12 -16 61 43 74 64 8 45 20 -17 48 60 66 97 58 5 97 El mejor fue: 0
33 -12 -16 61 43 74 44 8 45 20 -17 48 60 66 97 58 5 97 Generación 166
arranca 
Jugando Partidos contra vecino 0
Resultado 9
34332
Jugando Partidos contra vecino 1
Resultado 5
29459.2
Jugando Partidos contra vecino 2
Resultado 9
28076.3
Jugando Partidos contra vecino 3
Resultado 6
29823.4
Jugando Partidos contra vecino 4
Resultado 9
28425.7
Jugando Partidos contra vecino 5
Resultado 7
24925.5
Jugando Partidos contra vecino 6
Resultado 7
35140.7
Jugando Partidos contra vecino 7
Resultado 11
38804.2
Yo soy: 
33 -12 -16 61 43 74 44 8 45 20 -17 48 60 66 97 58 5 97 El mejor fue: 7
33 -12 -16 61 63 74 44 8 45 20 -17 48 60 66 97 58 5 97 Generación 165
arranca 
Jugando Partidos contra vecino 0
Resultado 6
29397.4
Jugando Partidos contra vecino 1
Resultado 11
25694.9
Yo soy: 
33 -12 -16 61 63 74 44 8 45 20 -17 48 60 66 97 58 5 97 El mejor fue: 1
33 -12 -16 61 63 74 44 8 45 20 -17 48 60 66 97 58 5 57 Generación 164
arranca 
Jugando Partidos contra vecino 0
Resultado 7
34053.8
Jugando Partidos contra vecino 1
Resultado 13
27961.7
Yo soy: 
33 -12 -16 61 63 74 44 8 45 20 -17 48 60 66 97 58 5 57 El mejor fue: 1
33 -12 -16 61 83 74 44 8 45 20 -17 48 60 66 97 58 5 57 Generación 163
arranca 
Jugando Partidos contra vecino 0
Resultado 7
33116
Jugando Partidos contra vecino 1
Resultado 11
35082.3
Yo soy: 
33 -12 -16 61 83 74 44 8 45 20 -17 48 60 66 97 58 5 57 El mejor fue: 1
33 -12 -16 61 83 74 44 8 45 20 3 48 60 66 97 58 5 57 Generación 162
arranca 
Jugando Partidos contra vecino 0
Resultado 4
29428.8
Jugando Partidos contra vecino 1
Resultado 9
33548.4
Jugando Partidos contra vecino 2
Resultado 15
39382.2
Yo soy: 
33 -12 -16 61 83 74 44 8 45 20 3 48 60 66 97 58 5 57 El mejor fue: 2
33 -12 -16 61 83 74 44 -12 45 20 3 48 60 66 97 58 5 57 Generación 161
arranca 
Jugando Partidos contra vecino 0
Resultado 3
24347.2
Jugando Partidos contra vecino 1
Resultado 11
40722
Yo soy: 
33 -12 -16 61 83 74 44 -12 45 20 3 48 60 66 97 58 5 57 El mejor fue: 1
33 -12 -16 61 83 74 44 -12 45 20 23 48 60 66 97 58 5 57 Generación 160
arranca 
Jugando Partidos contra vecino 0
Resultado 13
36881.4
Yo soy: 
33 -12 -16 61 83 74 44 -12 45 20 23 48 60 66 97 58 5 57 El mejor fue: 0
13 -12 -16 61 83 74 44 -12 45 20 23 48 60 66 97 58 5 57 Generación 159
arranca 
Jugando Partidos contra vecino 0
Resultado 15
41232.1
Yo soy: 
13 -12 -16 61 83 74 44 -12 45 20 23 48 60 66 97 58 5 57 El mejor fue: 0
13 -12 -16 61 83 74 44 8 45 20 23 48 60 66 97 58 5 57 Generación 158
arranca 
Jugando Partidos contra vecino 0
Resultado 15
35974.9
Yo soy: 
13 -12 -16 61 83 74 44 8 45 20 23 48 60 66 97 58 5 57 El mejor fue: 0
13 -12 4 61 83 74 44 8 45 20 23 48 60 66 97 58 5 57 Generación 157
arranca 
Jugando Partidos contra vecino 0
Resultado 13
42842.5
Yo soy: 
13 -12 4 61 83 74 44 8 45 20 23 48 60 66 97 58 5 57 El mejor fue: 0
13 -12 4 61 83 74 44 8 45 20 23 48 60 66 97 58 5 77 Generación 156
arranca 
Jugando Partidos contra vecino 0
Resultado 13
35224.9
Yo soy: 
13 -12 4 61 83 74 44 8 45 20 23 48 60 66 97 58 5 77 El mejor fue: 0
13 -12 4 61 83 74 44 8 45 20 23 68 60 66 97 58 5 77 Generación 155
arranca 
Jugando Partidos contra vecino 0
Resultado 12
39438.4
Yo soy: 
13 -12 4 61 83 74 44 8 45 20 23 68 60 66 97 58 5 77 El mejor fue: 0
13 -12 4 61 83 54 44 8 45 20 23 68 60 66 97 58 5 77 Generación 154
arranca 
Jugando Partidos contra vecino 0
Resultado 13
40307
Yo soy: 
13 -12 4 61 83 54 44 8 45 20 23 68 60 66 97 58 5 77 El mejor fue: 0
13 -12 4 61 83 54 44 8 45 20 43 68 60 66 97 58 5 77 Generación 153
arranca 
Jugando Partidos contra vecino 0
Resultado 15
49015.9
Yo soy: 
13 -12 4 61 83 54 44 8 45 20 43 68 60 66 97 58 5 77 El mejor fue: 0
13 -12 4 41 83 54 44 8 45 20 43 68 60 66 97 58 5 77 Generación 152
arranca 
Jugando Partidos contra vecino 0
Resultado 15
54551.8
Yo soy: 
13 -12 4 41 83 54 44 8 45 20 43 68 60 66 97 58 5 77 El mejor fue: 0
13 -12 4 41 83 54 24 8 45 20 43 68 60 66 97 58 5 77 Generación 151
arranca 
Jugando Partidos contra vecino 0
Resultado 11
40846.2
Yo soy: 
13 -12 4 41 83 54 24 8 45 20 43 68 60 66 97 58 5 77 El mejor fue: 0
13 -12 4 41 83 54 24 8 45 20 43 68 80 66 97 58 5 77 Generación 150
arranca 
Jugando Partidos contra vecino 0
Resultado 8
28410.3
Jugando Partidos contra vecino 1
Resultado 9
28236.6
Jugando Partidos contra vecino 2
Resultado 12
50868.6
Yo soy: 
13 -12 4 41 83 54 24 8 45 20 43 68 80 66 97 58 5 77 El mejor fue: 2
13 -12 4 41 83 54 24 8 45 20 43 68 80 66 57 58 5 77 Generación 149
arranca 
Jugando Partidos contra vecino 0
Resultado 12
46644.3
Yo soy: 
13 -12 4 41 83 54 24 8 45 20 43 68 80 66 57 58 5 77 El mejor fue: 0
13 -12 4 41 83 54 24 8 45 20 43 68 80 66 57 78 5 77 Generación 148
arranca 
Jugando Partidos contra vecino 0
Resultado 15
61188.8
Yo soy: 
13 -12 4 41 83 54 24 8 45 20 43 68 80 66 57 78 5 77 El mejor fue: 0
-7 -12 4 41 83 54 24 8 45 20 43 68 80 66 57 78 5 77 Generación 147
arranca 
Jugando Partidos contra vecino 0
Resultado 15
52932.9
Yo soy: 
-7 -12 4 41 83 54 24 8 45 20 43 68 80 66 57 78 5 77 El mejor fue: 0
-7 -12 4 41 83 54 24 8 45 20 43 48 80 66 57 78 5 77 Generación 146
arranca 
Jugando Partidos contra vecino 0
Resultado 15
63877.8
Yo soy: 
-7 -12 4 41 83 54 24 8 45 20 43 48 80 66 57 78 5 77 El mejor fue: 0
-7 -12 4 41 83 54 24 8 45 20 43 48 80 66 57 78 5 57 Generación 145
arranca 
Jugando Partidos contra vecino 0
Resultado 15
58624.4
Yo soy: 
-7 -12 4 41 83 54 24 8 45 20 43 48 80 66 57 78 5 57 El mejor fue: 0
-7 -12 4 41 83 54 24 8 45 20 43 48 80 66 57 78 -15 57 Generación 144
arranca 
Jugando Partidos contra vecino 0
Resultado 15
55144.5
Yo soy: 
-7 -12 4 41 83 54 24 8 45 20 43 48 80 66 57 78 -15 57 El mejor fue: 0
-7 -12 -16 41 83 54 24 8 45 20 43 48 80 66 57 78 -15 57 Generación 143
arranca 
Jugando Partidos contra vecino 0
Resultado 15
59125.8
Yo soy: 
-7 -12 -16 41 83 54 24 8 45 20 43 48 80 66 57 78 -15 57 El mejor fue: 0
-7 -12 -16 61 83 54 24 8 45 20 43 48 80 66 57 78 -15 57 Generación 142
arranca 
Jugando Partidos contra vecino 0
Resultado 15
63665.8
Yo soy: 
-7 -12 -16 61 83 54 24 8 45 20 43 48 80 66 57 78 -15 57 El mejor fue: 0
-7 -12 -16 61 83 54 24 8 45 20 23 48 80 66 57 78 -15 57 Generación 141
arranca 
Jugando Partidos contra vecino 0
Resultado 15
64382.6
Yo soy: 
-7 -12 -16 61 83 54 24 8 45 20 23 48 80 66 57 78 -15 57 El mejor fue: 0
-7 -12 -36 61 83 54 24 8 45 20 23 48 80 66 57 78 -15 57 Generación 140
arranca 
Jugando Partidos contra vecino 0
Resultado 15
63268.7
Yo soy: 
-7 -12 -36 61 83 54 24 8 45 20 23 48 80 66 57 78 -15 57 El mejor fue: 0
-7 -12 -36 61 83 54 24 8 45 20 23 48 80 66 57 78 -15 77 Generación 139
arranca 
Jugando Partidos contra vecino 0
Resultado 15
60516.1
Yo soy: 
-7 -12 -36 61 83 54 24 8 45 20 23 48 80 66 57 78 -15 77 El mejor fue: 0
-7 -12 -36 61 83 54 24 8 45 20 23 48 80 66 57 78 5 77 Generación 138
arranca 
Jugando Partidos contra vecino 0
Resultado 15
64316.1
Yo soy: 
-7 -12 -36 61 83 54 24 8 45 20 23 48 80 66 57 78 5 77 El mejor fue: 0
-7 -12 -36 61 83 54 24 8 45 20 23 48 80 66 57 78 5 57 Generación 137
arranca 
Jugando Partidos contra vecino 0
Resultado 13
53494.4
Yo soy: 
-7 -12 -36 61 83 54 24 8 45 20 23 48 80 66 57 78 5 57 El mejor fue: 0
-7 -12 -36 61 83 54 24 8 45 20 23 48 80 66 37 78 5 57 Generación 136
arranca 
Jugando Partidos contra vecino 0
Resultado 4
22591.4
Jugando Partidos contra vecino 1
Resultado 15
62526.1
Yo soy: 
-7 -12 -36 61 83 54 24 8 45 20 23 48 80 66 37 78 5 57 El mejor fue: 1
-7 -12 -16 61 83 54 24 8 45 20 23 48 80 66 37 78 5 57 Generación 135
arranca 
Jugando Partidos contra vecino 0
Resultado 15
63495.4
Yo soy: 
-7 -12 -16 61 83 54 24 8 45 20 23 48 80 66 37 78 5 57 El mejor fue: 0
-7 -12 -16 61 83 54 24 8 45 20 23 48 80 66 57 78 5 57 Generación 134
arranca 
Jugando Partidos contra vecino 0
Resultado 15
54780.3
Yo soy: 
-7 -12 -16 61 83 54 24 8 45 20 23 48 80 66 57 78 5 57 El mejor fue: 0
-7 -12 -16 61 83 54 44 8 45 20 23 48 80 66 57 78 5 57 Generación 133
arranca 
Jugando Partidos contra vecino 0
Resultado 15
64101.3
Yo soy: 
-7 -12 -16 61 83 54 44 8 45 20 23 48 80 66 57 78 5 57 El mejor fue: 0
-7 -12 -16 61 83 54 24 8 45 20 23 48 80 66 57 78 5 57 Generación 132
arranca 
Jugando Partidos contra vecino 0
Resultado 15
43964.5
Yo soy: 
-7 -12 -16 61 83 54 24 8 45 20 23 48 80 66 57 78 5 57 El mejor fue: 0
-7 -12 -16 61 83 54 24 8 45 20 23 48 40 66 57 78 5 57 Generación 131
arranca 
Jugando Partidos contra vecino 0
Resultado 15
47172.4
Yo soy: 
-7 -12 -16 61 83 54 24 8 45 20 23 48 40 66 57 78 5 57 El mejor fue: 0
-7 -12 -16 61 83 54 24 28 45 20 23 48 40 66 57 78 5 57 Generación 130
arranca 
Jugando Partidos contra vecino 0
Resultado 13
32733.3
Yo soy: 
-7 -12 -16 61 83 54 24 28 45 20 23 48 40 66 57 78 5 57 El mejor fue: 0
-7 -12 -36 61 83 54 24 28 45 20 23 48 40 66 57 78 5 57 Generación 129
arranca 
Jugando Partidos contra vecino 0
Resultado 15
48031.8
Yo soy: 
-7 -12 -36 61 83 54 24 28 45 20 23 48 40 66 57 78 5 57 El mejor fue: 0
-7 -12 -36 61 83 54 24 28 45 20 3 48 40 66 57 78 5 57 Generación 128
arranca 
Jugando Partidos contra vecino 0
Resultado 13
31178.8
Yo soy: 
-7 -12 -36 61 83 54 24 28 45 20 3 48 40 66 57 78 5 57 El mejor fue: 0
-7 -12 -36 61 83 54 24 28 45 20 3 48 20 66 57 78 5 57 Generación 127
arranca 
Jugando Partidos contra vecino 0
Resultado 15
42684.8
Yo soy: 
-7 -12 -36 61 83 54 24 28 45 20 3 48 20 66 57 78 5 57 El mejor fue: 0
-7 -12 -16 61 83 54 24 28 45 20 3 48 20 66 57 78 5 57 Generación 126
arranca 
Jugando Partidos contra vecino 0
Resultado 15
45816.5
Yo soy: 
-7 -12 -16 61 83 54 24 28 45 20 3 48 20 66 57 78 5 57 El mejor fue: 0
-7 -12 -16 61 43 54 24 28 45 20 3 48 20 66 57 78 5 57 Generación 125
arranca 
Jugando Partidos contra vecino 0
Resultado 13
43523.3
Yo soy: 
-7 -12 -16 61 43 54 24 28 45 20 3 48 20 66 57 78 5 57 El mejor fue: 0
13 -12 -16 61 43 54 24 28 45 20 3 48 20 66 57 78 5 57 Generación 124
arranca 
Jugando Partidos contra vecino 0
Resultado 15
49951.5
Yo soy: 
13 -12 -16 61 43 54 24 28 45 20 3 48 20 66 57 78 5 57 El mejor fue: 0
13 -12 -16 61 43 54 24 28 45 20 3 48 20 86 57 78 5 57 Generación 123
arranca 
Jugando Partidos contra vecino 0
Resultado 15
39451.2
Yo soy: 
13 -12 -16 61 43 54 24 28 45 20 3 48 20 86 57 78 5 57 El mejor fue: 0
13 -12 -16 61 43 54 24 28 45 20 3 28 20 86 57 78 5 57 Generación 122
arranca 
Jugando Partidos contra vecino 0
Resultado 13
33700.5
Yo soy: 
13 -12 -16 61 43 54 24 28 45 20 3 28 20 86 57 78 5 57 El mejor fue: 0
13 -12 -36 61 43 54 24 28 45 20 3 28 20 86 57 78 5 57 Generación 121
arranca 
Jugando Partidos contra vecino 0
Resultado 9
26496.4
Jugando Partidos contra vecino 1
Resultado 13
38380.7
Yo soy: 
13 -12 -36 61 43 54 24 28 45 20 3 28 20 86 57 78 5 57 El mejor fue: 1
13 -12 -36 61 43 54 24 28 45 20 3 28 20 86 57 78 -15 57 Generación 120
arranca 
Jugando Partidos contra vecino 0
Resultado 15
34366.7
Yo soy: 
13 -12 -36 61 43 54 24 28 45 20 3 28 20 86 57 78 -15 57 El mejor fue: 0
13 -12 -36 61 43 54 24 28 25 20 3 28 20 86 57 78 -15 57 Generación 119
arranca 
Jugando Partidos contra vecino 0
Resultado 6
27201.4
Jugando Partidos contra vecino 1
Resultado 13
32111.4
Yo soy: 
13 -12 -36 61 43 54 24 28 25 20 3 28 20 86 57 78 -15 57 El mejor fue: 1
13 -12 -36 41 43 54 24 28 25 20 3 28 20 86 57 78 -15 57 Generación 118
arranca 
Jugando Partidos contra vecino 0
Resultado 5
22923.2
Jugando Partidos contra vecino 1
Resultado 13
33604.4
Yo soy: 
13 -12 -36 41 43 54 24 28 25 20 3 28 20 86 57 78 -15 57 El mejor fue: 1
13 8 -36 41 43 54 24 28 25 20 3 28 20 86 57 78 -15 57 Generación 117
arranca 
Jugando Partidos contra vecino 0
Resultado 13
39809
Yo soy: 
13 8 -36 41 43 54 24 28 25 20 3 28 20 86 57 78 -15 57 El mejor fue: 0
13 8 -36 41 63 54 24 28 25 20 3 28 20 86 57 78 -15 57 Generación 116
arranca 
Jugando Partidos contra vecino 0
Resultado 13
35798.4
Yo soy: 
13 8 -36 41 63 54 24 28 25 20 3 28 20 86 57 78 -15 57 El mejor fue: 0
13 8 -36 41 63 54 24 28 25 20 3 28 20 46 57 78 -15 57 Generación 115
arranca 
Jugando Partidos contra vecino 0
Resultado 9
27772.4
Jugando Partidos contra vecino 1
Resultado 13
29703.7
Yo soy: 
13 8 -36 41 63 54 24 28 25 20 3 28 20 46 57 78 -15 57 El mejor fue: 1
13 8 -36 41 63 74 24 28 25 20 3 28 20 46 57 78 -15 57 Generación 114
arranca 
Jugando Partidos contra vecino 0
Resultado 4
17419.8
Jugando Partidos contra vecino 1
Resultado 11
35095.6
Yo soy: 
13 8 -36 41 63 74 24 28 25 20 3 28 20 46 57 78 -15 57 El mejor fue: 1
13 8 -36 41 63 74 24 28 25 20 3 28 0 46 57 78 -15 57 Generación 113
arranca 
Jugando Partidos contra vecino 0
Resultado 13
32724.6
Yo soy: 
13 8 -36 41 63 74 24 28 25 20 3 28 0 46 57 78 -15 57 El mejor fue: 0
13 8 -36 41 63 74 24 28 25 20 -17 28 0 46 57 78 -15 57 Generación 112
arranca 
Jugando Partidos contra vecino 0
Resultado 13
26773.5
Yo soy: 
13 8 -36 41 63 74 24 28 25 20 -17 28 0 46 57 78 -15 57 El mejor fue: 0
13 8 -36 41 63 74 24 48 25 20 -17 28 0 46 57 78 -15 57 Generación 111
arranca 
Jugando Partidos contra vecino 0
Resultado 11
22453.6
Yo soy: 
13 8 -36 41 63 74 24 48 25 20 -17 28 0 46 57 78 -15 57 El mejor fue: 0
13 8 -36 41 43 74 24 48 25 20 -17 28 0 46 57 78 -15 57 Generación 110
arranca 
Jugando Partidos contra vecino 0
Resultado 13
34236
Yo soy: 
13 8 -36 41 43 74 24 48 25 20 -17 28 0 46 57 78 -15 57 El mejor fue: 0
13 8 -36 21 43 74 24 48 25 20 -17 28 0 46 57 78 -15 57 Generación 109
arranca 
Jugando Partidos contra vecino 0
Resultado 7
27014.4
Jugando Partidos contra vecino 1
Resultado 7
28169.9
Jugando Partidos contra vecino 2
Resultado 13
28445.4
Yo soy: 
13 8 -36 21 43 74 24 48 25 20 -17 28 0 46 57 78 -15 57 El mejor fue: 2
13 8 -36 21 43 74 24 48 25 40 -17 28 0 46 57 78 -15 57 Generación 108
arranca 
Jugando Partidos contra vecino 0
Resultado 9
29484
Jugando Partidos contra vecino 1
Resultado 15
36391.1
Yo soy: 
13 8 -36 21 43 74 24 48 25 40 -17 28 0 46 57 78 -15 57 El mejor fue: 1
13 -12 -36 21 43 74 24 48 25 40 -17 28 0 46 57 78 -15 57 Generación 107
arranca 
Jugando Partidos contra vecino 0
Resultado 11
22161.2
Yo soy: 
13 -12 -36 21 43 74 24 48 25 40 -17 28 0 46 57 78 -15 57 El mejor fue: 0
13 -12 -36 21 43 74 24 48 25 40 -17 28 0 46 57 78 -15 37 Generación 106
arranca 
Jugando Partidos contra vecino 0
Resultado 11
31147.5
Yo soy: 
13 -12 -36 21 43 74 24 48 25 40 -17 28 0 46 57 78 -15 37 El mejor fue: 0
13 -12 -36 21 43 74 24 48 25 40 3 28 0 46 57 78 -15 37 Generación 105
arranca 
Jugando Partidos contra vecino 0
Resultado 15
41109.6
Yo soy: 
13 -12 -36 21 43 74 24 48 25 40 3 28 0 46 57 78 -15 37 El mejor fue: 0
13 -12 -36 21 43 74 24 48 25 60 3 28 0 46 57 78 -15 37 Generación 104
arranca 
Jugando Partidos contra vecino 0
Resultado 13
32579.8
Yo soy: 
13 -12 -36 21 43 74 24 48 25 60 3 28 0 46 57 78 -15 37 El mejor fue: 0
13 8 -36 21 43 74 24 48 25 60 3 28 0 46 57 78 -15 37 Generación 103
arranca 
Jugando Partidos contra vecino 0
Resultado 13
27726.6
Yo soy: 
13 8 -36 21 43 74 24 48 25 60 3 28 0 46 57 78 -15 37 El mejor fue: 0
13 8 -36 21 43 74 24 48 25 80 3 28 0 46 57 78 -15 37 Generación 102
arranca 
Jugando Partidos contra vecino 0
Resultado 11
27547.8
Yo soy: 
13 8 -36 21 43 74 24 48 25 80 3 28 0 46 57 78 -15 37 El mejor fue: 0
13 8 -36 21 43 74 24 48 25 80 -17 28 0 46 57 78 -15 37 Generación 101
arranca 
Jugando Partidos contra vecino 0
Resultado 13
37539
Yo soy: 
13 8 -36 21 43 74 24 48 25 80 -17 28 0 46 57 78 -15 37 El mejor fue: 0
-7 8 -36 21 43 74 24 48 25 80 -17 28 0 46 57 78 -15 37 Generación 100
arranca 
Jugando Partidos contra vecino 0
Resultado 13
28389.1
Yo soy: 
-7 8 -36 21 43 74 24 48 25 80 -17 28 0 46 57 78 -15 37 El mejor fue: 0
-7 8 -36 21 43 74 24 48 5 80 -17 28 0 46 57 78 -15 37 Generación 99
arranca 
Jugando Partidos contra vecino 0
Resultado 7
31248.2
Jugando Partidos contra vecino 1
Resultado 13
36277.1
Yo soy: 
-7 8 -36 21 43 74 24 48 5 80 -17 28 0 46 57 78 -15 37 El mejor fue: 1
-7 8 -36 21 43 74 24 28 5 80 -17 28 0 46 57 78 -15 37 Generación 98
arranca 
Jugando Partidos contra vecino 0
Resultado 5
13365.1
Jugando Partidos contra vecino 1
Resultado 13
33701
Yo soy: 
-7 8 -36 21 43 74 24 28 5 80 -17 28 0 46 57 78 -15 37 El mejor fue: 1
-7 8 -36 21 43 74 24 28 5 80 -17 28 0 46 57 78 -15 17 Generación 97
arranca 
Jugando Partidos contra vecino 0
Resultado 13
44754.1
Yo soy: 
-7 8 -36 21 43 74 24 28 5 80 -17 28 0 46 57 78 -15 17 El mejor fue: 0
-7 8 -36 1 43 74 24 28 5 80 -17 28 0 46 57 78 -15 17 Generación 96
arranca 
Jugando Partidos contra vecino 0
Resultado 7
19979.5
Jugando Partidos contra vecino 1
Resultado 13
39947.8
Yo soy: 
-7 8 -36 1 43 74 24 28 5 80 -17 28 0 46 57 78 -15 17 El mejor fue: 1
-7 8 -36 1 43 74 24 28 5 80 -17 28 0 66 57 78 -15 17 Generación 95
arranca 
Jugando Partidos contra vecino 0
Resultado 13
41202.7
Yo soy: 
-7 8 -36 1 43 74 24 28 5 80 -17 28 0 66 57 78 -15 17 El mejor fue: 0
-7 28 -36 1 43 74 24 28 5 80 -17 28 0 66 57 78 -15 17 Generación 94
arranca 
Jugando Partidos contra vecino 0
Resultado 15
51794.3
Yo soy: 
-7 28 -36 1 43 74 24 28 5 80 -17 28 0 66 57 78 -15 17 El mejor fue: 0
-7 28 -36 1 43 74 24 28 5 80 3 28 0 66 57 78 -15 17 Generación 93
arranca 
Jugando Partidos contra vecino 0
Resultado 12
41298.3
Yo soy: 
-7 28 -36 1 43 74 24 28 5 80 3 28 0 66 57 78 -15 17 El mejor fue: 0
-7 28 -36 1 43 74 24 28 5 80 3 28 0 66 57 78 5 17 Generación 92
arranca 
Jugando Partidos contra vecino 0
Resultado 15
51128.9
Yo soy: 
-7 28 -36 1 43 74 24 28 5 80 3 28 0 66 57 78 5 17 El mejor fue: 0
-7 8 -36 1 43 74 24 28 5 80 3 28 0 66 57 78 5 17 Generación 91
arranca 
Jugando Partidos contra vecino 0
Resultado 10
35633.7
Yo soy: 
-7 8 -36 1 43 74 24 28 5 80 3 28 0 66 57 78 5 17 El mejor fue: 0
-7 8 -36 1 43 74 24 8 5 80 3 28 0 66 57 78 5 17 Generación 90
arranca 
Jugando Partidos contra vecino 0
Resultado 11
33264.2
Yo soy: 
-7 8 -36 1 43 74 24 8 5 80 3 28 0 66 57 78 5 17 El mejor fue: 0
-7 8 -36 1 43 74 4 8 5 80 3 28 0 66 57 78 5 17 Generación 89
arranca 
Jugando Partidos contra vecino 0
Resultado 5
20151.4
Jugando Partidos contra vecino 1
Resultado 4
17859.3
Jugando Partidos contra vecino 2
Resultado 7
21039.2
Jugando Partidos contra vecino 3
Resultado 4
13992.2
Jugando Partidos contra vecino 4
Resultado 4
13596.5
Jugando Partidos contra vecino 5
Resultado 4
17707.3
Jugando Partidos contra vecino 6
Resultado 5
17535.3
Jugando Partidos contra vecino 7
Resultado 7
21753.7
Jugando Partidos contra vecino 8
Resultado 4
13071.9
Jugando Partidos contra vecino 9
Resultado 4
18712.6
Jugando Partidos contra vecino 10
Resultado 5
17035.9
Jugando Partidos contra vecino 11
Resultado 2
15166.8
Jugando Partidos contra vecino 12
Resultado 5
15691.8
Jugando Partidos contra vecino 13
Resultado 3
18198.1
Jugando Partidos contra vecino 14
Resultado 4
17280.1
Jugando Partidos contra vecino 15
Resultado 2
20615.9
Jugando Partidos contra vecino 16
Resultado 4
21968
Jugando Partidos contra vecino 17
Resultado 3
18761.7
Jugando Partidos contra vecino 18
Resultado 6
19571.1
Jugando Partidos contra vecino 19
Resultado 7
24218.7
Jugando Partidos contra vecino 20
Resultado 6
16940.2
Jugando Partidos contra vecino 21
Resultado 3
13965.5
Jugando Partidos contra vecino 22
Resultado 3
17462.6
Jugando Partidos contra vecino 23
Resultado 6
18429.5
Jugando Partidos contra vecino 24
Resultado 4
17007
Jugando Partidos contra vecino 25
Resultado 5
15985.2
Jugando Partidos contra vecino 26
Resultado 4
19452.5
Jugando Partidos contra vecino 27
Resultado 4
25119.4
Jugando Partidos contra vecino 28
Resultado 4
24625.7
Jugando Partidos contra vecino 29
Resultado 5
22895.9
Jugando Partidos contra vecino 30
Resultado 3
18349.5
Jugando Partidos contra vecino 31
Resultado 4
18928.2
Jugando Partidos contra vecino 32
Resultado 1
24427.4
Jugando Partidos contra vecino 33
Resultado 4
13329.1
Jugando Partidos contra vecino 34
Resultado 7
22686.4
Jugando Partidos contra vecino 35
Resultado 3
20311
7.63693e+06
arranca 
Jugando Partidos contra vecino 0
Resultado 5
14910.7
Jugando Partidos contra vecino 1
Resultado 5
14767.7
Jugando Partidos contra vecino 2
Resultado 5
13750.1
Jugando Partidos contra vecino 3
Resultado 5
14099.6
Jugando Partidos contra vecino 4
Resultado 5
14066.6
Jugando Partidos contra vecino 5
Resultado 5
14011
Jugando Partidos contra vecino 6
Resultado 5
20500.9
Jugando Partidos contra vecino 7
Resultado 5
14056.5
Jugando Partidos contra vecino 8
Resultado 5
13973.3
Jugando Partidos contra vecino 9
Resultado 5
16509.4
Jugando Partidos contra vecino 10
Resultado 5
15063.1
Jugando Partidos contra vecino 11
Resultado 5
15407.9
Jugando Partidos contra vecino 12
Resultado 5
13210.4
Jugando Partidos contra vecino 13
Resultado 5
14537.8
Jugando Partidos contra vecino 14
Resultado 5
14524.1
Jugando Partidos contra vecino 15
Resultado 5
14041.2
Jugando Partidos contra vecino 16
Resultado 5
14614.3
Jugando Partidos contra vecino 17
Resultado 5
14220
Jugando Partidos contra vecino 18
Resultado 5
14582.7
Jugando Partidos contra vecino 19
Resultado 5
14700.6
Jugando Partidos contra vecino 20
Resultado 5
14252
Jugando Partidos contra vecino 21
Resultado 5
13823.7
Jugando Partidos contra vecino 22
Resultado 5
13924.4
Jugando Partidos contra vecino 23
Resultado 5
13969.6
Jugando Partidos contra vecino 24
Resultado 5
15022.1
Jugando Partidos contra vecino 25
Resultado 5
14851.5
Jugando Partidos contra vecino 26
Resultado 5
14505.4
Jugando Partidos contra vecino 27
Resultado 5
14782.1
Jugando Partidos contra vecino 28
Resultado 5
13590.9
Jugando Partidos contra vecino 29
Resultado 5
14004.7
Jugando Partidos contra vecino 30
Resultado 5
14551.1
Jugando Partidos contra vecino 31
Resultado 5
15051.2
Jugando Partidos contra vecino 32
Resultado 5
13759.4
Jugando Partidos contra vecino 33
Resultado 5
14184.4
Jugando Partidos contra vecino 34
Resultado 5
14132.8
Jugando Partidos contra vecino 35
Resultado 5
21490.3
531444
arranca 
Jugando Partidos contra vecino 0
Resultado 5
18969.6
Jugando Partidos contra vecino 1
Resultado 5
24021.3
Jugando Partidos contra vecino 2
Resultado 5
27204.4
Jugando Partidos contra vecino 3
Resultado 5
25317.7
Jugando Partidos contra vecino 4
Resultado 5
25884.1
Jugando Partidos contra vecino 5
Resultado 5
25627.1
Jugando Partidos contra vecino 6
Resultado 5
22702.1
Jugando Partidos contra vecino 7
Resultado 5
26582.3
Jugando Partidos contra vecino 8
Resultado 5
23208.8
Jugando Partidos contra vecino 9
Resultado 5
20358.1
Jugando Partidos contra vecino 10
Resultado 5
28511.4
Jugando Partidos contra vecino 11
Resultado 5
29775.9
Jugando Partidos contra vecino 12
Resultado 5
31464.9
Jugando Partidos contra vecino 13
Resultado 5
23395.9
Jugando Partidos contra vecino 14
Resultado 5
15579.3
Jugando Partidos contra vecino 15
Resultado 5
22542.7
Jugando Partidos contra vecino 16
Resultado 5
24964.8
Jugando Partidos contra vecino 17
Resultado 5
25407.5
Jugando Partidos contra vecino 18
Resultado 5
27808.1
Jugando Partidos contra vecino 19
Resultado 5
25948.6
Jugando Partidos contra vecino 20
Resultado 5
24777.1
Jugando Partidos contra vecino 21
Resultado 5
27852.1
Jugando Partidos contra vecino 22
Resultado 5
27418.6
Jugando Partidos contra vecino 23
Resultado 5
27630
Jugando Partidos contra vecino 24
Resultado 7
31001.5
Jugando Partidos contra vecino 25
Resultado 5
17895.4
Jugando Partidos contra vecino 26
Resultado 5
26630.5
Jugando Partidos contra vecino 27
Resultado 5
27284.9
Jugando Partidos contra vecino 28
Resultado 5
24227.4
Jugando Partidos contra vecino 29
Resultado 5
22748.5
Jugando Partidos contra vecino 30
Resultado 5
26639.8
Jugando Partidos contra vecino 31
Resultado 5
28385.2
Jugando Partidos contra vecino 32
Resultado 5
26195.4
Jugando Partidos contra vecino 33
Resultado 5
29368.2
Jugando Partidos contra vecino 34
Resultado 5
24810
Jugando Partidos contra vecino 35
Resultado 5
22912.5
911053
arranca 
Jugando Partidos contra vecino 0
Resultado 8
38515.7
Jugando Partidos contra vecino 1
Resultado 13
39663.3
Yo soy: 
18 3 52 30 44 69 84 57 45 77 70 98 31 57 35 33 19 94 El mejor fue: 1
18 3 52 30 44 69 84 57 45 77 70 98 31 37 35 33 19 94 Generación 199
arranca 
Jugando Partidos contra vecino 0
Resultado 2
29480.1
Jugando Partidos contra vecino 1
Resultado 9
36472.3
Jugando Partidos contra vecino 2
Resultado 7
22988.4
Jugando Partidos contra vecino 3
Resultado 13
50171.3
Yo soy: 
18 3 52 30 44 69 84 57 45 77 70 98 31 37 35 33 19 94 El mejor fue: 3
18 -17 52 30 44 69 84 57 45 77 70 98 31 37 35 33 19 94 Generación 198
arranca 
Jugando Partidos contra vecino 0
Resultado 6
48938.1
Jugando Partidos contra vecino 1
Resultado 3
46959.4
Jugando Partidos contra vecino 2
Resultado 10
44972.8
Yo soy: 
18 -17 52 30 44 69 84 57 45 77 70 98 31 37 35 33 19 94 El mejor fue: 2
18 -17 32 30 44 69 84 57 45 77 70 98 31 37 35 33 19 94 Generación 197
arranca 
Jugando Partidos contra vecino 0
Resultado 8
34850.8
Jugando Partidos contra vecino 1
Resultado 7
35182.6
Jugando Partidos contra vecino 2
Resultado 10
39768.6
Yo soy: 
18 -17 32 30 44 69 84 57 45 77 70 98 31 37 35 33 19 94 El mejor fue: 2
18 -17 32 30 44 69 84 57 45 77 70 98 31 37 55 33 19 94 Generación 196
arranca 
Jugando Partidos contra vecino 0
Resultado 15
59273.1
Yo soy: 
18 -17 32 30 44 69 84 57 45 77 70 98 31 37 55 33 19 94 El mejor fue: 0
18 -17 32 30 44 69 84 57 45 77 70 98 31 17 55 33 19 94 Generación 195
arranca 
Jugando Partidos contra vecino 0
Resultado 4
13127.3
Jugando Partidos contra vecino 1
Resultado 7
42428
Jugando Partidos contra vecino 2
Resultado 13
47715.4
Yo soy: 
18 -17 32 30 44 69 84 57 45 77 70 98 31 17 55 33 19 94 El mejor fue: 2
18 -17 32 30 44 89 84 57 45 77 70 98 31 17 55 33 19 94 Generación 194
arranca 
Jugando Partidos contra vecino 0
Resultado 7
38282.3
Jugando Partidos contra vecino 1
Resultado 7
39192.7
Jugando Partidos contra vecino 2
Resultado 10
47252.2
Yo soy: 
18 -17 32 30 44 89 84 57 45 77 70 98 31 17 55 33 19 94 El mejor fue: 2
18 -17 32 30 44 89 84 57 45 77 70 98 31 17 35 33 19 94 Generación 193
arranca 
Jugando Partidos contra vecino 0
Resultado 9
47464
Jugando Partidos contra vecino 1
Resultado 8
39770.3
Jugando Partidos contra vecino 2
Resultado 8
38912.1
Jugando Partidos contra vecino 3
Resultado 7
49580.3
Jugando Partidos contra vecino 4
Resultado 11
47257.9
Yo soy: 
18 -17 32 30 44 89 84 57 45 77 70 98 31 17 35 33 19 94 El mejor fue: 4
18 -17 32 30 44 89 84 57 45 57 70 98 31 17 35 33 19 94 Generación 192
arranca 
Jugando Partidos contra vecino 0
Resultado 9
41592.4
Jugando Partidos contra vecino 1
Resultado 13
50292.3
Yo soy: 
18 -17 32 30 44 89 84 57 45 57 70 98 31 17 35 33 19 94 El mejor fue: 1
18 -17 32 30 24 89 84 57 45 57 70 98 31 17 35 33 19 94 Generación 191
arranca 
Jugando Partidos contra vecino 0
Resultado 5
40408
Jugando Partidos contra vecino 1
Resultado 9
43814.8
Jugando Partidos contra vecino 2
Resultado 7
28374.6
Jugando Partidos contra vecino 3
Resultado 6
31385.5
Jugando Partidos contra vecino 4
Resultado 13
49446.8
Yo soy: 
18 -17 32 30 24 89 84 57 45 57 70 98 31 17 35 33 19 94 El mejor fue: 4
18 -17 32 30 24 89 84 57 45 57 70 98 31 37 35 33 19 94 Generación 190
arranca 
Jugando Partidos contra vecino 0
Resultado 11
51959.5
Yo soy: 
18 -17 32 30 24 89 84 57 45 57 70 98 31 37 35 33 19 94 El mejor fue: 0
18 -17 32 30 24 89 84 57 45 57 70 98 31 17 35 33 19 94 Generación 189
arranca 
Jugando Partidos contra vecino 0
Resultado 12
50307.5
Yo soy: 
18 -17 32 30 24 89 84 57 45 57 70 98 31 17 35 33 19 94 El mejor fue: 0
18 -17 32 30 24 49 84 57 45 57 70 98 31 17 35 33 19 94 Generación 188
arranca 
Jugando Partidos contra vecino 0
Resultado 9
40626.1
Jugando Partidos contra vecino 1
Resultado 11
45186.9
Yo soy: 
18 -17 32 30 24 49 84 57 45 57 70 98 31 17 35 33 19 94 El mejor fue: 1
18 -17 32 50 24 49 84 57 45 57 70 98 31 17 35 33 19 94 Generación 187
arranca 
Jugando Partidos contra vecino 0
Resultado 7
39692.9
Jugando Partidos contra vecino 1
Resultado 10
35907.6
Yo soy: 
18 -17 32 50 24 49 84 57 45 57 70 98 31 17 35 33 19 94 El mejor fue: 1
18 -17 32 50 24 49 84 57 45 57 90 98 31 17 35 33 19 94 Generación 186
arranca 
Jugando Partidos contra vecino 0
Resultado 11
42333.7
Yo soy: 
18 -17 32 50 24 49 84 57 45 57 90 98 31 17 35 33 19 94 El mejor fue: 0
18 -17 52 50 24 49 84 57 45 57 90 98 31 17 35 33 19 94 Generación 185
arranca 
Jugando Partidos contra vecino 0
Resultado 4
26934.6
Jugando Partidos contra vecino 1
Resultado 7
36250.2
Jugando Partidos contra vecino 2
Resultado 11
42889.3
Yo soy: 
18 -17 52 50 24 49 84 57 45 57 90 98 31 17 35 33 19 94 El mejor fue: 2
18 -17 52 50 24 49 84 57 45 57 90 98 51 17 35 33 19 94 Generación 184
arranca 
Jugando Partidos contra vecino 0
Resultado 15
51774.1
Yo soy: 
18 -17 52 50 24 49 84 57 45 57 90 98 51 17 35 33 19 94 El mejor fue: 0
18 -17 52 50 24 49 84 57 65 57 90 98 51 17 35 33 19 94 Generación 183
arranca 
Jugando Partidos contra vecino 0
Resultado 13
48998.3
Yo soy: 
18 -17 52 50 24 49 84 57 65 57 90 98 51 17 35 33 19 94 El mejor fue: 0
18 -17 52 50 24 49 84 57 65 57 90 98 51 17 35 33 19 74 Generación 182
arranca 
Jugando Partidos contra vecino 0
Resultado 11
46024.3
Yo soy: 
18 -17 52 50 24 49 84 57 65 57 90 98 51 17 35 33 19 74 El mejor fue: 0
18 -17 52 50 24 49 84 57 65 57 90 98 31 17 35 33 19 74 Generación 181
arranca 
Jugando Partidos contra vecino 0
Resultado 5
47815.7
Jugando Partidos contra vecino 1
Resultado 11
42844.7
Yo soy: 
18 -17 52 50 24 49 84 57 65 57 90 98 31 17 35 33 19 74 El mejor fue: 1
18 -37 52 50 24 49 84 57 65 57 90 98 31 17 35 33 19 74 Generación 180
arranca 
Jugando Partidos contra vecino 0
Resultado 11
45651.9
Yo soy: 
18 -37 52 50 24 49 84 57 65 57 90 98 31 17 35 33 19 74 El mejor fue: 0
18 -37 52 50 24 49 84 57 65 57 90 98 31 17 35 53 19 74 Generación 179
arranca 
Jugando Partidos contra vecino 0
Resultado 13
50163.3
Yo soy: 
18 -37 52 50 24 49 84 57 65 57 90 98 31 17 35 53 19 74 El mejor fue: 0
18 -37 52 50 24 49 84 57 65 77 90 98 31 17 35 53 19 74 Generación 178
arranca 
Jugando Partidos contra vecino 0
Resultado 9
49231
Jugando Partidos contra vecino 1
Resultado 6
34895.4
Jugando Partidos contra vecino 2
Resultado 8
38150
Jugando Partidos contra vecino 3
Resultado 11
44244.8
Yo soy: 
18 -37 52 50 24 49 84 57 65 77 90 98 31 17 35 53 19 74 El mejor fue: 3
18 -37 52 50 24 49 84 57 85 77 90 98 31 17 35 53 19 74 Generación 177
arranca 
Jugando Partidos contra vecino 0
Resultado 7
49895.3
Jugando Partidos contra vecino 1
Resultado 9
40730.6
Jugando Partidos contra vecino 2
Resultado 13
42005.7
Yo soy: 
18 -37 52 50 24 49 84 57 85 77 90 98 31 17 35 53 19 74 El mejor fue: 2
18 -37 72 50 24 49 84 57 85 77 90 98 31 17 35 53 19 74 Generación 176
arranca 
Jugando Partidos contra vecino 0
Resultado 7
41226.7
Jugando Partidos contra vecino 1
Resultado 6
31036.4
Jugando Partidos contra vecino 2
Resultado 13
43633.4
Yo soy: 
18 -37 72 50 24 49 84 57 85 77 90 98 31 17 35 53 19 74 El mejor fue: 2
18 -37 72 50 24 49 64 57 85 77 90 98 31 17 35 53 19 74 Generación 175
arranca 
Jugando Partidos contra vecino 0
Resultado 13
48946.9
Yo soy: 
18 -37 72 50 24 49 64 57 85 77 90 98 31 17 35 53 19 74 El mejor fue: 0
18 -37 72 50 24 49 64 57 85 77 90 98 31 17 35 53 39 74 Generación 174
arranca 
Jugando Partidos contra vecino 0
Resultado 4
41808.4
Jugando Partidos contra vecino 1
Resultado 11
49733.7
Yo soy: 
18 -37 72 50 24 49 64 57 85 77 90 98 31 17 35 53 39 74 El mejor fue: 1
18 -37 72 50 24 49 64 37 85 77 90 98 31 17 35 53 39 74 Generación 173
arranca 
Jugando Partidos contra vecino 0
Resultado 7
36717
Jugando Partidos contra vecino 1
Resultado 5
41774
Jugando Partidos contra vecino 2
Resultado 7
30259.6
Jugando Partidos contra vecino 3
Resultado 7
46684.5
Jugando Partidos contra vecino 4
Resultado 9
40178.6
Jugando Partidos contra vecino 5
Resultado 9
43344.5
Jugando Partidos contra vecino 6
Resultado 9
28063.2
Jugando Partidos contra vecino 7
Resultado 3
40438.6
Jugando Partidos contra vecino 8
Resultado 5
30608.3
Jugando Partidos contra vecino 9
Resultado 7
32374.8
Jugando Partidos contra vecino 10
Resultado 8
35299.8
Jugando Partidos contra vecino 11
Resultado 7
46213.9
Jugando Partidos contra vecino 12
Resultado 11
47482.9
Yo soy: 
18 -37 72 50 24 49 64 37 85 77 90 98 31 17 35 53 39 74 El mejor fue: 12
18 -37 72 50 24 49 64 37 85 77 90 98 31 17 35 53 19 74 Generación 172
arranca 
Jugando Partidos contra vecino 0
Resultado 9
30987.6
Jugando Partidos contra vecino 1
Resultado 11
32272.7
Yo soy: 
18 -37 72 50 24 49 64 37 85 77 90 98 31 17 35 53 19 74 El mejor fue: 1
18 -37 72 50 24 49 64 37 85 57 90 98 31 17 35 53 19 74 Generación 171
arranca 
Jugando Partidos contra vecino 0
Resultado 8
31973
Jugando Partidos contra vecino 1
Resultado 13
25769.3
Yo soy: 
18 -37 72 50 24 49 64 37 85 57 90 98 31 17 35 53 19 74 El mejor fue: 1
18 -37 72 70 24 49 64 37 85 57 90 98 31 17 35 53 19 74 Generación 170
arranca 
Jugando Partidos contra vecino 0
Resultado 10
26394.4
Yo soy: 
18 -37 72 70 24 49 64 37 85 57 90 98 31 17 35 53 19 74 El mejor fue: 0
18 -37 72 70 24 49 64 37 85 57 90 98 31 17 35 53 19 94 Generación 169
arranca 
Jugando Partidos contra vecino 0
Resultado 9
27512.3
Jugando Partidos contra vecino 1
Resultado 6
36183.5
Jugando Partidos contra vecino 2
Resultado 9
40079.8
Jugando Partidos contra vecino 3
Resultado 7
48563.1
Jugando Partidos contra vecino 4
Resultado 11
26299.4
Yo soy: 
18 -37 72 70 24 49 64 37 85 57 90 98 31 17 35 53 19 94 El mejor fue: 4
18 -37 72 70 24 49 64 37 65 57 90 98 31 17 35 53 19 94 Generación 168
arranca 
Jugando Partidos contra vecino 0
Resultado 7
46595.3
Jugando Partidos contra vecino 1
Resultado 7
37318.2
Jugando Partidos contra vecino 2
Resultado 7
41061.8
Jugando Partidos contra vecino 3
Resultado 9
25823.6
Jugando Partidos contra vecino 4
Resultado 8
27631.9
Jugando Partidos contra vecino 5
Resultado 13
24067.8
Yo soy: 
18 -37 72 70 24 49 64 37 65 57 90 98 31 17 35 53 19 94 El mejor fue: 5
18 -37 72 70 24 49 64 37 65 77 90 98 31 17 35 53 19 94 Generación 167
arranca 
Jugando Partidos contra vecino 0
Resultado 5
23389.1
Jugando Partidos contra vecino 1
Resultado 5
34376.2
Jugando Partidos contra vecino 2
Resultado 10
34513.7
Yo soy: 
18 -37 72 70 24 49 64 37 65 77 90 98 31 17 35 53 19 94 El mejor fue: 2
18 -37 72 50 24 49 64 37 65 77 90 98 31 17 35 53 19 94 Generación 166
arranca 
Jugando Partidos contra vecino 0
Resultado 9
38334.5
Jugando Partidos contra vecino 1
Resultado 9
45489.9
Jugando Partidos contra vecino 2
Resultado 2
13578.7
Jugando Partidos contra vecino 3
Resultado 7
28652.3
Jugando Partidos contra vecino 4
Resultado 9
30773.4
Jugando Partidos contra vecino 5
Resultado 8
29588.6
Jugando Partidos contra vecino 6
Resultado 12
32984.8
Yo soy: 
18 -37 72 50 24 49 64 37 65 77 90 98 31 17 35 53 19 94 El mejor fue: 6
18 -37 72 50 24 49 64 57 65 77 90 98 31 17 35 53 19 94 Generación 165
arranca 
Jugando Partidos contra vecino 0
Resultado 5
45743.3
Jugando Partidos contra vecino 1
Resultado 5
31590.6
Jugando Partidos contra vecino 2
Resultado 3
12867.8
Jugando Partidos contra vecino 3
Resultado 7
32572.6
Jugando Partidos contra vecino 4
Resultado 5
53337.9
Jugando Partidos contra vecino 5
Resultado 8
39858.7
Jugando Partidos contra vecino 6
Resultado 8
35417
Jugando Partidos contra vecino 7
Resultado 11
36732
Yo soy: 
18 -37 72 50 24 49 64 57 65 77 90 98 31 17 35 53 19 94 El mejor fue: 7
18 -37 72 50 24 49 64 57 65 77 90 98 31 17 15 53 19 94 Generación 164
arranca 
Jugando Partidos contra vecino 0
Resultado 6
28348.6
Jugando Partidos contra vecino 1
Resultado 5
50416.5
Jugando Partidos contra vecino 2
Resultado 11
38769.2
Yo soy: 
18 -37 72 50 24 49 64 57 65 77 90 98 31 17 15 53 19 94 El mejor fue: 2
18 -37 72 50 24 49 44 57 65 77 90 98 31 17 15 53 19 94 Generación 163
arranca 
Jugando Partidos contra vecino 0
Resultado 11
42075.3
Yo soy: 
18 -37 72 50 24 49 44 57 65 77 90 98 31 17 15 53 19 94 El mejor fue: 0
18 -37 72 50 24 49 44 57 65 77 90 98 31 17 15 73 19 94 Generación 162
arranca 
Jugando Partidos contra vecino 0
Resultado 12
46603.1
Yo soy: 
18 -37 72 50 24 49 44 57 65 77 90 98 31 17 15 73 19 94 El mejor fue: 0
18 -37 72 50 24 49 44 57 65 77 90 98 31 17 15 73 -1 94 Generación 161
arranca 
Jugando Partidos contra vecino 0
Resultado 13
50276.7
Yo soy: 
18 -37 72 50 24 49 44 57 65 77 90 98 31 17 15 73 -1 94 El mejor fue: 0
18 -37 72 50 24 49 44 57 65 77 90 98 31 17 15 73 -21 94 Generación 160
arranca 
Jugando Partidos contra vecino 0
Resultado 13
39659.8
Yo soy: 
18 -37 72 50 24 49 44 57 65 77 90 98 31 17 15 73 -21 94 El mejor fue: 0
18 -37 72 50 24 49 24 57 65 77 90 98 31 17 15 73 -21 94 Generación 159
arranca 
Jugando Partidos contra vecino 0
Resultado 9
37044.2
Jugando Partidos contra vecino 1
Resultado 13
40627.3
Yo soy: 
18 -37 72 50 24 49 24 57 65 77 90 98 31 17 15 73 -21 94 El mejor fue: 1
18 -37 72 50 24 49 24 57 65 57 90 98 31 17 15 73 -21 94 Generación 158
arranca 
Jugando Partidos contra vecino 0
Resultado 13
45384.5
Yo soy: 
18 -37 72 50 24 49 24 57 65 57 90 98 31 17 15 73 -21 94 El mejor fue: 0
18 -37 72 50 24 49 24 57 65 57 50 98 31 17 15 73 -21 94 Generación 157
arranca 
Jugando Partidos contra vecino 0
Resultado 13
42178.7
Yo soy: 
18 -37 72 50 24 49 24 57 65 57 50 98 31 17 15 73 -21 94 El mejor fue: 0
18 -37 72 70 24 49 24 57 65 57 50 98 31 17 15 73 -21 94 Generación 156
arranca 
Jugando Partidos contra vecino 0
Resultado 7
17890.4
Jugando Partidos contra vecino 1
Resultado 15
46071.6
Yo soy: 
18 -37 72 70 24 49 24 57 65 57 50 98 31 17 15 73 -21 94 El mejor fue: 1
18 -57 72 70 24 49 24 57 65 57 50 98 31 17 15 73 -21 94 Generación 155
arranca 
Jugando Partidos contra vecino 0
Resultado 11
33819
Yo soy: 
18 -57 72 70 24 49 24 57 65 57 50 98 31 17 15 73 -21 94 El mejor fue: 0
18 -57 72 70 24 49 24 77 65 57 50 98 31 17 15 73 -21 94 Generación 154
arranca 
Jugando Partidos contra vecino 0
Resultado 13
36338.4
Yo soy: 
18 -57 72 70 24 49 24 77 65 57 50 98 31 17 15 73 -21 94 El mejor fue: 0
18 -57 72 70 24 49 24 77 65 57 50 98 31 17 15 73 -1 94 Generación 153
arranca 
Jugando Partidos contra vecino 0
Resultado 9
38204.7
Jugando Partidos contra vecino 1
Resultado 15
40980.2
Yo soy: 
18 -57 72 70 24 49 24 77 65 57 50 98 31 17 15 73 -1 94 El mejor fue: 1
18 -57 72 70 24 49 24 77 65 57 70 98 31 17 15 73 -1 94 Generación 152
arranca 
Jugando Partidos contra vecino 0
Resultado 15
47337.9
Yo soy: 
18 -57 72 70 24 49 24 77 65 57 70 98 31 17 15 73 -1 94 El mejor fue: 0
18 -57 72 70 24 49 24 77 65 37 70 98 31 17 15 73 -1 94 Generación 151
arranca 
Jugando Partidos contra vecino 0
Resultado 13
45149
Yo soy: 
18 -57 72 70 24 49 24 77 65 37 70 98 31 17 15 73 -1 94 El mejor fue: 0
18 -37 72 70 24 49 24 77 65 37 70 98 31 17 15 73 -1 94 Generación 150
arranca 
Jugando Partidos contra vecino 0
Resultado 9
25258.2
Jugando Partidos contra vecino 1
Resultado 8
33558.8
Jugando Partidos contra vecino 2
Resultado 9
58306.2
Jugando Partidos contra vecino 3
Resultado 9
33214.3
Jugando Partidos contra vecino 4
Resultado 9
32452.2
Jugando Partidos contra vecino 5
Resultado 11
32519.7
Yo soy: 
18 -37 72 70 24 49 24 77 65 37 70 98 31 17 15 73 -1 94 El mejor fue: 5
18 -37 72 70 24 49 24 77 65 37 70 98 11 17 15 73 -1 94 Generación 149
arranca 
Jugando Partidos contra vecino 0
Resultado 4
26835.7
Jugando Partidos contra vecino 1
Resultado 7
36271.6
Jugando Partidos contra vecino 2
Resultado 9
30703.7
Jugando Partidos contra vecino 3
Resultado 7
36198.4
Jugando Partidos contra vecino 4
Resultado 13
37653.3
Yo soy: 
18 -37 72 70 24 49 24 77 65 37 70 98 11 17 15 73 -1 94 El mejor fue: 4
18 -37 72 70 24 49 24 57 65 37 70 98 11 17 15 73 -1 94 Generación 148
arranca 
Jugando Partidos contra vecino 0
Resultado 5
44532.6
Jugando Partidos contra vecino 1
Resultado 9
47210.3
Jugando Partidos contra vecino 2
Resultado 7
39675.5
Jugando Partidos contra vecino 3
Resultado 7
56883.5
Jugando Partidos contra vecino 4
Resultado 9
52455.9
Jugando Partidos contra vecino 5
Resultado 9
40719.3
Jugando Partidos contra vecino 6
Resultado 7
38240.2
Jugando Partidos contra vecino 7
Resultado 11
32722.1
Yo soy: 
18 -37 72 70 24 49 24 57 65 37 70 98 11 17 15 73 -1 94 El mejor fue: 7
-2 -37 72 70 24 49 24 57 65 37 70 98 11 17 15 73 -1 94 Generación 147
arranca 
Jugando Partidos contra vecino 0
Resultado 9
30454.3
Jugando Partidos contra vecino 1
Resultado 9
27668.2
Jugando Partidos contra vecino 2
Resultado 13
36483.8
Yo soy: 
-2 -37 72 70 24 49 24 57 65 37 70 98 11 17 15 73 -1 94 El mejor fue: 2
-2 -37 72 70 24 49 24 57 65 37 70 98 11 17 15 73 19 94 Generación 146
arranca 
Jugando Partidos contra vecino 0
Resultado 15
43330.1
Yo soy: 
-2 -37 72 70 24 49 24 57 65 37 70 98 11 17 15 73 19 94 El mejor fue: 0
-2 -37 72 70 24 49 24 57 65 37 70 98 11 17 15 93 19 94 Generación 145
arranca 
Jugando Partidos contra vecino 0
Resultado 13
38455.5
Yo soy: 
-2 -37 72 70 24 49 24 57 65 37 70 98 11 17 15 93 19 94 El mejor fue: 0
-2 -37 72 70 24 49 24 57 65 37 70 98 11 17 15 93 39 94 Generación 144
arranca 
Jugando Partidos contra vecino 0
Resultado 3
12934.9
Jugando Partidos contra vecino 1
Resultado 11
30457.3
Yo soy: 
-2 -37 72 70 24 49 24 57 65 37 70 98 11 17 15 93 39 94 El mejor fue: 1
-2 -37 72 70 44 49 24 57 65 37 70 98 11 17 15 93 39 94 Generación 143
arranca 
Jugando Partidos contra vecino 0
Resultado 13
40513
Yo soy: 
-2 -37 72 70 44 49 24 57 65 37 70 98 11 17 15 93 39 94 El mejor fue: 0
-2 -37 72 70 44 49 24 57 65 37 70 98 11 17 -5 93 39 94 Generación 142
arranca 
Jugando Partidos contra vecino 0
Resultado 13
37783.5
Yo soy: 
-2 -37 72 70 44 49 24 57 65 37 70 98 11 17 -5 93 39 94 El mejor fue: 0
-2 -37 72 70 44 49 24 57 65 37 70 98 11 17 -5 93 39 74 Generación 141
arranca 
Jugando Partidos contra vecino 0
Resultado 11
32647.3
Yo soy: 
-2 -37 72 70 44 49 24 57 65 37 70 98 11 17 -5 93 39 74 El mejor fue: 0
-2 -37 72 70 44 49 24 57 65 37 70 98 11 17 -5 93 19 74 Generación 140
arranca 
Jugando Partidos contra vecino 0
Resultado 13
41030.5
Yo soy: 
-2 -37 72 70 44 49 24 57 65 37 70 98 11 17 -5 93 19 74 El mejor fue: 0
-2 -37 72 70 24 49 24 57 65 37 70 98 11 17 -5 93 19 74 Generación 139
arranca 
Jugando Partidos contra vecino 0
Resultado 9
30876.5
Jugando Partidos contra vecino 1
Resultado 13
37132.3
Yo soy: 
-2 -37 72 70 24 49 24 57 65 37 70 98 11 17 -5 93 19 74 El mejor fue: 1
-2 -37 72 70 24 49 24 57 65 37 50 98 11 17 -5 93 19 74 Generación 138
arranca 
Jugando Partidos contra vecino 0
Resultado 9
22860.6
Jugando Partidos contra vecino 1
Resultado 8
27346.9
Jugando Partidos contra vecino 2
Resultado 15
51507.4
Yo soy: 
-2 -37 72 70 24 49 24 57 65 37 50 98 11 17 -5 93 19 74 El mejor fue: 2
-2 -37 72 70 24 49 24 57 65 37 50 98 31 17 -5 93 19 74 Generación 137
arranca 
Jugando Partidos contra vecino 0
Resultado 15
50804.3
Yo soy: 
-2 -37 72 70 24 49 24 57 65 37 50 98 31 17 -5 93 19 74 El mejor fue: 0
-2 -37 72 70 24 49 24 57 65 37 50 98 31 17 -25 93 19 74 Generación 136
arranca 
Jugando Partidos contra vecino 0
Resultado 11
35375
Yo soy: 
-2 -37 72 70 24 49 24 57 65 37 50 98 31 17 -25 93 19 74 El mejor fue: 0
18 -37 72 70 24 49 24 57 65 37 50 98 31 17 -25 93 19 74 Generación 135
arranca 
Jugando Partidos contra vecino 0
Resultado 8
29923.9
Jugando Partidos contra vecino 1
Resultado 11
37869.6
Yo soy: 
18 -37 72 70 24 49 24 57 65 37 50 98 31 17 -25 93 19 74 El mejor fue: 1
18 -37 72 70 24 49 24 57 65 57 50 98 31 17 -25 93 19 74 Generación 134
arranca 
Jugando Partidos contra vecino 0
Resultado 13
24234.2
Yo soy: 
18 -37 72 70 24 49 24 57 65 57 50 98 31 17 -25 93 19 74 El mejor fue: 0
18 -37 72 90 24 49 24 57 65 57 50 98 31 17 -25 93 19 74 Generación 133
arranca 
Jugando Partidos contra vecino 0
Resultado 9
27047.7
Jugando Partidos contra vecino 1
Resultado 9
35660.9
Jugando Partidos contra vecino 2
Resultado 15
23484
Yo soy: 
18 -37 72 90 24 49 24 57 65 57 50 98 31 17 -25 93 19 74 El mejor fue: 2
18 -37 72 90 24 49 24 57 65 57 50 98 31 17 -25 93 19 54 Generación 132
arranca 
Jugando Partidos contra vecino 0
Resultado 11
32862.3
Yo soy: 
18 -37 72 90 24 49 24 57 65 57 50 98 31 17 -25 93 19 54 El mejor fue: 0
18 -17 72 90 24 49 24 57 65 57 50 98 31 17 -25 93 19 54 Generación 131
arranca 
Jugando Partidos contra vecino 0
Resultado 9
48194.5
Jugando Partidos contra vecino 1
Resultado 11
32251.2
Yo soy: 
18 -17 72 90 24 49 24 57 65 57 50 98 31 17 -25 93 19 54 El mejor fue: 1
18 -17 72 90 24 49 24 57 65 57 50 98 31 17 -25 93 19 74 Generación 130
arranca 
Jugando Partidos contra vecino 0
Resultado 7
36228.3
Jugando Partidos contra vecino 1
Resultado 13
20978.5
Yo soy: 
18 -17 72 90 24 49 24 57 65 57 50 98 31 17 -25 93 19 74 El mejor fue: 1
18 -17 72 90 24 49 24 37 65 57 50 98 31 17 -25 93 19 74 Generación 129
arranca 
Jugando Partidos contra vecino 0
Resultado 9
34456.6
Jugando Partidos contra vecino 1
Resultado 11
39631
Yo soy: 
18 -17 72 90 24 49 24 37 65 57 50 98 31 17 -25 93 19 74 El mejor fue: 1
18 -17 72 90 4 49 24 37 65 57 50 98 31 17 -25 93 19 74 Generación 128
arranca 
Jugando Partidos contra vecino 0
Resultado 7
52457.6
Jugando Partidos contra vecino 1
Resultado 11
30589.8
Yo soy: 
18 -17 72 90 4 49 24 37 65 57 50 98 31 17 -25 93 19 74 El mejor fue: 1
18 -17 72 90 4 49 24 37 65 57 50 98 31 17 -45 93 19 74 Generación 127
arranca 
Jugando Partidos contra vecino 0
Resultado 5
25551.1
Jugando Partidos contra vecino 1
Resultado 11
22086.2
Yo soy: 
18 -17 72 90 4 49 24 37 65 57 50 98 31 17 -45 93 19 74 El mejor fue: 1
18 -17 52 90 4 49 24 37 65 57 50 98 31 17 -45 93 19 74 Generación 126
arranca 
Jugando Partidos contra vecino 0
Resultado 10
20368.3
Yo soy: 
18 -17 52 90 4 49 24 37 65 57 50 98 31 17 -45 93 19 74 El mejor fue: 0
18 -17 52 90 4 49 24 37 65 57 70 98 31 17 -45 93 19 74 Generación 125
arranca 
Jugando Partidos contra vecino 0
Resultado 5
10835.6
Jugando Partidos contra vecino 1
Resultado 15
22624.5
Yo soy: 
18 -17 52 90 4 49 24 37 65 57 70 98 31 17 -45 93 19 74 El mejor fue: 1
18 -17 52 90 4 49 24 37 45 57 70 98 31 17 -45 93 19 74 Generación 124
arranca 
Jugando Partidos contra vecino 0
Resultado 9
20755.6
Jugando Partidos contra vecino 1
Resultado 9
21883.5
Jugando Partidos contra vecino 2
Resultado 13
26036.3
Yo soy: 
18 -17 52 90 4 49 24 37 45 57 70 98 31 17 -45 93 19 74 El mejor fue: 2
18 -17 52 90 4 49 24 37 65 57 70 98 31 17 -45 93 19 74 Generación 123
arranca 
Jugando Partidos contra vecino 0
Resultado 13
22299.9
Yo soy: 
18 -17 52 90 4 49 24 37 65 57 70 98 31 17 -45 93 19 74 El mejor fue: 0
18 -17 52 90 4 49 24 37 65 57 70 98 31 17 -45 93 39 74 Generación 122
arranca 
Jugando Partidos contra vecino 0
Resultado 11
20773.6
Yo soy: 
18 -17 52 90 4 49 24 37 65 57 70 98 31 17 -45 93 39 74 El mejor fue: 0
18 -17 52 90 4 49 24 37 65 57 50 98 31 17 -45 93 39 74 Generación 121
arranca 
Jugando Partidos contra vecino 0
Resultado 11
25087.9
Yo soy: 
18 -17 52 90 4 49 24 37 65 57 50 98 31 17 -45 93 39 74 El mejor fue: 0
18 -37 52 90 4 49 24 37 65 57 50 98 31 17 -45 93 39 74 Generación 120
arranca 
Jugando Partidos contra vecino 0
Resultado 2
12857.2
Jugando Partidos contra vecino 1
Resultado 11
24772
Yo soy: 
18 -37 52 90 4 49 24 37 65 57 50 98 31 17 -45 93 39 74 El mejor fue: 1
18 -37 52 90 4 69 24 37 65 57 50 98 31 17 -45 93 39 74 Generación 119
arranca 
Jugando Partidos contra vecino 0
Resultado 15
23199.5
Yo soy: 
18 -37 52 90 4 69 24 37 65 57 50 98 31 17 -45 93 39 74 El mejor fue: 0
18 -37 52 90 4 69 24 37 65 57 50 98 31 17 -45 93 39 94 Generación 118
arranca 
Jugando Partidos contra vecino 0
Resultado 13
25243.1
Yo soy: 
18 -37 52 90 4 69 24 37 65 57 50 98 31 17 -45 93 39 94 El mejor fue: 0
18 -37 52 90 4 69 24 37 65 57 50 98 31 17 -45 93 19 94 Generación 117
arranca 
Jugando Partidos contra vecino 0
Resultado 15
22827
Yo soy: 
18 -37 52 90 4 69 24 37 65 57 50 98 31 17 -45 93 19 94 El mejor fue: 0
18 -37 52 90 4 69 24 37 65 57 50 98 51 17 -45 93 19 94 Generación 116
arranca 
Jugando Partidos contra vecino 0
Resultado 9
28778.9
Jugando Partidos contra vecino 1
Resultado 15
27892.8
Yo soy: 
18 -37 52 90 4 69 24 37 65 57 50 98 51 17 -45 93 19 94 El mejor fue: 1
18 -37 32 90 4 69 24 37 65 57 50 98 51 17 -45 93 19 94 Generación 115
arranca 
Jugando Partidos contra vecino 0
Resultado 15
26709.8
Yo soy: 
18 -37 32 90 4 69 24 37 65 57 50 98 51 17 -45 93 19 94 El mejor fue: 0
18 -37 32 90 4 69 24 37 45 57 50 98 51 17 -45 93 19 94 Generación 114
arranca 
Jugando Partidos contra vecino 0
Resultado 15
27709.1
Yo soy: 
18 -37 32 90 4 69 24 37 45 57 50 98 51 17 -45 93 19 94 El mejor fue: 0
18 -37 32 90 4 69 24 57 45 57 50 98 51 17 -45 93 19 94 Generación 113
arranca 
Jugando Partidos contra vecino 0
Resultado 13
20820.3
Yo soy: 
18 -37 32 90 4 69 24 57 45 57 50 98 51 17 -45 93 19 94 El mejor fue: 0
18 -37 32 90 4 49 24 57 45 57 50 98 51 17 -45 93 19 94 Generación 112
arranca 
Jugando Partidos contra vecino 0
Resultado 11
42389.2
Yo soy: 
18 -37 32 90 4 49 24 57 45 57 50 98 51 17 -45 93 19 94 El mejor fue: 0
18 -37 32 90 4 49 24 57 45 57 50 98 71 17 -45 93 19 94 Generación 111
arranca 
Jugando Partidos contra vecino 0
Resultado 7
17944.5
Jugando Partidos contra vecino 1
Resultado 15
49641.5
Yo soy: 
18 -37 32 90 4 49 24 57 45 57 50 98 71 17 -45 93 19 94 El mejor fue: 1
18 -37 32 90 4 49 24 57 45 77 50 98 71 17 -45 93 19 94 Generación 110
arranca 
Jugando Partidos contra vecino 0
Resultado 13
47397.8
Yo soy: 
18 -37 32 90 4 49 24 57 45 77 50 98 71 17 -45 93 19 94 El mejor fue: 0
18 -17 32 90 4 49 24 57 45 77 50 98 71 17 -45 93 19 94 Generación 109
arranca 
Jugando Partidos contra vecino 0
Resultado 15
62285.2
Yo soy: 
18 -17 32 90 4 49 24 57 45 77 50 98 71 17 -45 93 19 94 El mejor fue: 0
18 -17 32 70 4 49 24 57 45 77 50 98 71 17 -45 93 19 94 Generación 108
arranca 
Jugando Partidos contra vecino 0
Resultado 13
43950
Yo soy: 
18 -17 32 70 4 49 24 57 45 77 50 98 71 17 -45 93 19 94 El mejor fue: 0
18 -17 32 70 4 49 4 57 45 77 50 98 71 17 -45 93 19 94 Generación 107
arranca 
Jugando Partidos contra vecino 0
Resultado 11
38896.8
Yo soy: 
18 -17 32 70 4 49 4 57 45 77 50 98 71 17 -45 93 19 94 El mejor fue: 0
18 -17 32 70 4 49 4 57 45 77 50 78 71 17 -45 93 19 94 Generación 106
arranca 
Jugando Partidos contra vecino 0
Resultado 11
38664.7
Yo soy: 
18 -17 32 70 4 49 4 57 45 77 50 78 71 17 -45 93 19 94 El mejor fue: 0
18 -37 32 70 4 49 4 57 45 77 50 78 71 17 -45 93 19 94 Generación 105
arranca 
Jugando Partidos contra vecino 0
Resultado 11
36428.4
Yo soy: 
18 -37 32 70 4 49 4 57 45 77 50 78 71 17 -45 93 19 94 El mejor fue: 0
18 -37 32 70 4 49 4 57 45 77 50 98 71 17 -45 93 19 94 Generación 104
arranca 
Jugando Partidos contra vecino 0
Resultado 7
28742.5
Jugando Partidos contra vecino 1
Resultado 15
41071.2
Yo soy: 
18 -37 32 70 4 49 4 57 45 77 50 98 71 17 -45 93 19 94 El mejor fue: 1
18 -37 32 70 4 49 4 57 45 57 50 98 71 17 -45 93 19 94 Generación 103
arranca 
Jugando Partidos contra vecino 0
Resultado 5
17081.7
Jugando Partidos contra vecino 1
Resultado 9
30838.4
Jugando Partidos contra vecino 2
Resultado 15
44099.2
Yo soy: 
18 -37 32 70 4 49 4 57 45 57 50 98 71 17 -45 93 19 94 El mejor fue: 2
38 -37 32 70 4 49 4 57 45 57 50 98 71 17 -45 93 19 94 Generación 102
arranca 
Jugando Partidos contra vecino 0
Resultado 9
20196.6
Jugando Partidos contra vecino 1
Resultado 13
44787.8
Yo soy: 
38 -37 32 70 4 49 4 57 45 57 50 98 71 17 -45 93 19 94 El mejor fue: 1
38 -37 32 70 4 49 4 57 45 57 50 98 71 17 -45 93 -1 94 Generación 101
arranca 
Jugando Partidos contra vecino 0
Resultado 13
42190.6
Yo soy: 
38 -37 32 70 4 49 4 57 45 57 50 98 71 17 -45 93 -1 94 El mejor fue: 0
38 -37 32 70 4 49 4 57 45 57 50 98 71 17 -45 93 -21 94 Generación 100
arranca 
Jugando Partidos contra vecino 0
Resultado 9
25164.4
Jugando Partidos contra vecino 1
Resultado 15
51731.3
Yo soy: 
38 -37 32 70 4 49 4 57 45 57 50 98 71 17 -45 93 -21 94 El mejor fue: 1
38 -37 32 70 4 49 4 57 45 57 50 98 91 17 -45 93 -21 94 Generación 99
arranca 
Jugando Partidos contra vecino 0
Resultado 13
47963.9
Yo soy: 
38 -37 32 70 4 49 4 57 45 57 50 98 91 17 -45 93 -21 94 El mejor fue: 0
38 -37 32 70 4 49 4 57 65 57 50 98 91 17 -45 93 -21 94 Generación 98
arranca 
Jugando Partidos contra vecino 0
Resultado 11
27312
Yo soy: 
38 -37 32 70 4 49 4 57 65 57 50 98 91 17 -45 93 -21 94 El mejor fue: 0
38 -37 32 70 4 29 4 57 65 57 50 98 91 17 -45 93 -21 94 Generación 97
arranca 
Jugando Partidos contra vecino 0
Resultado 13
50538.8
Yo soy: 
38 -37 32 70 4 29 4 57 65 57 50 98 91 17 -45 93 -21 94 El mejor fue: 0
38 -37 32 70 4 49 4 57 65 57 50 98 91 17 -45 93 -21 94 Generación 96
arranca 
Jugando Partidos contra vecino 0
Resultado 11
42293.1
Yo soy: 
38 -37 32 70 4 49 4 57 65 57 50 98 91 17 -45 93 -21 94 El mejor fue: 0
38 -37 32 70 4 49 4 57 65 57 50 98 91 17 -45 93 -21 74 Generación 95
arranca 
Jugando Partidos contra vecino 0
Resultado 5
13348.4
Jugando Partidos contra vecino 1
Resultado 11
21996.4
Yo soy: 
38 -37 32 70 4 49 4 57 65 57 50 98 91 17 -45 93 -21 74 El mejor fue: 1
38 -37 32 70 4 49 4 57 65 57 50 58 91 17 -45 93 -21 74 Generación 94
arranca 
Jugando Partidos contra vecino 0
Resultado 2
14121.6
Jugando Partidos contra vecino 1
Resultado 11
31679
Yo soy: 
38 -37 32 70 4 49 4 57 65 57 50 58 91 17 -45 93 -21 74 El mejor fue: 1
38 -37 32 70 4 49 4 57 65 57 50 58 91 17 -45 93 -1 74 Generación 93
arranca 
Jugando Partidos contra vecino 0
Resultado 11
33139.8
Yo soy: 
38 -37 32 70 4 49 4 57 65 57 50 58 91 17 -45 93 -1 74 El mejor fue: 0
58 -37 32 70 4 49 4 57 65 57 50 58 91 17 -45 93 -1 74 Generación 92
arranca 
Jugando Partidos contra vecino 0
Resultado 11
32797.6
Yo soy: 
58 -37 32 70 4 49 4 57 65 57 50 58 91 17 -45 93 -1 74 El mejor fue: 0
58 -37 52 70 4 49 4 57 65 57 50 58 91 17 -45 93 -1 74 Generación 91
arranca 
Jugando Partidos contra vecino 0
Resultado 5
18721.9
Jugando Partidos contra vecino 1
Resultado 5
48849.3
Jugando Partidos contra vecino 2
Resultado 5
38355.7
Jugando Partidos contra vecino 3
Resultado 7
34028.5
Jugando Partidos contra vecino 4
Resultado 4
13191.8
Jugando Partidos contra vecino 5
Resultado 5
28999.9
Jugando Partidos contra vecino 6
Resultado 7
33387.9
Jugando Partidos contra vecino 7
Resultado 7
41823.3
Jugando Partidos contra vecino 8
Resultado 5
19667.1
Jugando Partidos contra vecino 9
Resultado 7
33229.4
Jugando Partidos contra vecino 10
Resultado 7
32256.6
Jugando Partidos contra vecino 11
Resultado 7
20702.2
Jugando Partidos contra vecino 12
Resultado 7
44058.8
Jugando Partidos contra vecino 13
Resultado 9
24620.1
Jugando Partidos contra vecino 14
Resultado 9
22607.8
Jugando Partidos contra vecino 15
Resultado 11
35328.8
Yo soy: 
58 -37 52 70 4 49 4 57 65 57 50 58 91 17 -45 93 -1 74 El mejor fue: 15
58 -57 52 70 4 49 4 57 65 57 50 58 91 17 -45 93 -1 74 Generación 90
arranca 
Jugando Partidos contra vecino 0
Resultado 1
16001
Jugando Partidos contra vecino 1
Resultado 9
24152.9
Jugando Partidos contra vecino 2
Resultado 7
43054.6
Jugando Partidos contra vecino 3
Resultado 5
10924.7
Jugando Partidos contra vecino 4
Resultado 13
36037.5
Yo soy: 
58 -57 52 70 4 49 4 57 65 57 50 58 91 17 -45 93 -1 74 El mejor fue: 4
58 -57 52 70 4 49 4 57 65 57 50 58 91 17 -65 93 -1 74 Generación 89
arranca 
Jugando Partidos contra vecino 0
Resultado 11
23913.4
Yo soy: 
58 -57 52 70 4 49 4 57 65 57 50 58 91 17 -65 93 -1 74 El mejor fue: 0
58 -57 52 70 4 49 4 77 65 57 50 58 91 17 -65 93 -1 74 Generación 88
arranca 
Jugando Partidos contra vecino 0
Resultado 7
23066.6
Jugando Partidos contra vecino 1
Resultado 7
26294.8
Jugando Partidos contra vecino 2
Resultado 7
26856.1
Jugando Partidos contra vecino 3
Resultado 5
40712.2
Jugando Partidos contra vecino 4
Resultado 5
13180.4
Jugando Partidos contra vecino 5
Resultado 11
33346.7
Yo soy: 
58 -57 52 70 4 49 4 77 65 57 50 58 91 17 -65 93 -1 74 El mejor fue: 5
58 -57 52 70 4 49 4 77 65 57 50 58 91 17 -85 93 -1 74 Generación 87
arranca 
Jugando Partidos contra vecino 0
Resultado 7
26254.1
Jugando Partidos contra vecino 1
Resultado 11
35040.2
Yo soy: 
58 -57 52 70 4 49 4 77 65 57 50 58 91 17 -85 93 -1 74 El mejor fue: 1
38 -57 52 70 4 49 4 77 65 57 50 58 91 17 -85 93 -1 74 Generación 86
arranca 
Jugando Partidos contra vecino 0
Resultado 13
41497.8
Yo soy: 
38 -57 52 70 4 49 4 77 65 57 50 58 91 17 -85 93 -1 74 El mejor fue: 0
38 -57 52 70 4 49 4 77 65 57 30 58 91 17 -85 93 -1 74 Generación 85
arranca 
Jugando Partidos contra vecino 0
Resultado 7
21624.1
Jugando Partidos contra vecino 1
Resultado 7
21809.6
Jugando Partidos contra vecino 2
Resultado 9
35751.8
Jugando Partidos contra vecino 3
Resultado 9
38602
Jugando Partidos contra vecino 4
Resultado 9
32462
Jugando Partidos contra vecino 5
Resultado 9
26452.2
Jugando Partidos contra vecino 6
Resultado 9
43650
Jugando Partidos contra vecino 7
Resultado 7
23294.3
Jugando Partidos contra vecino 8
Resultado 11
45709.4
Yo soy: 
38 -57 52 70 4 49 4 77 65 57 30 58 91 17 -85 93 -1 74 El mejor fue: 8
38 -57 52 70 4 49 4 77 65 57 30 58 71 17 -85 93 -1 74 Generación 84
arranca 
Jugando Partidos contra vecino 0
Resultado 5
49063.7
Jugando Partidos contra vecino 1
Resultado 9
30514.5
Jugando Partidos contra vecino 2
Resultado 11
48641.4
Yo soy: 
38 -57 52 70 4 49 4 77 65 57 30 58 71 17 -85 93 -1 74 El mejor fue: 2
38 -57 52 70 4 49 4 77 65 57 30 58 91 17 -85 93 -1 74 Generación 83
arranca 
Jugando Partidos contra vecino 0
Resultado 11
41186.8
Yo soy: 
38 -57 52 70 4 49 4 77 65 57 30 58 91 17 -85 93 -1 74 El mejor fue: 0
38 -57 52 70 4 49 4 77 85 57 30 58 91 17 -85 93 -1 74 Generación 82
arranca 
Jugando Partidos contra vecino 0
Resultado 13
35658.4
Yo soy: 
38 -57 52 70 4 49 4 77 85 57 30 58 91 17 -85 93 -1 74 El mejor fue: 0
38 -57 52 70 4 49 4 77 85 57 50 58 91 17 -85 93 -1 74 Generación 81
arranca 
Jugando Partidos contra vecino 0
Resultado 13
43876
Yo soy: 
38 -57 52 70 4 49 4 77 85 57 50 58 91 17 -85 93 -1 74 El mejor fue: 0
38 -57 52 70 4 69 4 77 85 57 50 58 91 17 -85 93 -1 74 Generación 80
arranca 
Jugando Partidos contra vecino 0
Resultado 5
25413.6
Jugando Partidos contra vecino 1
Resultado 7
27273.6
Jugando Partidos contra vecino 2
Resultado 11
37999.4
Yo soy: 
38 -57 52 70 4 69 4 77 85 57 50 58 91 17 -85 93 -1 74 El mejor fue: 2
38 -57 52 70 4 69 4 77 85 37 50 58 91 17 -85 93 -1 74 Generación 79
arranca 
Jugando Partidos contra vecino 0
Resultado 11
36984.9
Yo soy: 
38 -57 52 70 4 69 4 77 85 37 50 58 91 17 -85 93 -1 74 El mejor fue: 0
38 -57 52 70 4 69 4 77 85 17 50 58 91 17 -85 93 -1 74 Generación 78
arranca 
Jugando Partidos contra vecino 0
Resultado 7
29326.8
Jugando Partidos contra vecino 1
Resultado 11
32982
Yo soy: 
38 -57 52 70 4 69 4 77 85 17 50 58 91 17 -85 93 -1 74 El mejor fue: 1
38 -57 52 70 4 69 4 77 85 37 50 58 91 17 -85 93 -1 74 Generación 77
arranca 
Jugando Partidos contra vecino 0
Resultado 11
35853.1
Yo soy: 
38 -57 52 70 4 69 4 77 85 37 50 58 91 17 -85 93 -1 74 El mejor fue: 0
38 -57 52 70 4 69 4 77 85 17 50 58 91 17 -85 93 -1 74 Generación 76
arranca 
Jugando Partidos contra vecino 0
Resultado 13
33790.2
Yo soy: 
38 -57 52 70 4 69 4 77 85 17 50 58 91 17 -85 93 -1 74 El mejor fue: 0
38 -37 52 70 4 69 4 77 85 17 50 58 91 17 -85 93 -1 74 Generación 75
arranca 
Jugando Partidos contra vecino 0
Resultado 5
27917.4
Jugando Partidos contra vecino 1
Resultado 5
39121.8
Jugando Partidos contra vecino 2
Resultado 11
34140.3
Yo soy: 
38 -37 52 70 4 69 4 77 85 17 50 58 91 17 -85 93 -1 74 El mejor fue: 2
38 -37 52 70 4 69 24 77 85 17 50 58 91 17 -85 93 -1 74 Generación 74
arranca 
Jugando Partidos contra vecino 0
Resultado 11
42321.4
Yo soy: 
38 -37 52 70 4 69 24 77 85 17 50 58 91 17 -85 93 -1 74 El mejor fue: 0
38 -37 52 70 4 69 24 57 85 17 50 58 91 17 -85 93 -1 74 Generación 73
arranca 
Jugando Partidos contra vecino 0
Resultado 13
43643.5
Yo soy: 
38 -37 52 70 4 69 24 57 85 17 50 58 91 17 -85 93 -1 74 El mejor fue: 0
38 -37 52 70 4 69 24 57 85 17 50 58 91 17 -85 93 -21 74 Generación 72
arranca 
Jugando Partidos contra vecino 0
Resultado 7
42745.8
Jugando Partidos contra vecino 1
Resultado 5
41234.9
Jugando Partidos contra vecino 2
Resultado 9
32598.4
Jugando Partidos contra vecino 3
Resultado 11
32215.1
Yo soy: 
38 -37 52 70 4 69 24 57 85 17 50 58 91 17 -85 93 -21 74 El mejor fue: 3
38 -37 52 70 4 69 24 57 85 37 50 58 91 17 -85 93 -21 74 Generación 71
arranca 
Jugando Partidos contra vecino 0
Resultado 9
39455.2
Jugando Partidos contra vecino 1
Resultado 9
41508
Jugando Partidos contra vecino 2
Resultado 11
50183.4
Yo soy: 
38 -37 52 70 4 69 24 57 85 37 50 58 91 17 -85 93 -21 74 El mejor fue: 2
38 -37 32 70 4 69 24 57 85 37 50 58 91 17 -85 93 -21 74 Generación 70
arranca 
Jugando Partidos contra vecino 0
Resultado 9
45458.2
Jugando Partidos contra vecino 1
Resultado 13
50330.1
Yo soy: 
38 -37 32 70 4 69 24 57 85 37 50 58 91 17 -85 93 -21 74 El mejor fue: 1
38 -37 32 70 4 69 24 57 45 37 50 58 91 17 -85 93 -21 74 Generación 69
arranca 
Jugando Partidos contra vecino 0
Resultado 15
60598.5
Yo soy: 
38 -37 32 70 4 69 24 57 45 37 50 58 91 17 -85 93 -21 74 El mejor fue: 0
38 -37 32 70 4 69 24 57 45 37 50 58 91 17 -85 93 -21 54 Generación 68
arranca 
Jugando Partidos contra vecino 0
Resultado 11
45261.4
Yo soy: 
38 -37 32 70 4 69 24 57 45 37 50 58 91 17 -85 93 -21 54 El mejor fue: 0
38 -37 32 70 4 69 24 37 45 37 50 58 91 17 -85 93 -21 54 Generación 67
arranca 
Jugando Partidos contra vecino 0
Resultado 13
55566.7
Yo soy: 
38 -37 32 70 4 69 24 37 45 37 50 58 91 17 -85 93 -21 54 El mejor fue: 0
38 -37 32 70 4 69 24 37 45 37 70 58 91 17 -85 93 -21 54 Generación 66
arranca 
Jugando Partidos contra vecino 0
Resultado 11
49175.7
Yo soy: 
38 -37 32 70 4 69 24 37 45 37 70 58 91 17 -85 93 -21 54 El mejor fue: 0
38 -37 32 70 4 69 24 37 45 17 70 58 91 17 -85 93 -21 54 Generación 65
arranca 
Jugando Partidos contra vecino 0
Resultado 9
29970
Jugando Partidos contra vecino 1
Resultado 11
51988.6
Yo soy: 
38 -37 32 70 4 69 24 37 45 17 70 58 91 17 -85 93 -21 54 El mejor fue: 1
18 -37 32 70 4 69 24 37 45 17 70 58 91 17 -85 93 -21 54 Generación 64
arranca 
Jugando Partidos contra vecino 0
Resultado 9
38841.8
Jugando Partidos contra vecino 1
Resultado 13
56168
Yo soy: 
18 -37 32 70 4 69 24 37 45 17 70 58 91 17 -85 93 -21 54 El mejor fue: 1
18 -37 32 70 4 69 24 37 25 17 70 58 91 17 -85 93 -21 54 Generación 63
arranca 
Jugando Partidos contra vecino 0
Resultado 13
54751.5
Yo soy: 
18 -37 32 70 4 69 24 37 25 17 70 58 91 17 -85 93 -21 54 El mejor fue: 0
18 -37 32 70 4 69 24 37 25 17 70 58 91 17 -85 93 -21 34 Generación 62
arranca 
Jugando Partidos contra vecino 0
Resultado 11
52401.4
Yo soy: 
18 -37 32 70 4 69 24 37 25 17 70 58 91 17 -85 93 -21 34 El mejor fue: 0
18 -37 32 70 4 69 24 57 25 17 70 58 91 17 -85 93 -21 34 Generación 61
arranca 
Jugando Partidos contra vecino 0
Resultado 11
46161.5
Yo soy: 
18 -37 32 70 4 69 24 57 25 17 70 58 91 17 -85 93 -21 34 El mejor fue: 0
18 -37 12 70 4 69 24 57 25 17 70 58 91 17 -85 93 -21 34 Generación 60
arranca 
Jugando Partidos contra vecino 0
Resultado 15
62796.3
Yo soy: 
18 -37 12 70 4 69 24 57 25 17 70 58 91 17 -85 93 -21 34 El mejor fue: 0
18 -37 12 50 4 69 24 57 25 17 70 58 91 17 -85 93 -21 34 Generación 59
arranca 
Jugando Partidos contra vecino 0
Resultado 15
66896.6
Yo soy: 
18 -37 12 50 4 69 24 57 25 17 70 58 91 17 -85 93 -21 34 El mejor fue: 0
18 -57 12 50 4 69 24 57 25 17 70 58 91 17 -85 93 -21 34 Generación 58
arranca 
Jugando Partidos contra vecino 0
Resultado 13
56337
Yo soy: 
18 -57 12 50 4 69 24 57 25 17 70 58 91 17 -85 93 -21 34 El mejor fue: 0
18 -57 12 50 4 69 24 57 25 17 70 58 91 17 -85 93 -21 14 Generación 57
arranca 
Jugando Partidos contra vecino 0
Resultado 13
57699.5
Yo soy: 
18 -57 12 50 4 69 24 57 25 17 70 58 91 17 -85 93 -21 14 El mejor fue: 0
18 -57 12 50 4 69 24 57 25 37 70 58 91 17 -85 93 -21 14 Generación 56
arranca 
Jugando Partidos contra vecino 0
Resultado 15
66716.1
Yo soy: 
18 -57 12 50 4 69 24 57 25 37 70 58 91 17 -85 93 -21 14 El mejor fue: 0
18 -57 12 50 4 69 24 57 25 17 70 58 91 17 -85 93 -21 14 Generación 55
arranca 
Jugando Partidos contra vecino 0
Resultado 9
35097.3
Jugando Partidos contra vecino 1
Resultado 13
54641.3
Yo soy: 
18 -57 12 50 4 69 24 57 25 17 70 58 91 17 -85 93 -21 14 El mejor fue: 1
18 -57 12 50 4 69 24 57 25 17 70 78 91 17 -85 93 -21 14 Generación 54
arranca 
Jugando Partidos contra vecino 0
Resultado 15
62460.8
Yo soy: 
18 -57 12 50 4 69 24 57 25 17 70 78 91 17 -85 93 -21 14 El mejor fue: 0
18 -57 12 50 4 89 24 57 25 17 70 78 91 17 -85 93 -21 14 Generación 53
arranca 
Jugando Partidos contra vecino 0
Resultado 15
61504.4
Yo soy: 
18 -57 12 50 4 89 24 57 25 17 70 78 91 17 -85 93 -21 14 El mejor fue: 0
18 -57 12 50 4 89 24 57 25 37 70 78 91 17 -85 93 -21 14 Generación 52
arranca 
Jugando Partidos contra vecino 0
Resultado 13
54478
Yo soy: 
18 -57 12 50 4 89 24 57 25 37 70 78 91 17 -85 93 -21 14 El mejor fue: 0
18 -57 12 50 4 89 24 57 25 37 50 78 91 17 -85 93 -21 14 Generación 51
arranca 
Jugando Partidos contra vecino 0
Resultado 15
69035.5
Yo soy: 
18 -57 12 50 4 89 24 57 25 37 50 78 91 17 -85 93 -21 14 El mejor fue: 0
18 -57 12 50 4 89 24 57 25 37 50 78 91 17 -85 93 -1 14 Generación 50
arranca 
Jugando Partidos contra vecino 0
Resultado 4
19106.5
Jugando Partidos contra vecino 1
Resultado 11
50370.1
Yo soy: 
18 -57 12 50 4 89 24 57 25 37 50 78 91 17 -85 93 -1 14 El mejor fue: 1
18 -57 12 50 4 89 24 57 25 37 30 78 91 17 -85 93 -1 14 Generación 49
arranca 
Jugando Partidos contra vecino 0
Resultado 9
41554.1
Jugando Partidos contra vecino 1
Resultado 15
71394.5
Yo soy: 
18 -57 12 50 4 89 24 57 25 37 30 78 91 17 -85 93 -1 14 El mejor fue: 1
18 -57 12 50 4 89 24 57 45 37 30 78 91 17 -85 93 -1 14 Generación 48
arranca 
Jugando Partidos contra vecino 0
Resultado 9
43472.4
Jugando Partidos contra vecino 1
Resultado 13
54777.1
Yo soy: 
18 -57 12 50 4 89 24 57 45 37 30 78 91 17 -85 93 -1 14 El mejor fue: 1
18 -57 12 50 4 89 24 57 45 37 30 78 91 17 -85 93 -21 14 Generación 47
arranca 
Jugando Partidos contra vecino 0
Resultado 13
57403.7
Yo soy: 
18 -57 12 50 4 89 24 57 45 37 30 78 91 17 -85 93 -21 14 El mejor fue: 0
18 -57 12 50 4 89 24 57 45 37 10 78 91 17 -85 93 -21 14 Generación 46
arranca 
Jugando Partidos contra vecino 0
Resultado 11
45022.3
Yo soy: 
18 -57 12 50 4 89 24 57 45 37 10 78 91 17 -85 93 -21 14 El mejor fue: 0
-2 -57 12 50 4 89 24 57 45 37 10 78 91 17 -85 93 -21 14 Generación 45
arranca 
Jugando Partidos contra vecino 0
Resultado 5
20991.8
Jugando Partidos contra vecino 1
Resultado 9
39819.8
Jugando Partidos contra vecino 2
Resultado 15
68734.1
Yo soy: 
-2 -57 12 50 4 89 24 57 45 37 10 78 91 17 -85 93 -21 14 El mejor fue: 2
-2 -57 12 50 24 89 24 57 45 37 10 78 91 17 -85 93 -21 14 Generación 44
arranca 
Jugando Partidos contra vecino 0
Resultado 15
59707.9
Yo soy: 
-2 -57 12 50 24 89 24 57 45 37 10 78 91 17 -85 93 -21 14 El mejor fue: 0
-2 -57 12 50 24 89 24 57 45 37 -10 78 91 17 -85 93 -21 14 Generación 43
arranca 
Jugando Partidos contra vecino 0
Resultado 15
54048.6
Yo soy: 
-2 -57 12 50 24 89 24 57 45 37 -10 78 91 17 -85 93 -21 14 El mejor fue: 0
-2 -57 12 50 24 89 24 57 25 37 -10 78 91 17 -85 93 -21 14 Generación 42
arranca 
Jugando Partidos contra vecino 0
Resultado 15
51452.1
Yo soy: 
-2 -57 12 50 24 89 24 57 25 37 -10 78 91 17 -85 93 -21 14 El mejor fue: 0
-22 -57 12 50 24 89 24 57 25 37 -10 78 91 17 -85 93 -21 14 Generación 41
arranca 
Jugando Partidos contra vecino 0
Resultado 15
60557.1
Yo soy: 
-22 -57 12 50 24 89 24 57 25 37 -10 78 91 17 -85 93 -21 14 El mejor fue: 0
-22 -57 12 50 24 89 24 57 25 37 -10 78 91 17 -85 93 -21 34 Generación 40
arranca 
Jugando Partidos contra vecino 0
Resultado 15
62633.7
Yo soy: 
-22 -57 12 50 24 89 24 57 25 37 -10 78 91 17 -85 93 -21 34 El mejor fue: 0
-22 -57 12 70 24 89 24 57 25 37 -10 78 91 17 -85 93 -21 34 Generación 39
arranca 
Jugando Partidos contra vecino 0
Resultado 15
68037.5
Yo soy: 
-22 -57 12 70 24 89 24 57 25 37 -10 78 91 17 -85 93 -21 34 El mejor fue: 0
-2 -57 12 70 24 89 24 57 25 37 -10 78 91 17 -85 93 -21 34 Generación 38
arranca 
Jugando Partidos contra vecino 0
Resultado 15
42633.3
Yo soy: 
-2 -57 12 70 24 89 24 57 25 37 -10 78 91 17 -85 93 -21 34 El mejor fue: 0
-2 -57 12 70 24 89 24 57 25 37 -10 78 91 17 -85 93 -21 54 Generación 37
arranca 
Jugando Partidos contra vecino 0
Resultado 15
64018
Yo soy: 
-2 -57 12 70 24 89 24 57 25 37 -10 78 91 17 -85 93 -21 54 El mejor fue: 0
-2 -57 12 70 24 89 24 57 25 37 -10 78 91 17 -85 93 -41 54 Generación 36
arranca 
Jugando Partidos contra vecino 0
Resultado 15
43318.6
Yo soy: 
-2 -57 12 70 24 89 24 57 25 37 -10 78 91 17 -85 93 -41 54 El mejor fue: 0
-2 -57 12 70 24 89 24 57 25 37 -10 78 91 17 -85 93 -41 74 Generación 35
arranca 
Jugando Partidos contra vecino 0
Resultado 13
45906.1
Yo soy: 
-2 -57 12 70 24 89 24 57 25 37 -10 78 91 17 -85 93 -41 74 El mejor fue: 0
-2 -57 12 70 24 89 24 77 25 37 -10 78 91 17 -85 93 -41 74 Generación 34
arranca 
Jugando Partidos contra vecino 0
Resultado 15
56094.2
Yo soy: 
-2 -57 12 70 24 89 24 77 25 37 -10 78 91 17 -85 93 -41 74 El mejor fue: 0
-2 -37 12 70 24 89 24 77 25 37 -10 78 91 17 -85 93 -41 74 Generación 33
arranca 
Jugando Partidos contra vecino 0
Resultado 13
54863.1
Yo soy: 
-2 -37 12 70 24 89 24 77 25 37 -10 78 91 17 -85 93 -41 74 El mejor fue: 0
-2 -37 -8 70 24 89 24 77 25 37 -10 78 91 17 -85 93 -41 74 Generación 32
arranca 
Jugando Partidos contra vecino 0
Resultado 15
62971.1
Yo soy: 
-2 -37 -8 70 24 89 24 77 25 37 -10 78 91 17 -85 93 -41 74 El mejor fue: 0
-2 -37 -8 70 24 89 24 77 25 37 -10 78 91 17 -85 93 -41 94 Generación 31
arranca 
Jugando Partidos contra vecino 0
Resultado 15
64493.2
Yo soy: 
-2 -37 -8 70 24 89 24 77 25 37 -10 78 91 17 -85 93 -41 94 El mejor fue: 0
-2 -57 -8 70 24 89 24 77 25 37 -10 78 91 17 -85 93 -41 94 Generación 30
arranca 
Jugando Partidos contra vecino 0
Resultado 11
49315.8
Yo soy: 
-2 -57 -8 70 24 89 24 77 25 37 -10 78 91 17 -85 93 -41 94 El mejor fue: 0
-2 -57 -8 70 24 89 24 57 25 37 -10 78 91 17 -85 93 -41 94 Generación 29
arranca 
Jugando Partidos contra vecino 0
Resultado 15
66865.4
Yo soy: 
-2 -57 -8 70 24 89 24 57 25 37 -10 78 91 17 -85 93 -41 94 El mejor fue: 0
-2 -57 -8 70 24 89 24 37 25 37 -10 78 91 17 -85 93 -41 94 Generación 28
arranca 
Jugando Partidos contra vecino 0
Resultado 13
58853
Yo soy: 
-2 -57 -8 70 24 89 24 37 25 37 -10 78 91 17 -85 93 -41 94 El mejor fue: 0
-2 -57 -8 70 24 89 24 37 25 37 10 78 91 17 -85 93 -41 94 Generación 27
arranca 
Jugando Partidos contra vecino 0
Resultado 13
61696.1
Yo soy: 
-2 -57 -8 70 24 89 24 37 25 37 10 78 91 17 -85 93 -41 94 El mejor fue: 0
-2 -57 -8 70 24 89 24 37 45 37 10 78 91 17 -85 93 -41 94 Generación 26
arranca 
Jugando Partidos contra vecino 0
Resultado 13
58142.8
Yo soy: 
-2 -57 -8 70 24 89 24 37 45 37 10 78 91 17 -85 93 -41 94 El mejor fue: 0
18 -57 -8 70 24 89 24 37 45 37 10 78 91 17 -85 93 -41 94 Generación 25
arranca 
Jugando Partidos contra vecino 0
Resultado 9
42561.3
Jugando Partidos contra vecino 1
Resultado 13
57125.4
Yo soy: 
18 -57 -8 70 24 89 24 37 45 37 10 78 91 17 -85 93 -41 94 El mejor fue: 1
18 -57 -8 90 24 89 24 37 45 37 10 78 91 17 -85 93 -41 94 Generación 24
arranca 
Jugando Partidos contra vecino 0
Resultado 5
16588.4
Jugando Partidos contra vecino 1
Resultado 11
46724.1
Yo soy: 
18 -57 -8 90 24 89 24 37 45 37 10 78 91 17 -85 93 -41 94 El mejor fue: 1
18 -77 -8 90 24 89 24 37 45 37 10 78 91 17 -85 93 -41 94 Generación 23
arranca 
Jugando Partidos contra vecino 0
Resultado 13
60221.8
Yo soy: 
18 -77 -8 90 24 89 24 37 45 37 10 78 91 17 -85 93 -41 94 El mejor fue: 0
18 -77 -8 50 24 89 24 37 45 37 10 78 91 17 -85 93 -41 94 Generación 22
arranca 
Jugando Partidos contra vecino 0
Resultado 7
35042.5
Jugando Partidos contra vecino 1
Resultado 5
22576.7
Jugando Partidos contra vecino 2
Resultado 15
68873.6
Yo soy: 
18 -77 -8 50 24 89 24 37 45 37 10 78 91 17 -85 93 -41 94 El mejor fue: 2
18 -77 -8 50 24 89 24 37 45 37 10 78 91 17 -85 93 -41 74 Generación 21
arranca 
Jugando Partidos contra vecino 0
Resultado 15
66529
Yo soy: 
18 -77 -8 50 24 89 24 37 45 37 10 78 91 17 -85 93 -41 74 El mejor fue: 0
18 -77 -8 50 24 89 24 37 45 37 10 78 91 17 -65 93 -41 74 Generación 20
arranca 
Jugando Partidos contra vecino 0
Resultado 15
66893.8
Yo soy: 
18 -77 -8 50 24 89 24 37 45 37 10 78 91 17 -65 93 -41 74 El mejor fue: 0
18 -77 -8 50 24 89 24 37 45 37 10 78 91 17 -65 93 -61 74 Generación 19
arranca 
Jugando Partidos contra vecino 0
Resultado 9
39722.7
Jugando Partidos contra vecino 1
Resultado 13
58164.7
Yo soy: 
18 -77 -8 50 24 89 24 37 45 37 10 78 91 17 -65 93 -61 74 El mejor fue: 1
18 -77 -8 50 24 89 24 37 45 37 10 78 51 17 -65 93 -61 74 Generación 18
arranca 
Jugando Partidos contra vecino 0
Resultado 9
25627.5
Jugando Partidos contra vecino 1
Resultado 11
45695.7
Yo soy: 
18 -77 -8 50 24 89 24 37 45 37 10 78 51 17 -65 93 -61 74 El mejor fue: 1
18 -57 -8 50 24 89 24 37 45 37 10 78 51 17 -65 93 -61 74 Generación 17
arranca 
Jugando Partidos contra vecino 0
Resultado 11
48561.8
Yo soy: 
18 -57 -8 50 24 89 24 37 45 37 10 78 51 17 -65 93 -61 74 El mejor fue: 0
18 -57 -8 50 24 89 24 37 45 37 10 98 51 17 -65 93 -61 74 Generación 16
arranca 
Jugando Partidos contra vecino 0
Resultado 13
55359.8
Yo soy: 
18 -57 -8 50 24 89 24 37 45 37 10 98 51 17 -65 93 -61 74 El mejor fue: 0
18 -57 -8 50 24 89 24 37 45 37 30 98 51 17 -65 93 -61 74 Generación 15
arranca 
Jugando Partidos contra vecino 0
Resultado 13
59322.7
Yo soy: 
18 -57 -8 50 24 89 24 37 45 37 30 98 51 17 -65 93 -61 74 El mejor fue: 0
18 -57 -8 50 24 89 24 37 45 37 30 98 71 17 -65 93 -61 74 Generación 14
arranca 
Jugando Partidos contra vecino 0
Resultado 15
66780.4
Yo soy: 
18 -57 -8 50 24 89 24 37 45 37 30 98 71 17 -65 93 -61 74 El mejor fue: 0
18 -57 -28 50 24 89 24 37 45 37 30 98 71 17 -65 93 -61 74 Generación 13
arranca 
Jugando Partidos contra vecino 0
Resultado 15
65806.5
Yo soy: 
18 -57 -28 50 24 89 24 37 45 37 30 98 71 17 -65 93 -61 74 El mejor fue: 0
18 -57 -28 50 24 89 24 37 45 37 30 98 71 17 -85 93 -61 74 Generación 12
arranca 
Jugando Partidos contra vecino 0
Resultado 15
66028
Yo soy: 
18 -57 -28 50 24 89 24 37 45 37 30 98 71 17 -85 93 -61 74 El mejor fue: 0
18 -57 -28 50 24 89 24 37 65 37 30 98 71 17 -85 93 -61 74 Generación 11
arranca 
Jugando Partidos contra vecino 0
Resultado 15
65734.5
Yo soy: 
18 -57 -28 50 24 89 24 37 65 37 30 98 71 17 -85 93 -61 74 El mejor fue: 0
18 -57 -28 50 24 69 24 37 65 37 30 98 71 17 -85 93 -61 74 Generación 10
arranca 
Jugando Partidos contra vecino 0
Resultado 11
44905
Yo soy: 
18 -57 -28 50 24 69 24 37 65 37 30 98 71 17 -85 93 -61 74 El mejor fue: 0
18 -57 -8 50 24 69 24 37 65 37 30 98 71 17 -85 93 -61 74 Generación 9
arranca 
Jugando Partidos contra vecino 0
Resultado 13
50960.2
Yo soy: 
18 -57 -8 50 24 69 24 37 65 37 30 98 71 17 -85 93 -61 74 El mejor fue: 0
18 -57 -8 50 24 69 24 37 65 37 30 98 71 -3 -85 93 -61 74 Generación 8
arranca 
Jugando Partidos contra vecino 0
Resultado 15
54657.7
Yo soy: 
18 -57 -8 50 24 69 24 37 65 37 30 98 71 -3 -85 93 -61 74 El mejor fue: 0
18 -57 -8 50 24 69 24 37 65 37 50 98 71 -3 -85 93 -61 74 Generación 7
arranca 
Jugando Partidos contra vecino 0
Resultado 15
43680
Yo soy: 
18 -57 -8 50 24 69 24 37 65 37 50 98 71 -3 -85 93 -61 74 El mejor fue: 0
-2 -57 -8 50 24 69 24 37 65 37 50 98 71 -3 -85 93 -61 74 Generación 6
arranca 
Jugando Partidos contra vecino 0
Resultado 15
49935.5
Yo soy: 
-2 -57 -8 50 24 69 24 37 65 37 50 98 71 -3 -85 93 -61 74 El mejor fue: 0
-2 -57 12 50 24 69 24 37 65 37 50 98 71 -3 -85 93 -61 74 Generación 5
arranca 
Jugando Partidos contra vecino 0
Resultado 15
55789.6
Yo soy: 
-2 -57 12 50 24 69 24 37 65 37 50 98 71 -3 -85 93 -61 74 El mejor fue: 0
-2 -57 12 50 24 69 24 37 65 37 50 98 71 -23 -85 93 -61 74 Generación 4
arranca 
Jugando Partidos contra vecino 0
Resultado 15
67295.8
Yo soy: 
-2 -57 12 50 24 69 24 37 65 37 50 98 71 -23 -85 93 -61 74 El mejor fue: 0
-2 -57 12 50 24 69 24 37 65 37 50 98 71 -23 -65 93 -61 74 Generación 3
arranca 
Jugando Partidos contra vecino 0
Resultado 4
44470.8
Jugando Partidos contra vecino 1
Resultado 15
58223.2
Yo soy: 
-2 -57 12 50 24 69 24 37 65 37 50 98 71 -23 -65 93 -61 74 El mejor fue: 1
18 -57 12 50 24 69 24 37 65 37 50 98 71 -23 -65 93 -61 74 Generación 2
arranca 
Jugando Partidos contra vecino 0
Resultado 13
47968.9
Yo soy: 
18 -57 12 50 24 69 24 37 65 37 50 98 71 -23 -65 93 -61 74 El mejor fue: 0
18 -57 12 50 24 69 24 37 65 37 50 78 71 -23 -65 93 -61 74 Generación 1
arranca 
Jugando Partidos contra vecino 0
Resultado 13
61141.9
Yo soy: 
18 -57 12 50 24 69 24 37 65 37 50 78 71 -23 -65 93 -61 74 El mejor fue: 0
18 -57 12 50 4 69 24 37 65 37 50 78 71 -23 -65 93 -61 74 Generación 0
1.50629e+07
