arranca 
Jugando Partidos contra vecino 0
Resultado 5
42892.8
Jugando Partidos contra vecino 1
Resultado 5
47748.1
Jugando Partidos contra vecino 2
Resultado 5
48436.7
Jugando Partidos contra vecino 3
Resultado 5
54177.4
Jugando Partidos contra vecino 4
Resultado 5
58555.7
Jugando Partidos contra vecino 5
Resultado 5
50197.7
Jugando Partidos contra vecino 6
Resultado 5
56056.6
Jugando Partidos contra vecino 7
Resultado 5
51675.5
Jugando Partidos contra vecino 8
Resultado 5
48594.7
Jugando Partidos contra vecino 9
Resultado 5
55418.5
Jugando Partidos contra vecino 10
Resultado 5
52511.9
Jugando Partidos contra vecino 11
Resultado 5
59113.2
Jugando Partidos contra vecino 12
Resultado 5
40897.8
Jugando Partidos contra vecino 13
Resultado 5
59738.1
Jugando Partidos contra vecino 14
Resultado 5
56539.1
Jugando Partidos contra vecino 15
Resultado 5
54723.8
Jugando Partidos contra vecino 16
Resultado 5
46750.2
Jugando Partidos contra vecino 17
Resultado 5
42794.1
Jugando Partidos contra vecino 18
Resultado 5
60105.7
Jugando Partidos contra vecino 19
Resultado 5
53174.5
Jugando Partidos contra vecino 20
Resultado 5
40160.8
Jugando Partidos contra vecino 21
Resultado 7
51953.4
Jugando Partidos contra vecino 22
Resultado 5
45560.2
Jugando Partidos contra vecino 23
Resultado 5
22121.1
Jugando Partidos contra vecino 24
Resultado 5
55512.8
Jugando Partidos contra vecino 25
Resultado 5
49679.9
Jugando Partidos contra vecino 26
Resultado 5
48680.1
Jugando Partidos contra vecino 27
Resultado 5
53828.5
Jugando Partidos contra vecino 28
Resultado 5
50060.1
Jugando Partidos contra vecino 29
Resultado 5
59609.8
1.51727e+06
arranca 
Jugando Partidos contra vecino 0
Resultado 4
50159.9
Jugando Partidos contra vecino 1
Resultado 3
51806.3
Jugando Partidos contra vecino 2
Resultado 4
27904
Jugando Partidos contra vecino 3
Resultado 4
50024
Jugando Partidos contra vecino 4
Resultado 4
40639.1
Jugando Partidos contra vecino 5
Resultado 4
35671.2
Jugando Partidos contra vecino 6
Resultado 5
47508.1
Jugando Partidos contra vecino 7
Resultado 5
58670.2
Jugando Partidos contra vecino 8
Resultado 4
48788.7
Jugando Partidos contra vecino 9
Resultado 4
39637.9
Jugando Partidos contra vecino 10
Resultado 4
46963.3
Jugando Partidos contra vecino 11
Resultado 4
52005
Jugando Partidos contra vecino 12
Resultado 7
50457.4
Jugando Partidos contra vecino 13
Resultado 5
58459.1
Jugando Partidos contra vecino 14
Resultado 3
48853.9
Jugando Partidos contra vecino 15
Resultado 5
54935.8
Jugando Partidos contra vecino 16
Resultado 5
50951.2
Jugando Partidos contra vecino 17
Resultado 5
45168.9
Jugando Partidos contra vecino 18
Resultado 4
55261.7
Jugando Partidos contra vecino 19
Resultado 5
65209
Jugando Partidos contra vecino 20
Resultado 6
32185.4
Jugando Partidos contra vecino 21
Resultado 5
32674.6
Jugando Partidos contra vecino 22
Resultado 7
49314.5
Jugando Partidos contra vecino 23
Resultado 6
49055.1
Jugando Partidos contra vecino 24
Resultado 3
39944.6
Jugando Partidos contra vecino 25
Resultado 5
51108.6
Jugando Partidos contra vecino 26
Resultado 5
49302.9
Jugando Partidos contra vecino 27
Resultado 5
53577.3
Jugando Partidos contra vecino 28
Resultado 4
44066.8
Jugando Partidos contra vecino 29
Resultado 3
31265
1.41157e+06
arranca 
Jugando Partidos contra vecino 0
Resultado 5
12319.7
Jugando Partidos contra vecino 1
Resultado 5
12769.2
Jugando Partidos contra vecino 2
Resultado 5
14944.6
Jugando Partidos contra vecino 3
Resultado 5
15041.1
Jugando Partidos contra vecino 4
Resultado 5
26269
Jugando Partidos contra vecino 5
Resultado 5
14840.1
Jugando Partidos contra vecino 6
Resultado 5
14335.9
Jugando Partidos contra vecino 7
Resultado 5
15015.3
Jugando Partidos contra vecino 8
Resultado 5
13985.8
Jugando Partidos contra vecino 9
Resultado 5
14981.9
Jugando Partidos contra vecino 10
Resultado 5
14954.1
Jugando Partidos contra vecino 11
Resultado 5
13933.4
Jugando Partidos contra vecino 12
Resultado 5
12407.4
Jugando Partidos contra vecino 13
Resultado 5
14463.1
Jugando Partidos contra vecino 14
Resultado 5
12353.9
Jugando Partidos contra vecino 15
Resultado 5
15115.6
Jugando Partidos contra vecino 16
Resultado 5
12595.1
Jugando Partidos contra vecino 17
Resultado 5
15162.7
Jugando Partidos contra vecino 18
Resultado 5
16593.5
Jugando Partidos contra vecino 19
Resultado 5
12812.4
Jugando Partidos contra vecino 20
Resultado 5
14262.7
Jugando Partidos contra vecino 21
Resultado 5
15678.2
Jugando Partidos contra vecino 22
Resultado 5
12440.5
Jugando Partidos contra vecino 23
Resultado 5
15024.8
Jugando Partidos contra vecino 24
Resultado 5
14779.4
Jugando Partidos contra vecino 25
Resultado 5
16110.4
Jugando Partidos contra vecino 26
Resultado 5
14044.9
Jugando Partidos contra vecino 27
Resultado 5
31728
Jugando Partidos contra vecino 28
Resultado 5
12353.5
Jugando Partidos contra vecino 29
Resultado 5
14705.9
456023
arranca 
Jugando Partidos contra vecino 0
Resultado 7
32834.2
Jugando Partidos contra vecino 1
Resultado 6
27077.6
Jugando Partidos contra vecino 2
Resultado 6
19945.3
Jugando Partidos contra vecino 3
Resultado 7
30153.9
Jugando Partidos contra vecino 4
Resultado 5
29936.5
Jugando Partidos contra vecino 5
Resultado 5
30862.2
Jugando Partidos contra vecino 6
Resultado 6
28362.8
Jugando Partidos contra vecino 7
Resultado 5
19492.6
Jugando Partidos contra vecino 8
Resultado 4
19371.1
Jugando Partidos contra vecino 9
Resultado 13
43901.1
Yo soy: 
17 4 78 65 74 40 46 26 40 59 90 44 13 65 9 El mejor fue: 9
17 4 78 65 74 40 46 26 40 59 70 44 13 65 9 Generación 19
arranca 
Jugando Partidos contra vecino 0
Resultado 11
33482.5
Yo soy: 
17 4 78 65 74 40 46 26 40 59 70 44 13 65 9 El mejor fue: 0
17 4 78 65 74 40 46 26 40 59 70 44 13 65 -11 Generación 18
arranca 
Jugando Partidos contra vecino 0
Resultado 6
34259.5
Jugando Partidos contra vecino 1
Resultado 9
32245.4
Jugando Partidos contra vecino 2
Resultado 8
32782.3
Jugando Partidos contra vecino 3
Resultado 6
24060.1
Jugando Partidos contra vecino 4
Resultado 11
33892.8
Yo soy: 
17 4 78 65 74 40 46 26 40 59 70 44 13 65 -11 El mejor fue: 4
17 4 78 65 74 40 46 6 40 59 70 44 13 65 -11 Generación 17
arranca 
Jugando Partidos contra vecino 0
Resultado 7
28384.1
Jugando Partidos contra vecino 1
Resultado 5
28535.3
Jugando Partidos contra vecino 2
Resultado 7
32903.6
Jugando Partidos contra vecino 3
Resultado 7
25206.5
Jugando Partidos contra vecino 4
Resultado 8
28815.3
Jugando Partidos contra vecino 5
Resultado 8
44433.7
Jugando Partidos contra vecino 6
Resultado 4
22420.5
Jugando Partidos contra vecino 7
Resultado 11
42882.4
Yo soy: 
17 4 78 65 74 40 46 6 40 59 70 44 13 65 -11 El mejor fue: 7
17 4 98 65 74 40 46 6 40 59 70 44 13 65 -11 Generación 16
arranca 
Jugando Partidos contra vecino 0
Resultado 9
39924.9
Jugando Partidos contra vecino 1
Resultado 5
26658.3
Jugando Partidos contra vecino 2
Resultado 10
40835.8
Yo soy: 
17 4 98 65 74 40 46 6 40 59 70 44 13 65 -11 El mejor fue: 2
17 4 98 45 74 40 46 6 40 59 70 44 13 65 -11 Generación 15
arranca 
Jugando Partidos contra vecino 0
Resultado 5
22816.7
Jugando Partidos contra vecino 1
Resultado 9
36235.2
Jugando Partidos contra vecino 2
Resultado 9
36503.7
Jugando Partidos contra vecino 3
Resultado 5
28258.9
Jugando Partidos contra vecino 4
Resultado 4
24850.7
Jugando Partidos contra vecino 5
Resultado 9
33408.2
Jugando Partidos contra vecino 6
Resultado 8
32371.2
Jugando Partidos contra vecino 7
Resultado 8
31863.7
Jugando Partidos contra vecino 8
Resultado 7
37131.2
Jugando Partidos contra vecino 9
Resultado 9
25254.5
Jugando Partidos contra vecino 10
Resultado 8
35986.7
Jugando Partidos contra vecino 11
Resultado 9
31818.7
Jugando Partidos contra vecino 12
Resultado 4
25627.3
Jugando Partidos contra vecino 13
Resultado 9
30764.6
Jugando Partidos contra vecino 14
Resultado 3
17889.4
Jugando Partidos contra vecino 15
Resultado 8
42945.1
Jugando Partidos contra vecino 16
Resultado 8
41493.3
Jugando Partidos contra vecino 17
Resultado 6
31530.5
Jugando Partidos contra vecino 18
Resultado 7
32257.5
Jugando Partidos contra vecino 19
Resultado 10
35483.9
Yo soy: 
17 4 98 45 74 40 46 6 40 59 70 44 13 65 -11 El mejor fue: 19
17 4 58 45 74 40 46 6 40 59 70 44 13 65 -11 Generación 14
arranca 
Jugando Partidos contra vecino 0
Resultado 4
21598
Jugando Partidos contra vecino 1
Resultado 7
24696.8
Jugando Partidos contra vecino 2
Resultado 4
25153.5
Jugando Partidos contra vecino 3
Resultado 8
33072.7
Jugando Partidos contra vecino 4
Resultado 11
30426.2
Yo soy: 
17 4 58 45 74 40 46 6 40 59 70 44 13 65 -11 El mejor fue: 4
17 4 58 45 74 40 46 -14 40 59 70 44 13 65 -11 Generación 13
arranca 
Jugando Partidos contra vecino 0
Resultado 11
37476.2
Yo soy: 
17 4 58 45 74 40 46 -14 40 59 70 44 13 65 -11 El mejor fue: 0
17 4 58 45 74 40 46 -14 40 59 50 44 13 65 -11 Generación 12
arranca 
Jugando Partidos contra vecino 0
Resultado 3
20292.4
Jugando Partidos contra vecino 1
Resultado 4
25358
Jugando Partidos contra vecino 2
Resultado 8
35061.3
Jugando Partidos contra vecino 3
Resultado 8
44979.8
Jugando Partidos contra vecino 4
Resultado 4
24175.3
Jugando Partidos contra vecino 5
