arranca 
Jugando Partidos contra vecino 0
Resultado 5
23045.9
Jugando Partidos contra vecino 1
Resultado 7
27923.7
Jugando Partidos contra vecino 2
Resultado 5
15579.6
Jugando Partidos contra vecino 3
Resultado 7
22699.4
Jugando Partidos contra vecino 4
Resultado 5
13591.8
Jugando Partidos contra vecino 5
Resultado 5
18729.2
Jugando Partidos contra vecino 6
Resultado 5
12261.8
Jugando Partidos contra vecino 7
Resultado 5
13791.9
Jugando Partidos contra vecino 8
Resultado 9
30178.7
Jugando Partidos contra vecino 9
Resultado 5
14244.8
Jugando Partidos contra vecino 10
Resultado 5
20103.7
Jugando Partidos contra vecino 11
Resultado 7
23805.3
Jugando Partidos contra vecino 12
Resultado 5
15889.2
Jugando Partidos contra vecino 13
Resultado 7
23165
Jugando Partidos contra vecino 14
Resultado 9
27974.2
Jugando Partidos contra vecino 15
Resultado 7
14972.3
Jugando Partidos contra vecino 16
Resultado 5
14191.6
Jugando Partidos contra vecino 17
Resultado 5
13267.3
Jugando Partidos contra vecino 18
Resultado 5
13169.6
Jugando Partidos contra vecino 19
Resultado 5
15805.4
Jugando Partidos contra vecino 20
Resultado 7
21034.4
Jugando Partidos contra vecino 21
Resultado 5
13768.5
Jugando Partidos contra vecino 22
Resultado 7
19107.7
Jugando Partidos contra vecino 23
Resultado 5
12748.4
Jugando Partidos contra vecino 24
Resultado 7
21213
Jugando Partidos contra vecino 25
Resultado 7
21115.8
Jugando Partidos contra vecino 26
Resultado 7
22258.2
Jugando Partidos contra vecino 27
Resultado 5
12787.1
Jugando Partidos contra vecino 28
Resultado 9
38199.9
Jugando Partidos contra vecino 29
Resultado 5
13341.7
Jugando Partidos contra vecino 30
Resultado 5
13622.1
Jugando Partidos contra vecino 31
Resultado 5
12798.8
Jugando Partidos contra vecino 32
Resultado 5
12745.4
Jugando Partidos contra vecino 33
Resultado 7
21182.9
Jugando Partidos contra vecino 34
Resultado 5
11201.7
Jugando Partidos contra vecino 35
Resultado 5
16546.5
658063
arranca 
Jugando Partidos contra vecino 0
Resultado 5
20791.8
Jugando Partidos contra vecino 1
Resultado 5
24094.2
Jugando Partidos contra vecino 2
Resultado 5
31402.3
Jugando Partidos contra vecino 3
Resultado 7
28491.3
Jugando Partidos contra vecino 4
Resultado 5
21961.9
Jugando Partidos contra vecino 5
Resultado 5
25650.1
Jugando Partidos contra vecino 6
Resultado 5
29842.4
Jugando Partidos contra vecino 7
Resultado 5
37119.9
Jugando Partidos contra vecino 8
Resultado 8
24472.3
Jugando Partidos contra vecino 9
Resultado 7
25770.5
Jugando Partidos contra vecino 10
Resultado 5
29285.6
Jugando Partidos contra vecino 11
Resultado 5
21125.5
Jugando Partidos contra vecino 12
Resultado 5
28502.9
Jugando Partidos contra vecino 13
Resultado 7
29357.2
Jugando Partidos contra vecino 14
Resultado 9
24556.1
Jugando Partidos contra vecino 15
Resultado 7
26995.4
Jugando Partidos contra vecino 16
Resultado 5
16587.4
Jugando Partidos contra vecino 17
Resultado 5
26123.6
Jugando Partidos contra vecino 18
Resultado 5
22514.2
Jugando Partidos contra vecino 19
Resultado 5
24734.5
Jugando Partidos contra vecino 20
Resultado 5
22216
Jugando Partidos contra vecino 21
Resultado 7
25314
Jugando Partidos contra vecino 22
Resultado 5
27027.7
Jugando Partidos contra vecino 23
Resultado 7
36588.2
Jugando Partidos contra vecino 24
Resultado 5
27334
Jugando Partidos contra vecino 25
Resultado 7
26247.3
Jugando Partidos contra vecino 26
Resultado 5
24395.9
Jugando Partidos contra vecino 27
Resultado 9
25948.3
Jugando Partidos contra vecino 28
Resultado 5
28206
Jugando Partidos contra vecino 29
Resultado 5
24836.9
Jugando Partidos contra vecino 30
Resultado 5
25377.9
Jugando Partidos contra vecino 31
Resultado 7
20074.4
Jugando Partidos contra vecino 32
Resultado 7
25407.7
Jugando Partidos contra vecino 33
Resultado 5
23958.5
Jugando Partidos contra vecino 34
Resultado 5
29728.3
Jugando Partidos contra vecino 35
Resultado 5
29233.6
941275
arranca 
Jugando Partidos contra vecino 0
Resultado 5
57183.4
Jugando Partidos contra vecino 1
Resultado 4
52421.7
Jugando Partidos contra vecino 2
Resultado 5
67492.8
Jugando Partidos contra vecino 3
Resultado 5
61165.6
Jugando Partidos contra vecino 4
Resultado 5
49200.7
Jugando Partidos contra vecino 5
Resultado 5
59804.1
Jugando Partidos contra vecino 6
Resultado 5
64719.7
Jugando Partidos contra vecino 7
Resultado 5
61320.7
Jugando Partidos contra vecino 8
Resultado 10
32707.6
Yo soy: 
43 81 20 84 29 59 61 47 73 44 15 82 28 53 16 57 24 81 El mejor fue: 8
43 81 20 84 29 59 61 47 73 44 15 82 28 73 16 57 24 81 Generación 199
arranca 
Jugando Partidos contra vecino 0
Resultado 9
31000
Jugando Partidos contra vecino 1
Resultado 6
30818.6
Jugando Partidos contra vecino 2
Resultado 7
33353
Jugando Partidos contra vecino 3
Resultado 7
34969.4
Jugando Partidos contra vecino 4
Resultado 7
33045.2
Jugando Partidos contra vecino 5
Resultado 7
37549.7
Jugando Partidos contra vecino 6
Resultado 5
28808.7
Jugando Partidos contra vecino 7
Resultado 9
25434.9
Jugando Partidos contra vecino 8
Resultado 5
37996.3
Jugando Partidos contra vecino 9
Resultado 9
25971.4
Jugando Partidos contra vecino 10
Resultado 9
40982.6
Jugando Partidos contra vecino 11
Resultado 7
33601.4
Jugando Partidos contra vecino 12
Resultado 9
35974
Jugando Partidos contra vecino 13
Resultado 5
22226.2
Jugando Partidos contra vecino 14
Resultado 5
30011.1
Jugando Partidos contra vecino 15
Resultado 9
34840.6
Jugando Partidos contra vecino 16
Resultado 7
28992.3
Jugando Partidos contra vecino 17
Resultado 12
45364.6
Yo soy: 
43 81 20 84 29 59 61 47 73 44 15 82 28 73 16 57 24 81 El mejor fue: 17
43 81 20 84 29 59 61 47 73 44 15 82 28 73 16 77 24 81 Generación 198
arranca 
Jugando Partidos contra vecino 0
Resultado 9
38973.2
Jugando Partidos contra vecino 1
Resultado 11
32609.5
Yo soy: 
43 81 20 84 29 59 61 47 73 44 15 82 28 73 16 77 24 81 El mejor fue: 1
43 81 20 84 29 59 41 47 73 44 15 82 28 73 16 77 24 81 Generación 197
arranca 
Jugando Partidos contra vecino 0
Resultado 5
32152.2
Jugando Partidos contra vecino 1
Resultado 7
26761.9
Jugando Partidos contra vecino 2
Resultado 5
30918.6
Jugando Partidos contra vecino 3
Resultado 13
40781.1
Yo soy: 
43 81 20 84 29 59 41 47 73 44 15 82 28 73 16 77 24 81 El mejor fue: 3
43 81 20 84 29 59 41 47 73 44 15 82 28 73 16 97 24 81 Generación 196
arranca 
Jugando Partidos contra vecino 0
Resultado 4
56701.9
Jugando Partidos contra vecino 1
Resultado 9
30723.7
Jugando Partidos contra vecino 2
Resultado 5
38666.6
Jugando Partidos contra vecino 3
Resultado 5
29135.5
Jugando Partidos contra vecino 4
Resultado 9
35077.5
Jugando Partidos contra vecino 5
Resultado 5
46610.3
Jugando Partidos contra vecino 6
Resultado 7
36176.7
Jugando Partidos contra vecino 7
Resultado 11
34995.2
Yo soy: 
43 81 20 84 29 59 41 47 73 44 15 82 28 73 16 97 24 81 El mejor fue: 7
43 81 20 84 29 59 41 47 73 44 15 82 8 73 16 97 24 81 Generación 195
arranca 
Jugando Partidos contra vecino 0
Resultado 9
35855.7
Jugando Partidos contra vecino 1
Resultado 9
33983.7
Jugando Partidos contra vecino 2
Resultado 7
29475.6
Jugando Partidos contra vecino 3
Resultado 7
36578
Jugando Partidos contra vecino 4
Resultado 11
35857.2
Yo soy: 
43 81 20 84 29 59 41 47 73 44 15 82 8 73 16 97 24 81 El mejor fue: 4
43 81 20 84 9 59 41 47 73 44 15 82 8 73 16 97 24 81 Generación 194
arranca 
Jugando Partidos contra vecino 0
Resultado 11
35307.5
Yo soy: 
43 81 20 84 9 59 41 47 73 44 15 82 8 73 16 97 24 81 El mejor fue: 0
43 81 20 84 9 59 41 47 73 44 15 82 8 93 16 97 24 81 Generación 193
arranca 
Jugando Partidos contra vecino 0
Resultado 11
40184
Yo soy: 
43 81 20 84 9 59 41 47 73 44 15 82 8 93 16 97 24 81 El mejor fue: 0
43 81 20 84 9 39 41 47 73 44 15 82 8 93 16 97 24 81 Generación 192
arranca 
Jugando Partidos contra vecino 0
Resultado 5
34046.9
Jugando Partidos contra vecino 1
Resultado 7
26995.9
Jugando Partidos contra vecino 2
Resultado 9
29007.5
Jugando Partidos contra vecino 3
Resultado 9
37126.6
Jugando Partidos contra vecino 4
Resultado 11
31967.7
Yo soy: 
43 81 20 84 9 39 41 47 73 44 15 82 8 93 16 97 24 81 El mejor fue: 4
43 81 20 84 9 39 21 47 73 44 15 82 8 93 16 97 24 81 Generación 191
arranca 
Jugando Partidos contra vecino 0
Resultado 5
25600.7
Jugando Partidos contra vecino 1
Resultado 9
27411.4
Jugando Partidos contra vecino 2
Resultado 11
26959.8
Yo soy: 
43 81 20 84 9 39 21 47 73 44 15 82 8 93 16 97 24 81 El mejor fue: 2
43 81 20 64 9 39 21 47 73 44 15 82 8 93 16 97 24 81 Generación 190
arranca 
Jugando Partidos contra vecino 0
Resultado 9
29789.1
Jugando Partidos contra vecino 1
Resultado 9
29387.9
Jugando Partidos contra vecino 2
Resultado 9
38247.7
Jugando Partidos contra vecino 3
Resultado 11
33225.3
Yo soy: 
43 81 20 64 9 39 21 47 73 44 15 82 8 93 16 97 24 81 El mejor fue: 3
43 81 20 64 9 39 21 47 73 24 15 82 8 93 16 97 24 81 Generación 189
arranca 
Jugando Partidos contra vecino 0
Resultado 9
31934.8
Jugando Partidos contra vecino 1
Resultado 9
29480.7
Jugando Partidos contra vecino 2
Resultado 7
23773.1
Jugando Partidos contra vecino 3
Resultado 11
30873.6
Yo soy: 
43 81 20 64 9 39 21 47 73 24 15 82 8 93 16 97 24 81 El mejor fue: 3
43 81 20 64 9 39 21 47 53 24 15 82 8 93 16 97 24 81 Generación 188
arranca 
Jugando Partidos contra vecino 0
Resultado 9
35139.8
Jugando Partidos contra vecino 1
Resultado 5
27224.1
Jugando Partidos contra vecino 2
Resultado 7
30982.6
Jugando Partidos contra vecino 3
Resultado 11
28716.2
Yo soy: 
43 81 20 64 9 39 21 47 53 24 15 82 8 93 16 97 24 81 El mejor fue: 3
43 81 20 64 9 39 21 47 53 24 15 82 -12 93 16 97 24 81 Generación 187
arranca 
Jugando Partidos contra vecino 0
Resultado 5
41337.7
Jugando Partidos contra vecino 1
Resultado 9
32128.9
Jugando Partidos contra vecino 2
Resultado 5
26433.5
Jugando Partidos contra vecino 3
Resultado 9
30178.7
Jugando Partidos contra vecino 4
Resultado 7
34339.3
Jugando Partidos contra vecino 5
Resultado 9
29658.4
Jugando Partidos contra vecino 6
Resultado 7
32975.8
Jugando Partidos contra vecino 7
Resultado 9
32838.4
Jugando Partidos contra vecino 8
Resultado 7
31787.7
Jugando Partidos contra vecino 9
Resultado 12
27766.3
Yo soy: 
43 81 20 64 9 39 21 47 53 24 15 82 -12 93 16 97 24 81 El mejor fue: 9
43 81 20 64 9 19 21 47 53 24 15 82 -12 93 16 97 24 81 Generación 186
arranca 
Jugando Partidos contra vecino 0
Resultado 5
28889.3
Jugando Partidos contra vecino 1
Resultado 7
36470.7
Jugando Partidos contra vecino 2
Resultado 8
32933
Jugando Partidos contra vecino 3
Resultado 5
27574.3
Jugando Partidos contra vecino 4
Resultado 7
30974
Jugando Partidos contra vecino 5
Resultado 9
33892.1
Jugando Partidos contra vecino 6
Resultado 13
34108.7
Yo soy: 
43 81 20 64 9 19 21 47 53 24 15 82 -12 93 16 97 24 81 El mejor fue: 6
43 81 20 84 9 19 21 47 53 24 15 82 -12 93 16 97 24 81 Generación 185
arranca 
Jugando Partidos contra vecino 0
Resultado 5
28741.8
Jugando Partidos contra vecino 1
Resultado 7
33750.3
Jugando Partidos contra vecino 2
Resultado 11
29568.6
Yo soy: 
43 81 20 84 9 19 21 47 53 24 15 82 -12 93 16 97 24 81 El mejor fue: 2
43 81 20 84 9 19 21 47 53 24 15 82 -12 93 -4 97 24 81 Generación 184
arranca 
Jugando Partidos contra vecino 0
Resultado 5
28183.8
Jugando Partidos contra vecino 1
Resultado 11
34688
Yo soy: 
43 81 20 84 9 19 21 47 53 24 15 82 -12 93 -4 97 24 81 El mejor fue: 1
43 81 20 84 -11 19 21 47 53 24 15 82 -12 93 -4 97 24 81 Generación 183
arranca 
Jugando Partidos contra vecino 0
Resultado 13
35764.8
Yo soy: 
43 81 20 84 -11 19 21 47 53 24 15 82 -12 93 -4 97 24 81 El mejor fue: 0
43 81 20 84 -11 19 21 47 53 24 15 82 -12 93 -4 97 44 81 Generación 182
arranca 
Jugando Partidos contra vecino 0
Resultado 5
21512
Jugando Partidos contra vecino 1
Resultado 5
31558.7
Jugando Partidos contra vecino 2
Resultado 9
30988
Jugando Partidos contra vecino 3
Resultado 7
31525.9
Jugando Partidos contra vecino 4
Resultado 5
26561.6
Jugando Partidos contra vecino 5
Resultado 7
33435.8
Jugando Partidos contra vecino 6
Resultado 11
39940
Yo soy: 
43 81 20 84 -11 19 21 47 53 24 15 82 -12 93 -4 97 44 81 El mejor fue: 6
43 81 20 84 -11 19 21 47 53 24 15 82 -12 73 -4 97 44 81 Generación 181
arranca 
Jugando Partidos contra vecino 0
Resultado 8
35766.8
Jugando Partidos contra vecino 1
Resultado 7
31650.7
Jugando Partidos contra vecino 2
Resultado 11
34575.7
Yo soy: 
43 81 20 84 -11 19 21 47 53 24 15 82 -12 73 -4 97 44 81 El mejor fue: 2
43 41 20 84 -11 19 21 47 53 24 15 82 -12 73 -4 97 44 81 Generación 180
arranca 
Jugando Partidos contra vecino 0
Resultado 11
33110
Yo soy: 
43 41 20 84 -11 19 21 47 53 24 15 82 -12 73 -4 97 44 81 El mejor fue: 0
43 41 20 84 -11 19 21 47 53 24 15 82 8 73 -4 97 44 81 Generación 179
arranca 
Jugando Partidos contra vecino 0
Resultado 11
42673.6
Yo soy: 
43 41 20 84 -11 19 21 47 53 24 15 82 8 73 -4 97 44 81 El mejor fue: 0
43 41 20 84 -11 19 41 47 53 24 15 82 8 73 -4 97 44 81 Generación 178
arranca 
Jugando Partidos contra vecino 0
Resultado 5
36223.6
Jugando Partidos contra vecino 1
Resultado 7
27373
Jugando Partidos contra vecino 2
Resultado 9
29954.8
Jugando Partidos contra vecino 3
Resultado 5
30143.9
Jugando Partidos contra vecino 4
Resultado 11
34105.4
Yo soy: 
43 41 20 84 -11 19 41 47 53 24 15 82 8 73 -4 97 44 81 El mejor fue: 4
63 41 20 84 -11 19 41 47 53 24 15 82 8 73 -4 97 44 81 Generación 177
arranca 
Jugando Partidos contra vecino 0
Resultado 7
35421
Jugando Partidos contra vecino 1
Resultado 5
33436.1
Jugando Partidos contra vecino 2
Resultado 11
40717.3
Yo soy: 
63 41 20 84 -11 19 41 47 53 24 15 82 8 73 -4 97 44 81 El mejor fue: 2
63 41 20 84 -11 -1 41 47 53 24 15 82 8 73 -4 97 44 81 Generación 176
arranca 
Jugando Partidos contra vecino 0
Resultado 8
28727.1
Jugando Partidos contra vecino 1
Resultado 9
31041
Jugando Partidos contra vecino 2
Resultado 9
34394.8
Jugando Partidos contra vecino 3
Resultado 13
37183.3
Yo soy: 
63 41 20 84 -11 -1 41 47 53 24 15 82 8 73 -4 97 44 81 El mejor fue: 3
63 41 20 84 -11 19 41 47 53 24 15 82 8 73 -4 97 44 81 Generación 175
arranca 
Jugando Partidos contra vecino 0
Resultado 5
36399.9
Jugando Partidos contra vecino 1
Resultado 9
39676.5
Jugando Partidos contra vecino 2
Resultado 7
26231.7
Jugando Partidos contra vecino 3
Resultado 7
32890.6
Jugando Partidos contra vecino 4
Resultado 7
28637.8
Jugando Partidos contra vecino 5
Resultado 5
43577.6
Jugando Partidos contra vecino 6
Resultado 9
33135.1
Jugando Partidos contra vecino 7
Resultado 9
29191.9
Jugando Partidos contra vecino 8
Resultado 7
29862.5
Jugando Partidos contra vecino 9
Resultado 7
36526.1
Jugando Partidos contra vecino 10
Resultado 7
34397
Jugando Partidos contra vecino 11
Resultado 5
30848.2
Jugando Partidos contra vecino 12
Resultado 11
27415.1
Yo soy: 
63 41 20 84 -11 19 41 47 53 24 15 82 8 73 -4 97 44 81 El mejor fue: 12
63 41 20 84 -11 19 41 47 53 24 15 82 8 73 -4 97 64 81 Generación 174
arranca 
Jugando Partidos contra vecino 0
Resultado 7
32777.8
Jugando Partidos contra vecino 1
Resultado 5
33826.9
Jugando Partidos contra vecino 2
Resultado 4
31327.9
Jugando Partidos contra vecino 3
Resultado 9
36483.1
Jugando Partidos contra vecino 4
Resultado 5
33319.9
Jugando Partidos contra vecino 5
Resultado 5
31681.6
Jugando Partidos contra vecino 6
Resultado 5
36659.7
Jugando Partidos contra vecino 7
Resultado 7
32906.5
Jugando Partidos contra vecino 8
Resultado 6
30411
Jugando Partidos contra vecino 9
Resultado 9
28360.7
Jugando Partidos contra vecino 10
Resultado 7
34228.6
Jugando Partidos contra vecino 11
Resultado 9
32593.3
Jugando Partidos contra vecino 12
Resultado 7
37120.6
Jugando Partidos contra vecino 13
Resultado 5
32110.1
Jugando Partidos contra vecino 14
Resultado 6
29585.3
Jugando Partidos contra vecino 15
Resultado 9
39148.2
Jugando Partidos contra vecino 16
Resultado 9
31595.6
Jugando Partidos contra vecino 17
Resultado 9
31579.8
Jugando Partidos contra vecino 18
Resultado 7
27710.4
Jugando Partidos contra vecino 19
Resultado 7
32674.1
Jugando Partidos contra vecino 20
Resultado 9
33819.7
Jugando Partidos contra vecino 21
Resultado 7
27830.6
Jugando Partidos contra vecino 22
Resultado 11
34104.9
Yo soy: 
63 41 20 84 -11 19 41 47 53 24 15 82 8 73 -4 97 64 81 El mejor fue: 22
43 41 20 84 -11 19 41 47 53 24 15 82 8 73 -4 97 64 81 Generación 173
arranca 
Jugando Partidos contra vecino 0
Resultado 6
28317.6
Jugando Partidos contra vecino 1
Resultado 4
33397.7
Jugando Partidos contra vecino 2
Resultado 7
34889.5
Jugando Partidos contra vecino 3
Resultado 10
36059.4
Yo soy: 
43 41 20 84 -11 19 41 47 53 24 15 82 8 73 -4 97 64 81 El mejor fue: 3
43 41 20 84 -11 19 41 47 53 24 15 62 8 73 -4 97 64 81 Generación 172
arranca 
Jugando Partidos contra vecino 0
Resultado 9
27340
Jugando Partidos contra vecino 1
Resultado 11
33201.2
Yo soy: 
43 41 20 84 -11 19 41 47 53 24 15 62 8 73 -4 97 64 81 El mejor fue: 1
43 21 20 84 -11 19 41 47 53 24 15 62 8 73 -4 97 64 81 Generación 171
arranca 
Jugando Partidos contra vecino 0
Resultado 7
36676.1
Jugando Partidos contra vecino 1
Resultado 5
32887.2
Jugando Partidos contra vecino 2
Resultado 7
32810.5
Jugando Partidos contra vecino 3
Resultado 9
33273.8
Jugando Partidos contra vecino 4
Resultado 7
30571.6
Jugando Partidos contra vecino 5
Resultado 7
39220.2
Jugando Partidos contra vecino 6
Resultado 9
30674.6
Jugando Partidos contra vecino 7
Resultado 7
38983.6
Jugando Partidos contra vecino 8
Resultado 5
19084
Jugando Partidos contra vecino 9
Resultado 9
28327.8
Jugando Partidos contra vecino 10
Resultado 7
26956.7
Jugando Partidos contra vecino 11
Resultado 7
32944.4
Jugando Partidos contra vecino 12
Resultado 7
33488.9
Jugando Partidos contra vecino 13
Resultado 5
33771.9
Jugando Partidos contra vecino 14
Resultado 7
29725
Jugando Partidos contra vecino 15
Resultado 5
25938.2
Jugando Partidos contra vecino 16
Resultado 7
33199.4
Jugando Partidos contra vecino 17
Resultado 7
33306.3
Jugando Partidos contra vecino 18
Resultado 4
32520.9
Jugando Partidos contra vecino 19
Resultado 7
33764.2
Jugando Partidos contra vecino 20
Resultado 11
33692.4
Yo soy: 
43 21 20 84 -11 19 41 47 53 24 15 62 8 73 -4 97 64 81 El mejor fue: 20
43 21 20 84 -11 19 41 47 53 24 15 62 8 73 -4 97 84 81 Generación 170
arranca 
Jugando Partidos contra vecino 0
Resultado 2
21895.4
Jugando Partidos contra vecino 1
Resultado 7
38458.4
Jugando Partidos contra vecino 2
Resultado 7
33459.6
Jugando Partidos contra vecino 3
Resultado 9
32755.6
Jugando Partidos contra vecino 4
Resultado 3
19749.3
Jugando Partidos contra vecino 5
Resultado 9
34771.7
Jugando Partidos contra vecino 6
Resultado 5
32612.8
Jugando Partidos contra vecino 7
Resultado 5
33317
Jugando Partidos contra vecino 8
Resultado 5
33186.3
Jugando Partidos contra vecino 9
Resultado 5
36394.2
Jugando Partidos contra vecino 10
Resultado 11
33218.2
Yo soy: 
43 21 20 84 -11 19 41 47 53 24 15 62 8 73 -4 97 84 81 El mejor fue: 10
43 21 20 84 -11 19 61 47 53 24 15 62 8 73 -4 97 84 81 Generación 169
arranca 
Jugando Partidos contra vecino 0
Resultado 7
30283.3
Jugando Partidos contra vecino 1
Resultado 7
32851.9
Jugando Partidos contra vecino 2
Resultado 5
31299.2
Jugando Partidos contra vecino 3
Resultado 13
32718.8
Yo soy: 
43 21 20 84 -11 19 61 47 53 24 15 62 8 73 -4 97 84 81 El mejor fue: 3
43 21 20 84 -31 19 61 47 53 24 15 62 8 73 -4 97 84 81 Generación 168
arranca 
Jugando Partidos contra vecino 0
Resultado 9
35157.4
Jugando Partidos contra vecino 1
Resultado 9
32514
Jugando Partidos contra vecino 2
Resultado 9
39660.6
Jugando Partidos contra vecino 3
Resultado 5
35108.9
Jugando Partidos contra vecino 4
Resultado 7
37116.1
Jugando Partidos contra vecino 5
Resultado 7
30126.9
Jugando Partidos contra vecino 6
Resultado 7
32388.3
Jugando Partidos contra vecino 7
Resultado 5
30039.4
Jugando Partidos contra vecino 8
Resultado 6
32789.9
Jugando Partidos contra vecino 9
Resultado 7
30383.7
Jugando Partidos contra vecino 10
Resultado 9
31309.2
Jugando Partidos contra vecino 11
Resultado 11
38482.8
Yo soy: 
43 21 20 84 -31 19 61 47 53 24 15 62 8 73 -4 97 84 81 El mejor fue: 11
63 21 20 84 -31 19 61 47 53 24 15 62 8 73 -4 97 84 81 Generación 167
arranca 
Jugando Partidos contra vecino 0
Resultado 8
34716.7
Jugando Partidos contra vecino 1
Resultado 7
36704.5
Jugando Partidos contra vecino 2
Resultado 11
41059.1
Yo soy: 
63 21 20 84 -31 19 61 47 53 24 15 62 8 73 -4 97 84 81 El mejor fue: 2
63 21 20 84 -31 19 61 47 53 24 15 62 8 73 16 97 84 81 Generación 166
arranca 
Jugando Partidos contra vecino 0
Resultado 4
36189.5
Jugando Partidos contra vecino 1
Resultado 9
31738.7
Jugando Partidos contra vecino 2
Resultado 9
30829.1
Jugando Partidos contra vecino 3
Resultado 7
32352.6
Jugando Partidos contra vecino 4
Resultado 7
35809.4
Jugando Partidos contra vecino 5
Resultado 11
35960
Yo soy: 
63 21 20 84 -31 19 61 47 53 24 15 62 8 73 16 97 84 81 El mejor fue: 5
83 21 20 84 -31 19 61 47 53 24 15 62 8 73 16 97 84 81 Generación 165
arranca 
Jugando Partidos contra vecino 0
Resultado 5
32200.2
Jugando Partidos contra vecino 1
Resultado 11
33859.9
Yo soy: 
83 21 20 84 -31 19 61 47 53 24 15 62 8 73 16 97 84 81 El mejor fue: 1
83 21 20 64 -31 19 61 47 53 24 15 62 8 73 16 97 84 81 Generación 164
arranca 
Jugando Partidos contra vecino 0
Resultado 13
31030.4
Yo soy: 
83 21 20 64 -31 19 61 47 53 24 15 62 8 73 16 97 84 81 El mejor fue: 0
83 21 20 64 -31 -1 61 47 53 24 15 62 8 73 16 97 84 81 Generación 163
arranca 
Jugando Partidos contra vecino 0
Resultado 5
36312.7
Jugando Partidos contra vecino 1
Resultado 7
32718.3
Jugando Partidos contra vecino 2
Resultado 5
27219.5
Jugando Partidos contra vecino 3
Resultado 9
35090.5
Jugando Partidos contra vecino 4
Resultado 11
39894
Yo soy: 
83 21 20 64 -31 -1 61 47 53 24 15 62 8 73 16 97 84 81 El mejor fue: 4
83 21 20 64 -31 -1 61 47 53 24 15 62 8 73 -4 97 84 81 Generación 162
arranca 
Jugando Partidos contra vecino 0
Resultado 9
38101
Jugando Partidos contra vecino 1
Resultado 9
33847.9
Jugando Partidos contra vecino 2
Resultado 7
40029.7
Jugando Partidos contra vecino 3
Resultado 6
40576.2
Jugando Partidos contra vecino 4
Resultado 7
39534.5
Jugando Partidos contra vecino 5
Resultado 9
32633.2
Jugando Partidos contra vecino 6
Resultado 7
37964.8
Jugando Partidos contra vecino 7
Resultado 5
43083.2
Jugando Partidos contra vecino 8
Resultado 11
39719.6
Yo soy: 
83 21 20 64 -31 -1 61 47 53 24 15 62 8 73 -4 97 84 81 El mejor fue: 8
83 21 20 64 -31 -1 61 47 33 24 15 62 8 73 -4 97 84 81 Generación 161
arranca 
Jugando Partidos contra vecino 0
Resultado 7
37892.5
Jugando Partidos contra vecino 1
Resultado 9
41079.3
Jugando Partidos contra vecino 2
Resultado 11
41555.9
Yo soy: 
83 21 20 64 -31 -1 61 47 33 24 15 62 8 73 -4 97 84 81 El mejor fue: 2
83 21 20 64 -31 -1 61 47 33 24 15 82 8 73 -4 97 84 81 Generación 160
arranca 
Jugando Partidos contra vecino 0
Resultado 11
41275
Yo soy: 
83 21 20 64 -31 -1 61 47 33 24 15 82 8 73 -4 97 84 81 El mejor fue: 0
83 21 20 64 -31 -1 61 47 33 24 15 82 8 73 -4 97 64 81 Generación 159
arranca 
Jugando Partidos contra vecino 0
Resultado 4
33341.6
Jugando Partidos contra vecino 1
Resultado 7
31062.1
Jugando Partidos contra vecino 2
Resultado 9
42215.4
Jugando Partidos contra vecino 3
Resultado 7
38803.6
Jugando Partidos contra vecino 4
Resultado 9
29734.1
Jugando Partidos contra vecino 5
Resultado 9
34252.4
Jugando Partidos contra vecino 6
Resultado 9
40466.8
Jugando Partidos contra vecino 7
Resultado 7
44446.4
Jugando Partidos contra vecino 8
Resultado 5
39851.4
Jugando Partidos contra vecino 9
Resultado 11
34822.6
Yo soy: 
83 21 20 64 -31 -1 61 47 33 24 15 82 8 73 -4 97 64 81 El mejor fue: 9
83 21 20 64 -31 -1 61 47 33 24 15 82 8 73 -24 97 64 81 Generación 158
arranca 
Jugando Partidos contra vecino 0
Resultado 13
40507.3
Yo soy: 
83 21 20 64 -31 -1 61 47 33 24 15 82 8 73 -24 97 64 81 El mejor fue: 0
63 21 20 64 -31 -1 61 47 33 24 15 82 8 73 -24 97 64 81 Generación 157
arranca 
Jugando Partidos contra vecino 0
Resultado 7
25747.4
Jugando Partidos contra vecino 1
Resultado 5
42760
Jugando Partidos contra vecino 2
Resultado 7
32168
Jugando Partidos contra vecino 3
Resultado 9
34424.9
Jugando Partidos contra vecino 4
Resultado 11
31362.3
Yo soy: 
63 21 20 64 -31 -1 61 47 33 24 15 82 8 73 -24 97 64 81 El mejor fue: 4
63 21 20 64 -31 -1 81 47 33 24 15 82 8 73 -24 97 64 81 Generación 156
arranca 
Jugando Partidos contra vecino 0
Resultado 11
30180.9
Yo soy: 
63 21 20 64 -31 -1 81 47 33 24 15 82 8 73 -24 97 64 81 El mejor fue: 0
63 41 20 64 -31 -1 81 47 33 24 15 82 8 73 -24 97 64 81 Generación 155
arranca 
Jugando Partidos contra vecino 0
Resultado 7
27788.2
Jugando Partidos contra vecino 1
Resultado 9
29918.6
Jugando Partidos contra vecino 2
Resultado 9
31524.6
Jugando Partidos contra vecino 3
Resultado 7
38658.1
Jugando Partidos contra vecino 4
Resultado 5
26218.8
Jugando Partidos contra vecino 5
Resultado 13
31160.4
Yo soy: 
63 41 20 64 -31 -1 81 47 33 24 15 82 8 73 -24 97 64 81 El mejor fue: 5
63 41 20 64 -31 -1 81 47 33 24 15 82 8 73 -24 97 84 81 Generación 154
arranca 
Jugando Partidos contra vecino 0
Resultado 11
36353.7
Yo soy: 
63 41 20 64 -31 -1 81 47 33 24 15 82 8 73 -24 97 84 81 El mejor fue: 0
63 41 20 64 -11 -1 81 47 33 24 15 82 8 73 -24 97 84 81 Generación 153
arranca 
Jugando Partidos contra vecino 0
Resultado 9
36306.7
Jugando Partidos contra vecino 1
Resultado 9
32905.2
Jugando Partidos contra vecino 2
Resultado 11
37955.4
Yo soy: 
63 41 20 64 -11 -1 81 47 33 24 15 82 8 73 -24 97 84 81 El mejor fue: 2
63 41 20 44 -11 -1 81 47 33 24 15 82 8 73 -24 97 84 81 Generación 152
arranca 
Jugando Partidos contra vecino 0
Resultado 9
33871.7
Jugando Partidos contra vecino 1
Resultado 8
29717.8
Jugando Partidos contra vecino 2
Resultado 7
28824.3
Jugando Partidos contra vecino 3
Resultado 15
40472.3
Yo soy: 
63 41 20 44 -11 -1 81 47 33 24 15 82 8 73 -24 97 84 81 El mejor fue: 3
63 41 20 44 -11 -1 81 67 33 24 15 82 8 73 -24 97 84 81 Generación 151
arranca 
Jugando Partidos contra vecino 0
Resultado 9
35215
Jugando Partidos contra vecino 1
Resultado 9
32383.8
Jugando Partidos contra vecino 2
Resultado 11
34278.4
Yo soy: 
63 41 20 44 -11 -1 81 67 33 24 15 82 8 73 -24 97 84 81 El mejor fue: 2
63 41 20 24 -11 -1 81 67 33 24 15 82 8 73 -24 97 84 81 Generación 150
arranca 
Jugando Partidos contra vecino 0
Resultado 11
34667.3
Yo soy: 
63 41 20 24 -11 -1 81 67 33 24 15 82 8 73 -24 97 84 81 El mejor fue: 0
63 41 20 24 9 -1 81 67 33 24 15 82 8 73 -24 97 84 81 Generación 149
arranca 
Jugando Partidos contra vecino 0
Resultado 15
34704.1
Yo soy: 
63 41 20 24 9 -1 81 67 33 24 15 82 8 73 -24 97 84 81 El mejor fue: 0
63 41 20 44 9 -1 81 67 33 24 15 82 8 73 -24 97 84 81 Generación 148
arranca 
Jugando Partidos contra vecino 0
Resultado 9
33639.7
Jugando Partidos contra vecino 1
Resultado 9
40098.5
Jugando Partidos contra vecino 2
Resultado 9
32624.3
Jugando Partidos contra vecino 3
Resultado 11
36906.2
Yo soy: 
63 41 20 44 9 -1 81 67 33 24 15 82 8 73 -24 97 84 81 El mejor fue: 3
63 41 20 44 9 -1 81 67 33 44 15 82 8 73 -24 97 84 81 Generación 147
arranca 
Jugando Partidos contra vecino 0
Resultado 9
38080.3
Jugando Partidos contra vecino 1
Resultado 9
33273.6
Jugando Partidos contra vecino 2
Resultado 5
25582.9
Jugando Partidos contra vecino 3
Resultado 9
36597.2
Jugando Partidos contra vecino 4
Resultado 15
37551.3
Yo soy: 
63 41 20 44 9 -1 81 67 33 44 15 82 8 73 -24 97 84 81 El mejor fue: 4
63 41 20 44 9 -1 81 87 33 44 15 82 8 73 -24 97 84 81 Generación 146
arranca 
Jugando Partidos contra vecino 0
Resultado 9
35979.2
Jugando Partidos contra vecino 1
Resultado 8
34844.3
Jugando Partidos contra vecino 2
Resultado 13
34441.6
Yo soy: 
63 41 20 44 9 -1 81 87 33 44 15 82 8 73 -24 97 84 81 El mejor fue: 2
63 41 20 44 9 -1 81 87 33 44 15 82 8 73 -24 97 84 61 Generación 145
arranca 
Jugando Partidos contra vecino 0
Resultado 7
35608.5
Jugando Partidos contra vecino 1
Resultado 11
36618.1
Yo soy: 
63 41 20 44 9 -1 81 87 33 44 15 82 8 73 -24 97 84 61 El mejor fue: 1
63 41 20 44 9 -1 81 47 33 44 15 82 8 73 -24 97 84 61 Generación 144
arranca 
Jugando Partidos contra vecino 0
Resultado 9
33044
Jugando Partidos contra vecino 1
Resultado 9
31973.3
Jugando Partidos contra vecino 2
Resultado 11
30065.6
Yo soy: 
63 41 20 44 9 -1 81 47 33 44 15 82 8 73 -24 97 84 61 El mejor fue: 2
63 41 20 44 29 -1 81 47 33 44 15 82 8 73 -24 97 84 61 Generación 143
arranca 
Jugando Partidos contra vecino 0
Resultado 7
30974.4
Jugando Partidos contra vecino 1
Resultado 9
35431.3
Jugando Partidos contra vecino 2
Resultado 9
31782.4
Jugando Partidos contra vecino 3
Resultado 8
29703.8
Jugando Partidos contra vecino 4
Resultado 13
35038.8
Yo soy: 
63 41 20 44 29 -1 81 47 33 44 15 82 8 73 -24 97 84 61 El mejor fue: 4
63 41 20 44 29 -21 81 47 33 44 15 82 8 73 -24 97 84 61 Generación 142
arranca 
Jugando Partidos contra vecino 0
Resultado 9
30828.2
Jugando Partidos contra vecino 1
Resultado 9
32952.4
Jugando Partidos contra vecino 2
Resultado 9
36278.2
Jugando Partidos contra vecino 3
Resultado 7
29860.8
Jugando Partidos contra vecino 4
Resultado 11
37264.3
Yo soy: 
63 41 20 44 29 -21 81 47 33 44 15 82 8 73 -24 97 84 61 El mejor fue: 4
63 41 20 44 29 -21 81 47 33 44 15 82 8 73 -4 97 84 61 Generación 141
arranca 
Jugando Partidos contra vecino 0
Resultado 11
27619.7
Yo soy: 
63 41 20 44 29 -21 81 47 33 44 15 82 8 73 -4 97 84 61 El mejor fue: 0
63 41 20 44 29 -21 81 47 33 44 35 82 8 73 -4 97 84 61 Generación 140
arranca 
Jugando Partidos contra vecino 0
Resultado 11
34508.5
Yo soy: 
63 41 20 44 29 -21 81 47 33 44 35 82 8 73 -4 97 84 61 El mejor fue: 0
63 41 20 44 29 -21 81 47 33 44 55 82 8 73 -4 97 84 61 Generación 139
arranca 
Jugando Partidos contra vecino 0
Resultado 9
40025.9
Jugando Partidos contra vecino 1
Resultado 9
30835.9
Jugando Partidos contra vecino 2
Resultado 13
33973.8
Yo soy: 
63 41 20 44 29 -21 81 47 33 44 55 82 8 73 -4 97 84 61 El mejor fue: 2
63 41 20 44 29 -21 81 47 33 44 55 62 8 73 -4 97 84 61 Generación 138
arranca 
Jugando Partidos contra vecino 0
Resultado 7
31789.3
Jugando Partidos contra vecino 1
Resultado 5
29146
Jugando Partidos contra vecino 2
Resultado 11
42587.8
Yo soy: 
63 41 20 44 29 -21 81 47 33 44 55 62 8 73 -4 97 84 61 El mejor fue: 2
63 41 20 24 29 -21 81 47 33 44 55 62 8 73 -4 97 84 61 Generación 137
arranca 
Jugando Partidos contra vecino 0
Resultado 7
30801.1
Jugando Partidos contra vecino 1
Resultado 11
40931.6
Yo soy: 
63 41 20 24 29 -21 81 47 33 44 55 62 8 73 -4 97 84 61 El mejor fue: 1
63 41 20 24 29 -21 81 47 33 44 55 62 8 73 -4 97 84 81 Generación 136
arranca 
Jugando Partidos contra vecino 0
Resultado 11
39373.7
Yo soy: 
63 41 20 24 29 -21 81 47 33 44 55 62 8 73 -4 97 84 81 El mejor fue: 0
63 41 20 24 29 -21 81 47 53 44 55 62 8 73 -4 97 84 81 Generación 135
arranca 
Jugando Partidos contra vecino 0
Resultado 5
20683.7
Jugando Partidos contra vecino 1
Resultado 6
37341
Jugando Partidos contra vecino 2
Resultado 7
30211.9
Jugando Partidos contra vecino 3
Resultado 5
33541.2
Jugando Partidos contra vecino 4
Resultado 11
44815
Yo soy: 
63 41 20 24 29 -21 81 47 53 44 55 62 8 73 -4 97 84 81 El mejor fue: 4
63 41 20 24 29 -21 81 47 53 44 55 62 8 93 -4 97 84 81 Generación 134
arranca 
Jugando Partidos contra vecino 0
Resultado 5
29260.1
Jugando Partidos contra vecino 1
Resultado 7
35088.6
Jugando Partidos contra vecino 2
Resultado 13
35304.4
Yo soy: 
63 41 20 24 29 -21 81 47 53 44 55 62 8 93 -4 97 84 81 El mejor fue: 2
63 41 20 24 29 -21 81 47 53 44 35 62 8 93 -4 97 84 81 Generación 133
arranca 
Jugando Partidos contra vecino 0
Resultado 8
39390.6
Jugando Partidos contra vecino 1
Resultado 9
31184.2
Jugando Partidos contra vecino 2
Resultado 13
42131.7
Yo soy: 
63 41 20 24 29 -21 81 47 53 44 35 62 8 93 -4 97 84 81 El mejor fue: 2
63 41 20 24 29 -1 81 47 53 44 35 62 8 93 -4 97 84 81 Generación 132
arranca 
Jugando Partidos contra vecino 0
Resultado 7
29866.2
Jugando Partidos contra vecino 1
Resultado 7
23889.2
Jugando Partidos contra vecino 2
Resultado 5
32716.4
Jugando Partidos contra vecino 3
Resultado 7
38407.9
Jugando Partidos contra vecino 4
Resultado 11
32907.9
Yo soy: 
63 41 20 24 29 -1 81 47 53 44 35 62 8 93 -4 97 84 81 El mejor fue: 4
63 41 20 24 29 -1 81 47 53 44 35 62 8 93 -4 97 84 41 Generación 131
arranca 
Jugando Partidos contra vecino 0
Resultado 5
27135.7
Jugando Partidos contra vecino 1
Resultado 7
37454.8
Jugando Partidos contra vecino 2
Resultado 7
30582.7
Jugando Partidos contra vecino 3
Resultado 5
36418.9
Jugando Partidos contra vecino 4
Resultado 7
35066.9
Jugando Partidos contra vecino 5
Resultado 9
39934.4
Jugando Partidos contra vecino 6
Resultado 7
41385.5
Jugando Partidos contra vecino 7
Resultado 5
27948.1
Jugando Partidos contra vecino 8
Resultado 9
24884
Jugando Partidos contra vecino 9
Resultado 5
31952.2
Jugando Partidos contra vecino 10
Resultado 9
43165.5
Jugando Partidos contra vecino 11
Resultado 9
36316.8
Jugando Partidos contra vecino 12
Resultado 7
36837
Jugando Partidos contra vecino 13
Resultado 11
44904.7
Yo soy: 
63 41 20 24 29 -1 81 47 53 44 35 62 8 93 -4 97 84 41 El mejor fue: 13
63 41 20 24 29 -1 81 67 53 44 35 62 8 93 -4 97 84 41 Generación 130
arranca 
Jugando Partidos contra vecino 0
Resultado 5
33585.4
Jugando Partidos contra vecino 1
Resultado 5
33345.5
Jugando Partidos contra vecino 2
Resultado 7
28831
Jugando Partidos contra vecino 3
Resultado 9
39567.5
Jugando Partidos contra vecino 4
Resultado 10
34648.6
Yo soy: 
63 41 20 24 29 -1 81 67 53 44 35 62 8 93 -4 97 84 41 El mejor fue: 4
63 41 20 24 29 -1 81 87 53 44 35 62 8 93 -4 97 84 41 Generación 129
arranca 
Jugando Partidos contra vecino 0
Resultado 5
37285.6
Jugando Partidos contra vecino 1
Resultado 5
29402.3
Jugando Partidos contra vecino 2
Resultado 11
40571.7
Yo soy: 
63 41 20 24 29 -1 81 87 53 44 35 62 8 93 -4 97 84 41 El mejor fue: 2
63 41 20 24 49 -1 81 87 53 44 35 62 8 93 -4 97 84 41 Generación 128
arranca 
Jugando Partidos contra vecino 0
Resultado 7
30207.6
Jugando Partidos contra vecino 1
Resultado 5
32725.2
Jugando Partidos contra vecino 2
Resultado 7
38493.7
Jugando Partidos contra vecino 3
Resultado 9
29189.9
Jugando Partidos contra vecino 4
Resultado 9
36345.7
Jugando Partidos contra vecino 5
Resultado 7
26107.5
Jugando Partidos contra vecino 6
Resultado 11
35898.9
Yo soy: 
63 41 20 24 49 -1 81 87 53 44 35 62 8 93 -4 97 84 41 El mejor fue: 6
63 41 20 24 49 19 81 87 53 44 35 62 8 93 -4 97 84 41 Generación 127
arranca 
Jugando Partidos contra vecino 0
Resultado 9
40970.8
Jugando Partidos contra vecino 1
Resultado 9
30113.5
Jugando Partidos contra vecino 2
Resultado 9
39301.3
Jugando Partidos contra vecino 3
Resultado 7
39497.7
Jugando Partidos contra vecino 4
Resultado 7
28207.5
Jugando Partidos contra vecino 5
Resultado 7
35747.8
Jugando Partidos contra vecino 6
Resultado 9
34855.8
Jugando Partidos contra vecino 7
Resultado 9
35716.8
Jugando Partidos contra vecino 8
Resultado 7
41913.7
Jugando Partidos contra vecino 9
Resultado 9
36595.1
Jugando Partidos contra vecino 10
Resultado 9
44167.1
Jugando Partidos contra vecino 11
Resultado 7
38080.6
Jugando Partidos contra vecino 12
Resultado 7
33805.8
Jugando Partidos contra vecino 13
Resultado 11
40038.6
Yo soy: 
63 41 20 24 49 19 81 87 53 44 35 62 8 93 -4 97 84 41 El mejor fue: 13
43 41 20 24 49 19 81 87 53 44 35 62 8 93 -4 97 84 41 Generación 126
arranca 
Jugando Partidos contra vecino 0
Resultado 11
27650.4
Yo soy: 
43 41 20 24 49 19 81 87 53 44 35 62 8 93 -4 97 84 41 El mejor fue: 0
43 41 20 24 69 19 81 87 53 44 35 62 8 93 -4 97 84 41 Generación 125
arranca 
Jugando Partidos contra vecino 0
Resultado 4
20098.4
Jugando Partidos contra vecino 1
Resultado 15
50148
Yo soy: 
43 41 20 24 69 19 81 87 53 44 35 62 8 93 -4 97 84 41 El mejor fue: 1
23 41 20 24 69 19 81 87 53 44 35 62 8 93 -4 97 84 41 Generación 124
arranca 
Jugando Partidos contra vecino 0
Resultado 15
54781.3
Yo soy: 
23 41 20 24 69 19 81 87 53 44 35 62 8 93 -4 97 84 41 El mejor fue: 0
23 41 20 24 69 19 81 47 53 44 35 62 8 93 -4 97 84 41 Generación 123
arranca 
Jugando Partidos contra vecino 0
Resultado 15
53630.6
Yo soy: 
23 41 20 24 69 19 81 47 53 44 35 62 8 93 -4 97 84 41 El mejor fue: 0
23 41 20 24 69 19 81 47 53 44 15 62 8 93 -4 97 84 41 Generación 122
arranca 
Jugando Partidos contra vecino 0
Resultado 4
28822.9
Jugando Partidos contra vecino 1
Resultado 5
23550.2
Jugando Partidos contra vecino 2
Resultado 15
46614.8
Yo soy: 
23 41 20 24 69 19 81 47 53 44 15 62 8 93 -4 97 84 41 El mejor fue: 2
23 41 20 24 69 19 81 47 53 44 15 62 8 93 -24 97 84 41 Generación 121
arranca 
Jugando Partidos contra vecino 0
Resultado 7
39379.1
Jugando Partidos contra vecino 1
Resultado 9
33031.6
Jugando Partidos contra vecino 2
Resultado 9
35946.2
Jugando Partidos contra vecino 3
Resultado 13
42251.3
Yo soy: 
23 41 20 24 69 19 81 47 53 44 15 62 8 93 -24 97 84 41 El mejor fue: 3
23 41 20 24 69 -1 81 47 53 44 15 62 8 93 -24 97 84 41 Generación 120
arranca 
Jugando Partidos contra vecino 0
Resultado 13
46183.9
Yo soy: 
23 41 20 24 69 -1 81 47 53 44 15 62 8 93 -24 97 84 41 El mejor fue: 0
23 41 20 4 69 -1 81 47 53 44 15 62 8 93 -24 97 84 41 Generación 119
arranca 
Jugando Partidos contra vecino 0
Resultado 11
43861.6
Yo soy: 
23 41 20 4 69 -1 81 47 53 44 15 62 8 93 -24 97 84 41 El mejor fue: 0
23 41 40 4 69 -1 81 47 53 44 15 62 8 93 -24 97 84 41 Generación 118
arranca 
Jugando Partidos contra vecino 0
Resultado 11
48916.4
Yo soy: 
23 41 40 4 69 -1 81 47 53 44 15 62 8 93 -24 97 84 41 El mejor fue: 0
23 41 40 4 49 -1 81 47 53 44 15 62 8 93 -24 97 84 41 Generación 117
arranca 
Jugando Partidos contra vecino 0
Resultado 15
39788.9
Yo soy: 
23 41 40 4 49 -1 81 47 53 44 15 62 8 93 -24 97 84 41 El mejor fue: 0
23 41 40 4 49 -1 81 47 53 44 35 62 8 93 -24 97 84 41 Generación 116
arranca 
Jugando Partidos contra vecino 0
Resultado 13
48493.9
Yo soy: 
23 41 40 4 49 -1 81 47 53 44 35 62 8 93 -24 97 84 41 El mejor fue: 0
23 41 40 4 49 -1 81 47 53 44 35 82 8 93 -24 97 84 41 Generación 115
arranca 
Jugando Partidos contra vecino 0
Resultado 13
45537.9
Yo soy: 
23 41 40 4 49 -1 81 47 53 44 35 82 8 93 -24 97 84 41 El mejor fue: 0
23 41 40 4 29 -1 81 47 53 44 35 82 8 93 -24 97 84 41 Generación 114
arranca 
Jugando Partidos contra vecino 0
Resultado 13
52693.6
Yo soy: 
23 41 40 4 29 -1 81 47 53 44 35 82 8 93 -24 97 84 41 El mejor fue: 0
23 41 60 4 29 -1 81 47 53 44 35 82 8 93 -24 97 84 41 Generación 113
arranca 
Jugando Partidos contra vecino 0
Resultado 11
57344.9
Yo soy: 
23 41 60 4 29 -1 81 47 53 44 35 82 8 93 -24 97 84 41 El mejor fue: 0
23 41 60 4 29 -1 81 47 73 44 35 82 8 93 -24 97 84 41 Generación 112
arranca 
Jugando Partidos contra vecino 0
Resultado 9
46252
Jugando Partidos contra vecino 1
Resultado 11
41820.3
Yo soy: 
23 41 60 4 29 -1 81 47 73 44 35 82 8 93 -24 97 84 41 El mejor fue: 1
23 41 60 4 29 -1 61 47 73 44 35 82 8 93 -24 97 84 41 Generación 111
arranca 
Jugando Partidos contra vecino 0
Resultado 15
49338.6
Yo soy: 
23 41 60 4 29 -1 61 47 73 44 35 82 8 93 -24 97 84 41 El mejor fue: 0
23 21 60 4 29 -1 61 47 73 44 35 82 8 93 -24 97 84 41 Generación 110
arranca 
Jugando Partidos contra vecino 0
Resultado 9
51594.8
Jugando Partidos contra vecino 1
Resultado 13
50642.8
Yo soy: 
23 21 60 4 29 -1 61 47 73 44 35 82 8 93 -24 97 84 41 El mejor fue: 1
23 21 60 4 29 -1 61 47 73 24 35 82 8 93 -24 97 84 41 Generación 109
arranca 
Jugando Partidos contra vecino 0
Resultado 13
52206.4
Yo soy: 
23 21 60 4 29 -1 61 47 73 24 35 82 8 93 -24 97 84 41 El mejor fue: 0
23 21 60 4 29 -1 61 47 73 24 35 82 8 93 -44 97 84 41 Generación 108
arranca 
Jugando Partidos contra vecino 0
Resultado 11
59078.1
Yo soy: 
23 21 60 4 29 -1 61 47 73 24 35 82 8 93 -44 97 84 41 El mejor fue: 0
23 21 60 4 29 -1 61 47 93 24 35 82 8 93 -44 97 84 41 Generación 107
arranca 
Jugando Partidos contra vecino 0
Resultado 11
51537.7
Yo soy: 
23 21 60 4 29 -1 61 47 93 24 35 82 8 93 -44 97 84 41 El mejor fue: 0
23 21 60 4 29 -1 61 47 73 24 35 82 8 93 -44 97 84 41 Generación 106
arranca 
Jugando Partidos contra vecino 0
Resultado 1
33555.4
Jugando Partidos contra vecino 1
Resultado 13
46946.2
Yo soy: 
23 21 60 4 29 -1 61 47 73 24 35 82 8 93 -44 97 84 41 El mejor fue: 1
23 21 80 4 29 -1 61 47 73 24 35 82 8 93 -44 97 84 41 Generación 105
arranca 
Jugando Partidos contra vecino 0
Resultado 11
38214.8
Yo soy: 
23 21 80 4 29 -1 61 47 73 24 35 82 8 93 -44 97 84 41 El mejor fue: 0
23 21 80 4 29 -21 61 47 73 24 35 82 8 93 -44 97 84 41 Generación 104
arranca 
Jugando Partidos contra vecino 0
Resultado 9
37142.9
Jugando Partidos contra vecino 1
Resultado 13
54335.4
Yo soy: 
23 21 80 4 29 -21 61 47 73 24 35 82 8 93 -44 97 84 41 El mejor fue: 1
23 21 80 4 29 -21 61 47 73 24 35 82 8 93 -44 97 84 21 Generación 103
arranca 
Jugando Partidos contra vecino 0
Resultado 5
26590.2
Jugando Partidos contra vecino 1
Resultado 13
47855.6
Yo soy: 
23 21 80 4 29 -21 61 47 73 24 35 82 8 93 -44 97 84 21 El mejor fue: 1
23 21 80 4 29 -21 61 47 73 24 35 82 8 93 -44 97 84 41 Generación 102
arranca 
Jugando Partidos contra vecino 0
Resultado 5
67112.2
Jugando Partidos contra vecino 1
Resultado 11
51224.2
Yo soy: 
23 21 80 4 29 -21 61 47 73 24 35 82 8 93 -44 97 84 41 El mejor fue: 1
23 21 60 4 29 -21 61 47 73 24 35 82 8 93 -44 97 84 41 Generación 101
arranca 
Jugando Partidos contra vecino 0
Resultado 4
34062.9
Jugando Partidos contra vecino 1
Resultado 11
41439.8
Yo soy: 
23 21 60 4 29 -21 61 47 73 24 35 82 8 93 -44 97 84 41 El mejor fue: 1
3 21 60 4 29 -21 61 47 73 24 35 82 8 93 -44 97 84 41 Generación 100
arranca 
Jugando Partidos contra vecino 0
Resultado 11
46914.8
Yo soy: 
3 21 60 4 29 -21 61 47 73 24 35 82 8 93 -44 97 84 41 El mejor fue: 0
3 21 60 4 29 -21 61 47 73 4 35 82 8 93 -44 97 84 41 Generación 99
arranca 
Jugando Partidos contra vecino 0
Resultado 9
44090.9
Jugando Partidos contra vecino 1
Resultado 15
60377.3
Yo soy: 
3 21 60 4 29 -21 61 47 73 4 35 82 8 93 -44 97 84 41 El mejor fue: 1
3 21 60 4 29 -21 61 47 73 4 35 82 8 93 -44 97 84 21 Generación 98
arranca 
Jugando Partidos contra vecino 0
Resultado 7
31557.4
Jugando Partidos contra vecino 1
Resultado 9
35625.1
Jugando Partidos contra vecino 2
Resultado 13
45218
Yo soy: 
3 21 60 4 29 -21 61 47 73 4 35 82 8 93 -44 97 84 21 El mejor fue: 2
3 21 60 4 9 -21 61 47 73 4 35 82 8 93 -44 97 84 21 Generación 97
arranca 
Jugando Partidos contra vecino 0
Resultado 15
59741.8
Yo soy: 
3 21 60 4 9 -21 61 47 73 4 35 82 8 93 -44 97 84 21 El mejor fue: 0
3 21 60 4 9 -21 61 47 73 4 35 82 8 93 -24 97 84 21 Generación 96
arranca 
Jugando Partidos contra vecino 0
Resultado 9
68033.3
Jugando Partidos contra vecino 1
Resultado 5
61034.4
Jugando Partidos contra vecino 2
Resultado 11
40822.3
Yo soy: 
3 21 60 4 9 -21 61 47 73 4 35 82 8 93 -24 97 84 21 El mejor fue: 2
3 21 60 -16 9 -21 61 47 73 4 35 82 8 93 -24 97 84 21 Generación 95
arranca 
Jugando Partidos contra vecino 0
Resultado 11
35523.6
Yo soy: 
3 21 60 -16 9 -21 61 47 73 4 35 82 8 93 -24 97 84 21 El mejor fue: 0
3 21 60 -16 9 -21 61 47 73 4 35 82 8 93 -24 97 44 21 Generación 94
arranca 
Jugando Partidos contra vecino 0
Resultado 11
39942
Yo soy: 
3 21 60 -16 9 -21 61 47 73 4 35 82 8 93 -24 97 44 21 El mejor fue: 0
3 21 60 -16 9 -21 61 47 73 4 35 82 8 93 -24 97 44 41 Generación 93
arranca 
Jugando Partidos contra vecino 0
Resultado 15
43701.4
Yo soy: 
3 21 60 -16 9 -21 61 47 73 4 35 82 8 93 -24 97 44 41 El mejor fue: 0
3 21 60 -16 9 -21 61 47 73 -16 35 82 8 93 -24 97 44 41 Generación 92
arranca 
Jugando Partidos contra vecino 0
Resultado 13
39568.8
Yo soy: 
3 21 60 -16 9 -21 61 47 73 -16 35 82 8 93 -24 97 44 41 El mejor fue: 0
3 21 60 -16 9 -21 61 47 73 -16 55 82 8 93 -24 97 44 41 Generación 91
arranca 
Jugando Partidos contra vecino 0
Resultado 11
38063.7
Yo soy: 
3 21 60 -16 9 -21 61 47 73 -16 55 82 8 93 -24 97 44 41 El mejor fue: 0
3 21 60 -16 9 -1 61 47 73 -16 55 82 8 93 -24 97 44 41 Generación 90
arranca 
Jugando Partidos contra vecino 0
Resultado 11
38196.7
Yo soy: 
3 21 60 -16 9 -1 61 47 73 -16 55 82 8 93 -24 97 44 41 El mejor fue: 0
3 21 60 -16 9 -1 61 27 73 -16 55 82 8 93 -24 97 44 41 Generación 89
arranca 
Jugando Partidos contra vecino 0
Resultado 13
39454.5
Yo soy: 
3 21 60 -16 9 -1 61 27 73 -16 55 82 8 93 -24 97 44 41 El mejor fue: 0
3 21 60 -16 9 -1 61 27 73 -16 55 82 28 93 -24 97 44 41 Generación 88
arranca 
Jugando Partidos contra vecino 0
Resultado 11
32416.5
Yo soy: 
3 21 60 -16 9 -1 61 27 73 -16 55 82 28 93 -24 97 44 41 El mejor fue: 0
-17 21 60 -16 9 -1 61 27 73 -16 55 82 28 93 -24 97 44 41 Generación 87
arranca 
Jugando Partidos contra vecino 0
Resultado 13
41641.9
Yo soy: 
-17 21 60 -16 9 -1 61 27 73 -16 55 82 28 93 -24 97 44 41 El mejor fue: 0
-17 21 60 -36 9 -1 61 27 73 -16 55 82 28 93 -24 97 44 41 Generación 86
arranca 
Jugando Partidos contra vecino 0
Resultado 11
36373.5
Yo soy: 
-17 21 60 -36 9 -1 61 27 73 -16 55 82 28 93 -24 97 44 41 El mejor fue: 0
-17 21 60 -36 9 -1 61 27 73 -16 55 82 8 93 -24 97 44 41 Generación 85
arranca 
Jugando Partidos contra vecino 0
Resultado 13
41626.1
Yo soy: 
-17 21 60 -36 9 -1 61 27 73 -16 55 82 8 93 -24 97 44 41 El mejor fue: 0
-17 21 60 -36 9 -1 61 27 73 -16 55 82 8 93 -24 97 44 21 Generación 84
arranca 
Jugando Partidos contra vecino 0
Resultado 15
43724.2
Yo soy: 
-17 21 60 -36 9 -1 61 27 73 -16 55 82 8 93 -24 97 44 21 El mejor fue: 0
-17 21 60 -36 9 -1 61 27 73 4 55 82 8 93 -24 97 44 21 Generación 83
arranca 
Jugando Partidos contra vecino 0
Resultado 11
39682.6
Yo soy: 
-17 21 60 -36 9 -1 61 27 73 4 55 82 8 93 -24 97 44 21 El mejor fue: 0
-37 21 60 -36 9 -1 61 27 73 4 55 82 8 93 -24 97 44 21 Generación 82
arranca 
Jugando Partidos contra vecino 0
Resultado 9
33648.6
Jugando Partidos contra vecino 1
Resultado 15
43863.2
Yo soy: 
-37 21 60 -36 9 -1 61 27 73 4 55 82 8 93 -24 97 44 21 El mejor fue: 1
-37 21 40 -36 9 -1 61 27 73 4 55 82 8 93 -24 97 44 21 Generación 81
arranca 
Jugando Partidos contra vecino 0
Resultado 13
41644.3
Yo soy: 
-37 21 40 -36 9 -1 61 27 73 4 55 82 8 93 -24 97 44 21 El mejor fue: 0
-37 21 40 -16 9 -1 61 27 73 4 55 82 8 93 -24 97 44 21 Generación 80
arranca 
Jugando Partidos contra vecino 0
Resultado 15
47023
Yo soy: 
-37 21 40 -16 9 -1 61 27 73 4 55 82 8 93 -24 97 44 21 El mejor fue: 0
-37 41 40 -16 9 -1 61 27 73 4 55 82 8 93 -24 97 44 21 Generación 79
arranca 
Jugando Partidos contra vecino 0
Resultado 13
46035
Yo soy: 
-37 41 40 -16 9 -1 61 27 73 4 55 82 8 93 -24 97 44 21 El mejor fue: 0
-37 41 40 -16 9 -1 61 27 73 4 55 42 8 93 -24 97 44 21 Generación 78
arranca 
Jugando Partidos contra vecino 0
Resultado 13
49217.3
Yo soy: 
-37 41 40 -16 9 -1 61 27 73 4 55 42 8 93 -24 97 44 21 El mejor fue: 0
-37 41 40 -16 9 -1 61 27 73 4 55 42 8 93 -24 97 44 1 Generación 77
arranca 
Jugando Partidos contra vecino 0
Resultado 9
48468.6
Jugando Partidos contra vecino 1
Resultado 15
44914.8
Yo soy: 
-37 41 40 -16 9 -1 61 27 73 4 55 42 8 93 -24 97 44 1 El mejor fue: 1
-37 41 40 -16 9 -1 61 27 73 4 55 62 8 93 -24 97 44 1 Generación 76
arranca 
Jugando Partidos contra vecino 0
Resultado 13
43475.5
Yo soy: 
-37 41 40 -16 9 -1 61 27 73 4 55 62 8 93 -24 97 44 1 El mejor fue: 0
-37 41 40 -16 9 -1 61 27 73 4 55 62 8 93 -24 97 44 21 Generación 75
arranca 
Jugando Partidos contra vecino 0
Resultado 13
34329.8
Yo soy: 
-37 41 40 -16 9 -1 61 27 73 4 55 62 8 93 -24 97 44 21 El mejor fue: 0
-37 41 20 -16 9 -1 61 27 73 4 55 62 8 93 -24 97 44 21 Generación 74
arranca 
Jugando Partidos contra vecino 0
Resultado 3
23581
Jugando Partidos contra vecino 1
Resultado 13
43173.3
Yo soy: 
-37 41 20 -16 9 -1 61 27 73 4 55 62 8 93 -24 97 44 21 El mejor fue: 1
-37 41 20 4 9 -1 61 27 73 4 55 62 8 93 -24 97 44 21 Generación 73
arranca 
Jugando Partidos contra vecino 0
Resultado 15
41747.3
Yo soy: 
-37 41 20 4 9 -1 61 27 73 4 55 62 8 93 -24 97 44 21 El mejor fue: 0
-37 41 20 -16 9 -1 61 27 73 4 55 62 8 93 -24 97 44 21 Generación 72
arranca 
Jugando Partidos contra vecino 0
Resultado 9
32678.9
Jugando Partidos contra vecino 1
Resultado 13
48760.1
Yo soy: 
-37 41 20 -16 9 -1 61 27 73 4 55 62 8 93 -24 97 44 21 El mejor fue: 1
-37 41 20 -16 9 -1 61 47 73 4 55 62 8 93 -24 97 44 21 Generación 71
arranca 
Jugando Partidos contra vecino 0
Resultado 13
45248.2
Yo soy: 
-37 41 20 -16 9 -1 61 47 73 4 55 62 8 93 -24 97 44 21 El mejor fue: 0
-37 41 20 -16 9 -1 61 47 73 4 55 62 8 93 -24 97 24 21 Generación 70
arranca 
Jugando Partidos contra vecino 0
Resultado 13
40367.8
Yo soy: 
-37 41 20 -16 9 -1 61 47 73 4 55 62 8 93 -24 97 24 21 El mejor fue: 0
-37 41 20 -16 9 -1 61 47 73 4 55 62 8 73 -24 97 24 21 Generación 69
arranca 
Jugando Partidos contra vecino 0
Resultado 15
45582.8
Yo soy: 
-37 41 20 -16 9 -1 61 47 73 4 55 62 8 73 -24 97 24 21 El mejor fue: 0
-37 41 20 -16 9 -1 81 47 73 4 55 62 8 73 -24 97 24 21 Generación 68
arranca 
Jugando Partidos contra vecino 0
Resultado 15
39650.8
Yo soy: 
-37 41 20 -16 9 -1 81 47 73 4 55 62 8 73 -24 97 24 21 El mejor fue: 0
-37 41 20 -16 9 -1 81 47 73 4 55 62 8 93 -24 97 24 21 Generación 67
arranca 
Jugando Partidos contra vecino 0
Resultado 13
36193.1
Yo soy: 
-37 41 20 -16 9 -1 81 47 73 4 55 62 8 93 -24 97 24 21 El mejor fue: 0
-37 41 20 -16 9 -1 81 47 73 4 55 62 8 93 -4 97 24 21 Generación 66
arranca 
Jugando Partidos contra vecino 0
Resultado 11
38510.5
Yo soy: 
-37 41 20 -16 9 -1 81 47 73 4 55 62 8 93 -4 97 24 21 El mejor fue: 0
-37 41 20 -16 9 -1 81 67 73 4 55 62 8 93 -4 97 24 21 Generación 65
arranca 
Jugando Partidos contra vecino 0
Resultado 11
34277.7
Yo soy: 
-37 41 20 -16 9 -1 81 67 73 4 55 62 8 93 -4 97 24 21 El mejor fue: 0
-37 41 20 -16 9 -1 81 67 73 4 55 62 8 93 -4 97 24 1 Generación 64
arranca 
Jugando Partidos contra vecino 0
Resultado 15
42820.9
Yo soy: 
-37 41 20 -16 9 -1 81 67 73 4 55 62 8 93 -4 97 24 1 El mejor fue: 0
-37 41 20 -16 9 -1 81 67 73 4 55 62 28 93 -4 97 24 1 Generación 63
arranca 
Jugando Partidos contra vecino 0
Resultado 15
39702.5
Yo soy: 
-37 41 20 -16 9 -1 81 67 73 4 55 62 28 93 -4 97 24 1 El mejor fue: 0
-37 41 20 -16 9 -1 81 67 73 4 55 62 28 93 -4 97 44 1 Generación 62
arranca 
Jugando Partidos contra vecino 0
Resultado 13
45253.6
Yo soy: 
-37 41 20 -16 9 -1 81 67 73 4 55 62 28 93 -4 97 44 1 El mejor fue: 0
-37 41 20 -16 9 -1 81 67 73 4 55 62 8 93 -4 97 44 1 Generación 61
arranca 
Jugando Partidos contra vecino 0
Resultado 15
39861.3
Yo soy: 
-37 41 20 -16 9 -1 81 67 73 4 55 62 8 93 -4 97 44 1 El mejor fue: 0
-37 41 20 -16 9 -1 81 67 73 24 55 62 8 93 -4 97 44 1 Generación 60
arranca 
Jugando Partidos contra vecino 0
Resultado 15
44655.6
Yo soy: 
-37 41 20 -16 9 -1 81 67 73 24 55 62 8 93 -4 97 44 1 El mejor fue: 0
-37 41 20 -16 9 -1 81 67 73 24 55 62 8 93 -4 97 44 -19 Generación 59
arranca 
Jugando Partidos contra vecino 0
Resultado 13
49468.4
Yo soy: 
-37 41 20 -16 9 -1 81 67 73 24 55 62 8 93 -4 97 44 -19 El mejor fue: 0
-37 41 20 -16 9 -21 81 67 73 24 55 62 8 93 -4 97 44 -19 Generación 58
arranca 
Jugando Partidos contra vecino 0
Resultado 13
48467.6
Yo soy: 
-37 41 20 -16 9 -21 81 67 73 24 55 62 8 93 -4 97 44 -19 El mejor fue: 0
-37 41 20 -16 9 -21 81 67 73 44 55 62 8 93 -4 97 44 -19 Generación 57
arranca 
Jugando Partidos contra vecino 0
Resultado 13
47473.9
Yo soy: 
-37 41 20 -16 9 -21 81 67 73 44 55 62 8 93 -4 97 44 -19 El mejor fue: 0
-37 21 20 -16 9 -21 81 67 73 44 55 62 8 93 -4 97 44 -19 Generación 56
arranca 
Jugando Partidos contra vecino 0
Resultado 13
40889.4
Yo soy: 
-37 21 20 -16 9 -21 81 67 73 44 55 62 8 93 -4 97 44 -19 El mejor fue: 0
-37 21 20 -16 29 -21 81 67 73 44 55 62 8 93 -4 97 44 -19 Generación 55
arranca 
Jugando Partidos contra vecino 0
Resultado 13
40934.9
Yo soy: 
-37 21 20 -16 29 -21 81 67 73 44 55 62 8 93 -4 97 44 -19 El mejor fue: 0
-37 21 20 -16 29 -21 81 67 53 44 55 62 8 93 -4 97 44 -19 Generación 54
arranca 
Jugando Partidos contra vecino 0
Resultado 13
38676.3
Yo soy: 
-37 21 20 -16 29 -21 81 67 53 44 55 62 8 93 -4 97 44 -19 El mejor fue: 0
-37 21 20 -16 29 -21 41 67 53 44 55 62 8 93 -4 97 44 -19 Generación 53
arranca 
Jugando Partidos contra vecino 0
Resultado 3
24880.5
Jugando Partidos contra vecino 1
Resultado 13
39062.7
Yo soy: 
-37 21 20 -16 29 -21 41 67 53 44 55 62 8 93 -4 97 44 -19 El mejor fue: 1
-37 21 20 -16 29 -21 41 67 53 44 55 62 8 93 -4 97 44 -39 Generación 52
arranca 
Jugando Partidos contra vecino 0
Resultado 11
40697
Yo soy: 
-37 21 20 -16 29 -21 41 67 53 44 55 62 8 93 -4 97 44 -39 El mejor fue: 0
-37 21 20 -16 29 -21 41 67 53 44 55 62 8 93 -24 97 44 -39 Generación 51
arranca 
Jugando Partidos contra vecino 0
Resultado 15
44406.6
Yo soy: 
-37 21 20 -16 29 -21 41 67 53 44 55 62 8 93 -24 97 44 -39 El mejor fue: 0
-37 21 20 -16 29 -21 41 67 53 44 55 42 8 93 -24 97 44 -39 Generación 50
arranca 
Jugando Partidos contra vecino 0
Resultado 1
24264.9
Jugando Partidos contra vecino 1
Resultado 15
42573.1
Yo soy: 
-37 21 20 -16 29 -21 41 67 53 44 55 42 8 93 -24 97 44 -39 El mejor fue: 1
-37 21 20 -16 9 -21 41 67 53 44 55 42 8 93 -24 97 44 -39 Generación 49
arranca 
Jugando Partidos contra vecino 0
Resultado 15
42097.8
Yo soy: 
-37 21 20 -16 9 -21 41 67 53 44 55 42 8 93 -24 97 44 -39 El mejor fue: 0
-37 21 20 -16 9 -21 41 67 53 44 55 42 8 93 -24 97 64 -39 Generación 48
arranca 
Jugando Partidos contra vecino 0
Resultado 15
45473.2
Yo soy: 
-37 21 20 -16 9 -21 41 67 53 44 55 42 8 93 -24 97 64 -39 El mejor fue: 0
-37 21 20 -16 9 -21 41 67 53 44 55 42 8 93 -24 97 64 -59 Generación 47
arranca 
Jugando Partidos contra vecino 0
Resultado 13
43831.4
Yo soy: 
-37 21 20 -16 9 -21 41 67 53 44 55 42 8 93 -24 97 64 -59 El mejor fue: 0
-17 21 20 -16 9 -21 41 67 53 44 55 42 8 93 -24 97 64 -59 Generación 46
arranca 
Jugando Partidos contra vecino 0
Resultado 13
51022.7
Yo soy: 
-17 21 20 -16 9 -21 41 67 53 44 55 42 8 93 -24 97 64 -59 El mejor fue: 0
-17 21 0 -16 9 -21 41 67 53 44 55 42 8 93 -24 97 64 -59 Generación 45
arranca 
Jugando Partidos contra vecino 0
Resultado 13
47035.9
Yo soy: 
-17 21 0 -16 9 -21 41 67 53 44 55 42 8 93 -24 97 64 -59 El mejor fue: 0
-17 21 0 -16 9 -21 41 67 53 24 55 42 8 93 -24 97 64 -59 Generación 44
arranca 
Jugando Partidos contra vecino 0
Resultado 11
38259.9
Yo soy: 
-17 21 0 -16 9 -21 41 67 53 24 55 42 8 93 -24 97 64 -59 El mejor fue: 0
-17 21 0 -16 9 -21 41 67 53 24 35 42 8 93 -24 97 64 -59 Generación 43
arranca 
Jugando Partidos contra vecino 0
Resultado 13
41943.2
Yo soy: 
-17 21 0 -16 9 -21 41 67 53 24 35 42 8 93 -24 97 64 -59 El mejor fue: 0
-37 21 0 -16 9 -21 41 67 53 24 35 42 8 93 -24 97 64 -59 Generación 42
arranca 
Jugando Partidos contra vecino 0
Resultado 5
32491.2
Jugando Partidos contra vecino 1
Resultado 11
36721.3
Yo soy: 
-37 21 0 -16 9 -21 41 67 53 24 35 42 8 93 -24 97 64 -59 El mejor fue: 1
-37 21 0 -16 -11 -21 41 67 53 24 35 42 8 93 -24 97 64 -59 Generación 41
arranca 
Jugando Partidos contra vecino 0
Resultado 15
45876.7
Yo soy: 
-37 21 0 -16 -11 -21 41 67 53 24 35 42 8 93 -24 97 64 -59 El mejor fue: 0
-37 21 0 -16 -11 -21 41 67 53 24 55 42 8 93 -24 97 64 -59 Generación 40
arranca 
Jugando Partidos contra vecino 0
Resultado 15
43916.2
Yo soy: 
-37 21 0 -16 -11 -21 41 67 53 24 55 42 8 93 -24 97 64 -59 El mejor fue: 0
-37 1 0 -16 -11 -21 41 67 53 24 55 42 8 93 -24 97 64 -59 Generación 39
arranca 
Jugando Partidos contra vecino 0
Resultado 13
36790.3
Yo soy: 
-37 1 0 -16 -11 -21 41 67 53 24 55 42 8 93 -24 97 64 -59 El mejor fue: 0
-37 21 0 -16 -11 -21 41 67 53 24 55 42 8 93 -24 97 64 -59 Generación 38
arranca 
Jugando Partidos contra vecino 0
Resultado 13
34289.8
Yo soy: 
-37 21 0 -16 -11 -21 41 67 53 24 55 42 8 93 -24 97 64 -59 El mejor fue: 0
-37 21 0 -16 -11 -21 41 67 53 24 55 62 8 93 -24 97 64 -59 Generación 37
arranca 
Jugando Partidos contra vecino 0
Resultado 15
40037.2
Yo soy: 
-37 21 0 -16 -11 -21 41 67 53 24 55 62 8 93 -24 97 64 -59 El mejor fue: 0
-17 21 0 -16 -11 -21 41 67 53 24 55 62 8 93 -24 97 64 -59 Generación 36
arranca 
Jugando Partidos contra vecino 0
Resultado 15
52047.5
Yo soy: 
-17 21 0 -16 -11 -21 41 67 53 24 55 62 8 93 -24 97 64 -59 El mejor fue: 0
-17 21 0 4 -11 -21 41 67 53 24 55 62 8 93 -24 97 64 -59 Generación 35
arranca 
Jugando Partidos contra vecino 0
Resultado 15
53075.6
Yo soy: 
-17 21 0 4 -11 -21 41 67 53 24 55 62 8 93 -24 97 64 -59 El mejor fue: 0
-17 21 0 4 -11 -1 41 67 53 24 55 62 8 93 -24 97 64 -59 Generación 34
arranca 
Jugando Partidos contra vecino 0
Resultado 15
56256.5
Yo soy: 
-17 21 0 4 -11 -1 41 67 53 24 55 62 8 93 -24 97 64 -59 El mejor fue: 0
-17 21 0 24 -11 -1 41 67 53 24 55 62 8 93 -24 97 64 -59 Generación 33
arranca 
Jugando Partidos contra vecino 0
Resultado 15
52533.9
Yo soy: 
-17 21 0 24 -11 -1 41 67 53 24 55 62 8 93 -24 97 64 -59 El mejor fue: 0
-17 21 0 24 -11 -1 41 67 53 24 55 42 8 93 -24 97 64 -59 Generación 32
arranca 
Jugando Partidos contra vecino 0
Resultado 13
52210.2
Yo soy: 
-17 21 0 24 -11 -1 41 67 53 24 55 42 8 93 -24 97 64 -59 El mejor fue: 0
-17 21 0 24 -11 -1 41 67 53 24 55 42 8 93 -24 97 84 -59 Generación 31
arranca 
Jugando Partidos contra vecino 0
Resultado 15
54248.6
Yo soy: 
-17 21 0 24 -11 -1 41 67 53 24 55 42 8 93 -24 97 84 -59 El mejor fue: 0
-17 21 0 24 -11 -1 41 67 53 4 55 42 8 93 -24 97 84 -59 Generación 30
arranca 
Jugando Partidos contra vecino 0
Resultado 15
61742.4
Yo soy: 
-17 21 0 24 -11 -1 41 67 53 4 55 42 8 93 -24 97 84 -59 El mejor fue: 0
-17 21 0 24 -11 -21 41 67 53 4 55 42 8 93 -24 97 84 -59 Generación 29
arranca 
Jugando Partidos contra vecino 0
Resultado 15
53051.6
Yo soy: 
-17 21 0 24 -11 -21 41 67 53 4 55 42 8 93 -24 97 84 -59 El mejor fue: 0
-17 21 0 24 -11 -21 61 67 53 4 55 42 8 93 -24 97 84 -59 Generación 28
arranca 
Jugando Partidos contra vecino 0
Resultado 2
21268.3
Jugando Partidos contra vecino 1
Resultado 15
48738.8
Yo soy: 
-17 21 0 24 -11 -21 61 67 53 4 55 42 8 93 -24 97 84 -59 El mejor fue: 1
-17 21 0 44 -11 -21 61 67 53 4 55 42 8 93 -24 97 84 -59 Generación 27
arranca 
Jugando Partidos contra vecino 0
Resultado 15
50658.6
Yo soy: 
-17 21 0 44 -11 -21 61 67 53 4 55 42 8 93 -24 97 84 -59 El mejor fue: 0
-17 1 0 44 -11 -21 61 67 53 4 55 42 8 93 -24 97 84 -59 Generación 26
arranca 
Jugando Partidos contra vecino 0
Resultado 15
51305.3
Yo soy: 
-17 1 0 44 -11 -21 61 67 53 4 55 42 8 93 -24 97 84 -59 El mejor fue: 0
-17 1 0 44 -11 -21 61 67 53 4 55 42 -12 93 -24 97 84 -59 Generación 25
arranca 
Jugando Partidos contra vecino 0
Resultado 15
51501.8
Yo soy: 
-17 1 0 44 -11 -21 61 67 53 4 55 42 -12 93 -24 97 84 -59 El mejor fue: 0
-17 1 0 44 -11 -21 61 67 53 4 75 42 -12 93 -24 97 84 -59 Generación 24
arranca 
Jugando Partidos contra vecino 0
Resultado 12
41439.4
Yo soy: 
-17 1 0 44 -11 -21 61 67 53 4 75 42 -12 93 -24 97 84 -59 El mejor fue: 0
-17 1 0 44 -11 -21 61 67 53 -16 75 42 -12 93 -24 97 84 -59 Generación 23
arranca 
Jugando Partidos contra vecino 0
Resultado 15
46505.9
Yo soy: 
-17 1 0 44 -11 -21 61 67 53 -16 75 42 -12 93 -24 97 84 -59 El mejor fue: 0
-17 1 0 44 -11 -21 61 67 53 -16 75 62 -12 93 -24 97 84 -59 Generación 22
arranca 
Jugando Partidos contra vecino 0
Resultado 10
30711.2
Yo soy: 
-17 1 0 44 -11 -21 61 67 53 -16 75 62 -12 93 -24 97 84 -59 El mejor fue: 0
-17 1 0 44 -11 -21 61 67 53 -16 55 62 -12 93 -24 97 84 -59 Generación 21
arranca 
Jugando Partidos contra vecino 0
Resultado 13
41732.3
Yo soy: 
-17 1 0 44 -11 -21 61 67 53 -16 55 62 -12 93 -24 97 84 -59 El mejor fue: 0
-17 1 0 44 -11 -21 61 67 33 -16 55 62 -12 93 -24 97 84 -59 Generación 20
arranca 
Jugando Partidos contra vecino 0
Resultado 15
35732.9
Yo soy: 
-17 1 0 44 -11 -21 61 67 33 -16 55 62 -12 93 -24 97 84 -59 El mejor fue: 0
-17 1 0 44 -11 -21 61 67 33 -16 55 62 -12 93 -44 97 84 -59 Generación 19
arranca 
Jugando Partidos contra vecino 0
Resultado 15
56177
Yo soy: 
-17 1 0 44 -11 -21 61 67 33 -16 55 62 -12 93 -44 97 84 -59 El mejor fue: 0
-17 1 0 44 -11 -21 61 67 33 -16 55 62 -12 73 -44 97 84 -59 Generación 18
arranca 
Jugando Partidos contra vecino 0
Resultado 15
55010.6
Yo soy: 
-17 1 0 44 -11 -21 61 67 33 -16 55 62 -12 73 -44 97 84 -59 El mejor fue: 0
-17 1 0 44 -11 -21 61 47 33 -16 55 62 -12 73 -44 97 84 -59 Generación 17
arranca 
Jugando Partidos contra vecino 0
Resultado 13
41569
Yo soy: 
-17 1 0 44 -11 -21 61 47 33 -16 55 62 -12 73 -44 97 84 -59 El mejor fue: 0
-17 1 0 44 -11 -1 61 47 33 -16 55 62 -12 73 -44 97 84 -59 Generación 16
arranca 
Jugando Partidos contra vecino 0
Resultado 5
19886.4
Jugando Partidos contra vecino 1
Resultado 13
47460
Yo soy: 
-17 1 0 44 -11 -1 61 47 33 -16 55 62 -12 73 -44 97 84 -59 El mejor fue: 1
-17 1 0 44 -11 -1 61 47 33 -16 55 62 -12 73 -44 97 84 -79 Generación 15
arranca 
Jugando Partidos contra vecino 0
Resultado 15
51815.5
Yo soy: 
-17 1 0 44 -11 -1 61 47 33 -16 55 62 -12 73 -44 97 84 -79 El mejor fue: 0
-17 1 0 44 -11 -1 61 27 33 -16 55 62 -12 73 -44 97 84 -79 Generación 14
arranca 
Jugando Partidos contra vecino 0
Resultado 12
48163.1
Yo soy: 
-17 1 0 44 -11 -1 61 27 33 -16 55 62 -12 73 -44 97 84 -79 El mejor fue: 0
-17 1 0 44 -31 -1 61 27 33 -16 55 62 -12 73 -44 97 84 -79 Generación 13
arranca 
Jugando Partidos contra vecino 0
Resultado 15
48476.9
Yo soy: 
-17 1 0 44 -31 -1 61 27 33 -16 55 62 -12 73 -44 97 84 -79 El mejor fue: 0
-17 1 0 44 -31 -21 61 27 33 -16 55 62 -12 73 -44 97 84 -79 Generación 12
arranca 
Jugando Partidos contra vecino 0
Resultado 13
43345.7
Yo soy: 
-17 1 0 44 -31 -21 61 27 33 -16 55 62 -12 73 -44 97 84 -79 El mejor fue: 0
-17 1 -20 44 -31 -21 61 27 33 -16 55 62 -12 73 -44 97 84 -79 Generación 11
arranca 
Jugando Partidos contra vecino 0
Resultado 15
51123.7
Yo soy: 
-17 1 -20 44 -31 -21 61 27 33 -16 55 62 -12 73 -44 97 84 -79 El mejor fue: 0
-17 1 -20 44 -31 -21 61 7 33 -16 55 62 -12 73 -44 97 84 -79 Generación 10
arranca 
Jugando Partidos contra vecino 0
Resultado 15
39470.5
Yo soy: 
-17 1 -20 44 -31 -21 61 7 33 -16 55 62 -12 73 -44 97 84 -79 El mejor fue: 0
-17 1 -20 44 -31 -21 61 -13 33 -16 55 62 -12 73 -44 97 84 -79 Generación 9
arranca 
Jugando Partidos contra vecino 0
Resultado 13
48372
Yo soy: 
-17 1 -20 44 -31 -21 61 -13 33 -16 55 62 -12 73 -44 97 84 -79 El mejor fue: 0
-17 1 -20 44 -31 -21 61 -13 33 -16 75 62 -12 73 -44 97 84 -79 Generación 8
arranca 
Jugando Partidos contra vecino 0
Resultado 12
39171.9
Yo soy: 
-17 1 -20 44 -31 -21 61 -13 33 -16 75 62 -12 73 -44 97 84 -79 El mejor fue: 0
-17 1 -20 44 -31 -21 41 -13 33 -16 75 62 -12 73 -44 97 84 -79 Generación 7
arranca 
Jugando Partidos contra vecino 0
Resultado 13
50675.5
Yo soy: 
-17 1 -20 44 -31 -21 41 -13 33 -16 75 62 -12 73 -44 97 84 -79 El mejor fue: 0
-17 1 -20 44 -31 -21 21 -13 33 -16 75 62 -12 73 -44 97 84 -79 Generación 6
arranca 
Jugando Partidos contra vecino 0
Resultado 11
41876.8
Yo soy: 
-17 1 -20 44 -31 -21 21 -13 33 -16 75 62 -12 73 -44 97 84 -79 El mejor fue: 0
-17 1 -20 44 -51 -21 21 -13 33 -16 75 62 -12 73 -44 97 84 -79 Generación 5
arranca 
Jugando Partidos contra vecino 0
Resultado 13
37375.3
Yo soy: 
-17 1 -20 44 -51 -21 21 -13 33 -16 75 62 -12 73 -44 97 84 -79 El mejor fue: 0
-17 1 -20 44 -51 -21 21 -13 33 4 75 62 -12 73 -44 97 84 -79 Generación 4
arranca 
Jugando Partidos contra vecino 0
Resultado 13
48847.7
Yo soy: 
-17 1 -20 44 -51 -21 21 -13 33 4 75 62 -12 73 -44 97 84 -79 El mejor fue: 0
-17 21 -20 44 -51 -21 21 -13 33 4 75 62 -12 73 -44 97 84 -79 Generación 3
arranca 
Jugando Partidos contra vecino 0
Resultado 11
39707.3
Yo soy: 
-17 21 -20 44 -51 -21 21 -13 33 4 75 62 -12 73 -44 97 84 -79 El mejor fue: 0
-17 21 -20 44 -71 -21 21 -13 33 4 75 62 -12 73 -44 97 84 -79 Generación 2
arranca 
Jugando Partidos contra vecino 0
Resultado 15
56724.5
Yo soy: 
-17 21 -20 44 -71 -21 21 -13 33 4 75 62 -12 73 -44 97 84 -79 El mejor fue: 0
-17 1 -20 44 -71 -21 21 -13 33 4 75 62 -12 73 -44 97 84 -79 Generación 1
arranca 
Jugando Partidos contra vecino 0
Resultado 13
32899.8
Yo soy: 
-17 1 -20 44 -71 -21 21 -13 33 4 75 62 -12 73 -44 97 84 -79 El mejor fue: 0
-17 1 -20 44 -71 -21 21 -13 53 4 75 62 -12 73 -44 97 84 -79 Generación 0
1.92539e+07
