arranca 
Jugando Partidos contra vecino 0
Resultado 15
48935.1
Yo soy: 
41 20 1 65 98 69 28 61 0 33 15 12 99 65 52 El mejor fue: 0
41 20 1 65 98 69 28 61 0 33 15 22 99 65 52 Generación 99
arranca 
Jugando Partidos contra vecino 0
Resultado 10
37982
Yo soy: 
41 20 1 65 98 69 28 61 0 33 15 22 99 65 52 El mejor fue: 0
41 20 1 65 98 69 28 61 0 23 15 22 99 65 52 Generación 98
arranca 
Jugando Partidos contra vecino 0
Resultado 13
35714.1
Yo soy: 
41 20 1 65 98 69 28 61 0 23 15 22 99 65 52 El mejor fue: 0
41 20 1 65 98 69 28 61 0 23 15 22 99 65 62 Generación 97
arranca 
Jugando Partidos contra vecino 0
Resultado 15
51707.1
Yo soy: 
41 20 1 65 98 69 28 61 0 23 15 22 99 65 62 El mejor fue: 0
41 20 1 65 98 69 28 61 -10 23 15 22 99 65 62 Generación 96
arranca 
Jugando Partidos contra vecino 0
Resultado 15
45085.4
Yo soy: 
41 20 1 65 98 69 28 61 -10 23 15 22 99 65 62 El mejor fue: 0
41 20 1 65 78 69 28 61 -10 23 15 22 99 65 62 Generación 95
arranca 
Jugando Partidos contra vecino 0
Resultado 5
17442.1
Jugando Partidos contra vecino 1
Resultado 15
27610.8
Yo soy: 
41 20 1 65 78 69 28 61 -10 23 15 22 99 65 62 El mejor fue: 1
41 20 11 65 78 69 28 61 -10 23 15 22 99 65 62 Generación 94
arranca 
Jugando Partidos contra vecino 0
Resultado 13
42815.3
Yo soy: 
41 20 11 65 78 69 28 61 -10 23 15 22 99 65 62 El mejor fue: 0
41 20 21 65 78 69 28 61 -10 23 15 22 99 65 62 Generación 93
arranca 
Jugando Partidos contra vecino 0
Resultado 13
53124
Yo soy: 
41 20 21 65 78 69 28 61 -10 23 15 22 99 65 62 El mejor fue: 0
41 20 21 65 78 79 28 61 -10 23 15 22 99 65 62 Generación 92
arranca 
Jugando Partidos contra vecino 0
Resultado 7
37700.3
Jugando Partidos contra vecino 1
Resultado 4
16089.9
Jugando Partidos contra vecino 2
Resultado 9
31693.4
Jugando Partidos contra vecino 3
Resultado 15
45023.3
Yo soy: 
41 20 21 65 78 79 28 61 -10 23 15 22 99 65 62 El mejor fue: 3
41 20 21 65 78 79 28 61 0 23 15 22 99 65 62 Generación 91
arranca 
Jugando Partidos contra vecino 0
Resultado 13
48750.9
Yo soy: 
41 20 21 65 78 79 28 61 0 23 15 22 99 65 62 El mejor fue: 0
41 20 21 65 68 79 28 61 0 23 15 22 99 65 62 Generación 90
arranca 
Jugando Partidos contra vecino 0
Resultado 13
41488.6
Yo soy: 
41 20 21 65 68 79 28 61 0 23 15 22 99 65 62 El mejor fue: 0
41 20 21 65 58 79 28 61 0 23 15 22 99 65 62 Generación 89
arranca 
Jugando Partidos contra vecino 0
Resultado 15
48902.3
Yo soy: 
41 20 21 65 58 79 28 61 0 23 15 22 99 65 62 El mejor fue: 0
41 20 21 65 68 79 28 61 0 23 15 22 99 65 62 Generación 88
arranca 
Jugando Partidos contra vecino 0
Resultado 13
40786.1
Yo soy: 
41 20 21 65 68 79 28 61 0 23 15 22 99 65 62 El mejor fue: 0
31 20 21 65 68 79 28 61 0 23 15 22 99 65 62 Generación 87
arranca 
Jugando Partidos contra vecino 0
Resultado 13
38256.2
Yo soy: 
31 20 21 65 68 79 28 61 0 23 15 22 99 65 62 El mejor fue: 0
31 20 21 65 68 79 28 61 0 13 15 22 99 65 62 Generación 86
arranca 
Jugando Partidos contra vecino 0
Resultado 9
36091.7
Jugando Partidos contra vecino 1
Resultado 11
31102.4
Yo soy: 
31 20 21 65 68 79 28 61 0 13 15 22 99 65 62 El mejor fue: 1
31 20 21 65 68 79 28 61 0 13 5 22 99 65 62 Generación 85
arranca 
Jugando Partidos contra vecino 0
Resultado 13
37106.7
Yo soy: 
31 20 21 65 68 79 28 61 0 13 5 22 99 65 62 El mejor fue: 0
31 20 21 65 68 79 28 61 0 13 5 32 99 65 62 Generación 84
arranca 
Jugando Partidos contra vecino 0
Resultado 15
32495
Yo soy: 
31 20 21 65 68 79 28 61 0 13 5 32 99 65 62 El mejor fue: 0
31 20 21 65 68 89 28 61 0 13 5 32 99 65 62 Generación 83
arranca 
Jugando Partidos contra vecino 0
Resultado 13
44832.3
Yo soy: 
31 20 21 65 68 89 28 61 0 13 5 32 99 65 62 El mejor fue: 0
31 20 21 65 68 89 28 61 0 13 5 32 99 55 62 Generación 82
arranca 
Jugando Partidos contra vecino 0
Resultado 8
25535.6
Jugando Partidos contra vecino 1
Resultado 13
42960.8
Yo soy: 
31 20 21 65 68 89 28 61 0 13 5 32 99 55 62 El mejor fue: 1
31 20 21 75 68 89 28 61 0 13 5 32 99 55 62 Generación 81
arranca 
Jugando Partidos contra vecino 0
Resultado 11
26816.6
Yo soy: 
31 20 21 75 68 89 28 61 0 13 5 32 99 55 62 El mejor fue: 0
31 20 21 75 58 89 28 61 0 13 5 32 99 55 62 Generación 80
arranca 
Jugando Partidos contra vecino 0
Resultado 13
41042.4
Yo soy: 
31 20 21 75 58 89 28 61 0 13 5 32 99 55 62 El mejor fue: 0
31 20 21 75 58 89 18 61 0 13 5 32 99 55 62 Generación 79
arranca 
Jugando Partidos contra vecino 0
Resultado 15
57264.4
Yo soy: 
31 20 21 75 58 89 18 61 0 13 5 32 99 55 62 El mejor fue: 0
31 20 21 75 58 89 18 61 0 13 5 32 99 55 52 Generación 78
arranca 
Jugando Partidos contra vecino 0
Resultado 15
60956.6
Yo soy: 
31 20 21 75 58 89 18 61 0 13 5 32 99 55 52 El mejor fue: 0
31 20 21 75 58 99 18 61 0 13 5 32 99 55 52 Generación 77
arranca 
Jugando Partidos contra vecino 0
Resultado 15
60830.6
Yo soy: 
31 20 21 75 58 99 18 61 0 13 5 32 99 55 52 El mejor fue: 0
31 20 21 75 58 99 18 71 0 13 5 32 99 55 52 Generación 76
arranca 
Jugando Partidos contra vecino 0
Resultado 15
49797.8
Yo soy: 
31 20 21 75 58 99 18 71 0 13 5 32 99 55 52 El mejor fue: 0
31 20 21 75 58 79 18 71 0 13 5 32 99 55 52 Generación 75
arranca 
Jugando Partidos contra vecino 0
Resultado 15
56100.4
Yo soy: 
31 20 21 75 58 79 18 71 0 13 5 32 99 55 52 El mejor fue: 0
31 20 21 85 58 79 18 71 0 13 5 32 99 55 52 Generación 74
arranca 
Jugando Partidos contra vecino 0
Resultado 13
48699.3
Yo soy: 
31 20 21 85 58 79 18 71 0 13 5 32 99 55 52 El mejor fue: 0
31 20 21 85 68 79 18 71 0 13 5 32 99 55 52 Generación 73
arranca 
Jugando Partidos contra vecino 0
Resultado 15
54462.5
Yo soy: 
31 20 21 85 68 79 18 71 0 13 5 32 99 55 52 El mejor fue: 0
31 20 21 85 68 79 18 71 0 13 15 32 99 55 52 Generación 72
arranca 
Jugando Partidos contra vecino 0
Resultado 13
37113.4
Yo soy: 
31 20 21 85 68 79 18 71 0 13 15 32 99 55 52 El mejor fue: 0
31 20 21 95 68 79 18 71 0 13 15 32 99 55 52 Generación 71
arranca 
Jugando Partidos contra vecino 0
Resultado 13
45891.6
Yo soy: 
31 20 21 95 68 79 18 71 0 13 15 32 99 55 52 El mejor fue: 0
31 20 21 95 68 79 18 71 0 13 15 32 99 55 42 Generación 70
arranca 
Jugando Partidos contra vecino 0
Resultado 11
39795.1
Yo soy: 
31 20 21 95 68 79 18 71 0 13 15 32 99 55 42 El mejor fue: 0
31 20 21 95 68 69 18 71 0 13 15 32 99 55 42 Generación 69
arranca 
Jugando Partidos contra vecino 0
Resultado 15
40957.9
Yo soy: 
31 20 21 95 68 69 18 71 0 13 15 32 99 55 42 El mejor fue: 0
31 20 31 95 68 69 18 71 0 13 15 32 99 55 42 Generación 68
arranca 
Jugando Partidos contra vecino 0
Resultado 13
39120.9
Yo soy: 
31 20 31 95 68 69 18 71 0 13 15 32 99 55 42 El mejor fue: 0
31 20 31 95 68 69 18 71 -10 13 15 32 99 55 42 Generación 67
arranca 
Jugando Partidos contra vecino 0
Resultado 15
29637.6
Yo soy: 
31 20 31 95 68 69 18 71 -10 13 15 32 99 55 42 El mejor fue: 0
31 20 31 75 68 69 18 71 -10 13 15 32 99 55 42 Generación 66
arranca 
Jugando Partidos contra vecino 0
Resultado 2
18399.4
Jugando Partidos contra vecino 1
Resultado 15
48427.9
Yo soy: 
31 20 31 75 68 69 18 71 -10 13 15 32 99 55 42 El mejor fue: 1
21 20 31 75 68 69 18 71 -10 13 15 32 99 55 42 Generación 65
arranca 
Jugando Partidos contra vecino 0
Resultado 15
34150.4
Yo soy: 
21 20 31 75 68 69 18 71 -10 13 15 32 99 55 42 El mejor fue: 0
21 20 31 75 68 69 18 71 -10 13 5 32 99 55 42 Generación 64
arranca 
Jugando Partidos contra vecino 0
Resultado 11
38767.9
Yo soy: 
21 20 31 75 68 69 18 71 -10 13 5 32 99 55 42 El mejor fue: 0
21 20 31 75 68 69 18 71 -10 13 5 42 99 55 42 Generación 63
arranca 
Jugando Partidos contra vecino 0
Resultado 11
27609.3
Yo soy: 
21 20 31 75 68 69 18 71 -10 13 5 42 99 55 42 El mejor fue: 0
21 20 31 75 68 69 18 71 -10 13 5 52 99 55 42 Generación 62
arranca 
Jugando Partidos contra vecino 0
Resultado 11
44899.8
Yo soy: 
21 20 31 75 68 69 18 71 -10 13 5 52 99 55 42 El mejor fue: 0
21 20 31 75 68 69 18 71 -10 13 5 52 99 45 42 Generación 61
arranca 
Jugando Partidos contra vecino 0
Resultado 15
40468
Yo soy: 
21 20 31 75 68 69 18 71 -10 13 5 52 99 45 42 El mejor fue: 0
21 20 31 75 68 69 18 81 -10 13 5 52 99 45 42 Generación 60
arranca 
Jugando Partidos contra vecino 0
Resultado 15
40895.5
Yo soy: 
21 20 31 75 68 69 18 81 -10 13 5 52 99 45 42 El mejor fue: 0
21 20 31 75 68 69 18 81 -10 13 5 42 99 45 42 Generación 59
arranca 
Jugando Partidos contra vecino 0
Resultado 15
48026.7
Yo soy: 
21 20 31 75 68 69 18 81 -10 13 5 42 99 45 42 El mejor fue: 0
21 20 31 85 68 69 18 81 -10 13 5 42 99 45 42 Generación 58
arranca 
Jugando Partidos contra vecino 0
Resultado 13
26843.6
Yo soy: 
21 20 31 85 68 69 18 81 -10 13 5 42 99 45 42 El mejor fue: 0
21 20 31 85 68 69 18 81 -10 13 5 32 99 45 42 Generación 57
arranca 
Jugando Partidos contra vecino 0
Resultado 11
31606.9
Yo soy: 
21 20 31 85 68 69 18 81 -10 13 5 32 99 45 42 El mejor fue: 0
31 20 31 85 68 69 18 81 -10 13 5 32 99 45 42 Generación 56
arranca 
Jugando Partidos contra vecino 0
Resultado 11
28895.8
Yo soy: 
31 20 31 85 68 69 18 81 -10 13 5 32 99 45 42 El mejor fue: 0
31 30 31 85 68 69 18 81 -10 13 5 32 99 45 42 Generación 55
arranca 
Jugando Partidos contra vecino 0
Resultado 11
40655
Yo soy: 
31 30 31 85 68 69 18 81 -10 13 5 32 99 45 42 El mejor fue: 0
31 20 31 85 68 69 18 81 -10 13 5 32 99 45 42 Generación 54
arranca 
Jugando Partidos contra vecino 0
Resultado 11
33402.7
Yo soy: 
31 20 31 85 68 69 18 81 -10 13 5 32 99 45 42 El mejor fue: 0
31 20 31 75 68 69 18 81 -10 13 5 32 99 45 42 Generación 53
arranca 
Jugando Partidos contra vecino 0
Resultado 11
31134
Yo soy: 
31 20 31 75 68 69 18 81 -10 13 5 32 99 45 42 El mejor fue: 0
31 20 31 75 68 69 28 81 -10 13 5 32 99 45 42 Generación 52
arranca 
Jugando Partidos contra vecino 0
Resultado 9
27058.2
Jugando Partidos contra vecino 1
Resultado 9
37344.1
Jugando Partidos contra vecino 2
Resultado 7
20409.7
Jugando Partidos contra vecino 3
Resultado 15
38355
Yo soy: 
31 20 31 75 68 69 28 81 -10 13 5 32 99 45 42 El mejor fue: 3
31 20 31 75 68 69 18 81 -10 13 5 32 99 45 42 Generación 51
arranca 
Jugando Partidos contra vecino 0
Resultado 13
42702.6
Yo soy: 
31 20 31 75 68 69 18 81 -10 13 5 32 99 45 42 El mejor fue: 0
31 10 31 75 68 69 18 81 -10 13 5 32 99 45 42 Generación 50
arranca 
Jugando Partidos contra vecino 0
Resultado 13
43061.7
Yo soy: 
31 10 31 75 68 69 18 81 -10 13 5 32 99 45 42 El mejor fue: 0
31 10 31 75 68 69 18 81 -10 13 5 32 99 45 52 Generación 49
arranca 
Jugando Partidos contra vecino 0
Resultado 15
37294.9
Yo soy: 
31 10 31 75 68 69 18 81 -10 13 5 32 99 45 52 El mejor fue: 0
31 10 31 75 68 69 18 81 -10 13 -5 32 99 45 52 Generación 48
arranca 
Jugando Partidos contra vecino 0
Resultado 13
33519.9
Yo soy: 
31 10 31 75 68 69 18 81 -10 13 -5 32 99 45 52 El mejor fue: 0
41 10 31 75 68 69 18 81 -10 13 -5 32 99 45 52 Generación 47
arranca 
Jugando Partidos contra vecino 0
Resultado 13
26189.9
Yo soy: 
41 10 31 75 68 69 18 81 -10 13 -5 32 99 45 52 El mejor fue: 0
41 10 31 75 68 69 18 81 -10 13 -15 32 99 45 52 Generación 46
arranca 
Jugando Partidos contra vecino 0
Resultado 9
20929
Jugando Partidos contra vecino 1
Resultado 15
23985.1
Yo soy: 
41 10 31 75 68 69 18 81 -10 13 -15 32 99 45 52 El mejor fue: 1
41 20 31 75 68 69 18 81 -10 13 -15 32 99 45 52 Generación 45
arranca 
Jugando Partidos contra vecino 0
Resultado 13
24486.2
Yo soy: 
41 20 31 75 68 69 18 81 -10 13 -15 32 99 45 52 El mejor fue: 0
41 20 31 75 68 69 18 81 -10 3 -15 32 99 45 52 Generación 44
arranca 
Jugando Partidos contra vecino 0
Resultado 15
30481.8
Yo soy: 
41 20 31 75 68 69 18 81 -10 3 -15 32 99 45 52 El mejor fue: 0
41 20 31 75 68 69 18 81 -10 3 -15 32 99 45 62 Generación 43
arranca 
Jugando Partidos contra vecino 0
Resultado 11
20376.6
Yo soy: 
41 20 31 75 68 69 18 81 -10 3 -15 32 99 45 62 El mejor fue: 0
41 20 31 75 68 79 18 81 -10 3 -15 32 99 45 62 Generación 42
arranca 
Jugando Partidos contra vecino 0
Resultado 13
23834.2
Yo soy: 
41 20 31 75 68 79 18 81 -10 3 -15 32 99 45 62 El mejor fue: 0
41 20 31 75 58 79 18 81 -10 3 -15 32 99 45 62 Generación 41
arranca 
Jugando Partidos contra vecino 0
Resultado 5
15648.9
Jugando Partidos contra vecino 1
Resultado 13
30576.7
Yo soy: 
41 20 31 75 58 79 18 81 -10 3 -15 32 99 45 62 El mejor fue: 1
41 20 31 75 58 79 18 81 -10 3 -15 32 99 45 72 Generación 40
arranca 
Jugando Partidos contra vecino 0
Resultado 15
31892
Yo soy: 
41 20 31 75 58 79 18 81 -10 3 -15 32 99 45 72 El mejor fue: 0
41 20 31 75 58 79 18 81 -10 3 -15 32 99 55 72 Generación 39
arranca 
Jugando Partidos contra vecino 0
Resultado 11
25140.7
Yo soy: 
41 20 31 75 58 79 18 81 -10 3 -15 32 99 55 72 El mejor fue: 0
41 20 31 85 58 79 18 81 -10 3 -15 32 99 55 72 Generación 38
arranca 
Jugando Partidos contra vecino 0
Resultado 9
17907.3
Jugando Partidos contra vecino 1
Resultado 13
24947
Yo soy: 
41 20 31 85 58 79 18 81 -10 3 -15 32 99 55 72 El mejor fue: 1
51 20 31 85 58 79 18 81 -10 3 -15 32 99 55 72 Generación 37
arranca 
Jugando Partidos contra vecino 0
Resultado 11
21638.7
Yo soy: 
51 20 31 85 58 79 18 81 -10 3 -15 32 99 55 72 El mejor fue: 0
51 20 31 85 58 79 18 81 -10 3 -5 32 99 55 72 Generación 36
arranca 
Jugando Partidos contra vecino 0
Resultado 13
21184
Yo soy: 
51 20 31 85 58 79 18 81 -10 3 -5 32 99 55 72 El mejor fue: 0
51 20 31 85 58 79 18 81 -10 3 -5 32 99 55 62 Generación 35
arranca 
Jugando Partidos contra vecino 0
Resultado 7
21662.2
Jugando Partidos contra vecino 1
Resultado 11
23620.8
Yo soy: 
51 20 31 85 58 79 18 81 -10 3 -5 32 99 55 62 El mejor fue: 1
51 20 31 85 58 79 18 81 -10 13 -5 32 99 55 62 Generación 34
arranca 
Jugando Partidos contra vecino 0
Resultado 15
32936.3
Yo soy: 
51 20 31 85 58 79 18 81 -10 13 -5 32 99 55 62 El mejor fue: 0
51 20 31 85 58 79 18 81 -10 13 -5 22 99 55 62 Generación 33
arranca 
Jugando Partidos contra vecino 0
Resultado 11
29004.7
Yo soy: 
51 20 31 85 58 79 18 81 -10 13 -5 22 99 55 62 El mejor fue: 0
51 20 31 85 58 79 18 81 -10 13 -5 12 99 55 62 Generación 32
arranca 
Jugando Partidos contra vecino 0
Resultado 15
23884.9
Yo soy: 
51 20 31 85 58 79 18 81 -10 13 -5 12 99 55 62 El mejor fue: 0
51 30 31 85 58 79 18 81 -10 13 -5 12 99 55 62 Generación 31
arranca 
Jugando Partidos contra vecino 0
Resultado 9
25326
Jugando Partidos contra vecino 1
Resultado 7
21258.6
Jugando Partidos contra vecino 2
Resultado 7
33382.3
Jugando Partidos contra vecino 3
Resultado 5
23399.9
Jugando Partidos contra vecino 4
Resultado 5
22711.4
Jugando Partidos contra vecino 5
Resultado 15
30090.6
Yo soy: 
51 30 31 85 58 79 18 81 -10 13 -5 12 99 55 62 El mejor fue: 5
41 30 31 85 58 79 18 81 -10 13 -5 12 99 55 62 Generación 30
arranca 
Jugando Partidos contra vecino 0
Resultado 9
29805.7
Jugando Partidos contra vecino 1
Resultado 11
29405.8
Yo soy: 
41 30 31 85 58 79 18 81 -10 13 -5 12 99 55 62 El mejor fue: 1
41 30 31 85 48 79 18 81 -10 13 -5 12 99 55 62 Generación 29
arranca 
Jugando Partidos contra vecino 0
Resultado 7
28840.8
Jugando Partidos contra vecino 1
Resultado 11
26326.2
Yo soy: 
41 30 31 85 48 79 18 81 -10 13 -5 12 99 55 62 El mejor fue: 1
41 30 31 85 38 79 18 81 -10 13 -5 12 99 55 62 Generación 28
arranca 
Jugando Partidos contra vecino 0
Resultado 9
23609
Jugando Partidos contra vecino 1
Resultado 9
23689.3
Jugando Partidos contra vecino 2
Resultado 13
25276
Yo soy: 
41 30 31 85 38 79 18 81 -10 13 -5 12 99 55 62 El mejor fue: 2
41 30 31 85 48 79 18 81 -10 13 -5 12 99 55 62 Generación 27
arranca 
Jugando Partidos contra vecino 0
Resultado 9
23805.2
Jugando Partidos contra vecino 1
Resultado 9
19970.9
Jugando Partidos contra vecino 2
Resultado 11
25628.7
Yo soy: 
41 30 31 85 48 79 18 81 -10 13 -5 12 99 55 62 El mejor fue: 2
41 30 31 85 48 79 18 81 -10 13 -15 12 99 55 62 Generación 26
arranca 
Jugando Partidos contra vecino 0
Resultado 9
22110.3
Jugando Partidos contra vecino 1
Resultado 7
23574.7
Jugando Partidos contra vecino 2
Resultado 7
21705.4
Jugando Partidos contra vecino 3
Resultado 9
25230.8
Jugando Partidos contra vecino 4
Resultado 7
19903.8
Jugando Partidos contra vecino 5
Resultado 5
20523.6
Jugando Partidos contra vecino 6
Resultado 7
25454.4
Jugando Partidos contra vecino 7
Resultado 9
24476.9
Jugando Partidos contra vecino 8
Resultado 7
25977.7
Jugando Partidos contra vecino 9
Resultado 5
15364
Jugando Partidos contra vecino 10
Resultado 5
21482.5
Jugando Partidos contra vecino 11
Resultado 5
19817.6
Jugando Partidos contra vecino 12
Resultado 7
24069.6
Jugando Partidos contra vecino 13
Resultado 5
14636.6
Jugando Partidos contra vecino 14
Resultado 7
24106.9
Jugando Partidos contra vecino 15
Resultado 7
23495.6
Jugando Partidos contra vecino 16
Resultado 5
21481.5
Jugando Partidos contra vecino 17
Resultado 7
23617.1
Jugando Partidos contra vecino 18
Resultado 13
27677.2
Yo soy: 
41 30 31 85 48 79 18 81 -10 13 -15 12 99 55 62 El mejor fue: 18
41 30 31 85 48 79 18 81 -10 13 -5 12 99 55 62 Generación 25
arranca 
Jugando Partidos contra vecino 0
Resultado 13
25295.7
Yo soy: 
41 30 31 85 48 79 18 81 -10 13 -5 12 99 55 62 El mejor fue: 0
41 30 31 85 48 89 18 81 -10 13 -5 12 99 55 62 Generación 24
arranca 
Jugando Partidos contra vecino 0
Resultado 11
24222.1
Yo soy: 
41 30 31 85 48 89 18 81 -10 13 -5 12 99 55 62 El mejor fue: 0
41 20 31 85 48 89 18 81 -10 13 -5 12 99 55 62 Generación 23
arranca 
Jugando Partidos contra vecino 0
Resultado 15
31828.5
Yo soy: 
41 20 31 85 48 89 18 81 -10 13 -5 12 99 55 62 El mejor fue: 0
41 10 31 85 48 89 18 81 -10 13 -5 12 99 55 62 Generación 22
arranca 
Jugando Partidos contra vecino 0
Resultado 13
30197.6
Yo soy: 
41 10 31 85 48 89 18 81 -10 13 -5 12 99 55 62 El mejor fue: 0
41 10 31 85 48 89 18 81 -10 13 -5 12 99 55 52 Generación 21
arranca 
Jugando Partidos contra vecino 0
Resultado 7
18994
Jugando Partidos contra vecino 1
Resultado 13
25251.2
Yo soy: 
41 10 31 85 48 89 18 81 -10 13 -5 12 99 55 52 El mejor fue: 1
41 10 31 85 58 89 18 81 -10 13 -5 12 99 55 52 Generación 20
arranca 
Jugando Partidos contra vecino 0
Resultado 7
20791.5
Jugando Partidos contra vecino 1
Resultado 11
26020.6
Yo soy: 
41 10 31 85 58 89 18 81 -10 13 -5 12 99 55 52 El mejor fue: 1
41 10 31 95 58 89 18 81 -10 13 -5 12 99 55 52 Generación 19
arranca 
Jugando Partidos contra vecino 0
Resultado 5
17648
Jugando Partidos contra vecino 1
Resultado 15
31758.4
Yo soy: 
41 10 31 95 58 89 18 81 -10 13 -5 12 99 55 52 El mejor fue: 1
31 10 31 95 58 89 18 81 -10 13 -5 12 99 55 52 Generación 18
arranca 
Jugando Partidos contra vecino 0
Resultado 5
21541.5
Jugando Partidos contra vecino 1
Resultado 9
23001.2
Jugando Partidos contra vecino 2
Resultado 13
31708.3
Yo soy: 
31 10 31 95 58 89 18 81 -10 13 -5 12 99 55 52 El mejor fue: 2
31 10 21 95 58 89 18 81 -10 13 -5 12 99 55 52 Generación 17
arranca 
Jugando Partidos contra vecino 0
Resultado 7
23481.4
Jugando Partidos contra vecino 1
Resultado 13
28862.1
Yo soy: 
31 10 21 95 58 89 18 81 -10 13 -5 12 99 55 52 El mejor fue: 1
31 10 21 95 58 89 18 81 0 13 -5 12 99 55 52 Generación 16
arranca 
Jugando Partidos contra vecino 0
Resultado 15
24926.4
Yo soy: 
31 10 21 95 58 89 18 81 0 13 -5 12 99 55 52 El mejor fue: 0
31 10 21 75 58 89 18 81 0 13 -5 12 99 55 52 Generación 15
arranca 
Jugando Partidos contra vecino 0
Resultado 13
27366
Yo soy: 
31 10 21 75 58 89 18 81 0 13 -5 12 99 55 52 El mejor fue: 0
31 10 21 75 58 79 18 81 0 13 -5 12 99 55 52 Generación 14
arranca 
Jugando Partidos contra vecino 0
Resultado 15
24321.1
Yo soy: 
31 10 21 75 58 79 18 81 0 13 -5 12 99 55 52 El mejor fue: 0
31 10 21 75 58 79 18 81 0 13 -5 12 99 45 52 Generación 13
arranca 
Jugando Partidos contra vecino 0
Resultado 11
21079.6
Yo soy: 
31 10 21 75 58 79 18 81 0 13 -5 12 99 45 52 El mejor fue: 0
31 10 21 75 58 79 18 81 0 13 -15 12 99 45 52 Generación 12
arranca 
Jugando Partidos contra vecino 0
Resultado 7
18822.8
Jugando Partidos contra vecino 1
Resultado 11
22540.6
Yo soy: 
31 10 21 75 58 79 18 81 0 13 -15 12 99 45 52 El mejor fue: 1
31 10 21 75 58 79 18 81 0 13 -25 12 99 45 52 Generación 11
arranca 
Jugando Partidos contra vecino 0
Resultado 13
29439.3
Yo soy: 
31 10 21 75 58 79 18 81 0 13 -25 12 99 45 52 El mejor fue: 0
31 0 21 75 58 79 18 81 0 13 -25 12 99 45 52 Generación 10
arranca 
Jugando Partidos contra vecino 0
Resultado 11
27236.7
Yo soy: 
31 0 21 75 58 79 18 81 0 13 -25 12 99 45 52 El mejor fue: 0
31 0 21 75 58 79 18 81 0 23 -25 12 99 45 52 Generación 9
arranca 
Jugando Partidos contra vecino 0
Resultado 9
22406
Jugando Partidos contra vecino 1
Resultado 13
24392.2
Yo soy: 
31 0 21 75 58 79 18 81 0 23 -25 12 99 45 52 El mejor fue: 1
31 0 21 75 58 79 18 81 0 23 -25 2 99 45 52 Generación 8
arranca 
Jugando Partidos contra vecino 0
Resultado 7
23998.4
Jugando Partidos contra vecino 1
Resultado 5
17009.2
Jugando Partidos contra vecino 2
Resultado 9
20643.8
Jugando Partidos contra vecino 3
Resultado 11
22551.5
Yo soy: 
31 0 21 75 58 79 18 81 0 23 -25 2 99 45 52 El mejor fue: 3
31 -10 21 75 58 79 18 81 0 23 -25 2 99 45 52 Generación 7
arranca 
Jugando Partidos contra vecino 0
Resultado 7
21728.3
Jugando Partidos contra vecino 1
Resultado 11
30439.9
Yo soy: 
31 -10 21 75 58 79 18 81 0 23 -25 2 99 45 52 El mejor fue: 1
31 -10 21 75 68 79 18 81 0 23 -25 2 99 45 52 Generación 6
arranca 
Jugando Partidos contra vecino 0
Resultado 5
12167.5
Jugando Partidos contra vecino 1
Resultado 5
19029.1
Jugando Partidos contra vecino 2
Resultado 15
27240.8
Yo soy: 
31 -10 21 75 68 79 18 81 0 23 -25 2 99 45 52 El mejor fue: 2
31 -20 21 75 68 79 18 81 0 23 -25 2 99 45 52 Generación 5
arranca 
Jugando Partidos contra vecino 0
Resultado 7
22189
Jugando Partidos contra vecino 1
Resultado 7
22390.4
Jugando Partidos contra vecino 2
Resultado 11
32318.1
Yo soy: 
31 -20 21 75 68 79 18 81 0 23 -25 2 99 45 52 El mejor fue: 2
31 -20 21 75 68 89 18 81 0 23 -25 2 99 45 52 Generación 4
arranca 
Jugando Partidos contra vecino 0
Resultado 11
28239.2
Yo soy: 
31 -20 21 75 68 89 18 81 0 23 -25 2 99 45 52 El mejor fue: 0
31 -20 21 65 68 89 18 81 0 23 -25 2 99 45 52 Generación 3
arranca 
Jugando Partidos contra vecino 0
Resultado 11
28520.5
Yo soy: 
31 -20 21 65 68 89 18 81 0 23 -25 2 99 45 52 El mejor fue: 0
31 -20 21 65 68 89 18 91 0 23 -25 2 99 45 52 Generación 2
arranca 
Jugando Partidos contra vecino 0
Resultado 7
24252.6
Jugando Partidos contra vecino 1
Resultado 9
27211.4
Jugando Partidos contra vecino 2
Resultado 11
25622.6
Yo soy: 
31 -20 21 65 68 89 18 91 0 23 -25 2 99 45 52 El mejor fue: 2
21 -20 21 65 68 89 18 91 0 23 -25 2 99 45 52 Generación 1
arranca 
Jugando Partidos contra vecino 0
Resultado 9
21615.6
Jugando Partidos contra vecino 1
Resultado 7
23210.2
Jugando Partidos contra vecino 2
Resultado 9
26603.9
Jugando Partidos contra vecino 3
Resultado 11
27623
Yo soy: 
21 -20 21 65 68 89 18 91 0 23 -25 2 99 45 52 El mejor fue: 3
21 -20 21 65 68 89 18 91 0 33 -25 2 99 45 52 Generación 0
4.91695e+06
