arranca 
Jugando Partidos contra vecino 0
Resultado 5
56862.9
Jugando Partidos contra vecino 1
Resultado 5
55015.2
Jugando Partidos contra vecino 2
Resultado 5
64349.5
Jugando Partidos contra vecino 3
Resultado 5
61334.3
Jugando Partidos contra vecino 4
Resultado 5
58826.8
Jugando Partidos contra vecino 5
Resultado 5
49306.7
Jugando Partidos contra vecino 6
Resultado 5
68089.8
Jugando Partidos contra vecino 7
Resultado 5
57703.8
Jugando Partidos contra vecino 8
Resultado 5
58859.2
Jugando Partidos contra vecino 9
Resultado 5
53882.4
Jugando Partidos contra vecino 10
Resultado 5
49230.5
Jugando Partidos contra vecino 11
Resultado 5
54286.7
Jugando Partidos contra vecino 12
Resultado 5
59664.1
Jugando Partidos contra vecino 13
Resultado 5
57396.8
Jugando Partidos contra vecino 14
Resultado 5
59098.9
Jugando Partidos contra vecino 15
Resultado 5
51444.4
Jugando Partidos contra vecino 16
Resultado 5
50069
Jugando Partidos contra vecino 17
Resultado 5
59709.2
Jugando Partidos contra vecino 18
Resultado 5
47473.2
Jugando Partidos contra vecino 19
Resultado 5
59947.8
Jugando Partidos contra vecino 20
Resultado 5
48784.2
Jugando Partidos contra vecino 21
Resultado 5
75916.3
Jugando Partidos contra vecino 22
Resultado 5
78265.1
Jugando Partidos contra vecino 23
Resultado 5
84241.5
Jugando Partidos contra vecino 24
Resultado 5
77181.8
Jugando Partidos contra vecino 25
Resultado 5
78615.5
Jugando Partidos contra vecino 26
Resultado 5
72121.7
Jugando Partidos contra vecino 27
Resultado 5
72577.5
Jugando Partidos contra vecino 28
Resultado 5
76581.4
Jugando Partidos contra vecino 29
Resultado 5
77216.7
1.87405e+06
