arranca 
Jugando Partidos contra vecino 0
Resultado 7
45826.2
Jugando Partidos contra vecino 1
Resultado 11
30018.7
Yo soy: 
20 79 78 5 48 93 95 15 19 39 16 51 25 62 21 El mejor fue: 1
20 79 78 5 53 93 95 15 19 39 16 51 25 62 21 Generación 59
arranca 
Jugando Partidos contra vecino 0
Resultado 7
46592.6
Jugando Partidos contra vecino 1
Resultado 11
41328.9
Yo soy: 
20 79 78 5 53 93 95 15 19 39 16 51 25 62 21 El mejor fue: 1
20 79 73 5 53 93 95 15 19 39 16 51 25 62 21 Generación 58
arranca 
Jugando Partidos contra vecino 0
Resultado 9
51306.8
Jugando Partidos contra vecino 1
Resultado 11
51730.3
Yo soy: 
20 79 73 5 53 93 95 15 19 39 16 51 25 62 21 El mejor fue: 1
20 79 73 5 53 98 95 15 19 39 16 51 25 62 21 Generación 57
arranca 
Jugando Partidos contra vecino 0
Resultado 5
39954.5
Jugando Partidos contra vecino 1
Resultado 7
35432
Jugando Partidos contra vecino 2
Resultado 9
41623
Jugando Partidos contra vecino 3
Resultado 7
48463.5
Jugando Partidos contra vecino 4
Resultado 9
40310.5
Jugando Partidos contra vecino 5
Resultado 9
50185.2
Jugando Partidos contra vecino 6
Resultado 9
37274.8
Jugando Partidos contra vecino 7
Resultado 9
42490.5
Jugando Partidos contra vecino 8
Resultado 11
50109.8
Yo soy: 
20 79 73 5 53 98 95 15 19 39 16 51 25 62 21 El mejor fue: 8
20 79 73 10 53 98 95 15 19 39 16 51 25 62 21 Generación 56
arranca 
Jugando Partidos contra vecino 0
Resultado 13
34126.4
Yo soy: 
20 79 73 10 53 98 95 15 19 39 16 51 25 62 21 El mejor fue: 0
20 84 73 10 53 98 95 15 19 39 16 51 25 62 21 Generación 55
arranca 
Jugando Partidos contra vecino 0
Resultado 7
31750.1
Jugando Partidos contra vecino 1
Resultado 11
36340.9
Yo soy: 
20 84 73 10 53 98 95 15 19 39 16 51 25 62 21 El mejor fue: 1
15 84 73 10 53 98 95 15 19 39 16 51 25 62 21 Generación 54
arranca 
Jugando Partidos contra vecino 0
Resultado 13
37091.1
Yo soy: 
15 84 73 10 53 98 95 15 19 39 16 51 25 62 21 El mejor fue: 0
15 84 73 10 53 98 90 15 19 39 16 51 25 62 21 Generación 53
arranca 
Jugando Partidos contra vecino 0
Resultado 5
60494.1
Jugando Partidos contra vecino 1
Resultado 11
36948.1
Yo soy: 
15 84 73 10 53 98 90 15 19 39 16 51 25 62 21 El mejor fue: 1
15 84 73 10 53 98 90 15 19 39 16 51 25 57 21 Generación 52
arranca 
Jugando Partidos contra vecino 0
Resultado 13
37129.3
Yo soy: 
15 84 73 10 53 98 90 15 19 39 16 51 25 57 21 El mejor fue: 0
15 84 73 10 48 98 90 15 19 39 16 51 25 57 21 Generación 51
arranca 
Jugando Partidos contra vecino 0
Resultado 13
33982.1
Yo soy: 
15 84 73 10 48 98 90 15 19 39 16 51 25 57 21 El mejor fue: 0
15 84 73 10 48 98 90 15 14 39 16 51 25 57 21 Generación 50
arranca 
Jugando Partidos contra vecino 0
Resultado 13
35344.8
Yo soy: 
15 84 73 10 48 98 90 15 14 39 16 51 25 57 21 El mejor fue: 0
15 84 73 15 48 98 90 15 14 39 16 51 25 57 21 Generación 49
arranca 
Jugando Partidos contra vecino 0
Resultado 11
38225.1
Yo soy: 
15 84 73 15 48 98 90 15 14 39 16 51 25 57 21 El mejor fue: 0
15 79 73 15 48 98 90 15 14 39 16 51 25 57 21 Generación 48
arranca 
Jugando Partidos contra vecino 0
Resultado 13
42173.4
Yo soy: 
15 79 73 15 48 98 90 15 14 39 16 51 25 57 21 El mejor fue: 0
15 79 73 15 48 98 95 15 14 39 16 51 25 57 21 Generación 47
arranca 
Jugando Partidos contra vecino 0
Resultado 7
38009.3
Jugando Partidos contra vecino 1
Resultado 7
47952.5
Jugando Partidos contra vecino 2
Resultado 9
46557
Jugando Partidos contra vecino 3
Resultado 7
32643.3
Jugando Partidos contra vecino 4
Resultado 13
51843.7
Yo soy: 
15 79 73 15 48 98 95 15 14 39 16 51 25 57 21 El mejor fue: 4
15 79 73 15 48 98 95 15 14 39 16 51 25 62 21 Generación 46
arranca 
Jugando Partidos contra vecino 0
Resultado 11
37743.9
Yo soy: 
15 79 73 15 48 98 95 15 14 39 16 51 25 62 21 El mejor fue: 0
15 79 73 15 48 98 90 15 14 39 16 51 25 62 21 Generación 45
arranca 
Jugando Partidos contra vecino 0
Resultado 7
46029.9
Jugando Partidos contra vecino 1
Resultado 7
39326.8
Jugando Partidos contra vecino 2
Resultado 9
49544.1
Jugando Partidos contra vecino 3
Resultado 9
46184.7
Jugando Partidos contra vecino 4
Resultado 9
40853.1
Jugando Partidos contra vecino 5
Resultado 13
57672.9
Yo soy: 
15 79 73 15 48 98 90 15 14 39 16 51 25 62 21 El mejor fue: 5
15 79 73 15 48 98 90 15 14 34 16 51 25 62 21 Generación 44
arranca 
Jugando Partidos contra vecino 0
Resultado 11
41751.8
Yo soy: 
15 79 73 15 48 98 90 15 14 34 16 51 25 62 21 El mejor fue: 0
15 79 73 15 48 98 90 15 14 34 16 46 25 62 21 Generación 43
arranca 
Jugando Partidos contra vecino 0
Resultado 11
37747
Yo soy: 
15 79 73 15 48 98 90 15 14 34 16 46 25 62 21 El mejor fue: 0
15 79 73 15 48 98 90 15 14 34 16 46 25 57 21 Generación 42
arranca 
Jugando Partidos contra vecino 0
Resultado 9
33508.4
Jugando Partidos contra vecino 1
Resultado 7
32840
Jugando Partidos contra vecino 2
Resultado 11
45759.2
Yo soy: 
15 79 73 15 48 98 90 15 14 34 16 46 25 57 21 El mejor fue: 2
15 79 73 15 48 98 90 15 14 34 16 46 25 62 21 Generación 41
arranca 
Jugando Partidos contra vecino 0
Resultado 9
37323.4
Jugando Partidos contra vecino 1
Resultado 7
35773.4
Jugando Partidos contra vecino 2
Resultado 9
34812.9
Jugando Partidos contra vecino 3
Resultado 9
43325.7
Jugando Partidos contra vecino 4
Resultado 7
45395.9
Jugando Partidos contra vecino 5
Resultado 13
47955.9
Yo soy: 
15 79 73 15 48 98 90 15 14 34 16 46 25 62 21 El mejor fue: 5
15 79 73 15 48 98 90 15 14 34 16 46 25 67 21 Generación 40
arranca 
Jugando Partidos contra vecino 0
Resultado 9
43223.1
Jugando Partidos contra vecino 1
Resultado 13
44024.6
Yo soy: 
15 79 73 15 48 98 90 15 14 34 16 46 25 67 21 El mejor fue: 1
15 79 73 20 48 98 90 15 14 34 16 46 25 67 21 Generación 39
arranca 
Jugando Partidos contra vecino 0
Resultado 11
35512.3
Yo soy: 
15 79 73 20 48 98 90 15 14 34 16 46 25 67 21 El mejor fue: 0
15 79 73 15 48 98 90 15 14 34 16 46 25 67 21 Generación 38
arranca 
Jugando Partidos contra vecino 0
Resultado 13
43298.5
Yo soy: 
15 79 73 15 48 98 90 15 14 34 16 46 25 67 21 El mejor fue: 0
15 84 73 15 48 98 90 15 14 34 16 46 25 67 21 Generación 37
arranca 
Jugando Partidos contra vecino 0
Resultado 15
37331.5
Yo soy: 
15 84 73 15 48 98 90 15 14 34 16 46 25 67 21 El mejor fue: 0
15 84 73 15 48 98 90 15 14 34 16 51 25 67 21 Generación 36
arranca 
Jugando Partidos contra vecino 0
Resultado 9
30907.8
Jugando Partidos contra vecino 1
Resultado 15
36646.3
Yo soy: 
15 84 73 15 48 98 90 15 14 34 16 51 25 67 21 El mejor fue: 1
15 84 73 15 43 98 90 15 14 34 16 51 25 67 21 Generación 35
arranca 
Jugando Partidos contra vecino 0
Resultado 15
36507.3
Yo soy: 
15 84 73 15 43 98 90 15 14 34 16 51 25 67 21 El mejor fue: 0
15 84 73 20 43 98 90 15 14 34 16 51 25 67 21 Generación 34
arranca 
Jugando Partidos contra vecino 0
Resultado 11
30627.6
Yo soy: 
15 84 73 20 43 98 90 15 14 34 16 51 25 67 21 El mejor fue: 0
15 84 73 20 43 98 90 20 14 34 16 51 25 67 21 Generación 33
arranca 
Jugando Partidos contra vecino 0
Resultado 5
53952.1
Jugando Partidos contra vecino 1
Resultado 9
33856.7
Jugando Partidos contra vecino 2
Resultado 13
39002.3
Yo soy: 
15 84 73 20 43 98 90 20 14 34 16 51 25 67 21 El mejor fue: 2
15 84 73 15 43 98 90 20 14 34 16 51 25 67 21 Generación 32
arranca 
Jugando Partidos contra vecino 0
Resultado 9
39036.9
Jugando Partidos contra vecino 1
Resultado 9
39005.5
Jugando Partidos contra vecino 2
Resultado 11
32146.7
Yo soy: 
15 84 73 15 43 98 90 20 14 34 16 51 25 67 21 El mejor fue: 2
15 84 73 15 38 98 90 20 14 34 16 51 25 67 21 Generación 31
arranca 
Jugando Partidos contra vecino 0
Resultado 15
35182.8
Yo soy: 
15 84 73 15 38 98 90 20 14 34 16 51 25 67 21 El mejor fue: 0
20 84 73 15 38 98 90 20 14 34 16 51 25 67 21 Generación 30
arranca 
Jugando Partidos contra vecino 0
Resultado 15
32479.6
Yo soy: 
20 84 73 15 38 98 90 20 14 34 16 51 25 67 21 El mejor fue: 0
20 84 68 15 38 98 90 20 14 34 16 51 25 67 21 Generación 29
arranca 
Jugando Partidos contra vecino 0
Resultado 13
31115.9
Yo soy: 
20 84 68 15 38 98 90 20 14 34 16 51 25 67 21 El mejor fue: 0
20 84 68 15 38 98 90 20 14 34 16 56 25 67 21 Generación 28
arranca 
Jugando Partidos contra vecino 0
Resultado 7
37862.5
Jugando Partidos contra vecino 1
Resultado 15
36997
Yo soy: 
20 84 68 15 38 98 90 20 14 34 16 56 25 67 21 El mejor fue: 1
20 84 68 15 38 98 90 20 14 34 16 56 30 67 21 Generación 27
arranca 
Jugando Partidos contra vecino 0
Resultado 11
36611.7
Yo soy: 
20 84 68 15 38 98 90 20 14 34 16 56 30 67 21 El mejor fue: 0
20 84 63 15 38 98 90 20 14 34 16 56 30 67 21 Generación 26
arranca 
Jugando Partidos contra vecino 0
Resultado 5
39679.7
Jugando Partidos contra vecino 1
Resultado 9
39880.7
Jugando Partidos contra vecino 2
Resultado 5
47377.7
Jugando Partidos contra vecino 3
Resultado 9
41264.2
Jugando Partidos contra vecino 4
Resultado 5
44582.5
Jugando Partidos contra vecino 5
Resultado 7
50421.6
Jugando Partidos contra vecino 6
Resultado 9
36536.8
Jugando Partidos contra vecino 7
Resultado 7
40575.3
Jugando Partidos contra vecino 8
Resultado 9
45439.5
Jugando Partidos contra vecino 9
Resultado 5
43205.9
Jugando Partidos contra vecino 10
Resultado 9
38113.7
Jugando Partidos contra vecino 11
Resultado 7
50189.8
Jugando Partidos contra vecino 12
Resultado 9
51232.6
Jugando Partidos contra vecino 13
Resultado 7
44289.2
Jugando Partidos contra vecino 14
Resultado 9
46096.5
Jugando Partidos contra vecino 15
Resultado 7
45267
Jugando Partidos contra vecino 16
Resultado 9
45644.7
Jugando Partidos contra vecino 17
Resultado 9
40415.8
Jugando Partidos contra vecino 18
Resultado 9
37651.8
Jugando Partidos contra vecino 19
Resultado 5
54551.7
Jugando Partidos contra vecino 20
Resultado 7
38352.8
Jugando Partidos contra vecino 21
Resultado 11
44976
Yo soy: 
20 84 63 15 38 98 90 20 14 34 16 56 30 67 21 El mejor fue: 21
20 84 63 15 38 98 90 20 14 34 16 56 35 67 21 Generación 25
arranca 
Jugando Partidos contra vecino 0
Resultado 11
46936.2
Yo soy: 
20 84 63 15 38 98 90 20 14 34 16 56 35 67 21 El mejor fue: 0
20 84 63 15 38 98 90 20 14 34 16 56 35 62 21 Generación 24
arranca 
Jugando Partidos contra vecino 0
Resultado 11
42340.2
Yo soy: 
20 84 63 15 38 98 90 20 14 34 16 56 35 62 21 El mejor fue: 0
20 84 63 15 38 93 90 20 14 34 16 56 35 62 21 Generación 23
arranca 
Jugando Partidos contra vecino 0
Resultado 15
41399.8
Yo soy: 
20 84 63 15 38 93 90 20 14 34 16 56 35 62 21 El mejor fue: 0
20 84 63 15 38 93 90 20 19 34 16 56 35 62 21 Generación 22
arranca 
Jugando Partidos contra vecino 0
Resultado 9
45839.5
Jugando Partidos contra vecino 1
Resultado 9
35364.7
Jugando Partidos contra vecino 2
Resultado 11
36107.5
Yo soy: 
20 84 63 15 38 93 90 20 19 34 16 56 35 62 21 El mejor fue: 2
20 84 63 15 38 93 90 20 14 34 16 56 35 62 21 Generación 21
arranca 
Jugando Partidos contra vecino 0
Resultado 7
36572.2
Jugando Partidos contra vecino 1
Resultado 9
61380.9
Jugando Partidos contra vecino 2
Resultado 13
39915.2
Yo soy: 
20 84 63 15 38 93 90 20 14 34 16 56 35 62 21 El mejor fue: 2
20 84 63 15 38 93 90 20 14 39 16 56 35 62 21 Generación 20
arranca 
Jugando Partidos contra vecino 0
Resultado 7
41975
Jugando Partidos contra vecino 1
Resultado 9
41247.3
Jugando Partidos contra vecino 2
Resultado 11
44632.9
Yo soy: 
20 84 63 15 38 93 90 20 14 39 16 56 35 62 21 El mejor fue: 2
20 84 63 15 38 98 90 20 14 39 16 56 35 62 21 Generación 19
arranca 
Jugando Partidos contra vecino 0
Resultado 11
43412
Yo soy: 
20 84 63 15 38 98 90 20 14 39 16 56 35 62 21 El mejor fue: 0
20 84 63 20 38 98 90 20 14 39 16 56 35 62 21 Generación 18
arranca 
Jugando Partidos contra vecino 0
Resultado 5
49879.7
Jugando Partidos contra vecino 1
Resultado 9
48719.5
Jugando Partidos contra vecino 2
Resultado 13
50226.7
Yo soy: 
20 84 63 20 38 98 90 20 14 39 16 56 35 62 21 El mejor fue: 2
20 84 63 20 38 88 90 20 14 39 16 56 35 62 21 Generación 17
arranca 
Jugando Partidos contra vecino 0
Resultado 9
41221.9
Jugando Partidos contra vecino 1
Resultado 7
40364.8
Jugando Partidos contra vecino 2
Resultado 11
45124.7
Yo soy: 
20 84 63 20 38 88 90 20 14 39 16 56 35 62 21 El mejor fue: 2
20 84 63 20 38 88 90 20 14 39 16 61 35 62 21 Generación 16
arranca 
Jugando Partidos contra vecino 0
Resultado 11
56649.2
Yo soy: 
20 84 63 20 38 88 90 20 14 39 16 61 35 62 21 El mejor fue: 0
20 84 63 20 38 83 90 20 14 39 16 61 35 62 21 Generación 15
arranca 
Jugando Partidos contra vecino 0
Resultado 9
53690.7
Jugando Partidos contra vecino 1
Resultado 11
48086.2
Yo soy: 
20 84 63 20 38 83 90 20 14 39 16 61 35 62 21 El mejor fue: 1
20 84 63 20 38 83 90 20 14 39 16 61 35 67 21 Generación 14
arranca 
Jugando Partidos contra vecino 0
Resultado 11
52035
Yo soy: 
20 84 63 20 38 83 90 20 14 39 16 61 35 67 21 El mejor fue: 0
20 89 63 20 38 83 90 20 14 39 16 61 35 67 21 Generación 13
arranca 
Jugando Partidos contra vecino 0
Resultado 9
46129.3
Jugando Partidos contra vecino 1
Resultado 9
49921
Jugando Partidos contra vecino 2
Resultado 5
41045.1
Jugando Partidos contra vecino 3
Resultado 7
54411.5
Jugando Partidos contra vecino 4
Resultado 13
66420.6
Yo soy: 
20 89 63 20 38 83 90 20 14 39 16 61 35 67 21 El mejor fue: 4
20 89 63 20 38 83 90 20 14 39 16 61 35 72 21 Generación 12
arranca 
Jugando Partidos contra vecino 0
Resultado 9
50947.7
Jugando Partidos contra vecino 1
Resultado 11
54924.6
Yo soy: 
20 89 63 20 38 83 90 20 14 39 16 61 35 72 21 El mejor fue: 1
20 89 63 25 38 83 90 20 14 39 16 61 35 72 21 Generación 11
arranca 
Jugando Partidos contra vecino 0
Resultado 7
57739.2
Jugando Partidos contra vecino 1
Resultado 9
52653.3
Jugando Partidos contra vecino 2
Resultado 11
54100.5
Yo soy: 
20 89 63 25 38 83 90 20 14 39 16 61 35 72 21 El mejor fue: 2
20 89 63 25 38 83 90 20 14 39 16 61 35 72 16 Generación 10
arranca 
Jugando Partidos contra vecino 0
Resultado 13
59427.2
Yo soy: 
20 89 63 25 38 83 90 20 14 39 16 61 35 72 16 El mejor fue: 0
20 89 68 25 38 83 90 20 14 39 16 61 35 72 16 Generación 9
arranca 
Jugando Partidos contra vecino 0
Resultado 11
49345.4
Yo soy: 
20 89 68 25 38 83 90 20 14 39 16 61 35 72 16 El mejor fue: 0
20 89 68 25 38 78 90 20 14 39 16 61 35 72 16 Generación 8
arranca 
Jugando Partidos contra vecino 0
Resultado 11
45598.6
Yo soy: 
20 89 68 25 38 78 90 20 14 39 16 61 35 72 16 El mejor fue: 0
20 89 68 30 38 78 90 20 14 39 16 61 35 72 16 Generación 7
arranca 
Jugando Partidos contra vecino 0
Resultado 13
42888.9
Yo soy: 
20 89 68 30 38 78 90 20 14 39 16 61 35 72 16 El mejor fue: 0
20 89 68 30 38 78 90 20 14 44 16 61 35 72 16 Generación 6
arranca 
Jugando Partidos contra vecino 0
Resultado 9
36238
Jugando Partidos contra vecino 1
Resultado 9
41277.1
Jugando Partidos contra vecino 2
Resultado 9
46680.6
Jugando Partidos contra vecino 3
Resultado 11
56463.9
Yo soy: 
20 89 68 30 38 78 90 20 14 44 16 61 35 72 16 El mejor fue: 3
20 89 68 30 38 78 90 20 14 49 16 61 35 72 16 Generación 5
arranca 
Jugando Partidos contra vecino 0
Resultado 11
44911.1
Yo soy: 
20 89 68 30 38 78 90 20 14 49 16 61 35 72 16 El mejor fue: 0
20 89 68 30 38 78 85 20 14 49 16 61 35 72 16 Generación 4
arranca 
Jugando Partidos contra vecino 0
Resultado 9
52235.8
Jugando Partidos contra vecino 1
Resultado 13
45922.2
Yo soy: 
20 89 68 30 38 78 85 20 14 49 16 61 35 72 16 El mejor fue: 1
20 89 68 30 38 83 85 20 14 49 16 61 35 72 16 Generación 3
arranca 
Jugando Partidos contra vecino 0
Resultado 9
47555.1
Jugando Partidos contra vecino 1
Resultado 11
52127.8
Yo soy: 
20 89 68 30 38 83 85 20 14 49 16 61 35 72 16 El mejor fue: 1
20 89 68 30 38 83 90 20 14 49 16 61 35 72 16 Generación 2
arranca 
Jugando Partidos contra vecino 0
Resultado 9
43948.7
Jugando Partidos contra vecino 1
Resultado 9
39511.6
Jugando Partidos contra vecino 2
Resultado 13
46350
Yo soy: 
20 89 68 30 38 83 90 20 14 49 16 61 35 72 16 El mejor fue: 2
20 89 68 30 38 83 90 20 14 49 16 61 40 72 16 Generación 1
arranca 
Jugando Partidos contra vecino 0
Resultado 11
43040.3
Yo soy: 
20 89 68 30 38 83 90 20 14 49 16 61 40 72 16 El mejor fue: 0
20 89 68 30 38 83 90 20 14 44 16 61 40 72 16 Generación 0
6.16283e+06
