arranca 
Jugando Partidos contra vecino 0
Resultado 5
44276.2
Jugando Partidos contra vecino 1
Resultado 5
47781.7
Jugando Partidos contra vecino 2
Resultado 9
62362.3
Jugando Partidos contra vecino 3
Resultado 5
58947.6
Jugando Partidos contra vecino 4
Resultado 4
51667.6
Jugando Partidos contra vecino 5
Resultado 5
63473.8
Jugando Partidos contra vecino 6
Resultado 5
31577.4
Jugando Partidos contra vecino 7
Resultado 5
55580.8
Jugando Partidos contra vecino 8
Resultado 5
56994.9
Jugando Partidos contra vecino 9
Resultado 7
48305.9
Jugando Partidos contra vecino 10
Resultado 5
52572.5
Jugando Partidos contra vecino 11
Resultado 13
57363.3
Yo soy: 
24 67 92 31 26 33 74 79 89 45 60 88 69 56 54 68 60 24 El mejor fue: 11
24 67 92 31 26 33 74 79 49 45 60 88 69 56 54 68 60 24 Generación 199
arranca 
Jugando Partidos contra vecino 0
Resultado 12
47270.6
Yo soy: 
24 67 92 31 26 33 74 79 49 45 60 88 69 56 54 68 60 24 El mejor fue: 0
24 67 92 31 26 53 74 79 49 45 60 88 69 56 54 68 60 24 Generación 198
arranca 
Jugando Partidos contra vecino 0
Resultado 11
47170.9
Yo soy: 
24 67 92 31 26 53 74 79 49 45 60 88 69 56 54 68 60 24 El mejor fue: 0
24 67 92 31 26 53 74 99 49 45 60 88 69 56 54 68 60 24 Generación 197
arranca 
Jugando Partidos contra vecino 0
Resultado 11
28161.5
Yo soy: 
24 67 92 31 26 53 74 99 49 45 60 88 69 56 54 68 60 24 El mejor fue: 0
24 67 92 31 26 53 74 99 49 45 60 48 69 56 54 68 60 24 Generación 196
arranca 
Jugando Partidos contra vecino 0
Resultado 13
29109.5
Yo soy: 
24 67 92 31 26 53 74 99 49 45 60 48 69 56 54 68 60 24 El mejor fue: 0
24 67 92 31 26 53 74 79 49 45 60 48 69 56 54 68 60 24 Generación 195
arranca 
Jugando Partidos contra vecino 0
Resultado 8
26427.4
Jugando Partidos contra vecino 1
Resultado 7
25615.2
Jugando Partidos contra vecino 2
Resultado 8
31363.4
Jugando Partidos contra vecino 3
Resultado 15
26736.8
Yo soy: 
24 67 92 31 26 53 74 79 49 45 60 48 69 56 54 68 60 24 El mejor fue: 3
24 67 92 31 26 53 74 79 49 25 60 48 69 56 54 68 60 24 Generación 194
arranca 
Jugando Partidos contra vecino 0
Resultado 7
37869.1
Jugando Partidos contra vecino 1
Resultado 13
24719.6
Yo soy: 
24 67 92 31 26 53 74 79 49 25 60 48 69 56 54 68 60 24 El mejor fue: 1
24 67 92 31 46 53 74 79 49 25 60 48 69 56 54 68 60 24 Generación 193
arranca 
Jugando Partidos contra vecino 0
Resultado 15
29402.6
Yo soy: 
24 67 92 31 46 53 74 79 49 25 60 48 69 56 54 68 60 24 El mejor fue: 0
24 67 92 11 46 53 74 79 49 25 60 48 69 56 54 68 60 24 Generación 192
arranca 
Jugando Partidos contra vecino 0
Resultado 13
31112.6
Yo soy: 
24 67 92 11 46 53 74 79 49 25 60 48 69 56 54 68 60 24 El mejor fue: 0
24 67 92 11 46 53 74 79 49 25 60 48 69 56 74 68 60 24 Generación 191
arranca 
Jugando Partidos contra vecino 0
Resultado 11
29150.2
Yo soy: 
24 67 92 11 46 53 74 79 49 25 60 48 69 56 74 68 60 24 El mejor fue: 0
24 67 92 11 46 53 74 79 49 25 60 48 69 56 74 88 60 24 Generación 190
arranca 
Jugando Partidos contra vecino 0
Resultado 7
34363.6
Jugando Partidos contra vecino 1
Resultado 9
27443.2
Jugando Partidos contra vecino 2
Resultado 4
24736.3
Jugando Partidos contra vecino 3
Resultado 11
29767.1
Yo soy: 
24 67 92 11 46 53 74 79 49 25 60 48 69 56 74 88 60 24 El mejor fue: 3
24 67 92 11 46 53 74 79 49 25 60 48 69 56 74 88 40 24 Generación 189
arranca 
Jugando Partidos contra vecino 0
Resultado 9
28418.6
Jugando Partidos contra vecino 1
Resultado 13
28673.9
Yo soy: 
24 67 92 11 46 53 74 79 49 25 60 48 69 56 74 88 40 24 El mejor fue: 1
24 67 92 11 26 53 74 79 49 25 60 48 69 56 74 88 40 24 Generación 188
arranca 
Jugando Partidos contra vecino 0
Resultado 13
27830.8
Yo soy: 
24 67 92 11 26 53 74 79 49 25 60 48 69 56 74 88 40 24 El mejor fue: 0
24 67 92 11 26 53 74 79 49 25 40 48 69 56 74 88 40 24 Generación 187
arranca 
Jugando Partidos contra vecino 0
Resultado 15
32032.5
Yo soy: 
24 67 92 11 26 53 74 79 49 25 40 48 69 56 74 88 40 24 El mejor fue: 0
24 67 92 11 26 53 74 79 49 25 40 48 49 56 74 88 40 24 Generación 186
arranca 
Jugando Partidos contra vecino 0
Resultado 15
28389.1
Yo soy: 
24 67 92 11 26 53 74 79 49 25 40 48 49 56 74 88 40 24 El mejor fue: 0
24 67 92 11 26 73 74 79 49 25 40 48 49 56 74 88 40 24 Generación 185
arranca 
Jugando Partidos contra vecino 0
Resultado 13
27645.6
Yo soy: 
24 67 92 11 26 73 74 79 49 25 40 48 49 56 74 88 40 24 El mejor fue: 0
24 67 92 11 26 73 74 79 49 25 40 48 49 56 94 88 40 24 Generación 184
arranca 
Jugando Partidos contra vecino 0
Resultado 11
41757.6
Yo soy: 
24 67 92 11 26 73 74 79 49 25 40 48 49 56 94 88 40 24 El mejor fue: 0
24 67 92 11 26 73 74 99 49 25 40 48 49 56 94 88 40 24 Generación 183
arranca 
Jugando Partidos contra vecino 0
Resultado 11
34784.4
Yo soy: 
24 67 92 11 26 73 74 99 49 25 40 48 49 56 94 88 40 24 El mejor fue: 0
24 67 92 11 26 73 74 99 49 25 40 48 49 56 94 88 60 24 Generación 182
arranca 
Jugando Partidos contra vecino 0
Resultado 15
29336.5
Yo soy: 
24 67 92 11 26 73 74 99 49 25 40 48 49 56 94 88 60 24 El mejor fue: 0
24 67 92 11 26 73 74 99 49 25 40 48 49 56 94 88 80 24 Generación 181
arranca 
Jugando Partidos contra vecino 0
Resultado 15
31747
Yo soy: 
24 67 92 11 26 73 74 99 49 25 40 48 49 56 94 88 80 24 El mejor fue: 0
24 67 92 11 26 73 74 99 49 25 40 48 69 56 94 88 80 24 Generación 180
arranca 
Jugando Partidos contra vecino 0
Resultado 11
24025.1
Yo soy: 
24 67 92 11 26 73 74 99 49 25 40 48 69 56 94 88 80 24 El mejor fue: 0
44 67 92 11 26 73 74 99 49 25 40 48 69 56 94 88 80 24 Generación 179
arranca 
Jugando Partidos contra vecino 0
Resultado 8
33884.5
Jugando Partidos contra vecino 1
Resultado 9
22937.3
Jugando Partidos contra vecino 2
Resultado 4
22977.7
Jugando Partidos contra vecino 3
Resultado 11
27684.2
Yo soy: 
44 67 92 11 26 73 74 99 49 25 40 48 69 56 94 88 80 24 El mejor fue: 3
44 67 92 11 26 73 74 99 49 25 40 48 69 56 74 88 80 24 Generación 178
arranca 
Jugando Partidos contra vecino 0
Resultado 15
33133
Yo soy: 
44 67 92 11 26 73 74 99 49 25 40 48 69 56 74 88 80 24 El mejor fue: 0
44 67 92 11 26 93 74 99 49 25 40 48 69 56 74 88 80 24 Generación 177
arranca 
Jugando Partidos contra vecino 0
Resultado 13
30541.1
Yo soy: 
44 67 92 11 26 93 74 99 49 25 40 48 69 56 74 88 80 24 El mejor fue: 0
44 67 92 11 46 93 74 99 49 25 40 48 69 56 74 88 80 24 Generación 176
arranca 
Jugando Partidos contra vecino 0
Resultado 11
30254.1
Yo soy: 
44 67 92 11 46 93 74 99 49 25 40 48 69 56 74 88 80 24 El mejor fue: 0
44 67 92 11 46 93 74 99 49 25 40 48 69 36 74 88 80 24 Generación 175
arranca 
Jugando Partidos contra vecino 0
Resultado 5
64066.4
Jugando Partidos contra vecino 1
Resultado 6
28404.3
Jugando Partidos contra vecino 2
Resultado 11
33145.6
Yo soy: 
44 67 92 11 46 93 74 99 49 25 40 48 69 36 74 88 80 24 El mejor fue: 2
44 67 92 11 46 53 74 99 49 25 40 48 69 36 74 88 80 24 Generación 174
arranca 
Jugando Partidos contra vecino 0
Resultado 13
31536.4
Yo soy: 
44 67 92 11 46 53 74 99 49 25 40 48 69 36 74 88 80 24 El mejor fue: 0
44 67 92 11 46 53 74 79 49 25 40 48 69 36 74 88 80 24 Generación 173
arranca 
Jugando Partidos contra vecino 0
Resultado 13
27923.7
Yo soy: 
44 67 92 11 46 53 74 79 49 25 40 48 69 36 74 88 80 24 El mejor fue: 0
44 67 92 11 46 53 74 79 49 25 40 28 69 36 74 88 80 24 Generación 172
arranca 
Jugando Partidos contra vecino 0
Resultado 9
30067.6
Jugando Partidos contra vecino 1
Resultado 11
25907
Yo soy: 
44 67 92 11 46 53 74 79 49 25 40 28 69 36 74 88 80 24 El mejor fue: 1
44 47 92 11 46 53 74 79 49 25 40 28 69 36 74 88 80 24 Generación 171
arranca 
Jugando Partidos contra vecino 0
Resultado 5
61063.6
Jugando Partidos contra vecino 1
Resultado 9
24394.9
Jugando Partidos contra vecino 2
Resultado 10
26012
Yo soy: 
44 47 92 11 46 53 74 79 49 25 40 28 69 36 74 88 80 24 El mejor fue: 2
44 47 92 11 46 53 94 79 49 25 40 28 69 36 74 88 80 24 Generación 170
arranca 
Jugando Partidos contra vecino 0
Resultado 11
25937.9
Yo soy: 
44 47 92 11 46 53 94 79 49 25 40 28 69 36 74 88 80 24 El mejor fue: 0
44 47 92 11 46 33 94 79 49 25 40 28 69 36 74 88 80 24 Generación 169
arranca 
Jugando Partidos contra vecino 0
Resultado 11
27289
Yo soy: 
44 47 92 11 46 33 94 79 49 25 40 28 69 36 74 88 80 24 El mejor fue: 0
44 47 92 11 46 33 94 79 49 45 40 28 69 36 74 88 80 24 Generación 168
arranca 
Jugando Partidos contra vecino 0
Resultado 10
26388.4
Yo soy: 
44 47 92 11 46 33 94 79 49 45 40 28 69 36 74 88 80 24 El mejor fue: 0
44 47 92 31 46 33 94 79 49 45 40 28 69 36 74 88 80 24 Generación 167
arranca 
Jugando Partidos contra vecino 0
Resultado 13
27875.8
Yo soy: 
44 47 92 31 46 33 94 79 49 45 40 28 69 36 74 88 80 24 El mejor fue: 0
44 47 92 31 46 33 94 79 49 45 40 28 69 36 54 88 80 24 Generación 166
arranca 
Jugando Partidos contra vecino 0
Resultado 15
37546.2
Yo soy: 
44 47 92 31 46 33 94 79 49 45 40 28 69 36 54 88 80 24 El mejor fue: 0
44 47 92 31 46 33 94 79 49 45 40 28 89 36 54 88 80 24 Generación 165
arranca 
Jugando Partidos contra vecino 0
Resultado 15
34994.3
Yo soy: 
44 47 92 31 46 33 94 79 49 45 40 28 89 36 54 88 80 24 El mejor fue: 0
44 47 92 31 46 13 94 79 49 45 40 28 89 36 54 88 80 24 Generación 164
arranca 
Jugando Partidos contra vecino 0
Resultado 11
23897.3
Yo soy: 
44 47 92 31 46 13 94 79 49 45 40 28 89 36 54 88 80 24 El mejor fue: 0
44 47 92 31 46 13 94 79 69 45 40 28 89 36 54 88 80 24 Generación 163
arranca 
Jugando Partidos contra vecino 0
Resultado 11
27731
Yo soy: 
44 47 92 31 46 13 94 79 69 45 40 28 89 36 54 88 80 24 El mejor fue: 0
44 47 92 31 46 13 94 79 69 45 40 28 89 36 54 88 80 4 Generación 162
arranca 
Jugando Partidos contra vecino 0
Resultado 9
23639.9
Jugando Partidos contra vecino 1
Resultado 11
27048.5
Yo soy: 
44 47 92 31 46 13 94 79 69 45 40 28 89 36 54 88 80 4 El mejor fue: 1
44 47 92 31 46 13 94 79 49 45 40 28 89 36 54 88 80 4 Generación 161
arranca 
Jugando Partidos contra vecino 0
Resultado 9
26268.5
Jugando Partidos contra vecino 1
Resultado 11
32698.9
Yo soy: 
44 47 92 31 46 13 94 79 49 45 40 28 89 36 54 88 80 4 El mejor fue: 1
44 47 92 31 46 13 54 79 49 45 40 28 89 36 54 88 80 4 Generación 160
arranca 
Jugando Partidos contra vecino 0
Resultado 13
28884.4
Yo soy: 
44 47 92 31 46 13 54 79 49 45 40 28 89 36 54 88 80 4 El mejor fue: 0
44 47 92 31 46 13 54 79 49 45 40 28 49 36 54 88 80 4 Generación 159
arranca 
Jugando Partidos contra vecino 0
Resultado 15
30027.7
Yo soy: 
44 47 92 31 46 13 54 79 49 45 40 28 49 36 54 88 80 4 El mejor fue: 0
44 47 92 31 26 13 54 79 49 45 40 28 49 36 54 88 80 4 Generación 158
arranca 
Jugando Partidos contra vecino 0
Resultado 7
22450
Jugando Partidos contra vecino 1
Resultado 5
21085.1
Jugando Partidos contra vecino 2
Resultado 9
30521.8
Jugando Partidos contra vecino 3
Resultado 13
30302.8
Yo soy: 
44 47 92 31 26 13 54 79 49 45 40 28 49 36 54 88 80 4 El mejor fue: 3
44 47 92 31 26 13 54 59 49 45 40 28 49 36 54 88 80 4 Generación 157
arranca 
Jugando Partidos contra vecino 0
Resultado 7
24102.6
Jugando Partidos contra vecino 1
Resultado 13
30100.7
Yo soy: 
44 47 92 31 26 13 54 59 49 45 40 28 49 36 54 88 80 4 El mejor fue: 1
44 47 92 31 26 13 54 59 49 45 40 28 49 36 74 88 80 4 Generación 156
arranca 
Jugando Partidos contra vecino 0
Resultado 15
28246.7
Yo soy: 
44 47 92 31 26 13 54 59 49 45 40 28 49 36 74 88 80 4 El mejor fue: 0
44 47 92 51 26 13 54 59 49 45 40 28 49 36 74 88 80 4 Generación 155
arranca 
Jugando Partidos contra vecino 0
Resultado 5
22460.4
Jugando Partidos contra vecino 1
Resultado 7
25604.8
Jugando Partidos contra vecino 2
Resultado 9
29193.4
Jugando Partidos contra vecino 3
Resultado 11
27036.9
Yo soy: 
44 47 92 51 26 13 54 59 49 45 40 28 49 36 74 88 80 4 El mejor fue: 3
44 47 92 51 26 -7 54 59 49 45 40 28 49 36 74 88 80 4 Generación 154
arranca 
Jugando Partidos contra vecino 0
Resultado 9
23847.1
Jugando Partidos contra vecino 1
Resultado 9
23787.9
Jugando Partidos contra vecino 2
Resultado 3
20504.7
Jugando Partidos contra vecino 3
Resultado 13
26618.1
Yo soy: 
44 47 92 51 26 -7 54 59 49 45 40 28 49 36 74 88 80 4 El mejor fue: 3
44 47 92 51 26 -7 54 59 69 45 40 28 49 36 74 88 80 4 Generación 153
arranca 
Jugando Partidos contra vecino 0
Resultado 9
30436.2
Jugando Partidos contra vecino 1
Resultado 9
24454.8
Jugando Partidos contra vecino 2
Resultado 4
24983.9
Jugando Partidos contra vecino 3
Resultado 5
26503.6
Jugando Partidos contra vecino 4
Resultado 11
26871
Yo soy: 
44 47 92 51 26 -7 54 59 69 45 40 28 49 36 74 88 80 4 El mejor fue: 4
44 27 92 51 26 -7 54 59 69 45 40 28 49 36 74 88 80 4 Generación 152
arranca 
Jugando Partidos contra vecino 0
Resultado 13
27672.1
Yo soy: 
44 27 92 51 26 -7 54 59 69 45 40 28 49 36 74 88 80 4 El mejor fue: 0
44 27 92 51 26 -7 54 59 69 45 40 28 49 36 74 88 60 4 Generación 151
arranca 
Jugando Partidos contra vecino 0
Resultado 10
26488.3
Yo soy: 
44 27 92 51 26 -7 54 59 69 45 40 28 49 36 74 88 60 4 El mejor fue: 0
44 27 92 51 26 -7 54 59 69 45 40 28 49 56 74 88 60 4 Generación 150
arranca 
Jugando Partidos contra vecino 0
Resultado 13
28252.3
Yo soy: 
44 27 92 51 26 -7 54 59 69 45 40 28 49 56 74 88 60 4 El mejor fue: 0
44 27 92 51 26 -7 54 59 69 45 40 28 49 36 74 88 60 4 Generación 149
arranca 
Jugando Partidos contra vecino 0
Resultado 11
23623.9
Yo soy: 
44 27 92 51 26 -7 54 59 69 45 40 28 49 36 74 88 60 4 El mejor fue: 0
44 27 92 51 26 -7 54 59 69 45 40 28 49 36 54 88 60 4 Generación 148
arranca 
Jugando Partidos contra vecino 0
Resultado 9
25590.3
Jugando Partidos contra vecino 1
Resultado 5
30814.4
Jugando Partidos contra vecino 2
Resultado 13
30995.2
Yo soy: 
44 27 92 51 26 -7 54 59 69 45 40 28 49 36 54 88 60 4 El mejor fue: 2
44 27 92 31 26 -7 54 59 69 45 40 28 49 36 54 88 60 4 Generación 147
arranca 
Jugando Partidos contra vecino 0
Resultado 11
26590.7
Yo soy: 
44 27 92 31 26 -7 54 59 69 45 40 28 49 36 54 88 60 4 El mejor fue: 0
44 27 92 31 26 -7 54 59 69 65 40 28 49 36 54 88 60 4 Generación 146
arranca 
Jugando Partidos contra vecino 0
Resultado 13
33948.6
Yo soy: 
44 27 92 31 26 -7 54 59 69 65 40 28 49 36 54 88 60 4 El mejor fue: 0
44 27 92 31 26 -7 54 59 69 65 40 28 69 36 54 88 60 4 Generación 145
arranca 
Jugando Partidos contra vecino 0
Resultado 7
23618
Jugando Partidos contra vecino 1
Resultado 9
33015.3
Jugando Partidos contra vecino 2
Resultado 15
33438.5
Yo soy: 
44 27 92 31 26 -7 54 59 69 65 40 28 69 36 54 88 60 4 El mejor fue: 2
44 27 92 31 26 -7 74 59 69 65 40 28 69 36 54 88 60 4 Generación 144
arranca 
Jugando Partidos contra vecino 0
Resultado 10
27145.5
Yo soy: 
44 27 92 31 26 -7 74 59 69 65 40 28 69 36 54 88 60 4 El mejor fue: 0
44 27 92 31 26 -7 74 59 69 65 40 28 69 36 34 88 60 4 Generación 143
arranca 
Jugando Partidos contra vecino 0
Resultado 11
20595.6
Yo soy: 
44 27 92 31 26 -7 74 59 69 65 40 28 69 36 34 88 60 4 El mejor fue: 0
44 27 92 31 46 -7 74 59 69 65 40 28 69 36 34 88 60 4 Generación 142
arranca 
Jugando Partidos contra vecino 0
Resultado 13
22123.9
Yo soy: 
44 27 92 31 46 -7 74 59 69 65 40 28 69 36 34 88 60 4 El mejor fue: 0
44 27 92 31 46 -7 54 59 69 65 40 28 69 36 34 88 60 4 Generación 141
arranca 
Jugando Partidos contra vecino 0
Resultado 15
30110.9
Yo soy: 
44 27 92 31 46 -7 54 59 69 65 40 28 69 36 34 88 60 4 El mejor fue: 0
44 27 92 31 46 -7 54 59 69 65 40 28 69 36 34 88 60 24 Generación 140
arranca 
Jugando Partidos contra vecino 0
Resultado 11
33401.1
Yo soy: 
44 27 92 31 46 -7 54 59 69 65 40 28 69 36 34 88 60 24 El mejor fue: 0
44 27 92 31 46 -7 54 59 89 65 40 28 69 36 34 88 60 24 Generación 139
arranca 
Jugando Partidos contra vecino 0
Resultado 5
32169.6
Jugando Partidos contra vecino 1
Resultado 13
26583
Yo soy: 
44 27 92 31 46 -7 54 59 89 65 40 28 69 36 34 88 60 24 El mejor fue: 1
44 27 92 31 46 -7 54 59 89 85 40 28 69 36 34 88 60 24 Generación 138
arranca 
Jugando Partidos contra vecino 0
Resultado 13
25314.6
Yo soy: 
44 27 92 31 46 -7 54 59 89 85 40 28 69 36 34 88 60 24 El mejor fue: 0
24 27 92 31 46 -7 54 59 89 85 40 28 69 36 34 88 60 24 Generación 137
arranca 
Jugando Partidos contra vecino 0
Resultado 5
37338.4
Jugando Partidos contra vecino 1
Resultado 13
26372.7
Yo soy: 
24 27 92 31 46 -7 54 59 89 85 40 28 69 36 34 88 60 24 El mejor fue: 1
24 27 92 31 46 -7 54 59 89 85 40 28 69 36 34 88 80 24 Generación 136
arranca 
Jugando Partidos contra vecino 0
Resultado 7
21960.3
Jugando Partidos contra vecino 1
Resultado 13
25495
Yo soy: 
24 27 92 31 46 -7 54 59 89 85 40 28 69 36 34 88 80 24 El mejor fue: 1
24 27 92 31 46 -7 54 59 89 85 40 28 49 36 34 88 80 24 Generación 135
arranca 
Jugando Partidos contra vecino 0
Resultado 13
32409.5
Yo soy: 
24 27 92 31 46 -7 54 59 89 85 40 28 49 36 34 88 80 24 El mejor fue: 0
24 27 92 31 46 -7 54 59 89 85 40 28 49 36 14 88 80 24 Generación 134
arranca 
Jugando Partidos contra vecino 0
Resultado 13
22676.5
Yo soy: 
24 27 92 31 46 -7 54 59 89 85 40 28 49 36 14 88 80 24 El mejor fue: 0
24 27 92 31 46 -7 54 59 89 85 40 28 49 16 14 88 80 24 Generación 133
arranca 
Jugando Partidos contra vecino 0
Resultado 5
17316.2
Jugando Partidos contra vecino 1
Resultado 9
20879.6
Jugando Partidos contra vecino 2
Resultado 13
22872
Yo soy: 
24 27 92 31 46 -7 54 59 89 85 40 28 49 16 14 88 80 24 El mejor fue: 2
24 27 92 31 46 -7 54 59 89 85 40 28 49 36 14 88 80 24 Generación 132
arranca 
Jugando Partidos contra vecino 0
Resultado 9
24568.2
Jugando Partidos contra vecino 1
Resultado 9
25401.8
Jugando Partidos contra vecino 2
Resultado 13
24825.3
Yo soy: 
24 27 92 31 46 -7 54 59 89 85 40 28 49 36 14 88 80 24 El mejor fue: 2
24 27 92 31 26 -7 54 59 89 85 40 28 49 36 14 88 80 24 Generación 131
arranca 
Jugando Partidos contra vecino 0
Resultado 13
21171.2
Yo soy: 
24 27 92 31 26 -7 54 59 89 85 40 28 49 36 14 88 80 24 El mejor fue: 0
44 27 92 31 26 -7 54 59 89 85 40 28 49 36 14 88 80 24 Generación 130
arranca 
Jugando Partidos contra vecino 0
Resultado 5
24701.6
Jugando Partidos contra vecino 1
Resultado 11
29738.9
Yo soy: 
44 27 92 31 26 -7 54 59 89 85 40 28 49 36 14 88 80 24 El mejor fue: 1
44 7 92 31 26 -7 54 59 89 85 40 28 49 36 14 88 80 24 Generación 129
arranca 
Jugando Partidos contra vecino 0
Resultado 13
25745.4
Yo soy: 
44 7 92 31 26 -7 54 59 89 85 40 28 49 36 14 88 80 24 El mejor fue: 0
44 7 92 31 26 -7 54 59 89 85 40 28 49 36 14 88 40 24 Generación 128
arranca 
Jugando Partidos contra vecino 0
Resultado 7
48461.8
Jugando Partidos contra vecino 1
Resultado 13
25066.3
Yo soy: 
44 7 92 31 26 -7 54 59 89 85 40 28 49 36 14 88 40 24 El mejor fue: 1
44 7 92 31 46 -7 54 59 89 85 40 28 49 36 14 88 40 24 Generación 127
arranca 
Jugando Partidos contra vecino 0
Resultado 5
38535.9
Jugando Partidos contra vecino 1
Resultado 11
28676.8
Yo soy: 
44 7 92 31 46 -7 54 59 89 85 40 28 49 36 14 88 40 24 El mejor fue: 1
44 7 92 31 46 -27 54 59 89 85 40 28 49 36 14 88 40 24 Generación 126
arranca 
Jugando Partidos contra vecino 0
Resultado 5
21416.5
Jugando Partidos contra vecino 1
Resultado 6
25088
Jugando Partidos contra vecino 2
Resultado 9
23255.7
Jugando Partidos contra vecino 3
Resultado 9
25238.8
Jugando Partidos contra vecino 4
Resultado 5
62649.8
Jugando Partidos contra vecino 5
Resultado 5
59275.7
Jugando Partidos contra vecino 6
Resultado 5
44800.8
Jugando Partidos contra vecino 7
Resultado 5
18297.7
Jugando Partidos contra vecino 8
Resultado 11
21430.4
Yo soy: 
44 7 92 31 46 -27 54 59 89 85 40 28 49 36 14 88 40 24 El mejor fue: 8
44 27 92 31 46 -27 54 59 89 85 40 28 49 36 14 88 40 24 Generación 125
arranca 
Jugando Partidos contra vecino 0
Resultado 11
25006.4
Yo soy: 
44 27 92 31 46 -27 54 59 89 85 40 28 49 36 14 88 40 24 El mejor fue: 0
44 27 92 31 46 -27 54 59 89 85 40 28 49 36 14 88 20 24 Generación 124
arranca 
Jugando Partidos contra vecino 0
Resultado 11
23835.2
Yo soy: 
44 27 92 31 46 -27 54 59 89 85 40 28 49 36 14 88 20 24 El mejor fue: 0
44 27 92 31 46 -27 54 59 69 85 40 28 49 36 14 88 20 24 Generación 123
arranca 
Jugando Partidos contra vecino 0
Resultado 15
26221.6
Yo soy: 
44 27 92 31 46 -27 54 59 69 85 40 28 49 36 14 88 20 24 El mejor fue: 0
44 27 92 11 46 -27 54 59 69 85 40 28 49 36 14 88 20 24 Generación 122
arranca 
Jugando Partidos contra vecino 0
Resultado 13
25734
Yo soy: 
44 27 92 11 46 -27 54 59 69 85 40 28 49 36 14 88 20 24 El mejor fue: 0
44 27 92 11 46 -27 54 39 69 85 40 28 49 36 14 88 20 24 Generación 121
arranca 
Jugando Partidos contra vecino 0
Resultado 10
24707.8
Yo soy: 
44 27 92 11 46 -27 54 39 69 85 40 28 49 36 14 88 20 24 El mejor fue: 0
44 27 92 11 46 -27 54 39 69 85 40 28 49 36 -6 88 20 24 Generación 120
arranca 
Jugando Partidos contra vecino 0
Resultado 11
27120.3
Yo soy: 
44 27 92 11 46 -27 54 39 69 85 40 28 49 36 -6 88 20 24 El mejor fue: 0
44 7 92 11 46 -27 54 39 69 85 40 28 49 36 -6 88 20 24 Generación 119
arranca 
Jugando Partidos contra vecino 0
Resultado 4
20209.3
Jugando Partidos contra vecino 1
Resultado 11
26140.7
Yo soy: 
44 7 92 11 46 -27 54 39 69 85 40 28 49 36 -6 88 20 24 El mejor fue: 1
44 7 92 11 46 -27 54 39 69 85 40 28 49 36 -6 88 20 44 Generación 118
arranca 
Jugando Partidos contra vecino 0
Resultado 11
23760.4
Yo soy: 
44 7 92 11 46 -27 54 39 69 85 40 28 49 36 -6 88 20 44 El mejor fue: 0
44 7 92 11 46 -27 54 39 69 85 40 28 49 36 14 88 20 44 Generación 117
arranca 
Jugando Partidos contra vecino 0
Resultado 5
16802.3
Jugando Partidos contra vecino 1
Resultado 9
20812
Jugando Partidos contra vecino 2
Resultado 11
22433.6
Yo soy: 
44 7 92 11 46 -27 54 39 69 85 40 28 49 36 14 88 20 44 El mejor fue: 2
44 7 92 11 46 -27 54 39 69 85 40 28 49 36 14 88 20 64 Generación 116
arranca 
Jugando Partidos contra vecino 0
Resultado 11
25769.7
Yo soy: 
44 7 92 11 46 -27 54 39 69 85 40 28 49 36 14 88 20 64 El mejor fue: 0
44 27 92 11 46 -27 54 39 69 85 40 28 49 36 14 88 20 64 Generación 115
arranca 
Jugando Partidos contra vecino 0
Resultado 9
25343.4
Jugando Partidos contra vecino 1
Resultado 5
39711.1
Jugando Partidos contra vecino 2
Resultado 7
28203.8
Jugando Partidos contra vecino 3
Resultado 6
20506.7
Jugando Partidos contra vecino 4
Resultado 9
19981.1
Jugando Partidos contra vecino 5
Resultado 11
22040.8
Yo soy: 
44 27 92 11 46 -27 54 39 69 85 40 28 49 36 14 88 20 64 El mejor fue: 5
44 27 92 11 46 -47 54 39 69 85 40 28 49 36 14 88 20 64 Generación 114
arranca 
Jugando Partidos contra vecino 0
Resultado 9
20982.8
Jugando Partidos contra vecino 1
Resultado 5
36840
Jugando Partidos contra vecino 2
Resultado 13
29761.7
Yo soy: 
44 27 92 11 46 -47 54 39 69 85 40 28 49 36 14 88 20 64 El mejor fue: 2
44 27 92 11 46 -47 54 39 69 85 40 28 49 36 34 88 20 64 Generación 113
arranca 
Jugando Partidos contra vecino 0
Resultado 13
27388.7
Yo soy: 
44 27 92 11 46 -47 54 39 69 85 40 28 49 36 34 88 20 64 El mejor fue: 0
44 27 92 11 46 -27 54 39 69 85 40 28 49 36 34 88 20 64 Generación 112
arranca 
Jugando Partidos contra vecino 0
Resultado 9
27759.1
Jugando Partidos contra vecino 1
Resultado 11
25028
Yo soy: 
44 27 92 11 46 -27 54 39 69 85 40 28 49 36 34 88 20 64 El mejor fue: 1
44 27 92 11 46 -27 54 39 69 85 40 8 49 36 34 88 20 64 Generación 111
arranca 
Jugando Partidos contra vecino 0
Resultado 7
24697.8
Jugando Partidos contra vecino 1
Resultado 7
25110.1
Jugando Partidos contra vecino 2
Resultado 11
23315.9
Yo soy: 
44 27 92 11 46 -27 54 39 69 85 40 8 49 36 34 88 20 64 El mejor fue: 2
44 27 92 11 46 -27 74 39 69 85 40 8 49 36 34 88 20 64 Generación 110
arranca 
Jugando Partidos contra vecino 0
Resultado 9
22899.9
Jugando Partidos contra vecino 1
Resultado 11
24963.4
Yo soy: 
44 27 92 11 46 -27 74 39 69 85 40 8 49 36 34 88 20 64 El mejor fue: 1
44 27 92 11 46 -27 74 39 69 45 40 8 49 36 34 88 20 64 Generación 109
arranca 
Jugando Partidos contra vecino 0
Resultado 5
22748.8
Jugando Partidos contra vecino 1
Resultado 15
29481.3
Yo soy: 
44 27 92 11 46 -27 74 39 69 45 40 8 49 36 34 88 20 64 El mejor fue: 1
44 27 92 11 46 -27 74 39 69 45 40 8 49 36 14 88 20 64 Generación 108
arranca 
Jugando Partidos contra vecino 0
Resultado 7
22402.4
Jugando Partidos contra vecino 1
Resultado 9
30455.2
Jugando Partidos contra vecino 2
Resultado 11
27951.4
Yo soy: 
44 27 92 11 46 -27 74 39 69 45 40 8 49 36 14 88 20 64 El mejor fue: 2
44 27 92 11 46 -27 74 39 89 45 40 8 49 36 14 88 20 64 Generación 107
arranca 
Jugando Partidos contra vecino 0
Resultado 9
33356.3
Jugando Partidos contra vecino 1
Resultado 5
35538.7
Jugando Partidos contra vecino 2
Resultado 7
28192.9
Jugando Partidos contra vecino 3
Resultado 11
28444.8
Yo soy: 
44 27 92 11 46 -27 74 39 89 45 40 8 49 36 14 88 20 64 El mejor fue: 3
24 27 92 11 46 -27 74 39 89 45 40 8 49 36 14 88 20 64 Generación 106
arranca 
Jugando Partidos contra vecino 0
Resultado 5
19709.5
Jugando Partidos contra vecino 1
Resultado 11
20642.3
Yo soy: 
24 27 92 11 46 -27 74 39 89 45 40 8 49 36 14 88 20 64 El mejor fue: 1
24 27 92 11 46 -27 74 39 89 45 40 8 49 36 14 88 20 44 Generación 105
arranca 
Jugando Partidos contra vecino 0
Resultado 11
25348
Yo soy: 
24 27 92 11 46 -27 74 39 89 45 40 8 49 36 14 88 20 44 El mejor fue: 0
24 27 72 11 46 -27 74 39 89 45 40 8 49 36 14 88 20 44 Generación 104
arranca 
Jugando Partidos contra vecino 0
Resultado 11
22207.3
Yo soy: 
24 27 72 11 46 -27 74 39 89 45 40 8 49 36 14 88 20 44 El mejor fue: 0
24 47 72 11 46 -27 74 39 89 45 40 8 49 36 14 88 20 44 Generación 103
arranca 
Jugando Partidos contra vecino 0
Resultado 11
23709.9
Yo soy: 
24 47 72 11 46 -27 74 39 89 45 40 8 49 36 14 88 20 44 El mejor fue: 0
24 47 72 11 46 -27 74 39 89 45 40 8 49 36 14 88 20 24 Generación 102
arranca 
Jugando Partidos contra vecino 0
Resultado 11
18155.9
Yo soy: 
24 47 72 11 46 -27 74 39 89 45 40 8 49 36 14 88 20 24 El mejor fue: 0
24 47 72 11 46 -27 74 39 89 45 40 8 49 36 14 88 20 44 Generación 101
arranca 
Jugando Partidos contra vecino 0
Resultado 5
19103.8
Jugando Partidos contra vecino 1
Resultado 13
22004.8
Yo soy: 
24 47 72 11 46 -27 74 39 89 45 40 8 49 36 14 88 20 44 El mejor fue: 1
24 47 72 11 46 -27 74 19 89 45 40 8 49 36 14 88 20 44 Generación 100
arranca 
Jugando Partidos contra vecino 0
Resultado 13
25628.4
Yo soy: 
24 47 72 11 46 -27 74 19 89 45 40 8 49 36 14 88 20 44 El mejor fue: 0
24 47 72 11 46 -27 74 39 89 45 40 8 49 36 14 88 20 44 Generación 99
arranca 
Jugando Partidos contra vecino 0
Resultado 5
21064.4
Jugando Partidos contra vecino 1
Resultado 9
21639.6
Jugando Partidos contra vecino 2
Resultado 9
21626.6
Jugando Partidos contra vecino 3
Resultado 10
21785.4
Yo soy: 
24 47 72 11 46 -27 74 39 89 45 40 8 49 36 14 88 20 44 El mejor fue: 3
24 27 72 11 46 -27 74 39 89 45 40 8 49 36 14 88 20 44 Generación 98
arranca 
Jugando Partidos contra vecino 0
Resultado 5
36018.9
Jugando Partidos contra vecino 1
Resultado 13
20087.5
Yo soy: 
24 27 72 11 46 -27 74 39 89 45 40 8 49 36 14 88 20 44 El mejor fue: 1
24 27 72 11 46 -27 74 39 89 45 20 8 49 36 14 88 20 44 Generación 97
arranca 
Jugando Partidos contra vecino 0
Resultado 7
23462.2
Jugando Partidos contra vecino 1
Resultado 9
19276.5
Jugando Partidos contra vecino 2
Resultado 9
22277.6
Jugando Partidos contra vecino 3
Resultado 10
21275.2
Yo soy: 
24 27 72 11 46 -27 74 39 89 45 20 8 49 36 14 88 20 44 El mejor fue: 3
24 27 72 11 66 -27 74 39 89 45 20 8 49 36 14 88 20 44 Generación 96
arranca 
Jugando Partidos contra vecino 0
Resultado 11
20663.6
Yo soy: 
24 27 72 11 66 -27 74 39 89 45 20 8 49 36 14 88 20 44 El mejor fue: 0
24 27 72 11 66 -27 54 39 89 45 20 8 49 36 14 88 20 44 Generación 95
arranca 
Jugando Partidos contra vecino 0
Resultado 15
25465.9
Yo soy: 
24 27 72 11 66 -27 54 39 89 45 20 8 49 36 14 88 20 44 El mejor fue: 0
24 27 72 11 66 -27 54 39 89 45 0 8 49 36 14 88 20 44 Generación 94
arranca 
Jugando Partidos contra vecino 0
Resultado 13
24070.4
Yo soy: 
24 27 72 11 66 -27 54 39 89 45 0 8 49 36 14 88 20 44 El mejor fue: 0
24 27 72 11 66 -27 54 39 89 45 20 8 49 36 14 88 20 44 Generación 93
arranca 
Jugando Partidos contra vecino 0
Resultado 7
24360.6
Jugando Partidos contra vecino 1
Resultado 12
21235.5
Yo soy: 
24 27 72 11 66 -27 54 39 89 45 20 8 49 36 14 88 20 44 El mejor fue: 1
24 27 72 11 66 -27 54 39 89 45 20 8 49 36 14 88 20 24 Generación 92
arranca 
Jugando Partidos contra vecino 0
Resultado 11
22200.9
Yo soy: 
24 27 72 11 66 -27 54 39 89 45 20 8 49 36 14 88 20 24 El mejor fue: 0
24 27 72 11 66 -27 54 39 69 45 20 8 49 36 14 88 20 24 Generación 91
arranca 
Jugando Partidos contra vecino 0
Resultado 9
24252.9
Jugando Partidos contra vecino 1
Resultado 5
16591.2
Jugando Partidos contra vecino 2
Resultado 9
19425.8
Jugando Partidos contra vecino 3
Resultado 9
19087.1
Jugando Partidos contra vecino 4
Resultado 15
24008.5
Yo soy: 
24 27 72 11 66 -27 54 39 69 45 20 8 49 36 14 88 20 24 El mejor fue: 4
4 27 72 11 66 -27 54 39 69 45 20 8 49 36 14 88 20 24 Generación 90
arranca 
Jugando Partidos contra vecino 0
Resultado 11
20956.4
Yo soy: 
4 27 72 11 66 -27 54 39 69 45 20 8 49 36 14 88 20 24 El mejor fue: 0
4 27 72 11 66 -27 54 39 89 45 20 8 49 36 14 88 20 24 Generación 89
arranca 
Jugando Partidos contra vecino 0
Resultado 15
26672.3
Yo soy: 
4 27 72 11 66 -27 54 39 89 45 20 8 49 36 14 88 20 24 El mejor fue: 0
4 27 72 11 66 -27 54 59 89 45 20 8 49 36 14 88 20 24 Generación 88
arranca 
Jugando Partidos contra vecino 0
Resultado 13
23157.2
Yo soy: 
4 27 72 11 66 -27 54 59 89 45 20 8 49 36 14 88 20 24 El mejor fue: 0
4 27 72 11 66 -27 54 59 89 45 20 8 49 36 14 88 40 24 Generación 87
arranca 
Jugando Partidos contra vecino 0
Resultado 13
27048.2
Yo soy: 
4 27 72 11 66 -27 54 59 89 45 20 8 49 36 14 88 40 24 El mejor fue: 0
24 27 72 11 66 -27 54 59 89 45 20 8 49 36 14 88 40 24 Generación 86
arranca 
Jugando Partidos contra vecino 0
Resultado 5
23433.4
Jugando Partidos contra vecino 1
Resultado 13
27494.1
Yo soy: 
24 27 72 11 66 -27 54 59 89 45 20 8 49 36 14 88 40 24 El mejor fue: 1
24 27 72 11 66 -27 54 59 89 25 20 8 49 36 14 88 40 24 Generación 85
arranca 
Jugando Partidos contra vecino 0
Resultado 13
21567.1
Yo soy: 
24 27 72 11 66 -27 54 59 89 25 20 8 49 36 14 88 40 24 El mejor fue: 0
24 27 72 11 66 -27 54 59 89 25 20 8 49 36 14 88 60 24 Generación 84
arranca 
Jugando Partidos contra vecino 0
Resultado 8
23841.8
Jugando Partidos contra vecino 1
Resultado 11
19289.5
Yo soy: 
24 27 72 11 66 -27 54 59 89 25 20 8 49 36 14 88 60 24 El mejor fue: 1
24 27 72 11 66 -27 54 59 89 25 20 8 49 36 -6 88 60 24 Generación 83
arranca 
Jugando Partidos contra vecino 0
Resultado 11
25110
Yo soy: 
24 27 72 11 66 -27 54 59 89 25 20 8 49 36 -6 88 60 24 El mejor fue: 0
24 27 72 11 66 -27 54 59 89 25 20 8 49 36 -6 88 80 24 Generación 82
arranca 
Jugando Partidos contra vecino 0
Resultado 5
18395
Jugando Partidos contra vecino 1
Resultado 11
26747.5
Yo soy: 
24 27 72 11 66 -27 54 59 89 25 20 8 49 36 -6 88 80 24 El mejor fue: 1
24 27 72 -9 66 -27 54 59 89 25 20 8 49 36 -6 88 80 24 Generación 81
arranca 
Jugando Partidos contra vecino 0
Resultado 9
26514.9
Jugando Partidos contra vecino 1
Resultado 7
20510.8
Jugando Partidos contra vecino 2
Resultado 9
17688
Jugando Partidos contra vecino 3
Resultado 13
23683.6
Yo soy: 
24 27 72 -9 66 -27 54 59 89 25 20 8 49 36 -6 88 80 24 El mejor fue: 3
24 27 72 -9 86 -27 54 59 89 25 20 8 49 36 -6 88 80 24 Generación 80
arranca 
Jugando Partidos contra vecino 0
Resultado 11
21873.5
Yo soy: 
24 27 72 -9 86 -27 54 59 89 25 20 8 49 36 -6 88 80 24 El mejor fue: 0
24 27 72 -9 86 -27 54 59 89 25 20 28 49 36 -6 88 80 24 Generación 79
arranca 
Jugando Partidos contra vecino 0
Resultado 9
22105
Jugando Partidos contra vecino 1
Resultado 11
23680.5
Yo soy: 
24 27 72 -9 86 -27 54 59 89 25 20 28 49 36 -6 88 80 24 El mejor fue: 1
24 27 72 -9 86 -27 54 59 89 25 20 28 49 56 -6 88 80 24 Generación 78
arranca 
Jugando Partidos contra vecino 0
Resultado 5
14942.5
Jugando Partidos contra vecino 1
Resultado 5
16169.8
Jugando Partidos contra vecino 2
Resultado 7
18232
Jugando Partidos contra vecino 3
Resultado 7
15304.6
Jugando Partidos contra vecino 4
Resultado 5
15695.4
Jugando Partidos contra vecino 5
Resultado 9
17102.7
Jugando Partidos contra vecino 6
Resultado 9
18094.1
Jugando Partidos contra vecino 7
Resultado 7
15896.3
Jugando Partidos contra vecino 8
Resultado 5
15266.8
Jugando Partidos contra vecino 9
Resultado 13
21276.6
Yo soy: 
24 27 72 -9 86 -27 54 59 89 25 20 28 49 56 -6 88 80 24 El mejor fue: 9
24 27 72 -9 86 -27 54 59 89 25 20 28 49 36 -6 88 80 24 Generación 77
arranca 
Jugando Partidos contra vecino 0
Resultado 6
21920.3
Jugando Partidos contra vecino 1
Resultado 10
22874.1
Yo soy: 
24 27 72 -9 86 -27 54 59 89 25 20 28 49 36 -6 88 80 24 El mejor fue: 1
24 27 72 -9 86 -7 54 59 89 25 20 28 49 36 -6 88 80 24 Generación 76
arranca 
Jugando Partidos contra vecino 0
Resultado 6
20602
Jugando Partidos contra vecino 1
Resultado 5
24655.1
Jugando Partidos contra vecino 2
Resultado 11
29353.6
Yo soy: 
24 27 72 -9 86 -7 54 59 89 25 20 28 49 36 -6 88 80 24 El mejor fue: 2
24 27 72 -9 86 -27 54 59 89 25 20 28 49 36 -6 88 80 24 Generación 75
arranca 
Jugando Partidos contra vecino 0
Resultado 15
31008.5
Yo soy: 
24 27 72 -9 86 -27 54 59 89 25 20 28 49 36 -6 88 80 24 El mejor fue: 0
24 27 72 -9 86 -27 54 59 89 45 20 28 49 36 -6 88 80 24 Generación 74
arranca 
Jugando Partidos contra vecino 0
Resultado 4
18574.7
Jugando Partidos contra vecino 1
Resultado 13
25564.6
Yo soy: 
24 27 72 -9 86 -27 54 59 89 45 20 28 49 36 -6 88 80 24 El mejor fue: 1
24 27 72 -9 86 -27 74 59 89 45 20 28 49 36 -6 88 80 24 Generación 73
arranca 
Jugando Partidos contra vecino 0
Resultado 11
29527.4
Yo soy: 
24 27 72 -9 86 -27 74 59 89 45 20 28 49 36 -6 88 80 24 El mejor fue: 0
24 27 72 -9 86 -27 74 79 89 45 20 28 49 36 -6 88 80 24 Generación 72
arranca 
Jugando Partidos contra vecino 0
Resultado 11
27808.8
Yo soy: 
24 27 72 -9 86 -27 74 79 89 45 20 28 49 36 -6 88 80 24 El mejor fue: 0
44 27 72 -9 86 -27 74 79 89 45 20 28 49 36 -6 88 80 24 Generación 71
arranca 
Jugando Partidos contra vecino 0
Resultado 11
23526.5
Yo soy: 
44 27 72 -9 86 -27 74 79 89 45 20 28 49 36 -6 88 80 24 El mejor fue: 0
44 27 72 -9 86 -27 74 59 89 45 20 28 49 36 -6 88 80 24 Generación 70
arranca 
Jugando Partidos contra vecino 0
Resultado 6
19446.2
Jugando Partidos contra vecino 1
Resultado 12
30564.7
Yo soy: 
44 27 72 -9 86 -27 74 59 89 45 20 28 49 36 -6 88 80 24 El mejor fue: 1
44 27 72 -9 86 -47 74 59 89 45 20 28 49 36 -6 88 80 24 Generación 69
arranca 
Jugando Partidos contra vecino 0
Resultado 15
32081
Yo soy: 
44 27 72 -9 86 -47 74 59 89 45 20 28 49 36 -6 88 80 24 El mejor fue: 0
44 27 72 -9 86 -47 74 59 89 45 20 48 49 36 -6 88 80 24 Generación 68
arranca 
Jugando Partidos contra vecino 0
Resultado 7
22857.6
Jugando Partidos contra vecino 1
Resultado 9
20209.6
Jugando Partidos contra vecino 2
Resultado 11
25864
Yo soy: 
44 27 72 -9 86 -47 74 59 89 45 20 48 49 36 -6 88 80 24 El mejor fue: 2
44 27 72 -9 86 -67 74 59 89 45 20 48 49 36 -6 88 80 24 Generación 67
arranca 
Jugando Partidos contra vecino 0
Resultado 5
26353.4
Jugando Partidos contra vecino 1
Resultado 9
34374.3
Jugando Partidos contra vecino 2
Resultado 6
27288.4
Jugando Partidos contra vecino 3
Resultado 7
23077
Jugando Partidos contra vecino 4
Resultado 7
31509.3
Jugando Partidos contra vecino 5
Resultado 11
30970.2
Yo soy: 
44 27 72 -9 86 -67 74 59 89 45 20 48 49 36 -6 88 80 24 El mejor fue: 5
44 47 72 -9 86 -67 74 59 89 45 20 48 49 36 -6 88 80 24 Generación 66
arranca 
Jugando Partidos contra vecino 0
Resultado 7
33393.3
Jugando Partidos contra vecino 1
Resultado 9
25076.4
Jugando Partidos contra vecino 2
Resultado 11
25724.7
Yo soy: 
44 47 72 -9 86 -67 74 59 89 45 20 48 49 36 -6 88 80 24 El mejor fue: 2
44 47 72 -9 86 -67 74 59 89 45 0 48 49 36 -6 88 80 24 Generación 65
arranca 
Jugando Partidos contra vecino 0
Resultado 13
31839
Yo soy: 
44 47 72 -9 86 -67 74 59 89 45 0 48 49 36 -6 88 80 24 El mejor fue: 0
44 47 72 -9 86 -67 74 59 89 45 20 48 49 36 -6 88 80 24 Generación 64
arranca 
Jugando Partidos contra vecino 0
Resultado 11
30574.6
Yo soy: 
44 47 72 -9 86 -67 74 59 89 45 20 48 49 36 -6 88 80 24 El mejor fue: 0
44 47 72 -9 86 -67 74 59 89 65 20 48 49 36 -6 88 80 24 Generación 63
arranca 
Jugando Partidos contra vecino 0
Resultado 9
31954.1
Jugando Partidos contra vecino 1
Resultado 9
31026.6
Jugando Partidos contra vecino 2
Resultado 9
29182.2
Jugando Partidos contra vecino 3
Resultado 7
31053.1
Jugando Partidos contra vecino 4
Resultado 11
28148.8
Yo soy: 
44 47 72 -9 86 -67 74 59 89 65 20 48 49 36 -6 88 80 24 El mejor fue: 4
44 47 72 -9 66 -67 74 59 89 65 20 48 49 36 -6 88 80 24 Generación 62
arranca 
Jugando Partidos contra vecino 0
Resultado 13
30817.4
Yo soy: 
44 47 72 -9 66 -67 74 59 89 65 20 48 49 36 -6 88 80 24 El mejor fue: 0
44 47 72 -9 66 -87 74 59 89 65 20 48 49 36 -6 88 80 24 Generación 61
arranca 
Jugando Partidos contra vecino 0
Resultado 10
25081.4
Yo soy: 
44 47 72 -9 66 -87 74 59 89 65 20 48 49 36 -6 88 80 24 El mejor fue: 0
44 67 72 -9 66 -87 74 59 89 65 20 48 49 36 -6 88 80 24 Generación 60
arranca 
Jugando Partidos contra vecino 0
Resultado 5
29816.6
Jugando Partidos contra vecino 1
Resultado 8
19067.5
Jugando Partidos contra vecino 2
Resultado 13
24607.8
Yo soy: 
44 67 72 -9 66 -87 74 59 89 65 20 48 49 36 -6 88 80 24 El mejor fue: 2
44 67 72 -9 66 -87 74 59 89 65 20 48 49 36 14 88 80 24 Generación 59
arranca 
Jugando Partidos contra vecino 0
Resultado 7
22616.7
Jugando Partidos contra vecino 1
Resultado 9
19963.6
Jugando Partidos contra vecino 2
Resultado 13
36558.8
Yo soy: 
44 67 72 -9 66 -87 74 59 89 65 20 48 49 36 14 88 80 24 El mejor fue: 2
44 67 72 -9 66 -87 74 59 89 65 40 48 49 36 14 88 80 24 Generación 58
arranca 
Jugando Partidos contra vecino 0
Resultado 9
30033.8
Jugando Partidos contra vecino 1
Resultado 11
31949.6
Yo soy: 
44 67 72 -9 66 -87 74 59 89 65 40 48 49 36 14 88 80 24 El mejor fue: 1
44 67 72 -9 66 -87 74 59 89 65 40 48 49 16 14 88 80 24 Generación 57
arranca 
Jugando Partidos contra vecino 0
Resultado 5
27971.2
Jugando Partidos contra vecino 1
Resultado 7
40986
Jugando Partidos contra vecino 2
Resultado 5
34918.3
Jugando Partidos contra vecino 3
Resultado 9
38589.6
Jugando Partidos contra vecino 4
Resultado 7
29438.9
Jugando Partidos contra vecino 5
Resultado 7
28172.9
Jugando Partidos contra vecino 6
Resultado 9
28403.9
Jugando Partidos contra vecino 7
Resultado 15
33638.6
Yo soy: 
44 67 72 -9 66 -87 74 59 89 65 40 48 49 16 14 88 80 24 El mejor fue: 7
44 67 72 -9 66 -87 74 59 89 65 40 48 49 -4 14 88 80 24 Generación 56
arranca 
Jugando Partidos contra vecino 0
Resultado 15
39314.4
Yo soy: 
44 67 72 -9 66 -87 74 59 89 65 40 48 49 -4 14 88 80 24 El mejor fue: 0
44 67 72 -9 66 -87 74 59 89 85 40 48 49 -4 14 88 80 24 Generación 55
arranca 
Jugando Partidos contra vecino 0
Resultado 5
34891.6
Jugando Partidos contra vecino 1
Resultado 15
40634.6
Yo soy: 
44 67 72 -9 66 -87 74 59 89 85 40 48 49 -4 14 88 80 24 El mejor fue: 1
44 67 72 -9 66 -87 74 59 89 65 40 48 49 -4 14 88 80 24 Generación 54
arranca 
Jugando Partidos contra vecino 0
Resultado 15
40084.3
Yo soy: 
44 67 72 -9 66 -87 74 59 89 65 40 48 49 -4 14 88 80 24 El mejor fue: 0
44 67 72 -9 66 -87 74 59 89 65 40 48 49 -4 14 88 80 44 Generación 53
arranca 
Jugando Partidos contra vecino 0
Resultado 9
37314.5
Jugando Partidos contra vecino 1
Resultado 15
40434.7
Yo soy: 
44 67 72 -9 66 -87 74 59 89 65 40 48 49 -4 14 88 80 44 El mejor fue: 1
44 67 72 -9 46 -87 74 59 89 65 40 48 49 -4 14 88 80 44 Generación 52
arranca 
Jugando Partidos contra vecino 0
Resultado 15
40102.1
Yo soy: 
44 67 72 -9 46 -87 74 59 89 65 40 48 49 -4 14 88 80 44 El mejor fue: 0
44 67 72 -29 46 -87 74 59 89 65 40 48 49 -4 14 88 80 44 Generación 51
arranca 
Jugando Partidos contra vecino 0
Resultado 15
39750.1
Yo soy: 
44 67 72 -29 46 -87 74 59 89 65 40 48 49 -4 14 88 80 44 El mejor fue: 0
44 67 72 -29 46 -87 94 59 89 65 40 48 49 -4 14 88 80 44 Generación 50
arranca 
Jugando Partidos contra vecino 0
Resultado 11
27639.4
Yo soy: 
44 67 72 -29 46 -87 94 59 89 65 40 48 49 -4 14 88 80 44 El mejor fue: 0
64 67 72 -29 46 -87 94 59 89 65 40 48 49 -4 14 88 80 44 Generación 49
arranca 
Jugando Partidos contra vecino 0
Resultado 13
27773.9
Yo soy: 
64 67 72 -29 46 -87 94 59 89 65 40 48 49 -4 14 88 80 44 El mejor fue: 0
64 67 72 -29 46 -87 94 59 89 65 20 48 49 -4 14 88 80 44 Generación 48
arranca 
Jugando Partidos contra vecino 0
Resultado 15
35440.2
Yo soy: 
64 67 72 -29 46 -87 94 59 89 65 20 48 49 -4 14 88 80 44 El mejor fue: 0
64 67 72 -29 46 -87 94 59 89 65 20 68 49 -4 14 88 80 44 Generación 47
arranca 
Jugando Partidos contra vecino 0
Resultado 3
32969.1
Jugando Partidos contra vecino 1
Resultado 5
35314.9
Jugando Partidos contra vecino 2
Resultado 15
39362.7
Yo soy: 
64 67 72 -29 46 -87 94 59 89 65 20 68 49 -4 14 88 80 44 El mejor fue: 2
64 67 72 -29 46 -87 94 59 89 65 20 68 49 -4 14 88 80 24 Generación 46
arranca 
Jugando Partidos contra vecino 0
Resultado 15
39472.3
Yo soy: 
64 67 72 -29 46 -87 94 59 89 65 20 68 49 -4 14 88 80 24 El mejor fue: 0
64 67 72 -29 46 -87 94 59 89 65 20 68 49 -4 14 88 80 44 Generación 45
arranca 
Jugando Partidos contra vecino 0
Resultado 15
40144
Yo soy: 
64 67 72 -29 46 -87 94 59 89 65 20 68 49 -4 14 88 80 44 El mejor fue: 0
64 67 72 -29 46 -87 94 59 89 65 0 68 49 -4 14 88 80 44 Generación 44
arranca 
Jugando Partidos contra vecino 0
Resultado 15
39112.4
Yo soy: 
64 67 72 -29 46 -87 94 59 89 65 0 68 49 -4 14 88 80 44 El mejor fue: 0
64 67 72 -29 46 -87 94 59 89 45 0 68 49 -4 14 88 80 44 Generación 43
arranca 
Jugando Partidos contra vecino 0
Resultado 15
37947.8
Yo soy: 
64 67 72 -29 46 -87 94 59 89 45 0 68 49 -4 14 88 80 44 El mejor fue: 0
64 67 72 -29 46 -87 94 59 89 45 0 68 49 -4 14 88 40 44 Generación 42
arranca 
Jugando Partidos contra vecino 0
Resultado 15
39517.1
Yo soy: 
64 67 72 -29 46 -87 94 59 89 45 0 68 49 -4 14 88 40 44 El mejor fue: 0
64 67 72 -29 46 -67 94 59 89 45 0 68 49 -4 14 88 40 44 Generación 41
arranca 
Jugando Partidos contra vecino 0
Resultado 15
37829.6
Yo soy: 
64 67 72 -29 46 -67 94 59 89 45 0 68 49 -4 14 88 40 44 El mejor fue: 0
64 47 72 -29 46 -67 94 59 89 45 0 68 49 -4 14 88 40 44 Generación 40
arranca 
Jugando Partidos contra vecino 0
Resultado 15
37031.8
Yo soy: 
64 47 72 -29 46 -67 94 59 89 45 0 68 49 -4 14 88 40 44 El mejor fue: 0
84 47 72 -29 46 -67 94 59 89 45 0 68 49 -4 14 88 40 44 Generación 39
arranca 
Jugando Partidos contra vecino 0
Resultado 11
40606.5
Yo soy: 
84 47 72 -29 46 -67 94 59 89 45 0 68 49 -4 14 88 40 44 El mejor fue: 0
84 47 52 -29 46 -67 94 59 89 45 0 68 49 -4 14 88 40 44 Generación 38
arranca 
Jugando Partidos contra vecino 0
Resultado 15
48126.2
Yo soy: 
84 47 52 -29 46 -67 94 59 89 45 0 68 49 -4 14 88 40 44 El mejor fue: 0
64 47 52 -29 46 -67 94 59 89 45 0 68 49 -4 14 88 40 44 Generación 37
arranca 
Jugando Partidos contra vecino 0
Resultado 15
46974
Yo soy: 
64 47 52 -29 46 -67 94 59 89 45 0 68 49 -4 14 88 40 44 El mejor fue: 0
64 47 52 -29 46 -67 94 59 69 45 0 68 49 -4 14 88 40 44 Generación 36
arranca 
Jugando Partidos contra vecino 0
Resultado 15
41692.6
Yo soy: 
64 47 52 -29 46 -67 94 59 69 45 0 68 49 -4 14 88 40 44 El mejor fue: 0
64 47 52 -29 46 -67 94 59 69 45 -20 68 49 -4 14 88 40 44 Generación 35
arranca 
Jugando Partidos contra vecino 0
Resultado 15
37774.3
Yo soy: 
64 47 52 -29 46 -67 94 59 69 45 -20 68 49 -4 14 88 40 44 El mejor fue: 0
64 47 52 -29 46 -67 94 59 69 45 -20 68 69 -4 14 88 40 44 Generación 34
arranca 
Jugando Partidos contra vecino 0
Resultado 13
47846.7
Yo soy: 
64 47 52 -29 46 -67 94 59 69 45 -20 68 69 -4 14 88 40 44 El mejor fue: 0
64 47 52 -29 46 -67 94 59 69 45 0 68 69 -4 14 88 40 44 Generación 33
arranca 
Jugando Partidos contra vecino 0
Resultado 5
68248.7
Jugando Partidos contra vecino 1
Resultado 15
52930.2
Yo soy: 
64 47 52 -29 46 -67 94 59 69 45 0 68 69 -4 14 88 40 44 El mejor fue: 1
64 47 52 -29 46 -67 74 59 69 45 0 68 69 -4 14 88 40 44 Generación 32
arranca 
Jugando Partidos contra vecino 0
Resultado 15
47081.5
Yo soy: 
64 47 52 -29 46 -67 74 59 69 45 0 68 69 -4 14 88 40 44 El mejor fue: 0
64 47 52 -29 46 -67 74 79 69 45 0 68 69 -4 14 88 40 44 Generación 31
arranca 
Jugando Partidos contra vecino 0
Resultado 15
41770.6
Yo soy: 
64 47 52 -29 46 -67 74 79 69 45 0 68 69 -4 14 88 40 44 El mejor fue: 0
64 47 52 -29 46 -67 74 79 69 45 0 48 69 -4 14 88 40 44 Generación 30
arranca 
Jugando Partidos contra vecino 0
Resultado 15
39391.3
Yo soy: 
64 47 52 -29 46 -67 74 79 69 45 0 48 69 -4 14 88 40 44 El mejor fue: 0
64 47 52 -29 46 -67 74 79 69 45 0 48 69 -4 14 88 20 44 Generación 29
arranca 
Jugando Partidos contra vecino 0
Resultado 15
38233.7
Yo soy: 
64 47 52 -29 46 -67 74 79 69 45 0 48 69 -4 14 88 20 44 El mejor fue: 0
64 47 72 -29 46 -67 74 79 69 45 0 48 69 -4 14 88 20 44 Generación 28
arranca 
Jugando Partidos contra vecino 0
Resultado 15
30240.5
Yo soy: 
64 47 72 -29 46 -67 74 79 69 45 0 48 69 -4 14 88 20 44 El mejor fue: 0
64 47 72 -29 46 -67 74 79 69 45 0 48 69 -4 34 88 20 44 Generación 27
arranca 
Jugando Partidos contra vecino 0
Resultado 15
31851.2
Yo soy: 
64 47 72 -29 46 -67 74 79 69 45 0 48 69 -4 34 88 20 44 El mejor fue: 0
64 47 72 -29 46 -67 74 79 69 45 0 48 89 -4 34 88 20 44 Generación 26
arranca 
Jugando Partidos contra vecino 0
Resultado 15
32091.6
Yo soy: 
64 47 72 -29 46 -67 74 79 69 45 0 48 89 -4 34 88 20 44 El mejor fue: 0
64 47 72 -29 66 -67 74 79 69 45 0 48 89 -4 34 88 20 44 Generación 25
arranca 
Jugando Partidos contra vecino 0
Resultado 15
34603.2
Yo soy: 
64 47 72 -29 66 -67 74 79 69 45 0 48 89 -4 34 88 20 44 El mejor fue: 0
64 47 72 -29 66 -47 74 79 69 45 0 48 89 -4 34 88 20 44 Generación 24
arranca 
Jugando Partidos contra vecino 0
Resultado 15
33626
Yo soy: 
64 47 72 -29 66 -47 74 79 69 45 0 48 89 -4 34 88 20 44 El mejor fue: 0
64 47 72 -29 66 -47 74 79 69 45 0 28 89 -4 34 88 20 44 Generación 23
arranca 
Jugando Partidos contra vecino 0
Resultado 15
32693.6
Yo soy: 
64 47 72 -29 66 -47 74 79 69 45 0 28 89 -4 34 88 20 44 El mejor fue: 0
64 47 72 -29 66 -47 74 79 89 45 0 28 89 -4 34 88 20 44 Generación 22
arranca 
Jugando Partidos contra vecino 0
Resultado 5
31640.4
Jugando Partidos contra vecino 1
Resultado 9
18467.1
Jugando Partidos contra vecino 2
Resultado 15
32099.6
Yo soy: 
64 47 72 -29 66 -47 74 79 89 45 0 28 89 -4 34 88 20 44 El mejor fue: 2
64 47 72 -29 66 -47 74 79 89 45 0 48 89 -4 34 88 20 44 Generación 21
arranca 
Jugando Partidos contra vecino 0
Resultado 7
31815.6
Jugando Partidos contra vecino 1
Resultado 15
30168.9
Yo soy: 
64 47 72 -29 66 -47 74 79 89 45 0 48 89 -4 34 88 20 44 El mejor fue: 1
64 47 72 -29 46 -47 74 79 89 45 0 48 89 -4 34 88 20 44 Generación 20
arranca 
Jugando Partidos contra vecino 0
Resultado 5
33797.4
Jugando Partidos contra vecino 1
Resultado 15
33100.6
Yo soy: 
64 47 72 -29 46 -47 74 79 89 45 0 48 89 -4 34 88 20 44 El mejor fue: 1
84 47 72 -29 46 -47 74 79 89 45 0 48 89 -4 34 88 20 44 Generación 19
arranca 
Jugando Partidos contra vecino 0
Resultado 15
32623.3
Yo soy: 
84 47 72 -29 46 -47 74 79 89 45 0 48 89 -4 34 88 20 44 El mejor fue: 0
84 47 72 -29 46 -47 74 79 89 45 0 68 89 -4 34 88 20 44 Generación 18
arranca 
Jugando Partidos contra vecino 0
Resultado 15
38476.1
Yo soy: 
84 47 72 -29 46 -47 74 79 89 45 0 68 89 -4 34 88 20 44 El mejor fue: 0
84 47 72 -29 46 -47 74 79 89 25 0 68 89 -4 34 88 20 44 Generación 17
arranca 
Jugando Partidos contra vecino 0
Resultado 15
38688.5
Yo soy: 
84 47 72 -29 46 -47 74 79 89 25 0 68 89 -4 34 88 20 44 El mejor fue: 0
84 47 72 -29 46 -47 74 79 89 25 0 68 89 -4 34 88 0 44 Generación 16
arranca 
Jugando Partidos contra vecino 0
Resultado 15
37573.6
Yo soy: 
84 47 72 -29 46 -47 74 79 89 25 0 68 89 -4 34 88 0 44 El mejor fue: 0
84 47 72 -29 46 -47 74 99 89 25 0 68 89 -4 34 88 0 44 Generación 15
arranca 
Jugando Partidos contra vecino 0
Resultado 15
37966.1
Yo soy: 
84 47 72 -29 46 -47 74 99 89 25 0 68 89 -4 34 88 0 44 El mejor fue: 0
84 47 72 -29 46 -47 74 99 89 25 0 68 89 -4 34 88 20 44 Generación 14
arranca 
Jugando Partidos contra vecino 0
Resultado 15
39431.4
Yo soy: 
84 47 72 -29 46 -47 74 99 89 25 0 68 89 -4 34 88 20 44 El mejor fue: 0
84 47 72 -29 46 -47 74 99 89 25 0 68 89 -4 34 88 20 64 Generación 13
arranca 
Jugando Partidos contra vecino 0
Resultado 15
38910
Yo soy: 
84 47 72 -29 46 -47 74 99 89 25 0 68 89 -4 34 88 20 64 El mejor fue: 0
84 67 72 -29 46 -47 74 99 89 25 0 68 89 -4 34 88 20 64 Generación 12
arranca 
Jugando Partidos contra vecino 0
Resultado 15
36539.7
Yo soy: 
84 67 72 -29 46 -47 74 99 89 25 0 68 89 -4 34 88 20 64 El mejor fue: 0
84 87 72 -29 46 -47 74 99 89 25 0 68 89 -4 34 88 20 64 Generación 11
arranca 
Jugando Partidos contra vecino 0
Resultado 15
30656
Yo soy: 
84 87 72 -29 46 -47 74 99 89 25 0 68 89 -4 34 88 20 64 El mejor fue: 0
84 87 72 -29 46 -47 74 99 89 25 0 68 89 -4 34 88 20 84 Generación 10
arranca 
Jugando Partidos contra vecino 0
Resultado 15
33520.3
Yo soy: 
84 87 72 -29 46 -47 74 99 89 25 0 68 89 -4 34 88 20 84 El mejor fue: 0
84 87 72 -29 46 -47 74 99 89 45 0 68 89 -4 34 88 20 84 Generación 9
arranca 
Jugando Partidos contra vecino 0
Resultado 15
35397.9
Yo soy: 
84 87 72 -29 46 -47 74 99 89 45 0 68 89 -4 34 88 20 84 El mejor fue: 0
84 87 72 -9 46 -47 74 99 89 45 0 68 89 -4 34 88 20 84 Generación 8
arranca 
Jugando Partidos contra vecino 0
Resultado 15
36798.8
Yo soy: 
84 87 72 -9 46 -47 74 99 89 45 0 68 89 -4 34 88 20 84 El mejor fue: 0
84 87 72 -9 46 -47 74 99 89 45 0 68 89 -4 34 88 20 64 Generación 7
arranca 
Jugando Partidos contra vecino 0
Resultado 15
33054.8
Yo soy: 
84 87 72 -9 46 -47 74 99 89 45 0 68 89 -4 34 88 20 64 El mejor fue: 0
84 87 72 -9 46 -47 74 99 89 45 0 68 89 -4 34 88 0 64 Generación 6
arranca 
Jugando Partidos contra vecino 0
Resultado 15
34896.5
Yo soy: 
84 87 72 -9 46 -47 74 99 89 45 0 68 89 -4 34 88 0 64 El mejor fue: 0
84 87 72 -9 46 -47 74 99 89 45 0 88 89 -4 34 88 0 64 Generación 5
arranca 
Jugando Partidos contra vecino 0
Resultado 15
40217.4
Yo soy: 
84 87 72 -9 46 -47 74 99 89 45 0 88 89 -4 34 88 0 64 El mejor fue: 0
84 87 72 -9 26 -47 74 99 89 45 0 88 89 -4 34 88 0 64 Generación 4
arranca 
Jugando Partidos contra vecino 0
Resultado 13
35558.6
Yo soy: 
84 87 72 -9 26 -47 74 99 89 45 0 88 89 -4 34 88 0 64 El mejor fue: 0
84 87 72 -9 26 -47 74 59 89 45 0 88 89 -4 34 88 0 64 Generación 3
arranca 
Jugando Partidos contra vecino 0
Resultado 15
39723.6
Yo soy: 
84 87 72 -9 26 -47 74 59 89 45 0 88 89 -4 34 88 0 64 El mejor fue: 0
64 87 72 -9 26 -47 74 59 89 45 0 88 89 -4 34 88 0 64 Generación 2
arranca 
Jugando Partidos contra vecino 0
Resultado 15
40423.5
Yo soy: 
64 87 72 -9 26 -47 74 59 89 45 0 88 89 -4 34 88 0 64 El mejor fue: 0
64 87 72 -9 26 -47 54 59 89 45 0 88 89 -4 34 88 0 64 Generación 1
arranca 
Jugando Partidos contra vecino 0
Resultado 15
48553.5
Yo soy: 
64 87 72 -9 26 -47 54 59 89 45 0 88 89 -4 34 88 0 64 El mejor fue: 0
64 47 72 -9 26 -47 54 59 89 45 0 88 89 -4 34 88 0 64 Generación 0
1.05408e+07
