arranca 
Jugando Partidos contra vecino 0
Resultado 5
27288.1
Jugando Partidos contra vecino 1
Resultado 5
29018.9
Jugando Partidos contra vecino 2
Resultado 5
19545.5
Jugando Partidos contra vecino 3
Resultado 5
30152.3
Jugando Partidos contra vecino 4
Resultado 5
16901.7
Jugando Partidos contra vecino 5
Resultado 5
23973.1
Jugando Partidos contra vecino 6
Resultado 5
22222.9
Jugando Partidos contra vecino 7
Resultado 5
31553
Jugando Partidos contra vecino 8
Resultado 5
17156.5
Jugando Partidos contra vecino 9
Resultado 5
20934.6
Jugando Partidos contra vecino 10
Resultado 5
31066.5
Jugando Partidos contra vecino 11
Resultado 9
29704.7
Jugando Partidos contra vecino 12
Resultado 5
18982.3
Jugando Partidos contra vecino 13
Resultado 5
28920.1
Jugando Partidos contra vecino 14
Resultado 5
24700.1
Jugando Partidos contra vecino 15
Resultado 5
22380.8
Jugando Partidos contra vecino 16
Resultado 7
24263.1
Jugando Partidos contra vecino 17
Resultado 5
21863.4
Jugando Partidos contra vecino 18
Resultado 5
23178.4
Jugando Partidos contra vecino 19
Resultado 7
28903.3
Jugando Partidos contra vecino 20
Resultado 5
24333.8
Jugando Partidos contra vecino 21
Resultado 5
17010.7
Jugando Partidos contra vecino 22
Resultado 5
35552.3
Jugando Partidos contra vecino 23
Resultado 5
17385.3
Jugando Partidos contra vecino 24
Resultado 5
23030.1
Jugando Partidos contra vecino 25
Resultado 5
29060.2
Jugando Partidos contra vecino 26
Resultado 5
25781.4
Jugando Partidos contra vecino 27
Resultado 5
17517.7
Jugando Partidos contra vecino 28
Resultado 7
25015.6
Jugando Partidos contra vecino 29
Resultado 11
27841.3
Yo soy: 
23 20 36 70 2 70 54 8 92 34 22 10 24 100 23 El mejor fue: 29
23 20 36 70 2 70 54 8 92 34 42 10 24 100 23 Generación 19
arranca 
Jugando Partidos contra vecino 0
Resultado 4
48219.9
Jugando Partidos contra vecino 1
Resultado 7
34300.7
Jugando Partidos contra vecino 2
Resultado 5
29039.2
Jugando Partidos contra vecino 3
Resultado 5
27992.5
Jugando Partidos contra vecino 4
Resultado 5
39292.9
Jugando Partidos contra vecino 5
Resultado 4
31392.1
Jugando Partidos contra vecino 6
Resultado 5
45781.9
Jugando Partidos contra vecino 7
Resultado 3
37812.9
Jugando Partidos contra vecino 8
Resultado 9
40442.5
Jugando Partidos contra vecino 9
Resultado 6
30868.7
Jugando Partidos contra vecino 10
Resultado 4
28061.2
Jugando Partidos contra vecino 11
Resultado 5
36067.9
Jugando Partidos contra vecino 12
Resultado 4
38130.7
Jugando Partidos contra vecino 13
Resultado 3
25741.2
Jugando Partidos contra vecino 14
Resultado 4
31700.2
Jugando Partidos contra vecino 15
Resultado 6
35164.1
Jugando Partidos contra vecino 16
Resultado 4
39200.4
Jugando Partidos contra vecino 17
Resultado 5
34754.8
Jugando Partidos contra vecino 18
Resultado 5
35407.1
Jugando Partidos contra vecino 19
Resultado 5
33773.6
Jugando Partidos contra vecino 20
Resultado 5
32925.8
Jugando Partidos contra vecino 21
Resultado 4
34117.7
Jugando Partidos contra vecino 22
Resultado 9
34135.4
Jugando Partidos contra vecino 23
Resultado 3
24096.5
Jugando Partidos contra vecino 24
Resultado 4
32300.7
Jugando Partidos contra vecino 25
Resultado 5
29134.6
Jugando Partidos contra vecino 26
Resultado 4
19865.6
Jugando Partidos contra vecino 27
Resultado 4
33589.7
Jugando Partidos contra vecino 28
Resultado 4
25156.3
Jugando Partidos contra vecino 29
Resultado 4
35451.4
1.73916e+06
arranca 
Jugando Partidos contra vecino 0
Resultado 9
25646.7
Jugando Partidos contra vecino 1
Resultado 9
17737.2
Jugando Partidos contra vecino 2
Resultado 9
19227.9
Jugando Partidos contra vecino 3
Resultado 5
14284.4
Jugando Partidos contra vecino 4
Resultado 9
21227.9
Jugando Partidos contra vecino 5
Resultado 15
24191.5
Yo soy: 
42 7 77 52 63 66 21 60 16 88 29 28 83 91 16 El mejor fue: 5
42 7 77 52 63 66 21 60 16 88 29 28 83 71 16 Generación 19
arranca 
Jugando Partidos contra vecino 0
Resultado 5
14903.3
Jugando Partidos contra vecino 1
Resultado 15
23501.8
Yo soy: 
42 7 77 52 63 66 21 60 16 88 29 28 83 71 16 El mejor fue: 1
42 7 77 52 63 66 21 60 16 88 29 28 83 51 16 Generación 18
arranca 
Jugando Partidos contra vecino 0
Resultado 15
25573.2
Yo soy: 
42 7 77 52 63 66 21 60 16 88 29 28 83 51 16 El mejor fue: 0
22 7 77 52 63 66 21 60 16 88 29 28 83 51 16 Generación 17
arranca 
Jugando Partidos contra vecino 0
Resultado 13
37947.4
Yo soy: 
22 7 77 52 63 66 21 60 16 88 29 28 83 51 16 El mejor fue: 0
22 7 57 52 63 66 21 60 16 88 29 28 83 51 16 Generación 16
arranca 
Jugando Partidos contra vecino 0
Resultado 7
22107.7
Jugando Partidos contra vecino 1
Resultado 13
29282.3
Yo soy: 
22 7 57 52 63 66 21 60 16 88 29 28 83 51 16 El mejor fue: 1
22 7 57 52 63 66 21 40 16 88 29 28 83 51 16 Generación 15
arranca 
Jugando Partidos contra vecino 0
Resultado 11
22727.4
Yo soy: 
22 7 57 52 63 66 21 40 16 88 29 28 83 51 16 El mejor fue: 0
22 7 57 52 63 66 21 40 16 88 9 28 83 51 16 Generación 14
arranca 
Jugando Partidos contra vecino 0
Resultado 15
28562.7
Yo soy: 
22 7 57 52 63 66 21 40 16 88 9 28 83 51 16 El mejor fue: 0
2 7 57 52 63 66 21 40 16 88 9 28 83 51 16 Generación 13
arranca 
Jugando Partidos contra vecino 0
Resultado 4
14827.1
Jugando Partidos contra vecino 1
Resultado 15
24489.8
Yo soy: 
2 7 57 52 63 66 21 40 16 88 9 28 83 51 16 El mejor fue: 1
2 7 57 52 63 66 21 60 16 88 9 28 83 51 16 Generación 12
arranca 
Jugando Partidos contra vecino 0
Resultado 3
14949
Jugando Partidos contra vecino 1
Resultado 9
29727.1
Jugando Partidos contra vecino 2
Resultado 7
22007.8
Jugando Partidos contra vecino 3
Resultado 13
27970.5
Yo soy: 
2 7 57 52 63 66 21 60 16 88 9 28 83 51 16 El mejor fue: 3
2 7 57 52 63 66 21 60 36 88 9 28 83 51 16 Generación 11
arranca 
Jugando Partidos contra vecino 0
Resultado 9
20033.4
Jugando Partidos contra vecino 1
Resultado 13
21755.7
Yo soy: 
2 7 57 52 63 66 21 60 36 88 9 28 83 51 16 El mejor fue: 1
2 7 57 52 83 66 21 60 36 88 9 28 83 51 16 Generación 10
arranca 
Jugando Partidos contra vecino 0
Resultado 13
31564.6
Yo soy: 
2 7 57 52 83 66 21 60 36 88 9 28 83 51 16 El mejor fue: 0
2 7 57 52 83 66 21 60 36 88 9 28 83 51 36 Generación 9
arranca 
Jugando Partidos contra vecino 0
Resultado 13
24339.8
Yo soy: 
2 7 57 52 83 66 21 60 36 88 9 28 83 51 36 El mejor fue: 0
2 7 57 52 83 66 21 80 36 88 9 28 83 51 36 Generación 8
arranca 
Jugando Partidos contra vecino 0
Resultado 15
27308.1
Yo soy: 
2 7 57 52 83 66 21 80 36 88 9 28 83 51 36 El mejor fue: 0
2 7 57 72 83 66 21 80 36 88 9 28 83 51 36 Generación 7
arranca 
Jugando Partidos contra vecino 0
Resultado 15
26066.6
Yo soy: 
2 7 57 72 83 66 21 80 36 88 9 28 83 51 36 El mejor fue: 0
2 27 57 72 83 66 21 80 36 88 9 28 83 51 36 Generación 6
arranca 
Jugando Partidos contra vecino 0
Resultado 7
30277.4
Jugando Partidos contra vecino 1
Resultado 13
23072
Yo soy: 
2 27 57 72 83 66 21 80 36 88 9 28 83 51 36 El mejor fue: 1
22 27 57 72 83 66 21 80 36 88 9 28 83 51 36 Generación 5
arranca 
Jugando Partidos contra vecino 0
Resultado 13
21052.8
Yo soy: 
22 27 57 72 83 66 21 80 36 88 9 28 83 51 36 El mejor fue: 0
22 27 57 72 83 66 21 80 36 88 9 28 83 71 36 Generación 4
arranca 
Jugando Partidos contra vecino 0
Resultado 13
26932.2
Yo soy: 
22 27 57 72 83 66 21 80 36 88 9 28 83 71 36 El mejor fue: 0
22 27 57 72 83 66 21 80 36 88 9 48 83 71 36 Generación 3
arranca 
Jugando Partidos contra vecino 0
Resultado 15
28353.9
Yo soy: 
22 27 57 72 83 66 21 80 36 88 9 48 83 71 36 El mejor fue: 0
22 47 57 72 83 66 21 80 36 88 9 48 83 71 36 Generación 2
arranca 
Jugando Partidos contra vecino 0
Resultado 13
24435.4
Yo soy: 
22 47 57 72 83 66 21 80 36 88 9 48 83 71 36 El mejor fue: 0
22 47 77 72 83 66 21 80 36 88 9 48 83 71 36 Generación 1
arranca 
Jugando Partidos contra vecino 0
Resultado 9
17280.3
Jugando Partidos contra vecino 1
Resultado 13
20208.5
Yo soy: 
22 47 77 72 83 66 21 80 36 88 9 48 83 71 36 El mejor fue: 1
22 47 77 92 83 66 21 80 36 88 9 48 83 71 36 Generación 0
803575
