arranca 
Jugando Partidos contra vecino 0
Resultado 10
32098.2
Yo soy: 
47 0 33 62 72 39 84 11 13 97 10 73 70 93 54 33 65 53 El mejor fue: 0
47 0 33 62 72 39 84 11 13 97 10 73 70 93 54 53 65 53 Generación 199
arranca 
Jugando Partidos contra vecino 0
Resultado 3
16627.3
Jugando Partidos contra vecino 1
Resultado 13
44240.8
Yo soy: 
47 0 33 62 72 39 84 11 13 97 10 73 70 93 54 53 65 53 El mejor fue: 1
47 0 33 42 72 39 84 11 13 97 10 73 70 93 54 53 65 53 Generación 198
arranca 
Jugando Partidos contra vecino 0
Resultado 7
27654.3
Jugando Partidos contra vecino 1
Resultado 10
38724.1
Yo soy: 
47 0 33 42 72 39 84 11 13 97 10 73 70 93 54 53 65 53 El mejor fue: 1
47 0 33 42 72 39 84 11 13 97 -10 73 70 93 54 53 65 53 Generación 197
arranca 
Jugando Partidos contra vecino 0
Resultado 7
27535.9
Jugando Partidos contra vecino 1
Resultado 10
34743.2
Yo soy: 
47 0 33 42 72 39 84 11 13 97 -10 73 70 93 54 53 65 53 El mejor fue: 1
47 0 33 42 72 39 84 11 33 97 -10 73 70 93 54 53 65 53 Generación 196
arranca 
Jugando Partidos contra vecino 0
Resultado 7
33701.7
Jugando Partidos contra vecino 1
Resultado 11
31838.6
Yo soy: 
47 0 33 42 72 39 84 11 33 97 -10 73 70 93 54 53 65 53 El mejor fue: 1
47 0 33 42 72 39 44 11 33 97 -10 73 70 93 54 53 65 53 Generación 195
arranca 
Jugando Partidos contra vecino 0
Resultado 6
27995.7
Jugando Partidos contra vecino 1
Resultado 7
36577
Jugando Partidos contra vecino 2
Resultado 13
49664.9
Yo soy: 
47 0 33 42 72 39 44 11 33 97 -10 73 70 93 54 53 65 53 El mejor fue: 2
47 0 33 42 72 39 44 11 33 97 -10 73 70 93 54 53 65 33 Generación 194
arranca 
Jugando Partidos contra vecino 0
Resultado 4
12502.6
Jugando Partidos contra vecino 1
Resultado 10
42973.5
Yo soy: 
47 0 33 42 72 39 44 11 33 97 -10 73 70 93 54 53 65 33 El mejor fue: 1
47 0 33 42 72 59 44 11 33 97 -10 73 70 93 54 53 65 33 Generación 193
arranca 
Jugando Partidos contra vecino 0
Resultado 7
31170.7
Jugando Partidos contra vecino 1
Resultado 2
19525.7
Jugando Partidos contra vecino 2
Resultado 10
44521.3
Yo soy: 
47 0 33 42 72 59 44 11 33 97 -10 73 70 93 54 53 65 33 El mejor fue: 2
47 0 33 42 72 59 24 11 33 97 -10 73 70 93 54 53 65 33 Generación 192
arranca 
Jugando Partidos contra vecino 0
Resultado 13
44329.2
Yo soy: 
47 0 33 42 72 59 24 11 33 97 -10 73 70 93 54 53 65 33 El mejor fue: 0
47 0 33 42 72 59 24 11 13 97 -10 73 70 93 54 53 65 33 Generación 191
arranca 
Jugando Partidos contra vecino 0
Resultado 10
44578.9
Yo soy: 
47 0 33 42 72 59 24 11 13 97 -10 73 70 93 54 53 65 33 El mejor fue: 0
47 0 33 42 72 59 24 31 13 97 -10 73 70 93 54 53 65 33 Generación 190
arranca 
Jugando Partidos contra vecino 0
Resultado 13
49442.1
Yo soy: 
47 0 33 42 72 59 24 31 13 97 -10 73 70 93 54 53 65 33 El mejor fue: 0
47 0 33 42 72 59 24 31 13 97 -10 93 70 93 54 53 65 33 Generación 189
arranca 
Jugando Partidos contra vecino 0
Resultado 9
29153
Jugando Partidos contra vecino 1
Resultado 15
51456.6
Yo soy: 
47 0 33 42 72 59 24 31 13 97 -10 93 70 93 54 53 65 33 El mejor fue: 1
47 0 33 42 72 59 24 31 -7 97 -10 93 70 93 54 53 65 33 Generación 188
arranca 
Jugando Partidos contra vecino 0
Resultado 13
50671
Yo soy: 
47 0 33 42 72 59 24 31 -7 97 -10 93 70 93 54 53 65 33 El mejor fue: 0
47 0 33 42 72 59 24 31 -7 97 -10 93 90 93 54 53 65 33 Generación 187
arranca 
Jugando Partidos contra vecino 0
Resultado 12
54316.9
Yo soy: 
47 0 33 42 72 59 24 31 -7 97 -10 93 90 93 54 53 65 33 El mejor fue: 0
47 0 33 42 72 59 24 31 -7 97 10 93 90 93 54 53 65 33 Generación 186
arranca 
Jugando Partidos contra vecino 0
Resultado 12
49616.1
Yo soy: 
47 0 33 42 72 59 24 31 -7 97 10 93 90 93 54 53 65 33 El mejor fue: 0
47 0 33 42 72 59 24 31 -27 97 10 93 90 93 54 53 65 33 Generación 185
arranca 
Jugando Partidos contra vecino 0
Resultado 15
58648.1
Yo soy: 
47 0 33 42 72 59 24 31 -27 97 10 93 90 93 54 53 65 33 El mejor fue: 0
47 0 33 42 72 79 24 31 -27 97 10 93 90 93 54 53 65 33 Generación 184
arranca 
Jugando Partidos contra vecino 0
Resultado 13
42412
Yo soy: 
47 0 33 42 72 79 24 31 -27 97 10 93 90 93 54 53 65 33 El mejor fue: 0
47 0 33 42 72 79 24 31 -27 97 30 93 90 93 54 53 65 33 Generación 183
arranca 
Jugando Partidos contra vecino 0
Resultado 11
43036.5
Yo soy: 
47 0 33 42 72 79 24 31 -27 97 30 93 90 93 54 53 65 33 El mejor fue: 0
47 0 33 42 72 79 24 31 -27 97 30 93 90 93 34 53 65 33 Generación 182
arranca 
Jugando Partidos contra vecino 0
Resultado 15
55009.8
Yo soy: 
47 0 33 42 72 79 24 31 -27 97 30 93 90 93 34 53 65 33 El mejor fue: 0
47 -20 33 42 72 79 24 31 -27 97 30 93 90 93 34 53 65 33 Generación 181
arranca 
Jugando Partidos contra vecino 0
Resultado 13
53236
Yo soy: 
47 -20 33 42 72 79 24 31 -27 97 30 93 90 93 34 53 65 33 El mejor fue: 0
47 -20 33 42 52 79 24 31 -27 97 30 93 90 93 34 53 65 33 Generación 180
arranca 
Jugando Partidos contra vecino 0
Resultado 2
26536
Jugando Partidos contra vecino 1
Resultado 15
62856.2
Yo soy: 
47 -20 33 42 52 79 24 31 -27 97 30 93 90 93 34 53 65 33 El mejor fue: 1
47 -20 33 42 52 79 24 31 -7 97 30 93 90 93 34 53 65 33 Generación 179
arranca 
Jugando Partidos contra vecino 0
Resultado 15
62575.2
Yo soy: 
47 -20 33 42 52 79 24 31 -7 97 30 93 90 93 34 53 65 33 El mejor fue: 0
47 -20 33 42 52 79 24 31 -7 97 30 93 90 93 34 73 65 33 Generación 178
arranca 
Jugando Partidos contra vecino 0
Resultado 13
40080.7
Yo soy: 
47 -20 33 42 52 79 24 31 -7 97 30 93 90 93 34 73 65 33 El mejor fue: 0
47 -20 33 62 52 79 24 31 -7 97 30 93 90 93 34 73 65 33 Generación 177
arranca 
Jugando Partidos contra vecino 0
Resultado 15
55309
Yo soy: 
47 -20 33 62 52 79 24 31 -7 97 30 93 90 93 34 73 65 33 El mejor fue: 0
47 -20 33 62 52 79 24 31 -7 97 30 93 90 53 34 73 65 33 Generación 176
arranca 
Jugando Partidos contra vecino 0
Resultado 9
29672.9
Jugando Partidos contra vecino 1
Resultado 11
49004.4
Yo soy: 
47 -20 33 62 52 79 24 31 -7 97 30 93 90 53 34 73 65 33 El mejor fue: 1
27 -20 33 62 52 79 24 31 -7 97 30 93 90 53 34 73 65 33 Generación 175
arranca 
Jugando Partidos contra vecino 0
Resultado 13
54370.1
Yo soy: 
27 -20 33 62 52 79 24 31 -7 97 30 93 90 53 34 73 65 33 El mejor fue: 0
27 -20 33 62 52 79 24 31 -7 77 30 93 90 53 34 73 65 33 Generación 174
arranca 
Jugando Partidos contra vecino 0
Resultado 7
24323
Jugando Partidos contra vecino 1
Resultado 7
15966.5
Jugando Partidos contra vecino 2
Resultado 9
33451.3
Jugando Partidos contra vecino 3
Resultado 11
43733.3
Yo soy: 
27 -20 33 62 52 79 24 31 -7 77 30 93 90 53 34 73 65 33 El mejor fue: 3
27 -20 33 62 52 79 24 31 -7 77 30 93 90 53 34 73 45 33 Generación 173
arranca 
Jugando Partidos contra vecino 0
Resultado 7
25676.9
Jugando Partidos contra vecino 1
Resultado 9
33189
Jugando Partidos contra vecino 2
Resultado 13
56615
Yo soy: 
27 -20 33 62 52 79 24 31 -7 77 30 93 90 53 34 73 45 33 El mejor fue: 2
27 -20 33 42 52 79 24 31 -7 77 30 93 90 53 34 73 45 33 Generación 172
arranca 
Jugando Partidos contra vecino 0
Resultado 15
67414
Yo soy: 
27 -20 33 42 52 79 24 31 -7 77 30 93 90 53 34 73 45 33 El mejor fue: 0
27 -20 33 42 52 79 24 51 -7 77 30 93 90 53 34 73 45 33 Generación 171
arranca 
Jugando Partidos contra vecino 0
Resultado 13
55539
Yo soy: 
27 -20 33 42 52 79 24 51 -7 77 30 93 90 53 34 73 45 33 El mejor fue: 0
27 -20 33 42 52 79 24 51 -7 77 30 93 90 53 34 73 45 53 Generación 170
arranca 
Jugando Partidos contra vecino 0
Resultado 15
63339.8
Yo soy: 
27 -20 33 42 52 79 24 51 -7 77 30 93 90 53 34 73 45 53 El mejor fue: 0
27 -20 33 42 52 79 24 51 -7 77 30 93 90 53 34 73 25 53 Generación 169
arranca 
Jugando Partidos contra vecino 0
Resultado 15
66871.3
Yo soy: 
27 -20 33 42 52 79 24 51 -7 77 30 93 90 53 34 73 25 53 El mejor fue: 0
27 -20 33 42 52 59 24 51 -7 77 30 93 90 53 34 73 25 53 Generación 168
arranca 
Jugando Partidos contra vecino 0
Resultado 15
65852.1
Yo soy: 
27 -20 33 42 52 59 24 51 -7 77 30 93 90 53 34 73 25 53 El mejor fue: 0
27 -20 33 42 52 39 24 51 -7 77 30 93 90 53 34 73 25 53 Generación 167
arranca 
Jugando Partidos contra vecino 0
Resultado 15
63263.6
Yo soy: 
27 -20 33 42 52 39 24 51 -7 77 30 93 90 53 34 73 25 53 El mejor fue: 0
27 0 33 42 52 39 24 51 -7 77 30 93 90 53 34 73 25 53 Generación 166
arranca 
Jugando Partidos contra vecino 0
Resultado 11
44789.5
Yo soy: 
27 0 33 42 52 39 24 51 -7 77 30 93 90 53 34 73 25 53 El mejor fue: 0
27 0 33 62 52 39 24 51 -7 77 30 93 90 53 34 73 25 53 Generación 165
arranca 
Jugando Partidos contra vecino 0
Resultado 5
12600.9
Jugando Partidos contra vecino 1
Resultado 7
21717.7
Jugando Partidos contra vecino 2
Resultado 11
43381.4
Yo soy: 
27 0 33 62 52 39 24 51 -7 77 30 93 90 53 34 73 25 53 El mejor fue: 2
27 0 33 62 52 39 24 51 -27 77 30 93 90 53 34 73 25 53 Generación 164
arranca 
Jugando Partidos contra vecino 0
Resultado 15
51701.5
Yo soy: 
27 0 33 62 52 39 24 51 -27 77 30 93 90 53 34 73 25 53 El mejor fue: 0
27 0 33 62 52 39 24 51 -27 77 30 93 70 53 34 73 25 53 Generación 163
arranca 
Jugando Partidos contra vecino 0
Resultado 15
38103.4
Yo soy: 
27 0 33 62 52 39 24 51 -27 77 30 93 70 53 34 73 25 53 El mejor fue: 0
27 -20 33 62 52 39 24 51 -27 77 30 93 70 53 34 73 25 53 Generación 162
arranca 
Jugando Partidos contra vecino 0
Resultado 13
36235.4
Yo soy: 
27 -20 33 62 52 39 24 51 -27 77 30 93 70 53 34 73 25 53 El mejor fue: 0
27 -20 33 62 52 39 24 51 -27 57 30 93 70 53 34 73 25 53 Generación 161
arranca 
Jugando Partidos contra vecino 0
Resultado 15
44952.6
Yo soy: 
27 -20 33 62 52 39 24 51 -27 57 30 93 70 53 34 73 25 53 El mejor fue: 0
27 -20 33 62 52 59 24 51 -27 57 30 93 70 53 34 73 25 53 Generación 160
arranca 
Jugando Partidos contra vecino 0
Resultado 15
48442.6
Yo soy: 
27 -20 33 62 52 59 24 51 -27 57 30 93 70 53 34 73 25 53 El mejor fue: 0
27 -20 33 62 52 59 24 51 -27 77 30 93 70 53 34 73 25 53 Generación 159
arranca 
Jugando Partidos contra vecino 0
Resultado 13
36373.9
Yo soy: 
27 -20 33 62 52 59 24 51 -27 77 30 93 70 53 34 73 25 53 El mejor fue: 0
27 -20 33 62 52 59 24 51 -27 77 10 93 70 53 34 73 25 53 Generación 158
arranca 
Jugando Partidos contra vecino 0
Resultado 9
34431.3
Jugando Partidos contra vecino 1
Resultado 11
47583.3
Yo soy: 
27 -20 33 62 52 59 24 51 -27 77 10 93 70 53 34 73 25 53 El mejor fue: 1
27 -20 13 62 52 59 24 51 -27 77 10 93 70 53 34 73 25 53 Generación 157
arranca 
Jugando Partidos contra vecino 0
Resultado 15
67244.7
Yo soy: 
27 -20 13 62 52 59 24 51 -27 77 10 93 70 53 34 73 25 53 El mejor fue: 0
7 -20 13 62 52 59 24 51 -27 77 10 93 70 53 34 73 25 53 Generación 156
arranca 
Jugando Partidos contra vecino 0
Resultado 13
55882.9
Yo soy: 
7 -20 13 62 52 59 24 51 -27 77 10 93 70 53 34 73 25 53 El mejor fue: 0
7 -20 13 42 52 59 24 51 -27 77 10 93 70 53 34 73 25 53 Generación 155
arranca 
Jugando Partidos contra vecino 0
Resultado 15
66943.7
Yo soy: 
7 -20 13 42 52 59 24 51 -27 77 10 93 70 53 34 73 25 53 El mejor fue: 0
7 -20 13 62 52 59 24 51 -27 77 10 93 70 53 34 73 25 53 Generación 154
arranca 
Jugando Partidos contra vecino 0
Resultado 13
55305.6
Yo soy: 
7 -20 13 62 52 59 24 51 -27 77 10 93 70 53 34 73 25 53 El mejor fue: 0
7 -20 13 62 52 59 24 51 -27 57 10 93 70 53 34 73 25 53 Generación 153
arranca 
Jugando Partidos contra vecino 0
Resultado 11
44916.3
Yo soy: 
7 -20 13 62 52 59 24 51 -27 57 10 93 70 53 34 73 25 53 El mejor fue: 0
7 -20 13 62 32 59 24 51 -27 57 10 93 70 53 34 73 25 53 Generación 152
arranca 
Jugando Partidos contra vecino 0
Resultado 13
36173.2
Yo soy: 
7 -20 13 62 32 59 24 51 -27 57 10 93 70 53 34 73 25 53 El mejor fue: 0
7 -20 13 82 32 59 24 51 -27 57 10 93 70 53 34 73 25 53 Generación 151
arranca 
Jugando Partidos contra vecino 0
Resultado 11
34735.5
Yo soy: 
7 -20 13 82 32 59 24 51 -27 57 10 93 70 53 34 73 25 53 El mejor fue: 0
7 -20 13 82 32 59 24 51 -27 57 10 93 70 53 34 73 45 53 Generación 150
arranca 
Jugando Partidos contra vecino 0
Resultado 9
25392.5
Jugando Partidos contra vecino 1
Resultado 11
36493.3
Yo soy: 
7 -20 13 82 32 59 24 51 -27 57 10 93 70 53 34 73 45 53 El mejor fue: 1
7 -20 33 82 32 59 24 51 -27 57 10 93 70 53 34 73 45 53 Generación 149
arranca 
Jugando Partidos contra vecino 0
Resultado 9
28788.6
Jugando Partidos contra vecino 1
Resultado 13
47385.6
Yo soy: 
7 -20 33 82 32 59 24 51 -27 57 10 93 70 53 34 73 45 53 El mejor fue: 1
7 -20 33 82 32 59 24 51 -27 57 10 93 70 53 14 73 45 53 Generación 148
arranca 
Jugando Partidos contra vecino 0
Resultado 9
29011.4
Jugando Partidos contra vecino 1
Resultado 15
69075.1
Yo soy: 
7 -20 33 82 32 59 24 51 -27 57 10 93 70 53 14 73 45 53 El mejor fue: 1
7 -20 33 42 32 59 24 51 -27 57 10 93 70 53 14 73 45 53 Generación 147
arranca 
Jugando Partidos contra vecino 0
Resultado 15
66586.9
Yo soy: 
7 -20 33 42 32 59 24 51 -27 57 10 93 70 53 14 73 45 53 El mejor fue: 0
7 -20 33 42 32 39 24 51 -27 57 10 93 70 53 14 73 45 53 Generación 146
arranca 
Jugando Partidos contra vecino 0
Resultado 15
61192.3
Yo soy: 
7 -20 33 42 32 39 24 51 -27 57 10 93 70 53 14 73 45 53 El mejor fue: 0
7 -20 33 42 32 39 24 71 -27 57 10 93 70 53 14 73 45 53 Generación 145
arranca 
Jugando Partidos contra vecino 0
Resultado 15
63615
Yo soy: 
7 -20 33 42 32 39 24 71 -27 57 10 93 70 53 14 73 45 53 El mejor fue: 0
7 -20 33 42 32 39 24 71 -27 57 10 93 70 53 -6 73 45 53 Generación 144
arranca 
Jugando Partidos contra vecino 0
Resultado 11
43806
Yo soy: 
7 -20 33 42 32 39 24 71 -27 57 10 93 70 53 -6 73 45 53 El mejor fue: 0
7 -20 33 62 32 39 24 71 -27 57 10 93 70 53 -6 73 45 53 Generación 143
arranca 
Jugando Partidos contra vecino 0
Resultado 11
44714.5
Yo soy: 
7 -20 33 62 32 39 24 71 -27 57 10 93 70 53 -6 73 45 53 El mejor fue: 0
7 -20 33 62 32 39 24 71 -7 57 10 93 70 53 -6 73 45 53 Generación 142
arranca 
Jugando Partidos contra vecino 0
Resultado 9
33906.4
Jugando Partidos contra vecino 1
Resultado 7
25006.2
Jugando Partidos contra vecino 2
Resultado 11
46117.7
Yo soy: 
7 -20 33 62 32 39 24 71 -7 57 10 93 70 53 -6 73 45 53 El mejor fue: 2
7 -20 33 62 32 19 24 71 -7 57 10 93 70 53 -6 73 45 53 Generación 141
arranca 
Jugando Partidos contra vecino 0
Resultado 11
30140.8
Yo soy: 
7 -20 33 62 32 19 24 71 -7 57 10 93 70 53 -6 73 45 53 El mejor fue: 0
7 -20 33 62 32 19 24 71 -7 57 10 93 70 73 -6 73 45 53 Generación 140
arranca 
Jugando Partidos contra vecino 0
Resultado 13
57769.7
Yo soy: 
7 -20 33 62 32 19 24 71 -7 57 10 93 70 73 -6 73 45 53 El mejor fue: 0
7 -20 33 62 32 19 44 71 -7 57 10 93 70 73 -6 73 45 53 Generación 139
arranca 
Jugando Partidos contra vecino 0
Resultado 15
63180.1
Yo soy: 
7 -20 33 62 32 19 44 71 -7 57 10 93 70 73 -6 73 45 53 El mejor fue: 0
7 -20 33 42 32 19 44 71 -7 57 10 93 70 73 -6 73 45 53 Generación 138
arranca 
Jugando Partidos contra vecino 0
Resultado 15
65218
Yo soy: 
7 -20 33 42 32 19 44 71 -7 57 10 93 70 73 -6 73 45 53 El mejor fue: 0
7 -20 33 42 32 19 44 71 -7 57 10 93 70 73 -6 73 45 73 Generación 137
arranca 
Jugando Partidos contra vecino 0
Resultado 13
47059.9
Yo soy: 
7 -20 33 42 32 19 44 71 -7 57 10 93 70 73 -6 73 45 73 El mejor fue: 0
7 -20 33 42 32 19 44 71 -7 57 10 93 70 73 -26 73 45 73 Generación 136
arranca 
Jugando Partidos contra vecino 0
Resultado 12
47136.4
Yo soy: 
7 -20 33 42 32 19 44 71 -7 57 10 93 70 73 -26 73 45 73 El mejor fue: 0
7 -20 33 62 32 19 44 71 -7 57 10 93 70 73 -26 73 45 73 Generación 135
arranca 
Jugando Partidos contra vecino 0
Resultado 12
54901.8
Yo soy: 
7 -20 33 62 32 19 44 71 -7 57 10 93 70 73 -26 73 45 73 El mejor fue: 0
7 -20 33 62 32 19 44 71 -7 57 10 93 70 73 -26 73 65 73 Generación 134
arranca 
Jugando Partidos contra vecino 0
Resultado 15
62842.6
Yo soy: 
7 -20 33 62 32 19 44 71 -7 57 10 93 70 73 -26 73 65 73 El mejor fue: 0
7 -20 33 62 32 19 44 51 -7 57 10 93 70 73 -26 73 65 73 Generación 133
arranca 
Jugando Partidos contra vecino 0
Resultado 11
39105.9
Yo soy: 
7 -20 33 62 32 19 44 51 -7 57 10 93 70 73 -26 73 65 73 El mejor fue: 0
7 -20 33 82 32 19 44 51 -7 57 10 93 70 73 -26 73 65 73 Generación 132
arranca 
Jugando Partidos contra vecino 0
Resultado 15
48766
Yo soy: 
7 -20 33 82 32 19 44 51 -7 57 10 93 70 73 -26 73 65 73 El mejor fue: 0
7 -20 33 82 32 19 44 51 -7 57 10 93 70 73 -26 73 45 73 Generación 131
arranca 
Jugando Partidos contra vecino 0
Resultado 15
50112.1
Yo soy: 
7 -20 33 82 32 19 44 51 -7 57 10 93 70 73 -26 73 45 73 El mejor fue: 0
7 -20 33 82 32 19 44 51 -7 57 10 93 70 73 -26 93 45 73 Generación 130
arranca 
Jugando Partidos contra vecino 0
Resultado 15
43520.9
Yo soy: 
7 -20 33 82 32 19 44 51 -7 57 10 93 70 73 -26 93 45 73 El mejor fue: 0
7 -20 33 82 12 19 44 51 -7 57 10 93 70 73 -26 93 45 73 Generación 129
arranca 
Jugando Partidos contra vecino 0
Resultado 11
33858.3
Yo soy: 
7 -20 33 82 12 19 44 51 -7 57 10 93 70 73 -26 93 45 73 El mejor fue: 0
-13 -20 33 82 12 19 44 51 -7 57 10 93 70 73 -26 93 45 73 Generación 128
arranca 
Jugando Partidos contra vecino 0
Resultado 11
48474.7
Yo soy: 
-13 -20 33 82 12 19 44 51 -7 57 10 93 70 73 -26 93 45 73 El mejor fue: 0
-13 -20 33 42 12 19 44 51 -7 57 10 93 70 73 -26 93 45 73 Generación 127
arranca 
Jugando Partidos contra vecino 0
Resultado 15
69341.1
Yo soy: 
-13 -20 33 42 12 19 44 51 -7 57 10 93 70 73 -26 93 45 73 El mejor fue: 0
-13 -20 53 42 12 19 44 51 -7 57 10 93 70 73 -26 93 45 73 Generación 126
arranca 
Jugando Partidos contra vecino 0
Resultado 15
70393.3
Yo soy: 
-13 -20 53 42 12 19 44 51 -7 57 10 93 70 73 -26 93 45 73 El mejor fue: 0
-13 -20 53 42 12 19 64 51 -7 57 10 93 70 73 -26 93 45 73 Generación 125
arranca 
Jugando Partidos contra vecino 0
Resultado 13
46901.8
Yo soy: 
-13 -20 53 42 12 19 64 51 -7 57 10 93 70 73 -26 93 45 73 El mejor fue: 0
-13 -20 53 42 12 19 64 51 -7 57 10 73 70 73 -26 93 45 73 Generación 124
arranca 
Jugando Partidos contra vecino 0
Resultado 13
52192.3
Yo soy: 
-13 -20 53 42 12 19 64 51 -7 57 10 73 70 73 -26 93 45 73 El mejor fue: 0
-13 -20 53 42 32 19 64 51 -7 57 10 73 70 73 -26 93 45 73 Generación 123
arranca 
Jugando Partidos contra vecino 0
Resultado 5
22675.9
Jugando Partidos contra vecino 1
Resultado 7
27953.1
Jugando Partidos contra vecino 2
Resultado 13
49543.3
Yo soy: 
-13 -20 53 42 32 19 64 51 -7 57 10 73 70 73 -26 93 45 73 El mejor fue: 2
-13 -20 53 42 32 19 64 51 -7 57 10 73 70 73 -26 93 45 93 Generación 122
arranca 
Jugando Partidos contra vecino 0
Resultado 11
48729
Yo soy: 
-13 -20 53 42 32 19 64 51 -7 57 10 73 70 73 -26 93 45 93 El mejor fue: 0
-13 -20 53 42 32 19 64 31 -7 57 10 73 70 73 -26 93 45 93 Generación 121
arranca 
Jugando Partidos contra vecino 0
Resultado 10
42982.1
Yo soy: 
-13 -20 53 42 32 19 64 31 -7 57 10 73 70 73 -26 93 45 93 El mejor fue: 0
-13 -20 53 42 32 19 64 31 -7 57 10 73 70 73 -26 93 45 73 Generación 120
arranca 
Jugando Partidos contra vecino 0
Resultado 9
39738.8
Jugando Partidos contra vecino 1
Resultado 15
51835.5
Yo soy: 
-13 -20 53 42 32 19 64 31 -7 57 10 73 70 73 -26 93 45 73 El mejor fue: 1
-13 -20 53 42 32 19 64 31 -7 57 30 73 70 73 -26 93 45 73 Generación 119
arranca 
Jugando Partidos contra vecino 0
Resultado 13
48418.6
Yo soy: 
-13 -20 53 42 32 19 64 31 -7 57 30 73 70 73 -26 93 45 73 El mejor fue: 0
-13 -20 53 42 32 19 64 31 -7 57 30 73 70 73 -26 93 65 73 Generación 118
arranca 
Jugando Partidos contra vecino 0
Resultado 13
44916.1
Yo soy: 
-13 -20 53 42 32 19 64 31 -7 57 30 73 70 73 -26 93 65 73 El mejor fue: 0
-13 -20 53 42 32 39 64 31 -7 57 30 73 70 73 -26 93 65 73 Generación 117
arranca 
Jugando Partidos contra vecino 0
Resultado 13
49935.3
Yo soy: 
-13 -20 53 42 32 39 64 31 -7 57 30 73 70 73 -26 93 65 73 El mejor fue: 0
-13 -20 53 42 32 39 64 31 -7 37 30 73 70 73 -26 93 65 73 Generación 116
arranca 
Jugando Partidos contra vecino 0
Resultado 12
53581.2
Yo soy: 
-13 -20 53 42 32 39 64 31 -7 37 30 73 70 73 -26 93 65 73 El mejor fue: 0
-13 -20 53 42 32 39 64 31 -7 37 10 73 70 73 -26 93 65 73 Generación 115
arranca 
Jugando Partidos contra vecino 0
Resultado 13
51651.1
Yo soy: 
-13 -20 53 42 32 39 64 31 -7 37 10 73 70 73 -26 93 65 73 El mejor fue: 0
-13 -20 53 42 32 39 44 31 -7 37 10 73 70 73 -26 93 65 73 Generación 114
arranca 
Jugando Partidos contra vecino 0
Resultado 15
57932.7
Yo soy: 
-13 -20 53 42 32 39 44 31 -7 37 10 73 70 73 -26 93 65 73 El mejor fue: 0
-13 -20 53 42 32 39 44 31 -27 37 10 73 70 73 -26 93 65 73 Generación 113
arranca 
Jugando Partidos contra vecino 0
Resultado 15
59014.1
Yo soy: 
-13 -20 53 42 32 39 44 31 -27 37 10 73 70 73 -26 93 65 73 El mejor fue: 0
-13 -20 53 42 32 39 44 31 -7 37 10 73 70 73 -26 93 65 73 Generación 112
arranca 
Jugando Partidos contra vecino 0
Resultado 13
55945.4
Yo soy: 
-13 -20 53 42 32 39 44 31 -7 37 10 73 70 73 -26 93 65 73 El mejor fue: 0
-33 -20 53 42 32 39 44 31 -7 37 10 73 70 73 -26 93 65 73 Generación 111
arranca 
Jugando Partidos contra vecino 0
Resultado 15
66064.8
Yo soy: 
-33 -20 53 42 32 39 44 31 -7 37 10 73 70 73 -26 93 65 73 El mejor fue: 0
-33 -20 53 42 32 39 44 31 13 37 10 73 70 73 -26 93 65 73 Generación 110
arranca 
Jugando Partidos contra vecino 0
Resultado 2
19051.8
Jugando Partidos contra vecino 1
Resultado 15
69965.3
Yo soy: 
-33 -20 53 42 32 39 44 31 13 37 10 73 70 73 -26 93 65 73 El mejor fue: 1
-33 -20 53 42 32 39 44 31 13 37 10 73 70 73 -26 93 45 73 Generación 109
arranca 
Jugando Partidos contra vecino 0
Resultado 15
64933.2
Yo soy: 
-33 -20 53 42 32 39 44 31 13 37 10 73 70 73 -26 93 45 73 El mejor fue: 0
-33 -20 53 42 32 59 44 31 13 37 10 73 70 73 -26 93 45 73 Generación 108
arranca 
Jugando Partidos contra vecino 0
Resultado 15
66291.6
Yo soy: 
-33 -20 53 42 32 59 44 31 13 37 10 73 70 73 -26 93 45 73 El mejor fue: 0
-33 -20 53 42 32 59 44 31 13 17 10 73 70 73 -26 93 45 73 Generación 107
arranca 
Jugando Partidos contra vecino 0
Resultado 13
51785.4
Yo soy: 
-33 -20 53 42 32 59 44 31 13 17 10 73 70 73 -26 93 45 73 El mejor fue: 0
-33 -20 53 42 32 59 44 11 13 17 10 73 70 73 -26 93 45 73 Generación 106
arranca 
Jugando Partidos contra vecino 0
Resultado 9
38313.2
Jugando Partidos contra vecino 1
Resultado 2
18959.2
Jugando Partidos contra vecino 2
Resultado 11
43617.5
Yo soy: 
-33 -20 53 42 32 59 44 11 13 17 10 73 70 73 -26 93 45 73 El mejor fue: 2
-33 -20 53 42 32 59 64 11 13 17 10 73 70 73 -26 93 45 73 Generación 105
arranca 
Jugando Partidos contra vecino 0
Resultado 11
41941
Yo soy: 
-33 -20 53 42 32 59 64 11 13 17 10 73 70 73 -26 93 45 73 El mejor fue: 0
-33 -20 53 42 32 59 64 11 13 17 10 73 70 73 -26 93 45 53 Generación 104
arranca 
Jugando Partidos contra vecino 0
Resultado 11
37692.5
Yo soy: 
-33 -20 53 42 32 59 64 11 13 17 10 73 70 73 -26 93 45 53 El mejor fue: 0
-33 -20 53 42 32 59 84 11 13 17 10 73 70 73 -26 93 45 53 Generación 103
arranca 
Jugando Partidos contra vecino 0
Resultado 15
59605.2
Yo soy: 
-33 -20 53 42 32 59 84 11 13 17 10 73 70 73 -26 93 45 53 El mejor fue: 0
-33 -20 53 42 32 59 84 11 13 17 -10 73 70 73 -26 93 45 53 Generación 102
arranca 
Jugando Partidos contra vecino 0
Resultado 9
47893.4
Jugando Partidos contra vecino 1
Resultado 11
52816.8
Yo soy: 
-33 -20 53 42 32 59 84 11 13 17 -10 73 70 73 -26 93 45 53 El mejor fue: 1
-33 -20 53 42 32 59 84 11 13 17 -10 73 70 73 -26 93 45 73 Generación 101
arranca 
Jugando Partidos contra vecino 0
Resultado 11
50631.4
Yo soy: 
-33 -20 53 42 32 59 84 11 13 17 -10 73 70 73 -26 93 45 73 El mejor fue: 0
-33 -20 53 42 32 59 84 11 13 17 -10 73 70 73 -26 93 45 53 Generación 100
arranca 
Jugando Partidos contra vecino 0
Resultado 9
43417.2
Jugando Partidos contra vecino 1
Resultado 11
34013.2
Yo soy: 
-33 -20 53 42 32 59 84 11 13 17 -10 73 70 73 -26 93 45 53 El mejor fue: 1
-33 -20 53 42 32 59 84 11 13 17 -30 73 70 73 -26 93 45 53 Generación 99
arranca 
Jugando Partidos contra vecino 0
Resultado 3
29327.7
Jugando Partidos contra vecino 1
Resultado 11
28596.1
Yo soy: 
-33 -20 53 42 32 59 84 11 13 17 -30 73 70 73 -26 93 45 53 El mejor fue: 1
-33 -20 53 42 32 59 84 11 33 17 -30 73 70 73 -26 93 45 53 Generación 98
arranca 
Jugando Partidos contra vecino 0
Resultado 4
36487.1
Jugando Partidos contra vecino 1
Resultado 11
40198.6
Yo soy: 
-33 -20 53 42 32 59 84 11 33 17 -30 73 70 73 -26 93 45 53 El mejor fue: 1
-33 -20 53 42 32 59 84 11 13 17 -30 73 70 73 -26 93 45 53 Generación 97
arranca 
Jugando Partidos contra vecino 0
Resultado 9
28689.1
Jugando Partidos contra vecino 1
Resultado 5
28827.6
Jugando Partidos contra vecino 2
Resultado 9
28674.6
Jugando Partidos contra vecino 3
Resultado 7
28599.6
Jugando Partidos contra vecino 4
Resultado 5
50868.2
Jugando Partidos contra vecino 5
Resultado 11
31785.2
Yo soy: 
-33 -20 53 42 32 59 84 11 13 17 -30 73 70 73 -26 93 45 53 El mejor fue: 5
-33 -20 73 42 32 59 84 11 13 17 -30 73 70 73 -26 93 45 53 Generación 96
arranca 
Jugando Partidos contra vecino 0
Resultado 11
27738.2
Yo soy: 
-33 -20 73 42 32 59 84 11 13 17 -30 73 70 73 -26 93 45 53 El mejor fue: 0
-33 -20 73 22 32 59 84 11 13 17 -30 73 70 73 -26 93 45 53 Generación 95
arranca 
Jugando Partidos contra vecino 0
Resultado 7
26873.7
Jugando Partidos contra vecino 1
Resultado 9
31077.4
Jugando Partidos contra vecino 2
Resultado 11
22514.5
Yo soy: 
-33 -20 73 22 32 59 84 11 13 17 -30 73 70 73 -26 93 45 53 El mejor fue: 2
-33 -20 73 22 32 59 84 11 13 17 -50 73 70 73 -26 93 45 53 Generación 94
arranca 
Jugando Partidos contra vecino 0
Resultado 5
24219.2
Jugando Partidos contra vecino 1
Resultado 15
35397
Yo soy: 
-33 -20 73 22 32 59 84 11 13 17 -50 73 70 73 -26 93 45 53 El mejor fue: 1
-33 -20 73 22 32 39 84 11 13 17 -50 73 70 73 -26 93 45 53 Generación 93
arranca 
Jugando Partidos contra vecino 0
Resultado 11
34640.3
Yo soy: 
-33 -20 73 22 32 39 84 11 13 17 -50 73 70 73 -26 93 45 53 El mejor fue: 0
-33 -20 93 22 32 39 84 11 13 17 -50 73 70 73 -26 93 45 53 Generación 92
arranca 
Jugando Partidos contra vecino 0
Resultado 7
24941.8
Jugando Partidos contra vecino 1
Resultado 13
28140.4
Yo soy: 
-33 -20 93 22 32 39 84 11 13 17 -50 73 70 73 -26 93 45 53 El mejor fue: 1
-33 -20 93 22 32 39 84 11 13 17 -50 73 70 73 -46 93 45 53 Generación 91
arranca 
Jugando Partidos contra vecino 0
Resultado 11
33056.9
Yo soy: 
-33 -20 93 22 32 39 84 11 13 17 -50 73 70 73 -46 93 45 53 El mejor fue: 0
-33 -20 93 22 32 39 84 31 13 17 -50 73 70 73 -46 93 45 53 Generación 90
arranca 
Jugando Partidos contra vecino 0
Resultado 9
22906.8
Jugando Partidos contra vecino 1
Resultado 7
29394.3
Jugando Partidos contra vecino 2
Resultado 11
34629.5
Yo soy: 
-33 -20 93 22 32 39 84 31 13 17 -50 73 70 73 -46 93 45 53 El mejor fue: 2
-13 -20 93 22 32 39 84 31 13 17 -50 73 70 73 -46 93 45 53 Generación 89
arranca 
Jugando Partidos contra vecino 0
Resultado 9
30130.1
Jugando Partidos contra vecino 1
Resultado 11
32460.8
Yo soy: 
-13 -20 93 22 32 39 84 31 13 17 -50 73 70 73 -46 93 45 53 El mejor fue: 1
-13 0 93 22 32 39 84 31 13 17 -50 73 70 73 -46 93 45 53 Generación 88
arranca 
Jugando Partidos contra vecino 0
Resultado 11
30039.6
Yo soy: 
-13 0 93 22 32 39 84 31 13 17 -50 73 70 73 -46 93 45 53 El mejor fue: 0
-13 20 93 22 32 39 84 31 13 17 -50 73 70 73 -46 93 45 53 Generación 87
arranca 
Jugando Partidos contra vecino 0
Resultado 11
24791.8
Yo soy: 
-13 20 93 22 32 39 84 31 13 17 -50 73 70 73 -46 93 45 53 El mejor fue: 0
-13 20 93 22 52 39 84 31 13 17 -50 73 70 73 -46 93 45 53 Generación 86
arranca 
Jugando Partidos contra vecino 0
Resultado 13
34542.7
Yo soy: 
-13 20 93 22 52 39 84 31 13 17 -50 73 70 73 -46 93 45 53 El mejor fue: 0
-13 20 93 22 52 59 84 31 13 17 -50 73 70 73 -46 93 45 53 Generación 85
arranca 
Jugando Partidos contra vecino 0
Resultado 11
27241.8
Yo soy: 
-13 20 93 22 52 59 84 31 13 17 -50 73 70 73 -46 93 45 53 El mejor fue: 0
-13 20 93 22 52 39 84 31 13 17 -50 73 70 73 -46 93 45 53 Generación 84
arranca 
Jugando Partidos contra vecino 0
Resultado 13
33384.7
Yo soy: 
-13 20 93 22 52 39 84 31 13 17 -50 73 70 73 -46 93 45 53 El mejor fue: 0
-13 20 93 22 52 39 84 31 13 17 -50 73 70 73 -46 93 25 53 Generación 83
arranca 
Jugando Partidos contra vecino 0
Resultado 9
22134.9
Jugando Partidos contra vecino 1
Resultado 15
35528.1
Yo soy: 
-13 20 93 22 52 39 84 31 13 17 -50 73 70 73 -46 93 25 53 El mejor fue: 1
-13 20 93 22 52 39 84 31 -7 17 -50 73 70 73 -46 93 25 53 Generación 82
arranca 
Jugando Partidos contra vecino 0
Resultado 11
33611
Yo soy: 
-13 20 93 22 52 39 84 31 -7 17 -50 73 70 73 -46 93 25 53 El mejor fue: 0
-13 20 93 22 52 39 84 31 -7 17 -50 73 50 73 -46 93 25 53 Generación 81
arranca 
Jugando Partidos contra vecino 0
Resultado 13
31748.8
Yo soy: 
-13 20 93 22 52 39 84 31 -7 17 -50 73 50 73 -46 93 25 53 El mejor fue: 0
-13 20 93 22 52 39 84 31 -7 17 -50 73 50 73 -46 93 25 73 Generación 80
arranca 
Jugando Partidos contra vecino 0
Resultado 9
29923.2
Jugando Partidos contra vecino 1
Resultado 9
18329.6
Jugando Partidos contra vecino 2
Resultado 11
32617.5
Yo soy: 
-13 20 93 22 52 39 84 31 -7 17 -50 73 50 73 -46 93 25 73 El mejor fue: 2
-13 20 93 22 52 39 84 31 -7 17 -50 93 50 73 -46 93 25 73 Generación 79
arranca 
Jugando Partidos contra vecino 0
Resultado 11
26657.1
Yo soy: 
-13 20 93 22 52 39 84 31 -7 17 -50 93 50 73 -46 93 25 73 El mejor fue: 0
-13 20 93 22 52 39 84 31 -7 17 -70 93 50 73 -46 93 25 73 Generación 78
arranca 
Jugando Partidos contra vecino 0
Resultado 6
21432.4
Jugando Partidos contra vecino 1
Resultado 13
33678.1
Yo soy: 
-13 20 93 22 52 39 84 31 -7 17 -70 93 50 73 -46 93 25 73 El mejor fue: 1
-13 20 93 22 52 39 84 31 -7 17 -70 93 50 73 -46 93 5 73 Generación 77
arranca 
Jugando Partidos contra vecino 0
Resultado 15
35415.8
Yo soy: 
-13 20 93 22 52 39 84 31 -7 17 -70 93 50 73 -46 93 5 73 El mejor fue: 0
-13 20 93 2 52 39 84 31 -7 17 -70 93 50 73 -46 93 5 73 Generación 76
arranca 
Jugando Partidos contra vecino 0
Resultado 13
29961
Yo soy: 
-13 20 93 2 52 39 84 31 -7 17 -70 93 50 73 -46 93 5 73 El mejor fue: 0
-13 20 93 2 52 59 84 31 -7 17 -70 93 50 73 -46 93 5 73 Generación 75
arranca 
Jugando Partidos contra vecino 0
Resultado 13
28856.2
Yo soy: 
-13 20 93 2 52 59 84 31 -7 17 -70 93 50 73 -46 93 5 73 El mejor fue: 0
-13 20 93 2 52 59 84 31 -7 17 -70 93 50 73 -26 93 5 73 Generación 74
arranca 
Jugando Partidos contra vecino 0
Resultado 8
24087.7
Jugando Partidos contra vecino 1
Resultado 9
19027.7
Jugando Partidos contra vecino 2
Resultado 15
31251.3
Yo soy: 
-13 20 93 2 52 59 84 31 -7 17 -70 93 50 73 -26 93 5 73 El mejor fue: 2
-13 20 93 2 52 59 84 11 -7 17 -70 93 50 73 -26 93 5 73 Generación 73
arranca 
Jugando Partidos contra vecino 0
Resultado 15
24833.8
Yo soy: 
-13 20 93 2 52 59 84 11 -7 17 -70 93 50 73 -26 93 5 73 El mejor fue: 0
-13 20 93 2 52 59 84 11 -7 17 -70 93 50 73 -6 93 5 73 Generación 72
arranca 
Jugando Partidos contra vecino 0
Resultado 13
28014.5
Yo soy: 
-13 20 93 2 52 59 84 11 -7 17 -70 93 50 73 -6 93 5 73 El mejor fue: 0
-13 20 93 2 52 59 84 11 -7 17 -70 93 50 73 -6 93 5 53 Generación 71
arranca 
Jugando Partidos contra vecino 0
Resultado 13
30008.7
Yo soy: 
-13 20 93 2 52 59 84 11 -7 17 -70 93 50 73 -6 93 5 53 El mejor fue: 0
-13 20 93 2 52 59 84 11 -7 17 -70 93 50 73 -26 93 5 53 Generación 70
arranca 
Jugando Partidos contra vecino 0
Resultado 5
13613.8
Jugando Partidos contra vecino 1
Resultado 13
26758.1
Yo soy: 
-13 20 93 2 52 59 84 11 -7 17 -70 93 50 73 -26 93 5 53 El mejor fue: 1
-13 20 93 2 52 79 84 11 -7 17 -70 93 50 73 -26 93 5 53 Generación 69
arranca 
Jugando Partidos contra vecino 0
Resultado 10
26932
Yo soy: 
-13 20 93 2 52 79 84 11 -7 17 -70 93 50 73 -26 93 5 53 El mejor fue: 0
-13 20 53 2 52 79 84 11 -7 17 -70 93 50 73 -26 93 5 53 Generación 68
arranca 
Jugando Partidos contra vecino 0
Resultado 15
29152.6
Yo soy: 
-13 20 53 2 52 79 84 11 -7 17 -70 93 50 73 -26 93 5 53 El mejor fue: 0
-13 20 73 2 52 79 84 11 -7 17 -70 93 50 73 -26 93 5 53 Generación 67
arranca 
Jugando Partidos contra vecino 0
Resultado 15
29002.3
Yo soy: 
-13 20 73 2 52 79 84 11 -7 17 -70 93 50 73 -26 93 5 53 El mejor fue: 0
-13 0 73 2 52 79 84 11 -7 17 -70 93 50 73 -26 93 5 53 Generación 66
arranca 
Jugando Partidos contra vecino 0
Resultado 5
15197.9
Jugando Partidos contra vecino 1
Resultado 13
29715.5
Yo soy: 
-13 0 73 2 52 79 84 11 -7 17 -70 93 50 73 -26 93 5 53 El mejor fue: 1
-13 0 93 2 52 79 84 11 -7 17 -70 93 50 73 -26 93 5 53 Generación 65
arranca 
Jugando Partidos contra vecino 0
Resultado 13
29621.1
Yo soy: 
-13 0 93 2 52 79 84 11 -7 17 -70 93 50 73 -26 93 5 53 El mejor fue: 0
-13 0 93 2 32 79 84 11 -7 17 -70 93 50 73 -26 93 5 53 Generación 64
arranca 
Jugando Partidos contra vecino 0
Resultado 15
35092.2
Yo soy: 
-13 0 93 2 32 79 84 11 -7 17 -70 93 50 73 -26 93 5 53 El mejor fue: 0
-13 0 93 2 12 79 84 11 -7 17 -70 93 50 73 -26 93 5 53 Generación 63
arranca 
Jugando Partidos contra vecino 0
Resultado 13
27033.3
Yo soy: 
-13 0 93 2 12 79 84 11 -7 17 -70 93 50 73 -26 93 5 53 El mejor fue: 0
-13 0 93 2 12 79 84 11 -7 17 -90 93 50 73 -26 93 5 53 Generación 62
arranca 
Jugando Partidos contra vecino 0
Resultado 7
16495.5
Jugando Partidos contra vecino 1
Resultado 11
23417.4
Yo soy: 
-13 0 93 2 12 79 84 11 -7 17 -90 93 50 73 -26 93 5 53 El mejor fue: 1
-13 0 93 2 12 79 84 11 -7 17 -70 93 50 73 -26 93 5 53 Generación 61
arranca 
Jugando Partidos contra vecino 0
Resultado 11
19243.8
Yo soy: 
-13 0 93 2 12 79 84 11 -7 17 -70 93 50 73 -26 93 5 53 El mejor fue: 0
-13 0 93 2 12 79 84 11 -27 17 -70 93 50 73 -26 93 5 53 Generación 60
arranca 
Jugando Partidos contra vecino 0
Resultado 11
23882.4
Yo soy: 
-13 0 93 2 12 79 84 11 -27 17 -70 93 50 73 -26 93 5 53 El mejor fue: 0
-33 0 93 2 12 79 84 11 -27 17 -70 93 50 73 -26 93 5 53 Generación 59
arranca 
Jugando Partidos contra vecino 0
Resultado 11
27807.9
Yo soy: 
-33 0 93 2 12 79 84 11 -27 17 -70 93 50 73 -26 93 5 53 El mejor fue: 0
-33 0 93 2 12 79 84 11 -27 17 -70 53 50 73 -26 93 5 53 Generación 58
arranca 
Jugando Partidos contra vecino 0
Resultado 15
30889.4
Yo soy: 
-33 0 93 2 12 79 84 11 -27 17 -70 53 50 73 -26 93 5 53 El mejor fue: 0
-33 0 93 2 12 79 84 11 -47 17 -70 53 50 73 -26 93 5 53 Generación 57
arranca 
Jugando Partidos contra vecino 0
Resultado 3
19250.8
Jugando Partidos contra vecino 1
Resultado 13
28628
Yo soy: 
-33 0 93 2 12 79 84 11 -47 17 -70 53 50 73 -26 93 5 53 El mejor fue: 1
-33 0 93 2 12 99 84 11 -47 17 -70 53 50 73 -26 93 5 53 Generación 56
arranca 
Jugando Partidos contra vecino 0
Resultado 13
27249.8
Yo soy: 
-33 0 93 2 12 99 84 11 -47 17 -70 53 50 73 -26 93 5 53 El mejor fue: 0
-33 0 93 2 12 99 84 11 -47 17 -90 53 50 73 -26 93 5 53 Generación 55
arranca 
Jugando Partidos contra vecino 0
Resultado 11
21451.1
Yo soy: 
-33 0 93 2 12 99 84 11 -47 17 -90 53 50 73 -26 93 5 53 El mejor fue: 0
-13 0 93 2 12 99 84 11 -47 17 -90 53 50 73 -26 93 5 53 Generación 54
arranca 
Jugando Partidos contra vecino 0
Resultado 13
30048.6
Yo soy: 
-13 0 93 2 12 99 84 11 -47 17 -90 53 50 73 -26 93 5 53 El mejor fue: 0
-13 -20 93 2 12 99 84 11 -47 17 -90 53 50 73 -26 93 5 53 Generación 53
arranca 
Jugando Partidos contra vecino 0
Resultado 15
22421.1
Yo soy: 
-13 -20 93 2 12 99 84 11 -47 17 -90 53 50 73 -26 93 5 53 El mejor fue: 0
-13 -20 93 2 12 99 84 11 -47 17 -90 53 30 73 -26 93 5 53 Generación 52
arranca 
Jugando Partidos contra vecino 0
Resultado 13
28760.6
Yo soy: 
-13 -20 93 2 12 99 84 11 -47 17 -90 53 30 73 -26 93 5 53 El mejor fue: 0
-33 -20 93 2 12 99 84 11 -47 17 -90 53 30 73 -26 93 5 53 Generación 51
arranca 
Jugando Partidos contra vecino 0
Resultado 11
28432
Yo soy: 
-33 -20 93 2 12 99 84 11 -47 17 -90 53 30 73 -26 93 5 53 El mejor fue: 0
-33 -20 93 2 12 99 84 31 -47 17 -90 53 30 73 -26 93 5 53 Generación 50
arranca 
Jugando Partidos contra vecino 0
Resultado 10
26066.7
Yo soy: 
-33 -20 93 2 12 99 84 31 -47 17 -90 53 30 73 -26 93 5 53 El mejor fue: 0
-13 -20 93 2 12 99 84 31 -47 17 -90 53 30 73 -26 93 5 53 Generación 49
arranca 
Jugando Partidos contra vecino 0
Resultado 9
24271.3
Jugando Partidos contra vecino 1
Resultado 9
16854.8
Jugando Partidos contra vecino 2
Resultado 9
23252.4
Jugando Partidos contra vecino 3
Resultado 15
31450.8
Yo soy: 
-13 -20 93 2 12 99 84 31 -47 17 -90 53 30 73 -26 93 5 53 El mejor fue: 3
-33 -20 93 2 12 99 84 31 -47 17 -90 53 30 73 -26 93 5 53 Generación 48
arranca 
Jugando Partidos contra vecino 0
Resultado 4
14377.3
Jugando Partidos contra vecino 1
Resultado 11
23830.8
Yo soy: 
-33 -20 93 2 12 99 84 31 -47 17 -90 53 30 73 -26 93 5 53 El mejor fue: 1
-33 -20 93 2 12 99 84 31 -67 17 -90 53 30 73 -26 93 5 53 Generación 47
arranca 
Jugando Partidos contra vecino 0
Resultado 10
26491
Yo soy: 
-33 -20 93 2 12 99 84 31 -67 17 -90 53 30 73 -26 93 5 53 El mejor fue: 0
-33 -20 93 2 12 99 84 31 -67 17 -90 53 30 73 -26 93 5 73 Generación 46
arranca 
Jugando Partidos contra vecino 0
Resultado 13
27368.3
Yo soy: 
-33 -20 93 2 12 99 84 31 -67 17 -90 53 30 73 -26 93 5 73 El mejor fue: 0
-13 -20 93 2 12 99 84 31 -67 17 -90 53 30 73 -26 93 5 73 Generación 45
arranca 
Jugando Partidos contra vecino 0
Resultado 13
25589.2
Yo soy: 
-13 -20 93 2 12 99 84 31 -67 17 -90 53 30 73 -26 93 5 73 El mejor fue: 0
-13 -20 73 2 12 99 84 31 -67 17 -90 53 30 73 -26 93 5 73 Generación 44
arranca 
Jugando Partidos contra vecino 0
Resultado 9
19412
Jugando Partidos contra vecino 1
Resultado 7
21082.9
Jugando Partidos contra vecino 2
Resultado 15
30549
Yo soy: 
-13 -20 73 2 12 99 84 31 -67 17 -90 53 30 73 -26 93 5 73 El mejor fue: 2
-13 -20 73 2 12 99 84 31 -67 17 -90 73 30 73 -26 93 5 73 Generación 43
arranca 
Jugando Partidos contra vecino 0
Resultado 9
22674.3
Jugando Partidos contra vecino 1
Resultado 7
19581.1
Jugando Partidos contra vecino 2
Resultado 11
26226.9
Yo soy: 
-13 -20 73 2 12 99 84 31 -67 17 -90 73 30 73 -26 93 5 73 El mejor fue: 2
-13 -20 73 -18 12 99 84 31 -67 17 -90 73 30 73 -26 93 5 73 Generación 42
arranca 
Jugando Partidos contra vecino 0
Resultado 7
19544.5
Jugando Partidos contra vecino 1
Resultado 9
25546.2
Jugando Partidos contra vecino 2
Resultado 11
20571.3
Yo soy: 
-13 -20 73 -18 12 99 84 31 -67 17 -90 73 30 73 -26 93 5 73 El mejor fue: 2
-33 -20 73 -18 12 99 84 31 -67 17 -90 73 30 73 -26 93 5 73 Generación 41
arranca 
Jugando Partidos contra vecino 0
Resultado 11
21389.2
Yo soy: 
-33 -20 73 -18 12 99 84 31 -67 17 -90 73 30 73 -26 93 5 73 El mejor fue: 0
-33 -20 73 -18 12 99 64 31 -67 17 -90 73 30 73 -26 93 5 73 Generación 40
arranca 
Jugando Partidos contra vecino 0
Resultado 7
21725.9
Jugando Partidos contra vecino 1
Resultado 7
19669.5
Jugando Partidos contra vecino 2
Resultado 7
19568.9
Jugando Partidos contra vecino 3
Resultado 5
14673.2
Jugando Partidos contra vecino 4
Resultado 5
14430.4
Jugando Partidos contra vecino 5
Resultado 5
20125.4
Jugando Partidos contra vecino 6
Resultado 9
19396
Jugando Partidos contra vecino 7
Resultado 13
28357.8
Yo soy: 
-33 -20 73 -18 12 99 64 31 -67 17 -90 73 30 73 -26 93 5 73 El mejor fue: 7
-33 -20 73 -18 -8 99 64 31 -67 17 -90 73 30 73 -26 93 5 73 Generación 39
arranca 
Jugando Partidos contra vecino 0
Resultado 7
16376.6
Jugando Partidos contra vecino 1
Resultado 8
19326.9
Jugando Partidos contra vecino 2
Resultado 15
23324.2
Yo soy: 
-33 -20 73 -18 -8 99 64 31 -67 17 -90 73 30 73 -26 93 5 73 El mejor fue: 2
-33 -20 93 -18 -8 99 64 31 -67 17 -90 73 30 73 -26 93 5 73 Generación 38
arranca 
Jugando Partidos contra vecino 0
Resultado 4
18008.7
Jugando Partidos contra vecino 1
Resultado 5
16441.7
Jugando Partidos contra vecino 2
Resultado 13
28155.2
Yo soy: 
-33 -20 93 -18 -8 99 64 31 -67 17 -90 73 30 73 -26 93 5 73 El mejor fue: 2
-33 -20 93 -18 -8 99 84 31 -67 17 -90 73 30 73 -26 93 5 73 Generación 37
arranca 
Jugando Partidos contra vecino 0
Resultado 5
20077.1
Jugando Partidos contra vecino 1
Resultado 10
24623
Yo soy: 
-33 -20 93 -18 -8 99 84 31 -67 17 -90 73 30 73 -26 93 5 73 El mejor fue: 1
-33 -40 93 -18 -8 99 84 31 -67 17 -90 73 30 73 -26 93 5 73 Generación 36
arranca 
Jugando Partidos contra vecino 0
Resultado 2
16361.7
Jugando Partidos contra vecino 1
Resultado 15
25790.3
Yo soy: 
-33 -40 93 -18 -8 99 84 31 -67 17 -90 73 30 73 -26 93 5 73 El mejor fue: 1
-33 -20 93 -18 -8 99 84 31 -67 17 -90 73 30 73 -26 93 5 73 Generación 35
arranca 
Jugando Partidos contra vecino 0
Resultado 11
23312.5
Yo soy: 
-33 -20 93 -18 -8 99 84 31 -67 17 -90 73 30 73 -26 93 5 73 El mejor fue: 0
-33 -20 73 -18 -8 99 84 31 -67 17 -90 73 30 73 -26 93 5 73 Generación 34
arranca 
Jugando Partidos contra vecino 0
Resultado 15
29800.1
Yo soy: 
-33 -20 73 -18 -8 99 84 31 -67 17 -90 73 30 73 -26 93 5 73 El mejor fue: 0
-33 -20 73 2 -8 99 84 31 -67 17 -90 73 30 73 -26 93 5 73 Generación 33
arranca 
Jugando Partidos contra vecino 0
Resultado 13
24545.7
Yo soy: 
-33 -20 73 2 -8 99 84 31 -67 17 -90 73 30 73 -26 93 5 73 El mejor fue: 0
-33 -20 73 2 -8 99 84 31 -87 17 -90 73 30 73 -26 93 5 73 Generación 32
arranca 
Jugando Partidos contra vecino 0
Resultado 15
26572.4
Yo soy: 
-33 -20 73 2 -8 99 84 31 -87 17 -90 73 30 73 -26 93 5 73 El mejor fue: 0
-33 -20 73 2 -28 99 84 31 -87 17 -90 73 30 73 -26 93 5 73 Generación 31
arranca 
Jugando Partidos contra vecino 0
Resultado 9
24386.2
Jugando Partidos contra vecino 1
Resultado 13
28647.7
Yo soy: 
-33 -20 73 2 -28 99 84 31 -87 17 -90 73 30 73 -26 93 5 73 El mejor fue: 1
-33 -20 73 2 -28 99 84 31 -87 17 -90 53 30 73 -26 93 5 73 Generación 30
arranca 
Jugando Partidos contra vecino 0
Resultado 15
31336.6
Yo soy: 
-33 -20 73 2 -28 99 84 31 -87 17 -90 53 30 73 -26 93 5 73 El mejor fue: 0
-33 -20 73 2 -28 99 84 31 -87 17 -90 33 30 73 -26 93 5 73 Generación 29
arranca 
Jugando Partidos contra vecino 0
Resultado 9
24678.4
Jugando Partidos contra vecino 1
Resultado 11
20947.4
Yo soy: 
-33 -20 73 2 -28 99 84 31 -87 17 -90 33 30 73 -26 93 5 73 El mejor fue: 1
-33 -20 73 2 -28 59 84 31 -87 17 -90 33 30 73 -26 93 5 73 Generación 28
arranca 
Jugando Partidos contra vecino 0
Resultado 7
19076.3
Jugando Partidos contra vecino 1
Resultado 4
13089.4
Jugando Partidos contra vecino 2
Resultado 7
23358.5
Jugando Partidos contra vecino 3
Resultado 12
25228.5
Yo soy: 
-33 -20 73 2 -28 59 84 31 -87 17 -90 33 30 73 -26 93 5 73 El mejor fue: 3
-33 -20 73 2 -28 59 84 31 -87 17 -50 33 30 73 -26 93 5 73 Generación 27
arranca 
Jugando Partidos contra vecino 0
Resultado 8
20621.9
Jugando Partidos contra vecino 1
Resultado 13
23523
Yo soy: 
-33 -20 73 2 -28 59 84 31 -87 17 -50 33 30 73 -26 93 5 73 El mejor fue: 1
-33 -20 73 2 -28 59 84 31 -87 17 -50 33 30 53 -26 93 5 73 Generación 26
arranca 
Jugando Partidos contra vecino 0
Resultado 12
23942.6
Yo soy: 
-33 -20 73 2 -28 59 84 31 -87 17 -50 33 30 53 -26 93 5 73 El mejor fue: 0
-33 -20 73 2 -28 59 84 11 -87 17 -50 33 30 53 -26 93 5 73 Generación 25
arranca 
Jugando Partidos contra vecino 0
Resultado 15
30725.2
Yo soy: 
-33 -20 73 2 -28 59 84 11 -87 17 -50 33 30 53 -26 93 5 73 El mejor fue: 0
-33 -20 73 2 -28 59 84 -9 -87 17 -50 33 30 53 -26 93 5 73 Generación 24
arranca 
Jugando Partidos contra vecino 0
Resultado 7
27852
Jugando Partidos contra vecino 1
Resultado 9
27952.5
Jugando Partidos contra vecino 2
Resultado 7
19229.8
Jugando Partidos contra vecino 3
Resultado 13
30438.8
Yo soy: 
-33 -20 73 2 -28 59 84 -9 -87 17 -50 33 30 53 -26 93 5 73 El mejor fue: 3
-33 -20 73 2 -28 59 84 11 -87 17 -50 33 30 53 -26 93 5 73 Generación 23
arranca 
Jugando Partidos contra vecino 0
Resultado 13
24767.6
Yo soy: 
-33 -20 73 2 -28 59 84 11 -87 17 -50 33 30 53 -26 93 5 73 El mejor fue: 0
-33 -20 73 2 -28 79 84 11 -87 17 -50 33 30 53 -26 93 5 73 Generación 22
arranca 
Jugando Partidos contra vecino 0
Resultado 10
28608
Yo soy: 
-33 -20 73 2 -28 79 84 11 -87 17 -50 33 30 53 -26 93 5 73 El mejor fue: 0
-33 -20 73 2 -28 79 84 11 -87 17 -50 33 30 53 -26 93 5 93 Generación 21
arranca 
Jugando Partidos contra vecino 0
Resultado 15
24391.5
Yo soy: 
-33 -20 73 2 -28 79 84 11 -87 17 -50 33 30 53 -26 93 5 93 El mejor fue: 0
-33 -20 73 2 -28 79 84 11 -87 17 -70 33 30 53 -26 93 5 93 Generación 20
arranca 
Jugando Partidos contra vecino 0
Resultado 15
30716.1
Yo soy: 
-33 -20 73 2 -28 79 84 11 -87 17 -70 33 30 53 -26 93 5 93 El mejor fue: 0
-33 -20 73 2 -28 79 84 11 -87 -3 -70 33 30 53 -26 93 5 93 Generación 19
arranca 
Jugando Partidos contra vecino 0
Resultado 13
29516.4
Yo soy: 
-33 -20 73 2 -28 79 84 11 -87 -3 -70 33 30 53 -26 93 5 93 El mejor fue: 0
-33 -20 73 2 -28 79 84 11 -67 -3 -70 33 30 53 -26 93 5 93 Generación 18
arranca 
Jugando Partidos contra vecino 0
Resultado 10
21853.2
Yo soy: 
-33 -20 73 2 -28 79 84 11 -67 -3 -70 33 30 53 -26 93 5 93 El mejor fue: 0
-33 -20 73 2 -28 79 84 31 -67 -3 -70 33 30 53 -26 93 5 93 Generación 17
arranca 
Jugando Partidos contra vecino 0
Resultado 9
17349.5
Jugando Partidos contra vecino 1
Resultado 13
25279.1
Yo soy: 
-33 -20 73 2 -28 79 84 31 -67 -3 -70 33 30 53 -26 93 5 93 El mejor fue: 1
-33 -20 73 2 -8 79 84 31 -67 -3 -70 33 30 53 -26 93 5 93 Generación 16
arranca 
Jugando Partidos contra vecino 0
Resultado 15
37484.8
Yo soy: 
-33 -20 73 2 -8 79 84 31 -67 -3 -70 33 30 53 -26 93 5 93 El mejor fue: 0
-33 -20 73 2 -8 59 84 31 -67 -3 -70 33 30 53 -26 93 5 93 Generación 15
arranca 
Jugando Partidos contra vecino 0
Resultado 9
22957.5
Jugando Partidos contra vecino 1
Resultado 8
18848.2
Jugando Partidos contra vecino 2
Resultado 9
21410.9
Jugando Partidos contra vecino 3
Resultado 12
24084.4
Yo soy: 
-33 -20 73 2 -8 59 84 31 -67 -3 -70 33 30 53 -26 93 5 93 El mejor fue: 3
-33 -20 73 2 -8 59 84 51 -67 -3 -70 33 30 53 -26 93 5 93 Generación 14
arranca 
Jugando Partidos contra vecino 0
Resultado 13
30890.7
Yo soy: 
-33 -20 73 2 -8 59 84 51 -67 -3 -70 33 30 53 -26 93 5 93 El mejor fue: 0
-33 -20 73 2 -8 59 84 51 -67 -3 -70 53 30 53 -26 93 5 93 Generación 13
arranca 
Jugando Partidos contra vecino 0
Resultado 13
28401.1
Yo soy: 
-33 -20 73 2 -8 59 84 51 -67 -3 -70 53 30 53 -26 93 5 93 El mejor fue: 0
-33 -20 73 2 -8 59 84 51 -67 -3 -70 53 30 73 -26 93 5 93 Generación 12
arranca 
Jugando Partidos contra vecino 0
Resultado 9
18930.1
Jugando Partidos contra vecino 1
Resultado 11
22382.5
Yo soy: 
-33 -20 73 2 -8 59 84 51 -67 -3 -70 53 30 73 -26 93 5 93 El mejor fue: 1
-33 -20 73 2 -8 59 84 51 -67 -3 -70 53 30 73 -46 93 5 93 Generación 11
arranca 
Jugando Partidos contra vecino 0
Resultado 9
20440
Jugando Partidos contra vecino 1
Resultado 7
15679.2
Jugando Partidos contra vecino 2
Resultado 9
23213.7
Jugando Partidos contra vecino 3
Resultado 11
24658.1
Yo soy: 
-33 -20 73 2 -8 59 84 51 -67 -3 -70 53 30 73 -46 93 5 93 El mejor fue: 3
-33 -20 73 2 -8 59 84 51 -67 -3 -70 53 30 73 -46 93 -15 93 Generación 10
arranca 
Jugando Partidos contra vecino 0
Resultado 13
24018.6
Yo soy: 
-33 -20 73 2 -8 59 84 51 -67 -3 -70 53 30 73 -46 93 -15 93 El mejor fue: 0
-33 0 73 2 -8 59 84 51 -67 -3 -70 53 30 73 -46 93 -15 93 Generación 9
arranca 
Jugando Partidos contra vecino 0
Resultado 11
21511.4
Yo soy: 
-33 0 73 2 -8 59 84 51 -67 -3 -70 53 30 73 -46 93 -15 93 El mejor fue: 0
-33 0 73 2 -8 59 84 71 -67 -3 -70 53 30 73 -46 93 -15 93 Generación 8
arranca 
Jugando Partidos contra vecino 0
Resultado 13
32193.2
Yo soy: 
-33 0 73 2 -8 59 84 71 -67 -3 -70 53 30 73 -46 93 -15 93 El mejor fue: 0
-33 20 73 2 -8 59 84 71 -67 -3 -70 53 30 73 -46 93 -15 93 Generación 7
arranca 
Jugando Partidos contra vecino 0
Resultado 11
22000.8
Yo soy: 
-33 20 73 2 -8 59 84 71 -67 -3 -70 53 30 73 -46 93 -15 93 El mejor fue: 0
-33 20 73 2 -28 59 84 71 -67 -3 -70 53 30 73 -46 93 -15 93 Generación 6
arranca 
Jugando Partidos contra vecino 0
Resultado 8
17753.9
Jugando Partidos contra vecino 1
Resultado 13
23063.1
Yo soy: 
-33 20 73 2 -28 59 84 71 -67 -3 -70 53 30 73 -46 93 -15 93 El mejor fue: 1
-33 20 73 2 -28 59 84 71 -67 -3 -70 33 30 73 -46 93 -15 93 Generación 5
arranca 
Jugando Partidos contra vecino 0
Resultado 13
25071.6
Yo soy: 
-33 20 73 2 -28 59 84 71 -67 -3 -70 33 30 73 -46 93 -15 93 El mejor fue: 0
-33 20 73 2 -28 59 84 71 -67 -23 -70 33 30 73 -46 93 -15 93 Generación 4
arranca 
Jugando Partidos contra vecino 0
Resultado 12
24789.3
Yo soy: 
-33 20 73 2 -28 59 84 71 -67 -23 -70 33 30 73 -46 93 -15 93 El mejor fue: 0
-33 20 73 2 -28 59 84 71 -67 -43 -70 33 30 73 -46 93 -15 93 Generación 3
arranca 
Jugando Partidos contra vecino 0
Resultado 10
18352.8
Yo soy: 
-33 20 73 2 -28 59 84 71 -67 -43 -70 33 30 73 -46 93 -15 93 El mejor fue: 0
-33 20 73 2 -28 59 84 71 -67 -43 -70 33 30 73 -66 93 -15 93 Generación 2
arranca 
Jugando Partidos contra vecino 0
Resultado 11
19826.1
Yo soy: 
-33 20 73 2 -28 59 84 71 -67 -43 -70 33 30 73 -66 93 -15 93 El mejor fue: 0
-33 20 73 2 -28 59 84 71 -67 -43 -70 53 30 73 -66 93 -15 93 Generación 1
arranca 
Jugando Partidos contra vecino 0
Resultado 13
27918.7
Yo soy: 
-33 20 73 2 -28 59 84 71 -67 -43 -70 53 30 73 -66 93 -15 93 El mejor fue: 0
-33 20 73 2 -28 59 84 71 -67 -43 -70 73 30 73 -66 93 -15 93 Generación 0
1.02466e+07
