arranca 
Jugando Partidos contra vecino 0
Resultado 5
14659.6
Jugando Partidos contra vecino 1
Resultado 5
24349.6
Jugando Partidos contra vecino 2
Resultado 5
19268.9
Jugando Partidos contra vecino 3
Resultado 5
13597.3
Jugando Partidos contra vecino 4
Resultado 5
16631.2
Jugando Partidos contra vecino 5
Resultado 5
21112.2
Jugando Partidos contra vecino 6
Resultado 5
16672.6
Jugando Partidos contra vecino 7
Resultado 5
16315
Jugando Partidos contra vecino 8
Resultado 5
22639.8
Jugando Partidos contra vecino 9
Resultado 5
19822
Jugando Partidos contra vecino 10
Resultado 5
15319.9
Jugando Partidos contra vecino 11
Resultado 5
20092
Jugando Partidos contra vecino 12
Resultado 5
16154.9
Jugando Partidos contra vecino 13
Resultado 5
16299.4
Jugando Partidos contra vecino 14
Resultado 5
19046.4
Jugando Partidos contra vecino 15
Resultado 5
22046
Jugando Partidos contra vecino 16
Resultado 5
25326.3
Jugando Partidos contra vecino 17
Resultado 5
16118.8
Jugando Partidos contra vecino 18
Resultado 7
15538.5
Jugando Partidos contra vecino 19
Resultado 5
16854.1
Jugando Partidos contra vecino 20
Resultado 5
16070
Jugando Partidos contra vecino 21
Resultado 7
17608.7
Jugando Partidos contra vecino 22
Resultado 5
19785.1
Jugando Partidos contra vecino 23
Resultado 5
18154.8
Jugando Partidos contra vecino 24
Resultado 5
16406.1
Jugando Partidos contra vecino 25
Resultado 5
14800.3
Jugando Partidos contra vecino 26
Resultado 5
29853.1
Jugando Partidos contra vecino 27
Resultado 5
20409.3
Jugando Partidos contra vecino 28
Resultado 5
15967.8
Jugando Partidos contra vecino 29
Resultado 5
15036.3
551957
arranca 
Jugando Partidos contra vecino 0
Resultado 4
29018.8
Jugando Partidos contra vecino 1
Resultado 4
29067.2
Jugando Partidos contra vecino 2
Resultado 5
25464.1
Jugando Partidos contra vecino 3
Resultado 9
34395
Jugando Partidos contra vecino 4
Resultado 4
26257.5
Jugando Partidos contra vecino 5
Resultado 5
27383
Jugando Partidos contra vecino 6
Resultado 4
25343.6
Jugando Partidos contra vecino 7
Resultado 7
27806.8
Jugando Partidos contra vecino 8
Resultado 4
34214.2
Jugando Partidos contra vecino 9
Resultado 9
19371.2
Jugando Partidos contra vecino 10
Resultado 9
33045.2
Jugando Partidos contra vecino 11
Resultado 9
31864.8
Jugando Partidos contra vecino 12
Resultado 3
26890.8
Jugando Partidos contra vecino 13
Resultado 6
26496.3
Jugando Partidos contra vecino 14
Resultado 4
24205.4
Jugando Partidos contra vecino 15
Resultado 9
31584.1
Jugando Partidos contra vecino 16
Resultado 7
29569.2
Jugando Partidos contra vecino 17
Resultado 8
28800.7
Jugando Partidos contra vecino 18
Resultado 4
22584.6
Jugando Partidos contra vecino 19
Resultado 4
20293.3
Jugando Partidos contra vecino 20
Resultado 4
21505.7
Jugando Partidos contra vecino 21
Resultado 7
31373.1
Jugando Partidos contra vecino 22
Resultado 7
30325.3
Jugando Partidos contra vecino 23
Resultado 6
30620.6
Jugando Partidos contra vecino 24
Resultado 5
29452.8
Jugando Partidos contra vecino 25
Resultado 9
33803.5
Jugando Partidos contra vecino 26
Resultado 7
29807.8
Jugando Partidos contra vecino 27
Resultado 3
28168.4
Jugando Partidos contra vecino 28
Resultado 2
27279.9
Jugando Partidos contra vecino 29
Resultado 5
22408.5
838402
arranca 
Jugando Partidos contra vecino 0
Resultado 4
12075.7
Jugando Partidos contra vecino 1
Resultado 9
19650.9
Jugando Partidos contra vecino 2
Resultado 11
28039.6
Yo soy: 
74 30 38 75 86 42 5 10 40 77 86 43 93 13 29 El mejor fue: 2
74 30 38 75 86 42 5 -10 40 77 86 43 93 13 29 Generación 19
arranca 
Jugando Partidos contra vecino 0
Resultado 13
40116
Yo soy: 
74 30 38 75 86 42 5 -10 40 77 86 43 93 13 29 El mejor fue: 0
74 30 38 75 86 42 5 -10 40 97 86 43 93 13 29 Generación 18
arranca 
Jugando Partidos contra vecino 0
Resultado 7
28461.9
Jugando Partidos contra vecino 1
Resultado 15
37369.8
Yo soy: 
74 30 38 75 86 42 5 -10 40 97 86 43 93 13 29 El mejor fue: 1
74 30 38 75 46 42 5 -10 40 97 86 43 93 13 29 Generación 17
arranca 
Jugando Partidos contra vecino 0
Resultado 11
37627.4
Yo soy: 
74 30 38 75 46 42 5 -10 40 97 86 43 93 13 29 El mejor fue: 0
74 30 38 75 26 42 5 -10 40 97 86 43 93 13 29 Generación 16
arranca 
Jugando Partidos contra vecino 0
Resultado 13
41168.3
Yo soy: 
74 30 38 75 26 42 5 -10 40 97 86 43 93 13 29 El mejor fue: 0
74 50 38 75 26 42 5 -10 40 97 86 43 93 13 29 Generación 15
arranca 
Jugando Partidos contra vecino 0
Resultado 9
26299.6
Jugando Partidos contra vecino 1
Resultado 5
25536.5
Jugando Partidos contra vecino 2
Resultado 4
19695.1
Jugando Partidos contra vecino 3
Resultado 3
34540.2
Jugando Partidos contra vecino 4
Resultado 4
14546.1
Jugando Partidos contra vecino 5
Resultado 5
20151.7
Jugando Partidos contra vecino 6
Resultado 5
51432.6
Jugando Partidos contra vecino 7
Resultado 3
19969.3
Jugando Partidos contra vecino 8
Resultado 5
22637.8
Jugando Partidos contra vecino 9
Resultado 1
26811.5
Jugando Partidos contra vecino 10
Resultado 5
26796.7
Jugando Partidos contra vecino 11
Resultado 6
23852.1
Jugando Partidos contra vecino 12
Resultado 4
44049.3
Jugando Partidos contra vecino 13
Resultado 3
25945.9
Jugando Partidos contra vecino 14
Resultado 6
32447.1
Jugando Partidos contra vecino 15
Resultado 5
54232.8
Jugando Partidos contra vecino 16
Resultado 5
21476.9
Jugando Partidos contra vecino 17
Resultado 5
23012.7
Jugando Partidos contra vecino 18
Resultado 3
22271
Jugando Partidos contra vecino 19
Resultado 5
25758
Jugando Partidos contra vecino 20
Resultado 2
16225.3
Jugando Partidos contra vecino 21
Resultado 5
12999
Jugando Partidos contra vecino 22
Resultado 6
32929.7
Jugando Partidos contra vecino 23
Resultado 4
32707.3
Jugando Partidos contra vecino 24
Resultado 4
54170.9
Jugando Partidos contra vecino 25
Resultado 4
22690.7
Jugando Partidos contra vecino 26
Resultado 3
27321.9
Jugando Partidos contra vecino 27
Resultado 2
27660.6
Jugando Partidos contra vecino 28
Resultado 4
20839.1
Jugando Partidos contra vecino 29
Resultado 2
19485
1.073e+06
arranca 
Jugando Partidos contra vecino 0
Resultado 7
22195
Jugando Partidos contra vecino 1
Resultado 5
25248.5
Jugando Partidos contra vecino 2
Resultado 5
20805.5
Jugando Partidos contra vecino 3
Resultado 5
16101.2
Jugando Partidos contra vecino 4
Resultado 11
21630.5
Yo soy: 
77 59 82 51 22 52 89 0 2 78 7 20 90 78 100 El mejor fue: 4
77 59 82 51 22 52 89 0 2 78 7 20 90 58 100 Generación 19
arranca 
Jugando Partidos contra vecino 0
Resultado 7
24743.6
Jugando Partidos contra vecino 1
Resultado 5
20324.1
Jugando Partidos contra vecino 2
Resultado 7
21883.8
Jugando Partidos contra vecino 3
Resultado 11
22114.6
Yo soy: 
77 59 82 51 22 52 89 0 2 78 7 20 90 58 100 El mejor fue: 3
77 59 82 31 22 52 89 0 2 78 7 20 90 58 100 Generación 18
arranca 
Jugando Partidos contra vecino 0
Resultado 6
21491.1
Jugando Partidos contra vecino 1
Resultado 7
21227.1
Jugando Partidos contra vecino 2
Resultado 5
23904.1
Jugando Partidos contra vecino 3
Resultado 7
23056.8
Jugando Partidos contra vecino 4
Resultado 4
23261.5
Jugando Partidos contra vecino 5
Resultado 9
22780.3
Jugando Partidos contra vecino 6
Resultado 9
25365.8
Jugando Partidos contra vecino 7
Resultado 9
23494.6
Jugando Partidos contra vecino 8
Resultado 5
23397
Jugando Partidos contra vecino 9
Resultado 11
22235
Yo soy: 
77 59 82 31 22 52 89 0 2 78 7 20 90 58 100 El mejor fue: 9
77 59 82 31 22 72 89 0 2 78 7 20 90 58 100 Generación 17
arranca 
Jugando Partidos contra vecino 0
Resultado 7
23367.3
Jugando Partidos contra vecino 1
Resultado 9
20853.3
Jugando Partidos contra vecino 2
Resultado 7
18466.2
Jugando Partidos contra vecino 3
Resultado 7
20616.1
Jugando Partidos contra vecino 4
Resultado 11
21732.4
Yo soy: 
77 59 82 31 22 72 89 0 2 78 7 20 90 58 100 El mejor fue: 4
77 59 82 31 22 72 69 0 2 78 7 20 90 58 100 Generación 16
arranca 
Jugando Partidos contra vecino 0
Resultado 7
22235.3
Jugando Partidos contra vecino 1
Resultado 9
26582.7
Jugando Partidos contra vecino 2
Resultado 5
19408.3
Jugando Partidos contra vecino 3
Resultado 7
21780.1
Jugando Partidos contra vecino 4
Resultado 5
21549
Jugando Partidos contra vecino 5
Resultado 5
23245.4
Jugando Partidos contra vecino 6
Resultado 7
21668.9
Jugando Partidos contra vecino 7
Resultado 6
24017.1
Jugando Partidos contra vecino 8
Resultado 5
20865.1
Jugando Partidos contra vecino 9
Resultado 5
23977.7
Jugando Partidos contra vecino 10
Resultado 5
28699.6
Jugando Partidos contra vecino 11
Resultado 7
25825.1
Jugando Partidos contra vecino 12
Resultado 5
19874.2
Jugando Partidos contra vecino 13
Resultado 6
23869.6
Jugando Partidos contra vecino 14
Resultado 9
21632.6
Jugando Partidos contra vecino 15
Resultado 7
22907.1
Jugando Partidos contra vecino 16
Resultado 7
20905.6
Jugando Partidos contra vecino 17
Resultado 5
23580.2
Jugando Partidos contra vecino 18
Resultado 11
22837.7
Yo soy: 
77 59 82 31 22 72 69 0 2 78 7 20 90 58 100 El mejor fue: 18
77 59 82 31 22 72 89 0 2 78 7 20 90 58 100 Generación 15
arranca 
Jugando Partidos contra vecino 0
Resultado 6
21033.2
Jugando Partidos contra vecino 1
Resultado 9
22891.9
Jugando Partidos contra vecino 2
Resultado 7
22650.6
Jugando Partidos contra vecino 3
Resultado 9
23811.8
Jugando Partidos contra vecino 4
Resultado 4
19641.3
Jugando Partidos contra vecino 5
Resultado 5
20764.5
Jugando Partidos contra vecino 6
Resultado 11
26764.1
Yo soy: 
77 59 82 31 22 72 89 0 2 78 7 20 90 58 100 El mejor fue: 6
77 59 82 31 22 72 89 0 2 78 27 20 90 58 100 Generación 14
arranca 
Jugando Partidos contra vecino 0
Resultado 5
21479.4
Jugando Partidos contra vecino 1
Resultado 7
24800.2
Jugando Partidos contra vecino 2
Resultado 9
19473.3
Jugando Partidos contra vecino 3
Resultado 9
24220
Jugando Partidos contra vecino 4
Resultado 5
21384.4
Jugando Partidos contra vecino 5
Resultado 5
21036.9
Jugando Partidos contra vecino 6
Resultado 9
24839.6
Jugando Partidos contra vecino 7
Resultado 13
28015.3
Yo soy: 
77 59 82 31 22 72 89 0 2 78 27 20 90 58 100 El mejor fue: 7
77 39 82 31 22 72 89 0 2 78 27 20 90 58 100 Generación 13
arranca 
Jugando Partidos contra vecino 0
Resultado 11
19903.6
Yo soy: 
77 39 82 31 22 72 89 0 2 78 27 20 90 58 100 El mejor fue: 0
77 39 82 31 22 92 89 0 2 78 27 20 90 58 100 Generación 12
arranca 
Jugando Partidos contra vecino 0
Resultado 11
22299.6
Yo soy: 
77 39 82 31 22 92 89 0 2 78 27 20 90 58 100 El mejor fue: 0
77 39 82 31 22 92 89 0 2 78 27 20 90 58 60 Generación 11
arranca 
Jugando Partidos contra vecino 0
Resultado 11
21707.3
Yo soy: 
77 39 82 31 22 92 89 0 2 78 27 20 90 58 60 El mejor fue: 0
77 39 82 31 22 92 89 0 2 78 27 20 90 58 40 Generación 10
arranca 
Jugando Partidos contra vecino 0
Resultado 13
27437.4
Yo soy: 
77 39 82 31 22 92 89 0 2 78 27 20 90 58 40 El mejor fue: 0
77 39 62 31 22 92 89 0 2 78 27 20 90 58 40 Generación 9
arranca 
Jugando Partidos contra vecino 0
Resultado 9
26652.8
Jugando Partidos contra vecino 1
Resultado 11
24774.9
Yo soy: 
77 39 62 31 22 92 89 0 2 78 27 20 90 58 40 El mejor fue: 1
57 39 62 31 22 92 89 0 2 78 27 20 90 58 40 Generación 8
arranca 
Jugando Partidos contra vecino 0
Resultado 13
30118.9
Yo soy: 
57 39 62 31 22 92 89 0 2 78 27 20 90 58 40 El mejor fue: 0
57 39 62 31 22 92 89 0 22 78 27 20 90 58 40 Generación 7
arranca 
Jugando Partidos contra vecino 0
Resultado 9
27506.9
Jugando Partidos contra vecino 1
Resultado 13
36290.6
Yo soy: 
57 39 62 31 22 92 89 0 22 78 27 20 90 58 40 El mejor fue: 1
57 39 62 31 22 92 69 0 22 78 27 20 90 58 40 Generación 6
arranca 
Jugando Partidos contra vecino 0
Resultado 5
23334.9
Jugando Partidos contra vecino 1
Resultado 9
27455.9
Jugando Partidos contra vecino 2
Resultado 15
39490.5
Yo soy: 
57 39 62 31 22 92 69 0 22 78 27 20 90 58 40 El mejor fue: 2
57 39 62 31 22 52 69 0 22 78 27 20 90 58 40 Generación 5
arranca 
Jugando Partidos contra vecino 0
Resultado 11
27785.9
Yo soy: 
57 39 62 31 22 52 69 0 22 78 27 20 90 58 40 El mejor fue: 0
57 39 82 31 22 52 69 0 22 78 27 20 90 58 40 Generación 4
arranca 
Jugando Partidos contra vecino 0
Resultado 11
27119.3
Yo soy: 
57 39 82 31 22 52 69 0 22 78 27 20 90 58 40 El mejor fue: 0
57 39 82 31 22 52 69 0 22 78 27 20 90 58 60 Generación 3
arranca 
Jugando Partidos contra vecino 0
Resultado 13
25502.2
Yo soy: 
57 39 82 31 22 52 69 0 22 78 27 20 90 58 60 El mejor fue: 0
57 39 82 31 42 52 69 0 22 78 27 20 90 58 60 Generación 2
arranca 
Jugando Partidos contra vecino 0
Resultado 13
26575.8
Yo soy: 
57 39 82 31 42 52 69 0 22 78 27 20 90 58 60 El mejor fue: 0
57 39 62 31 42 52 69 0 22 78 27 20 90 58 60 Generación 1
arranca 
Jugando Partidos contra vecino 0
Resultado 9
24207.4
Jugando Partidos contra vecino 1
Resultado 9
22454.8
Jugando Partidos contra vecino 2
Resultado 5
19072
Jugando Partidos contra vecino 3
Resultado 13
24673.6
Yo soy: 
57 39 62 31 42 52 69 0 22 78 27 20 90 58 60 El mejor fue: 3
57 39 62 31 42 52 69 0 22 78 7 20 90 58 60 Generación 0
1.83293e+06
