arranca 
Jugando Partidos contra vecino 0
Resultado 5
17350
Jugando Partidos contra vecino 1
Resultado 5
20989.6
Jugando Partidos contra vecino 2
Resultado 5
19630.7
Jugando Partidos contra vecino 3
Resultado 7
23876.5
Jugando Partidos contra vecino 4
Resultado 5
16394.1
Jugando Partidos contra vecino 5
Resultado 7
17364.5
Jugando Partidos contra vecino 6
Resultado 7
19522.8
Jugando Partidos contra vecino 7
Resultado 5
24480.7
Jugando Partidos contra vecino 8
Resultado 5
20920.7
Jugando Partidos contra vecino 9
Resultado 5
18581.6
Jugando Partidos contra vecino 10
Resultado 5
15144.7
Jugando Partidos contra vecino 11
Resultado 5
12801.4
Jugando Partidos contra vecino 12
Resultado 7
19452.2
Jugando Partidos contra vecino 13
Resultado 7
17600.2
Jugando Partidos contra vecino 14
Resultado 5
17269.9
Jugando Partidos contra vecino 15
Resultado 11
27452.5
Yo soy: 
54 70 98 45 31 22 67 58 93 72 6 40 72 93 93 El mejor fue: 15
54 70 98 45 51 22 67 58 93 72 6 40 72 93 93 Generación 19
arranca 
Jugando Partidos contra vecino 0
Resultado 5
19106.1
Jugando Partidos contra vecino 1
Resultado 5
18642.8
Jugando Partidos contra vecino 2
Resultado 5
16269.5
Jugando Partidos contra vecino 3
Resultado 7
26054.9
Jugando Partidos contra vecino 4
Resultado 5
16639.5
Jugando Partidos contra vecino 5
Resultado 9
25509.2
Jugando Partidos contra vecino 6
Resultado 5
20105.1
Jugando Partidos contra vecino 7
Resultado 7
19479.7
Jugando Partidos contra vecino 8
Resultado 7
18611.4
Jugando Partidos contra vecino 9
Resultado 5
17023.2
Jugando Partidos contra vecino 10
Resultado 9
23597
Jugando Partidos contra vecino 11
Resultado 5
20069.5
Jugando Partidos contra vecino 12
Resultado 5
18010.9
Jugando Partidos contra vecino 13
Resultado 5
16554.5
Jugando Partidos contra vecino 14
Resultado 5
15784.4
Jugando Partidos contra vecino 15
Resultado 7
24594.6
Jugando Partidos contra vecino 16
Resultado 5
18257.9
Jugando Partidos contra vecino 17
Resultado 5
14781.7
Jugando Partidos contra vecino 18
Resultado 5
16812.9
Jugando Partidos contra vecino 19
Resultado 5
19610.2
Jugando Partidos contra vecino 20
Resultado 5
16107.4
Jugando Partidos contra vecino 21
Resultado 5
18973.5
Jugando Partidos contra vecino 22
Resultado 5
13033.1
Jugando Partidos contra vecino 23
Resultado 7
25566.2
Jugando Partidos contra vecino 24
Resultado 7
25802.7
Jugando Partidos contra vecino 25
Resultado 5
17398.1
Jugando Partidos contra vecino 26
Resultado 9
25090.5
Jugando Partidos contra vecino 27
Resultado 7
17961.9
Jugando Partidos contra vecino 28
Resultado 5
18260.2
Jugando Partidos contra vecino 29
Resultado 6
23089.7
895631
arranca 
Jugando Partidos contra vecino 0
Resultado 15
47286
Yo soy: 
47 14 54 15 74 45 21 77 27 32 9 100 65 9 76 El mejor fue: 0
47 14 54 15 74 45 21 77 27 32 9 100 85 9 76 Generación 19
arranca 
Jugando Partidos contra vecino 0
Resultado 15
48146
Yo soy: 
47 14 54 15 74 45 21 77 27 32 9 100 85 9 76 El mejor fue: 0
47 -6 54 15 74 45 21 77 27 32 9 100 85 9 76 Generación 18
arranca 
Jugando Partidos contra vecino 0
Resultado 15
46614.1
Yo soy: 
47 -6 54 15 74 45 21 77 27 32 9 100 85 9 76 El mejor fue: 0
47 -6 54 15 74 45 21 77 27 12 9 100 85 9 76 Generación 17
arranca 
Jugando Partidos contra vecino 0
Resultado 15
47172.4
Yo soy: 
47 -6 54 15 74 45 21 77 27 12 9 100 85 9 76 El mejor fue: 0
47 -6 34 15 74 45 21 77 27 12 9 100 85 9 76 Generación 16
arranca 
Jugando Partidos contra vecino 0
Resultado 15
47724.3
Yo soy: 
47 -6 34 15 74 45 21 77 27 12 9 100 85 9 76 El mejor fue: 0
47 -6 34 15 74 45 21 77 27 12 9 100 85 9 96 Generación 15
arranca 
Jugando Partidos contra vecino 0
Resultado 15
49859.1
Yo soy: 
47 -6 34 15 74 45 21 77 27 12 9 100 85 9 96 El mejor fue: 0
47 -6 34 15 74 45 21 77 47 12 9 100 85 9 96 Generación 14
arranca 
Jugando Partidos contra vecino 0
Resultado 15
46596.2
Yo soy: 
47 -6 34 15 74 45 21 77 47 12 9 100 85 9 96 El mejor fue: 0
47 -6 34 15 74 45 21 77 47 12 9 80 85 9 96 Generación 13
arranca 
Jugando Partidos contra vecino 0
Resultado 15
41629.9
Yo soy: 
47 -6 34 15 74 45 21 77 47 12 9 80 85 9 96 El mejor fue: 0
47 -6 34 15 74 45 21 77 67 12 9 80 85 9 96 Generación 12
arranca 
Jugando Partidos contra vecino 0
Resultado 7
29628.9
Jugando Partidos contra vecino 1
Resultado 15
43560.6
Yo soy: 
47 -6 34 15 74 45 21 77 67 12 9 80 85 9 96 El mejor fue: 1
47 -6 34 15 54 45 21 77 67 12 9 80 85 9 96 Generación 11
arranca 
Jugando Partidos contra vecino 0
Resultado 9
39405.5
Jugando Partidos contra vecino 1
Resultado 6
36721
Jugando Partidos contra vecino 2
Resultado 15
38631.9
Yo soy: 
47 -6 34 15 54 45 21 77 67 12 9 80 85 9 96 El mejor fue: 2
47 -6 34 15 74 45 21 77 67 12 9 80 85 9 96 Generación 10
arranca 
Jugando Partidos contra vecino 0
Resultado 15
37629.1
Yo soy: 
47 -6 34 15 74 45 21 77 67 12 9 80 85 9 96 El mejor fue: 0
47 -6 34 15 54 45 21 77 67 12 9 80 85 9 96 Generación 9
arranca 
Jugando Partidos contra vecino 0
Resultado 9
36791.9
Jugando Partidos contra vecino 1
Resultado 11
47277.7
Yo soy: 
47 -6 34 15 54 45 21 77 67 12 9 80 85 9 96 El mejor fue: 1
47 -6 34 15 54 45 21 77 67 12 9 80 85 -11 96 Generación 8
arranca 
Jugando Partidos contra vecino 0
Resultado 11
50013.5
Yo soy: 
47 -6 34 15 54 45 21 77 67 12 9 80 85 -11 96 El mejor fue: 0
47 -6 34 15 54 45 21 77 67 12 29 80 85 -11 96 Generación 7
arranca 
Jugando Partidos contra vecino 0
Resultado 5
61506.7
Jugando Partidos contra vecino 1
Resultado 7
61658.7
Jugando Partidos contra vecino 2
Resultado 13
68960.2
Yo soy: 
47 -6 34 15 54 45 21 77 67 12 29 80 85 -11 96 El mejor fue: 2
47 -6 34 15 54 45 21 77 67 12 29 80 85 -11 76 Generación 6
arranca 
Jugando Partidos contra vecino 0
Resultado 9
61569.4
Jugando Partidos contra vecino 1
Resultado 13
65465.8
Yo soy: 
47 -6 34 15 54 45 21 77 67 12 29 80 85 -11 76 El mejor fue: 1
47 -6 34 35 54 45 21 77 67 12 29 80 85 -11 76 Generación 5
arranca 
Jugando Partidos contra vecino 0
Resultado 5
64499.8
Jugando Partidos contra vecino 1
Resultado 9
66866.2
Jugando Partidos contra vecino 2
Resultado 13
65355.9
Yo soy: 
47 -6 34 35 54 45 21 77 67 12 29 80 85 -11 76 El mejor fue: 2
47 -6 34 35 54 45 21 77 67 12 9 80 85 -11 76 Generación 4
arranca 
Jugando Partidos contra vecino 0
Resultado 11
64453.3
Yo soy: 
47 -6 34 35 54 45 21 77 67 12 9 80 85 -11 76 El mejor fue: 0
47 -6 34 35 54 65 21 77 67 12 9 80 85 -11 76 Generación 3
arranca 
Jugando Partidos contra vecino 0
Resultado 11
67944.6
Yo soy: 
47 -6 34 35 54 65 21 77 67 12 9 80 85 -11 76 El mejor fue: 0
47 -26 34 35 54 65 21 77 67 12 9 80 85 -11 76 Generación 2
arranca 
Jugando Partidos contra vecino 0
Resultado 11
67148.3
Yo soy: 
47 -26 34 35 54 65 21 77 67 12 9 80 85 -11 76 El mejor fue: 0
47 -26 34 35 34 65 21 77 67 12 9 80 85 -11 76 Generación 1
arranca 
Jugando Partidos contra vecino 0
Resultado 7
58246.8
Jugando Partidos contra vecino 1
Resultado 15
64142.5
Yo soy: 
47 -26 34 35 34 65 21 77 67 12 9 80 85 -11 76 El mejor fue: 1
27 -26 34 35 34 65 21 77 67 12 9 80 85 -11 76 Generación 0
1.57251e+06
