arranca 
Jugando Partidos contra vecino 0
Resultado 11
79681.3
Yo soy: 
37 38 88 44 96 85 37 62 20 40 34 87 53 82 1 El mejor fue: 0
37 38 88 44 86 85 37 62 20 40 34 87 53 82 1 Generación 59
arranca 
Jugando Partidos contra vecino 0
Resultado 9
72696.6
Jugando Partidos contra vecino 1
Resultado 15
101692
Yo soy: 
37 38 88 44 86 85 37 62 20 40 34 87 53 82 1 El mejor fue: 1
37 43 88 44 86 85 37 62 20 40 34 87 53 82 1 Generación 58
arranca 
Jugando Partidos contra vecino 0
Resultado 15
97124.2
Yo soy: 
37 43 88 44 86 85 37 62 20 40 34 87 53 82 1 El mejor fue: 0
37 43 88 44 86 85 37 62 20 40 34 87 58 82 1 Generación 57
arranca 
Jugando Partidos contra vecino 0
Resultado 11
86598.6
Yo soy: 
37 43 88 44 86 85 37 62 20 40 34 87 58 82 1 El mejor fue: 0
32 43 88 44 86 85 37 62 20 40 34 87 58 82 1 Generación 56
arranca 
Jugando Partidos contra vecino 0
Resultado 11
84490.8
Yo soy: 
32 43 88 44 86 85 37 62 20 40 34 87 58 82 1 El mejor fue: 0
32 48 88 44 86 85 37 62 20 40 34 87 58 82 1 Generación 55
arranca 
Jugando Partidos contra vecino 0
Resultado 11
87152.9
Yo soy: 
32 48 88 44 86 85 37 62 20 40 34 87 58 82 1 El mejor fue: 0
32 48 88 44 86 85 37 62 20 45 34 87 58 82 1 Generación 54
arranca 
Jugando Partidos contra vecino 0
Resultado 7
61484
Jugando Partidos contra vecino 1
Resultado 7
68119.3
Jugando Partidos contra vecino 2
Resultado 5
54476.2
Jugando Partidos contra vecino 3
Resultado 9
66690.1
Jugando Partidos contra vecino 4
Resultado 13
84782.3
Yo soy: 
32 48 88 44 86 85 37 62 20 45 34 87 58 82 1 El mejor fue: 4
32 48 88 44 86 85 37 62 20 45 29 87 58 82 1 Generación 53
arranca 
Jugando Partidos contra vecino 0
Resultado 13
96444.8
Yo soy: 
32 48 88 44 86 85 37 62 20 45 29 87 58 82 1 El mejor fue: 0
32 48 88 44 86 85 42 62 20 45 29 87 58 82 1 Generación 52
arranca 
Jugando Partidos contra vecino 0
Resultado 11
87236
Yo soy: 
32 48 88 44 86 85 42 62 20 45 29 87 58 82 1 El mejor fue: 0
32 48 88 44 86 85 47 62 20 45 29 87 58 82 1 Generación 51
arranca 
Jugando Partidos contra vecino 0
Resultado 9
82873.9
Jugando Partidos contra vecino 1
Resultado 6
51100.9
Jugando Partidos contra vecino 2
Resultado 13
75801.7
Yo soy: 
32 48 88 44 86 85 47 62 20 45 29 87 58 82 1 El mejor fue: 2
32 48 88 44 86 85 47 62 20 50 29 87 58 82 1 Generación 50
arranca 
Jugando Partidos contra vecino 0
Resultado 9
84960.8
Jugando Partidos contra vecino 1
Resultado 7
54563.9
Jugando Partidos contra vecino 2
Resultado 9
76067.5
Jugando Partidos contra vecino 3
Resultado 11
71668.1
Yo soy: 
32 48 88 44 86 85 47 62 20 50 29 87 58 82 1 El mejor fue: 3
32 48 88 44 86 85 47 62 20 50 29 87 58 82 6 Generación 49
arranca 
Jugando Partidos contra vecino 0
Resultado 11
94215.2
Yo soy: 
32 48 88 44 86 85 47 62 20 50 29 87 58 82 6 El mejor fue: 0
32 48 88 44 86 85 47 62 20 50 29 87 58 82 1 Generación 48
arranca 
Jugando Partidos contra vecino 0
Resultado 9
90268.9
Jugando Partidos contra vecino 1
Resultado 13
99862.5
Yo soy: 
32 48 88 44 86 85 47 62 20 50 29 87 58 82 1 El mejor fue: 1
32 48 88 44 86 85 47 62 20 50 29 92 58 82 1 Generación 47
arranca 
Jugando Partidos contra vecino 0
Resultado 13
94578.1
Yo soy: 
32 48 88 44 86 85 47 62 20 50 29 92 58 82 1 El mejor fue: 0
32 48 88 44 86 85 47 67 20 50 29 92 58 82 1 Generación 46
arranca 
Jugando Partidos contra vecino 0
Resultado 13
87856.5
Yo soy: 
32 48 88 44 86 85 47 67 20 50 29 92 58 82 1 El mejor fue: 0
32 48 88 44 81 85 47 67 20 50 29 92 58 82 1 Generación 45
arranca 
Jugando Partidos contra vecino 0
Resultado 15
93809
Yo soy: 
32 48 88 44 81 85 47 67 20 50 29 92 58 82 1 El mejor fue: 0
32 48 88 44 76 85 47 67 20 50 29 92 58 82 1 Generación 44
arranca 
Jugando Partidos contra vecino 0
Resultado 13
88158.3
Yo soy: 
32 48 88 44 76 85 47 67 20 50 29 92 58 82 1 El mejor fue: 0
32 48 88 44 71 85 47 67 20 50 29 92 58 82 1 Generación 43
arranca 
Jugando Partidos contra vecino 0
Resultado 11
88904.5
Yo soy: 
32 48 88 44 71 85 47 67 20 50 29 92 58 82 1 El mejor fue: 0
32 48 88 44 71 85 47 67 20 45 29 92 58 82 1 Generación 42
arranca 
Jugando Partidos contra vecino 0
Resultado 13
85996
Yo soy: 
32 48 88 44 71 85 47 67 20 45 29 92 58 82 1 El mejor fue: 0
32 48 88 44 71 80 47 67 20 45 29 92 58 82 1 Generación 41
arranca 
Jugando Partidos contra vecino 0
Resultado 11
78573.7
Yo soy: 
32 48 88 44 71 80 47 67 20 45 29 92 58 82 1 El mejor fue: 0
32 48 88 44 71 75 47 67 20 45 29 92 58 82 1 Generación 40
arranca 
Jugando Partidos contra vecino 0
Resultado 11
87406.9
Yo soy: 
32 48 88 44 71 75 47 67 20 45 29 92 58 82 1 El mejor fue: 0
32 48 88 44 71 75 42 67 20 45 29 92 58 82 1 Generación 39
arranca 
Jugando Partidos contra vecino 0
Resultado 13
80946.8
Yo soy: 
32 48 88 44 71 75 42 67 20 45 29 92 58 82 1 El mejor fue: 0
32 48 88 49 71 75 42 67 20 45 29 92 58 82 1 Generación 38
arranca 
Jugando Partidos contra vecino 0
Resultado 9
78954
Jugando Partidos contra vecino 1
Resultado 11
77106.9
Yo soy: 
32 48 88 49 71 75 42 67 20 45 29 92 58 82 1 El mejor fue: 1
32 48 88 49 71 75 42 67 20 45 34 92 58 82 1 Generación 37
arranca 
Jugando Partidos contra vecino 0
Resultado 13
91602.7
Yo soy: 
32 48 88 49 71 75 42 67 20 45 34 92 58 82 1 El mejor fue: 0
32 48 88 49 71 75 42 67 15 45 34 92 58 82 1 Generación 36
arranca 
Jugando Partidos contra vecino 0
Resultado 11
88518.5
Yo soy: 
32 48 88 49 71 75 42 67 15 45 34 92 58 82 1 El mejor fue: 0
32 48 88 49 71 75 42 67 15 45 34 87 58 82 1 Generación 35
arranca 
Jugando Partidos contra vecino 0
Resultado 11
86897.6
Yo soy: 
32 48 88 49 71 75 42 67 15 45 34 87 58 82 1 El mejor fue: 0
37 48 88 49 71 75 42 67 15 45 34 87 58 82 1 Generación 34
arranca 
Jugando Partidos contra vecino 0
Resultado 5
62456.4
Jugando Partidos contra vecino 1
Resultado 5
50121.9
Jugando Partidos contra vecino 2
Resultado 13
96758.8
Yo soy: 
37 48 88 49 71 75 42 67 15 45 34 87 58 82 1 El mejor fue: 2
37 48 88 49 71 75 42 67 15 45 34 87 58 87 1 Generación 33
arranca 
Jugando Partidos contra vecino 0
Resultado 13
93697.5
Yo soy: 
37 48 88 49 71 75 42 67 15 45 34 87 58 87 1 El mejor fue: 0
37 48 88 49 71 75 42 67 15 45 34 87 63 87 1 Generación 32
arranca 
Jugando Partidos contra vecino 0
Resultado 9
71587.5
Jugando Partidos contra vecino 1
Resultado 11
73222.7
Yo soy: 
37 48 88 49 71 75 42 67 15 45 34 87 63 87 1 El mejor fue: 1
37 43 88 49 71 75 42 67 15 45 34 87 63 87 1 Generación 31
arranca 
Jugando Partidos contra vecino 0
Resultado 15
88154.3
Yo soy: 
37 43 88 49 71 75 42 67 15 45 34 87 63 87 1 El mejor fue: 0
37 43 88 49 71 75 37 67 15 45 34 87 63 87 1 Generación 30
arranca 
Jugando Partidos contra vecino 0
Resultado 9
66933.2
Jugando Partidos contra vecino 1
Resultado 13
92078.6
Yo soy: 
37 43 88 49 71 75 37 67 15 45 34 87 63 87 1 El mejor fue: 1
37 43 88 49 66 75 37 67 15 45 34 87 63 87 1 Generación 29
arranca 
Jugando Partidos contra vecino 0
Resultado 7
72003.1
Jugando Partidos contra vecino 1
Resultado 13
91833.6
Yo soy: 
37 43 88 49 66 75 37 67 15 45 34 87 63 87 1 El mejor fue: 1
37 43 88 49 66 75 37 67 15 45 39 87 63 87 1 Generación 28
arranca 
Jugando Partidos contra vecino 0
Resultado 9
65417.4
Jugando Partidos contra vecino 1
Resultado 15
98247.8
Yo soy: 
37 43 88 49 66 75 37 67 15 45 39 87 63 87 1 El mejor fue: 1
37 38 88 49 66 75 37 67 15 45 39 87 63 87 1 Generación 27
arranca 
Jugando Partidos contra vecino 0
Resultado 9
75345.3
Jugando Partidos contra vecino 1
Resultado 9
76115.4
Jugando Partidos contra vecino 2
Resultado 11
84993.2
Yo soy: 
37 38 88 49 66 75 37 67 15 45 39 87 63 87 1 El mejor fue: 2
37 38 88 49 66 75 37 67 15 45 34 87 63 87 1 Generación 26
arranca 
Jugando Partidos contra vecino 0
Resultado 11
87978.6
Yo soy: 
37 38 88 49 66 75 37 67 15 45 34 87 63 87 1 El mejor fue: 0
37 38 88 49 66 75 37 67 15 45 34 87 63 82 1 Generación 25
arranca 
Jugando Partidos contra vecino 0
Resultado 11
79037.4
Yo soy: 
37 38 88 49 66 75 37 67 15 45 34 87 63 82 1 El mejor fue: 0
37 38 88 49 71 75 37 67 15 45 34 87 63 82 1 Generación 24
arranca 
Jugando Partidos contra vecino 0
Resultado 13
90259.4
Yo soy: 
37 38 88 49 71 75 37 67 15 45 34 87 63 82 1 El mejor fue: 0
37 38 88 49 66 75 37 67 15 45 34 87 63 82 1 Generación 23
arranca 
Jugando Partidos contra vecino 0
Resultado 11
81478.9
Yo soy: 
37 38 88 49 66 75 37 67 15 45 34 87 63 82 1 El mejor fue: 0
37 38 88 49 66 80 37 67 15 45 34 87 63 82 1 Generación 22
arranca 
Jugando Partidos contra vecino 0
Resultado 15
92343.1
Yo soy: 
37 38 88 49 66 80 37 67 15 45 34 87 63 82 1 El mejor fue: 0
37 38 88 49 66 80 37 67 15 45 34 87 63 77 1 Generación 21
arranca 
Jugando Partidos contra vecino 0
Resultado 13
80525.7
Yo soy: 
37 38 88 49 66 80 37 67 15 45 34 87 63 77 1 El mejor fue: 0
37 38 88 49 66 80 37 67 15 40 34 87 63 77 1 Generación 20
arranca 
Jugando Partidos contra vecino 0
Resultado 13
84599.6
Yo soy: 
37 38 88 49 66 80 37 67 15 40 34 87 63 77 1 El mejor fue: 0
37 38 88 49 66 80 37 67 15 40 34 87 68 77 1 Generación 19
arranca 
Jugando Partidos contra vecino 0
Resultado 9
70375.5
Jugando Partidos contra vecino 1
Resultado 11
91255.8
Yo soy: 
37 38 88 49 66 80 37 67 15 40 34 87 68 77 1 El mejor fue: 1
37 38 88 49 66 80 37 67 15 40 34 82 68 77 1 Generación 18
arranca 
Jugando Partidos contra vecino 0
Resultado 15
99768.5
Yo soy: 
37 38 88 49 66 80 37 67 15 40 34 82 68 77 1 El mejor fue: 0
37 38 88 49 66 75 37 67 15 40 34 82 68 77 1 Generación 17
arranca 
Jugando Partidos contra vecino 0
Resultado 9
75021
Jugando Partidos contra vecino 1
Resultado 13
89717
Yo soy: 
37 38 88 49 66 75 37 67 15 40 34 82 68 77 1 El mejor fue: 1
37 43 88 49 66 75 37 67 15 40 34 82 68 77 1 Generación 16
arranca 
Jugando Partidos contra vecino 0
Resultado 9
75087.3
Jugando Partidos contra vecino 1
Resultado 13
82738.2
Yo soy: 
37 43 88 49 66 75 37 67 15 40 34 82 68 77 1 El mejor fue: 1
37 43 88 49 66 75 37 67 15 40 34 82 68 77 -4 Generación 15
arranca 
Jugando Partidos contra vecino 0
Resultado 13
87174.8
Yo soy: 
37 43 88 49 66 75 37 67 15 40 34 82 68 77 -4 El mejor fue: 0
37 43 88 49 66 80 37 67 15 40 34 82 68 77 -4 Generación 14
arranca 
Jugando Partidos contra vecino 0
Resultado 13
91335.8
Yo soy: 
37 43 88 49 66 80 37 67 15 40 34 82 68 77 -4 El mejor fue: 0
37 43 88 54 66 80 37 67 15 40 34 82 68 77 -4 Generación 13
arranca 
Jugando Partidos contra vecino 0
Resultado 5
59439.8
Jugando Partidos contra vecino 1
Resultado 13
87956.4
Yo soy: 
37 43 88 54 66 80 37 67 15 40 34 82 68 77 -4 El mejor fue: 1
37 38 88 54 66 80 37 67 15 40 34 82 68 77 -4 Generación 12
arranca 
Jugando Partidos contra vecino 0
Resultado 9
75271.1
Jugando Partidos contra vecino 1
Resultado 9
85723.9
Jugando Partidos contra vecino 2
Resultado 9
84809.8
Jugando Partidos contra vecino 3
Resultado 15
100150
Yo soy: 
37 38 88 54 66 80 37 67 15 40 34 82 68 77 -4 El mejor fue: 3
37 38 88 54 66 80 37 67 15 40 39 82 68 77 -4 Generación 11
arranca 
Jugando Partidos contra vecino 0
Resultado 11
88998.9
Yo soy: 
37 38 88 54 66 80 37 67 15 40 39 82 68 77 -4 El mejor fue: 0
37 38 93 54 66 80 37 67 15 40 39 82 68 77 -4 Generación 10
arranca 
Jugando Partidos contra vecino 0
Resultado 7
73640.2
Jugando Partidos contra vecino 1
Resultado 13
86539
Yo soy: 
37 38 93 54 66 80 37 67 15 40 39 82 68 77 -4 El mejor fue: 1
37 43 93 54 66 80 37 67 15 40 39 82 68 77 -4 Generación 9
arranca 
Jugando Partidos contra vecino 0
Resultado 9
88929.5
Jugando Partidos contra vecino 1
Resultado 12
88920.9
Yo soy: 
37 43 93 54 66 80 37 67 15 40 39 82 68 77 -4 El mejor fue: 1
37 43 93 54 66 80 32 67 15 40 39 82 68 77 -4 Generación 8
arranca 
Jugando Partidos contra vecino 0
Resultado 7
90647.9
Jugando Partidos contra vecino 1
Resultado 9
65349.9
Jugando Partidos contra vecino 2
Resultado 11
88772.6
Yo soy: 
37 43 93 54 66 80 32 67 15 40 39 82 68 77 -4 El mejor fue: 2
37 43 93 59 66 80 32 67 15 40 39 82 68 77 -4 Generación 7
arranca 
Jugando Partidos contra vecino 0
Resultado 11
81884
Yo soy: 
37 43 93 59 66 80 32 67 15 40 39 82 68 77 -4 El mejor fue: 0
37 43 93 59 66 80 32 67 10 40 39 82 68 77 -4 Generación 6
arranca 
Jugando Partidos contra vecino 0
Resultado 13
98081
Yo soy: 
37 43 93 59 66 80 32 67 10 40 39 82 68 77 -4 El mejor fue: 0
37 38 93 59 66 80 32 67 10 40 39 82 68 77 -4 Generación 5
arranca 
Jugando Partidos contra vecino 0
Resultado 11
72047.1
Yo soy: 
37 38 93 59 66 80 32 67 10 40 39 82 68 77 -4 El mejor fue: 0
37 38 88 59 66 80 32 67 10 40 39 82 68 77 -4 Generación 4
arranca 
Jugando Partidos contra vecino 0
Resultado 13
88731.5
Yo soy: 
37 38 88 59 66 80 32 67 10 40 39 82 68 77 -4 El mejor fue: 0
37 38 88 59 66 80 37 67 10 40 39 82 68 77 -4 Generación 3
arranca 
Jugando Partidos contra vecino 0
Resultado 5
64199.5
Jugando Partidos contra vecino 1
Resultado 9
82497.8
Jugando Partidos contra vecino 2
Resultado 9
71910.8
Jugando Partidos contra vecino 3
Resultado 11
86218.4
Yo soy: 
37 38 88 59 66 80 37 67 10 40 39 82 68 77 -4 El mejor fue: 3
37 38 88 59 66 80 37 67 10 40 44 82 68 77 -4 Generación 2
arranca 
Jugando Partidos contra vecino 0
Resultado 13
84396.5
Yo soy: 
37 38 88 59 66 80 37 67 10 40 44 82 68 77 -4 El mejor fue: 0
37 38 88 59 66 80 32 67 10 40 44 82 68 77 -4 Generación 1
arranca 
Jugando Partidos contra vecino 0
Resultado 15
95289.4
Yo soy: 
37 38 88 59 66 80 32 67 10 40 44 82 68 77 -4 El mejor fue: 0
37 38 88 59 66 80 32 67 10 40 44 82 68 72 -4 Generación 0
7.72744e+06
