arranca 
Jugando Partidos contra vecino 0
Resultado 9
23924.8
Jugando Partidos contra vecino 1
Resultado 5
24051
Jugando Partidos contra vecino 2
Resultado 5
25231.1
Jugando Partidos contra vecino 3
Resultado 9
24575.9
Jugando Partidos contra vecino 4
Resultado 7
26334.8
Jugando Partidos contra vecino 5
Resultado 5
18925.7
Jugando Partidos contra vecino 6
Resultado 13
26233.8
Yo soy: 
25 16 13 45 67 20 80 68 11 82 69 86 29 24 93 El mejor fue: 6
25 16 13 45 67 20 80 68 11 82 69 86 29 4 93 Generación 19
arranca 
Jugando Partidos contra vecino 0
Resultado 11
33812.3
Yo soy: 
25 16 13 45 67 20 80 68 11 82 69 86 29 4 93 El mejor fue: 0
25 16 13 45 67 20 80 68 11 42 69 86 29 4 93 Generación 18
arranca 
Jugando Partidos contra vecino 0
Resultado 10
36767.9
Yo soy: 
25 16 13 45 67 20 80 68 11 42 69 86 29 4 93 El mejor fue: 0
25 16 13 45 67 20 80 68 11 42 69 86 9 4 93 Generación 17
arranca 
Jugando Partidos contra vecino 0
Resultado 11
38265.1
Yo soy: 
25 16 13 45 67 20 80 68 11 42 69 86 9 4 93 El mejor fue: 0
25 16 13 45 67 20 60 68 11 42 69 86 9 4 93 Generación 16
arranca 
Jugando Partidos contra vecino 0
Resultado 11
35407.9
Yo soy: 
25 16 13 45 67 20 60 68 11 42 69 86 9 4 93 El mejor fue: 0
25 16 33 45 67 20 60 68 11 42 69 86 9 4 93 Generación 15
arranca 
Jugando Partidos contra vecino 0
Resultado 10
32936.3
Yo soy: 
25 16 33 45 67 20 60 68 11 42 69 86 9 4 93 El mejor fue: 0
5 16 33 45 67 20 60 68 11 42 69 86 9 4 93 Generación 14
arranca 
Jugando Partidos contra vecino 0
Resultado 13
46710.4
Yo soy: 
5 16 33 45 67 20 60 68 11 42 69 86 9 4 93 El mejor fue: 0
5 16 33 45 67 20 60 48 11 42 69 86 9 4 93 Generación 13
arranca 
Jugando Partidos contra vecino 0
Resultado 13
38005.9
Yo soy: 
5 16 33 45 67 20 60 48 11 42 69 86 9 4 93 El mejor fue: 0
-15 16 33 45 67 20 60 48 11 42 69 86 9 4 93 Generación 12
arranca 
Jugando Partidos contra vecino 0
Resultado 13
39536
Yo soy: 
-15 16 33 45 67 20 60 48 11 42 69 86 9 4 93 El mejor fue: 0
-15 16 33 45 67 20 60 28 11 42 69 86 9 4 93 Generación 11
arranca 
Jugando Partidos contra vecino 0
Resultado 13
41440
Yo soy: 
-15 16 33 45 67 20 60 28 11 42 69 86 9 4 93 El mejor fue: 0
-15 16 33 45 67 20 60 28 -9 42 69 86 9 4 93 Generación 10
arranca 
Jugando Partidos contra vecino 0
Resultado 15
39390.7
Yo soy: 
-15 16 33 45 67 20 60 28 -9 42 69 86 9 4 93 El mejor fue: 0
-15 16 33 45 67 20 60 28 -9 42 69 86 9 4 53 Generación 9
arranca 
Jugando Partidos contra vecino 0
Resultado 15
38960.3
Yo soy: 
-15 16 33 45 67 20 60 28 -9 42 69 86 9 4 53 El mejor fue: 0
-15 16 33 45 67 0 60 28 -9 42 69 86 9 4 53 Generación 8
arranca 
Jugando Partidos contra vecino 0
Resultado 15
42284.6
Yo soy: 
-15 16 33 45 67 0 60 28 -9 42 69 86 9 4 53 El mejor fue: 0
-15 16 33 45 67 0 60 28 -9 42 89 86 9 4 53 Generación 7
arranca 
Jugando Partidos contra vecino 0
Resultado 15
44800.5
Yo soy: 
-15 16 33 45 67 0 60 28 -9 42 89 86 9 4 53 El mejor fue: 0
5 16 33 45 67 0 60 28 -9 42 89 86 9 4 53 Generación 6
arranca 
Jugando Partidos contra vecino 0
Resultado 13
37203.1
Yo soy: 
5 16 33 45 67 0 60 28 -9 42 89 86 9 4 53 El mejor fue: 0
5 16 33 45 67 0 60 28 11 42 89 86 9 4 53 Generación 5
arranca 
Jugando Partidos contra vecino 0
Resultado 13
36769.7
Yo soy: 
5 16 33 45 67 0 60 28 11 42 89 86 9 4 53 El mejor fue: 0
5 16 33 45 47 0 60 28 11 42 89 86 9 4 53 Generación 4
arranca 
Jugando Partidos contra vecino 0
Resultado 13
44213.5
Yo soy: 
5 16 33 45 47 0 60 28 11 42 89 86 9 4 53 El mejor fue: 0
5 16 33 45 47 0 60 28 11 22 89 86 9 4 53 Generación 3
arranca 
Jugando Partidos contra vecino 0
Resultado 13
39838.7
Yo soy: 
5 16 33 45 47 0 60 28 11 22 89 86 9 4 53 El mejor fue: 0
5 36 33 45 47 0 60 28 11 22 89 86 9 4 53 Generación 2
arranca 
Jugando Partidos contra vecino 0
Resultado 13
41348
Yo soy: 
5 36 33 45 47 0 60 28 11 22 89 86 9 4 53 El mejor fue: 0
5 36 33 25 47 0 60 28 11 22 89 86 9 4 53 Generación 1
arranca 
Jugando Partidos contra vecino 0
Resultado 13
39977
Yo soy: 
5 36 33 25 47 0 60 28 11 22 89 86 9 4 53 El mejor fue: 0
5 36 33 25 47 0 60 8 11 22 89 86 9 4 53 Generación 0
916947
