arranca 
Jugando Partidos contra vecino 0
Resultado 5
52923.8
Jugando Partidos contra vecino 1
Resultado 5
50915
Jugando Partidos contra vecino 2
Resultado 5
54502
Jugando Partidos contra vecino 3
Resultado 5
32403.1
Jugando Partidos contra vecino 4
Resultado 5
55999.5
Jugando Partidos contra vecino 5
Resultado 5
53931
Jugando Partidos contra vecino 6
Resultado 5
52665
Jugando Partidos contra vecino 7
Resultado 5
54912
Jugando Partidos contra vecino 8
Resultado 5
52123.8
Jugando Partidos contra vecino 9
Resultado 5
49170.4
Jugando Partidos contra vecino 10
Resultado 5
51418.2
Jugando Partidos contra vecino 11
Resultado 5
51251.8
Jugando Partidos contra vecino 12
Resultado 5
56490.4
Jugando Partidos contra vecino 13
Resultado 5
54677.5
Jugando Partidos contra vecino 14
Resultado 5
46134.8
Jugando Partidos contra vecino 15
Resultado 5
51887.9
Jugando Partidos contra vecino 16
Resultado 5
50819.6
Jugando Partidos contra vecino 17
Resultado 5
56986.9
Jugando Partidos contra vecino 18
Resultado 5
46247.3
Jugando Partidos contra vecino 19
Resultado 5
53867.9
Jugando Partidos contra vecino 20
Resultado 5
50639.9
Jugando Partidos contra vecino 21
Resultado 5
53857
Jugando Partidos contra vecino 22
Resultado 5
47381.4
Jugando Partidos contra vecino 23
Resultado 5
51281.1
Jugando Partidos contra vecino 24
Resultado 5
50829.6
Jugando Partidos contra vecino 25
Resultado 5
51827
Jugando Partidos contra vecino 26
Resultado 5
57115.8
Jugando Partidos contra vecino 27
Resultado 5
55204.4
Jugando Partidos contra vecino 28
Resultado 5
48200.9
Jugando Partidos contra vecino 29
Resultado 5
53903.8
1.54957e+06
arranca 
Jugando Partidos contra vecino 0
Resultado 5
36605.2
Jugando Partidos contra vecino 1
Resultado 5
33472
Jugando Partidos contra vecino 2
Resultado 5
35403.6
Jugando Partidos contra vecino 3
Resultado 5
32639.2
Jugando Partidos contra vecino 4
Resultado 5
34970.2
Jugando Partidos contra vecino 5
Resultado 5
38757.1
Jugando Partidos contra vecino 6
Resultado 5
42114.9
Jugando Partidos contra vecino 7
Resultado 5
53632.6
Jugando Partidos contra vecino 8
Resultado 5
39750
Jugando Partidos contra vecino 9
Resultado 5
39901.6
Jugando Partidos contra vecino 10
Resultado 5
33370.8
Jugando Partidos contra vecino 11
Resultado 4
36682.5
Jugando Partidos contra vecino 12
Resultado 5
43610.3
Jugando Partidos contra vecino 13
Resultado 5
39243.3
Jugando Partidos contra vecino 14
Resultado 5
24459.1
Jugando Partidos contra vecino 15
Resultado 5
43716.4
Jugando Partidos contra vecino 16
Resultado 4
34716.5
Jugando Partidos contra vecino 17
Resultado 5
38483
Jugando Partidos contra vecino 18
Resultado 5
35543.6
Jugando Partidos contra vecino 19
Resultado 5
41088.1
Jugando Partidos contra vecino 20
Resultado 5
38862.7
Jugando Partidos contra vecino 21
Resultado 5
41095.5
Jugando Partidos contra vecino 22
Resultado 5
35640.1
Jugando Partidos contra vecino 23
Resultado 5
43483.1
Jugando Partidos contra vecino 24
Resultado 5
41856.5
Jugando Partidos contra vecino 25
Resultado 5
42304.7
Jugando Partidos contra vecino 26
Resultado 5
38901.1
Jugando Partidos contra vecino 27
Resultado 5
42632.4
Jugando Partidos contra vecino 28
Resultado 5
36821.1
Jugando Partidos contra vecino 29
Resultado 5
36940.7
1.1567e+06
arranca 
Jugando Partidos contra vecino 0
Resultado 7
29859.9
Jugando Partidos contra vecino 1
Resultado 7
22779
Jugando Partidos contra vecino 2
Resultado 7
27623.8
Jugando Partidos contra vecino 3
Resultado 11
27387.6
Yo soy: 
46 10 75 42 49 3 45 2 50 5 14 88 8 60 12 El mejor fue: 3
51 10 75 42 49 3 45 2 50 5 14 88 8 60 12 Generación 99
arranca 
Jugando Partidos contra vecino 0
Resultado 13
39531.5
Yo soy: 
51 10 75 42 49 3 45 2 50 5 14 88 8 60 12 El mejor fue: 0
51 10 75 42 49 3 45 2 50 10 14 88 8 60 12 Generación 98
arranca 
Jugando Partidos contra vecino 0
Resultado 6
27610.5
Jugando Partidos contra vecino 1
Resultado 13
36509.9
Yo soy: 
51 10 75 42 49 3 45 2 50 10 14 88 8 60 12 El mejor fue: 1
51 10 75 37 49 3 45 2 50 10 14 88 8 60 12 Generación 97
arranca 
Jugando Partidos contra vecino 0
Resultado 10
32485.5
Yo soy: 
51 10 75 37 49 3 45 2 50 10 14 88 8 60 12 El mejor fue: 0
46 10 75 37 49 3 45 2 50 10 14 88 8 60 12 Generación 96
arranca 
Jugando Partidos contra vecino 0
Resultado 9
33612
Jugando Partidos contra vecino 1
Resultado 15
45166.3
Yo soy: 
46 10 75 37 49 3 45 2 50 10 14 88 8 60 12 El mejor fue: 1
46 5 75 37 49 3 45 2 50 10 14 88 8 60 12 Generación 95
arranca 
Jugando Partidos contra vecino 0
Resultado 13
39790.6
Yo soy: 
46 5 75 37 49 3 45 2 50 10 14 88 8 60 12 El mejor fue: 0
46 5 75 37 49 3 45 7 50 10 14 88 8 60 12 Generación 94
arranca 
Jugando Partidos contra vecino 0
Resultado 8
30451.4
Jugando Partidos contra vecino 1
Resultado 9
33003.2
Jugando Partidos contra vecino 2
Resultado 7
23481.1
Jugando Partidos contra vecino 3
Resultado 13
29221.6
Yo soy: 
46 5 75 37 49 3 45 7 50 10 14 88 8 60 12 El mejor fue: 3
46 5 75 37 49 3 45 7 50 10 14 88 8 65 12 Generación 93
arranca 
Jugando Partidos contra vecino 0
Resultado 12
34558.1
Yo soy: 
46 5 75 37 49 3 45 7 50 10 14 88 8 65 12 El mejor fue: 0
46 5 75 42 49 3 45 7 50 10 14 88 8 65 12 Generación 92
arranca 
Jugando Partidos contra vecino 0
Resultado 6
27472.5
Jugando Partidos contra vecino 1
Resultado 6
25002.1
Jugando Partidos contra vecino 2
Resultado 9
24483.9
Jugando Partidos contra vecino 3
Resultado 11
36830.8
Yo soy: 
46 5 75 42 49 3 45 7 50 10 14 88 8 65 12 El mejor fue: 3
46 5 75 42 54 3 45 7 50 10 14 88 8 65 12 Generación 91
arranca 
Jugando Partidos contra vecino 0
Resultado 8
35229.1
Jugando Partidos contra vecino 1
Resultado 9
34279
Jugando Partidos contra vecino 2
Resultado 13
40159.8
Yo soy: 
46 5 75 42 54 3 45 7 50 10 14 88 8 65 12 El mejor fue: 2
46 5 75 42 54 3 45 7 50 15 14 88 8 65 12 Generación 90
arranca 
Jugando Partidos contra vecino 0
Resultado 3
19426.2
Jugando Partidos contra vecino 1
Resultado 8
27803.9
Jugando Partidos contra vecino 2
Resultado 7
26505.6
Jugando Partidos contra vecino 3
Resultado 7
28754.4
Jugando Partidos contra vecino 4
Resultado 3
19267.5
Jugando Partidos contra vecino 5
Resultado 13
39542.9
Yo soy: 
46 5 75 42 54 3 45 7 50 15 14 88 8 65 12 El mejor fue: 5
46 5 75 42 54 3 45 7 50 15 14 88 13 65 12 Generación 89
arranca 
Jugando Partidos contra vecino 0
Resultado 10
27275
Yo soy: 
46 5 75 42 54 3 45 7 50 15 14 88 13 65 12 El mejor fue: 0
46 10 75 42 54 3 45 7 50 15 14 88 13 65 12 Generación 88
arranca 
Jugando Partidos contra vecino 0
Resultado 11
41836.6
Yo soy: 
46 10 75 42 54 3 45 7 50 15 14 88 13 65 12 El mejor fue: 0
46 10 75 42 54 3 45 7 50 15 14 83 13 65 12 Generación 87
arranca 
Jugando Partidos contra vecino 0
Resultado 12
37241.9
Yo soy: 
46 10 75 42 54 3 45 7 50 15 14 83 13 65 12 El mejor fue: 0
46 10 75 42 54 3 45 7 50 15 14 78 13 65 12 Generación 86
arranca 
Jugando Partidos contra vecino 0
Resultado 5
25127.2
Jugando Partidos contra vecino 1
Resultado 11
47585.6
Yo soy: 
46 10 75 42 54 3 45 7 50 15 14 78 13 65 12 El mejor fue: 1
46 10 75 42 54 3 45 7 50 10 14 78 13 65 12 Generación 85
arranca 
Jugando Partidos contra vecino 0
Resultado 8
30037.8
Jugando Partidos contra vecino 1
Resultado 4
31124.3
Jugando Partidos contra vecino 2
Resultado 11
28930.9
Yo soy: 
46 10 75 42 54 3 45 7 50 10 14 78 13 65 12 El mejor fue: 2
46 10 75 42 54 3 45 7 50 10 19 78 13 65 12 Generación 84
arranca 
Jugando Partidos contra vecino 0
Resultado 13
35152.5
Yo soy: 
46 10 75 42 54 3 45 7 50 10 19 78 13 65 12 El mejor fue: 0
46 10 75 42 54 3 45 7 50 10 19 78 18 65 12 Generación 83
arranca 
Jugando Partidos contra vecino 0
Resultado 7
25361.6
Jugando Partidos contra vecino 1
Resultado 11
33563
Yo soy: 
46 10 75 42 54 3 45 7 50 10 19 78 18 65 12 El mejor fue: 1
46 10 75 42 54 3 45 7 50 10 19 73 18 65 12 Generación 82
arranca 
Jugando Partidos contra vecino 0
Resultado 8
33252.7
Jugando Partidos contra vecino 1
Resultado 7
27648.8
Jugando Partidos contra vecino 2
Resultado 11
31687.7
Yo soy: 
46 10 75 42 54 3 45 7 50 10 19 73 18 65 12 El mejor fue: 2
46 10 75 42 54 3 45 7 50 10 24 73 18 65 12 Generación 81
arranca 
Jugando Partidos contra vecino 0
Resultado 10
28911.2
Yo soy: 
46 10 75 42 54 3 45 7 50 10 24 73 18 65 12 El mejor fue: 0
46 10 75 42 59 3 45 7 50 10 24 73 18 65 12 Generación 80
arranca 
Jugando Partidos contra vecino 0
Resultado 13
43890.6
Yo soy: 
46 10 75 42 59 3 45 7 50 10 24 73 18 65 12 El mejor fue: 0
46 10 75 42 64 3 45 7 50 10 24 73 18 65 12 Generación 79
arranca 
Jugando Partidos contra vecino 0
Resultado 9
33436
Jugando Partidos contra vecino 1
Resultado 11
38982.9
Yo soy: 
46 10 75 42 64 3 45 7 50 10 24 73 18 65 12 El mejor fue: 1
46 15 75 42 64 3 45 7 50 10 24 73 18 65 12 Generación 78
arranca 
Jugando Partidos contra vecino 0
Resultado 4
31172.8
Jugando Partidos contra vecino 1
Resultado 9
31665.3
Jugando Partidos contra vecino 2
Resultado 8
30499.2
Jugando Partidos contra vecino 3
Resultado 7
34130.6
Jugando Partidos contra vecino 4
Resultado 10
34928
Yo soy: 
46 15 75 42 64 3 45 7 50 10 24 73 18 65 12 El mejor fue: 4
46 15 75 42 64 8 45 7 50 10 24 73 18 65 12 Generación 77
arranca 
Jugando Partidos contra vecino 0
Resultado 11
35265.6
Yo soy: 
46 15 75 42 64 8 45 7 50 10 24 73 18 65 12 El mejor fue: 0
46 15 75 42 64 8 45 7 50 5 24 73 18 65 12 Generación 76
arranca 
Jugando Partidos contra vecino 0
Resultado 9
39268.3
Jugando Partidos contra vecino 1
Resultado 12
33156
Yo soy: 
46 15 75 42 64 8 45 7 50 5 24 73 18 65 12 El mejor fue: 1
46 20 75 42 64 8 45 7 50 5 24 73 18 65 12 Generación 75
arranca 
Jugando Partidos contra vecino 0
Resultado 11
32055.8
Yo soy: 
46 20 75 42 64 8 45 7 50 5 24 73 18 65 12 El mejor fue: 0
46 20 75 37 64 8 45 7 50 5 24 73 18 65 12 Generación 74
arranca 
Jugando Partidos contra vecino 0
Resultado 10
36048.8
Yo soy: 
46 20 75 37 64 8 45 7 50 5 24 73 18 65 12 El mejor fue: 0
46 20 75 37 64 8 45 7 50 5 24 73 18 65 17 Generación 73
arranca 
Jugando Partidos contra vecino 0
Resultado 13
38365
Yo soy: 
46 20 75 37 64 8 45 7 50 5 24 73 18 65 17 El mejor fue: 0
46 20 75 37 64 8 45 7 50 5 24 78 18 65 17 Generación 72
arranca 
Jugando Partidos contra vecino 0
Resultado 10
38418.1
Yo soy: 
46 20 75 37 64 8 45 7 50 5 24 78 18 65 17 El mejor fue: 0
46 20 75 37 69 8 45 7 50 5 24 78 18 65 17 Generación 71
arranca 
Jugando Partidos contra vecino 0
Resultado 6
22076.5
Jugando Partidos contra vecino 1
Resultado 10
25872.7
Yo soy: 
46 20 75 37 69 8 45 7 50 5 24 78 18 65 17 El mejor fue: 1
46 20 75 37 69 8 40 7 50 5 24 78 18 65 17 Generación 70
arranca 
Jugando Partidos contra vecino 0
Resultado 10
38277.9
Yo soy: 
46 20 75 37 69 8 40 7 50 5 24 78 18 65 17 El mejor fue: 0
41 20 75 37 69 8 40 7 50 5 24 78 18 65 17 Generación 69
arranca 
Jugando Partidos contra vecino 0
Resultado 7
27766.2
Jugando Partidos contra vecino 1
Resultado 7
28468.5
Jugando Partidos contra vecino 2
Resultado 11
40391.7
Yo soy: 
41 20 75 37 69 8 40 7 50 5 24 78 18 65 17 El mejor fue: 2
46 20 75 37 69 8 40 7 50 5 24 78 18 65 17 Generación 68
arranca 
Jugando Partidos contra vecino 0
Resultado 6
28089.3
Jugando Partidos contra vecino 1
Resultado 7
27488
Jugando Partidos contra vecino 2
Resultado 8
28713.6
Jugando Partidos contra vecino 3
Resultado 6
30398.5
Jugando Partidos contra vecino 4
Resultado 7
28662.9
Jugando Partidos contra vecino 5
Resultado 13
27712.7
Yo soy: 
46 20 75 37 69 8 40 7 50 5 24 78 18 65 17 El mejor fue: 5
46 20 75 42 69 8 40 7 50 5 24 78 18 65 17 Generación 67
arranca 
Jugando Partidos contra vecino 0
Resultado 7
22659.4
Jugando Partidos contra vecino 1
Resultado 10
35649.8
Yo soy: 
46 20 75 42 69 8 40 7 50 5 24 78 18 65 17 El mejor fue: 1
46 20 75 47 69 8 40 7 50 5 24 78 18 65 17 Generación 66
arranca 
Jugando Partidos contra vecino 0
Resultado 7
26728.7
Jugando Partidos contra vecino 1
Resultado 8
28793.7
Jugando Partidos contra vecino 2
Resultado 7
20254
Jugando Partidos contra vecino 3
Resultado 11
30681.5
Yo soy: 
46 20 75 47 69 8 40 7 50 5 24 78 18 65 17 El mejor fue: 3
41 20 75 47 69 8 40 7 50 5 24 78 18 65 17 Generación 65
arranca 
Jugando Partidos contra vecino 0
Resultado 11
31020
Yo soy: 
41 20 75 47 69 8 40 7 50 5 24 78 18 65 17 El mejor fue: 0
41 20 70 47 69 8 40 7 50 5 24 78 18 65 17 Generación 64
arranca 
Jugando Partidos contra vecino 0
Resultado 7
27489
Jugando Partidos contra vecino 1
Resultado 12
44124.6
Yo soy: 
41 20 70 47 69 8 40 7 50 5 24 78 18 65 17 El mejor fue: 1
41 20 75 47 69 8 40 7 50 5 24 78 18 65 17 Generación 63
arranca 
Jugando Partidos contra vecino 0
Resultado 5
19097.1
Jugando Partidos contra vecino 1
Resultado 7
24059.4
Jugando Partidos contra vecino 2
Resultado 8
25857.4
Jugando Partidos contra vecino 3
Resultado 9
26293.1
Jugando Partidos contra vecino 4
Resultado 12
42438.4
Yo soy: 
41 20 75 47 69 8 40 7 50 5 24 78 18 65 17 El mejor fue: 4
41 20 75 47 69 8 40 7 50 5 24 83 18 65 17 Generación 62
arranca 
Jugando Partidos contra vecino 0
Resultado 4
22335.5
Jugando Partidos contra vecino 1
Resultado 13
39531.2
Yo soy: 
41 20 75 47 69 8 40 7 50 5 24 83 18 65 17 El mejor fue: 1
41 20 75 47 69 3 40 7 50 5 24 83 18 65 17 Generación 61
arranca 
Jugando Partidos contra vecino 0
Resultado 13
39275.9
Yo soy: 
41 20 75 47 69 3 40 7 50 5 24 83 18 65 17 El mejor fue: 0
41 20 75 47 69 3 40 2 50 5 24 83 18 65 17 Generación 60
arranca 
Jugando Partidos contra vecino 0
Resultado 11
28531.2
Yo soy: 
41 20 75 47 69 3 40 2 50 5 24 83 18 65 17 El mejor fue: 0
41 20 80 47 69 3 40 2 50 5 24 83 18 65 17 Generación 59
arranca 
Jugando Partidos contra vecino 0
Resultado 5
26721.7
Jugando Partidos contra vecino 1
Resultado 9
33283.4
Jugando Partidos contra vecino 2
Resultado 9
27643
Jugando Partidos contra vecino 3
Resultado 4
20977.6
Jugando Partidos contra vecino 4
Resultado 9
30816.1
Jugando Partidos contra vecino 5
Resultado 6
31505.5
Jugando Partidos contra vecino 6
Resultado 9
34556.7
Jugando Partidos contra vecino 7
Resultado 6
26183.2
Jugando Partidos contra vecino 8
Resultado 7
28883.3
Jugando Partidos contra vecino 9
Resultado 10
34394.9
Yo soy: 
41 20 80 47 69 3 40 2 50 5 24 83 18 65 17 El mejor fue: 9
41 25 80 47 69 3 40 2 50 5 24 83 18 65 17 Generación 58
arranca 
Jugando Partidos contra vecino 0
Resultado 7
28863.6
Jugando Partidos contra vecino 1
Resultado 7
31349.9
Jugando Partidos contra vecino 2
Resultado 7
25809.5
Jugando Partidos contra vecino 3
Resultado 10
33532.6
Yo soy: 
41 25 80 47 69 3 40 2 50 5 24 83 18 65 17 El mejor fue: 3
41 25 80 47 69 3 40 2 45 5 24 83 18 65 17 Generación 57
arranca 
Jugando Partidos contra vecino 0
Resultado 7
20956.6
Jugando Partidos contra vecino 1
Resultado 4
24318
Jugando Partidos contra vecino 2
Resultado 7
35229.6
Jugando Partidos contra vecino 3
Resultado 13
39147.4
Yo soy: 
41 25 80 47 69 3 40 2 45 5 24 83 18 65 17 El mejor fue: 3
41 25 80 47 69 3 40 -3 45 5 24 83 18 65 17 Generación 56
arranca 
Jugando Partidos contra vecino 0
Resultado 8
30116.7
Jugando Partidos contra vecino 1
Resultado 9
30084.3
Jugando Partidos contra vecino 2
Resultado 15
43607.1
Yo soy: 
41 25 80 47 69 3 40 -3 45 5 24 83 18 65 17 El mejor fue: 2
41 25 80 47 69 3 40 -3 45 0 24 83 18 65 17 Generación 55
arranca 
Jugando Partidos contra vecino 0
Resultado 8
24742
Jugando Partidos contra vecino 1
Resultado 10
31077.9
Yo soy: 
41 25 80 47 69 3 40 -3 45 0 24 83 18 65 17 El mejor fue: 1
41 25 80 47 69 3 40 -3 45 0 19 83 18 65 17 Generación 54
arranca 
Jugando Partidos contra vecino 0
Resultado 7
34855.3
Jugando Partidos contra vecino 1
Resultado 11
41672.4
Yo soy: 
41 25 80 47 69 3 40 -3 45 0 19 83 18 65 17 El mejor fue: 1
46 25 80 47 69 3 40 -3 45 0 19 83 18 65 17 Generación 53
arranca 
Jugando Partidos contra vecino 0
Resultado 7
33671.4
Jugando Partidos contra vecino 1
Resultado 9
31779.2
Jugando Partidos contra vecino 2
Resultado 7
26700.3
Jugando Partidos contra vecino 3
Resultado 6
26258.6
Jugando Partidos contra vecino 4
Resultado 11
33469.6
Yo soy: 
46 25 80 47 69 3 40 -3 45 0 19 83 18 65 17 El mejor fue: 4
46 25 75 47 69 3 40 -3 45 0 19 83 18 65 17 Generación 52
arranca 
Jugando Partidos contra vecino 0
Resultado 3
17850
Jugando Partidos contra vecino 1
Resultado 9
26187
Jugando Partidos contra vecino 2
Resultado 3
19851.1
Jugando Partidos contra vecino 3
Resultado 11
32099.8
Yo soy: 
46 25 75 47 69 3 40 -3 45 0 19 83 18 65 17 El mejor fue: 3
46 25 75 47 64 3 40 -3 45 0 19 83 18 65 17 Generación 51
arranca 
Jugando Partidos contra vecino 0
Resultado 10
39940.2
Yo soy: 
46 25 75 47 64 3 40 -3 45 0 19 83 18 65 17 El mejor fue: 0
46 25 75 47 69 3 40 -3 45 0 19 83 18 65 17 Generación 50
arranca 
Jugando Partidos contra vecino 0
Resultado 7
27931.8
Jugando Partidos contra vecino 1
Resultado 4
19043.8
Jugando Partidos contra vecino 2
Resultado 6
24581.4
Jugando Partidos contra vecino 3
Resultado 8
32065.7
Jugando Partidos contra vecino 4
Resultado 8
29216.7
Jugando Partidos contra vecino 5
Resultado 10
34726.7
Yo soy: 
46 25 75 47 69 3 40 -3 45 0 19 83 18 65 17 El mejor fue: 5
46 30 75 47 69 3 40 -3 45 0 19 83 18 65 17 Generación 49
arranca 
Jugando Partidos contra vecino 0
Resultado 10
31390.5
Yo soy: 
46 30 75 47 69 3 40 -3 45 0 19 83 18 65 17 El mejor fue: 0
46 30 75 47 69 3 40 -3 45 0 19 83 18 70 17 Generación 48
arranca 
Jugando Partidos contra vecino 0
Resultado 11
35667.3
Yo soy: 
46 30 75 47 69 3 40 -3 45 0 19 83 18 70 17 El mejor fue: 0
46 30 75 47 69 3 40 -3 45 0 19 83 23 70 17 Generación 47
arranca 
Jugando Partidos contra vecino 0
Resultado 7
27540.3
Jugando Partidos contra vecino 1
Resultado 8
26225.8
Jugando Partidos contra vecino 2
Resultado 13
43420
Yo soy: 
46 30 75 47 69 3 40 -3 45 0 19 83 23 70 17 El mejor fue: 2
46 30 75 47 69 3 40 -3 45 -5 19 83 23 70 17 Generación 46
arranca 
Jugando Partidos contra vecino 0
Resultado 13
31070.1
Yo soy: 
46 30 75 47 69 3 40 -3 45 -5 19 83 23 70 17 El mejor fue: 0
46 30 75 47 69 3 40 -3 45 -5 19 83 23 70 12 Generación 45
arranca 
Jugando Partidos contra vecino 0
Resultado 11
31434.9
Yo soy: 
46 30 75 47 69 3 40 -3 45 -5 19 83 23 70 12 El mejor fue: 0
46 30 75 47 69 3 40 -3 40 -5 19 83 23 70 12 Generación 44
arranca 
Jugando Partidos contra vecino 0
Resultado 5
18628.1
Jugando Partidos contra vecino 1
Resultado 9
35653.1
Jugando Partidos contra vecino 2
Resultado 5
29638
Jugando Partidos contra vecino 3
Resultado 13
36967.5
Yo soy: 
46 30 75 47 69 3 40 -3 40 -5 19 83 23 70 12 El mejor fue: 3
46 30 75 47 69 3 40 -3 40 -5 19 88 23 70 12 Generación 43
arranca 
Jugando Partidos contra vecino 0
Resultado 6
22614
Jugando Partidos contra vecino 1
Resultado 15
43289.8
Yo soy: 
46 30 75 47 69 3 40 -3 40 -5 19 88 23 70 12 El mejor fue: 1
46 30 75 47 69 3 40 -3 40 -5 14 88 23 70 12 Generación 42
arranca 
Jugando Partidos contra vecino 0
Resultado 13
36918.9
Yo soy: 
46 30 75 47 69 3 40 -3 40 -5 14 88 23 70 12 El mejor fue: 0
46 30 75 47 64 3 40 -3 40 -5 14 88 23 70 12 Generación 41
arranca 
Jugando Partidos contra vecino 0
Resultado 13
40302.9
Yo soy: 
46 30 75 47 64 3 40 -3 40 -5 14 88 23 70 12 El mejor fue: 0
46 30 75 47 64 3 40 -3 40 -5 14 88 23 70 17 Generación 40
arranca 
Jugando Partidos contra vecino 0
Resultado 7
29651.3
Jugando Partidos contra vecino 1
Resultado 8
30535
Jugando Partidos contra vecino 2
Resultado 9
32375.5
Jugando Partidos contra vecino 3
Resultado 8
30609.9
Jugando Partidos contra vecino 4
Resultado 8
33060.3
Jugando Partidos contra vecino 5
Resultado 13
47429.3
Yo soy: 
46 30 75 47 64 3 40 -3 40 -5 14 88 23 70 17 El mejor fue: 5
51 30 75 47 64 3 40 -3 40 -5 14 88 23 70 17 Generación 39
arranca 
Jugando Partidos contra vecino 0
Resultado 7
29936
Jugando Partidos contra vecino 1
Resultado 13
37333.3
Yo soy: 
51 30 75 47 64 3 40 -3 40 -5 14 88 23 70 17 El mejor fue: 1
51 30 75 47 64 3 40 -3 40 -5 14 88 28 70 17 Generación 38
arranca 
Jugando Partidos contra vecino 0
Resultado 10
34971.6
Yo soy: 
51 30 75 47 64 3 40 -3 40 -5 14 88 28 70 17 El mejor fue: 0
51 30 75 47 64 3 40 -8 40 -5 14 88 28 70 17 Generación 37
arranca 
Jugando Partidos contra vecino 0
Resultado 15
47052.9
Yo soy: 
51 30 75 47 64 3 40 -8 40 -5 14 88 28 70 17 El mejor fue: 0
56 30 75 47 64 3 40 -8 40 -5 14 88 28 70 17 Generación 36
arranca 
Jugando Partidos contra vecino 0
Resultado 11
36879.2
Yo soy: 
56 30 75 47 64 3 40 -8 40 -5 14 88 28 70 17 El mejor fue: 0
56 30 75 47 64 3 35 -8 40 -5 14 88 28 70 17 Generación 35
arranca 
Jugando Partidos contra vecino 0
Resultado 5
20758.5
Jugando Partidos contra vecino 1
Resultado 9
28872.4
Jugando Partidos contra vecino 2
Resultado 13
38455.5
Yo soy: 
56 30 75 47 64 3 35 -8 40 -5 14 88 28 70 17 El mejor fue: 2
56 30 75 47 64 3 35 -8 40 -5 14 93 28 70 17 Generación 34
arranca 
Jugando Partidos contra vecino 0
Resultado 11
32194.7
Yo soy: 
56 30 75 47 64 3 35 -8 40 -5 14 93 28 70 17 El mejor fue: 0
56 30 75 47 64 3 40 -8 40 -5 14 93 28 70 17 Generación 33
arranca 
Jugando Partidos contra vecino 0
Resultado 6
24939.6
Jugando Partidos contra vecino 1
Resultado 13
27414.6
Yo soy: 
56 30 75 47 64 3 40 -8 40 -5 14 93 28 70 17 El mejor fue: 1
61 30 75 47 64 3 40 -8 40 -5 14 93 28 70 17 Generación 32
arranca 
Jugando Partidos contra vecino 0
Resultado 13
38562.8
Yo soy: 
61 30 75 47 64 3 40 -8 40 -5 14 93 28 70 17 El mejor fue: 0
61 30 75 52 64 3 40 -8 40 -5 14 93 28 70 17 Generación 31
arranca 
Jugando Partidos contra vecino 0
Resultado 9
25503.7
Jugando Partidos contra vecino 1
Resultado 11
37338.4
Yo soy: 
61 30 75 52 64 3 40 -8 40 -5 14 93 28 70 17 El mejor fue: 1
61 35 75 52 64 3 40 -8 40 -5 14 93 28 70 17 Generación 30
arranca 
Jugando Partidos contra vecino 0
Resultado 11
28812.9
Yo soy: 
61 35 75 52 64 3 40 -8 40 -5 14 93 28 70 17 El mejor fue: 0
56 35 75 52 64 3 40 -8 40 -5 14 93 28 70 17 Generación 29
arranca 
Jugando Partidos contra vecino 0
Resultado 9
33517.3
Jugando Partidos contra vecino 1
Resultado 9
38625.1
Jugando Partidos contra vecino 2
Resultado 11
33376.5
Yo soy: 
56 35 75 52 64 3 40 -8 40 -5 14 93 28 70 17 El mejor fue: 2
56 35 80 52 64 3 40 -8 40 -5 14 93 28 70 17 Generación 28
arranca 
Jugando Partidos contra vecino 0
Resultado 9
23592
Jugando Partidos contra vecino 1
Resultado 9
25757.3
Jugando Partidos contra vecino 2
Resultado 11
28942.1
Yo soy: 
56 35 80 52 64 3 40 -8 40 -5 14 93 28 70 17 El mejor fue: 2
56 35 80 52 64 3 40 -8 40 -5 14 93 28 65 17 Generación 27
arranca 
Jugando Partidos contra vecino 0
Resultado 11
27721.7
Yo soy: 
56 35 80 52 64 3 40 -8 40 -5 14 93 28 65 17 El mejor fue: 0
56 35 80 52 64 -2 40 -8 40 -5 14 93 28 65 17 Generación 26
arranca 
Jugando Partidos contra vecino 0
Resultado 6
30060.9
Jugando Partidos contra vecino 1
Resultado 11
29228.5
Yo soy: 
56 35 80 52 64 -2 40 -8 40 -5 14 93 28 65 17 El mejor fue: 1
56 35 80 52 64 -2 40 -8 40 -5 14 93 28 65 12 Generación 25
arranca 
Jugando Partidos contra vecino 0
Resultado 9
38365.9
Jugando Partidos contra vecino 1
Resultado 10
34915.5
Yo soy: 
56 35 80 52 64 -2 40 -8 40 -5 14 93 28 65 12 El mejor fue: 1
61 35 80 52 64 -2 40 -8 40 -5 14 93 28 65 12 Generación 24
arranca 
Jugando Partidos contra vecino 0
Resultado 8
32091.4
Jugando Partidos contra vecino 1
Resultado 11
31415
Yo soy: 
61 35 80 52 64 -2 40 -8 40 -5 14 93 28 65 12 El mejor fue: 1
61 35 75 52 64 -2 40 -8 40 -5 14 93 28 65 12 Generación 23
arranca 
Jugando Partidos contra vecino 0
Resultado 8
29627.9
Jugando Partidos contra vecino 1
Resultado 13
40362.6
Yo soy: 
61 35 75 52 64 -2 40 -8 40 -5 14 93 28 65 12 El mejor fue: 1
61 35 75 52 69 -2 40 -8 40 -5 14 93 28 65 12 Generación 22
arranca 
Jugando Partidos contra vecino 0
Resultado 13
42411.2
Yo soy: 
61 35 75 52 69 -2 40 -8 40 -5 14 93 28 65 12 El mejor fue: 0
61 35 75 52 69 -2 40 -8 40 -5 14 88 28 65 12 Generación 21
arranca 
Jugando Partidos contra vecino 0
Resultado 9
33653.8
Jugando Partidos contra vecino 1
Resultado 13
34279.9
Yo soy: 
61 35 75 52 69 -2 40 -8 40 -5 14 88 28 65 12 El mejor fue: 1
61 30 75 52 69 -2 40 -8 40 -5 14 88 28 65 12 Generación 20
arranca 
Jugando Partidos contra vecino 0
Resultado 7
24271.6
Jugando Partidos contra vecino 1
Resultado 8
34155.9
Jugando Partidos contra vecino 2
Resultado 7
28156.5
Jugando Partidos contra vecino 3
Resultado 7
27898.9
Jugando Partidos contra vecino 4
Resultado 11
34542.5
Yo soy: 
61 30 75 52 69 -2 40 -8 40 -5 14 88 28 65 12 El mejor fue: 4
61 30 75 57 69 -2 40 -8 40 -5 14 88 28 65 12 Generación 19
arranca 
Jugando Partidos contra vecino 0
Resultado 9
27721.4
Jugando Partidos contra vecino 1
Resultado 6
24598
Jugando Partidos contra vecino 2
Resultado 12
45798
Yo soy: 
61 30 75 57 69 -2 40 -8 40 -5 14 88 28 65 12 El mejor fue: 2
61 30 75 57 69 -2 40 -8 40 -5 14 88 28 70 12 Generación 18
arranca 
Jugando Partidos contra vecino 0
Resultado 11
31209.5
Yo soy: 
61 30 75 57 69 -2 40 -8 40 -5 14 88 28 70 12 El mejor fue: 0
56 30 75 57 69 -2 40 -8 40 -5 14 88 28 70 12 Generación 17
arranca 
Jugando Partidos contra vecino 0
Resultado 9
37683.4
Jugando Partidos contra vecino 1
Resultado 6
29121
Jugando Partidos contra vecino 2
Resultado 10
32391.9
Yo soy: 
56 30 75 57 69 -2 40 -8 40 -5 14 88 28 70 12 El mejor fue: 2
56 30 75 57 69 -2 40 -8 40 -5 19 88 28 70 12 Generación 16
arranca 
Jugando Partidos contra vecino 0
Resultado 6
24638
Jugando Partidos contra vecino 1
Resultado 11
34359.9
Yo soy: 
56 30 75 57 69 -2 40 -8 40 -5 19 88 28 70 12 El mejor fue: 1
56 30 75 57 74 -2 40 -8 40 -5 19 88 28 70 12 Generación 15
arranca 
Jugando Partidos contra vecino 0
Resultado 9
32689.1
Jugando Partidos contra vecino 1
Resultado 4
19154.3
Jugando Partidos contra vecino 2
Resultado 13
42040.6
Yo soy: 
56 30 75 57 74 -2 40 -8 40 -5 19 88 28 70 12 El mejor fue: 2
56 30 75 57 74 -2 40 -8 40 -5 19 88 33 70 12 Generación 14
arranca 
Jugando Partidos contra vecino 0
Resultado 9
30878.5
Jugando Partidos contra vecino 1
Resultado 10
43126
Yo soy: 
56 30 75 57 74 -2 40 -8 40 -5 19 88 33 70 12 El mejor fue: 1
56 30 75 57 74 -2 40 -8 40 -5 19 88 33 70 7 Generación 13
arranca 
Jugando Partidos contra vecino 0
Resultado 4
20587.9
Jugando Partidos contra vecino 1
Resultado 11
34693.3
Yo soy: 
56 30 75 57 74 -2 40 -8 40 -5 19 88 33 70 7 El mejor fue: 1
56 30 75 57 74 -7 40 -8 40 -5 19 88 33 70 7 Generación 12
arranca 
Jugando Partidos contra vecino 0
Resultado 8
32048.1
Jugando Partidos contra vecino 1
Resultado 6
27718.2
Jugando Partidos contra vecino 2
Resultado 8
35689
Jugando Partidos contra vecino 3
Resultado 12
38897.9
Yo soy: 
56 30 75 57 74 -7 40 -8 40 -5 19 88 33 70 7 El mejor fue: 3
56 30 80 57 74 -7 40 -8 40 -5 19 88 33 70 7 Generación 11
arranca 
Jugando Partidos contra vecino 0
Resultado 5
23924.6
Jugando Partidos contra vecino 1
Resultado 7
22434.3
Jugando Partidos contra vecino 2
Resultado 13
40636.5
Yo soy: 
56 30 80 57 74 -7 40 -8 40 -5 19 88 33 70 7 El mejor fue: 2
56 30 80 57 74 -7 40 -8 40 -5 19 83 33 70 7 Generación 10
arranca 
Jugando Partidos contra vecino 0
Resultado 9
31242.1
Jugando Partidos contra vecino 1
Resultado 3
20808.3
Jugando Partidos contra vecino 2
Resultado 9
26501.7
Jugando Partidos contra vecino 3
Resultado 4
22484.1
Jugando Partidos contra vecino 4
Resultado 7
26013.9
Jugando Partidos contra vecino 5
Resultado 7
28440.4
Jugando Partidos contra vecino 6
Resultado 7
28657
Jugando Partidos contra vecino 7
Resultado 11
29016.3
Yo soy: 
56 30 80 57 74 -7 40 -8 40 -5 19 83 33 70 7 El mejor fue: 7
56 30 80 57 74 -7 40 -8 40 -5 19 83 33 65 7 Generación 9
arranca 
Jugando Partidos contra vecino 0
Resultado 10
39652.8
Yo soy: 
56 30 80 57 74 -7 40 -8 40 -5 19 83 33 65 7 El mejor fue: 0
56 30 80 57 74 -7 40 -8 40 -5 19 88 33 65 7 Generación 8
arranca 
Jugando Partidos contra vecino 0
Resultado 15
35587.3
Yo soy: 
56 30 80 57 74 -7 40 -8 40 -5 19 88 33 65 7 El mejor fue: 0
56 30 80 57 74 -7 40 -8 40 -5 24 88 33 65 7 Generación 7
arranca 
Jugando Partidos contra vecino 0
Resultado 8
28982.1
Jugando Partidos contra vecino 1
Resultado 10
29702.5
Yo soy: 
56 30 80 57 74 -7 40 -8 40 -5 24 88 33 65 7 El mejor fue: 1
56 35 80 57 74 -7 40 -8 40 -5 24 88 33 65 7 Generación 6
arranca 
Jugando Partidos contra vecino 0
Resultado 9
31107.6
Jugando Partidos contra vecino 1
Resultado 9
39117.9
Jugando Partidos contra vecino 2
Resultado 11
29473.4
Yo soy: 
56 35 80 57 74 -7 40 -8 40 -5 24 88 33 65 7 El mejor fue: 2
56 30 80 57 74 -7 40 -8 40 -5 24 88 33 65 7 Generación 5
arranca 
Jugando Partidos contra vecino 0
Resultado 10
28702.5
Yo soy: 
56 30 80 57 74 -7 40 -8 40 -5 24 88 33 65 7 El mejor fue: 0
56 30 80 62 74 -7 40 -8 40 -5 24 88 33 65 7 Generación 4
arranca 
Jugando Partidos contra vecino 0
Resultado 3
21531.8
Jugando Partidos contra vecino 1
Resultado 9
27598.1
Jugando Partidos contra vecino 2
Resultado 6
25959.7
Jugando Partidos contra vecino 3
Resultado 13
38882
Yo soy: 
56 30 80 62 74 -7 40 -8 40 -5 24 88 33 65 7 El mejor fue: 3
56 30 80 62 74 -7 40 -8 40 -5 24 88 33 65 12 Generación 3
arranca 
Jugando Partidos contra vecino 0
Resultado 8
29495.3
Jugando Partidos contra vecino 1
Resultado 9
30461.8
Jugando Partidos contra vecino 2
Resultado 7
24807.1
Jugando Partidos contra vecino 3
Resultado 11
25493.9
Yo soy: 
56 30 80 62 74 -7 40 -8 40 -5 24 88 33 65 12 El mejor fue: 3
56 30 80 62 74 -7 40 -8 40 -5 24 88 33 65 7 Generación 2
arranca 
Jugando Partidos contra vecino 0
Resultado 13
38934.7
Yo soy: 
56 30 80 62 74 -7 40 -8 40 -5 24 88 33 65 7 El mejor fue: 0
56 30 80 62 74 -7 45 -8 40 -5 24 88 33 65 7 Generación 1
arranca 
Jugando Partidos contra vecino 0
Resultado 9
29542.5
Jugando Partidos contra vecino 1
Resultado 13
42550
Yo soy: 
56 30 80 62 74 -7 45 -8 40 -5 24 88 33 65 7 El mejor fue: 1
51 30 80 62 74 -7 45 -8 40 -5 24 88 33 65 7 Generación 0
7.4915e+06
