arranca 
Jugando Partidos contra vecino 0
Resultado 2
29671.3
Jugando Partidos contra vecino 1
Resultado 7
16750.5
Jugando Partidos contra vecino 2
Resultado 6
22205.8
Jugando Partidos contra vecino 3
Resultado 4
17992.5
Jugando Partidos contra vecino 4
Resultado 3
26757.4
Jugando Partidos contra vecino 5
Resultado 3
29950.5
Jugando Partidos contra vecino 6
Resultado 3
29344.3
Jugando Partidos contra vecino 7
Resultado 1
18492.4
Jugando Partidos contra vecino 8
Resultado 3
23911.3
Jugando Partidos contra vecino 9
Resultado 3
25397.1
Jugando Partidos contra vecino 10
Resultado 6
15800
Jugando Partidos contra vecino 11
Resultado 5
29314.6
Jugando Partidos contra vecino 12
Resultado 7
35684.8
Jugando Partidos contra vecino 13
Resultado 3
30369.8
Jugando Partidos contra vecino 14
Resultado 4
21591.6
Jugando Partidos contra vecino 15
Resultado 4
26724.7
Jugando Partidos contra vecino 16
Resultado 4
36378.3
Jugando Partidos contra vecino 17
Resultado 3
29839.2
Jugando Partidos contra vecino 18
Resultado 4
30433.6
Jugando Partidos contra vecino 19
Resultado 5
21094.5
Jugando Partidos contra vecino 20
Resultado 4
27404.3
Jugando Partidos contra vecino 21
Resultado 4
19952.5
Jugando Partidos contra vecino 22
Resultado 3
33312.6
Jugando Partidos contra vecino 23
Resultado 4
18665.1
Jugando Partidos contra vecino 24
Resultado 4
21746.7
Jugando Partidos contra vecino 25
Resultado 3
30089.9
Jugando Partidos contra vecino 26
Resultado 4
23396.8
Jugando Partidos contra vecino 27
Resultado 3
18406.2
Jugando Partidos contra vecino 28
Resultado 2
24281.8
Jugando Partidos contra vecino 29
Resultado 7
21494.1
Jugando Partidos contra vecino 30
Resultado 7
20593.4
Jugando Partidos contra vecino 31
Resultado 3
19270.5
Jugando Partidos contra vecino 32
Resultado 5
30183.8
Jugando Partidos contra vecino 33
Resultado 3
12981.8
Jugando Partidos contra vecino 34
Resultado 6
24232.5
Jugando Partidos contra vecino 35
Resultado 5
31452.4
895169
arranca 
Jugando Partidos contra vecino 0
Resultado 6
30154.3
Jugando Partidos contra vecino 1
Resultado 5
61953.6
Jugando Partidos contra vecino 2
Resultado 5
50771.3
Jugando Partidos contra vecino 3
Resultado 7
39090.1
Jugando Partidos contra vecino 4
Resultado 5
56965.9
Jugando Partidos contra vecino 5
Resultado 5
42204.8
Jugando Partidos contra vecino 6
Resultado 4
53448.4
Jugando Partidos contra vecino 7
Resultado 7
61206.5
Jugando Partidos contra vecino 8
Resultado 5
40170.1
Jugando Partidos contra vecino 9
Resultado 5
71125.8
Jugando Partidos contra vecino 10
Resultado 7
56478.3
Jugando Partidos contra vecino 11
Resultado 3
53524.1
Jugando Partidos contra vecino 12
Resultado 9
61720.9
Jugando Partidos contra vecino 13
Resultado 4
64311.4
Jugando Partidos contra vecino 14
Resultado 4
29486.8
Jugando Partidos contra vecino 15
Resultado 4
34543
Jugando Partidos contra vecino 16
Resultado 5
59872.8
Jugando Partidos contra vecino 17
Resultado 4
34866.9
Jugando Partidos contra vecino 18
Resultado 3
29590.8
Jugando Partidos contra vecino 19
Resultado 5
62261.2
Jugando Partidos contra vecino 20
Resultado 5
54305.8
Jugando Partidos contra vecino 21
Resultado 5
60100.5
Jugando Partidos contra vecino 22
Resultado 5
58530.6
Jugando Partidos contra vecino 23
Resultado 5
34359.6
Jugando Partidos contra vecino 24
Resultado 5
42189.9
Jugando Partidos contra vecino 25
Resultado 3
40946.1
Jugando Partidos contra vecino 26
Resultado 5
48809.7
Jugando Partidos contra vecino 27
Resultado 5
62777.3
Jugando Partidos contra vecino 28
Resultado 5
43115.7
Jugando Partidos contra vecino 29
Resultado 5
39530.8
Jugando Partidos contra vecino 30
Resultado 5
43601
Jugando Partidos contra vecino 31
Resultado 5
29042.5
Jugando Partidos contra vecino 32
Resultado 5
56602.3
Jugando Partidos contra vecino 33
Resultado 5
46817.1
Jugando Partidos contra vecino 34
Resultado 5
35402.7
Jugando Partidos contra vecino 35
Resultado 5
60719.9
1.7506e+06
arranca 
Jugando Partidos contra vecino 0
Resultado 3
24131.3
Jugando Partidos contra vecino 1
Resultado 4
20562.8
Jugando Partidos contra vecino 2
Resultado 9
26046.2
Jugando Partidos contra vecino 3
Resultado 7
22790.8
Jugando Partidos contra vecino 4
Resultado 3
24200
Jugando Partidos contra vecino 5
Resultado 4
19638.3
Jugando Partidos contra vecino 6
Resultado 4
23662.3
Jugando Partidos contra vecino 7
Resultado 6
24181.5
Jugando Partidos contra vecino 8
Resultado 4
27471.8
Jugando Partidos contra vecino 9
Resultado 8
22952.5
Jugando Partidos contra vecino 10
Resultado 1
15122
Jugando Partidos contra vecino 11
Resultado 7
21547.3
Jugando Partidos contra vecino 12
Resultado 8
24414.2
Jugando Partidos contra vecino 13
Resultado 8
24219.6
Jugando Partidos contra vecino 14
Resultado 7
24098.4
Jugando Partidos contra vecino 15
Resultado 7
22180.5
Jugando Partidos contra vecino 16
Resultado 3
24862.4
Jugando Partidos contra vecino 17
Resultado 5
30830.5
Jugando Partidos contra vecino 18
Resultado 7
28236.9
Jugando Partidos contra vecino 19
Resultado 5
26395.4
Jugando Partidos contra vecino 20
Resultado 1
17524.3
Jugando Partidos contra vecino 21
Resultado 2
20571.3
Jugando Partidos contra vecino 22
Resultado 4
20984.4
Jugando Partidos contra vecino 23
Resultado 4
25816.6
Jugando Partidos contra vecino 24
Resultado 6
19040.2
Jugando Partidos contra vecino 25
Resultado 9
26677.7
Jugando Partidos contra vecino 26
Resultado 3
19235.9
Jugando Partidos contra vecino 27
Resultado 3
24518.4
Jugando Partidos contra vecino 28
Resultado 7
22494.7
Jugando Partidos contra vecino 29
Resultado 3
22044.4
Jugando Partidos contra vecino 30
Resultado 2
18183.3
Jugando Partidos contra vecino 31
Resultado 2
21897.4
Jugando Partidos contra vecino 32
Resultado 6
23912.3
Jugando Partidos contra vecino 33
Resultado 3
21944.7
Jugando Partidos contra vecino 34
Resultado 1
17845.7
Jugando Partidos contra vecino 35
Resultado 6
20230.5
820467
arranca 
Jugando Partidos contra vecino 0
Resultado 6
28057.5
Jugando Partidos contra vecino 1
Resultado 7
21343.9
Jugando Partidos contra vecino 2
Resultado 6
27210.1
Jugando Partidos contra vecino 3
Resultado 9
37919.5
Jugando Partidos contra vecino 4
Resultado 6
26241.2
Jugando Partidos contra vecino 5
Resultado 13
35036.5
Yo soy: 
37 14 16 86 35 37 99 60 63 89 71 46 42 62 82 86 85 30 El mejor fue: 5
37 14 16 86 35 37 99 60 63 89 71 46 32 62 82 86 85 30 Generación 199
arranca 
Jugando Partidos contra vecino 0
Resultado 5
22915.7
Jugando Partidos contra vecino 1
Resultado 6
21705
Jugando Partidos contra vecino 2
Resultado 7
29589.4
Jugando Partidos contra vecino 3
Resultado 2
24044
Jugando Partidos contra vecino 4
Resultado 4
25192.1
Jugando Partidos contra vecino 5
Resultado 4
18139.4
Jugando Partidos contra vecino 6
Resultado 4
24138.5
Jugando Partidos contra vecino 7
Resultado 5
20701.2
Jugando Partidos contra vecino 8
Resultado 5
33295.8
Jugando Partidos contra vecino 9
Resultado 5
21597.9
Jugando Partidos contra vecino 10
Resultado 9
28554.2
Jugando Partidos contra vecino 11
Resultado 11
30955.9
Yo soy: 
37 14 16 86 35 37 99 60 63 89 71 46 32 62 82 86 85 30 El mejor fue: 11
37 4 16 86 35 37 99 60 63 89 71 46 32 62 82 86 85 30 Generación 198
arranca 
Jugando Partidos contra vecino 0
Resultado 7
24910.2
Jugando Partidos contra vecino 1
Resultado 9
32542.2
Jugando Partidos contra vecino 2
Resultado 5
19994.6
Jugando Partidos contra vecino 3
Resultado 6
21474.6
Jugando Partidos contra vecino 4
Resultado 8
25388.2
Jugando Partidos contra vecino 5
Resultado 5
23098.8
Jugando Partidos contra vecino 6
Resultado 5
25088.7
Jugando Partidos contra vecino 7
Resultado 6
28058
Jugando Partidos contra vecino 8
Resultado 9
34945.5
Jugando Partidos contra vecino 9
Resultado 6
36222.5
Jugando Partidos contra vecino 10
Resultado 9
31934.4
Jugando Partidos contra vecino 11
Resultado 3
26746
Jugando Partidos contra vecino 12
Resultado 3
27067.3
Jugando Partidos contra vecino 13
Resultado 4
29752.3
Jugando Partidos contra vecino 14
Resultado 11
29067.2
Yo soy: 
37 4 16 86 35 37 99 60 63 89 71 46 32 62 82 86 85 30 El mejor fue: 14
37 4 16 86 35 37 99 60 63 79 71 46 32 62 82 86 85 30 Generación 197
arranca 
Jugando Partidos contra vecino 0
Resultado 2
22585.8
Jugando Partidos contra vecino 1
Resultado 6
29717.3
Jugando Partidos contra vecino 2
Resultado 4
24360.6
Jugando Partidos contra vecino 3
Resultado 4
24570
Jugando Partidos contra vecino 4
Resultado 5
31111.2
Jugando Partidos contra vecino 5
Resultado 5
19398.6
Jugando Partidos contra vecino 6
Resultado 7
22822.3
Jugando Partidos contra vecino 7
Resultado 4
21684.6
Jugando Partidos contra vecino 8
Resultado 2
23654.5
Jugando Partidos contra vecino 9
Resultado 5
30680.5
Jugando Partidos contra vecino 10
Resultado 7
32235
Jugando Partidos contra vecino 11
Resultado 7
24975.5
Jugando Partidos contra vecino 12
Resultado 7
27106.2
Jugando Partidos contra vecino 13
Resultado 9
25134.3
Jugando Partidos contra vecino 14
Resultado 8
22325.3
Jugando Partidos contra vecino 15
Resultado 8
30212.8
Jugando Partidos contra vecino 16
Resultado 6
30033
Jugando Partidos contra vecino 17
Resultado 8
30272.6
Jugando Partidos contra vecino 18
Resultado 4
28483.5
Jugando Partidos contra vecino 19
Resultado 5
25799.7
Jugando Partidos contra vecino 20
Resultado 4
30365.3
Jugando Partidos contra vecino 21
Resultado 4
20121.2
Jugando Partidos contra vecino 22
Resultado 3
32215.2
Jugando Partidos contra vecino 23
Resultado 6
26971.4
Jugando Partidos contra vecino 24
Resultado 5
25959.7
Jugando Partidos contra vecino 25
Resultado 4
28359
Jugando Partidos contra vecino 26
Resultado 8
27613.6
Jugando Partidos contra vecino 27
Resultado 7
25593.9
Jugando Partidos contra vecino 28
Resultado 10
31892
Yo soy: 
37 4 16 86 35 37 99 60 63 79 71 46 32 62 82 86 85 30 El mejor fue: 28
37 4 16 86 35 37 99 60 63 79 71 46 32 62 82 86 95 30 Generación 196
arranca 
Jugando Partidos contra vecino 0
Resultado 7
28802.4
Jugando Partidos contra vecino 1
Resultado 1
20454.9
Jugando Partidos contra vecino 2
Resultado 5
22237.7
Jugando Partidos contra vecino 3
Resultado 7
26700.1
Jugando Partidos contra vecino 4
Resultado 5
28447
Jugando Partidos contra vecino 5
Resultado 2
23944.5
Jugando Partidos contra vecino 6
Resultado 3
23053.3
Jugando Partidos contra vecino 7
Resultado 7
25406.2
Jugando Partidos contra vecino 8
Resultado 8
28205.5
Jugando Partidos contra vecino 9
Resultado 5
27105.2
Jugando Partidos contra vecino 10
Resultado 8
29870.3
Jugando Partidos contra vecino 11
Resultado 3
24565.7
Jugando Partidos contra vecino 12
Resultado 5
24275.9
Jugando Partidos contra vecino 13
Resultado 10
31669.5
Yo soy: 
37 4 16 86 35 37 99 60 63 79 71 46 32 62 82 86 95 30 El mejor fue: 13
37 4 16 86 45 37 99 60 63 79 71 46 32 62 82 86 95 30 Generación 195
arranca 
Jugando Partidos contra vecino 0
Resultado 2
21196.7
Jugando Partidos contra vecino 1
Resultado 5
20577.1
Jugando Partidos contra vecino 2
Resultado 1
18308
Jugando Partidos contra vecino 3
Resultado 4
22796.9
Jugando Partidos contra vecino 4
Resultado 5
26143.7
Jugando Partidos contra vecino 5
Resultado 4
25775.3
Jugando Partidos contra vecino 6
Resultado 7
24900.9
Jugando Partidos contra vecino 7
Resultado 4
27580.1
Jugando Partidos contra vecino 8
Resultado 6
25984.6
Jugando Partidos contra vecino 9
Resultado 7
24025.8
Jugando Partidos contra vecino 10
Resultado 2
22968.4
Jugando Partidos contra vecino 11
Resultado 2
20707.6
Jugando Partidos contra vecino 12
Resultado 2
23540.5
Jugando Partidos contra vecino 13
Resultado 4
27061.5
Jugando Partidos contra vecino 14
Resultado 8
27445.1
Jugando Partidos contra vecino 15
Resultado 4
22478.5
Jugando Partidos contra vecino 16
Resultado 7
25124.7
Jugando Partidos contra vecino 17
Resultado 5
20548
Jugando Partidos contra vecino 18
Resultado 7
24106.5
Jugando Partidos contra vecino 19
Resultado 6
25673
Jugando Partidos contra vecino 20
Resultado 5
25901.2
Jugando Partidos contra vecino 21
Resultado 8
28318.8
Jugando Partidos contra vecino 22
Resultado 5
28907.5
Jugando Partidos contra vecino 23
Resultado 4
22735.3
Jugando Partidos contra vecino 24
Resultado 6
29024
Jugando Partidos contra vecino 25
Resultado 9
30116.6
Jugando Partidos contra vecino 26
Resultado 2
20115.3
Jugando Partidos contra vecino 27
Resultado 9
23287.1
Jugando Partidos contra vecino 28
Resultado 3
24175.8
Jugando Partidos contra vecino 29
Resultado 6
37773.6
Jugando Partidos contra vecino 30
Resultado 9
29055.4
Jugando Partidos contra vecino 31
Resultado 8
26570.5
Jugando Partidos contra vecino 32
Resultado 7
26494.2
Jugando Partidos contra vecino 33
Resultado 6
31374.2
Jugando Partidos contra vecino 34
Resultado 7
27222.3
Jugando Partidos contra vecino 35
Resultado 7
30486.2
2.95242e+06
arranca 
Jugando Partidos contra vecino 0
Resultado 7
15442.5
Jugando Partidos contra vecino 1
Resultado 5
14256.8
Jugando Partidos contra vecino 2
Resultado 9
17662.3
Jugando Partidos contra vecino 3
Resultado 5
14712.6
Jugando Partidos contra vecino 4
Resultado 7
16154.5
Jugando Partidos contra vecino 5
Resultado 6
17395.6
Jugando Partidos contra vecino 6
Resultado 7
19555.5
Jugando Partidos contra vecino 7
Resultado 9
15630.3
Jugando Partidos contra vecino 8
Resultado 7
15129.6
Jugando Partidos contra vecino 9
Resultado 7
14701.5
Jugando Partidos contra vecino 10
Resultado 5
16866.6
Jugando Partidos contra vecino 11
Resultado 7
13658.8
Jugando Partidos contra vecino 12
Resultado 11
17171.5
Yo soy: 
53 83 63 78 70 20 62 74 63 61 5 43 56 3 67 61 72 95 El mejor fue: 12
63 83 63 78 70 20 62 74 63 61 5 43 56 3 67 61 72 95 Generación 199
arranca 
Jugando Partidos contra vecino 0
Resultado 5
14265.5
Jugando Partidos contra vecino 1
Resultado 9
19032.8
Jugando Partidos contra vecino 2
Resultado 7
18392.4
Jugando Partidos contra vecino 3
Resultado 7
15919.8
Jugando Partidos contra vecino 4
Resultado 7
17345.4
Jugando Partidos contra vecino 5
Resultado 7
15722.4
Jugando Partidos contra vecino 6
Resultado 5
16647.6
Jugando Partidos contra vecino 7
Resultado 7
16931.5
Jugando Partidos contra vecino 8
Resultado 7
14004.5
Jugando Partidos contra vecino 9
Resultado 9
18958.8
Jugando Partidos contra vecino 10
Resultado 6
16629
Jugando Partidos contra vecino 11
Resultado 5
16578.5
Jugando Partidos contra vecino 12
Resultado 5
18573.2
Jugando Partidos contra vecino 13
Resultado 5
19319.6
Jugando Partidos contra vecino 14
Resultado 7
15191.9
Jugando Partidos contra vecino 15
Resultado 13
23240.3
Yo soy: 
63 83 63 78 70 20 62 74 63 61 5 43 56 3 67 61 72 95 El mejor fue: 15
63 83 63 78 70 20 62 74 63 61 5 43 56 3 67 71 72 95 Generación 198
arranca 
Jugando Partidos contra vecino 0
Resultado 5
16599.7
Jugando Partidos contra vecino 1
Resultado 7
15799.1
Jugando Partidos contra vecino 2
Resultado 9
18166.1
Jugando Partidos contra vecino 3
Resultado 11
20071.3
Yo soy: 
63 83 63 78 70 20 62 74 63 61 5 43 56 3 67 71 72 95 El mejor fue: 3
53 83 63 78 70 20 62 74 63 61 5 43 56 3 67 71 72 95 Generación 197
arranca 
Jugando Partidos contra vecino 0
Resultado 9
17740.3
Jugando Partidos contra vecino 1
Resultado 7
15828.5
Jugando Partidos contra vecino 2
Resultado 8
18557.8
Jugando Partidos contra vecino 3
Resultado 9
15605.6
Jugando Partidos contra vecino 4
Resultado 7
19449.6
Jugando Partidos contra vecino 5
Resultado 11
18914.9
Yo soy: 
53 83 63 78 70 20 62 74 63 61 5 43 56 3 67 71 72 95 El mejor fue: 5
53 83 63 78 70 20 62 74 63 61 5 43 56 13 67 71 72 95 Generación 196
arranca 
Jugando Partidos contra vecino 0
Resultado 11
24568.4
Yo soy: 
53 83 63 78 70 20 62 74 63 61 5 43 56 13 67 71 72 95 El mejor fue: 0
53 83 63 78 70 20 62 74 63 61 5 43 56 13 67 71 62 95 Generación 195
arranca 
Jugando Partidos contra vecino 0
Resultado 5
17549
Jugando Partidos contra vecino 1
Resultado 6
19293.5
Jugando Partidos contra vecino 2
Resultado 5
19573.8
Jugando Partidos contra vecino 3
Resultado 11
21697.4
Yo soy: 
53 83 63 78 70 20 62 74 63 61 5 43 56 13 67 71 62 95 El mejor fue: 3
53 83 63 78 70 20 62 74 63 61 5 43 46 13 67 71 62 95 Generación 194
arranca 
Jugando Partidos contra vecino 0
Resultado 7
23783
Jugando Partidos contra vecino 1
Resultado 7
23670.4
Jugando Partidos contra vecino 2
Resultado 6
18687.6
Jugando Partidos contra vecino 3
Resultado 7
19216.5
Jugando Partidos contra vecino 4
Resultado 7
22884.4
Jugando Partidos contra vecino 5
Resultado 9
22787
Jugando Partidos contra vecino 6
Resultado 7
20368.1
Jugando Partidos contra vecino 7
Resultado 9
24144.3
Jugando Partidos contra vecino 8
Resultado 5
20794.1
Jugando Partidos contra vecino 9
Resultado 8
22929.9
Jugando Partidos contra vecino 10
Resultado 7
20004.7
Jugando Partidos contra vecino 11
Resultado 11
20744.9
Yo soy: 
53 83 63 78 70 20 62 74 63 61 5 43 46 13 67 71 62 95 El mejor fue: 11
53 83 63 78 70 30 62 74 63 61 5 43 46 13 67 71 62 95 Generación 193
arranca 
Jugando Partidos contra vecino 0
Resultado 8
18982.8
Jugando Partidos contra vecino 1
Resultado 5
21143.1
Jugando Partidos contra vecino 2
Resultado 11
18307.8
Yo soy: 
53 83 63 78 70 30 62 74 63 61 5 43 46 13 67 71 62 95 El mejor fue: 2
53 83 63 78 70 30 62 74 73 61 5 43 46 13 67 71 62 95 Generación 192
arranca 
Jugando Partidos contra vecino 0
Resultado 7
23582.7
Jugando Partidos contra vecino 1
Resultado 7
19683.4
Jugando Partidos contra vecino 2
Resultado 9
23461.1
Jugando Partidos contra vecino 3
Resultado 5
21501.9
Jugando Partidos contra vecino 4
Resultado 9
20418.3
Jugando Partidos contra vecino 5
Resultado 7
20440.4
Jugando Partidos contra vecino 6
Resultado 4
20723.8
Jugando Partidos contra vecino 7
Resultado 4
23982.4
Jugando Partidos contra vecino 8
Resultado 7
21199
Jugando Partidos contra vecino 9
Resultado 7
22057.7
Jugando Partidos contra vecino 10
Resultado 9
22872.9
Jugando Partidos contra vecino 11
Resultado 5
20524.7
Jugando Partidos contra vecino 12
Resultado 8
20817.1
Jugando Partidos contra vecino 13
Resultado 8
16863.9
Jugando Partidos contra vecino 14
Resultado 11
19774.8
Yo soy: 
53 83 63 78 70 30 62 74 73 61 5 43 46 13 67 71 62 95 El mejor fue: 14
43 83 63 78 70 30 62 74 73 61 5 43 46 13 67 71 62 95 Generación 191
arranca 
Jugando Partidos contra vecino 0
Resultado 9
20028.7
Jugando Partidos contra vecino 1
Resultado 13
25104.7
Yo soy: 
43 83 63 78 70 30 62 74 73 61 5 43 46 13 67 71 62 95 El mejor fue: 1
43 83 63 78 60 30 62 74 73 61 5 43 46 13 67 71 62 95 Generación 190
arranca 
Jugando Partidos contra vecino 0
Resultado 11
24583.5
Yo soy: 
43 83 63 78 60 30 62 74 73 61 5 43 46 13 67 71 62 95 El mejor fue: 0
43 83 63 78 60 30 62 64 73 61 5 43 46 13 67 71 62 95 Generación 189
arranca 
Jugando Partidos contra vecino 0
Resultado 11
22107.3
Yo soy: 
43 83 63 78 60 30 62 64 73 61 5 43 46 13 67 71 62 95 El mejor fue: 0
43 83 63 78 60 30 62 64 73 61 5 43 56 13 67 71 62 95 Generación 188
arranca 
Jugando Partidos contra vecino 0
Resultado 13
23477.7
Yo soy: 
43 83 63 78 60 30 62 64 73 61 5 43 56 13 67 71 62 95 El mejor fue: 0
43 83 63 78 60 30 62 64 73 61 5 53 56 13 67 71 62 95 Generación 187
arranca 
Jugando Partidos contra vecino 0
Resultado 8
22493.9
Jugando Partidos contra vecino 1
Resultado 9
21256.1
Jugando Partidos contra vecino 2
Resultado 11
21049.9
Yo soy: 
43 83 63 78 60 30 62 64 73 61 5 53 56 13 67 71 62 95 El mejor fue: 2
43 83 63 88 60 30 62 64 73 61 5 53 56 13 67 71 62 95 Generación 186
arranca 
Jugando Partidos contra vecino 0
Resultado 7
15935.7
Jugando Partidos contra vecino 1
Resultado 7
24225.6
Jugando Partidos contra vecino 2
Resultado 9
21160.3
Jugando Partidos contra vecino 3
Resultado 5
21113.8
Jugando Partidos contra vecino 4
Resultado 7
19424.5
Jugando Partidos contra vecino 5
Resultado 8
18642
Jugando Partidos contra vecino 6
Resultado 7
22433.2
Jugando Partidos contra vecino 7
Resultado 11
28148
Yo soy: 
43 83 63 88 60 30 62 64 73 61 5 53 56 13 67 71 62 95 El mejor fue: 7
43 83 63 88 60 30 62 64 73 61 5 53 56 13 67 71 72 95 Generación 185
arranca 
Jugando Partidos contra vecino 0
Resultado 9
19684.3
Jugando Partidos contra vecino 1
Resultado 11
21589.7
Yo soy: 
43 83 63 88 60 30 62 64 73 61 5 53 56 13 67 71 72 95 El mejor fue: 1
43 83 63 88 60 30 62 54 73 61 5 53 56 13 67 71 72 95 Generación 184
arranca 
Jugando Partidos contra vecino 0
Resultado 5
16997.2
Jugando Partidos contra vecino 1
Resultado 7
17620
Jugando Partidos contra vecino 2
Resultado 4
15268.1
Jugando Partidos contra vecino 3
Resultado 7
17306
Jugando Partidos contra vecino 4
Resultado 6
15853.4
Jugando Partidos contra vecino 5
Resultado 5
19742.4
Jugando Partidos contra vecino 6
Resultado 4
20209.1
Jugando Partidos contra vecino 7
Resultado 9
18868
Jugando Partidos contra vecino 8
Resultado 11
22424.3
Yo soy: 
43 83 63 88 60 30 62 54 73 61 5 53 56 13 67 71 72 95 El mejor fue: 8
43 83 63 88 60 30 52 54 73 61 5 53 56 13 67 71 72 95 Generación 183
arranca 
Jugando Partidos contra vecino 0
Resultado 9
18423.7
Jugando Partidos contra vecino 1
Resultado 11
22999.2
Yo soy: 
43 83 63 88 60 30 52 54 73 61 5 53 56 13 67 71 72 95 El mejor fue: 1
43 83 63 88 60 30 42 54 73 61 5 53 56 13 67 71 72 95 Generación 182
arranca 
Jugando Partidos contra vecino 0
Resultado 6
18293
Jugando Partidos contra vecino 1
Resultado 5
14485.3
Jugando Partidos contra vecino 2
Resultado 8
21240.8
Jugando Partidos contra vecino 3
Resultado 8
17435.2
Jugando Partidos contra vecino 4
Resultado 4
19174.3
Jugando Partidos contra vecino 5
Resultado 5
20074.4
Jugando Partidos contra vecino 6
Resultado 6
18461.9
Jugando Partidos contra vecino 7
Resultado 9
18487.5
Jugando Partidos contra vecino 8
Resultado 7
18151.3
Jugando Partidos contra vecino 9
Resultado 6
18212.6
Jugando Partidos contra vecino 10
Resultado 9
16615.6
Jugando Partidos contra vecino 11
Resultado 7
20939.7
Jugando Partidos contra vecino 12
Resultado 6
19571.3
Jugando Partidos contra vecino 13
Resultado 7
17631
Jugando Partidos contra vecino 14
Resultado 9
21088.2
Jugando Partidos contra vecino 15
Resultado 11
20562.7
Yo soy: 
43 83 63 88 60 30 42 54 73 61 5 53 56 13 67 71 72 95 El mejor fue: 15
43 83 63 88 60 30 42 54 73 61 5 53 56 13 57 71 72 95 Generación 181
arranca 
Jugando Partidos contra vecino 0
Resultado 9
22207.8
Jugando Partidos contra vecino 1
Resultado 5
15928.6
Jugando Partidos contra vecino 2
Resultado 5
15071.2
Jugando Partidos contra vecino 3
Resultado 4
17313.3
Jugando Partidos contra vecino 4
Resultado 7
18695.2
Jugando Partidos contra vecino 5
Resultado 5
20182.9
Jugando Partidos contra vecino 6
Resultado 4
18412.8
Jugando Partidos contra vecino 7
Resultado 4
16005
Jugando Partidos contra vecino 8
Resultado 7
17814.1
Jugando Partidos contra vecino 9
Resultado 9
21860.5
Jugando Partidos contra vecino 10
Resultado 5
16248.9
Jugando Partidos contra vecino 11
Resultado 7
26791.5
Jugando Partidos contra vecino 12
Resultado 6
19845.3
Jugando Partidos contra vecino 13
Resultado 9
21030.6
Jugando Partidos contra vecino 14
Resultado 8
28681.3
Jugando Partidos contra vecino 15
Resultado 4
16258.8
Jugando Partidos contra vecino 16
Resultado 6
17740.3
Jugando Partidos contra vecino 17
Resultado 6
21974.9
Jugando Partidos contra vecino 18
Resultado 7
17476.1
Jugando Partidos contra vecino 19
Resultado 7
25805.6
Jugando Partidos contra vecino 20
Resultado 13
22255.6
Yo soy: 
43 83 63 88 60 30 42 54 73 61 5 53 56 13 57 71 72 95 El mejor fue: 20
43 83 63 88 60 30 42 54 73 61 5 53 56 13 67 71 72 95 Generación 180
arranca 
Jugando Partidos contra vecino 0
Resultado 11
21496.8
Yo soy: 
43 83 63 88 60 30 42 54 73 61 5 53 56 13 67 71 72 95 El mejor fue: 0
43 83 63 88 60 30 42 44 73 61 5 53 56 13 67 71 72 95 Generación 179
arranca 
Jugando Partidos contra vecino 0
Resultado 6
17725.4
Jugando Partidos contra vecino 1
Resultado 7
17575.6
Jugando Partidos contra vecino 2
Resultado 5
18120.2
Jugando Partidos contra vecino 3
Resultado 9
21150.8
Jugando Partidos contra vecino 4
Resultado 9
19132.9
Jugando Partidos contra vecino 5
Resultado 7
21363.1
Jugando Partidos contra vecino 6
Resultado 7
21876.6
Jugando Partidos contra vecino 7
Resultado 7
18488.7
Jugando Partidos contra vecino 8
Resultado 6
16770.1
Jugando Partidos contra vecino 9
Resultado 7
16964.6
Jugando Partidos contra vecino 10
Resultado 4
17965.7
Jugando Partidos contra vecino 11
Resultado 5
14267.3
Jugando Partidos contra vecino 12
Resultado 9
18504.1
Jugando Partidos contra vecino 13
Resultado 4
18740
Jugando Partidos contra vecino 14
Resultado 11
24907.7
Yo soy: 
43 83 63 88 60 30 42 44 73 61 5 53 56 13 67 71 72 95 El mejor fue: 14
43 83 63 88 60 30 42 44 73 61 5 53 56 23 67 71 72 95 Generación 178
arranca 
Jugando Partidos contra vecino 0
Resultado 7
22410.2
Jugando Partidos contra vecino 1
Resultado 9
29165
Jugando Partidos contra vecino 2
Resultado 9
28342.5
Jugando Partidos contra vecino 3
Resultado 9
26979.8
Jugando Partidos contra vecino 4
Resultado 5
30468.1
Jugando Partidos contra vecino 5
Resultado 6
22740.6
Jugando Partidos contra vecino 6
Resultado 4
22359.7
Jugando Partidos contra vecino 7
Resultado 7
22324.3
Jugando Partidos contra vecino 8
Resultado 10
25809.8
Yo soy: 
43 83 63 88 60 30 42 44 73 61 5 53 56 23 67 71 72 95 El mejor fue: 8
43 83 63 88 60 20 42 44 73 61 5 53 56 23 67 71 72 95 Generación 177
arranca 
Jugando Partidos contra vecino 0
Resultado 9
23886.6
Jugando Partidos contra vecino 1
Resultado 5
25941.3
Jugando Partidos contra vecino 2
Resultado 5
16382.5
Jugando Partidos contra vecino 3
Resultado 9
29637.9
Jugando Partidos contra vecino 4
Resultado 9
26247.1
Jugando Partidos contra vecino 5
Resultado 7
22093.6
Jugando Partidos contra vecino 6
Resultado 6
21943.5
Jugando Partidos contra vecino 7
Resultado 11
29291.9
Yo soy: 
43 83 63 88 60 20 42 44 73 61 5 53 56 23 67 71 72 95 El mejor fue: 7
43 83 63 88 60 20 42 44 73 61 5 53 56 23 67 71 72 85 Generación 176
arranca 
Jugando Partidos contra vecino 0
Resultado 7
24656.3
Jugando Partidos contra vecino 1
Resultado 11
24286.2
Yo soy: 
43 83 63 88 60 20 42 44 73 61 5 53 56 23 67 71 72 85 El mejor fue: 1
43 93 63 88 60 20 42 44 73 61 5 53 56 23 67 71 72 85 Generación 175
arranca 
Jugando Partidos contra vecino 0
Resultado 9
26590.6
Jugando Partidos contra vecino 1
Resultado 11
26325.3
Yo soy: 
43 93 63 88 60 20 42 44 73 61 5 53 56 23 67 71 72 85 El mejor fue: 1
43 93 63 88 60 20 42 44 73 61 -5 53 56 23 67 71 72 85 Generación 174
arranca 
Jugando Partidos contra vecino 0
Resultado 11
25655.5
Yo soy: 
43 93 63 88 60 20 42 44 73 61 -5 53 56 23 67 71 72 85 El mejor fue: 0
43 93 63 78 60 20 42 44 73 61 -5 53 56 23 67 71 72 85 Generación 173
arranca 
Jugando Partidos contra vecino 0
Resultado 11
24630.5
Yo soy: 
43 93 63 78 60 20 42 44 73 61 -5 53 56 23 67 71 72 85 El mejor fue: 0
43 93 63 78 70 20 42 44 73 61 -5 53 56 23 67 71 72 85 Generación 172
arranca 
Jugando Partidos contra vecino 0
Resultado 7
28362.6
Jugando Partidos contra vecino 1
Resultado 9
31067.1
Jugando Partidos contra vecino 2
Resultado 5
28367.5
Jugando Partidos contra vecino 3
Resultado 9
27902.2
Jugando Partidos contra vecino 4
Resultado 7
20307.8
Jugando Partidos contra vecino 5
Resultado 7
26662
Jugando Partidos contra vecino 6
Resultado 4
18346.1
Jugando Partidos contra vecino 7
Resultado 5
22446.1
Jugando Partidos contra vecino 8
Resultado 11
31246.2
Yo soy: 
43 93 63 78 70 20 42 44 73 61 -5 53 56 23 67 71 72 85 El mejor fue: 8
33 93 63 78 70 20 42 44 73 61 -5 53 56 23 67 71 72 85 Generación 171
arranca 
Jugando Partidos contra vecino 0
Resultado 13
28154
Yo soy: 
33 93 63 78 70 20 42 44 73 61 -5 53 56 23 67 71 72 85 El mejor fue: 0
33 93 63 78 70 30 42 44 73 61 -5 53 56 23 67 71 72 85 Generación 170
arranca 
Jugando Partidos contra vecino 0
Resultado 9
25933.8
Jugando Partidos contra vecino 1
Resultado 11
30826.2
Yo soy: 
33 93 63 78 70 30 42 44 73 61 -5 53 56 23 67 71 72 85 El mejor fue: 1
33 93 63 78 70 30 42 44 73 61 -5 53 56 23 77 71 72 85 Generación 169
arranca 
Jugando Partidos contra vecino 0
Resultado 5
23396.6
Jugando Partidos contra vecino 1
Resultado 8
22200.3
Jugando Partidos contra vecino 2
Resultado 11
28561.1
Yo soy: 
33 93 63 78 70 30 42 44 73 61 -5 53 56 23 77 71 72 85 El mejor fue: 2
33 93 63 78 70 40 42 44 73 61 -5 53 56 23 77 71 72 85 Generación 168
arranca 
Jugando Partidos contra vecino 0
Resultado 6
20592.1
Jugando Partidos contra vecino 1
Resultado 8
26686.9
Jugando Partidos contra vecino 2
Resultado 9
24938.7
Jugando Partidos contra vecino 3
Resultado 9
26650.7
Jugando Partidos contra vecino 4
Resultado 7
29833.6
Jugando Partidos contra vecino 5
Resultado 9
25097.2
Jugando Partidos contra vecino 6
Resultado 5
26400.2
Jugando Partidos contra vecino 7
Resultado 9
26396.2
Jugando Partidos contra vecino 8
Resultado 7
25364.3
Jugando Partidos contra vecino 9
Resultado 11
32202.8
Yo soy: 
33 93 63 78 70 40 42 44 73 61 -5 53 56 23 77 71 72 85 El mejor fue: 9
33 93 63 78 70 40 42 44 73 61 -5 53 66 23 77 71 72 85 Generación 167
arranca 
Jugando Partidos contra vecino 0
Resultado 12
25602
Yo soy: 
33 93 63 78 70 40 42 44 73 61 -5 53 66 23 77 71 72 85 El mejor fue: 0
33 93 63 78 70 40 42 44 73 61 -15 53 66 23 77 71 72 85 Generación 166
arranca 
Jugando Partidos contra vecino 0
Resultado 7
24180.3
Jugando Partidos contra vecino 1
Resultado 7
26164.3
Jugando Partidos contra vecino 2
Resultado 6
20844.8
Jugando Partidos contra vecino 3
Resultado 7
21633.1
Jugando Partidos contra vecino 4
Resultado 8
23154.5
Jugando Partidos contra vecino 5
Resultado 9
24514.1
Jugando Partidos contra vecino 6
Resultado 8
23245.8
Jugando Partidos contra vecino 7
Resultado 6
18215.9
Jugando Partidos contra vecino 8
Resultado 9
25384.5
Jugando Partidos contra vecino 9
Resultado 11
24495.1
Yo soy: 
33 93 63 78 70 40 42 44 73 61 -15 53 66 23 77 71 72 85 El mejor fue: 9
33 93 63 78 70 40 42 44 73 61 -15 53 66 23 77 81 72 85 Generación 165
arranca 
Jugando Partidos contra vecino 0
Resultado 6
18898.8
Jugando Partidos contra vecino 1
Resultado 9
27175.8
Jugando Partidos contra vecino 2
Resultado 9
25986.2
Jugando Partidos contra vecino 3
Resultado 11
30381.5
Yo soy: 
33 93 63 78 70 40 42 44 73 61 -15 53 66 23 77 81 72 85 El mejor fue: 3
33 93 63 78 70 40 42 44 63 61 -15 53 66 23 77 81 72 85 Generación 164
arranca 
Jugando Partidos contra vecino 0
Resultado 9
22283.9
Jugando Partidos contra vecino 1
Resultado 11
30000
Yo soy: 
33 93 63 78 70 40 42 44 63 61 -15 53 66 23 77 81 72 85 El mejor fue: 1
33 93 73 78 70 40 42 44 63 61 -15 53 66 23 77 81 72 85 Generación 163
arranca 
Jugando Partidos contra vecino 0
Resultado 9
23634.5
Jugando Partidos contra vecino 1
Resultado 11
27982.3
Yo soy: 
33 93 73 78 70 40 42 44 63 61 -15 53 66 23 77 81 72 85 El mejor fue: 1
33 93 73 88 70 40 42 44 63 61 -15 53 66 23 77 81 72 85 Generación 162
arranca 
Jugando Partidos contra vecino 0
Resultado 5
20198.7
Jugando Partidos contra vecino 1
Resultado 11
29730
Yo soy: 
33 93 73 88 70 40 42 44 63 61 -15 53 66 23 77 81 72 85 El mejor fue: 1
33 93 73 88 70 50 42 44 63 61 -15 53 66 23 77 81 72 85 Generación 161
arranca 
Jugando Partidos contra vecino 0
Resultado 9
24478.5
Jugando Partidos contra vecino 1
Resultado 9
25410.7
Jugando Partidos contra vecino 2
Resultado 11
25620.1
Yo soy: 
33 93 73 88 70 50 42 44 63 61 -15 53 66 23 77 81 72 85 El mejor fue: 2
33 93 73 88 70 50 42 44 53 61 -15 53 66 23 77 81 72 85 Generación 160
arranca 
Jugando Partidos contra vecino 0
Resultado 9
22406.4
Jugando Partidos contra vecino 1
Resultado 7
20588.8
Jugando Partidos contra vecino 2
Resultado 11
20116.9
Yo soy: 
33 93 73 88 70 50 42 44 53 61 -15 53 66 23 77 81 72 85 El mejor fue: 2
33 93 73 88 70 50 42 44 53 61 -25 53 66 23 77 81 72 85 Generación 159
arranca 
Jugando Partidos contra vecino 0
Resultado 7
21470.2
Jugando Partidos contra vecino 1
Resultado 7
19645
Jugando Partidos contra vecino 2
Resultado 7
18767.7
Jugando Partidos contra vecino 3
Resultado 6
24370
Jugando Partidos contra vecino 4
Resultado 7
25073.1
Jugando Partidos contra vecino 5
Resultado 5
23682.1
Jugando Partidos contra vecino 6
Resultado 9
19612.4
Jugando Partidos contra vecino 7
Resultado 9
23166.2
Jugando Partidos contra vecino 8
Resultado 9
26208.1
Jugando Partidos contra vecino 9
Resultado 8
25759.5
Jugando Partidos contra vecino 10
Resultado 9
19399.5
Jugando Partidos contra vecino 11
Resultado 11
25194.7
Yo soy: 
33 93 73 88 70 50 42 44 53 61 -25 53 66 23 77 81 72 85 El mejor fue: 11
33 93 73 88 70 50 42 44 53 61 -35 53 66 23 77 81 72 85 Generación 158
arranca 
Jugando Partidos contra vecino 0
Resultado 8
21998.5
Jugando Partidos contra vecino 1
Resultado 7
20003.9
Jugando Partidos contra vecino 2
Resultado 6
22513.4
Jugando Partidos contra vecino 3
Resultado 4
16553.1
Jugando Partidos contra vecino 4
Resultado 11
21539.5
Yo soy: 
33 93 73 88 70 50 42 44 53 61 -35 53 66 23 77 81 72 85 El mejor fue: 4
33 93 73 88 70 50 42 44 53 61 -35 53 66 23 87 81 72 85 Generación 157
arranca 
Jugando Partidos contra vecino 0
Resultado 7
21310.7
Jugando Partidos contra vecino 1
Resultado 10
22004.9
Yo soy: 
33 93 73 88 70 50 42 44 53 61 -35 53 66 23 87 81 72 85 El mejor fue: 1
33 93 73 88 70 50 42 44 53 61 -35 53 66 23 87 81 82 85 Generación 156
arranca 
Jugando Partidos contra vecino 0
Resultado 7
17623.3
Jugando Partidos contra vecino 1
Resultado 7
20701.2
Jugando Partidos contra vecino 2
Resultado 9
25527.1
Jugando Partidos contra vecino 3
Resultado 7
21984
Jugando Partidos contra vecino 4
Resultado 7
22433.8
Jugando Partidos contra vecino 5
Resultado 9
22851
Jugando Partidos contra vecino 6
Resultado 7
18491.4
Jugando Partidos contra vecino 7
Resultado 5
20032.6
Jugando Partidos contra vecino 8
Resultado 9
25954.6
Jugando Partidos contra vecino 9
Resultado 13
29591.7
Yo soy: 
33 93 73 88 70 50 42 44 53 61 -35 53 66 23 87 81 82 85 El mejor fue: 9
33 73 73 88 70 50 42 44 53 61 -35 53 66 23 87 81 82 85 Generación 155
arranca 
Jugando Partidos contra vecino 0
Resultado 9
21034.6
Jugando Partidos contra vecino 1
Resultado 5
20983.4
Jugando Partidos contra vecino 2
Resultado 7
22498.5
Jugando Partidos contra vecino 3
Resultado 4
16970.9
Jugando Partidos contra vecino 4
Resultado 7
18630.3
Jugando Partidos contra vecino 5
Resultado 7
17529.2
Jugando Partidos contra vecino 6
Resultado 10
22827.3
Yo soy: 
33 73 73 88 70 50 42 44 53 61 -35 53 66 23 87 81 82 85 El mejor fue: 6
33 73 73 88 70 60 42 44 53 61 -35 53 66 23 87 81 82 85 Generación 154
arranca 
Jugando Partidos contra vecino 0
Resultado 11
28036.3
Yo soy: 
33 73 73 88 70 60 42 44 53 61 -35 53 66 23 87 81 82 85 El mejor fue: 0
33 73 83 88 70 60 42 44 53 61 -35 53 66 23 87 81 82 85 Generación 153
arranca 
Jugando Partidos contra vecino 0
Resultado 7
18829.4
Jugando Partidos contra vecino 1
Resultado 7
18209.2
Jugando Partidos contra vecino 2
Resultado 13
24786.6
Yo soy: 
33 73 83 88 70 60 42 44 53 61 -35 53 66 23 87 81 82 85 El mejor fue: 2
33 73 83 88 70 60 42 44 53 61 -35 53 76 23 87 81 82 85 Generación 152
arranca 
Jugando Partidos contra vecino 0
Resultado 8
19619.9
Jugando Partidos contra vecino 1
Resultado 7
23086.8
Jugando Partidos contra vecino 2
Resultado 7
19518.4
Jugando Partidos contra vecino 3
Resultado 11
27936.2
Yo soy: 
33 73 83 88 70 60 42 44 53 61 -35 53 76 23 87 81 82 85 El mejor fue: 3
33 73 83 88 80 60 42 44 53 61 -35 53 76 23 87 81 82 85 Generación 151
arranca 
Jugando Partidos contra vecino 0
Resultado 7
25331.6
Jugando Partidos contra vecino 1
Resultado 7
18500.1
Jugando Partidos contra vecino 2
Resultado 9
20460.4
Jugando Partidos contra vecino 3
Resultado 7
19525.1
Jugando Partidos contra vecino 4
Resultado 4
22627.7
Jugando Partidos contra vecino 5
Resultado 4
21340.2
Jugando Partidos contra vecino 6
Resultado 5
17353.3
Jugando Partidos contra vecino 7
Resultado 5
22759.1
Jugando Partidos contra vecino 8
Resultado 5
22506.2
Jugando Partidos contra vecino 9
Resultado 5
17589.9
Jugando Partidos contra vecino 10
Resultado 7
19345.1
Jugando Partidos contra vecino 11
Resultado 5
14430.4
Jugando Partidos contra vecino 12
Resultado 7
15843.9
Jugando Partidos contra vecino 13
Resultado 5
15358.3
Jugando Partidos contra vecino 14
Resultado 9
25189.3
Jugando Partidos contra vecino 15
Resultado 4
14653.4
Jugando Partidos contra vecino 16
Resultado 11
25008.9
Yo soy: 
33 73 83 88 80 60 42 44 53 61 -35 53 76 23 87 81 82 85 El mejor fue: 16
33 73 83 88 80 60 42 44 53 61 -35 53 76 23 87 91 82 85 Generación 150
arranca 
Jugando Partidos contra vecino 0
Resultado 9
24563.9
Jugando Partidos contra vecino 1
Resultado 7
18966.3
Jugando Partidos contra vecino 2
Resultado 9
22788.5
Jugando Partidos contra vecino 3
Resultado 9
22437
Jugando Partidos contra vecino 4
Resultado 13
24067.9
Yo soy: 
33 73 83 88 80 60 42 44 53 61 -35 53 76 23 87 91 82 85 El mejor fue: 4
33 73 83 78 80 60 42 44 53 61 -35 53 76 23 87 91 82 85 Generación 149
arranca 
Jugando Partidos contra vecino 0
Resultado 9
26398.3
Jugando Partidos contra vecino 1
Resultado 13
26197.5
Yo soy: 
33 73 83 78 80 60 42 44 53 61 -35 53 76 23 87 91 82 85 El mejor fue: 1
33 73 83 78 90 60 42 44 53 61 -35 53 76 23 87 91 82 85 Generación 148
arranca 
Jugando Partidos contra vecino 0
Resultado 9
24977.8
Jugando Partidos contra vecino 1
Resultado 8
24065.3
Jugando Partidos contra vecino 2
Resultado 7
20248.1
Jugando Partidos contra vecino 3
Resultado 11
27306.4
Yo soy: 
33 73 83 78 90 60 42 44 53 61 -35 53 76 23 87 91 82 85 El mejor fue: 3
33 73 83 78 90 60 42 44 53 71 -35 53 76 23 87 91 82 85 Generación 147
arranca 
Jugando Partidos contra vecino 0
Resultado 11
24653.6
Yo soy: 
33 73 83 78 90 60 42 44 53 71 -35 53 76 23 87 91 82 85 El mejor fue: 0
33 73 83 78 90 60 42 54 53 71 -35 53 76 23 87 91 82 85 Generación 146
arranca 
Jugando Partidos contra vecino 0
Resultado 9
22668.9
Jugando Partidos contra vecino 1
Resultado 9
23755.3
Jugando Partidos contra vecino 2
Resultado 9
25184.9
Jugando Partidos contra vecino 3
Resultado 9
26999.1
Jugando Partidos contra vecino 4
Resultado 11
26556.6
Yo soy: 
33 73 83 78 90 60 42 54 53 71 -35 53 76 23 87 91 82 85 El mejor fue: 4
33 73 83 78 90 60 42 54 53 71 -45 53 76 23 87 91 82 85 Generación 145
arranca 
Jugando Partidos contra vecino 0
Resultado 13
26365.6
Yo soy: 
33 73 83 78 90 60 42 54 53 71 -45 53 76 23 87 91 82 85 El mejor fue: 0
33 73 83 78 90 60 42 54 53 71 -45 53 76 23 77 91 82 85 Generación 144
arranca 
Jugando Partidos contra vecino 0
Resultado 13
25611.8
Yo soy: 
33 73 83 78 90 60 42 54 53 71 -45 53 76 23 77 91 82 85 El mejor fue: 0
33 73 83 78 90 60 42 54 43 71 -45 53 76 23 77 91 82 85 Generación 143
arranca 
Jugando Partidos contra vecino 0
Resultado 9
22721.1
Jugando Partidos contra vecino 1
Resultado 9
20772.4
Jugando Partidos contra vecino 2
Resultado 11
23274.3
Yo soy: 
33 73 83 78 90 60 42 54 43 71 -45 53 76 23 77 91 82 85 El mejor fue: 2
33 73 83 78 90 60 52 54 43 71 -45 53 76 23 77 91 82 85 Generación 142
arranca 
Jugando Partidos contra vecino 0
Resultado 13
24295.9
Yo soy: 
33 73 83 78 90 60 52 54 43 71 -45 53 76 23 77 91 82 85 El mejor fue: 0
33 73 83 78 90 60 52 54 43 71 -45 63 76 23 77 91 82 85 Generación 141
arranca 
Jugando Partidos contra vecino 0
Resultado 13
23221.1
Yo soy: 
33 73 83 78 90 60 52 54 43 71 -45 63 76 23 77 91 82 85 El mejor fue: 0
33 73 83 78 90 60 52 54 43 71 -45 63 76 23 77 91 72 85 Generación 140
arranca 
Jugando Partidos contra vecino 0
Resultado 8
20349.7
Jugando Partidos contra vecino 1
Resultado 11
24235.7
Yo soy: 
33 73 83 78 90 60 52 54 43 71 -45 63 76 23 77 91 72 85 El mejor fue: 1
33 73 83 78 90 60 52 54 53 71 -45 63 76 23 77 91 72 85 Generación 139
arranca 
Jugando Partidos contra vecino 0
Resultado 13
17610.7
Yo soy: 
33 73 83 78 90 60 52 54 53 71 -45 63 76 23 77 91 72 85 El mejor fue: 0
33 73 83 78 80 60 52 54 53 71 -45 63 76 23 77 91 72 85 Generación 138
arranca 
Jugando Partidos contra vecino 0
Resultado 11
24525.4
Yo soy: 
33 73 83 78 80 60 52 54 53 71 -45 63 76 23 77 91 72 85 El mejor fue: 0
33 73 83 78 90 60 52 54 53 71 -45 63 76 23 77 91 72 85 Generación 137
arranca 
Jugando Partidos contra vecino 0
Resultado 11
18428.7
Yo soy: 
33 73 83 78 90 60 52 54 53 71 -45 63 76 23 77 91 72 85 El mejor fue: 0
33 73 83 78 90 60 52 54 53 71 -45 63 76 13 77 91 72 85 Generación 136
arranca 
Jugando Partidos contra vecino 0
Resultado 4
13574
Jugando Partidos contra vecino 1
Resultado 11
16772.6
Yo soy: 
33 73 83 78 90 60 52 54 53 71 -45 63 76 13 77 91 72 85 El mejor fue: 1
33 73 83 78 90 60 52 54 43 71 -45 63 76 13 77 91 72 85 Generación 135
arranca 
Jugando Partidos contra vecino 0
Resultado 2
16215.6
Jugando Partidos contra vecino 1
Resultado 11
20756.4
Yo soy: 
33 73 83 78 90 60 52 54 43 71 -45 63 76 13 77 91 72 85 El mejor fue: 1
33 73 83 78 90 60 52 54 43 71 -45 63 76 13 87 91 72 85 Generación 134
arranca 
Jugando Partidos contra vecino 0
Resultado 11
20205.7
Yo soy: 
33 73 83 78 90 60 52 54 43 71 -45 63 76 13 87 91 72 85 El mejor fue: 0
33 73 83 78 90 60 42 54 43 71 -45 63 76 13 87 91 72 85 Generación 133
arranca 
Jugando Partidos contra vecino 0
Resultado 9
20159.5
Jugando Partidos contra vecino 1
Resultado 7
21383.2
Jugando Partidos contra vecino 2
Resultado 1
12416.2
Jugando Partidos contra vecino 3
Resultado 11
16949.9
Yo soy: 
33 73 83 78 90 60 42 54 43 71 -45 63 76 13 87 91 72 85 El mejor fue: 3
33 73 83 78 90 60 42 54 43 61 -45 63 76 13 87 91 72 85 Generación 132
arranca 
Jugando Partidos contra vecino 0
Resultado 11
17806.1
Yo soy: 
33 73 83 78 90 60 42 54 43 61 -45 63 76 13 87 91 72 85 El mejor fue: 0
33 73 83 78 90 60 42 54 43 61 -35 63 76 13 87 91 72 85 Generación 131
arranca 
Jugando Partidos contra vecino 0
Resultado 9
15856.9
Jugando Partidos contra vecino 1
Resultado 13
20135.1
Yo soy: 
33 73 83 78 90 60 42 54 43 61 -35 63 76 13 87 91 72 85 El mejor fue: 1
33 73 83 78 90 60 42 54 43 51 -35 63 76 13 87 91 72 85 Generación 130
arranca 
Jugando Partidos contra vecino 0
Resultado 11
15927.2
Yo soy: 
33 73 83 78 90 60 42 54 43 51 -35 63 76 13 87 91 72 85 El mejor fue: 0
33 73 83 78 90 60 42 54 43 51 -35 63 86 13 87 91 72 85 Generación 129
arranca 
Jugando Partidos contra vecino 0
Resultado 9
17092.9
Jugando Partidos contra vecino 1
Resultado 13
19002.7
Yo soy: 
33 73 83 78 90 60 42 54 43 51 -35 63 86 13 87 91 72 85 El mejor fue: 1
33 73 83 78 70 60 42 54 43 51 -35 63 86 13 87 91 72 85 Generación 128
arranca 
Jugando Partidos contra vecino 0
Resultado 9
20852.4
Jugando Partidos contra vecino 1
Resultado 13
22491
Yo soy: 
33 73 83 78 70 60 42 54 43 51 -35 63 86 13 87 91 72 85 El mejor fue: 1
33 83 83 78 70 60 42 54 43 51 -35 63 86 13 87 91 72 85 Generación 127
arranca 
Jugando Partidos contra vecino 0
Resultado 5
20181.3
Jugando Partidos contra vecino 1
Resultado 13
24099.5
Yo soy: 
33 83 83 78 70 60 42 54 43 51 -35 63 86 13 87 91 72 85 El mejor fue: 1
33 83 83 78 70 60 42 54 43 51 -35 63 86 13 87 91 72 75 Generación 126
arranca 
Jugando Partidos contra vecino 0
Resultado 13
18334.4
Yo soy: 
33 83 83 78 70 60 42 54 43 51 -35 63 86 13 87 91 72 75 El mejor fue: 0
33 83 83 78 80 60 42 54 43 51 -35 63 86 13 87 91 72 75 Generación 125
arranca 
Jugando Partidos contra vecino 0
Resultado 7
26294.4
Jugando Partidos contra vecino 1
Resultado 11
20278
Yo soy: 
33 83 83 78 80 60 42 54 43 51 -35 63 86 13 87 91 72 75 El mejor fue: 1
33 83 83 78 80 60 42 54 43 51 -35 63 86 13 77 91 72 75 Generación 124
arranca 
Jugando Partidos contra vecino 0
Resultado 11
18053.4
Yo soy: 
33 83 83 78 80 60 42 54 43 51 -35 63 86 13 77 91 72 75 El mejor fue: 0
33 83 83 78 80 60 42 54 33 51 -35 63 86 13 77 91 72 75 Generación 123
arranca 
Jugando Partidos contra vecino 0
Resultado 11
22573.8
Yo soy: 
33 83 83 78 80 60 42 54 33 51 -35 63 86 13 77 91 72 75 El mejor fue: 0
33 83 83 78 80 60 42 54 23 51 -35 63 86 13 77 91 72 75 Generación 122
arranca 
Jugando Partidos contra vecino 0
Resultado 13
22695.2
Yo soy: 
33 83 83 78 80 60 42 54 23 51 -35 63 86 13 77 91 72 75 El mejor fue: 0
33 83 83 78 80 60 42 54 23 51 -35 63 86 23 77 91 72 75 Generación 121
arranca 
Jugando Partidos contra vecino 0
Resultado 13
21662.2
Yo soy: 
33 83 83 78 80 60 42 54 23 51 -35 63 86 23 77 91 72 75 El mejor fue: 0
33 83 83 78 70 60 42 54 23 51 -35 63 86 23 77 91 72 75 Generación 120
arranca 
Jugando Partidos contra vecino 0
Resultado 15
21661.8
Yo soy: 
33 83 83 78 70 60 42 54 23 51 -35 63 86 23 77 91 72 75 El mejor fue: 0
33 83 83 78 80 60 42 54 23 51 -35 63 86 23 77 91 72 75 Generación 119
arranca 
Jugando Partidos contra vecino 0
Resultado 11
25366.9
Yo soy: 
33 83 83 78 80 60 42 54 23 51 -35 63 86 23 77 91 72 75 El mejor fue: 0
33 83 83 78 80 60 42 54 23 51 -35 73 86 23 77 91 72 75 Generación 118
arranca 
Jugando Partidos contra vecino 0
Resultado 15
25518.3
Yo soy: 
33 83 83 78 80 60 42 54 23 51 -35 73 86 23 77 91 72 75 El mejor fue: 0
33 83 83 78 80 60 52 54 23 51 -35 73 86 23 77 91 72 75 Generación 117
arranca 
Jugando Partidos contra vecino 0
Resultado 11
23216.2
Yo soy: 
33 83 83 78 80 60 52 54 23 51 -35 73 86 23 77 91 72 75 El mejor fue: 0
33 83 83 78 80 70 52 54 23 51 -35 73 86 23 77 91 72 75 Generación 116
arranca 
Jugando Partidos contra vecino 0
Resultado 11
21485.5
Yo soy: 
33 83 83 78 80 70 52 54 23 51 -35 73 86 23 77 91 72 75 El mejor fue: 0
33 83 83 78 80 70 52 54 23 51 -45 73 86 23 77 91 72 75 Generación 115
arranca 
Jugando Partidos contra vecino 0
Resultado 11
21432.4
Yo soy: 
33 83 83 78 80 70 52 54 23 51 -45 73 86 23 77 91 72 75 El mejor fue: 0
33 73 83 78 80 70 52 54 23 51 -45 73 86 23 77 91 72 75 Generación 114
arranca 
Jugando Partidos contra vecino 0
Resultado 11
23352.9
Yo soy: 
33 73 83 78 80 70 52 54 23 51 -45 73 86 23 77 91 72 75 El mejor fue: 0
33 73 83 78 80 70 42 54 23 51 -45 73 86 23 77 91 72 75 Generación 113
arranca 
Jugando Partidos contra vecino 0
Resultado 11
20978.9
Yo soy: 
33 73 83 78 80 70 42 54 23 51 -45 73 86 23 77 91 72 75 El mejor fue: 0
33 73 83 68 80 70 42 54 23 51 -45 73 86 23 77 91 72 75 Generación 112
arranca 
Jugando Partidos contra vecino 0
Resultado 9
24040.7
Jugando Partidos contra vecino 1
Resultado 15
27056.9
Yo soy: 
33 73 83 68 80 70 42 54 23 51 -45 73 86 23 77 91 72 75 El mejor fue: 1
33 73 83 68 80 70 42 54 23 51 -45 73 86 33 77 91 72 75 Generación 111
arranca 
Jugando Partidos contra vecino 0
Resultado 6
18731.9
Jugando Partidos contra vecino 1
Resultado 11
18701.8
Yo soy: 
33 73 83 68 80 70 42 54 23 51 -45 73 86 33 77 91 72 75 El mejor fue: 1
33 73 83 68 80 70 42 54 23 51 -45 73 86 33 77 91 72 85 Generación 110
arranca 
Jugando Partidos contra vecino 0
Resultado 11
30230.8
Yo soy: 
33 73 83 68 80 70 42 54 23 51 -45 73 86 33 77 91 72 85 El mejor fue: 0
33 73 83 58 80 70 42 54 23 51 -45 73 86 33 77 91 72 85 Generación 109
arranca 
Jugando Partidos contra vecino 0
Resultado 4
13594.3
Jugando Partidos contra vecino 1
Resultado 9
21695.7
Jugando Partidos contra vecino 2
Resultado 13
27740.2
Yo soy: 
33 73 83 58 80 70 42 54 23 51 -45 73 86 33 77 91 72 85 El mejor fue: 2
33 73 93 58 80 70 42 54 23 51 -45 73 86 33 77 91 72 85 Generación 108
arranca 
Jugando Partidos contra vecino 0
Resultado 15
21348.7
Yo soy: 
33 73 93 58 80 70 42 54 23 51 -45 73 86 33 77 91 72 85 El mejor fue: 0
33 73 93 58 80 70 42 54 23 51 -45 73 86 33 77 91 72 95 Generación 107
arranca 
Jugando Partidos contra vecino 0
Resultado 9
17881.1
Jugando Partidos contra vecino 1
Resultado 11
18825.2
Yo soy: 
33 73 93 58 80 70 42 54 23 51 -45 73 86 33 77 91 72 95 El mejor fue: 1
33 73 93 58 80 70 42 54 23 51 -45 73 76 33 77 91 72 95 Generación 106
arranca 
Jugando Partidos contra vecino 0
Resultado 4
13744
Jugando Partidos contra vecino 1
Resultado 9
19653.9
Jugando Partidos contra vecino 2
Resultado 9
19383.9
Jugando Partidos contra vecino 3
Resultado 11
23142.6
Yo soy: 
33 73 93 58 80 70 42 54 23 51 -45 73 76 33 77 91 72 95 El mejor fue: 3
33 73 93 58 80 70 42 54 23 51 -45 83 76 33 77 91 72 95 Generación 105
arranca 
Jugando Partidos contra vecino 0
Resultado 5
16953.4
Jugando Partidos contra vecino 1
Resultado 11
20202.2
Yo soy: 
33 73 93 58 80 70 42 54 23 51 -45 83 76 33 77 91 72 95 El mejor fue: 1
33 73 93 58 80 70 42 54 23 51 -55 83 76 33 77 91 72 95 Generación 104
arranca 
Jugando Partidos contra vecino 0
Resultado 11
23520.8
Yo soy: 
33 73 93 58 80 70 42 54 23 51 -55 83 76 33 77 91 72 95 El mejor fue: 0
33 73 93 58 80 70 42 54 23 51 -55 83 76 33 77 91 82 95 Generación 103
arranca 
Jugando Partidos contra vecino 0
Resultado 13
19711.5
Yo soy: 
33 73 93 58 80 70 42 54 23 51 -55 83 76 33 77 91 82 95 El mejor fue: 0
33 73 93 58 80 70 42 54 23 41 -55 83 76 33 77 91 82 95 Generación 102
arranca 
Jugando Partidos contra vecino 0
Resultado 4
13411.1
Jugando Partidos contra vecino 1
Resultado 9
21131.2
Jugando Partidos contra vecino 2
Resultado 7
20979.9
Jugando Partidos contra vecino 3
Resultado 13
27479.7
Yo soy: 
33 73 93 58 80 70 42 54 23 41 -55 83 76 33 77 91 82 95 El mejor fue: 3
33 73 93 58 80 70 42 54 23 41 -65 83 76 33 77 91 82 95 Generación 101
arranca 
Jugando Partidos contra vecino 0
Resultado 9
20046
Jugando Partidos contra vecino 1
Resultado 13
23804.5
Yo soy: 
33 73 93 58 80 70 42 54 23 41 -65 83 76 33 77 91 82 95 El mejor fue: 1
33 73 93 68 80 70 42 54 23 41 -65 83 76 33 77 91 82 95 Generación 100
arranca 
Jugando Partidos contra vecino 0
Resultado 7
18104.6
Jugando Partidos contra vecino 1
Resultado 4
17274.4
Jugando Partidos contra vecino 2
Resultado 9
20756.4
Jugando Partidos contra vecino 3
Resultado 9
23327.5
Jugando Partidos contra vecino 4
Resultado 5
13993.8
Jugando Partidos contra vecino 5
Resultado 9
18919.8
Jugando Partidos contra vecino 6
Resultado 9
22884.8
Jugando Partidos contra vecino 7
Resultado 9
19464.1
Jugando Partidos contra vecino 8
Resultado 11
23683
Yo soy: 
33 73 93 68 80 70 42 54 23 41 -65 83 76 33 77 91 82 95 El mejor fue: 8
33 73 93 58 80 70 42 54 23 41 -65 83 76 33 77 91 82 95 Generación 99
arranca 
Jugando Partidos contra vecino 0
Resultado 7
16553.7
Jugando Partidos contra vecino 1
Resultado 11
20517.1
Yo soy: 
33 73 93 58 80 70 42 54 23 41 -65 83 76 33 77 91 82 95 El mejor fue: 1
33 73 93 58 80 70 42 54 23 41 -65 83 76 33 77 91 82 75 Generación 98
arranca 
Jugando Partidos contra vecino 0
Resultado 5
13734.9
Jugando Partidos contra vecino 1
Resultado 9
18954.2
Jugando Partidos contra vecino 2
Resultado 9
21775.9
Jugando Partidos contra vecino 3
Resultado 13
23392.7
Yo soy: 
33 73 93 58 80 70 42 54 23 41 -65 83 76 33 77 91 82 75 El mejor fue: 3
33 73 93 58 80 70 42 54 23 41 -65 73 76 33 77 91 82 75 Generación 97
arranca 
Jugando Partidos contra vecino 0
Resultado 11
26062.4
Yo soy: 
33 73 93 58 80 70 42 54 23 41 -65 73 76 33 77 91 82 75 El mejor fue: 0
33 73 83 58 80 70 42 54 23 41 -65 73 76 33 77 91 82 75 Generación 96
arranca 
Jugando Partidos contra vecino 0
Resultado 9
21613.2
Jugando Partidos contra vecino 1
Resultado 13
24392.4
Yo soy: 
33 73 83 58 80 70 42 54 23 41 -65 73 76 33 77 91 82 75 El mejor fue: 1
33 73 83 58 90 70 42 54 23 41 -65 73 76 33 77 91 82 75 Generación 95
arranca 
Jugando Partidos contra vecino 0
Resultado 11
21667.2
Yo soy: 
33 73 83 58 90 70 42 54 23 41 -65 73 76 33 77 91 82 75 El mejor fue: 0
33 73 83 58 90 70 42 54 23 41 -55 73 76 33 77 91 82 75 Generación 94
arranca 
Jugando Partidos contra vecino 0
Resultado 13
23128.6
Yo soy: 
33 73 83 58 90 70 42 54 23 41 -55 73 76 33 77 91 82 75 El mejor fue: 0
33 73 83 68 90 70 42 54 23 41 -55 73 76 33 77 91 82 75 Generación 93
arranca 
Jugando Partidos contra vecino 0
Resultado 11
26831.8
Yo soy: 
33 73 83 68 90 70 42 54 23 41 -55 73 76 33 77 91 82 75 El mejor fue: 0
33 73 83 68 90 70 42 54 23 41 -45 73 76 33 77 91 82 75 Generación 92
arranca 
Jugando Partidos contra vecino 0
Resultado 11
28475.7
Yo soy: 
33 73 83 68 90 70 42 54 23 41 -45 73 76 33 77 91 82 75 El mejor fue: 0
33 73 83 68 90 70 42 44 23 41 -45 73 76 33 77 91 82 75 Generación 91
arranca 
Jugando Partidos contra vecino 0
Resultado 15
22093.7
Yo soy: 
33 73 83 68 90 70 42 44 23 41 -45 73 76 33 77 91 82 75 El mejor fue: 0
43 73 83 68 90 70 42 44 23 41 -45 73 76 33 77 91 82 75 Generación 90
arranca 
Jugando Partidos contra vecino 0
Resultado 9
20928.6
Jugando Partidos contra vecino 1
Resultado 7
22253.4
Jugando Partidos contra vecino 2
Resultado 7
26022.6
Jugando Partidos contra vecino 3
Resultado 6
18788.7
Jugando Partidos contra vecino 4
Resultado 13
21433.3
Yo soy: 
43 73 83 68 90 70 42 44 23 41 -45 73 76 33 77 91 82 75 El mejor fue: 4
43 73 83 68 90 70 52 44 23 41 -45 73 76 33 77 91 82 75 Generación 89
arranca 
Jugando Partidos contra vecino 0
Resultado 9
21521.1
Jugando Partidos contra vecino 1
Resultado 11
24564.3
Yo soy: 
43 73 83 68 90 70 52 44 23 41 -45 73 76 33 77 91 82 75 El mejor fue: 1
43 73 93 68 90 70 52 44 23 41 -45 73 76 33 77 91 82 75 Generación 88
arranca 
Jugando Partidos contra vecino 0
Resultado 7
26367.2
Jugando Partidos contra vecino 1
Resultado 13
22810.1
Yo soy: 
43 73 93 68 90 70 52 44 23 41 -45 73 76 33 77 91 82 75 El mejor fue: 1
43 73 93 58 90 70 52 44 23 41 -45 73 76 33 77 91 82 75 Generación 87
arranca 
Jugando Partidos contra vecino 0
Resultado 13
26629.3
Yo soy: 
43 73 93 58 90 70 52 44 23 41 -45 73 76 33 77 91 82 75 El mejor fue: 0
43 73 93 58 90 70 52 54 23 41 -45 73 76 33 77 91 82 75 Generación 86
arranca 
Jugando Partidos contra vecino 0
Resultado 11
21595.1
Yo soy: 
43 73 93 58 90 70 52 54 23 41 -45 73 76 33 77 91 82 75 El mejor fue: 0
43 73 93 58 90 70 52 54 23 41 -45 73 76 33 77 91 72 75 Generación 85
arranca 
Jugando Partidos contra vecino 0
Resultado 11
19791.8
Yo soy: 
43 73 93 58 90 70 52 54 23 41 -45 73 76 33 77 91 72 75 El mejor fue: 0
43 73 93 58 70 70 52 54 23 41 -45 73 76 33 77 91 72 75 Generación 84
arranca 
Jugando Partidos contra vecino 0
Resultado 9
19669.7
Jugando Partidos contra vecino 1
Resultado 3
14513.1
Jugando Partidos contra vecino 2
Resultado 13
19908.4
Yo soy: 
43 73 93 58 70 70 52 54 23 41 -45 73 76 33 77 91 72 75 El mejor fue: 2
43 73 93 58 70 70 52 54 23 41 -45 73 76 23 77 91 72 75 Generación 83
arranca 
Jugando Partidos contra vecino 0
Resultado 9
18973.2
Jugando Partidos contra vecino 1
Resultado 11
19105
Yo soy: 
43 73 93 58 70 70 52 54 23 41 -45 73 76 23 77 91 72 75 El mejor fue: 1
43 73 93 58 70 70 52 54 23 41 -45 73 76 23 67 91 72 75 Generación 82
arranca 
Jugando Partidos contra vecino 0
Resultado 15
23615.7
Yo soy: 
43 73 93 58 70 70 52 54 23 41 -45 73 76 23 67 91 72 75 El mejor fue: 0
53 73 93 58 70 70 52 54 23 41 -45 73 76 23 67 91 72 75 Generación 81
arranca 
Jugando Partidos contra vecino 0
Resultado 15
23723.8
Yo soy: 
53 73 93 58 70 70 52 54 23 41 -45 73 76 23 67 91 72 75 El mejor fue: 0
53 73 93 58 60 70 52 54 23 41 -45 73 76 23 67 91 72 75 Generación 80
arranca 
Jugando Partidos contra vecino 0
Resultado 9
18351.3
Jugando Partidos contra vecino 1
Resultado 13
23822.4
Yo soy: 
53 73 93 58 60 70 52 54 23 41 -45 73 76 23 67 91 72 75 El mejor fue: 1
53 73 83 58 60 70 52 54 23 41 -45 73 76 23 67 91 72 75 Generación 79
arranca 
Jugando Partidos contra vecino 0
Resultado 11
25325.8
Yo soy: 
53 73 83 58 60 70 52 54 23 41 -45 73 76 23 67 91 72 75 El mejor fue: 0
53 73 83 58 50 70 52 54 23 41 -45 73 76 23 67 91 72 75 Generación 78
arranca 
Jugando Partidos contra vecino 0
Resultado 10
21025.7
Yo soy: 
53 73 83 58 50 70 52 54 23 41 -45 73 76 23 67 91 72 75 El mejor fue: 0
53 73 83 58 50 70 52 54 23 41 -55 73 76 23 67 91 72 75 Generación 77
arranca 
Jugando Partidos contra vecino 0
Resultado 13
21931.4
Yo soy: 
53 73 83 58 50 70 52 54 23 41 -55 73 76 23 67 91 72 75 El mejor fue: 0
53 73 83 58 50 70 52 54 23 41 -55 73 76 13 67 91 72 75 Generación 76
arranca 
Jugando Partidos contra vecino 0
Resultado 15
19074.5
Yo soy: 
53 73 83 58 50 70 52 54 23 41 -55 73 76 13 67 91 72 75 El mejor fue: 0
53 73 83 58 50 70 52 54 23 41 -55 73 86 13 67 91 72 75 Generación 75
arranca 
Jugando Partidos contra vecino 0
Resultado 13
22385.2
Yo soy: 
53 73 83 58 50 70 52 54 23 41 -55 73 86 13 67 91 72 75 El mejor fue: 0
53 73 83 58 50 70 52 54 23 41 -55 73 86 23 67 91 72 75 Generación 74
arranca 
Jugando Partidos contra vecino 0
Resultado 13
22984.7
Yo soy: 
53 73 83 58 50 70 52 54 23 41 -55 73 86 23 67 91 72 75 El mejor fue: 0
53 83 83 58 50 70 52 54 23 41 -55 73 86 23 67 91 72 75 Generación 73
arranca 
Jugando Partidos contra vecino 0
Resultado 11
20103.3
Yo soy: 
53 83 83 58 50 70 52 54 23 41 -55 73 86 23 67 91 72 75 El mejor fue: 0
53 83 93 58 50 70 52 54 23 41 -55 73 86 23 67 91 72 75 Generación 72
arranca 
Jugando Partidos contra vecino 0
Resultado 7
21819.8
Jugando Partidos contra vecino 1
Resultado 7
17885.8
Jugando Partidos contra vecino 2
Resultado 11
24090.5
Yo soy: 
53 83 93 58 50 70 52 54 23 41 -55 73 86 23 67 91 72 75 El mejor fue: 2
53 83 93 58 50 70 52 54 23 41 -55 73 86 23 57 91 72 75 Generación 71
arranca 
Jugando Partidos contra vecino 0
Resultado 11
19150.7
Yo soy: 
53 83 93 58 50 70 52 54 23 41 -55 73 86 23 57 91 72 75 El mejor fue: 0
53 83 93 68 50 70 52 54 23 41 -55 73 86 23 57 91 72 75 Generación 70
arranca 
Jugando Partidos contra vecino 0
Resultado 9
22103.3
Jugando Partidos contra vecino 1
Resultado 2
16160.5
Jugando Partidos contra vecino 2
Resultado 9
18414.6
Jugando Partidos contra vecino 3
Resultado 9
22255.3
Jugando Partidos contra vecino 4
Resultado 13
21170
Yo soy: 
53 83 93 68 50 70 52 54 23 41 -55 73 86 23 57 91 72 75 El mejor fue: 4
53 83 93 68 50 70 52 44 23 41 -55 73 86 23 57 91 72 75 Generación 69
arranca 
Jugando Partidos contra vecino 0
Resultado 15
24404.3
Yo soy: 
53 83 93 68 50 70 52 44 23 41 -55 73 86 23 57 91 72 75 El mejor fue: 0
53 83 93 68 50 70 52 54 23 41 -55 73 86 23 57 91 72 75 Generación 68
arranca 
Jugando Partidos contra vecino 0
Resultado 15
22735.3
Yo soy: 
53 83 93 68 50 70 52 54 23 41 -55 73 86 23 57 91 72 75 El mejor fue: 0
53 83 93 68 50 70 52 54 23 41 -55 73 86 23 47 91 72 75 Generación 67
arranca 
Jugando Partidos contra vecino 0
Resultado 9
17821.1
Jugando Partidos contra vecino 1
Resultado 11
27724.2
Yo soy: 
53 83 93 68 50 70 52 54 23 41 -55 73 86 23 47 91 72 75 El mejor fue: 1
53 83 93 68 50 70 52 54 23 31 -55 73 86 23 47 91 72 75 Generación 66
arranca 
Jugando Partidos contra vecino 0
Resultado 9
22878.6
Jugando Partidos contra vecino 1
Resultado 1
13245.9
Jugando Partidos contra vecino 2
Resultado 4
14940.6
Jugando Partidos contra vecino 3
Resultado 13
22863.6
Yo soy: 
53 83 93 68 50 70 52 54 23 31 -55 73 86 23 47 91 72 75 El mejor fue: 3
53 83 93 68 50 70 52 54 23 31 -55 73 96 23 47 91 72 75 Generación 65
arranca 
Jugando Partidos contra vecino 0
Resultado 15
26053.2
Yo soy: 
53 83 93 68 50 70 52 54 23 31 -55 73 96 23 47 91 72 75 El mejor fue: 0
53 83 93 68 50 70 52 54 23 31 -45 73 96 23 47 91 72 75 Generación 64
arranca 
Jugando Partidos contra vecino 0
Resultado 13
24347.5
Yo soy: 
53 83 93 68 50 70 52 54 23 31 -45 73 96 23 47 91 72 75 El mejor fue: 0
53 83 93 68 50 70 52 44 23 31 -45 73 96 23 47 91 72 75 Generación 63
arranca 
Jugando Partidos contra vecino 0
Resultado 7
21622.6
Jugando Partidos contra vecino 1
Resultado 11
23596.3
Yo soy: 
53 83 93 68 50 70 52 44 23 31 -45 73 96 23 47 91 72 75 El mejor fue: 1
53 83 93 68 60 70 52 44 23 31 -45 73 96 23 47 91 72 75 Generación 62
arranca 
Jugando Partidos contra vecino 0
Resultado 11
22207.7
Yo soy: 
53 83 93 68 60 70 52 44 23 31 -45 73 96 23 47 91 72 75 El mejor fue: 0
53 83 93 68 60 70 52 44 23 31 -45 73 86 23 47 91 72 75 Generación 61
arranca 
Jugando Partidos contra vecino 0
Resultado 13
22934.9
Yo soy: 
53 83 93 68 60 70 52 44 23 31 -45 73 86 23 47 91 72 75 El mejor fue: 0
53 83 93 68 60 60 52 44 23 31 -45 73 86 23 47 91 72 75 Generación 60
arranca 
Jugando Partidos contra vecino 0
Resultado 11
22917.8
Yo soy: 
53 83 93 68 60 60 52 44 23 31 -45 73 86 23 47 91 72 75 El mejor fue: 0
53 73 93 68 60 60 52 44 23 31 -45 73 86 23 47 91 72 75 Generación 59
arranca 
Jugando Partidos contra vecino 0
Resultado 15
27150.3
Yo soy: 
53 73 93 68 60 60 52 44 23 31 -45 73 86 23 47 91 72 75 El mejor fue: 0
53 73 93 68 60 60 52 44 33 31 -45 73 86 23 47 91 72 75 Generación 58
arranca 
Jugando Partidos contra vecino 0
Resultado 13
27522.2
Yo soy: 
53 73 93 68 60 60 52 44 33 31 -45 73 86 23 47 91 72 75 El mejor fue: 0
53 73 83 68 60 60 52 44 33 31 -45 73 86 23 47 91 72 75 Generación 57
arranca 
Jugando Partidos contra vecino 0
Resultado 11
22602.9
Yo soy: 
53 73 83 68 60 60 52 44 33 31 -45 73 86 23 47 91 72 75 El mejor fue: 0
53 73 83 58 60 60 52 44 33 31 -45 73 86 23 47 91 72 75 Generación 56
arranca 
Jugando Partidos contra vecino 0
Resultado 15
25687.9
Yo soy: 
53 73 83 58 60 60 52 44 33 31 -45 73 86 23 47 91 72 75 El mejor fue: 0
53 73 83 48 60 60 52 44 33 31 -45 73 86 23 47 91 72 75 Generación 55
arranca 
Jugando Partidos contra vecino 0
Resultado 11
22914.6
Yo soy: 
53 73 83 48 60 60 52 44 33 31 -45 73 86 23 47 91 72 75 El mejor fue: 0
53 73 83 48 60 60 52 44 33 31 -45 73 86 23 57 91 72 75 Generación 54
arranca 
Jugando Partidos contra vecino 0
Resultado 13
25169.7
Yo soy: 
53 73 83 48 60 60 52 44 33 31 -45 73 86 23 57 91 72 75 El mejor fue: 0
53 73 83 48 60 60 62 44 33 31 -45 73 86 23 57 91 72 75 Generación 53
arranca 
Jugando Partidos contra vecino 0
Resultado 11
24310.4
Yo soy: 
53 73 83 48 60 60 62 44 33 31 -45 73 86 23 57 91 72 75 El mejor fue: 0
53 73 83 48 60 60 62 44 33 31 -45 73 76 23 57 91 72 75 Generación 52
arranca 
Jugando Partidos contra vecino 0
Resultado 9
22234.4
Jugando Partidos contra vecino 1
Resultado 13
24179.2
Yo soy: 
53 73 83 48 60 60 62 44 33 31 -45 73 76 23 57 91 72 75 El mejor fue: 1
53 73 83 48 60 60 62 34 33 31 -45 73 76 23 57 91 72 75 Generación 51
arranca 
Jugando Partidos contra vecino 0
Resultado 13
30012.8
Yo soy: 
53 73 83 48 60 60 62 34 33 31 -45 73 76 23 57 91 72 75 El mejor fue: 0
53 73 83 48 60 60 62 34 33 31 -45 73 76 23 57 91 72 85 Generación 50
arranca 
Jugando Partidos contra vecino 0
Resultado 5
13239
Jugando Partidos contra vecino 1
Resultado 11
20123.7
Yo soy: 
53 73 83 48 60 60 62 34 33 31 -45 73 76 23 57 91 72 85 El mejor fue: 1
53 73 83 48 60 60 62 34 33 31 -35 73 76 23 57 91 72 85 Generación 49
arranca 
Jugando Partidos contra vecino 0
Resultado 13
24490.6
Yo soy: 
53 73 83 48 60 60 62 34 33 31 -35 73 76 23 57 91 72 85 El mejor fue: 0
53 73 83 48 50 60 62 34 33 31 -35 73 76 23 57 91 72 85 Generación 48
arranca 
Jugando Partidos contra vecino 0
Resultado 15
25674.5
Yo soy: 
53 73 83 48 50 60 62 34 33 31 -35 73 76 23 57 91 72 85 El mejor fue: 0
53 73 83 48 50 60 62 34 33 21 -35 73 76 23 57 91 72 85 Generación 47
arranca 
Jugando Partidos contra vecino 0
Resultado 3
14143.5
Jugando Partidos contra vecino 1
Resultado 11
28003.9
Yo soy: 
53 73 83 48 50 60 62 34 33 21 -35 73 76 23 57 91 72 85 El mejor fue: 1
53 73 83 48 50 60 62 34 33 21 -35 73 66 23 57 91 72 85 Generación 46
arranca 
Jugando Partidos contra vecino 0
Resultado 11
21487.2
Yo soy: 
53 73 83 48 50 60 62 34 33 21 -35 73 66 23 57 91 72 85 El mejor fue: 0
53 73 83 48 50 60 62 34 43 21 -35 73 66 23 57 91 72 85 Generación 45
arranca 
Jugando Partidos contra vecino 0
Resultado 15
24782.1
Yo soy: 
53 73 83 48 50 60 62 34 43 21 -35 73 66 23 57 91 72 85 El mejor fue: 0
53 63 83 48 50 60 62 34 43 21 -35 73 66 23 57 91 72 85 Generación 44
arranca 
Jugando Partidos contra vecino 0
Resultado 11
22779.3
Yo soy: 
53 63 83 48 50 60 62 34 43 21 -35 73 66 23 57 91 72 85 El mejor fue: 0
53 63 83 48 50 60 62 34 43 21 -35 73 66 23 67 91 72 85 Generación 43
arranca 
Jugando Partidos contra vecino 0
Resultado 13
21748.1
Yo soy: 
53 63 83 48 50 60 62 34 43 21 -35 73 66 23 67 91 72 85 El mejor fue: 0
53 63 83 48 50 60 62 34 43 21 -45 73 66 23 67 91 72 85 Generación 42
arranca 
Jugando Partidos contra vecino 0
Resultado 11
24595.1
Yo soy: 
53 63 83 48 50 60 62 34 43 21 -45 73 66 23 67 91 72 85 El mejor fue: 0
53 73 83 48 50 60 62 34 43 21 -45 73 66 23 67 91 72 85 Generación 41
arranca 
Jugando Partidos contra vecino 0
Resultado 9
24093.9
Jugando Partidos contra vecino 1
Resultado 10
27376.6
Yo soy: 
53 73 83 48 50 60 62 34 43 21 -45 73 66 23 67 91 72 85 El mejor fue: 1
53 73 83 48 50 60 62 34 43 21 -45 63 66 23 67 91 72 85 Generación 40
arranca 
Jugando Partidos contra vecino 0
Resultado 9
25204.4
Jugando Partidos contra vecino 1
Resultado 7
25368.2
Jugando Partidos contra vecino 2
Resultado 7
20767.6
Jugando Partidos contra vecino 3
Resultado 13
27030.7
Yo soy: 
53 73 83 48 50 60 62 34 43 21 -45 63 66 23 67 91 72 85 El mejor fue: 3
53 73 83 48 50 60 62 34 43 21 -45 63 76 23 67 91 72 85 Generación 39
arranca 
Jugando Partidos contra vecino 0
Resultado 9
24161.7
Jugando Partidos contra vecino 1
Resultado 15
27942.7
Yo soy: 
53 73 83 48 50 60 62 34 43 21 -45 63 76 23 67 91 72 85 El mejor fue: 1
53 73 83 48 50 60 62 34 43 21 -45 53 76 23 67 91 72 85 Generación 38
arranca 
Jugando Partidos contra vecino 0
Resultado 11
24989.7
Yo soy: 
53 73 83 48 50 60 62 34 43 21 -45 53 76 23 67 91 72 85 El mejor fue: 0
53 73 83 38 50 60 62 34 43 21 -45 53 76 23 67 91 72 85 Generación 37
arranca 
Jugando Partidos contra vecino 0
Resultado 9
29189.8
Jugando Partidos contra vecino 1
Resultado 13
38433.4
Yo soy: 
53 73 83 38 50 60 62 34 43 21 -45 53 76 23 67 91 72 85 El mejor fue: 1
53 73 83 38 50 60 62 34 43 21 -35 53 76 23 67 91 72 85 Generación 36
arranca 
Jugando Partidos contra vecino 0
Resultado 13
28566.5
Yo soy: 
53 73 83 38 50 60 62 34 43 21 -35 53 76 23 67 91 72 85 El mejor fue: 0
53 73 83 38 50 60 62 34 43 21 -25 53 76 23 67 91 72 85 Generación 35
arranca 
Jugando Partidos contra vecino 0
Resultado 13
29975.8
Yo soy: 
53 73 83 38 50 60 62 34 43 21 -25 53 76 23 67 91 72 85 El mejor fue: 0
53 73 83 38 50 70 62 34 43 21 -25 53 76 23 67 91 72 85 Generación 34
arranca 
Jugando Partidos contra vecino 0
Resultado 11
27612.4
Yo soy: 
53 73 83 38 50 70 62 34 43 21 -25 53 76 23 67 91 72 85 El mejor fue: 0
53 73 83 38 50 70 62 34 43 21 -15 53 76 23 67 91 72 85 Generación 33
arranca 
Jugando Partidos contra vecino 0
Resultado 13
29619.3
Yo soy: 
53 73 83 38 50 70 62 34 43 21 -15 53 76 23 67 91 72 85 El mejor fue: 0
53 73 83 38 50 70 72 34 43 21 -15 53 76 23 67 91 72 85 Generación 32
arranca 
Jugando Partidos contra vecino 0
Resultado 13
30752.3
Yo soy: 
53 73 83 38 50 70 72 34 43 21 -15 53 76 23 67 91 72 85 El mejor fue: 0
53 73 83 38 50 70 72 34 43 21 -15 53 76 33 67 91 72 85 Generación 31
arranca 
Jugando Partidos contra vecino 0
Resultado 7
30855.3
Jugando Partidos contra vecino 1
Resultado 11
30369.5
Yo soy: 
53 73 83 38 50 70 72 34 43 21 -15 53 76 33 67 91 72 85 El mejor fue: 1
53 73 83 38 50 70 72 34 43 31 -15 53 76 33 67 91 72 85 Generación 30
arranca 
Jugando Partidos contra vecino 0
Resultado 15
34048.7
Yo soy: 
53 73 83 38 50 70 72 34 43 31 -15 53 76 33 67 91 72 85 El mejor fue: 0
53 73 83 38 50 70 72 34 43 31 -15 53 66 33 67 91 72 85 Generación 29
arranca 
Jugando Partidos contra vecino 0
Resultado 9
29963.2
Jugando Partidos contra vecino 1
Resultado 13
24212.5
Yo soy: 
53 73 83 38 50 70 72 34 43 31 -15 53 66 33 67 91 72 85 El mejor fue: 1
53 73 83 38 50 70 72 34 43 31 -15 53 66 23 67 91 72 85 Generación 28
arranca 
Jugando Partidos contra vecino 0
Resultado 9
25411.9
Jugando Partidos contra vecino 1
Resultado 7
25755
Jugando Partidos contra vecino 2
Resultado 11
30484.2
Yo soy: 
53 73 83 38 50 70 72 34 43 31 -15 53 66 23 67 91 72 85 El mejor fue: 2
53 73 83 38 60 70 72 34 43 31 -15 53 66 23 67 91 72 85 Generación 27
arranca 
Jugando Partidos contra vecino 0
Resultado 10
28776.5
Yo soy: 
53 73 83 38 60 70 72 34 43 31 -15 53 66 23 67 91 72 85 El mejor fue: 0
53 73 83 38 60 70 72 24 43 31 -15 53 66 23 67 91 72 85 Generación 26
arranca 
Jugando Partidos contra vecino 0
Resultado 4
15574.1
Jugando Partidos contra vecino 1
Resultado 9
24917.7
Jugando Partidos contra vecino 2
Resultado 11
26715.9
Yo soy: 
53 73 83 38 60 70 72 24 43 31 -15 53 66 23 67 91 72 85 El mejor fue: 2
53 73 83 38 60 80 72 24 43 31 -15 53 66 23 67 91 72 85 Generación 25
arranca 
Jugando Partidos contra vecino 0
Resultado 9
23417
Jugando Partidos contra vecino 1
Resultado 11
23986.2
Yo soy: 
53 73 83 38 60 80 72 24 43 31 -15 53 66 23 67 91 72 85 El mejor fue: 1
53 73 83 38 60 80 72 14 43 31 -15 53 66 23 67 91 72 85 Generación 24
arranca 
Jugando Partidos contra vecino 0
Resultado 13
26783.3
Yo soy: 
53 73 83 38 60 80 72 14 43 31 -15 53 66 23 67 91 72 85 El mejor fue: 0
53 73 83 38 60 80 72 14 33 31 -15 53 66 23 67 91 72 85 Generación 23
arranca 
Jugando Partidos contra vecino 0
Resultado 13
30646.9
Yo soy: 
53 73 83 38 60 80 72 14 33 31 -15 53 66 23 67 91 72 85 El mejor fue: 0
53 73 83 38 60 80 72 24 33 31 -15 53 66 23 67 91 72 85 Generación 22
arranca 
Jugando Partidos contra vecino 0
Resultado 11
26162.6
Yo soy: 
53 73 83 38 60 80 72 24 33 31 -15 53 66 23 67 91 72 85 El mejor fue: 0
53 73 83 38 60 80 72 24 33 31 -15 53 66 23 67 91 82 85 Generación 21
arranca 
Jugando Partidos contra vecino 0
Resultado 11
24182.4
Yo soy: 
53 73 83 38 60 80 72 24 33 31 -15 53 66 23 67 91 82 85 El mejor fue: 0
53 73 83 38 60 80 72 24 33 31 -15 53 66 23 67 91 82 75 Generación 20
arranca 
Jugando Partidos contra vecino 0
Resultado 9
21960.7
Jugando Partidos contra vecino 1
Resultado 7
29503.6
Jugando Partidos contra vecino 2
Resultado 4
16503.4
Jugando Partidos contra vecino 3
Resultado 11
24374.7
Yo soy: 
53 73 83 38 60 80 72 24 33 31 -15 53 66 23 67 91 82 75 El mejor fue: 3
53 73 83 38 60 80 62 24 33 31 -15 53 66 23 67 91 82 75 Generación 19
arranca 
Jugando Partidos contra vecino 0
Resultado 11
23976.4
Yo soy: 
53 73 83 38 60 80 62 24 33 31 -15 53 66 23 67 91 82 75 El mejor fue: 0
53 73 83 38 60 80 62 24 43 31 -15 53 66 23 67 91 82 75 Generación 18
arranca 
Jugando Partidos contra vecino 0
Resultado 11
28297.1
Yo soy: 
53 73 83 38 60 80 62 24 43 31 -15 53 66 23 67 91 82 75 El mejor fue: 0
53 73 83 38 70 80 62 24 43 31 -15 53 66 23 67 91 82 75 Generación 17
arranca 
Jugando Partidos contra vecino 0
Resultado 7
28043
Jugando Partidos contra vecino 1
Resultado 10
27197.5
Yo soy: 
53 73 83 38 70 80 62 24 43 31 -15 53 66 23 67 91 82 75 El mejor fue: 1
53 73 83 38 70 80 62 24 43 31 -15 43 66 23 67 91 82 75 Generación 16
arranca 
Jugando Partidos contra vecino 0
Resultado 9
27713.7
Jugando Partidos contra vecino 1
Resultado 7
31397.1
Jugando Partidos contra vecino 2
Resultado 9
25145.4
Jugando Partidos contra vecino 3
Resultado 11
36371.5
Yo soy: 
53 73 83 38 70 80 62 24 43 31 -15 43 66 23 67 91 82 75 El mejor fue: 3
53 73 83 38 70 80 62 24 43 31 -15 43 66 23 67 91 72 75 Generación 15
arranca 
Jugando Partidos contra vecino 0
Resultado 9
26315.3
Jugando Partidos contra vecino 1
Resultado 5
23613.7
Jugando Partidos contra vecino 2
Resultado 13
28026
Yo soy: 
53 73 83 38 70 80 62 24 43 31 -15 43 66 23 67 91 72 75 El mejor fue: 2
53 73 83 38 70 80 62 24 43 31 -15 43 66 13 67 91 72 75 Generación 14
arranca 
Jugando Partidos contra vecino 0
Resultado 13
27010.2
Yo soy: 
53 73 83 38 70 80 62 24 43 31 -15 43 66 13 67 91 72 75 El mejor fue: 0
53 73 83 38 70 80 62 24 43 31 -15 43 66 13 67 91 72 85 Generación 13
arranca 
Jugando Partidos contra vecino 0
Resultado 9
26939
Jugando Partidos contra vecino 1
Resultado 13
27978
Yo soy: 
53 73 83 38 70 80 62 24 43 31 -15 43 66 13 67 91 72 85 El mejor fue: 1
53 73 83 38 70 80 62 24 43 31 -5 43 66 13 67 91 72 85 Generación 12
arranca 
Jugando Partidos contra vecino 0
Resultado 9
26617.7
Jugando Partidos contra vecino 1
Resultado 13
28747.3
Yo soy: 
53 73 83 38 70 80 62 24 43 31 -5 43 66 13 67 91 72 85 El mejor fue: 1
63 73 83 38 70 80 62 24 43 31 -5 43 66 13 67 91 72 85 Generación 11
arranca 
Jugando Partidos contra vecino 0
Resultado 11
26719.8
Yo soy: 
63 73 83 38 70 80 62 24 43 31 -5 43 66 13 67 91 72 85 El mejor fue: 0
63 73 83 38 70 80 62 24 43 31 -5 53 66 13 67 91 72 85 Generación 10
arranca 
Jugando Partidos contra vecino 0
Resultado 13
24680.9
Yo soy: 
63 73 83 38 70 80 62 24 43 31 -5 53 66 13 67 91 72 85 El mejor fue: 0
63 73 83 38 70 80 62 24 43 31 -5 53 66 13 67 91 82 85 Generación 9
arranca 
Jugando Partidos contra vecino 0
Resultado 13
25039.3
Yo soy: 
63 73 83 38 70 80 62 24 43 31 -5 53 66 13 67 91 82 85 El mejor fue: 0
63 73 83 38 80 80 62 24 43 31 -5 53 66 13 67 91 82 85 Generación 8
arranca 
Jugando Partidos contra vecino 0
Resultado 13
24837.2
Yo soy: 
63 73 83 38 80 80 62 24 43 31 -5 53 66 13 67 91 82 85 El mejor fue: 0
63 73 83 38 80 80 62 24 53 31 -5 53 66 13 67 91 82 85 Generación 7
arranca 
Jugando Partidos contra vecino 0
Resultado 2
14217.5
Jugando Partidos contra vecino 1
Resultado 9
25298.8
Jugando Partidos contra vecino 2
Resultado 11
31280.6
Yo soy: 
63 73 83 38 80 80 62 24 53 31 -5 53 66 13 67 91 82 85 El mejor fue: 2
63 73 83 38 80 80 62 24 53 31 5 53 66 13 67 91 82 85 Generación 6
arranca 
Jugando Partidos contra vecino 0
Resultado 10
24865.7
Yo soy: 
63 73 83 38 80 80 62 24 53 31 5 53 66 13 67 91 82 85 El mejor fue: 0
63 73 83 38 80 80 62 24 53 31 5 53 66 13 67 91 82 95 Generación 5
arranca 
Jugando Partidos contra vecino 0
Resultado 11
22064.8
Yo soy: 
63 73 83 38 80 80 62 24 53 31 5 53 66 13 67 91 82 95 El mejor fue: 0
63 73 83 38 80 80 62 24 53 31 5 53 66 13 67 91 82 75 Generación 4
arranca 
Jugando Partidos contra vecino 0
Resultado 7
21405.2
Jugando Partidos contra vecino 1
Resultado 11
23982.9
Yo soy: 
63 73 83 38 80 80 62 24 53 31 5 53 66 13 67 91 82 75 El mejor fue: 1
63 73 83 38 80 80 62 24 53 31 -5 53 66 13 67 91 82 75 Generación 3
arranca 
Jugando Partidos contra vecino 0
Resultado 13
30438.6
Yo soy: 
63 73 83 38 80 80 62 24 53 31 -5 53 66 13 67 91 82 75 El mejor fue: 0
63 73 83 38 80 80 62 24 53 31 -5 63 66 13 67 91 82 75 Generación 2
arranca 
Jugando Partidos contra vecino 0
Resultado 15
32334.2
Yo soy: 
63 73 83 38 80 80 62 24 53 31 -5 63 66 13 67 91 82 75 El mejor fue: 0
63 73 83 38 80 80 62 24 53 41 -5 63 66 13 67 91 82 75 Generación 1
arranca 
Jugando Partidos contra vecino 0
Resultado 13
33109.5
Yo soy: 
63 73 83 38 80 80 62 24 53 41 -5 63 66 13 67 91 82 75 El mejor fue: 0
63 73 83 28 80 80 62 24 53 41 -5 63 66 13 67 91 82 75 Generación 0
1.20238e+07
