arranca 
Jugando Partidos contra vecino 0
Resultado 5
42672.4
Jugando Partidos contra vecino 1
Resultado 5
45376.7
Jugando Partidos contra vecino 2
Resultado 5
94649.9
Jugando Partidos contra vecino 3
Resultado 5
51189.4
Jugando Partidos contra vecino 4
Resultado 5
42645.1
Jugando Partidos contra vecino 5
Resultado 5
49407.8
Jugando Partidos contra vecino 6
Resultado 5
45841.3
Jugando Partidos contra vecino 7
Resultado 5
53268.3
Jugando Partidos contra vecino 8
Resultado 5
38050.8
Jugando Partidos contra vecino 9
Resultado 5
40015.5
Jugando Partidos contra vecino 10
Resultado 5
60393.9
Jugando Partidos contra vecino 11
Resultado 5
50413.2
Jugando Partidos contra vecino 12
Resultado 5
46807.8
Jugando Partidos contra vecino 13
Resultado 5
45592.4
Jugando Partidos contra vecino 14
Resultado 5
46765.3
Jugando Partidos contra vecino 15
Resultado 5
52074.6
Jugando Partidos contra vecino 16
Resultado 5
52159.8
Jugando Partidos contra vecino 17
Resultado 5
45047
Jugando Partidos contra vecino 18
Resultado 5
45281.1
Jugando Partidos contra vecino 19
Resultado 5
47251.3
Jugando Partidos contra vecino 20
Resultado 5
39304.4
Jugando Partidos contra vecino 21
Resultado 5
44341.1
Jugando Partidos contra vecino 22
Resultado 5
43006.6
Jugando Partidos contra vecino 23
Resultado 5
40476.2
Jugando Partidos contra vecino 24
Resultado 5
42264.1
Jugando Partidos contra vecino 25
Resultado 5
50848.8
Jugando Partidos contra vecino 26
Resultado 5
51944.7
Jugando Partidos contra vecino 27
Resultado 5
48814.3
Jugando Partidos contra vecino 28
Resultado 5
38021.8
Jugando Partidos contra vecino 29
Resultado 5
44064.4
1.43799e+06
