arranca 
Jugando Partidos contra vecino 0
Resultado 9
39689.1
Jugando Partidos contra vecino 1
Resultado 11
42334.8
Yo soy: 
7 91 31 94 5 44 66 89 95 68 69 39 59 5 79 7 43 72 El mejor fue: 1
7 91 31 54 5 44 66 89 95 68 69 39 59 5 79 7 43 72 Generación 199
arranca 
Jugando Partidos contra vecino 0
Resultado 8
39810.9
Jugando Partidos contra vecino 1
Resultado 7
32166.8
Jugando Partidos contra vecino 2
Resultado 9
42062.3
Jugando Partidos contra vecino 3
Resultado 7
33043.1
Jugando Partidos contra vecino 4
Resultado 8
29404.4
Jugando Partidos contra vecino 5
Resultado 5
34966
Jugando Partidos contra vecino 6
Resultado 9
40358.5
Jugando Partidos contra vecino 7
Resultado 6
31198.7
Jugando Partidos contra vecino 8
Resultado 6
37357.7
Jugando Partidos contra vecino 9
Resultado 7
40110.3
Jugando Partidos contra vecino 10
Resultado 7
35102.1
Jugando Partidos contra vecino 11
Resultado 9
29336.1
Jugando Partidos contra vecino 12
Resultado 10
41501
Yo soy: 
7 91 31 54 5 44 66 89 95 68 69 39 59 5 79 7 43 72 El mejor fue: 12
7 91 31 54 5 44 66 89 95 68 69 39 59 5 99 7 43 72 Generación 198
arranca 
Jugando Partidos contra vecino 0
Resultado 9
42810.3
Jugando Partidos contra vecino 1
Resultado 7
32451.1
Jugando Partidos contra vecino 2
Resultado 13
43306.5
Yo soy: 
7 91 31 54 5 44 66 89 95 68 69 39 59 5 99 7 43 72 El mejor fue: 2
7 91 31 54 5 44 66 89 95 88 69 39 59 5 99 7 43 72 Generación 197
arranca 
Jugando Partidos contra vecino 0
Resultado 11
39962.9
Yo soy: 
7 91 31 54 5 44 66 89 95 88 69 39 59 5 99 7 43 72 El mejor fue: 0
7 91 31 54 5 44 66 89 95 88 49 39 59 5 99 7 43 72 Generación 196
arranca 
Jugando Partidos contra vecino 0
Resultado 10
36328.5
Yo soy: 
7 91 31 54 5 44 66 89 95 88 49 39 59 5 99 7 43 72 El mejor fue: 0
7 91 31 54 5 44 66 69 95 88 49 39 59 5 99 7 43 72 Generación 195
arranca 
Jugando Partidos contra vecino 0
Resultado 7
36522.3
Jugando Partidos contra vecino 1
Resultado 11
35950
Yo soy: 
7 91 31 54 5 44 66 69 95 88 49 39 59 5 99 7 43 72 El mejor fue: 1
7 91 31 54 5 24 66 69 95 88 49 39 59 5 99 7 43 72 Generación 194
arranca 
Jugando Partidos contra vecino 0
Resultado 6
31302.9
Jugando Partidos contra vecino 1
Resultado 11
38391.1
Yo soy: 
7 91 31 54 5 24 66 69 95 88 49 39 59 5 99 7 43 72 El mejor fue: 1
7 91 31 54 5 24 66 69 95 88 49 39 59 5 99 -13 43 72 Generación 193
arranca 
Jugando Partidos contra vecino 0
Resultado 11
37705
Yo soy: 
7 91 31 54 5 24 66 69 95 88 49 39 59 5 99 -13 43 72 El mejor fue: 0
7 91 31 54 5 24 66 49 95 88 49 39 59 5 99 -13 43 72 Generación 192
arranca 
Jugando Partidos contra vecino 0
Resultado 11
35511.8
Yo soy: 
7 91 31 54 5 24 66 49 95 88 49 39 59 5 99 -13 43 72 El mejor fue: 0
7 91 31 54 -15 24 66 49 95 88 49 39 59 5 99 -13 43 72 Generación 191
arranca 
Jugando Partidos contra vecino 0
Resultado 5
38768.4
Jugando Partidos contra vecino 1
Resultado 9
34182.2
Jugando Partidos contra vecino 2
Resultado 9
34346.8
Jugando Partidos contra vecino 3
Resultado 9
32664.2
Jugando Partidos contra vecino 4
Resultado 5
53768.8
Jugando Partidos contra vecino 5
Resultado 11
36046.7
Yo soy: 
7 91 31 54 -15 24 66 49 95 88 49 39 59 5 99 -13 43 72 El mejor fue: 5
7 91 31 54 -15 24 66 49 95 88 49 39 79 5 99 -13 43 72 Generación 190
arranca 
Jugando Partidos contra vecino 0
Resultado 11
36245.8
Yo soy: 
7 91 31 54 -15 24 66 49 95 88 49 39 79 5 99 -13 43 72 El mejor fue: 0
7 91 31 54 -15 24 66 49 95 88 49 39 59 5 99 -13 43 72 Generación 189
arranca 
Jugando Partidos contra vecino 0
Resultado 11
38866.8
Yo soy: 
7 91 31 54 -15 24 66 49 95 88 49 39 59 5 99 -13 43 72 El mejor fue: 0
7 91 31 54 -15 24 66 49 95 48 49 39 59 5 99 -13 43 72 Generación 188
arranca 
Jugando Partidos contra vecino 0
Resultado 11
34750
Yo soy: 
7 91 31 54 -15 24 66 49 95 48 49 39 59 5 99 -13 43 72 El mejor fue: 0
7 91 11 54 -15 24 66 49 95 48 49 39 59 5 99 -13 43 72 Generación 187
arranca 
Jugando Partidos contra vecino 0
Resultado 3
33166
Jugando Partidos contra vecino 1
Resultado 7
38401.6
Jugando Partidos contra vecino 2
Resultado 9
30453.3
Jugando Partidos contra vecino 3
Resultado 6
32226.2
Jugando Partidos contra vecino 4
Resultado 7
37786.1
Jugando Partidos contra vecino 5
Resultado 8
41140.4
Jugando Partidos contra vecino 6
Resultado 7
31787
Jugando Partidos contra vecino 7
Resultado 11
41608.8
Yo soy: 
7 91 11 54 -15 24 66 49 95 48 49 39 59 5 99 -13 43 72 El mejor fue: 7
7 91 11 54 -15 24 66 49 95 48 49 39 59 5 99 -13 43 52 Generación 186
arranca 
Jugando Partidos contra vecino 0
Resultado 7
37856.1
Jugando Partidos contra vecino 1
Resultado 11
38998.1
Yo soy: 
7 91 11 54 -15 24 66 49 95 48 49 39 59 5 99 -13 43 52 El mejor fue: 1
7 91 11 54 -15 24 86 49 95 48 49 39 59 5 99 -13 43 52 Generación 185
arranca 
Jugando Partidos contra vecino 0
Resultado 9
35833.9
Jugando Partidos contra vecino 1
Resultado 11
45186.7
Yo soy: 
7 91 11 54 -15 24 86 49 95 48 49 39 59 5 99 -13 43 52 El mejor fue: 1
7 91 11 54 -15 24 86 69 95 48 49 39 59 5 99 -13 43 52 Generación 184
arranca 
Jugando Partidos contra vecino 0
Resultado 11
36264.1
Yo soy: 
7 91 11 54 -15 24 86 69 95 48 49 39 59 5 99 -13 43 52 El mejor fue: 0
7 91 11 54 -15 24 86 69 95 48 49 39 59 5 99 -13 63 52 Generación 183
arranca 
Jugando Partidos contra vecino 0
Resultado 5
38667.1
Jugando Partidos contra vecino 1
Resultado 9
38585.5
Jugando Partidos contra vecino 2
Resultado 6
35641.7
Jugando Partidos contra vecino 3
Resultado 9
37806.7
Jugando Partidos contra vecino 4
Resultado 11
33592.7
Yo soy: 
7 91 11 54 -15 24 86 69 95 48 49 39 59 5 99 -13 63 52 El mejor fue: 4
7 91 11 54 -15 24 86 69 95 28 49 39 59 5 99 -13 63 52 Generación 182
arranca 
Jugando Partidos contra vecino 0
Resultado 7
43545.8
Jugando Partidos contra vecino 1
Resultado 7
45621.9
Jugando Partidos contra vecino 2
Resultado 7
34891.8
Jugando Partidos contra vecino 3
Resultado 11
53853.5
Yo soy: 
7 91 11 54 -15 24 86 69 95 28 49 39 59 5 99 -13 63 52 El mejor fue: 3
7 91 11 54 -15 24 86 69 95 28 49 39 59 5 59 -13 63 52 Generación 181
arranca 
Jugando Partidos contra vecino 0
Resultado 6
24358.4
Jugando Partidos contra vecino 1
Resultado 7
32511.2
Jugando Partidos contra vecino 2
Resultado 4
41309.7
Jugando Partidos contra vecino 3
Resultado 9
34109.1
Jugando Partidos contra vecino 4
Resultado 5
32471.8
Jugando Partidos contra vecino 5
Resultado 7
31130.3
Jugando Partidos contra vecino 6
Resultado 5
33878.8
Jugando Partidos contra vecino 7
Resultado 7
33731.9
Jugando Partidos contra vecino 8
Resultado 5
33252.7
Jugando Partidos contra vecino 9
Resultado 11
34778.4
Yo soy: 
7 91 11 54 -15 24 86 69 95 28 49 39 59 5 59 -13 63 52 El mejor fue: 9
7 91 11 54 -15 24 86 69 95 28 49 39 59 5 59 -13 63 72 Generación 180
arranca 
Jugando Partidos contra vecino 0
Resultado 11
32570.5
Yo soy: 
7 91 11 54 -15 24 86 69 95 28 49 39 59 5 59 -13 63 72 El mejor fue: 0
7 91 11 54 -15 24 86 69 95 28 49 39 59 5 59 -13 63 52 Generación 179
arranca 
Jugando Partidos contra vecino 0
Resultado 9
32784.8
Jugando Partidos contra vecino 1
Resultado 7
28861.4
Jugando Partidos contra vecino 2
Resultado 11
43697.2
Yo soy: 
7 91 11 54 -15 24 86 69 95 28 49 39 59 5 59 -13 63 52 El mejor fue: 2
7 91 11 54 -15 24 86 69 95 28 49 39 59 -15 59 -13 63 52 Generación 178
arranca 
Jugando Partidos contra vecino 0
Resultado 5
70110.8
Jugando Partidos contra vecino 1
Resultado 15
50477.7
Yo soy: 
7 91 11 54 -15 24 86 69 95 28 49 39 59 -15 59 -13 63 52 El mejor fue: 1
7 91 11 54 -15 24 86 69 95 28 49 39 59 -15 59 -13 83 52 Generación 177
arranca 
Jugando Partidos contra vecino 0
Resultado 9
58586.2
Jugando Partidos contra vecino 1
Resultado 13
55353.6
Yo soy: 
7 91 11 54 -15 24 86 69 95 28 49 39 59 -15 59 -13 83 52 El mejor fue: 1
7 91 11 54 -15 24 86 69 95 28 49 39 79 -15 59 -13 83 52 Generación 176
arranca 
Jugando Partidos contra vecino 0
Resultado 7
44934.6
Jugando Partidos contra vecino 1
Resultado 11
36021.5
Yo soy: 
7 91 11 54 -15 24 86 69 95 28 49 39 79 -15 59 -13 83 52 El mejor fue: 1
7 71 11 54 -15 24 86 69 95 28 49 39 79 -15 59 -13 83 52 Generación 175
arranca 
Jugando Partidos contra vecino 0
Resultado 11
65501.8
Yo soy: 
7 71 11 54 -15 24 86 69 95 28 49 39 79 -15 59 -13 83 52 El mejor fue: 0
7 71 11 34 -15 24 86 69 95 28 49 39 79 -15 59 -13 83 52 Generación 174
arranca 
Jugando Partidos contra vecino 0
Resultado 5
55551.1
Jugando Partidos contra vecino 1
Resultado 9
53562.3
Jugando Partidos contra vecino 2
Resultado 11
65084.7
Yo soy: 
7 71 11 34 -15 24 86 69 95 28 49 39 79 -15 59 -13 83 52 El mejor fue: 2
7 71 11 34 -15 24 86 69 95 28 49 39 79 -15 59 -13 83 32 Generación 173
arranca 
Jugando Partidos contra vecino 0
Resultado 7
53666.6
Jugando Partidos contra vecino 1
Resultado 9
52153.7
Jugando Partidos contra vecino 2
Resultado 7
54268.3
Jugando Partidos contra vecino 3
Resultado 9
59561.4
Jugando Partidos contra vecino 4
Resultado 7
46503.3
Jugando Partidos contra vecino 5
Resultado 11
57432.7
Yo soy: 
7 71 11 34 -15 24 86 69 95 28 49 39 79 -15 59 -13 83 32 El mejor fue: 5
7 71 11 14 -15 24 86 69 95 28 49 39 79 -15 59 -13 83 32 Generación 172
arranca 
Jugando Partidos contra vecino 0
Resultado 9
63017.8
Jugando Partidos contra vecino 1
Resultado 7
62019.9
Jugando Partidos contra vecino 2
Resultado 9
53166.3
Jugando Partidos contra vecino 3
Resultado 7
61617.2
Jugando Partidos contra vecino 4
Resultado 9
51117.9
Jugando Partidos contra vecino 5
Resultado 7
57143.9
Jugando Partidos contra vecino 6
Resultado 7
61637.1
Jugando Partidos contra vecino 7
Resultado 9
67842.5
Jugando Partidos contra vecino 8
Resultado 9
51891.2
Jugando Partidos contra vecino 9
Resultado 11
66778.2
Yo soy: 
7 71 11 14 -15 24 86 69 95 28 49 39 79 -15 59 -13 83 32 El mejor fue: 9
7 71 11 14 -15 24 86 69 95 28 49 39 79 -15 59 -13 83 52 Generación 171
arranca 
Jugando Partidos contra vecino 0
Resultado 9
58616.9
Jugando Partidos contra vecino 1
Resultado 9
56243.6
Jugando Partidos contra vecino 2
Resultado 5
55044.3
Jugando Partidos contra vecino 3
Resultado 7
54206.8
Jugando Partidos contra vecino 4
Resultado 7
55472
Jugando Partidos contra vecino 5
Resultado 9
52837.2
Jugando Partidos contra vecino 6
Resultado 9
54090.6
Jugando Partidos contra vecino 7
Resultado 5
54854.1
Jugando Partidos contra vecino 8
Resultado 7
58839.7
Jugando Partidos contra vecino 9
Resultado 11
60325.7
Yo soy: 
7 71 11 14 -15 24 86 69 95 28 49 39 79 -15 59 -13 83 52 El mejor fue: 9
7 91 11 14 -15 24 86 69 95 28 49 39 79 -15 59 -13 83 52 Generación 170
arranca 
Jugando Partidos contra vecino 0
Resultado 7
62523.4
Jugando Partidos contra vecino 1
Resultado 11
57493.6
Yo soy: 
7 91 11 14 -15 24 86 69 95 28 49 39 79 -15 59 -13 83 52 El mejor fue: 1
7 71 11 14 -15 24 86 69 95 28 49 39 79 -15 59 -13 83 52 Generación 169
arranca 
Jugando Partidos contra vecino 0
Resultado 7
67287.7
Jugando Partidos contra vecino 1
Resultado 11
66457.6
Yo soy: 
7 71 11 14 -15 24 86 69 95 28 49 39 79 -15 59 -13 83 52 El mejor fue: 1
7 71 11 14 5 24 86 69 95 28 49 39 79 -15 59 -13 83 52 Generación 168
arranca 
Jugando Partidos contra vecino 0
Resultado 5
61435.4
Jugando Partidos contra vecino 1
Resultado 11
63061.9
Yo soy: 
7 71 11 14 5 24 86 69 95 28 49 39 79 -15 59 -13 83 52 El mejor fue: 1
7 71 11 14 5 24 86 69 95 28 49 39 79 -15 59 -13 83 72 Generación 167
arranca 
Jugando Partidos contra vecino 0
Resultado 13
72113.5
Yo soy: 
7 71 11 14 5 24 86 69 95 28 49 39 79 -15 59 -13 83 72 El mejor fue: 0
7 71 11 -6 5 24 86 69 95 28 49 39 79 -15 59 -13 83 72 Generación 166
arranca 
Jugando Partidos contra vecino 0
Resultado 7
47881.4
Jugando Partidos contra vecino 1
Resultado 7
55576.8
Jugando Partidos contra vecino 2
Resultado 7
53595.5
Jugando Partidos contra vecino 3
Resultado 9
60821.6
Jugando Partidos contra vecino 4
Resultado 5
48319.4
Jugando Partidos contra vecino 5
Resultado 5
70110.7
Jugando Partidos contra vecino 6
Resultado 5
48739.8
Jugando Partidos contra vecino 7
Resultado 11
56998.8
Yo soy: 
7 71 11 -6 5 24 86 69 95 28 49 39 79 -15 59 -13 83 72 El mejor fue: 7
7 71 11 -26 5 24 86 69 95 28 49 39 79 -15 59 -13 83 72 Generación 165
arranca 
Jugando Partidos contra vecino 0
Resultado 7
53531.5
Jugando Partidos contra vecino 1
Resultado 5
48271.7
Jugando Partidos contra vecino 2
Resultado 11
56591.4
Yo soy: 
7 71 11 -26 5 24 86 69 95 28 49 39 79 -15 59 -13 83 72 El mejor fue: 2
7 71 11 -26 -15 24 86 69 95 28 49 39 79 -15 59 -13 83 72 Generación 164
arranca 
Jugando Partidos contra vecino 0
Resultado 7
45827.8
Jugando Partidos contra vecino 1
Resultado 13
62673.9
Yo soy: 
7 71 11 -26 -15 24 86 69 95 28 49 39 79 -15 59 -13 83 72 El mejor fue: 1
7 71 11 -26 -15 24 86 69 95 28 49 39 59 -15 59 -13 83 72 Generación 163
arranca 
Jugando Partidos contra vecino 0
Resultado 5
40328.2
Jugando Partidos contra vecino 1
Resultado 5
46942.6
Jugando Partidos contra vecino 2
Resultado 9
52065.3
Jugando Partidos contra vecino 3
Resultado 5
69279.6
Jugando Partidos contra vecino 4
Resultado 5
40188.3
Jugando Partidos contra vecino 5
Resultado 7
52419.3
Jugando Partidos contra vecino 6
Resultado 7
44061.6
Jugando Partidos contra vecino 7
Resultado 5
55581.6
Jugando Partidos contra vecino 8
Resultado 9
66239.2
Jugando Partidos contra vecino 9
Resultado 9
49904.8
Jugando Partidos contra vecino 10
Resultado 9
52072.2
Jugando Partidos contra vecino 11
Resultado 5
42544.4
Jugando Partidos contra vecino 12
Resultado 5
48049.4
Jugando Partidos contra vecino 13
Resultado 7
46443.3
Jugando Partidos contra vecino 14
Resultado 7
61043.5
Jugando Partidos contra vecino 15
Resultado 7
65363.3
Jugando Partidos contra vecino 16
Resultado 5
41980.5
Jugando Partidos contra vecino 17
Resultado 5
54750.5
Jugando Partidos contra vecino 18
Resultado 5
40249.9
Jugando Partidos contra vecino 19
Resultado 5
40831
Jugando Partidos contra vecino 20
Resultado 9
52469.2
Jugando Partidos contra vecino 21
Resultado 7
47183.8
Jugando Partidos contra vecino 22
Resultado 7
60354.4
Jugando Partidos contra vecino 23
Resultado 9
53113.4
Jugando Partidos contra vecino 24
Resultado 7
53855.6
Jugando Partidos contra vecino 25
Resultado 7
46183.8
Jugando Partidos contra vecino 26
Resultado 5
40679.4
Jugando Partidos contra vecino 27
Resultado 9
57847.9
Jugando Partidos contra vecino 28
Resultado 11
60603.8
Yo soy: 
7 71 11 -26 -15 24 86 69 95 28 49 39 59 -15 59 -13 83 72 El mejor fue: 28
7 71 11 -26 -15 24 86 69 95 28 49 39 59 -15 59 -13 83 92 Generación 162
arranca 
Jugando Partidos contra vecino 0
Resultado 5
48370.7
Jugando Partidos contra vecino 1
Resultado 7
60040.4
Jugando Partidos contra vecino 2
Resultado 5
46998
Jugando Partidos contra vecino 3
Resultado 7
45673.4
Jugando Partidos contra vecino 4
Resultado 7
53739
Jugando Partidos contra vecino 5
Resultado 5
55022.2
Jugando Partidos contra vecino 6
Resultado 7
50769.6
Jugando Partidos contra vecino 7
Resultado 5
48315.6
Jugando Partidos contra vecino 8
Resultado 5
42465.4
Jugando Partidos contra vecino 9
Resultado 7
61367.8
Jugando Partidos contra vecino 10
Resultado 7
60092.3
Jugando Partidos contra vecino 11
Resultado 7
53399.7
Jugando Partidos contra vecino 12
Resultado 7
53714.7
Jugando Partidos contra vecino 13
Resultado 5
66395.4
Jugando Partidos contra vecino 14
Resultado 7
49083.8
Jugando Partidos contra vecino 15
Resultado 9
50253.4
Jugando Partidos contra vecino 16
Resultado 5
48280.6
Jugando Partidos contra vecino 17
Resultado 7
46857.2
Jugando Partidos contra vecino 18
Resultado 7
53196.2
Jugando Partidos contra vecino 19
Resultado 9
57839.4
Jugando Partidos contra vecino 20
Resultado 7
53071.4
Jugando Partidos contra vecino 21
Resultado 5
55281.6
Jugando Partidos contra vecino 22
Resultado 7
46675.5
Jugando Partidos contra vecino 23
Resultado 5
55491.1
Jugando Partidos contra vecino 24
Resultado 5
40835
Jugando Partidos contra vecino 25
Resultado 5
47038.6
Jugando Partidos contra vecino 26
Resultado 7
53604.5
Jugando Partidos contra vecino 27
Resultado 5
48538.7
Jugando Partidos contra vecino 28
Resultado 11
55105.3
Yo soy: 
7 71 11 -26 -15 24 86 69 95 28 49 39 59 -15 59 -13 83 92 El mejor fue: 28
7 71 11 -26 -15 4 86 69 95 28 49 39 59 -15 59 -13 83 92 Generación 161
arranca 
Jugando Partidos contra vecino 0
Resultado 5
39153.7
Jugando Partidos contra vecino 1
Resultado 5
40882.2
Jugando Partidos contra vecino 2
Resultado 7
46671.7
Jugando Partidos contra vecino 3
Resultado 5
40445.3
Jugando Partidos contra vecino 4
Resultado 5
47680.5
Jugando Partidos contra vecino 5
Resultado 5
47793
Jugando Partidos contra vecino 6
Resultado 7
53372.2
Jugando Partidos contra vecino 7
Resultado 5
41823.8
Jugando Partidos contra vecino 8
Resultado 9
59022.3
Jugando Partidos contra vecino 9
Resultado 7
45995.5
Jugando Partidos contra vecino 10
Resultado 7
47227
Jugando Partidos contra vecino 11
Resultado 5
47750.5
Jugando Partidos contra vecino 12
Resultado 5
40229.7
Jugando Partidos contra vecino 13
Resultado 5
55212.2
Jugando Partidos contra vecino 14
Resultado 7
53696.5
Jugando Partidos contra vecino 15
Resultado 7
47297.2
Jugando Partidos contra vecino 16
Resultado 9
52986.7
Jugando Partidos contra vecino 17
Resultado 7
53293.7
Jugando Partidos contra vecino 18
Resultado 11
55726.1
Yo soy: 
7 71 11 -26 -15 4 86 69 95 28 49 39 59 -15 59 -13 83 92 El mejor fue: 18
7 51 11 -26 -15 4 86 69 95 28 49 39 59 -15 59 -13 83 92 Generación 160
arranca 
Jugando Partidos contra vecino 0
Resultado 5
42233.8
Jugando Partidos contra vecino 1
Resultado 5
47671.2
Jugando Partidos contra vecino 2
Resultado 7
47597
Jugando Partidos contra vecino 3
Resultado 7
53389.6
Jugando Partidos contra vecino 4
Resultado 9
59407.9
Jugando Partidos contra vecino 5
Resultado 7
47345.7
Jugando Partidos contra vecino 6
Resultado 7
53983
Jugando Partidos contra vecino 7
Resultado 7
46690.3
Jugando Partidos contra vecino 8
Resultado 5
49162.8
Jugando Partidos contra vecino 9
Resultado 7
46353.4
Jugando Partidos contra vecino 10
Resultado 5
68301.5
Jugando Partidos contra vecino 11
Resultado 7
44696.5
Jugando Partidos contra vecino 12
Resultado 5
41198.7
Jugando Partidos contra vecino 13
Resultado 7
45991.4
Jugando Partidos contra vecino 14
Resultado 7
53969.1
Jugando Partidos contra vecino 15
Resultado 7
54626.2
Jugando Partidos contra vecino 16
Resultado 5
41694.3
Jugando Partidos contra vecino 17
Resultado 7
46341.1
Jugando Partidos contra vecino 18
Resultado 7
47529.9
Jugando Partidos contra vecino 19
Resultado 5
40297.8
Jugando Partidos contra vecino 20
Resultado 7
53122.6
Jugando Partidos contra vecino 21
Resultado 7
53062.8
Jugando Partidos contra vecino 22
Resultado 7
53289.6
Jugando Partidos contra vecino 23
Resultado 7
45802.5
Jugando Partidos contra vecino 24
Resultado 5
47038.5
Jugando Partidos contra vecino 25
Resultado 5
40832.3
Jugando Partidos contra vecino 26
Resultado 5
62022.5
Jugando Partidos contra vecino 27
Resultado 7
53400.4
Jugando Partidos contra vecino 28
Resultado 5
54457.6
Jugando Partidos contra vecino 29
Resultado 9
56153.7
Jugando Partidos contra vecino 30
Resultado 9
52491
Jugando Partidos contra vecino 31
Resultado 5
48316.7
Jugando Partidos contra vecino 32
Resultado 5
48359.5
Jugando Partidos contra vecino 33
Resultado 9
52693.9
Jugando Partidos contra vecino 34
Resultado 7
46983.5
Jugando Partidos contra vecino 35
Resultado 7
59625
1.15181e+07
arranca 
Jugando Partidos contra vecino 0
Resultado 5
21503.5
Jugando Partidos contra vecino 1
Resultado 5
29423.8
Jugando Partidos contra vecino 2
Resultado 5
22007.9
Jugando Partidos contra vecino 3
Resultado 5
22132.6
Jugando Partidos contra vecino 4
Resultado 5
18955.8
Jugando Partidos contra vecino 5
Resultado 5
18154.6
Jugando Partidos contra vecino 6
Resultado 5
31588.6
Jugando Partidos contra vecino 7
Resultado 5
20971.6
Jugando Partidos contra vecino 8
Resultado 5
38389.3
Jugando Partidos contra vecino 9
Resultado 5
39146.1
Jugando Partidos contra vecino 10
Resultado 5
27131.7
Jugando Partidos contra vecino 11
Resultado 5
37868.6
Jugando Partidos contra vecino 12
Resultado 5
13498.3
Jugando Partidos contra vecino 13
Resultado 5
40609.4
Jugando Partidos contra vecino 14
Resultado 5
32323.8
Jugando Partidos contra vecino 15
Resultado 5
25248.5
Jugando Partidos contra vecino 16
Resultado 5
33728.8
Jugando Partidos contra vecino 17
Resultado 5
43889.7
Jugando Partidos contra vecino 18
Resultado 5
27603.1
Jugando Partidos contra vecino 19
Resultado 5
26550.9
Jugando Partidos contra vecino 20
Resultado 5
25658.9
Jugando Partidos contra vecino 21
Resultado 5
10604.5
Jugando Partidos contra vecino 22
Resultado 5
31256
Jugando Partidos contra vecino 23
Resultado 5
31224.3
Jugando Partidos contra vecino 24
Resultado 5
28411.5
Jugando Partidos contra vecino 25
Resultado 5
28671.1
Jugando Partidos contra vecino 26
Resultado 5
39328.8
Jugando Partidos contra vecino 27
Resultado 5
42498.7
Jugando Partidos contra vecino 28
Resultado 5
35616.5
Jugando Partidos contra vecino 29
Resultado 5
31925.4
Jugando Partidos contra vecino 30
Resultado 5
18295.4
Jugando Partidos contra vecino 31
Resultado 5
40739.5
Jugando Partidos contra vecino 32
Resultado 5
26975.6
Jugando Partidos contra vecino 33
Resultado 5
34068.2
Jugando Partidos contra vecino 34
Resultado 5
26612.9
Jugando Partidos contra vecino 35
Resultado 5
24624.1
1.04724e+06
arranca 
Jugando Partidos contra vecino 0
Resultado 15
60237.3
Yo soy: 
20 54 32 43 25 4 84 40 2 2 38 98 61 8 83 32 77 68 El mejor fue: 0
20 54 32 43 25 4 84 40 2 2 38 98 61 8 63 32 77 68 Generación 199
arranca 
Jugando Partidos contra vecino 0
Resultado 11
39562.3
Yo soy: 
20 54 32 43 25 4 84 40 2 2 38 98 61 8 63 32 77 68 El mejor fue: 0
20 54 32 43 25 4 84 40 2 2 38 98 61 8 83 32 77 68 Generación 198
arranca 
Jugando Partidos contra vecino 0
Resultado 11
41160.7
Yo soy: 
20 54 32 43 25 4 84 40 2 2 38 98 61 8 83 32 77 68 El mejor fue: 0
20 54 32 43 25 4 64 40 2 2 38 98 61 8 83 32 77 68 Generación 197
arranca 
Jugando Partidos contra vecino 0
Resultado 15
60525.8
Yo soy: 
20 54 32 43 25 4 64 40 2 2 38 98 61 8 83 32 77 68 El mejor fue: 0
20 54 32 43 45 4 64 40 2 2 38 98 61 8 83 32 77 68 Generación 196
arranca 
Jugando Partidos contra vecino 0
Resultado 9
31833.3
Jugando Partidos contra vecino 1
Resultado 12
46721.8
Yo soy: 
20 54 32 43 45 4 64 40 2 2 38 98 61 8 83 32 77 68 El mejor fue: 1
20 54 32 43 45 4 64 40 2 22 38 98 61 8 83 32 77 68 Generación 195
arranca 
Jugando Partidos contra vecino 0
Resultado 8
37669.8
Jugando Partidos contra vecino 1
Resultado 10
34089.8
Yo soy: 
20 54 32 43 45 4 64 40 2 22 38 98 61 8 83 32 77 68 El mejor fue: 1
20 54 32 43 45 4 64 40 2 22 38 78 61 8 83 32 77 68 Generación 194
arranca 
Jugando Partidos contra vecino 0
Resultado 8
26167.9
Jugando Partidos contra vecino 1
Resultado 5
32507.8
Jugando Partidos contra vecino 2
Resultado 11
44125.2
Yo soy: 
20 54 32 43 45 4 64 40 2 22 38 78 61 8 83 32 77 68 El mejor fue: 2
20 54 32 43 45 4 64 40 2 22 38 78 61 8 83 52 77 68 Generación 193
arranca 
Jugando Partidos contra vecino 0
Resultado 4
26404
Jugando Partidos contra vecino 1
Resultado 11
37924.6
Yo soy: 
20 54 32 43 45 4 64 40 2 22 38 78 61 8 83 52 77 68 El mejor fue: 1
20 54 32 63 45 4 64 40 2 22 38 78 61 8 83 52 77 68 Generación 192
arranca 
Jugando Partidos contra vecino 0
Resultado 7
31429.8
Jugando Partidos contra vecino 1
Resultado 9
26896.5
Jugando Partidos contra vecino 2
Resultado 7
29784.2
Jugando Partidos contra vecino 3
Resultado 8
36019.7
Jugando Partidos contra vecino 4
Resultado 9
45397.8
Jugando Partidos contra vecino 5
Resultado 11
44857.3
Yo soy: 
20 54 32 63 45 4 64 40 2 22 38 78 61 8 83 52 77 68 El mejor fue: 5
20 54 32 63 45 4 64 40 2 22 38 78 61 -12 83 52 77 68 Generación 191
arranca 
Jugando Partidos contra vecino 0
Resultado 11
51186.6
Yo soy: 
20 54 32 63 45 4 64 40 2 22 38 78 61 -12 83 52 77 68 El mejor fue: 0
20 54 32 63 45 -16 64 40 2 22 38 78 61 -12 83 52 77 68 Generación 190
arranca 
Jugando Partidos contra vecino 0
Resultado 13
55680.5
Yo soy: 
20 54 32 63 45 -16 64 40 2 22 38 78 61 -12 83 52 77 68 El mejor fue: 0
20 54 32 63 45 -16 64 40 2 22 38 78 81 -12 83 52 77 68 Generación 189
arranca 
Jugando Partidos contra vecino 0
Resultado 13
37597.3
Yo soy: 
20 54 32 63 45 -16 64 40 2 22 38 78 81 -12 83 52 77 68 El mejor fue: 0
20 54 32 63 45 -36 64 40 2 22 38 78 81 -12 83 52 77 68 Generación 188
arranca 
Jugando Partidos contra vecino 0
Resultado 7
42238.5
Jugando Partidos contra vecino 1
Resultado 11
48742.6
Yo soy: 
20 54 32 63 45 -36 64 40 2 22 38 78 81 -12 83 52 77 68 El mejor fue: 1
20 54 32 63 45 -36 64 40 2 22 38 78 81 -12 83 52 57 68 Generación 187
arranca 
Jugando Partidos contra vecino 0
Resultado 15
46143.3
Yo soy: 
20 54 32 63 45 -36 64 40 2 22 38 78 81 -12 83 52 57 68 El mejor fue: 0
20 54 32 63 45 -36 64 40 -18 22 38 78 81 -12 83 52 57 68 Generación 186
arranca 
Jugando Partidos contra vecino 0
Resultado 13
50377.7
Yo soy: 
20 54 32 63 45 -36 64 40 -18 22 38 78 81 -12 83 52 57 68 El mejor fue: 0
20 54 32 63 45 -36 64 40 -18 22 58 78 81 -12 83 52 57 68 Generación 185
arranca 
Jugando Partidos contra vecino 0
Resultado 11
50461.7
Yo soy: 
20 54 32 63 45 -36 64 40 -18 22 58 78 81 -12 83 52 57 68 El mejor fue: 0
20 54 32 63 45 -36 64 40 -18 22 58 78 81 -12 83 52 37 68 Generación 184
arranca 
Jugando Partidos contra vecino 0
Resultado 13
58084.6
Yo soy: 
20 54 32 63 45 -36 64 40 -18 22 58 78 81 -12 83 52 37 68 El mejor fue: 0
20 54 32 63 25 -36 64 40 -18 22 58 78 81 -12 83 52 37 68 Generación 183
arranca 
Jugando Partidos contra vecino 0
Resultado 15
59887.9
Yo soy: 
20 54 32 63 25 -36 64 40 -18 22 58 78 81 -12 83 52 37 68 El mejor fue: 0
20 54 32 63 25 -36 64 40 -18 22 58 78 81 -12 63 52 37 68 Generación 182
arranca 
Jugando Partidos contra vecino 0
Resultado 13
43558.4
Yo soy: 
20 54 32 63 25 -36 64 40 -18 22 58 78 81 -12 63 52 37 68 El mejor fue: 0
20 54 32 63 45 -36 64 40 -18 22 58 78 81 -12 63 52 37 68 Generación 181
arranca 
Jugando Partidos contra vecino 0
Resultado 15
61695
Yo soy: 
20 54 32 63 45 -36 64 40 -18 22 58 78 81 -12 63 52 37 68 El mejor fue: 0
20 54 32 63 45 -36 64 40 -18 42 58 78 81 -12 63 52 37 68 Generación 180
arranca 
Jugando Partidos contra vecino 0
Resultado 13
56072.3
Yo soy: 
20 54 32 63 45 -36 64 40 -18 42 58 78 81 -12 63 52 37 68 El mejor fue: 0
20 54 32 63 45 -36 64 40 2 42 58 78 81 -12 63 52 37 68 Generación 179
arranca 
Jugando Partidos contra vecino 0
Resultado 13
45232.7
Yo soy: 
20 54 32 63 45 -36 64 40 2 42 58 78 81 -12 63 52 37 68 El mejor fue: 0
20 54 32 63 45 -16 64 40 2 42 58 78 81 -12 63 52 37 68 Generación 178
arranca 
Jugando Partidos contra vecino 0
Resultado 13
42375.6
Yo soy: 
20 54 32 63 45 -16 64 40 2 42 58 78 81 -12 63 52 37 68 El mejor fue: 0
20 54 32 63 45 -16 64 40 2 42 58 78 81 -12 63 52 17 68 Generación 177
arranca 
Jugando Partidos contra vecino 0
Resultado 15
47299.3
Yo soy: 
20 54 32 63 45 -16 64 40 2 42 58 78 81 -12 63 52 17 68 El mejor fue: 0
20 54 32 63 45 -16 64 40 2 42 58 58 81 -12 63 52 17 68 Generación 176
arranca 
Jugando Partidos contra vecino 0
Resultado 13
45445.9
Yo soy: 
20 54 32 63 45 -16 64 40 2 42 58 58 81 -12 63 52 17 68 El mejor fue: 0
20 54 32 43 45 -16 64 40 2 42 58 58 81 -12 63 52 17 68 Generación 175
arranca 
Jugando Partidos contra vecino 0
Resultado 15
55890.1
Yo soy: 
20 54 32 43 45 -16 64 40 2 42 58 58 81 -12 63 52 17 68 El mejor fue: 0
20 54 32 43 45 -16 64 40 -18 42 58 58 81 -12 63 52 17 68 Generación 174
arranca 
Jugando Partidos contra vecino 0
Resultado 15
63615.1
Yo soy: 
20 54 32 43 45 -16 64 40 -18 42 58 58 81 -12 63 52 17 68 El mejor fue: 0
20 54 32 43 45 -16 64 40 -18 42 38 58 81 -12 63 52 17 68 Generación 173
arranca 
Jugando Partidos contra vecino 0
Resultado 11
57211.5
Yo soy: 
20 54 32 43 45 -16 64 40 -18 42 38 58 81 -12 63 52 17 68 El mejor fue: 0
20 54 32 43 45 -16 44 40 -18 42 38 58 81 -12 63 52 17 68 Generación 172
arranca 
Jugando Partidos contra vecino 0
Resultado 15
58166.7
Yo soy: 
20 54 32 43 45 -16 44 40 -18 42 38 58 81 -12 63 52 17 68 El mejor fue: 0
0 54 32 43 45 -16 44 40 -18 42 38 58 81 -12 63 52 17 68 Generación 171
arranca 
Jugando Partidos contra vecino 0
Resultado 11
54476.5
Yo soy: 
0 54 32 43 45 -16 44 40 -18 42 38 58 81 -12 63 52 17 68 El mejor fue: 0
0 54 32 43 45 -16 44 40 2 42 38 58 81 -12 63 52 17 68 Generación 170
arranca 
Jugando Partidos contra vecino 0
Resultado 7
37374.1
Jugando Partidos contra vecino 1
Resultado 7
35229.2
Jugando Partidos contra vecino 2
Resultado 15
42085.9
Yo soy: 
0 54 32 43 45 -16 44 40 2 42 38 58 81 -12 63 52 17 68 El mejor fue: 2
0 54 32 43 45 -16 44 40 2 42 38 58 61 -12 63 52 17 68 Generación 169
arranca 
Jugando Partidos contra vecino 0
Resultado 13
52955.2
Yo soy: 
0 54 32 43 45 -16 44 40 2 42 38 58 61 -12 63 52 17 68 El mejor fue: 0
0 54 32 43 45 -16 44 40 22 42 38 58 61 -12 63 52 17 68 Generación 168
arranca 
Jugando Partidos contra vecino 0
Resultado 13
58390.8
Yo soy: 
0 54 32 43 45 -16 44 40 22 42 38 58 61 -12 63 52 17 68 El mejor fue: 0
0 54 32 43 45 -16 44 40 22 42 58 58 61 -12 63 52 17 68 Generación 167
arranca 
Jugando Partidos contra vecino 0
Resultado 11
69687.8
Yo soy: 
0 54 32 43 45 -16 44 40 22 42 58 58 61 -12 63 52 17 68 El mejor fue: 0
0 54 32 43 45 -16 44 40 22 42 58 78 61 -12 63 52 17 68 Generación 166
arranca 
Jugando Partidos contra vecino 0
Resultado 9
63578.5
Jugando Partidos contra vecino 1
Resultado 9
70172.2
Jugando Partidos contra vecino 2
Resultado 11
72671.4
Yo soy: 
0 54 32 43 45 -16 44 40 22 42 58 78 61 -12 63 52 17 68 El mejor fue: 2
0 54 32 43 45 -16 44 40 42 42 58 78 61 -12 63 52 17 68 Generación 165
arranca 
Jugando Partidos contra vecino 0
Resultado 9
69861.5
Jugando Partidos contra vecino 1
Resultado 15
71189.5
Yo soy: 
0 54 32 43 45 -16 44 40 42 42 58 78 61 -12 63 52 17 68 El mejor fue: 1
0 54 32 43 45 -16 44 40 42 42 58 58 61 -12 63 52 17 68 Generación 164
arranca 
Jugando Partidos contra vecino 0
Resultado 13
42517.2
Yo soy: 
0 54 32 43 45 -16 44 40 42 42 58 58 61 -12 63 52 17 68 El mejor fue: 0
0 54 32 43 65 -16 44 40 42 42 58 58 61 -12 63 52 17 68 Generación 163
arranca 
Jugando Partidos contra vecino 0
Resultado 13
70804.6
Yo soy: 
0 54 32 43 65 -16 44 40 42 42 58 58 61 -12 63 52 17 68 El mejor fue: 0
0 54 32 43 65 -16 44 40 42 22 58 58 61 -12 63 52 17 68 Generación 162
arranca 
Jugando Partidos contra vecino 0
Resultado 9
67494.5
Jugando Partidos contra vecino 1
Resultado 11
70092.2
Yo soy: 
0 54 32 43 65 -16 44 40 42 22 58 58 61 -12 63 52 17 68 El mejor fue: 1
0 54 32 43 65 -16 44 40 42 22 58 58 41 -12 63 52 17 68 Generación 161
arranca 
Jugando Partidos contra vecino 0
Resultado 11
69048.8
Yo soy: 
0 54 32 43 65 -16 44 40 42 22 58 58 41 -12 63 52 17 68 El mejor fue: 0
0 54 32 43 65 -36 44 40 42 22 58 58 41 -12 63 52 17 68 Generación 160
arranca 
Jugando Partidos contra vecino 0
Resultado 7
65819.8
Jugando Partidos contra vecino 1
Resultado 9
57455.2
Jugando Partidos contra vecino 2
Resultado 15
59675.8
Yo soy: 
0 54 32 43 65 -36 44 40 42 22 58 58 41 -12 63 52 17 68 El mejor fue: 2
0 34 32 43 65 -36 44 40 42 22 58 58 41 -12 63 52 17 68 Generación 159
arranca 
Jugando Partidos contra vecino 0
Resultado 13
62772
Yo soy: 
0 34 32 43 65 -36 44 40 42 22 58 58 41 -12 63 52 17 68 El mejor fue: 0
0 34 32 63 65 -36 44 40 42 22 58 58 41 -12 63 52 17 68 Generación 158
arranca 
Jugando Partidos contra vecino 0
Resultado 11
71587.8
Yo soy: 
0 34 32 63 65 -36 44 40 42 22 58 58 41 -12 63 52 17 68 El mejor fue: 0
0 34 32 63 65 -36 44 40 42 22 58 38 41 -12 63 52 17 68 Generación 157
arranca 
Jugando Partidos contra vecino 0
Resultado 13
53413.6
Yo soy: 
0 34 32 63 65 -36 44 40 42 22 58 38 41 -12 63 52 17 68 El mejor fue: 0
0 34 32 63 65 -36 44 60 42 22 58 38 41 -12 63 52 17 68 Generación 156
arranca 
Jugando Partidos contra vecino 0
Resultado 9
56309.8
Jugando Partidos contra vecino 1
Resultado 11
51022.2
Yo soy: 
0 34 32 63 65 -36 44 60 42 22 58 38 41 -12 63 52 17 68 El mejor fue: 1
0 34 32 63 65 -36 44 60 42 22 58 38 41 -12 63 52 17 88 Generación 155
arranca 
Jugando Partidos contra vecino 0
Resultado 15
61908.6
Yo soy: 
0 34 32 63 65 -36 44 60 42 22 58 38 41 -12 63 52 17 88 El mejor fue: 0
0 34 32 63 65 -36 44 60 42 22 58 58 41 -12 63 52 17 88 Generación 154
arranca 
Jugando Partidos contra vecino 0
Resultado 9
65431.4
Jugando Partidos contra vecino 1
Resultado 13
68334.8
Yo soy: 
0 34 32 63 65 -36 44 60 42 22 58 58 41 -12 63 52 17 88 El mejor fue: 1
0 34 32 63 65 -36 44 40 42 22 58 58 41 -12 63 52 17 88 Generación 153
arranca 
Jugando Partidos contra vecino 0
Resultado 13
67998.5
Yo soy: 
0 34 32 63 65 -36 44 40 42 22 58 58 41 -12 63 52 17 88 El mejor fue: 0
0 34 32 63 65 -36 44 40 62 22 58 58 41 -12 63 52 17 88 Generación 152
arranca 
Jugando Partidos contra vecino 0
Resultado 5
69880.9
Jugando Partidos contra vecino 1
Resultado 13
69429.1
Yo soy: 
0 34 32 63 65 -36 44 40 62 22 58 58 41 -12 63 52 17 88 El mejor fue: 1
0 34 32 63 65 -36 64 40 62 22 58 58 41 -12 63 52 17 88 Generación 151
arranca 
Jugando Partidos contra vecino 0
Resultado 13
57240.2
Yo soy: 
0 34 32 63 65 -36 64 40 62 22 58 58 41 -12 63 52 17 88 El mejor fue: 0
0 34 32 63 65 -36 64 20 62 22 58 58 41 -12 63 52 17 88 Generación 150
arranca 
Jugando Partidos contra vecino 0
Resultado 7
72101.6
Jugando Partidos contra vecino 1
Resultado 13
65407.4
Yo soy: 
0 34 32 63 65 -36 64 20 62 22 58 58 41 -12 63 52 17 88 El mejor fue: 1
0 34 32 63 65 -36 44 20 62 22 58 58 41 -12 63 52 17 88 Generación 149
arranca 
Jugando Partidos contra vecino 0
Resultado 13
57024.9
Yo soy: 
0 34 32 63 65 -36 44 20 62 22 58 58 41 -12 63 52 17 88 El mejor fue: 0
0 14 32 63 65 -36 44 20 62 22 58 58 41 -12 63 52 17 88 Generación 148
arranca 
Jugando Partidos contra vecino 0
Resultado 13
64983.6
Yo soy: 
0 14 32 63 65 -36 44 20 62 22 58 58 41 -12 63 52 17 88 El mejor fue: 0
0 14 32 63 65 -36 44 20 62 22 58 58 41 -12 83 52 17 88 Generación 147
arranca 
Jugando Partidos contra vecino 0
Resultado 9
75630.1
Jugando Partidos contra vecino 1
Resultado 15
63927.2
Yo soy: 
0 14 32 63 65 -36 44 20 62 22 58 58 41 -12 83 52 17 88 El mejor fue: 1
0 14 32 63 65 -36 44 20 62 22 58 58 21 -12 83 52 17 88 Generación 146
arranca 
Jugando Partidos contra vecino 0
Resultado 7
69546.3
Jugando Partidos contra vecino 1
Resultado 9
68223.8
Jugando Partidos contra vecino 2
Resultado 11
66778.3
Yo soy: 
0 14 32 63 65 -36 44 20 62 22 58 58 21 -12 83 52 17 88 El mejor fue: 2
20 14 32 63 65 -36 44 20 62 22 58 58 21 -12 83 52 17 88 Generación 145
arranca 
Jugando Partidos contra vecino 0
Resultado 13
53851.1
Yo soy: 
20 14 32 63 65 -36 44 20 62 22 58 58 21 -12 83 52 17 88 El mejor fue: 0
20 14 32 63 65 -56 44 20 62 22 58 58 21 -12 83 52 17 88 Generación 144
arranca 
Jugando Partidos contra vecino 0
Resultado 11
68065.1
Yo soy: 
20 14 32 63 65 -56 44 20 62 22 58 58 21 -12 83 52 17 88 El mejor fue: 0
20 14 32 63 65 -56 44 20 82 22 58 58 21 -12 83 52 17 88 Generación 143
arranca 
Jugando Partidos contra vecino 0
Resultado 11
61957.2
Yo soy: 
20 14 32 63 65 -56 44 20 82 22 58 58 21 -12 83 52 17 88 El mejor fue: 0
20 14 32 83 65 -56 44 20 82 22 58 58 21 -12 83 52 17 88 Generación 142
arranca 
Jugando Partidos contra vecino 0
Resultado 9
58859
Jugando Partidos contra vecino 1
Resultado 11
68870.8
Yo soy: 
20 14 32 83 65 -56 44 20 82 22 58 58 21 -12 83 52 17 88 El mejor fue: 1
20 14 32 83 65 -56 44 20 82 2 58 58 21 -12 83 52 17 88 Generación 141
arranca 
Jugando Partidos contra vecino 0
Resultado 7
57196.6
Jugando Partidos contra vecino 1
Resultado 11
71076.5
Yo soy: 
20 14 32 83 65 -56 44 20 82 2 58 58 21 -12 83 52 17 88 El mejor fue: 1
20 14 32 83 65 -56 44 20 82 22 58 58 21 -12 83 52 17 88 Generación 140
arranca 
Jugando Partidos contra vecino 0
Resultado 13
69183.5
Yo soy: 
20 14 32 83 65 -56 44 20 82 22 58 58 21 -12 83 52 17 88 El mejor fue: 0
20 14 32 83 65 -56 44 20 82 22 58 58 21 -32 83 52 17 88 Generación 139
arranca 
Jugando Partidos contra vecino 0
Resultado 11
58997.5
Yo soy: 
20 14 32 83 65 -56 44 20 82 22 58 58 21 -32 83 52 17 88 El mejor fue: 0
20 14 32 83 65 -56 44 20 82 42 58 58 21 -32 83 52 17 88 Generación 138
arranca 
Jugando Partidos contra vecino 0
Resultado 13
58648.1
Yo soy: 
20 14 32 83 65 -56 44 20 82 42 58 58 21 -32 83 52 17 88 El mejor fue: 0
20 14 32 83 65 -56 44 20 82 42 58 58 21 -32 83 52 17 68 Generación 137
arranca 
Jugando Partidos contra vecino 0
Resultado 9
71824.3
Jugando Partidos contra vecino 1
Resultado 11
69452.3
Yo soy: 
20 14 32 83 65 -56 44 20 82 42 58 58 21 -32 83 52 17 68 El mejor fue: 1
20 14 32 83 65 -56 44 20 82 42 58 58 21 -32 83 52 17 48 Generación 136
arranca 
Jugando Partidos contra vecino 0
Resultado 9
69270.8
Jugando Partidos contra vecino 1
Resultado 7
71461.3
Jugando Partidos contra vecino 2
Resultado 15
63461.5
Yo soy: 
20 14 32 83 65 -56 44 20 82 42 58 58 21 -32 83 52 17 48 El mejor fue: 2
20 14 32 83 65 -56 44 20 82 42 58 58 21 -32 83 72 17 48 Generación 135
arranca 
Jugando Partidos contra vecino 0
Resultado 13
68885.1
Yo soy: 
20 14 32 83 65 -56 44 20 82 42 58 58 21 -32 83 72 17 48 El mejor fue: 0
20 14 32 83 65 -56 44 20 82 42 58 58 21 -32 83 72 -3 48 Generación 134
arranca 
Jugando Partidos contra vecino 0
Resultado 9
74195.3
Jugando Partidos contra vecino 1
Resultado 13
70193.9
Yo soy: 
20 14 32 83 65 -56 44 20 82 42 58 58 21 -32 83 72 -3 48 El mejor fue: 1
20 14 32 83 65 -56 44 40 82 42 58 58 21 -32 83 72 -3 48 Generación 133
arranca 
Jugando Partidos contra vecino 0
Resultado 15
66080.8
Yo soy: 
20 14 32 83 65 -56 44 40 82 42 58 58 21 -32 83 72 -3 48 El mejor fue: 0
20 14 32 83 65 -76 44 40 82 42 58 58 21 -32 83 72 -3 48 Generación 132
arranca 
Jugando Partidos contra vecino 0
Resultado 11
72485
Yo soy: 
20 14 32 83 65 -76 44 40 82 42 58 58 21 -32 83 72 -3 48 El mejor fue: 0
20 14 32 83 65 -76 44 40 82 42 58 58 21 -12 83 72 -3 48 Generación 131
arranca 
Jugando Partidos contra vecino 0
Resultado 4
69472.4
Jugando Partidos contra vecino 1
Resultado 11
66047.9
Yo soy: 
20 14 32 83 65 -76 44 40 82 42 58 58 21 -12 83 72 -3 48 El mejor fue: 1
20 14 32 83 45 -76 44 40 82 42 58 58 21 -12 83 72 -3 48 Generación 130
arranca 
Jugando Partidos contra vecino 0
Resultado 9
67965.9
Jugando Partidos contra vecino 1
Resultado 15
68991
Yo soy: 
20 14 32 83 45 -76 44 40 82 42 58 58 21 -12 83 72 -3 48 El mejor fue: 1
20 14 32 63 45 -76 44 40 82 42 58 58 21 -12 83 72 -3 48 Generación 129
arranca 
Jugando Partidos contra vecino 0
Resultado 9
73280.6
Jugando Partidos contra vecino 1
Resultado 9
75360
Jugando Partidos contra vecino 2
Resultado 11
64861.9
Yo soy: 
20 14 32 63 45 -76 44 40 82 42 58 58 21 -12 83 72 -3 48 El mejor fue: 2
20 14 32 63 45 -76 44 20 82 42 58 58 21 -12 83 72 -3 48 Generación 128
arranca 
Jugando Partidos contra vecino 0
Resultado 11
66526.4
Yo soy: 
20 14 32 63 45 -76 44 20 82 42 58 58 21 -12 83 72 -3 48 El mejor fue: 0
20 14 32 63 45 -76 64 20 82 42 58 58 21 -12 83 72 -3 48 Generación 127
arranca 
Jugando Partidos contra vecino 0
Resultado 9
65868.3
Jugando Partidos contra vecino 1
Resultado 9
66619.1
Jugando Partidos contra vecino 2
Resultado 11
69193.2
Yo soy: 
20 14 32 63 45 -76 64 20 82 42 58 58 21 -12 83 72 -3 48 El mejor fue: 2
20 14 32 63 45 -76 64 20 82 42 58 58 21 -12 63 72 -3 48 Generación 126
arranca 
Jugando Partidos contra vecino 0
Resultado 11
72415.3
Yo soy: 
20 14 32 63 45 -76 64 20 82 42 58 58 21 -12 63 72 -3 48 El mejor fue: 0
20 14 32 63 45 -76 64 20 82 42 58 58 21 -12 83 72 -3 48 Generación 125
arranca 
Jugando Partidos contra vecino 0
Resultado 13
66750.6
Yo soy: 
20 14 32 63 45 -76 64 20 82 42 58 58 21 -12 83 72 -3 48 El mejor fue: 0
20 14 32 63 45 -76 64 20 82 42 58 58 21 -12 63 72 -3 48 Generación 124
arranca 
Jugando Partidos contra vecino 0
Resultado 7
74268.2
Jugando Partidos contra vecino 1
Resultado 9
71952.6
Jugando Partidos contra vecino 2
Resultado 13
71251.8
Yo soy: 
20 14 32 63 45 -76 64 20 82 42 58 58 21 -12 63 72 -3 48 El mejor fue: 2
20 14 32 83 45 -76 64 20 82 42 58 58 21 -12 63 72 -3 48 Generación 123
arranca 
Jugando Partidos contra vecino 0
Resultado 7
76112.1
Jugando Partidos contra vecino 1
Resultado 9
73890.1
Jugando Partidos contra vecino 2
Resultado 11
65409.7
Yo soy: 
20 14 32 83 45 -76 64 20 82 42 58 58 21 -12 63 72 -3 48 El mejor fue: 2
40 14 32 83 45 -76 64 20 82 42 58 58 21 -12 63 72 -3 48 Generación 122
arranca 
Jugando Partidos contra vecino 0
Resultado 5
72449.5
Jugando Partidos contra vecino 1
Resultado 15
60615.2
Yo soy: 
40 14 32 83 45 -76 64 20 82 42 58 58 21 -12 63 72 -3 48 El mejor fue: 1
40 14 32 83 45 -76 64 0 82 42 58 58 21 -12 63 72 -3 48 Generación 121
arranca 
Jugando Partidos contra vecino 0
Resultado 15
64136.8
Yo soy: 
40 14 32 83 45 -76 64 0 82 42 58 58 21 -12 63 72 -3 48 El mejor fue: 0
40 14 32 83 45 -76 64 20 82 42 58 58 21 -12 63 72 -3 48 Generación 120
arranca 
Jugando Partidos contra vecino 0
Resultado 11
59931.8
Yo soy: 
40 14 32 83 45 -76 64 20 82 42 58 58 21 -12 63 72 -3 48 El mejor fue: 0
40 14 32 83 45 -56 64 20 82 42 58 58 21 -12 63 72 -3 48 Generación 119
arranca 
Jugando Partidos contra vecino 0
Resultado 15
62177.3
Yo soy: 
40 14 32 83 45 -56 64 20 82 42 58 58 21 -12 63 72 -3 48 El mejor fue: 0
20 14 32 83 45 -56 64 20 82 42 58 58 21 -12 63 72 -3 48 Generación 118
arranca 
Jugando Partidos contra vecino 0
Resultado 15
64991.1
Yo soy: 
20 14 32 83 45 -56 64 20 82 42 58 58 21 -12 63 72 -3 48 El mejor fue: 0
20 14 32 83 45 -56 64 20 82 42 58 58 21 -12 63 72 -23 48 Generación 117
arranca 
Jugando Partidos contra vecino 0
Resultado 11
71585.7
Yo soy: 
20 14 32 83 45 -56 64 20 82 42 58 58 21 -12 63 72 -23 48 El mejor fue: 0
20 14 32 83 45 -56 64 20 82 42 58 58 21 -12 63 72 -3 48 Generación 116
arranca 
Jugando Partidos contra vecino 0
Resultado 11
63867.1
Yo soy: 
20 14 32 83 45 -56 64 20 82 42 58 58 21 -12 63 72 -3 48 El mejor fue: 0
20 14 12 83 45 -56 64 20 82 42 58 58 21 -12 63 72 -3 48 Generación 115
arranca 
Jugando Partidos contra vecino 0
Resultado 11
63524.7
Yo soy: 
20 14 12 83 45 -56 64 20 82 42 58 58 21 -12 63 72 -3 48 El mejor fue: 0
20 14 12 83 45 -56 64 20 82 42 78 58 21 -12 63 72 -3 48 Generación 114
arranca 
Jugando Partidos contra vecino 0
Resultado 13
65969.3
Yo soy: 
20 14 12 83 45 -56 64 20 82 42 78 58 21 -12 63 72 -3 48 El mejor fue: 0
20 14 12 83 45 -56 64 20 82 42 78 58 21 -12 43 72 -3 48 Generación 113
arranca 
Jugando Partidos contra vecino 0
Resultado 11
68253.4
Yo soy: 
20 14 12 83 45 -56 64 20 82 42 78 58 21 -12 43 72 -3 48 El mejor fue: 0
20 -6 12 83 45 -56 64 20 82 42 78 58 21 -12 43 72 -3 48 Generación 112
arranca 
Jugando Partidos contra vecino 0
Resultado 11
76472.7
Yo soy: 
20 -6 12 83 45 -56 64 20 82 42 78 58 21 -12 43 72 -3 48 El mejor fue: 0
20 -6 12 83 45 -56 64 0 82 42 78 58 21 -12 43 72 -3 48 Generación 111
arranca 
Jugando Partidos contra vecino 0
Resultado 13
58181.7
Yo soy: 
20 -6 12 83 45 -56 64 0 82 42 78 58 21 -12 43 72 -3 48 El mejor fue: 0
0 -6 12 83 45 -56 64 0 82 42 78 58 21 -12 43 72 -3 48 Generación 110
arranca 
Jugando Partidos contra vecino 0
Resultado 13
75472.4
Yo soy: 
0 -6 12 83 45 -56 64 0 82 42 78 58 21 -12 43 72 -3 48 El mejor fue: 0
0 -6 12 43 45 -56 64 0 82 42 78 58 21 -12 43 72 -3 48 Generación 109
arranca 
Jugando Partidos contra vecino 0
Resultado 13
77213.2
Yo soy: 
0 -6 12 43 45 -56 64 0 82 42 78 58 21 -12 43 72 -3 48 El mejor fue: 0
0 -6 12 43 45 -56 64 0 82 42 78 58 41 -12 43 72 -3 48 Generación 108
arranca 
Jugando Partidos contra vecino 0
Resultado 15
68642.9
Yo soy: 
0 -6 12 43 45 -56 64 0 82 42 78 58 41 -12 43 72 -3 48 El mejor fue: 0
0 -6 12 43 45 -56 64 0 42 42 78 58 41 -12 43 72 -3 48 Generación 107
arranca 
Jugando Partidos contra vecino 0
Resultado 9
76258.4
Jugando Partidos contra vecino 1
Resultado 9
71546.9
Jugando Partidos contra vecino 2
Resultado 13
74394.9
Yo soy: 
0 -6 12 43 45 -56 64 0 42 42 78 58 41 -12 43 72 -3 48 El mejor fue: 2
0 -6 12 43 45 -56 64 0 42 42 78 58 41 -12 43 72 17 48 Generación 106
arranca 
Jugando Partidos contra vecino 0
Resultado 11
76342.6
Yo soy: 
0 -6 12 43 45 -56 64 0 42 42 78 58 41 -12 43 72 17 48 El mejor fue: 0
0 -6 12 43 45 -56 64 20 42 42 78 58 41 -12 43 72 17 48 Generación 105
arranca 
Jugando Partidos contra vecino 0
Resultado 11
76764
Yo soy: 
0 -6 12 43 45 -56 64 20 42 42 78 58 41 -12 43 72 17 48 El mejor fue: 0
0 -6 12 43 45 -56 64 20 42 42 78 58 41 -12 43 52 17 48 Generación 104
arranca 
Jugando Partidos contra vecino 0
Resultado 13
70381.2
Yo soy: 
0 -6 12 43 45 -56 64 20 42 42 78 58 41 -12 43 52 17 48 El mejor fue: 0
0 -6 12 43 45 -56 64 20 42 62 78 58 41 -12 43 52 17 48 Generación 103
arranca 
Jugando Partidos contra vecino 0
Resultado 13
76288.3
Yo soy: 
0 -6 12 43 45 -56 64 20 42 62 78 58 41 -12 43 52 17 48 El mejor fue: 0
0 -6 12 43 45 -56 64 20 42 62 78 58 41 -12 63 52 17 48 Generación 102
arranca 
Jugando Partidos contra vecino 0
Resultado 15
75507.8
Yo soy: 
0 -6 12 43 45 -56 64 20 42 62 78 58 41 -12 63 52 17 48 El mejor fue: 0
0 -6 12 43 45 -56 64 20 42 62 78 58 41 -12 63 52 17 28 Generación 101
arranca 
Jugando Partidos contra vecino 0
Resultado 11
78727.7
Yo soy: 
0 -6 12 43 45 -56 64 20 42 62 78 58 41 -12 63 52 17 28 El mejor fue: 0
20 -6 12 43 45 -56 64 20 42 62 78 58 41 -12 63 52 17 28 Generación 100
arranca 
Jugando Partidos contra vecino 0
Resultado 9
70075.9
Jugando Partidos contra vecino 1
Resultado 13
73968.4
Yo soy: 
20 -6 12 43 45 -56 64 20 42 62 78 58 41 -12 63 52 17 28 El mejor fue: 1
20 -6 12 43 45 -56 64 20 42 62 78 58 61 -12 63 52 17 28 Generación 99
arranca 
Jugando Partidos contra vecino 0
Resultado 13
72061.2
Yo soy: 
20 -6 12 43 45 -56 64 20 42 62 78 58 61 -12 63 52 17 28 El mejor fue: 0
20 -6 12 43 45 -56 64 20 42 62 78 58 61 -12 63 52 17 48 Generación 98
arranca 
Jugando Partidos contra vecino 0
Resultado 13
73075.4
Yo soy: 
20 -6 12 43 45 -56 64 20 42 62 78 58 61 -12 63 52 17 48 El mejor fue: 0
20 -6 12 43 45 -56 64 20 42 62 78 38 61 -12 63 52 17 48 Generación 97
arranca 
Jugando Partidos contra vecino 0
Resultado 11
70113.3
Yo soy: 
20 -6 12 43 45 -56 64 20 42 62 78 38 61 -12 63 52 17 48 El mejor fue: 0
20 -6 12 43 25 -56 64 20 42 62 78 38 61 -12 63 52 17 48 Generación 96
arranca 
Jugando Partidos contra vecino 0
Resultado 11
77030.3
Yo soy: 
20 -6 12 43 25 -56 64 20 42 62 78 38 61 -12 63 52 17 48 El mejor fue: 0
20 -6 12 43 25 -56 64 20 42 62 98 38 61 -12 63 52 17 48 Generación 95
arranca 
Jugando Partidos contra vecino 0
Resultado 11
76454.4
Yo soy: 
20 -6 12 43 25 -56 64 20 42 62 98 38 61 -12 63 52 17 48 El mejor fue: 0
20 -6 12 43 25 -56 64 20 42 62 98 38 61 -12 63 52 -3 48 Generación 94
arranca 
Jugando Partidos contra vecino 0
Resultado 9
76047.9
Jugando Partidos contra vecino 1
Resultado 11
72747.2
Yo soy: 
20 -6 12 43 25 -56 64 20 42 62 98 38 61 -12 63 52 -3 48 El mejor fue: 1
20 -6 12 43 25 -56 64 20 42 62 98 38 61 -12 63 52 -3 68 Generación 93
arranca 
Jugando Partidos contra vecino 0
Resultado 5
61190.4
Jugando Partidos contra vecino 1
Resultado 11
65905.8
Yo soy: 
20 -6 12 43 25 -56 64 20 42 62 98 38 61 -12 63 52 -3 68 El mejor fue: 1
20 -6 12 43 25 -56 64 20 42 62 98 38 61 -12 63 52 17 68 Generación 92
arranca 
Jugando Partidos contra vecino 0
Resultado 13
67857.1
Yo soy: 
20 -6 12 43 25 -56 64 20 42 62 98 38 61 -12 63 52 17 68 El mejor fue: 0
20 -6 12 43 25 -56 64 20 42 62 98 58 61 -12 63 52 17 68 Generación 91
arranca 
Jugando Partidos contra vecino 0
Resultado 13
68793.3
Yo soy: 
20 -6 12 43 25 -56 64 20 42 62 98 58 61 -12 63 52 17 68 El mejor fue: 0
20 -6 12 43 25 -56 64 20 42 62 98 58 61 -32 63 52 17 68 Generación 90
arranca 
Jugando Partidos contra vecino 0
Resultado 11
63922.5
Yo soy: 
20 -6 12 43 25 -56 64 20 42 62 98 58 61 -32 63 52 17 68 El mejor fue: 0
20 -6 12 43 45 -56 64 20 42 62 98 58 61 -32 63 52 17 68 Generación 89
arranca 
Jugando Partidos contra vecino 0
Resultado 13
58003.6
Yo soy: 
20 -6 12 43 45 -56 64 20 42 62 98 58 61 -32 63 52 17 68 El mejor fue: 0
20 -6 12 43 45 -56 64 20 42 62 98 58 61 -32 63 52 37 68 Generación 88
arranca 
Jugando Partidos contra vecino 0
Resultado 11
72475.1
Yo soy: 
20 -6 12 43 45 -56 64 20 42 62 98 58 61 -32 63 52 37 68 El mejor fue: 0
20 -6 12 43 45 -56 64 20 22 62 98 58 61 -32 63 52 37 68 Generación 87
arranca 
Jugando Partidos contra vecino 0
Resultado 13
78068.2
Yo soy: 
20 -6 12 43 45 -56 64 20 22 62 98 58 61 -32 63 52 37 68 El mejor fue: 0
20 -6 12 43 45 -56 64 20 42 62 98 58 61 -32 63 52 37 68 Generación 86
arranca 
Jugando Partidos contra vecino 0
Resultado 9
59787.1
Jugando Partidos contra vecino 1
Resultado 11
64821.5
Yo soy: 
20 -6 12 43 45 -56 64 20 42 62 98 58 61 -32 63 52 37 68 El mejor fue: 1
40 -6 12 43 45 -56 64 20 42 62 98 58 61 -32 63 52 37 68 Generación 85
arranca 
Jugando Partidos contra vecino 0
Resultado 11
78409.1
Yo soy: 
40 -6 12 43 45 -56 64 20 42 62 98 58 61 -32 63 52 37 68 El mejor fue: 0
40 -6 12 43 45 -56 64 20 42 62 98 78 61 -32 63 52 37 68 Generación 84
arranca 
Jugando Partidos contra vecino 0
Resultado 11
66782.5
Yo soy: 
40 -6 12 43 45 -56 64 20 42 62 98 78 61 -32 63 52 37 68 El mejor fue: 0
40 -6 12 43 45 -56 64 20 42 62 98 78 61 -32 63 52 37 48 Generación 83
arranca 
Jugando Partidos contra vecino 0
Resultado 13
66900.5
Yo soy: 
40 -6 12 43 45 -56 64 20 42 62 98 78 61 -32 63 52 37 48 El mejor fue: 0
40 14 12 43 45 -56 64 20 42 62 98 78 61 -32 63 52 37 48 Generación 82
arranca 
Jugando Partidos contra vecino 0
Resultado 15
69108.8
Yo soy: 
40 14 12 43 45 -56 64 20 42 62 98 78 61 -32 63 52 37 48 El mejor fue: 0
40 14 12 43 45 -56 64 20 42 62 78 78 61 -32 63 52 37 48 Generación 81
arranca 
Jugando Partidos contra vecino 0
Resultado 11
64921.5
Yo soy: 
40 14 12 43 45 -56 64 20 42 62 78 78 61 -32 63 52 37 48 El mejor fue: 0
40 14 12 43 45 -56 64 20 42 62 78 78 61 -52 63 52 37 48 Generación 80
arranca 
Jugando Partidos contra vecino 0
Resultado 13
70280
Yo soy: 
40 14 12 43 45 -56 64 20 42 62 78 78 61 -52 63 52 37 48 El mejor fue: 0
40 14 12 43 45 -56 64 20 42 62 78 78 61 -52 63 52 57 48 Generación 79
arranca 
Jugando Partidos contra vecino 0
Resultado 5
64928.6
Jugando Partidos contra vecino 1
Resultado 7
68680
Jugando Partidos contra vecino 2
Resultado 9
58395.2
Jugando Partidos contra vecino 3
Resultado 7
56831.8
Jugando Partidos contra vecino 4
Resultado 9
74177.1
Jugando Partidos contra vecino 5
Resultado 5
49137.6
Jugando Partidos contra vecino 6
Resultado 9
64060
Jugando Partidos contra vecino 7
Resultado 5
49106.2
Jugando Partidos contra vecino 8
Resultado 9
69139.7
Jugando Partidos contra vecino 9
Resultado 9
50947.2
Jugando Partidos contra vecino 10
Resultado 9
63572.7
Jugando Partidos contra vecino 11
Resultado 7
45292.8
Jugando Partidos contra vecino 12
Resultado 11
68006.4
Yo soy: 
40 14 12 43 45 -56 64 20 42 62 78 78 61 -52 63 52 57 48 El mejor fue: 12
40 -6 12 43 45 -56 64 20 42 62 78 78 61 -52 63 52 57 48 Generación 78
arranca 
Jugando Partidos contra vecino 0
Resultado 9
52850.8
Jugando Partidos contra vecino 1
Resultado 9
63563.6
Jugando Partidos contra vecino 2
Resultado 9
67876.1
Jugando Partidos contra vecino 3
Resultado 7
76381.2
Jugando Partidos contra vecino 4
Resultado 11
63510.8
Yo soy: 
40 -6 12 43 45 -56 64 20 42 62 78 78 61 -52 63 52 57 48 El mejor fue: 4
40 -6 12 43 45 -56 64 40 42 62 78 78 61 -52 63 52 57 48 Generación 77
arranca 
Jugando Partidos contra vecino 0
Resultado 5
63373.2
Jugando Partidos contra vecino 1
Resultado 15
72240.4
Yo soy: 
40 -6 12 43 45 -56 64 40 42 62 78 78 61 -52 63 52 57 48 El mejor fue: 1
40 -6 12 43 45 -56 64 40 42 62 78 78 61 -52 63 72 57 48 Generación 76
arranca 
Jugando Partidos contra vecino 0
Resultado 11
76518.6
Yo soy: 
40 -6 12 43 45 -56 64 40 42 62 78 78 61 -52 63 72 57 48 El mejor fue: 0
40 -6 12 43 45 -56 64 40 42 62 78 78 61 -52 83 72 57 48 Generación 75
arranca 
Jugando Partidos contra vecino 0
Resultado 11
68783.8
Yo soy: 
40 -6 12 43 45 -56 64 40 42 62 78 78 61 -52 83 72 57 48 El mejor fue: 0
40 -6 12 43 45 -36 64 40 42 62 78 78 61 -52 83 72 57 48 Generación 74
arranca 
Jugando Partidos contra vecino 0
Resultado 13
71770.5
Yo soy: 
40 -6 12 43 45 -36 64 40 42 62 78 78 61 -52 83 72 57 48 El mejor fue: 0
40 -6 12 43 45 -36 64 40 42 82 78 78 61 -52 83 72 57 48 Generación 73
arranca 
Jugando Partidos contra vecino 0
Resultado 11
75518
Yo soy: 
40 -6 12 43 45 -36 64 40 42 82 78 78 61 -52 83 72 57 48 El mejor fue: 0
40 -6 12 43 45 -36 64 40 42 82 78 78 61 -52 83 72 57 28 Generación 72
arranca 
Jugando Partidos contra vecino 0
Resultado 11
70232.8
Yo soy: 
40 -6 12 43 45 -36 64 40 42 82 78 78 61 -52 83 72 57 28 El mejor fue: 0
40 -6 12 43 45 -56 64 40 42 82 78 78 61 -52 83 72 57 28 Generación 71
arranca 
Jugando Partidos contra vecino 0
Resultado 13
72209.8
Yo soy: 
40 -6 12 43 45 -56 64 40 42 82 78 78 61 -52 83 72 57 28 El mejor fue: 0
40 -6 12 43 25 -56 64 40 42 82 78 78 61 -52 83 72 57 28 Generación 70
arranca 
Jugando Partidos contra vecino 0
Resultado 11
74878.4
Yo soy: 
40 -6 12 43 25 -56 64 40 42 82 78 78 61 -52 83 72 57 28 El mejor fue: 0
40 -6 12 43 25 -56 64 40 42 82 78 78 61 -52 83 72 77 28 Generación 69
arranca 
Jugando Partidos contra vecino 0
Resultado 9
67055.8
Jugando Partidos contra vecino 1
Resultado 9
63772.7
Jugando Partidos contra vecino 2
Resultado 9
55749.2
Jugando Partidos contra vecino 3
Resultado 9
60297
Jugando Partidos contra vecino 4
Resultado 9
60065.2
Jugando Partidos contra vecino 5
Resultado 7
56540.8
Jugando Partidos contra vecino 6
Resultado 9
53254.9
Jugando Partidos contra vecino 7
Resultado 13
63757.8
Yo soy: 
40 -6 12 43 25 -56 64 40 42 82 78 78 61 -52 83 72 77 28 El mejor fue: 7
40 -6 12 43 25 -56 64 40 42 82 78 78 41 -52 83 72 77 28 Generación 68
arranca 
Jugando Partidos contra vecino 0
Resultado 9
50845.1
Jugando Partidos contra vecino 1
Resultado 9
53296.2
Jugando Partidos contra vecino 2
Resultado 5
69403.3
Jugando Partidos contra vecino 3
Resultado 9
59108.4
Jugando Partidos contra vecino 4
Resultado 11
68547.8
Yo soy: 
40 -6 12 43 25 -56 64 40 42 82 78 78 41 -52 83 72 77 28 El mejor fue: 4
40 -6 12 43 25 -56 64 40 42 82 78 78 41 -52 43 72 77 28 Generación 67
arranca 
Jugando Partidos contra vecino 0
Resultado 9
65721
Jugando Partidos contra vecino 1
Resultado 13
63102.8
Yo soy: 
40 -6 12 43 25 -56 64 40 42 82 78 78 41 -52 43 72 77 28 El mejor fue: 1
40 -6 12 43 25 -56 64 40 42 82 78 78 41 -72 43 72 77 28 Generación 66
arranca 
Jugando Partidos contra vecino 0
Resultado 11
73304
Yo soy: 
40 -6 12 43 25 -56 64 40 42 82 78 78 41 -72 43 72 77 28 El mejor fue: 0
40 -6 12 43 25 -56 64 40 42 82 78 98 41 -72 43 72 77 28 Generación 65
arranca 
Jugando Partidos contra vecino 0
Resultado 11
75082.1
Yo soy: 
40 -6 12 43 25 -56 64 40 42 82 78 98 41 -72 43 72 77 28 El mejor fue: 0
40 -6 12 43 25 -56 64 60 42 82 78 98 41 -72 43 72 77 28 Generación 64
arranca 
Jugando Partidos contra vecino 0
Resultado 11
65061.3
Yo soy: 
40 -6 12 43 25 -56 64 60 42 82 78 98 41 -72 43 72 77 28 El mejor fue: 0
40 -6 12 63 25 -56 64 60 42 82 78 98 41 -72 43 72 77 28 Generación 63
arranca 
Jugando Partidos contra vecino 0
Resultado 13
68672.8
Yo soy: 
40 -6 12 63 25 -56 64 60 42 82 78 98 41 -72 43 72 77 28 El mejor fue: 0
40 -6 12 63 25 -56 44 60 42 82 78 98 41 -72 43 72 77 28 Generación 62
arranca 
Jugando Partidos contra vecino 0
Resultado 9
65514.5
Jugando Partidos contra vecino 1
Resultado 7
67763.3
Jugando Partidos contra vecino 2
Resultado 15
54222.9
Yo soy: 
40 -6 12 63 25 -56 44 60 42 82 78 98 41 -72 43 72 77 28 El mejor fue: 2
40 -6 12 63 25 -56 44 60 42 82 78 98 41 -72 43 72 77 8 Generación 61
arranca 
Jugando Partidos contra vecino 0
Resultado 13
57434.4
Yo soy: 
40 -6 12 63 25 -56 44 60 42 82 78 98 41 -72 43 72 77 8 El mejor fue: 0
40 -6 12 63 25 -56 44 60 42 82 78 98 41 -72 43 72 77 28 Generación 60
arranca 
Jugando Partidos contra vecino 0
Resultado 11
74515.3
Yo soy: 
40 -6 12 63 25 -56 44 60 42 82 78 98 41 -72 43 72 77 28 El mejor fue: 0
40 -6 12 63 25 -56 44 60 42 42 78 98 41 -72 43 72 77 28 Generación 59
arranca 
Jugando Partidos contra vecino 0
Resultado 11
72665.8
Yo soy: 
40 -6 12 63 25 -56 44 60 42 42 78 98 41 -72 43 72 77 28 El mejor fue: 0
40 -6 12 63 25 -56 44 60 42 42 78 58 41 -72 43 72 77 28 Generación 58
arranca 
Jugando Partidos contra vecino 0
Resultado 11
73282.5
Yo soy: 
40 -6 12 63 25 -56 44 60 42 42 78 58 41 -72 43 72 77 28 El mejor fue: 0
40 -6 12 63 25 -56 44 60 42 42 78 58 41 -72 43 72 97 28 Generación 57
arranca 
Jugando Partidos contra vecino 0
Resultado 11
70667.5
Yo soy: 
40 -6 12 63 25 -56 44 60 42 42 78 58 41 -72 43 72 97 28 El mejor fue: 0
40 -6 12 63 25 -56 44 40 42 42 78 58 41 -72 43 72 97 28 Generación 56
arranca 
Jugando Partidos contra vecino 0
Resultado 9
74388.3
Jugando Partidos contra vecino 1
Resultado 13
69188.8
Yo soy: 
40 -6 12 63 25 -56 44 40 42 42 78 58 41 -72 43 72 97 28 El mejor fue: 1
40 -6 12 63 25 -56 44 60 42 42 78 58 41 -72 43 72 97 28 Generación 55
arranca 
Jugando Partidos contra vecino 0
Resultado 5
69891.6
Jugando Partidos contra vecino 1
Resultado 11
62857.4
Yo soy: 
40 -6 12 63 25 -56 44 60 42 42 78 58 41 -72 43 72 97 28 El mejor fue: 1
40 -6 12 63 25 -56 44 60 42 42 78 58 41 -52 43 72 97 28 Generación 54
arranca 
Jugando Partidos contra vecino 0
Resultado 13
66891.9
Yo soy: 
40 -6 12 63 25 -56 44 60 42 42 78 58 41 -52 43 72 97 28 El mejor fue: 0
40 -6 12 63 25 -56 44 60 42 62 78 58 41 -52 43 72 97 28 Generación 53
arranca 
Jugando Partidos contra vecino 0
Resultado 11
55859.4
Yo soy: 
40 -6 12 63 25 -56 44 60 42 62 78 58 41 -52 43 72 97 28 El mejor fue: 0
40 -6 12 63 25 -56 44 60 42 62 78 58 41 -52 43 72 77 28 Generación 52
arranca 
Jugando Partidos contra vecino 0
Resultado 13
59520.9
Yo soy: 
40 -6 12 63 25 -56 44 60 42 62 78 58 41 -52 43 72 77 28 El mejor fue: 0
40 -6 12 63 25 -56 44 60 42 62 58 58 41 -52 43 72 77 28 Generación 51
arranca 
Jugando Partidos contra vecino 0
Resultado 7
76466.4
Jugando Partidos contra vecino 1
Resultado 11
60071.9
Yo soy: 
40 -6 12 63 25 -56 44 60 42 62 58 58 41 -52 43 72 77 28 El mejor fue: 1
40 -6 12 63 25 -56 44 60 42 62 58 78 41 -52 43 72 77 28 Generación 50
arranca 
Jugando Partidos contra vecino 0
Resultado 13
63075.9
Yo soy: 
40 -6 12 63 25 -56 44 60 42 62 58 78 41 -52 43 72 77 28 El mejor fue: 0
40 -6 12 63 25 -56 64 60 42 62 58 78 41 -52 43 72 77 28 Generación 49
arranca 
Jugando Partidos contra vecino 0
Resultado 9
54537.6
Jugando Partidos contra vecino 1
Resultado 7
76531.9
Jugando Partidos contra vecino 2
Resultado 9
70465
Jugando Partidos contra vecino 3
Resultado 9
65593.1
Jugando Partidos contra vecino 4
Resultado 11
56956.7
Yo soy: 
40 -6 12 63 25 -56 64 60 42 62 58 78 41 -52 43 72 77 28 El mejor fue: 4
40 -26 12 63 25 -56 64 60 42 62 58 78 41 -52 43 72 77 28 Generación 48
arranca 
Jugando Partidos contra vecino 0
Resultado 11
56608.8
Yo soy: 
40 -26 12 63 25 -56 64 60 42 62 58 78 41 -52 43 72 77 28 El mejor fue: 0
40 -26 -8 63 25 -56 64 60 42 62 58 78 41 -52 43 72 77 28 Generación 47
arranca 
Jugando Partidos contra vecino 0
Resultado 9
70664.4
Jugando Partidos contra vecino 1
Resultado 11
61529
Yo soy: 
40 -26 -8 63 25 -56 64 60 42 62 58 78 41 -52 43 72 77 28 El mejor fue: 1
40 -26 -8 63 25 -56 64 60 42 62 58 78 41 -72 43 72 77 28 Generación 46
arranca 
Jugando Partidos contra vecino 0
Resultado 15
36377.5
Yo soy: 
40 -26 -8 63 25 -56 64 60 42 62 58 78 41 -72 43 72 77 28 El mejor fue: 0
40 -26 -8 63 25 -56 64 60 42 62 58 78 41 -72 43 92 77 28 Generación 45
arranca 
Jugando Partidos contra vecino 0
Resultado 9
67789.3
Jugando Partidos contra vecino 1
Resultado 15
69555.9
Yo soy: 
40 -26 -8 63 25 -56 64 60 42 62 58 78 41 -72 43 92 77 28 El mejor fue: 1
40 -26 -8 63 25 -56 64 60 42 82 58 78 41 -72 43 92 77 28 Generación 44
arranca 
Jugando Partidos contra vecino 0
Resultado 15
69138.6
Yo soy: 
40 -26 -8 63 25 -56 64 60 42 82 58 78 41 -72 43 92 77 28 El mejor fue: 0
40 -26 -8 63 25 -56 64 60 42 82 58 58 41 -72 43 92 77 28 Generación 43
arranca 
Jugando Partidos contra vecino 0
Resultado 7
72196.2
Jugando Partidos contra vecino 1
Resultado 13
55818.7
Yo soy: 
40 -26 -8 63 25 -56 64 60 42 82 58 58 41 -72 43 92 77 28 El mejor fue: 1
40 -6 -8 63 25 -56 64 60 42 82 58 58 41 -72 43 92 77 28 Generación 42
arranca 
Jugando Partidos contra vecino 0
Resultado 15
65453
Yo soy: 
40 -6 -8 63 25 -56 64 60 42 82 58 58 41 -72 43 92 77 28 El mejor fue: 0
40 -6 -8 63 25 -56 64 80 42 82 58 58 41 -72 43 92 77 28 Generación 41
arranca 
Jugando Partidos contra vecino 0
Resultado 15
65066.2
Yo soy: 
40 -6 -8 63 25 -56 64 80 42 82 58 58 41 -72 43 92 77 28 El mejor fue: 0
40 -6 -8 63 25 -56 44 80 42 82 58 58 41 -72 43 92 77 28 Generación 40
arranca 
Jugando Partidos contra vecino 0
Resultado 15
61822.9
Yo soy: 
40 -6 -8 63 25 -56 44 80 42 82 58 58 41 -72 43 92 77 28 El mejor fue: 0
40 -6 -8 63 25 -56 44 80 42 82 58 58 41 -92 43 92 77 28 Generación 39
arranca 
Jugando Partidos contra vecino 0
Resultado 13
66870.3
Yo soy: 
40 -6 -8 63 25 -56 44 80 42 82 58 58 41 -92 43 92 77 28 El mejor fue: 0
40 -6 -8 63 25 -56 44 80 62 82 58 58 41 -92 43 92 77 28 Generación 38
arranca 
Jugando Partidos contra vecino 0
Resultado 11
60937.6
Yo soy: 
40 -6 -8 63 25 -56 44 80 62 82 58 58 41 -92 43 92 77 28 El mejor fue: 0
40 -6 -8 63 25 -76 44 80 62 82 58 58 41 -92 43 92 77 28 Generación 37
arranca 
Jugando Partidos contra vecino 0
Resultado 13
67038.7
Yo soy: 
40 -6 -8 63 25 -76 44 80 62 82 58 58 41 -92 43 92 77 28 El mejor fue: 0
40 -6 -8 63 25 -76 44 80 62 82 78 58 41 -92 43 92 77 28 Generación 36
arranca 
Jugando Partidos contra vecino 0
Resultado 5
68629.7
Jugando Partidos contra vecino 1
Resultado 11
63029.9
Yo soy: 
40 -6 -8 63 25 -76 44 80 62 82 78 58 41 -92 43 92 77 28 El mejor fue: 1
40 -6 -8 83 25 -76 44 80 62 82 78 58 41 -92 43 92 77 28 Generación 35
arranca 
Jugando Partidos contra vecino 0
Resultado 13
65907.9
Yo soy: 
40 -6 -8 83 25 -76 44 80 62 82 78 58 41 -92 43 92 77 28 El mejor fue: 0
40 -6 -8 83 25 -76 44 60 62 82 78 58 41 -92 43 92 77 28 Generación 34
arranca 
Jugando Partidos contra vecino 0
Resultado 11
65112.4
Yo soy: 
40 -6 -8 83 25 -76 44 60 62 82 78 58 41 -92 43 92 77 28 El mejor fue: 0
40 14 -8 83 25 -76 44 60 62 82 78 58 41 -92 43 92 77 28 Generación 33
arranca 
Jugando Partidos contra vecino 0
Resultado 13
55833.9
Yo soy: 
40 14 -8 83 25 -76 44 60 62 82 78 58 41 -92 43 92 77 28 El mejor fue: 0
20 14 -8 83 25 -76 44 60 62 82 78 58 41 -92 43 92 77 28 Generación 32
arranca 
Jugando Partidos contra vecino 0
Resultado 11
67854.4
Yo soy: 
20 14 -8 83 25 -76 44 60 62 82 78 58 41 -92 43 92 77 28 El mejor fue: 0
20 14 -8 83 25 -76 44 60 62 82 58 58 41 -92 43 92 77 28 Generación 31
arranca 
Jugando Partidos contra vecino 0
Resultado 11
60880.6
Yo soy: 
20 14 -8 83 25 -76 44 60 62 82 58 58 41 -92 43 92 77 28 El mejor fue: 0
20 14 -8 83 25 -76 44 60 82 82 58 58 41 -92 43 92 77 28 Generación 30
arranca 
Jugando Partidos contra vecino 0
Resultado 11
60338.4
Yo soy: 
20 14 -8 83 25 -76 44 60 82 82 58 58 41 -92 43 92 77 28 El mejor fue: 0
20 14 12 83 25 -76 44 60 82 82 58 58 41 -92 43 92 77 28 Generación 29
arranca 
Jugando Partidos contra vecino 0
Resultado 13
65921.3
Yo soy: 
20 14 12 83 25 -76 44 60 82 82 58 58 41 -92 43 92 77 28 El mejor fue: 0
20 14 12 83 25 -76 44 60 82 82 58 58 41 -72 43 92 77 28 Generación 28
arranca 
Jugando Partidos contra vecino 0
Resultado 13
74039.8
Yo soy: 
20 14 12 83 25 -76 44 60 82 82 58 58 41 -72 43 92 77 28 El mejor fue: 0
20 14 12 83 25 -56 44 60 82 82 58 58 41 -72 43 92 77 28 Generación 27
arranca 
Jugando Partidos contra vecino 0
Resultado 13
58820.8
Yo soy: 
20 14 12 83 25 -56 44 60 82 82 58 58 41 -72 43 92 77 28 El mejor fue: 0
20 14 12 43 25 -56 44 60 82 82 58 58 41 -72 43 92 77 28 Generación 26
arranca 
Jugando Partidos contra vecino 0
Resultado 13
62401.4
Yo soy: 
20 14 12 43 25 -56 44 60 82 82 58 58 41 -72 43 92 77 28 El mejor fue: 0
20 14 12 43 25 -56 44 60 82 82 58 58 41 -72 43 92 97 28 Generación 25
arranca 
Jugando Partidos contra vecino 0
Resultado 7
47043.6
Jugando Partidos contra vecino 1
Resultado 11
56920.6
Yo soy: 
20 14 12 43 25 -56 44 60 82 82 58 58 41 -72 43 92 97 28 El mejor fue: 1
40 14 12 43 25 -56 44 60 82 82 58 58 41 -72 43 92 97 28 Generación 24
arranca 
Jugando Partidos contra vecino 0
Resultado 13
57183.1
Yo soy: 
40 14 12 43 25 -56 44 60 82 82 58 58 41 -72 43 92 97 28 El mejor fue: 0
40 14 12 43 25 -56 44 60 82 82 58 58 21 -72 43 92 97 28 Generación 23
arranca 
Jugando Partidos contra vecino 0
Resultado 15
63355.8
Yo soy: 
40 14 12 43 25 -56 44 60 82 82 58 58 21 -72 43 92 97 28 El mejor fue: 0
40 14 12 43 25 -56 44 60 82 82 58 58 21 -72 43 92 97 8 Generación 22
arranca 
Jugando Partidos contra vecino 0
Resultado 13
53255
Yo soy: 
40 14 12 43 25 -56 44 60 82 82 58 58 21 -72 43 92 97 8 El mejor fue: 0
40 14 12 43 25 -56 44 60 82 82 78 58 21 -72 43 92 97 8 Generación 21
arranca 
Jugando Partidos contra vecino 0
Resultado 13
60574.8
Yo soy: 
40 14 12 43 25 -56 44 60 82 82 78 58 21 -72 43 92 97 8 El mejor fue: 0
40 14 12 43 25 -56 44 60 82 82 78 38 21 -72 43 92 97 8 Generación 20
arranca 
Jugando Partidos contra vecino 0
Resultado 13
59139.4
Yo soy: 
40 14 12 43 25 -56 44 60 82 82 78 38 21 -72 43 92 97 8 El mejor fue: 0
40 14 12 43 25 -56 44 60 82 82 78 58 21 -72 43 92 97 8 Generación 19
arranca 
Jugando Partidos contra vecino 0
Resultado 13
53047.4
Yo soy: 
40 14 12 43 25 -56 44 60 82 82 78 58 21 -72 43 92 97 8 El mejor fue: 0
40 14 12 43 25 -56 44 60 82 82 78 58 41 -72 43 92 97 8 Generación 18
arranca 
Jugando Partidos contra vecino 0
Resultado 15
58897.1
Yo soy: 
40 14 12 43 25 -56 44 60 82 82 78 58 41 -72 43 92 97 8 El mejor fue: 0
40 14 32 43 25 -56 44 60 82 82 78 58 41 -72 43 92 97 8 Generación 17
arranca 
Jugando Partidos contra vecino 0
Resultado 13
57482.5
Yo soy: 
40 14 32 43 25 -56 44 60 82 82 78 58 41 -72 43 92 97 8 El mejor fue: 0
40 14 32 63 25 -56 44 60 82 82 78 58 41 -72 43 92 97 8 Generación 16
arranca 
Jugando Partidos contra vecino 0
Resultado 5
54131.4
Jugando Partidos contra vecino 1
Resultado 11
62055.8
Yo soy: 
40 14 32 63 25 -56 44 60 82 82 78 58 41 -72 43 92 97 8 El mejor fue: 1
40 14 32 63 25 -56 44 60 42 82 78 58 41 -72 43 92 97 8 Generación 15
arranca 
Jugando Partidos contra vecino 0
Resultado 13
53235.2
Yo soy: 
40 14 32 63 25 -56 44 60 42 82 78 58 41 -72 43 92 97 8 El mejor fue: 0
20 14 32 63 25 -56 44 60 42 82 78 58 41 -72 43 92 97 8 Generación 14
arranca 
Jugando Partidos contra vecino 0
Resultado 11
63630.9
Yo soy: 
20 14 32 63 25 -56 44 60 42 82 78 58 41 -72 43 92 97 8 El mejor fue: 0
20 14 32 63 25 -56 44 60 42 82 78 58 41 -72 63 92 97 8 Generación 13
arranca 
Jugando Partidos contra vecino 0
Resultado 11
51808
Yo soy: 
20 14 32 63 25 -56 44 60 42 82 78 58 41 -72 63 92 97 8 El mejor fue: 0
20 14 32 63 25 -56 44 40 42 82 78 58 41 -72 63 92 97 8 Generación 12
arranca 
Jugando Partidos contra vecino 0
Resultado 13
68584.7
Yo soy: 
20 14 32 63 25 -56 44 40 42 82 78 58 41 -72 63 92 97 8 El mejor fue: 0
20 14 32 63 25 -56 44 40 42 82 78 58 41 -92 63 92 97 8 Generación 11
arranca 
Jugando Partidos contra vecino 0
Resultado 5
68943.8
Jugando Partidos contra vecino 1
Resultado 9
70504
Jugando Partidos contra vecino 2
Resultado 7
76395.8
Jugando Partidos contra vecino 3
Resultado 13
67289.9
Yo soy: 
20 14 32 63 25 -56 44 40 42 82 78 58 41 -92 63 92 97 8 El mejor fue: 3
20 14 32 63 25 -56 44 40 42 82 78 38 41 -92 63 92 97 8 Generación 10
arranca 
Jugando Partidos contra vecino 0
Resultado 15
51858.3
Yo soy: 
20 14 32 63 25 -56 44 40 42 82 78 38 41 -92 63 92 97 8 El mejor fue: 0
20 14 32 63 25 -56 44 40 42 82 78 38 41 -92 63 92 77 8 Generación 9
arranca 
Jugando Partidos contra vecino 0
Resultado 13
63049.6
Yo soy: 
20 14 32 63 25 -56 44 40 42 82 78 38 41 -92 63 92 77 8 El mejor fue: 0
20 14 32 63 25 -56 44 40 42 82 78 38 41 -92 63 92 77 28 Generación 8
arranca 
Jugando Partidos contra vecino 0
Resultado 15
62803.8
Yo soy: 
20 14 32 63 25 -56 44 40 42 82 78 38 41 -92 63 92 77 28 El mejor fue: 0
20 14 32 63 25 -56 44 40 42 82 78 38 41 -92 63 92 77 8 Generación 7
arranca 
Jugando Partidos contra vecino 0
Resultado 15
59604.3
Yo soy: 
20 14 32 63 25 -56 44 40 42 82 78 38 41 -92 63 92 77 8 El mejor fue: 0
20 14 32 43 25 -56 44 40 42 82 78 38 41 -92 63 92 77 8 Generación 6
arranca 
Jugando Partidos contra vecino 0
Resultado 13
72651.8
Yo soy: 
20 14 32 43 25 -56 44 40 42 82 78 38 41 -92 63 92 77 8 El mejor fue: 0
20 14 52 43 25 -56 44 40 42 82 78 38 41 -92 63 92 77 8 Generación 5
arranca 
Jugando Partidos contra vecino 0
Resultado 13
62566.1
Yo soy: 
20 14 52 43 25 -56 44 40 42 82 78 38 41 -92 63 92 77 8 El mejor fue: 0
20 14 52 43 25 -56 44 40 42 82 78 38 41 -52 63 92 77 8 Generación 4
arranca 
Jugando Partidos contra vecino 0
Resultado 11
57068.6
Yo soy: 
20 14 52 43 25 -56 44 40 42 82 78 38 41 -52 63 92 77 8 El mejor fue: 0
20 14 52 43 25 -56 44 40 42 82 78 38 61 -52 63 92 77 8 Generación 3
arranca 
Jugando Partidos contra vecino 0
Resultado 13
65458
Yo soy: 
20 14 52 43 25 -56 44 40 42 82 78 38 61 -52 63 92 77 8 El mejor fue: 0
20 14 52 43 25 -56 44 40 42 82 78 38 81 -52 63 92 77 8 Generación 2
arranca 
Jugando Partidos contra vecino 0
Resultado 15
60119.9
Yo soy: 
20 14 52 43 25 -56 44 40 42 82 78 38 81 -52 63 92 77 8 El mejor fue: 0
20 14 52 43 25 -56 44 40 42 82 78 58 81 -52 63 92 77 8 Generación 1
arranca 
Jugando Partidos contra vecino 0
Resultado 13
56287.6
Yo soy: 
20 14 52 43 25 -56 44 40 42 82 78 58 81 -52 63 92 77 8 El mejor fue: 0
20 14 52 43 25 -56 44 40 42 82 78 58 81 -52 63 92 97 8 Generación 0
1.85021e+07
